
########################################################
Dhrystone 2 using register variables -- 1 copy
==> "/mnt/host0/unixbench/UnixBench/pgms/dhry2reg" 10 2>&1 >> "/mnt/host0/unixbench/UnixBench/results/uarf-2025-06-03-02.log"

#### Pass 1


# COUNT0: 696360402
# COUNT1: 1
# COUNT2: lps
# elapsed: 10.002433
# pid: 2085016
# status: 0

#### Pass 2


# COUNT0: 696454856
# COUNT1: 1
# COUNT2: lps
# elapsed: 10.002464
# pid: 2085025
# status: 0

#### Pass 3


# COUNT0: 692422103
# COUNT1: 1
# COUNT2: lps
# elapsed: 10.002309
# pid: 2085034
# status: 0

#### Pass 4


# COUNT0: 696368496
# COUNT1: 1
# COUNT2: lps
# elapsed: 10.002435
# pid: 2085043
# status: 0

#### Pass 5


# COUNT0: 694557949
# COUNT1: 1
# COUNT2: lps
# elapsed: 10.002505
# pid: 2085052
# status: 0

#### Pass 6


# COUNT0: 688640363
# COUNT1: 1
# COUNT2: lps
# elapsed: 10.002512
# pid: 2085061
# status: 0

#### Pass 7


# COUNT0: 693211036
# COUNT1: 1
# COUNT2: lps
# elapsed: 10.002390
# pid: 2085070
# status: 0

#### Pass 8


# COUNT0: 696694353
# COUNT1: 1
# COUNT2: lps
# elapsed: 10.002438
# pid: 2085079
# status: 0

#### Pass 9


# COUNT0: 691988416
# COUNT1: 1
# COUNT2: lps
# elapsed: 10.002328
# pid: 2085088
# status: 0

#### Pass 10


# COUNT0: 684928531
# COUNT1: 1
# COUNT2: lps
# elapsed: 10.002453
# pid: 2085097
# status: 0

*Dump score:  684928531.0
*Dump score:  688640363.0
*Dump score:  691988416.0
Count score:  692422103.0
Count score:  693211036.0
Count score:  694557949.0
Count score:  696360402.0
Count score:  696368496.0
Count score:  696454856.0
Count score:  696694353.0

>>>> Results of 1 copy
>>>> score: 69498230.6988891
>>>> time: 10.0024248571429
>>>> iterations: 7


########################################################
Double-Precision Whetstone -- 1 copy
==> "/mnt/host0/unixbench/UnixBench/pgms/whetstone-double"  2>&1 >> "/mnt/host0/unixbench/UnixBench/results/uarf-2025-06-03-02.log"

#### Pass 1

Calibrate
       0.00 Seconds          1   Passes (x 100)
       0.01 Seconds          5   Passes (x 100)
       0.03 Seconds         25   Passes (x 100)
       0.13 Seconds        125   Passes (x 100)
       0.63 Seconds        625   Passes (x 100)

Use 9866  passes (x 100)

          Double Precision C/C++ Whetstone Benchmark

Loop content                  Result              MFLOPS      MOPS   Seconds

N1 floating point     -1.12398255667392033      2222.281              0.085
N2 floating point     -1.12187079889294417      2799.918              0.474
N3 if then else        1.00000000000000000               12532.122    0.081
N4 fixed point        12.00000000000000000               68392253419.722    0.000
N5 sin,cos etc.        0.49902937281518261                 241.230    3.403
N6 floating point      0.99999987890802811      1337.289              3.979
N7 assignments         3.00000000000000000                8911.492    0.205
N8 exp,sqrt etc.       0.75100163018453958                 214.540    1.711

MWIPS                                           9927.693              9.938


# COUNT0: 9927.693
# COUNT1: 0
# COUNT2: MWIPS
# TIME: 9.938
# elapsed: 11.561363
# pid: 2085106
# status: 0

#### Pass 2

Calibrate
       0.00 Seconds          1   Passes (x 100)
       0.01 Seconds          5   Passes (x 100)
       0.03 Seconds         25   Passes (x 100)
       0.13 Seconds        125   Passes (x 100)
       0.63 Seconds        625   Passes (x 100)

Use 9860  passes (x 100)

          Double Precision C/C++ Whetstone Benchmark

Loop content                  Result              MFLOPS      MOPS   Seconds

N1 floating point     -1.12398255667392033      2223.136              0.085
N2 floating point     -1.12187079889294417      2800.107              0.473
N3 if then else        1.00000000000000000               12527.284    0.081
N4 fixed point        12.00000000000000000                   0.000   -0.000
N5 sin,cos etc.        0.49902937281518261                 241.198    3.401
N6 floating point      0.99999987890802811      1337.260              3.977
N7 assignments         3.00000000000000000                8909.507    0.205
N8 exp,sqrt etc.       0.75100163018453958                 214.522    1.710

MWIPS                                           9926.997              9.933


# COUNT0: 9926.997
# COUNT1: 0
# COUNT2: MWIPS
# TIME: 9.933
# elapsed: 11.555446
# pid: 2085115
# status: 0

#### Pass 3

Calibrate
       0.00 Seconds          1   Passes (x 100)
       0.01 Seconds          5   Passes (x 100)
       0.03 Seconds         25   Passes (x 100)
       0.13 Seconds        125   Passes (x 100)
       0.63 Seconds        625   Passes (x 100)

Use 9853  passes (x 100)

          Double Precision C/C++ Whetstone Benchmark

Loop content                  Result              MFLOPS      MOPS   Seconds

N1 floating point     -1.12398255667392033      2220.678              0.085
N2 floating point     -1.12187079889294417      2797.374              0.473
N3 if then else        1.00000000000000000               12521.327    0.081
N4 fixed point        12.00000000000000000               41715291693.840    0.000
N5 sin,cos etc.        0.49902937281518261                 241.364    3.396
N6 floating point      0.99999987890802811      1338.280              3.971
N7 assignments         3.00000000000000000                8912.422    0.204
N8 exp,sqrt etc.       0.75100163018453958                 214.519    1.709

MWIPS                                           9931.813              9.921


# COUNT0: 9931.813
# COUNT1: 0
# COUNT2: MWIPS
# TIME: 9.921
# elapsed: 11.544417
# pid: 2085124
# status: 0

#### Pass 4

Calibrate
       0.00 Seconds          1   Passes (x 100)
       0.01 Seconds          5   Passes (x 100)
       0.03 Seconds         25   Passes (x 100)
       0.13 Seconds        125   Passes (x 100)
       0.63 Seconds        625   Passes (x 100)

Use 9860  passes (x 100)

          Double Precision C/C++ Whetstone Benchmark

Loop content                  Result              MFLOPS      MOPS   Seconds

N1 floating point     -1.12398255667392033      2222.909              0.085
N2 floating point     -1.12187079889294417      2800.089              0.473
N3 if then else        1.00000000000000000               12535.123    0.081
N4 fixed point        12.00000000000000000                   0.000   -0.000
N5 sin,cos etc.        0.49902937281518261                 241.464    3.397
N6 floating point      0.99999987890802811      1338.558              3.973
N7 assignments         3.00000000000000000                8918.802    0.204
N8 exp,sqrt etc.       0.75100163018453958                 214.669    1.709

MWIPS                                           9936.021              9.923


# COUNT0: 9936.021
# COUNT1: 0
# COUNT2: MWIPS
# TIME: 9.923
# elapsed: 11.546535
# pid: 2085133
# status: 0

#### Pass 5

Calibrate
       0.00 Seconds          1   Passes (x 100)
       0.01 Seconds          5   Passes (x 100)
       0.03 Seconds         25   Passes (x 100)
       0.13 Seconds        125   Passes (x 100)
       0.63 Seconds        625   Passes (x 100)

Use 9858  passes (x 100)

          Double Precision C/C++ Whetstone Benchmark

Loop content                  Result              MFLOPS      MOPS   Seconds

N1 floating point     -1.12398255667392033      2220.463              0.085
N2 floating point     -1.12187079889294417      2794.856              0.474
N3 if then else        1.00000000000000000               12520.896    0.081
N4 fixed point        12.00000000000000000                   0.000   -0.000
N5 sin,cos etc.        0.49902937281518261                 241.337    3.399
N6 floating point      0.99999987890802811      1337.221              3.976
N7 assignments         3.00000000000000000                8912.490    0.204
N8 exp,sqrt etc.       0.75100163018453958                 214.612    1.709

MWIPS                                           9928.586              9.929


# COUNT0: 9928.586
# COUNT1: 0
# COUNT2: MWIPS
# TIME: 9.929
# elapsed: 11.553317
# pid: 2085142
# status: 0

#### Pass 6

Calibrate
       0.00 Seconds          1   Passes (x 100)
       0.01 Seconds          5   Passes (x 100)
       0.03 Seconds         25   Passes (x 100)
       0.13 Seconds        125   Passes (x 100)
       0.63 Seconds        625   Passes (x 100)

Use 9860  passes (x 100)

          Double Precision C/C++ Whetstone Benchmark

Loop content                  Result              MFLOPS      MOPS   Seconds

N1 floating point     -1.12398255667392033      2220.736              0.085
N2 floating point     -1.12187079889294417      2795.281              0.474
N3 if then else        1.00000000000000000               12527.281    0.081
N4 fixed point        12.00000000000000000                   0.000   -0.000
N5 sin,cos etc.        0.49902937281518261                 241.313    3.400
N6 floating point      0.99999987890802811      1338.438              3.974
N7 assignments         3.00000000000000000                8920.941    0.204
N8 exp,sqrt etc.       0.75100163018453958                 214.705    1.708

MWIPS                                           9932.930              9.927


# COUNT0: 9932.930
# COUNT1: 0
# COUNT2: MWIPS
# TIME: 9.927
# elapsed: 11.550690
# pid: 2085151
# status: 0

#### Pass 7

Calibrate
       0.00 Seconds          1   Passes (x 100)
       0.01 Seconds          5   Passes (x 100)
       0.03 Seconds         25   Passes (x 100)
       0.13 Seconds        125   Passes (x 100)
       0.63 Seconds        625   Passes (x 100)

Use 9857  passes (x 100)

          Double Precision C/C++ Whetstone Benchmark

Loop content                  Result              MFLOPS      MOPS   Seconds

N1 floating point     -1.12398255667392033      2219.493              0.085
N2 floating point     -1.12187079889294417      2796.949              0.474
N3 if then else        1.00000000000000000               12525.915    0.081
N4 fixed point        12.00000000000000000               56367402501.272    0.000
N5 sin,cos etc.        0.49902937281518261                 241.267    3.399
N6 floating point      0.99999987890802811      1337.240              3.976
N7 assignments         3.00000000000000000                8911.935    0.204
N8 exp,sqrt etc.       0.75100163018453958                 214.569    1.709

MWIPS                                           9927.651              9.929


# COUNT0: 9927.651
# COUNT1: 0
# COUNT2: MWIPS
# TIME: 9.929
# elapsed: 11.553329
# pid: 2085160
# status: 0

#### Pass 8

Calibrate
       0.00 Seconds          1   Passes (x 100)
       0.01 Seconds          5   Passes (x 100)
       0.03 Seconds         25   Passes (x 100)
       0.13 Seconds        125   Passes (x 100)
       0.63 Seconds        625   Passes (x 100)

Use 9866  passes (x 100)

          Double Precision C/C++ Whetstone Benchmark

Loop content                  Result              MFLOPS      MOPS   Seconds

N1 floating point     -1.12398255667392033      2222.061              0.085
N2 floating point     -1.12187079889294417      2799.935              0.474
N3 if then else        1.00000000000000000               12534.289    0.081
N4 fixed point        12.00000000000000000                   0.000   -0.000
N5 sin,cos etc.        0.49902937281518261                 241.385    3.401
N6 floating point      0.99999987890802811      1338.294              3.976
N7 assignments         3.00000000000000000                8917.549    0.204
N8 exp,sqrt etc.       0.75100163018453958                 214.791    1.709

MWIPS                                           9935.000              9.931


# COUNT0: 9935.000
# COUNT1: 0
# COUNT2: MWIPS
# TIME: 9.931
# elapsed: 11.553888
# pid: 2085169
# status: 0

#### Pass 9

Calibrate
       0.00 Seconds          1   Passes (x 100)
       0.01 Seconds          5   Passes (x 100)
       0.03 Seconds         25   Passes (x 100)
       0.13 Seconds        125   Passes (x 100)
       0.63 Seconds        625   Passes (x 100)

Use 9857  passes (x 100)

          Double Precision C/C++ Whetstone Benchmark

Loop content                  Result              MFLOPS      MOPS   Seconds

N1 floating point     -1.12398255667392033      2219.714              0.085
N2 floating point     -1.12187079889294417      2797.458              0.474
N3 if then else        1.00000000000000000               12524.859    0.081
N4 fixed point        12.00000000000000000               26437095360.717    0.000
N5 sin,cos etc.        0.49902937281518261                 241.154    3.401
N6 floating point      0.99999987890802811      1337.630              3.975
N7 assignments         3.00000000000000000                8917.566    0.204
N8 exp,sqrt etc.       0.75100163018453958                 214.722    1.708

MWIPS                                           9928.664              9.928


# COUNT0: 9928.664
# COUNT1: 0
# COUNT2: MWIPS
# TIME: 9.928
# elapsed: 11.552136
# pid: 2085178
# status: 0

#### Pass 10

Calibrate
       0.00 Seconds          1   Passes (x 100)
       0.01 Seconds          5   Passes (x 100)
       0.03 Seconds         25   Passes (x 100)
       0.13 Seconds        125   Passes (x 100)
       0.63 Seconds        625   Passes (x 100)

Use 9861  passes (x 100)

          Double Precision C/C++ Whetstone Benchmark

Loop content                  Result              MFLOPS      MOPS   Seconds

N1 floating point     -1.12398255667392033      2219.506              0.085
N2 floating point     -1.12187079889294417      2799.516              0.473
N3 if then else        1.00000000000000000               12530.540    0.081
N4 fixed point        12.00000000000000000               82852625328.066    0.000
N5 sin,cos etc.        0.49902937281518261                 241.366    3.399
N6 floating point      0.99999987890802811      1337.239              3.978
N7 assignments         3.00000000000000000                8911.325    0.204
N8 exp,sqrt etc.       0.75100163018453958                 214.532    1.710

MWIPS                                           9929.197              9.931


# COUNT0: 9929.197
# COUNT1: 0
# COUNT2: MWIPS
# TIME: 9.931
# elapsed: 11.555720
# pid: 2085188
# status: 0

*Dump score:       9927.0
*Dump score:       9927.7
*Dump score:       9927.7
Count score:       9928.6
Count score:       9928.7
Count score:       9929.2
Count score:       9931.8
Count score:       9932.9
Count score:       9935.0
Count score:       9936.0

>>>> Results of 1 copy
>>>> score: 9931.74402402656
>>>> time: 9.92714285714286
>>>> iterations: 7


########################################################
Execl Throughput -- 1 copy
==> "/mnt/host0/unixbench/UnixBench/pgms/execl" 30 2>&1 >> "/mnt/host0/unixbench/UnixBench/results/uarf-2025-06-03-02.log"

#### Pass 1


# COUNT0: 57977
# COUNT1: 1
# COUNT2: lps
# elapsed: 29.576502
# pid: 2085197
# status: 0

#### Pass 2


# COUNT0: 56108
# COUNT1: 1
# COUNT2: lps
# elapsed: 29.986548
# pid: 2085207
# status: 0

#### Pass 3


# COUNT0: 56536
# COUNT1: 1
# COUNT2: lps
# elapsed: 29.991019
# pid: 2085216
# status: 0

*Dump score:      56108.0
Count score:      56536.0
Count score:      57977.0

>>>> Results of 1 copy
>>>> score: 1922.30100644147
>>>> time: 29.7837605
>>>> iterations: 2


########################################################
File Copy 1024 bufsize 2000 maxblocks -- 1 copy
==> "/mnt/host0/unixbench/UnixBench/pgms/fstime" -c -t 30 -d "/mnt/host0/unixbench/UnixBench/tmp" -b 1024 -m 2000 2>&1 >> "/mnt/host0/unixbench/UnixBench/results/uarf-2025-06-03-02.log"

#### Pass 1

Write done: 232000 in 2.0518, score 28267
Read done: 205940 in 2.0000, score 25742
Copy done: 1607856 in 30.0001, score 13398

# COUNT0: 13398
# COUNT1: 0
# COUNT2: KBps
# TIME: 30.0
# elapsed: 45.059780
# pid: 2085225
# status: 0

#### Pass 2

Write done: 240000 in 2.0557, score 29187
Read done: 205840 in 2.0000, score 25729
Copy done: 1583152 in 30.0000, score 13192

# COUNT0: 13192
# COUNT1: 0
# COUNT2: KBps
# TIME: 30.0
# elapsed: 45.064097
# pid: 2085234
# status: 0

#### Pass 3

Write done: 232000 in 2.0626, score 28119
Read done: 206636 in 2.0000, score 25828
Copy done: 1565472 in 30.0001, score 13045

# COUNT0: 13045
# COUNT1: 0
# COUNT2: KBps
# TIME: 30.0
# elapsed: 45.071393
# pid: 2085243
# status: 0

*Dump score:      13045.0
Count score:      13192.0
Count score:      13398.0

>>>> Results of 1 copy
>>>> score: 13294.6010094324
>>>> time: 30
>>>> iterations: 2


########################################################
File Copy 256 bufsize 500 maxblocks -- 1 copy
==> "/mnt/host0/unixbench/UnixBench/pgms/fstime" -c -t 30 -d "/mnt/host0/unixbench/UnixBench/tmp" -b 256 -m 500 2>&1 >> "/mnt/host0/unixbench/UnixBench/results/uarf-2025-06-03-02.log"

#### Pass 1

Write done: 52000 in 2.0057, score 6481
Read done: 53056 in 2.0000, score 6631
Copy done: 384671 in 30.0001, score 3205

# COUNT0: 3205
# COUNT1: 0
# COUNT2: KBps
# TIME: 30.0
# elapsed: 45.014250
# pid: 2085252
# status: 0

#### Pass 2

Write done: 62000 in 2.0667, score 7499
Read done: 52135 in 2.0000, score 6516
Copy done: 393725 in 30.0001, score 3281

# COUNT0: 3281
# COUNT1: 0
# COUNT2: KBps
# TIME: 30.0
# elapsed: 45.075000
# pid: 2085261
# status: 0

#### Pass 3

Write done: 74000 in 2.0590, score 8984
Read done: 55560 in 2.0000, score 6944
Copy done: 390830 in 30.0000, score 3256

# COUNT0: 3256
# COUNT1: 0
# COUNT2: KBps
# TIME: 30.0
# elapsed: 45.067111
# pid: 2085271
# status: 0

*Dump score:       3205.0
Count score:       3256.0
Count score:       3281.0

>>>> Results of 1 copy
>>>> score: 3268.47609751089
>>>> time: 30
>>>> iterations: 2


########################################################
File Copy 4096 bufsize 8000 maxblocks -- 1 copy
==> "/mnt/host0/unixbench/UnixBench/pgms/fstime" -c -t 30 -d "/mnt/host0/unixbench/UnixBench/tmp" -b 4096 -m 8000 2>&1 >> "/mnt/host0/unixbench/UnixBench/results/uarf-2025-06-03-02.log"

#### Pass 1

Write done: 960000 in 2.0242, score 118563
Read done: 822832 in 2.0000, score 102852
Copy done: 6085216 in 30.0001, score 50710

# COUNT0: 50710
# COUNT1: 0
# COUNT2: KBps
# TIME: 30.0
# elapsed: 45.034026
# pid: 2085283
# status: 0

#### Pass 2

Write done: 928000 in 2.0217, score 114754
Read done: 821968 in 2.0000, score 102745
Copy done: 6270096 in 30.0000, score 52250

# COUNT0: 52250
# COUNT1: 0
# COUNT2: KBps
# TIME: 30.0
# elapsed: 45.031583
# pid: 2085292
# status: 0

#### Pass 3

Write done: 960000 in 2.0066, score 119603
Read done: 817616 in 2.0000, score 102199
Copy done: 6145952 in 30.0001, score 51216

# COUNT0: 51216
# COUNT1: 0
# COUNT2: KBps
# TIME: 30.0
# elapsed: 45.016457
# pid: 2085301
# status: 0

*Dump score:      50710.0
Count score:      51216.0
Count score:      52250.0

>>>> Results of 1 copy
>>>> score: 51730.4165844428
>>>> time: 30
>>>> iterations: 2


########################################################
Pipe Throughput -- 1 copy
==> "/mnt/host0/unixbench/UnixBench/pgms/pipe" 10 2>&1 >> "/mnt/host0/unixbench/UnixBench/results/uarf-2025-06-03-02.log"

#### Pass 1


# COUNT0: 35448182
# COUNT1: 1
# COUNT2: lps
# elapsed: 10.002311
# pid: 2085310
# status: 0

#### Pass 2


# COUNT0: 35549473
# COUNT1: 1
# COUNT2: lps
# elapsed: 10.002258
# pid: 2085319
# status: 0

#### Pass 3


# COUNT0: 35500213
# COUNT1: 1
# COUNT2: lps
# elapsed: 10.002441
# pid: 2085328
# status: 0

#### Pass 4


# COUNT0: 35558408
# COUNT1: 1
# COUNT2: lps
# elapsed: 10.002395
# pid: 2085337
# status: 0

#### Pass 5


# COUNT0: 35258365
# COUNT1: 1
# COUNT2: lps
# elapsed: 10.002376
# pid: 2085346
# status: 0

#### Pass 6


# COUNT0: 35464351
# COUNT1: 1
# COUNT2: lps
# elapsed: 10.002303
# pid: 2085355
# status: 0

#### Pass 7


# COUNT0: 35736189
# COUNT1: 1
# COUNT2: lps
# elapsed: 10.002420
# pid: 2085364
# status: 0

#### Pass 8


# COUNT0: 35390002
# COUNT1: 1
# COUNT2: lps
# elapsed: 10.002348
# pid: 2085373
# status: 0

#### Pass 9


# COUNT0: 35551062
# COUNT1: 1
# COUNT2: lps
# elapsed: 10.002367
# pid: 2085383
# status: 0

#### Pass 10


# COUNT0: 35794224
# COUNT1: 1
# COUNT2: lps
# elapsed: 10.002444
# pid: 2085392
# status: 0

*Dump score:   35258365.0
*Dump score:   35390002.0
*Dump score:   35448182.0
Count score:   35464351.0
Count score:   35500213.0
Count score:   35549473.0
Count score:   35551062.0
Count score:   35558408.0
Count score:   35736189.0
Count score:   35794224.0

>>>> Results of 1 copy
>>>> score: 3558478.19022872
>>>> time: 10.0023754285714
>>>> iterations: 7


########################################################
Pipe-based Context Switching -- 1 copy
==> "/mnt/host0/unixbench/UnixBench/pgms/context1" 10 2>&1 >> "/mnt/host0/unixbench/UnixBench/results/uarf-2025-06-03-02.log"

#### Pass 1


# COUNT0: 467092
# COUNT1: 1
# COUNT2: lps
# elapsed: 10.002322
# pid: 2085402
# status: 0

#### Pass 2


# COUNT0: 470581
# COUNT1: 1
# COUNT2: lps
# elapsed: 10.002208
# pid: 2085412
# status: 0

#### Pass 3


# COUNT0: 477423
# COUNT1: 1
# COUNT2: lps
# elapsed: 10.002169
# pid: 2085422
# status: 0

#### Pass 4


# COUNT0: 473010
# COUNT1: 1
# COUNT2: lps
# elapsed: 10.002193
# pid: 2085432
# status: 0

#### Pass 5


# COUNT0: 471640
# COUNT1: 1
# COUNT2: lps
# elapsed: 10.002331
# pid: 2085442
# status: 0

#### Pass 6


# COUNT0: 470840
# COUNT1: 1
# COUNT2: lps
# elapsed: 10.002181
# pid: 2085452
# status: 0

#### Pass 7


# COUNT0: 487033
# COUNT1: 1
# COUNT2: lps
# elapsed: 10.002247
# pid: 2085462
# status: 0

#### Pass 8


# COUNT0: 467469
# COUNT1: 1
# COUNT2: lps
# elapsed: 10.002208
# pid: 2085472
# status: 0

#### Pass 9


# COUNT0: 472276
# COUNT1: 1
# COUNT2: lps
# elapsed: 10.002133
# pid: 2085482
# status: 0

#### Pass 10


# COUNT0: 477422
# COUNT1: 1
# COUNT2: lps
# elapsed: 10.002236
# pid: 2085492
# status: 0

*Dump score:     467092.0
*Dump score:     467469.0
*Dump score:     470581.0
Count score:     470840.0
Count score:     471640.0
Count score:     472276.0
Count score:     473010.0
Count score:     477422.0
Count score:     477423.0
Count score:     487033.0

>>>> Results of 1 copy
>>>> score: 47552.9412144906
>>>> time: 10.0022128571429
>>>> iterations: 7


########################################################
Process Creation -- 1 copy
==> "/mnt/host0/unixbench/UnixBench/pgms/spawn" 30 2>&1 >> "/mnt/host0/unixbench/UnixBench/results/uarf-2025-06-03-02.log"

#### Pass 1


# COUNT0: 557969
# COUNT1: 1
# COUNT2: lps
# elapsed: 30.002432
# pid: 2085502
# status: 0

#### Pass 2


# COUNT0: 552425
# COUNT1: 1
# COUNT2: lps
# elapsed: 30.002442
# pid: 2643481
# status: 0

#### Pass 3


# COUNT0: 556033
# COUNT1: 1
# COUNT2: lps
# elapsed: 30.002407
# pid: 3195916
# status: 0

*Dump score:     552425.0
Count score:     556033.0
Count score:     557969.0

>>>> Results of 1 copy
>>>> score: 18565.1746808711
>>>> time: 30.0024195
>>>> iterations: 2


########################################################
System Call Overhead -- 1 copy
==> "/mnt/host0/unixbench/UnixBench/pgms/syscall" 10 2>&1 >> "/mnt/host0/unixbench/UnixBench/results/uarf-2025-06-03-02.log"

#### Pass 1


# COUNT0: 39692493
# COUNT1: 1
# COUNT2: lps
# elapsed: 10.002330
# pid: 3751959
# status: 0

#### Pass 2


# COUNT0: 39657134
# COUNT1: 1
# COUNT2: lps
# elapsed: 10.002287
# pid: 3751968
# status: 0

#### Pass 3


# COUNT0: 39689873
# COUNT1: 1
# COUNT2: lps
# elapsed: 10.002247
# pid: 3751977
# status: 0

#### Pass 4


# COUNT0: 39763370
# COUNT1: 1
# COUNT2: lps
# elapsed: 10.002366
# pid: 3751986
# status: 0

#### Pass 5


# COUNT0: 39698310
# COUNT1: 1
# COUNT2: lps
# elapsed: 10.002397
# pid: 3751995
# status: 0

#### Pass 6


# COUNT0: 39790231
# COUNT1: 1
# COUNT2: lps
# elapsed: 10.002299
# pid: 3752004
# status: 0

#### Pass 7


# COUNT0: 39773381
# COUNT1: 1
# COUNT2: lps
# elapsed: 10.002414
# pid: 3752014
# status: 0

#### Pass 8


# COUNT0: 39694000
# COUNT1: 1
# COUNT2: lps
# elapsed: 10.002269
# pid: 3752023
# status: 0

#### Pass 9


# COUNT0: 39677625
# COUNT1: 1
# COUNT2: lps
# elapsed: 10.002428
# pid: 3752032
# status: 0

#### Pass 10


# COUNT0: 39731819
# COUNT1: 1
# COUNT2: lps
# elapsed: 10.002400
# pid: 3752041
# status: 0

*Dump score:   39657134.0
*Dump score:   39677625.0
*Dump score:   39689873.0
Count score:   39692493.0
Count score:   39694000.0
Count score:   39698310.0
Count score:   39731819.0
Count score:   39763370.0
Count score:   39773381.0
Count score:   39790231.0

>>>> Results of 1 copy
>>>> score: 3972543.26234083
>>>> time: 10.0023535714286
>>>> iterations: 7


########################################################
Shell Scripts (1 concurrent) -- 1 copy
==> "/mnt/host0/unixbench/UnixBench/pgms/looper" 60 "/mnt/host0/unixbench/UnixBench/pgms/multi.sh" 1 2>&1 >> "/mnt/host0/unixbench/UnixBench/results/uarf-2025-06-03-02.log"

#### Pass 1


# COUNT0: 5035
# COUNT1: 60
# COUNT2: lpm
# elapsed: 60.002741
# pid: 3752050
# status: 0

#### Pass 2


# COUNT0: 5029
# COUNT1: 60
# COUNT2: lpm
# elapsed: 60.002544
# pid: 3797383
# status: 0

#### Pass 3


# COUNT0: 5036
# COUNT1: 60
# COUNT2: lpm
# elapsed: 60.012857
# pid: 3842662
# status: 0

*Dump score:       5029.0
Count score:       5035.0
Count score:       5036.0

>>>> Results of 1 copy
>>>> score: 5034.84554705694
>>>> time: 60.007799
>>>> iterations: 2


########################################################
Shell Scripts (8 concurrent) -- 1 copy
==> "/mnt/host0/unixbench/UnixBench/pgms/looper" 60 "/mnt/host0/unixbench/UnixBench/pgms/multi.sh" 8 2>&1 >> "/mnt/host0/unixbench/UnixBench/results/uarf-2025-06-03-02.log"

#### Pass 1


# COUNT0: 1037
# COUNT1: 60
# COUNT2: lpm
# elapsed: 60.051661
# pid: 3888004
# status: 0

#### Pass 2


# COUNT0: 1038
# COUNT1: 60
# COUNT2: lpm
# elapsed: 60.062919
# pid: 3955483
# status: 0

#### Pass 3


# COUNT0: 1038
# COUNT1: 60
# COUNT2: lpm
# elapsed: 60.038904
# pid: 4023028
# status: 0

*Dump score:       1037.0
Count score:       1038.0
Count score:       1038.0

>>>> Results of 1 copy
>>>> score: 1037.119998504
>>>> time: 60.0509115
>>>> iterations: 2


########################################################
Dhrystone 2 using register variables -- 2 copies
==> "/mnt/host0/unixbench/UnixBench/pgms/dhry2reg" 10 2>&1 >> "/mnt/host0/unixbench/UnixBench/results/uarf-2025-06-03-02.log"

#### Pass 1


# COUNT0: 481749168
# COUNT1: 1
# COUNT2: lps
# elapsed: 10.003633
# pid: 4090572
# status: 0

# COUNT0: 481609002
# COUNT1: 1
# COUNT2: lps
# elapsed: 10.002739
# pid: 4090574
# status: 0

#### Pass 2


# COUNT0: 478134658
# COUNT1: 1
# COUNT2: lps
# elapsed: 10.002925
# pid: 4090584
# status: 0

# COUNT0: 478692452
# COUNT1: 1
# COUNT2: lps
# elapsed: 10.002623
# pid: 4090586
# status: 0

#### Pass 3


# COUNT0: 481946707
# COUNT1: 1
# COUNT2: lps
# elapsed: 10.003208
# pid: 4090596
# status: 0

# COUNT0: 482333579
# COUNT1: 1
# COUNT2: lps
# elapsed: 10.002876
# pid: 4090598
# status: 0

#### Pass 4


# COUNT0: 480972405
# COUNT1: 1
# COUNT2: lps
# elapsed: 10.002915
# pid: 4090608
# status: 0

# COUNT0: 481780011
# COUNT1: 1
# COUNT2: lps
# elapsed: 10.002823
# pid: 4090610
# status: 0

#### Pass 5


# COUNT0: 479569915
# COUNT1: 1
# COUNT2: lps
# elapsed: 10.002985
# pid: 4090620
# status: 0

# COUNT0: 479276611
# COUNT1: 1
# COUNT2: lps
# elapsed: 10.002848
# pid: 4090622
# status: 0

#### Pass 6


# COUNT0: 480074984
# COUNT1: 1
# COUNT2: lps
# elapsed: 10.002862
# pid: 4090632
# status: 0

# COUNT0: 479765621
# COUNT1: 1
# COUNT2: lps
# elapsed: 10.002742
# pid: 4090634
# status: 0

#### Pass 7


# COUNT0: 479915920
# COUNT1: 1
# COUNT2: lps
# elapsed: 10.002968
# pid: 4090644
# status: 0

# COUNT0: 479420171
# COUNT1: 1
# COUNT2: lps
# elapsed: 10.002677
# pid: 4090645
# status: 0

#### Pass 8


# COUNT0: 482044170
# COUNT1: 1
# COUNT2: lps
# elapsed: 10.003127
# pid: 4090656
# status: 0

# COUNT0: 481344491
# COUNT1: 1
# COUNT2: lps
# elapsed: 10.002846
# pid: 4090658
# status: 0

#### Pass 9


# COUNT0: 481915507
# COUNT1: 1
# COUNT2: lps
# elapsed: 10.003101
# pid: 4090668
# status: 0

# COUNT0: 482538715
# COUNT1: 1
# COUNT2: lps
# elapsed: 10.002829
# pid: 4090669
# status: 0

#### Pass 10


# COUNT0: 482468081
# COUNT1: 1
# COUNT2: lps
# elapsed: 10.003222
# pid: 4090680
# status: 0

# COUNT0: 482235906
# COUNT1: 1
# COUNT2: lps
# elapsed: 10.002929
# pid: 4090682
# status: 0

*Dump score:  956827110.0
*Dump score:  958846526.0
*Dump score:  959336091.0
Count score:  959840605.0
Count score:  962752416.0
Count score:  963358170.0
Count score:  963388661.0
Count score:  964280286.0
Count score:  964454222.0
Count score:  964703987.0

>>>> Sum of 2 copies
>>>> score: 96296495.0779444
>>>> time: 10.0029894285714
>>>> iterations: 7


########################################################
Double-Precision Whetstone -- 2 copies
==> "/mnt/host0/unixbench/UnixBench/pgms/whetstone-double"  2>&1 >> "/mnt/host0/unixbench/UnixBench/results/uarf-2025-06-03-02.log"

#### Pass 1

Calibrate
       0.00 Seconds          1   Passes (x 100)
       0.01 Seconds          5   Passes (x 100)
       0.03 Seconds         25   Passes (x 100)
       0.15 Seconds        125   Passes (x 100)
       0.73 Seconds        625   Passes (x 100)

Use 8556  passes (x 100)

          Double Precision C/C++ Whetstone Benchmark

Loop content                  Result              MFLOPS      MOPS   Seconds

N1 floating point     -1.12398255667392033      2233.184              0.074
N2 floating point     -1.12187079889294417      2785.762              0.413
N3 if then else        1.00000000000000000                6691.598    0.132
N4 fixed point        12.00000000000000000                   0.000   -0.000
N5 sin,cos etc.        0.49902937281518261                 190.283    3.741
N6 floating point      0.99999987890802811      1335.369              3.456
N7 assignments         3.00000000000000000                6621.503    0.239
N8 exp,sqrt etc.       0.75100163018453958                 182.204    1.747

MWIPS                                           8729.342              9.801

Calibrate
       0.00 Seconds          1   Passes (x 100)
       0.01 Seconds          5   Passes (x 100)
       0.03 Seconds         25   Passes (x 100)
       0.15 Seconds        125   Passes (x 100)
       0.73 Seconds        625   Passes (x 100)

Use 8548  passes (x 100)

          Double Precision C/C++ Whetstone Benchmark

Loop content                  Result              MFLOPS      MOPS   Seconds

N1 floating point     -1.12398255667392033      2230.152              0.074
N2 floating point     -1.12187079889294417      2783.319              0.413
N3 if then else        1.00000000000000000                6694.141    0.132
N4 fixed point        12.00000000000000000                   0.000   -0.000
N5 sin,cos etc.        0.49902937281518261                 189.994    3.743
N6 floating point      0.99999987890802811      1333.951              3.456
N7 assignments         3.00000000000000000                6651.271    0.237
N8 exp,sqrt etc.       0.75100163018453958                 181.963    1.748

MWIPS                                           8719.535              9.803


# COUNT0: 8729.342
# COUNT1: 0
# COUNT2: MWIPS
# TIME: 9.801
# elapsed: 11.444590
# pid: 4090692
# status: 0

# COUNT0: 8719.535
# COUNT1: 0
# COUNT2: MWIPS
# TIME: 9.803
# elapsed: 11.447408
# pid: 4090694
# status: 0

#### Pass 2

Calibrate
       0.00 Seconds          1   Passes (x 100)
       0.01 Seconds          5   Passes (x 100)
       0.03 Seconds         25   Passes (x 100)
       0.15 Seconds        125   Passes (x 100)
       0.73 Seconds        625   Passes (x 100)

Use 8544  passes (x 100)

          Double Precision C/C++ Whetstone Benchmark

Loop content                  Result              MFLOPS      MOPS   Seconds

N1 floating point     -1.12398255667392033      2233.163              0.073
N2 floating point     -1.12187079889294417      2785.667              0.412
N3 if then else        1.00000000000000000                6687.160    0.132
N4 fixed point        12.00000000000000000               49475727606.162    0.000
N5 sin,cos etc.        0.49902937281518261                 189.343    3.754
N6 floating point      0.99999987890802811      1335.476              3.451
N7 assignments         3.00000000000000000                6650.566    0.237
N8 exp,sqrt etc.       0.75100163018453958                 181.182    1.754

MWIPS                                           8705.174              9.815

Calibrate
       0.00 Seconds          1   Passes (x 100)
       0.01 Seconds          5   Passes (x 100)
       0.03 Seconds         25   Passes (x 100)
       0.15 Seconds        125   Passes (x 100)
       0.73 Seconds        625   Passes (x 100)

Use 8535  passes (x 100)

          Double Precision C/C++ Whetstone Benchmark

Loop content                  Result              MFLOPS      MOPS   Seconds

N1 floating point     -1.12398255667392033      2231.357              0.073
N2 floating point     -1.12187079889294417      2783.463              0.412
N3 if then else        1.00000000000000000                6685.174    0.132
N4 fixed point        12.00000000000000000                   0.000   -0.000
N5 sin,cos etc.        0.49902937281518261                 189.122    3.755
N6 floating point      0.99999987890802811      1334.244              3.450
N7 assignments         3.00000000000000000                6656.293    0.237
N8 exp,sqrt etc.       0.75100163018453958                 180.980    1.754

MWIPS                                           8696.524              9.814


# COUNT0: 8696.524
# COUNT1: 0
# COUNT2: MWIPS
# TIME: 9.814
# elapsed: 11.458719
# pid: 4090704
# status: 0

# COUNT0: 8705.174
# COUNT1: 0
# COUNT2: MWIPS
# TIME: 9.815
# elapsed: 11.458217
# pid: 4090706
# status: 0

#### Pass 3

Calibrate
       0.00 Seconds          1   Passes (x 100)
       0.01 Seconds          5   Passes (x 100)
       0.03 Seconds         25   Passes (x 100)
       0.15 Seconds        125   Passes (x 100)
       0.73 Seconds        625   Passes (x 100)

Use 8555  passes (x 100)

          Double Precision C/C++ Whetstone Benchmark

Loop content                  Result              MFLOPS      MOPS   Seconds

N1 floating point     -1.12398255667392033      2233.524              0.074
N2 floating point     -1.12187079889294417      2785.605              0.413
N3 if then else        1.00000000000000000                6689.147    0.132
N4 fixed point        12.00000000000000000                   0.000   -0.000
N5 sin,cos etc.        0.49902937281518261                 190.337    3.740
N6 floating point      0.99999987890802811      1335.512              3.455
N7 assignments         3.00000000000000000                6632.982    0.238
N8 exp,sqrt etc.       0.75100163018453958                 181.968    1.749

MWIPS                                           8728.907              9.801

Calibrate
       0.00 Seconds          1   Passes (x 100)
       0.01 Seconds          5   Passes (x 100)
       0.03 Seconds         25   Passes (x 100)
       0.15 Seconds        125   Passes (x 100)
       0.73 Seconds        625   Passes (x 100)

Use 8546  passes (x 100)

          Double Precision C/C++ Whetstone Benchmark

Loop content                  Result              MFLOPS      MOPS   Seconds

N1 floating point     -1.12398255667392033      2230.931              0.074
N2 floating point     -1.12187079889294417      2782.964              0.413
N3 if then else        1.00000000000000000                6689.897    0.132
N4 fixed point        12.00000000000000000               2503011430.677    0.000
N5 sin,cos etc.        0.49902937281518261                 190.059    3.741
N6 floating point      0.99999987890802811      1334.069              3.455
N7 assignments         3.00000000000000000                6642.527    0.238
N8 exp,sqrt etc.       0.75100163018453958                 181.752    1.749

MWIPS                                           8718.752              9.802


# COUNT0: 8728.907
# COUNT1: 0
# COUNT2: MWIPS
# TIME: 9.801
# elapsed: 11.443607
# pid: 4090716
# status: 0

# COUNT0: 8718.752
# COUNT1: 0
# COUNT2: MWIPS
# TIME: 9.802
# elapsed: 11.445487
# pid: 4090718
# status: 0

#### Pass 4

Calibrate
       0.00 Seconds          1   Passes (x 100)
       0.01 Seconds          5   Passes (x 100)
       0.03 Seconds         25   Passes (x 100)
       0.15 Seconds        125   Passes (x 100)
       0.73 Seconds        625   Passes (x 100)

Use 8560  passes (x 100)

          Double Precision C/C++ Whetstone Benchmark

Loop content                  Result              MFLOPS      MOPS   Seconds

N1 floating point     -1.12398255667392033      2233.032              0.074
N2 floating point     -1.12187079889294417      2786.255              0.413
N3 if then else        1.00000000000000000                6686.490    0.133
N4 fixed point        12.00000000000000000                   0.000   -0.000
N5 sin,cos etc.        0.49902937281518261                 190.250    3.743
N6 floating point      0.99999987890802811      1335.290              3.458
N7 assignments         3.00000000000000000                6668.612    0.237
N8 exp,sqrt etc.       0.75100163018453958                 181.162    1.758

MWIPS                                           8721.117              9.815

Calibrate
       0.00 Seconds          1   Passes (x 100)
       0.01 Seconds          5   Passes (x 100)
       0.03 Seconds         25   Passes (x 100)
       0.15 Seconds        125   Passes (x 100)
       0.73 Seconds        625   Passes (x 100)

Use 8551  passes (x 100)

          Double Precision C/C++ Whetstone Benchmark

Loop content                  Result              MFLOPS      MOPS   Seconds

N1 floating point     -1.12398255667392033      2231.250              0.074
N2 floating point     -1.12187079889294417      2783.803              0.413
N3 if then else        1.00000000000000000                6685.768    0.132
N4 fixed point        12.00000000000000000                   0.000   -0.000
N5 sin,cos etc.        0.49902937281518261                 190.048    3.743
N6 floating point      0.99999987890802811      1334.103              3.457
N7 assignments         3.00000000000000000                6660.195    0.237
N8 exp,sqrt etc.       0.75100163018453958                 180.971    1.758

MWIPS                                           8712.552              9.815


# COUNT0: 8721.117
# COUNT1: 0
# COUNT2: MWIPS
# TIME: 9.815
# elapsed: 11.458262
# pid: 4090728
# status: 0

# COUNT0: 8712.552
# COUNT1: 0
# COUNT2: MWIPS
# TIME: 9.815
# elapsed: 11.458104
# pid: 4090729
# status: 0

#### Pass 5

Calibrate
       0.00 Seconds          1   Passes (x 100)
       0.01 Seconds          5   Passes (x 100)
       0.03 Seconds         25   Passes (x 100)
       0.15 Seconds        125   Passes (x 100)
       0.73 Seconds        625   Passes (x 100)

Use 8562  passes (x 100)

          Double Precision C/C++ Whetstone Benchmark

Loop content                  Result              MFLOPS      MOPS   Seconds

N1 floating point     -1.12398255667392033      2233.353              0.074
N2 floating point     -1.12187079889294417      2786.468              0.413
N3 if then else        1.00000000000000000                6692.398    0.132
N4 fixed point        12.00000000000000000                   0.000   -0.000
N5 sin,cos etc.        0.49902937281518261                 190.271    3.744
N6 floating point      0.99999987890802811      1335.064              3.459
N7 assignments         3.00000000000000000                6624.425    0.239
N8 exp,sqrt etc.       0.75100163018453958                 182.122    1.749

MWIPS                                           8727.934              9.810

Calibrate
       0.00 Seconds          1   Passes (x 100)
       0.01 Seconds          5   Passes (x 100)
       0.03 Seconds         25   Passes (x 100)
       0.15 Seconds        125   Passes (x 100)
       0.73 Seconds        625   Passes (x 100)

Use 8554  passes (x 100)

          Double Precision C/C++ Whetstone Benchmark

Loop content                  Result              MFLOPS      MOPS   Seconds

N1 floating point     -1.12398255667392033      2230.633              0.074
N2 floating point     -1.12187079889294417      2784.132              0.413
N3 if then else        1.00000000000000000                6695.502    0.132
N4 fixed point        12.00000000000000000               38589906605.671    0.000
N5 sin,cos etc.        0.49902937281518261                 189.992    3.746
N6 floating point      0.99999987890802811      1333.664              3.460
N7 assignments         3.00000000000000000                6650.872    0.238
N8 exp,sqrt etc.       0.75100163018453958                 181.910    1.749

MWIPS                                           8718.518              9.811


# COUNT0: 8718.518
# COUNT1: 0
# COUNT2: MWIPS
# TIME: 9.811
# elapsed: 11.455074
# pid: 4090740
# status: 0

# COUNT0: 8727.934
# COUNT1: 0
# COUNT2: MWIPS
# TIME: 9.810
# elapsed: 11.452199
# pid: 4090742
# status: 0

#### Pass 6

Calibrate
       0.00 Seconds          1   Passes (x 100)
       0.01 Seconds          5   Passes (x 100)
       0.03 Seconds         25   Passes (x 100)
       0.15 Seconds        125   Passes (x 100)
       0.73 Seconds        625   Passes (x 100)

Use 8553  passes (x 100)

          Double Precision C/C++ Whetstone Benchmark

Loop content                  Result              MFLOPS      MOPS   Seconds

N1 floating point     -1.12398255667392033      2233.715              0.074
N2 floating point     -1.12187079889294417      2785.913              0.413
N3 if then else        1.00000000000000000                6688.447    0.132
N4 fixed point        12.00000000000000000               23398722481.255    0.000
N5 sin,cos etc.        0.49902937281518261                 190.262    3.740
N6 floating point      0.99999987890802811      1335.143              3.455
N7 assignments         3.00000000000000000                6648.138    0.238
N8 exp,sqrt etc.       0.75100163018453958                 181.584    1.752

MWIPS                                           8723.968              9.804

Calibrate
       0.00 Seconds          1   Passes (x 100)
       0.01 Seconds          5   Passes (x 100)
       0.03 Seconds         25   Passes (x 100)
       0.15 Seconds        125   Passes (x 100)
       0.73 Seconds        625   Passes (x 100)

Use 8546  passes (x 100)

          Double Precision C/C++ Whetstone Benchmark

Loop content                  Result              MFLOPS      MOPS   Seconds

N1 floating point     -1.12398255667392033      2231.584              0.074
N2 floating point     -1.12187079889294417      2783.564              0.413
N3 if then else        1.00000000000000000                6688.733    0.132
N4 fixed point        12.00000000000000000                   0.000   -0.000
N5 sin,cos etc.        0.49902937281518261                 190.062    3.741
N6 floating point      0.99999987890802811      1334.050              3.455
N7 assignments         3.00000000000000000                6657.426    0.237
N8 exp,sqrt etc.       0.75100163018453958                 181.409    1.752

MWIPS                                           8716.383              9.805


# COUNT0: 8716.383
# COUNT1: 0
# COUNT2: MWIPS
# TIME: 9.805
# elapsed: 11.448414
# pid: 4090752
# status: 0

# COUNT0: 8723.968
# COUNT1: 0
# COUNT2: MWIPS
# TIME: 9.804
# elapsed: 11.446828
# pid: 4090754
# status: 0

#### Pass 7

Calibrate
       0.00 Seconds          1   Passes (x 100)
       0.01 Seconds          5   Passes (x 100)
       0.03 Seconds         25   Passes (x 100)
       0.15 Seconds        125   Passes (x 100)
       0.73 Seconds        625   Passes (x 100)

Use 8553  passes (x 100)

          Double Precision C/C++ Whetstone Benchmark

Loop content                  Result              MFLOPS      MOPS   Seconds

N1 floating point     -1.12398255667392033      2234.548              0.073
N2 floating point     -1.12187079889294417      2786.628              0.413
N3 if then else        1.00000000000000000                6687.028    0.132
N4 fixed point        12.00000000000000000                   0.000   -0.000
N5 sin,cos etc.        0.49902937281518261                 190.271    3.740
N6 floating point      0.99999987890802811      1335.342              3.455
N7 assignments         3.00000000000000000                6646.010    0.238
N8 exp,sqrt etc.       0.75100163018453958                 181.645    1.752

MWIPS                                           8725.123              9.803

Calibrate
       0.00 Seconds          1   Passes (x 100)
       0.01 Seconds          5   Passes (x 100)
       0.03 Seconds         25   Passes (x 100)
       0.15 Seconds        125   Passes (x 100)
       0.73 Seconds        625   Passes (x 100)

Use 8544  passes (x 100)

          Double Precision C/C++ Whetstone Benchmark

Loop content                  Result              MFLOPS      MOPS   Seconds

N1 floating point     -1.12398255667392033      2232.433              0.073
N2 floating point     -1.12187079889294417      2784.162              0.412
N3 if then else        1.00000000000000000                6686.100    0.132
N4 fixed point        12.00000000000000000                   0.000   -0.000
N5 sin,cos etc.        0.49902937281518261                 190.015    3.741
N6 floating point      0.99999987890802811      1333.907              3.455
N7 assignments         3.00000000000000000                6656.624    0.237
N8 exp,sqrt etc.       0.75100163018453958                 181.420    1.752

MWIPS                                           8715.358              9.803


# COUNT0: 8715.358
# COUNT1: 0
# COUNT2: MWIPS
# TIME: 9.803
# elapsed: 11.446986
# pid: 4090765
# status: 0

# COUNT0: 8725.123
# COUNT1: 0
# COUNT2: MWIPS
# TIME: 9.803
# elapsed: 11.445403
# pid: 4090767
# status: 0

#### Pass 8

Calibrate
       0.00 Seconds          1   Passes (x 100)
       0.01 Seconds          5   Passes (x 100)
       0.03 Seconds         25   Passes (x 100)
       0.15 Seconds        125   Passes (x 100)
       0.73 Seconds        625   Passes (x 100)

Use 8554  passes (x 100)

          Double Precision C/C++ Whetstone Benchmark

Loop content                  Result              MFLOPS      MOPS   Seconds

N1 floating point     -1.12398255667392033      2234.153              0.074
N2 floating point     -1.12187079889294417      2785.516              0.413
N3 if then else        1.00000000000000000                6688.165    0.132
N4 fixed point        12.00000000000000000               23149896777.281    0.000
N5 sin,cos etc.        0.49902937281518261                 190.278    3.740
N6 floating point      0.99999987890802811      1335.328              3.455
N7 assignments         3.00000000000000000                6644.862    0.238
N8 exp,sqrt etc.       0.75100163018453958                 181.653    1.752

MWIPS                                           8725.115              9.804

Calibrate
       0.00 Seconds          1   Passes (x 100)
       0.01 Seconds          5   Passes (x 100)
       0.03 Seconds         25   Passes (x 100)
       0.15 Seconds        125   Passes (x 100)
       0.73 Seconds        625   Passes (x 100)

Use 8545  passes (x 100)

          Double Precision C/C++ Whetstone Benchmark

Loop content                  Result              MFLOPS      MOPS   Seconds

N1 floating point     -1.12398255667392033      2231.917              0.074
N2 floating point     -1.12187079889294417      2783.097              0.413
N3 if then else        1.00000000000000000                6687.134    0.132
N4 fixed point        12.00000000000000000               1764015965570.538    0.000
N5 sin,cos etc.        0.49902937281518261                 190.021    3.741
N6 floating point      0.99999987890802811      1333.901              3.455
N7 assignments         3.00000000000000000                6657.568    0.237
N8 exp,sqrt etc.       0.75100163018453958                 181.431    1.752

MWIPS                                           8715.431              9.804


# COUNT0: 8725.115
# COUNT1: 0
# COUNT2: MWIPS
# TIME: 9.804
# elapsed: 11.446590
# pid: 4090777
# status: 0

# COUNT0: 8715.431
# COUNT1: 0
# COUNT2: MWIPS
# TIME: 9.804
# elapsed: 11.447883
# pid: 4090779
# status: 0

#### Pass 9

Calibrate
       0.00 Seconds          1   Passes (x 100)
       0.01 Seconds          5   Passes (x 100)
       0.03 Seconds         25   Passes (x 100)
       0.15 Seconds        125   Passes (x 100)
       0.73 Seconds        625   Passes (x 100)

Use 8549  passes (x 100)

          Double Precision C/C++ Whetstone Benchmark

Loop content                  Result              MFLOPS      MOPS   Seconds

N1 floating point     -1.12398255667392033      2234.133              0.073
N2 floating point     -1.12187079889294417      2785.488              0.412
N3 if then else        1.00000000000000000                6687.441    0.132
N4 fixed point        12.00000000000000000                   0.000   -0.000
N5 sin,cos etc.        0.49902937281518261                 190.235    3.739
N6 floating point      0.99999987890802811      1335.552              3.453
N7 assignments         3.00000000000000000                6666.901    0.237
N8 exp,sqrt etc.       0.75100163018453958                 181.148    1.756

MWIPS                                           8721.228              9.803

Calibrate
       0.00 Seconds          1   Passes (x 100)
       0.01 Seconds          5   Passes (x 100)
       0.03 Seconds         25   Passes (x 100)
       0.15 Seconds        125   Passes (x 100)
       0.73 Seconds        625   Passes (x 100)

Use 8541  passes (x 100)

          Double Precision C/C++ Whetstone Benchmark

Loop content                  Result              MFLOPS      MOPS   Seconds

N1 floating point     -1.12398255667392033      2231.960              0.073
N2 floating point     -1.12187079889294417      2782.961              0.412
N3 if then else        1.00000000000000000                6687.292    0.132
N4 fixed point        12.00000000000000000                   0.000   -0.000
N5 sin,cos etc.        0.49902937281518261                 190.068    3.739
N6 floating point      0.99999987890802811      1334.406              3.452
N7 assignments         3.00000000000000000                6662.207    0.237
N8 exp,sqrt etc.       0.75100163018453958                 180.982    1.756

MWIPS                                           8713.687              9.802


# COUNT0: 8721.228
# COUNT1: 0
# COUNT2: MWIPS
# TIME: 9.803
# elapsed: 11.445586
# pid: 4090789
# status: 0

# COUNT0: 8713.687
# COUNT1: 0
# COUNT2: MWIPS
# TIME: 9.802
# elapsed: 11.445520
# pid: 4090791
# status: 0

#### Pass 10

Calibrate
       0.00 Seconds          1   Passes (x 100)
       0.01 Seconds          5   Passes (x 100)
       0.03 Seconds         25   Passes (x 100)
       0.15 Seconds        125   Passes (x 100)
       0.73 Seconds        625   Passes (x 100)

Use 8557  passes (x 100)

          Double Precision C/C++ Whetstone Benchmark

Loop content                  Result              MFLOPS      MOPS   Seconds

N1 floating point     -1.12398255667392033      2234.268              0.074
N2 floating point     -1.12187079889294417      2786.472              0.413
N3 if then else        1.00000000000000000                6686.772    0.132
N4 fixed point        12.00000000000000000                   0.000   -0.000
N5 sin,cos etc.        0.49902937281518261                 190.269    3.742
N6 floating point      0.99999987890802811      1335.366              3.456
N7 assignments         3.00000000000000000                6660.295    0.237
N8 exp,sqrt etc.       0.75100163018453958                 181.322    1.756

MWIPS                                           8722.799              9.810

Calibrate
       0.00 Seconds          1   Passes (x 100)
       0.01 Seconds          5   Passes (x 100)
       0.03 Seconds         25   Passes (x 100)
       0.15 Seconds        125   Passes (x 100)
       0.73 Seconds        625   Passes (x 100)

Use 8547  passes (x 100)

          Double Precision C/C++ Whetstone Benchmark

Loop content                  Result              MFLOPS      MOPS   Seconds

N1 floating point     -1.12398255667392033      2232.151              0.074
N2 floating point     -1.12187079889294417      2783.938              0.413
N3 if then else        1.00000000000000000                6687.036    0.132
N4 fixed point        12.00000000000000000                   0.000   -0.000
N5 sin,cos etc.        0.49902937281518261                 190.022    3.742
N6 floating point      0.99999987890802811      1333.955              3.456
N7 assignments         3.00000000000000000                6660.700    0.237
N8 exp,sqrt etc.       0.75100163018453958                 181.096    1.756

MWIPS                                           8712.903              9.810


# COUNT0: 8722.799
# COUNT1: 0
# COUNT2: MWIPS
# TIME: 9.810
# elapsed: 11.452588
# pid: 4090801
# status: 0

# COUNT0: 8712.903
# COUNT1: 0
# COUNT2: MWIPS
# TIME: 9.810
# elapsed: 11.452949
# pid: 4090803
# status: 0

*Dump score:      17401.7
*Dump score:      17433.7
*Dump score:      17434.9
Count score:      17435.7
Count score:      17440.4
Count score:      17440.5
Count score:      17440.5
Count score:      17446.5
Count score:      17447.7
Count score:      17448.9

>>>> Sum of 2 copies
>>>> score: 17442.8662810395
>>>> time: 9.80507142857143
>>>> iterations: 7


########################################################
Execl Throughput -- 2 copies
==> "/mnt/host0/unixbench/UnixBench/pgms/execl" 30 2>&1 >> "/mnt/host0/unixbench/UnixBench/results/uarf-2025-06-03-02.log"

#### Pass 1


# COUNT0: 40629
# COUNT1: 1
# COUNT2: lps
# elapsed: 29.893284
# pid: 4090813
# status: 0

# COUNT0: 40562
# COUNT1: 1
# COUNT2: lps
# elapsed: 29.892990
# pid: 4090815
# status: 0

#### Pass 2


# COUNT0: 40812
# COUNT1: 1
# COUNT2: lps
# elapsed: 29.987810
# pid: 4090825
# status: 0

# COUNT0: 40884
# COUNT1: 1
# COUNT2: lps
# elapsed: 29.988262
# pid: 4090827
# status: 0

#### Pass 3


# COUNT0: 40938
# COUNT1: 1
# COUNT2: lps
# elapsed: 29.987745
# pid: 4090837
# status: 0

# COUNT0: 41010
# COUNT1: 1
# COUNT2: lps
# elapsed: 29.987769
# pid: 4090839
# status: 0

*Dump score:      81191.0
Count score:      81696.0
Count score:      81948.0

>>>> Sum of 2 copies
>>>> score: 2728.49757852656
>>>> time: 29.9878965
>>>> iterations: 2


########################################################
File Copy 1024 bufsize 2000 maxblocks -- 2 copies
==> "/mnt/host0/unixbench/UnixBench/pgms/fstime" -c -t 30 -d "/mnt/host0/unixbench/UnixBench/tmp" -b 1024 -m 2000 2>&1 >> "/mnt/host0/unixbench/UnixBench/results/uarf-2025-06-03-02.log"

#### Pass 1

Write done: 160000 in 2.0290, score 19714
Read done: 172172 in 2.0001, score 21520
Copy done: 1137456 in 30.0000, score 9478
Write done: 160000 in 2.0579, score 19437
Read done: 175484 in 2.0000, score 21934
Copy done: 1128784 in 30.0001, score 9406

# COUNT0: 9406
# COUNT1: 0
# COUNT2: KBps
# TIME: 30.0
# elapsed: 45.067834
# pid: 4090849
# status: 0

# COUNT0: 9478
# COUNT1: 0
# COUNT2: KBps
# TIME: 30.0
# elapsed: 45.039397
# pid: 4090850
# status: 0

#### Pass 2

Write done: 152000 in 2.0016, score 18985
Read done: 161544 in 2.0001, score 20192
Copy done: 1116912 in 30.0001, score 9307
Write done: 152000 in 2.0086, score 18918
Read done: 151228 in 2.0001, score 18903
Copy done: 1122484 in 30.0001, score 9354

# COUNT0: 9354
# COUNT1: 0
# COUNT2: KBps
# TIME: 30.0
# elapsed: 45.018439
# pid: 4090861
# status: 0

# COUNT0: 9307
# COUNT1: 0
# COUNT2: KBps
# TIME: 30.0
# elapsed: 45.012471
# pid: 4090863
# status: 0

#### Pass 3

Write done: 136000 in 2.0444, score 16630
Read done: 195280 in 2.0000, score 24409
Copy done: 1241908 in 30.0001, score 10349
Write done: 144000 in 2.0587, score 17486
Read done: 195148 in 2.0000, score 24393
Copy done: 1236424 in 30.0001, score 10303

# COUNT0: 10303
# COUNT1: 0
# COUNT2: KBps
# TIME: 30.0
# elapsed: 45.068687
# pid: 4090873
# status: 0

# COUNT0: 10349
# COUNT1: 0
# COUNT2: KBps
# TIME: 30.0
# elapsed: 45.054828
# pid: 4090875
# status: 0

*Dump score:      18661.0
Count score:      18884.0
Count score:      20652.0

>>>> Sum of 2 copies
>>>> score: 19748.2244265149
>>>> time: 30
>>>> iterations: 2


########################################################
File Copy 256 bufsize 500 maxblocks -- 2 copies
==> "/mnt/host0/unixbench/UnixBench/pgms/fstime" -c -t 30 -d "/mnt/host0/unixbench/UnixBench/tmp" -b 256 -m 500 2>&1 >> "/mnt/host0/unixbench/UnixBench/results/uarf-2025-06-03-02.log"

#### Pass 1

Write done: 34000 in 2.0596, score 4126
Read done: 49478 in 2.0000, score 6184
Copy done: 294778 in 30.0001, score 2456
Write done: 36000 in 2.0933, score 4299
Read done: 49058 in 2.0000, score 6132
Copy done: 293752 in 30.0001, score 2447

# COUNT0: 2456
# COUNT1: 0
# COUNT2: KBps
# TIME: 30.0
# elapsed: 45.070281
# pid: 4090885
# status: 0

# COUNT0: 2447
# COUNT1: 0
# COUNT2: KBps
# TIME: 30.0
# elapsed: 45.103253
# pid: 4090887
# status: 0

#### Pass 2

Write done: 34000 in 2.0268, score 4193
Read done: 48986 in 2.0001, score 6123
Copy done: 311524 in 30.0001, score 2596
Write done: 36000 in 2.0632, score 4362
Read done: 48910 in 2.0000, score 6113
Copy done: 310480 in 30.0000, score 2587

# COUNT0: 2587
# COUNT1: 0
# COUNT2: KBps
# TIME: 30.0
# elapsed: 45.073298
# pid: 4090898
# status: 0

# COUNT0: 2596
# COUNT1: 0
# COUNT2: KBps
# TIME: 30.0
# elapsed: 45.038306
# pid: 4090900
# status: 0

#### Pass 3

Write done: 40000 in 2.0695, score 4832
Read done: 40995 in 2.0000, score 5124
Copy done: 285043 in 30.0001, score 2375
Write done: 40000 in 2.0774, score 4813
Read done: 37774 in 2.0000, score 4721
Copy done: 283192 in 30.0006, score 2359

# COUNT0: 2375
# COUNT1: 0
# COUNT2: KBps
# TIME: 30.0
# elapsed: 45.079704
# pid: 4090910
# status: 0

# COUNT0: 2359
# COUNT1: 0
# COUNT2: KBps
# TIME: 30.0
# elapsed: 45.087555
# pid: 4090912
# status: 0

*Dump score:       4734.0
Count score:       4903.0
Count score:       5183.0

>>>> Sum of 2 copies
>>>> score: 5041.05633771336
>>>> time: 30
>>>> iterations: 2


########################################################
File Copy 4096 bufsize 8000 maxblocks -- 2 copies
==> "/mnt/host0/unixbench/UnixBench/pgms/fstime" -c -t 30 -d "/mnt/host0/unixbench/UnixBench/tmp" -b 4096 -m 8000 2>&1 >> "/mnt/host0/unixbench/UnixBench/results/uarf-2025-06-03-02.log"

#### Pass 1

Write done: 544000 in 2.0736, score 65587
Read done: 578544 in 2.0001, score 72315
Copy done: 4145584 in 30.0001, score 34546
Write done: 544000 in 2.0886, score 65114
Read done: 589456 in 2.0000, score 73680
Copy done: 4122544 in 30.0000, score 34354

# COUNT0: 34354
# COUNT1: 0
# COUNT2: KBps
# TIME: 30.0
# elapsed: 45.100441
# pid: 4090922
# status: 0

# COUNT0: 34546
# COUNT1: 0
# COUNT2: KBps
# TIME: 30.0
# elapsed: 45.086275
# pid: 4090924
# status: 0

#### Pass 2

Write done: 704000 in 2.0644, score 85254
Read done: 758800 in 2.0001, score 94846
Copy done: 4471472 in 30.0001, score 37262
Write done: 704000 in 2.0663, score 85176
Read done: 757840 in 2.0001, score 94727
Copy done: 4470768 in 30.0048, score 37250

# COUNT0: 37250
# COUNT1: 0
# COUNT2: KBps
# TIME: 30.0
# elapsed: 45.082754
# pid: 4090934
# status: 0

# COUNT0: 37262
# COUNT1: 0
# COUNT2: KBps
# TIME: 30.0
# elapsed: 45.079427
# pid: 4090936
# status: 0

#### Pass 3

Write done: 544000 in 2.0799, score 65386
Read done: 774416 in 2.0001, score 96798
Copy done: 4411888 in 30.0001, score 36765
Write done: 544000 in 2.0944, score 64936
Read done: 773040 in 2.0000, score 96629
Copy done: 4405840 in 30.0000, score 36715

# COUNT0: 36765
# COUNT1: 0
# COUNT2: KBps
# TIME: 30.0
# elapsed: 45.093300
# pid: 4090946
# status: 0

# COUNT0: 36715
# COUNT1: 0
# COUNT2: KBps
# TIME: 30.0
# elapsed: 45.108335
# pid: 4090948
# status: 0

*Dump score:      68900.0
Count score:      73480.0
Count score:      74512.0

>>>> Sum of 2 copies
>>>> score: 73994.2008538507
>>>> time: 30
>>>> iterations: 2


########################################################
Pipe Throughput -- 2 copies
==> "/mnt/host0/unixbench/UnixBench/pgms/pipe" 10 2>&1 >> "/mnt/host0/unixbench/UnixBench/results/uarf-2025-06-03-02.log"

#### Pass 1


# COUNT0: 27169740
# COUNT1: 1
# COUNT2: lps
# elapsed: 10.003816
# pid: 4090958
# status: 0

# COUNT0: 27168227
# COUNT1: 1
# COUNT2: lps
# elapsed: 10.002872
# pid: 4090960
# status: 0

#### Pass 2


# COUNT0: 27152660
# COUNT1: 1
# COUNT2: lps
# elapsed: 10.003165
# pid: 4090970
# status: 0

# COUNT0: 26812887
# COUNT1: 1
# COUNT2: lps
# elapsed: 10.002852
# pid: 4090972
# status: 0

#### Pass 3


# COUNT0: 27369951
# COUNT1: 1
# COUNT2: lps
# elapsed: 10.003007
# pid: 4090982
# status: 0

# COUNT0: 27277114
# COUNT1: 1
# COUNT2: lps
# elapsed: 10.002966
# pid: 4090984
# status: 0

#### Pass 4


# COUNT0: 27502710
# COUNT1: 1
# COUNT2: lps
# elapsed: 10.003014
# pid: 4090994
# status: 0

# COUNT0: 27429047
# COUNT1: 1
# COUNT2: lps
# elapsed: 10.002716
# pid: 4090996
# status: 0

#### Pass 5


# COUNT0: 27260112
# COUNT1: 1
# COUNT2: lps
# elapsed: 10.002696
# pid: 4091006
# status: 0

# COUNT0: 26515823
# COUNT1: 1
# COUNT2: lps
# elapsed: 10.002689
# pid: 4091008
# status: 0

#### Pass 6


# COUNT0: 27156427
# COUNT1: 1
# COUNT2: lps
# elapsed: 10.003091
# pid: 4091019
# status: 0

# COUNT0: 27076157
# COUNT1: 1
# COUNT2: lps
# elapsed: 10.002889
# pid: 4091021
# status: 0

#### Pass 7


# COUNT0: 27205434
# COUNT1: 1
# COUNT2: lps
# elapsed: 10.002984
# pid: 4091031
# status: 0

# COUNT0: 27143326
# COUNT1: 1
# COUNT2: lps
# elapsed: 10.002868
# pid: 4091033
# status: 0

#### Pass 8


# COUNT0: 27256931
# COUNT1: 1
# COUNT2: lps
# elapsed: 10.002982
# pid: 4091043
# status: 0

# COUNT0: 27188414
# COUNT1: 1
# COUNT2: lps
# elapsed: 10.002852
# pid: 4091045
# status: 0

#### Pass 9


# COUNT0: 27400435
# COUNT1: 1
# COUNT2: lps
# elapsed: 10.003064
# pid: 4091055
# status: 0

# COUNT0: 27350426
# COUNT1: 1
# COUNT2: lps
# elapsed: 10.002953
# pid: 4091057
# status: 0

#### Pass 10


# COUNT0: 27116117
# COUNT1: 1
# COUNT2: lps
# elapsed: 10.003138
# pid: 4091067
# status: 0

# COUNT0: 27247689
# COUNT1: 1
# COUNT2: lps
# elapsed: 10.002846
# pid: 4091069
# status: 0

*Dump score:   53775935.0
*Dump score:   53965547.0
*Dump score:   54232584.0
Count score:   54337967.0
Count score:   54348760.0
Count score:   54363806.0
Count score:   54445345.0
Count score:   54647065.0
Count score:   54750861.0
Count score:   54931757.0

>>>> Sum of 2 copies
>>>> score: 5452969.25654298
>>>> time: 10.0030055714286
>>>> iterations: 7


########################################################
Pipe-based Context Switching -- 2 copies
==> "/mnt/host0/unixbench/UnixBench/pgms/context1" 10 2>&1 >> "/mnt/host0/unixbench/UnixBench/results/uarf-2025-06-03-02.log"

#### Pass 1


# COUNT0: 3867047
# COUNT1: 1
# COUNT2: lps
# elapsed: 10.003239
# pid: 4091079
# status: 0

# COUNT0: 3847340
# COUNT1: 1
# COUNT2: lps
# elapsed: 10.003666
# pid: 4091081
# status: 0

#### Pass 2


# COUNT0: 3866450
# COUNT1: 1
# COUNT2: lps
# elapsed: 10.002791
# pid: 4091093
# status: 0

# COUNT0: 3858496
# COUNT1: 1
# COUNT2: lps
# elapsed: 10.002608
# pid: 4091095
# status: 0

#### Pass 3


# COUNT0: 3846499
# COUNT1: 1
# COUNT2: lps
# elapsed: 10.003216
# pid: 4091107
# status: 0

# COUNT0: 3849218
# COUNT1: 1
# COUNT2: lps
# elapsed: 10.003313
# pid: 4091109
# status: 0

#### Pass 4


# COUNT0: 3840463
# COUNT1: 1
# COUNT2: lps
# elapsed: 10.003160
# pid: 4091121
# status: 0

# COUNT0: 3827103
# COUNT1: 1
# COUNT2: lps
# elapsed: 10.002989
# pid: 4091123
# status: 0

#### Pass 5


# COUNT0: 3904728
# COUNT1: 1
# COUNT2: lps
# elapsed: 10.002995
# pid: 4091135
# status: 0

# COUNT0: 3906502
# COUNT1: 1
# COUNT2: lps
# elapsed: 10.003572
# pid: 4091137
# status: 0

#### Pass 6


# COUNT0: 3877186
# COUNT1: 1
# COUNT2: lps
# elapsed: 10.003732
# pid: 4091149
# status: 0

# COUNT0: 3871518
# COUNT1: 1
# COUNT2: lps
# elapsed: 10.002757
# pid: 4091151
# status: 0

#### Pass 7


# COUNT0: 3879409
# COUNT1: 1
# COUNT2: lps
# elapsed: 10.002876
# pid: 4091163
# status: 0

# COUNT0: 3834098
# COUNT1: 1
# COUNT2: lps
# elapsed: 10.002685
# pid: 4091165
# status: 0

#### Pass 8


# COUNT0: 3849756
# COUNT1: 1
# COUNT2: lps
# elapsed: 10.003797
# pid: 4091177
# status: 0

# COUNT0: 3866233
# COUNT1: 1
# COUNT2: lps
# elapsed: 10.002826
# pid: 4091179
# status: 0

#### Pass 9


# COUNT0: 3944412
# COUNT1: 1
# COUNT2: lps
# elapsed: 10.003195
# pid: 4091191
# status: 0

# COUNT0: 3879265
# COUNT1: 1
# COUNT2: lps
# elapsed: 10.002783
# pid: 4091193
# status: 0

#### Pass 10


# COUNT0: 3906935
# COUNT1: 1
# COUNT2: lps
# elapsed: 10.002897
# pid: 4091205
# status: 0

# COUNT0: 3886788
# COUNT1: 1
# COUNT2: lps
# elapsed: 10.002675
# pid: 4091207
# status: 0

*Dump score:    7667566.0
*Dump score:    7695717.0
*Dump score:    7713507.0
Count score:    7714387.0
Count score:    7715989.0
Count score:    7724946.0
Count score:    7748704.0
Count score:    7793723.0
Count score:    7811230.0
Count score:    7823677.0

>>>> Sum of 2 copies
>>>> score: 775927.418638283
>>>> time: 10.0031095
>>>> iterations: 7


########################################################
Process Creation -- 2 copies
==> "/mnt/host0/unixbench/UnixBench/pgms/spawn" 30 2>&1 >> "/mnt/host0/unixbench/UnixBench/results/uarf-2025-06-03-02.log"

#### Pass 1


# COUNT0: 639955
# COUNT1: 1
# COUNT2: lps
# elapsed: 30.003149
# pid: 4091219
# status: 0

# COUNT0: 634692
# COUNT1: 1
# COUNT2: lps
# elapsed: 30.003326
# pid: 4091221
# status: 0

#### Pass 2


# COUNT0: 631914
# COUNT1: 1
# COUNT2: lps
# elapsed: 30.003714
# pid: 1171876
# status: 0

# COUNT0: 633780
# COUNT1: 1
# COUNT2: lps
# elapsed: 30.002700
# pid: 1171878
# status: 0

#### Pass 3


# COUNT0: 635561
# COUNT1: 1
# COUNT2: lps
# elapsed: 30.003618
# pid: 2437588
# status: 0

# COUNT0: 627458
# COUNT1: 1
# COUNT2: lps
# elapsed: 30.002818
# pid: 2437590
# status: 0

*Dump score:    1263019.0
Count score:    1265694.0
Count score:    1274647.0

>>>> Sum of 2 copies
>>>> score: 42334.2066748862
>>>> time: 30.00322225
>>>> iterations: 2


########################################################
System Call Overhead -- 2 copies
==> "/mnt/host0/unixbench/UnixBench/pgms/syscall" 10 2>&1 >> "/mnt/host0/unixbench/UnixBench/results/uarf-2025-06-03-02.log"

#### Pass 1


# COUNT0: 30169554
# COUNT1: 1
# COUNT2: lps
# elapsed: 10.003079
# pid: 3700621
# status: 0

# COUNT0: 30135023
# COUNT1: 1
# COUNT2: lps
# elapsed: 10.002886
# pid: 3700623
# status: 0

#### Pass 2


# COUNT0: 30170674
# COUNT1: 1
# COUNT2: lps
# elapsed: 10.002918
# pid: 3700633
# status: 0

# COUNT0: 30238840
# COUNT1: 1
# COUNT2: lps
# elapsed: 10.002834
# pid: 3700635
# status: 0

#### Pass 3


# COUNT0: 30247869
# COUNT1: 1
# COUNT2: lps
# elapsed: 10.003024
# pid: 3700645
# status: 0

# COUNT0: 30180313
# COUNT1: 1
# COUNT2: lps
# elapsed: 10.002820
# pid: 3700647
# status: 0

#### Pass 4


# COUNT0: 30110885
# COUNT1: 1
# COUNT2: lps
# elapsed: 10.002911
# pid: 3700658
# status: 0

# COUNT0: 30176761
# COUNT1: 1
# COUNT2: lps
# elapsed: 10.002871
# pid: 3700660
# status: 0

#### Pass 5


# COUNT0: 30112189
# COUNT1: 1
# COUNT2: lps
# elapsed: 10.003005
# pid: 3700670
# status: 0

# COUNT0: 30185649
# COUNT1: 1
# COUNT2: lps
# elapsed: 10.002713
# pid: 3700672
# status: 0

#### Pass 6


# COUNT0: 30246663
# COUNT1: 1
# COUNT2: lps
# elapsed: 10.003064
# pid: 3700682
# status: 0

# COUNT0: 30185682
# COUNT1: 1
# COUNT2: lps
# elapsed: 10.002891
# pid: 3700684
# status: 0

#### Pass 7


# COUNT0: 30127088
# COUNT1: 1
# COUNT2: lps
# elapsed: 10.003045
# pid: 3700694
# status: 0

# COUNT0: 30194001
# COUNT1: 1
# COUNT2: lps
# elapsed: 10.002848
# pid: 3700696
# status: 0

#### Pass 8


# COUNT0: 29744010
# COUNT1: 1
# COUNT2: lps
# elapsed: 10.002952
# pid: 3700706
# status: 0

# COUNT0: 30067923
# COUNT1: 1
# COUNT2: lps
# elapsed: 10.002739
# pid: 3700708
# status: 0

#### Pass 9


# COUNT0: 30036398
# COUNT1: 1
# COUNT2: lps
# elapsed: 10.002997
# pid: 3700718
# status: 0

# COUNT0: 30103286
# COUNT1: 1
# COUNT2: lps
# elapsed: 10.002783
# pid: 3700720
# status: 0

#### Pass 10


# COUNT0: 30005195
# COUNT1: 1
# COUNT2: lps
# elapsed: 10.003012
# pid: 3700730
# status: 0

# COUNT0: 29960665
# COUNT1: 1
# COUNT2: lps
# elapsed: 10.002808
# pid: 3700732
# status: 0

*Dump score:   59811933.0
*Dump score:   59965860.0
*Dump score:   60139684.0
Count score:   60287646.0
Count score:   60297838.0
Count score:   60304577.0
Count score:   60321089.0
Count score:   60409514.0
Count score:   60428182.0
Count score:   60432345.0

>>>> Sum of 2 copies
>>>> score: 6033679.44819517
>>>> time: 10.0029220714286
>>>> iterations: 7


########################################################
Shell Scripts (1 concurrent) -- 2 copies
==> "/mnt/host0/unixbench/UnixBench/pgms/looper" 60 "/mnt/host0/unixbench/UnixBench/pgms/multi.sh" 1 2>&1 >> "/mnt/host0/unixbench/UnixBench/results/uarf-2025-06-03-02.log"

#### Pass 1


# COUNT0: 3245
# COUNT1: 60
# COUNT2: lpm
# elapsed: 60.006251
# pid: 3700742
# status: 0

# COUNT0: 3239
# COUNT1: 60
# COUNT2: lpm
# elapsed: 60.003195
# pid: 3700744
# status: 0

#### Pass 2


# COUNT0: 3242
# COUNT1: 60
# COUNT2: lpm
# elapsed: 60.020837
# pid: 3759128
# status: 0

# COUNT0: 3246
# COUNT1: 60
# COUNT2: lpm
# elapsed: 60.023037
# pid: 3759130
# status: 0

#### Pass 3


# COUNT0: 3245
# COUNT1: 60
# COUNT2: lpm
# elapsed: 60.009703
# pid: 3817550
# status: 0

# COUNT0: 3244
# COUNT1: 60
# COUNT2: lpm
# elapsed: 60.008312
# pid: 3817552
# status: 0

*Dump score:       6484.0
Count score:       6488.0
Count score:       6489.0

>>>> Sum of 2 copies
>>>> score: 6486.82725482887
>>>> time: 60.01547225
>>>> iterations: 2


########################################################
Shell Scripts (8 concurrent) -- 2 copies
==> "/mnt/host0/unixbench/UnixBench/pgms/looper" 60 "/mnt/host0/unixbench/UnixBench/pgms/multi.sh" 8 2>&1 >> "/mnt/host0/unixbench/UnixBench/results/uarf-2025-06-03-02.log"

#### Pass 1


# COUNT0: 542
# COUNT1: 60
# COUNT2: lpm
# elapsed: 60.044114
# pid: 3875981
# status: 0

# COUNT0: 542
# COUNT1: 60
# COUNT2: lpm
# elapsed: 60.045943
# pid: 3875983
# status: 0

#### Pass 2


# COUNT0: 542
# COUNT1: 60
# COUNT2: lpm
# elapsed: 60.071979
# pid: 3946593
# status: 0

# COUNT0: 542
# COUNT1: 60
# COUNT2: lpm
# elapsed: 60.074174
# pid: 3946595
# status: 0

#### Pass 3


# COUNT0: 542
# COUNT1: 60
# COUNT2: lpm
# elapsed: 60.038385
# pid: 4017195
# status: 0

# COUNT0: 542
# COUNT1: 60
# COUNT2: lpm
# elapsed: 60.036964
# pid: 4017196
# status: 0

*Dump score:       1084.0
Count score:       1084.0
Count score:       1084.0

>>>> Sum of 2 copies
>>>> score: 1083.00051883209
>>>> time: 60.0553755
>>>> iterations: 2

