
########################################################
Dhrystone 2 using register variables -- 1 copy
==> "/mnt/host0/unixbench/UnixBench/pgms/dhry2reg" 10 2>&1 >> "/mnt/host0/unixbench/UnixBench/results/uarf-2025-06-02-03.log"

#### Pass 1


# COUNT0: 691979241
# COUNT1: 1
# COUNT2: lps
# elapsed: 10.002546
# pid: 3840991
# status: 0

#### Pass 2


# COUNT0: 692439430
# COUNT1: 1
# COUNT2: lps
# elapsed: 10.002629
# pid: 3841000
# status: 0

#### Pass 3


# COUNT0: 692073435
# COUNT1: 1
# COUNT2: lps
# elapsed: 10.002566
# pid: 3841009
# status: 0

#### Pass 4


# COUNT0: 692408924
# COUNT1: 1
# COUNT2: lps
# elapsed: 10.002681
# pid: 3841018
# status: 0

#### Pass 5


# COUNT0: 692842829
# COUNT1: 1
# COUNT2: lps
# elapsed: 10.002486
# pid: 3841027
# status: 0

#### Pass 6


# COUNT0: 696265436
# COUNT1: 1
# COUNT2: lps
# elapsed: 10.002687
# pid: 3841036
# status: 0

#### Pass 7


# COUNT0: 696113429
# COUNT1: 1
# COUNT2: lps
# elapsed: 10.002709
# pid: 3841045
# status: 0

#### Pass 8


# COUNT0: 696097552
# COUNT1: 1
# COUNT2: lps
# elapsed: 10.002501
# pid: 3841054
# status: 0

#### Pass 9


# COUNT0: 696190891
# COUNT1: 1
# COUNT2: lps
# elapsed: 10.002438
# pid: 3841063
# status: 0

#### Pass 10


# COUNT0: 691668726
# COUNT1: 1
# COUNT2: lps
# elapsed: 10.002712
# pid: 3841072
# status: 0

*Dump score:  691668726.0
*Dump score:  691979241.0
*Dump score:  692073435.0
Count score:  692408924.0
Count score:  692439430.0
Count score:  692842829.0
Count score:  696097552.0
Count score:  696113429.0
Count score:  696190891.0
Count score:  696265436.0

>>>> Results of 1 copy
>>>> score: 69444046.7959594
>>>> time: 10.0025901428571
>>>> iterations: 7


########################################################
Double-Precision Whetstone -- 1 copy
==> "/mnt/host0/unixbench/UnixBench/pgms/whetstone-double"  2>&1 >> "/mnt/host0/unixbench/UnixBench/results/uarf-2025-06-02-03.log"

#### Pass 1

Calibrate
       0.00 Seconds          1   Passes (x 100)
       0.01 Seconds          5   Passes (x 100)
       0.03 Seconds         25   Passes (x 100)
       0.13 Seconds        125   Passes (x 100)
       0.63 Seconds        625   Passes (x 100)

Use 9851  passes (x 100)

          Double Precision C/C++ Whetstone Benchmark

Loop content                  Result              MFLOPS      MOPS   Seconds

N1 floating point     -1.12398255667392033      2221.385              0.085
N2 floating point     -1.12187079889294417      2798.023              0.473
N3 if then else        1.00000000000000000               12526.287    0.081
N4 fixed point        12.00000000000000000               48327584007.903    0.000
N5 sin,cos etc.        0.49902937281518261                 241.240    3.397
N6 floating point      0.99999987890802811      1337.236              3.974
N7 assignments         3.00000000000000000                8911.792    0.204
N8 exp,sqrt etc.       0.75100163018453958                 214.494    1.708

MWIPS                                           9926.918              9.924


# COUNT0: 9926.918
# COUNT1: 0
# COUNT2: MWIPS
# TIME: 9.924
# elapsed: 11.547633
# pid: 3841081
# status: 0

#### Pass 2

Calibrate
       0.00 Seconds          1   Passes (x 100)
       0.01 Seconds          5   Passes (x 100)
       0.03 Seconds         25   Passes (x 100)
       0.13 Seconds        125   Passes (x 100)
       0.63 Seconds        625   Passes (x 100)

Use 9847  passes (x 100)

          Double Precision C/C++ Whetstone Benchmark

Loop content                  Result              MFLOPS      MOPS   Seconds

N1 floating point     -1.12398255667392033      2221.274              0.085
N2 floating point     -1.12187079889294417      2797.922              0.473
N3 if then else        1.00000000000000000               12529.825    0.081
N4 fixed point        12.00000000000000000               88962755337.051    0.000
N5 sin,cos etc.        0.49902937281518261                 241.351    3.395
N6 floating point      0.99999987890802811      1337.330              3.972
N7 assignments         3.00000000000000000                8913.492    0.204
N8 exp,sqrt etc.       0.75100163018453958                 214.488    1.708

MWIPS                                           9928.752              9.918


# COUNT0: 9928.752
# COUNT1: 0
# COUNT2: MWIPS
# TIME: 9.918
# elapsed: 11.541388
# pid: 3841090
# status: 0

#### Pass 3

Calibrate
       0.00 Seconds          1   Passes (x 100)
       0.01 Seconds          5   Passes (x 100)
       0.03 Seconds         25   Passes (x 100)
       0.13 Seconds        125   Passes (x 100)
       0.63 Seconds        625   Passes (x 100)

Use 9849  passes (x 100)

          Double Precision C/C++ Whetstone Benchmark

Loop content                  Result              MFLOPS      MOPS   Seconds

N1 floating point     -1.12398255667392033      2219.394              0.085
N2 floating point     -1.12187079889294417      2796.776              0.473
N3 if then else        1.00000000000000000               12527.458    0.081
N4 fixed point        12.00000000000000000                   0.000   -0.000
N5 sin,cos etc.        0.49902937281518261                 240.822    3.403
N6 floating point      0.99999987890802811      1337.691              3.971
N7 assignments         3.00000000000000000                8911.292    0.204
N8 exp,sqrt etc.       0.75100163018453958                 214.614    1.707

MWIPS                                           9923.042              9.925


# COUNT0: 9923.042
# COUNT1: 0
# COUNT2: MWIPS
# TIME: 9.925
# elapsed: 11.550042
# pid: 3841099
# status: 0

#### Pass 4

Calibrate
       0.00 Seconds          1   Passes (x 100)
       0.01 Seconds          5   Passes (x 100)
       0.03 Seconds         25   Passes (x 100)
       0.13 Seconds        125   Passes (x 100)
       0.63 Seconds        625   Passes (x 100)

Use 9861  passes (x 100)

          Double Precision C/C++ Whetstone Benchmark

Loop content                  Result              MFLOPS      MOPS   Seconds

N1 floating point     -1.12398255667392033      2221.785              0.085
N2 floating point     -1.12187079889294417      2796.025              0.474
N3 if then else        1.00000000000000000               12507.816    0.082
N4 fixed point        12.00000000000000000                   0.000   -0.000
N5 sin,cos etc.        0.49902937281518261                 241.205    3.401
N6 floating point      0.99999987890802811      1337.155              3.978
N7 assignments         3.00000000000000000                8915.247    0.204
N8 exp,sqrt etc.       0.75100163018453958                 214.566    1.710

MWIPS                                           9926.393              9.934


# COUNT0: 9926.393
# COUNT1: 0
# COUNT2: MWIPS
# TIME: 9.934
# elapsed: 11.558344
# pid: 3841108
# status: 0

#### Pass 5

Calibrate
       0.00 Seconds          1   Passes (x 100)
       0.01 Seconds          5   Passes (x 100)
       0.03 Seconds         25   Passes (x 100)
       0.13 Seconds        125   Passes (x 100)
       0.63 Seconds        625   Passes (x 100)

Use 9859  passes (x 100)

          Double Precision C/C++ Whetstone Benchmark

Loop content                  Result              MFLOPS      MOPS   Seconds

N1 floating point     -1.12398255667392033      2219.191              0.085
N2 floating point     -1.12187079889294417      2795.346              0.474
N3 if then else        1.00000000000000000               12533.235    0.081
N4 fixed point        12.00000000000000000               496408808458.590    0.000
N5 sin,cos etc.        0.49902937281518261                 241.220    3.401
N6 floating point      0.99999987890802811      1337.472              3.976
N7 assignments         3.00000000000000000                8913.088    0.204
N8 exp,sqrt etc.       0.75100163018453958                 214.565    1.709

MWIPS                                           9927.442              9.931


# COUNT0: 9927.442
# COUNT1: 0
# COUNT2: MWIPS
# TIME: 9.931
# elapsed: 11.555859
# pid: 3841117
# status: 0

#### Pass 6

Calibrate
       0.00 Seconds          1   Passes (x 100)
       0.01 Seconds          5   Passes (x 100)
       0.03 Seconds         25   Passes (x 100)
       0.13 Seconds        125   Passes (x 100)
       0.63 Seconds        625   Passes (x 100)

Use 9852  passes (x 100)

          Double Precision C/C++ Whetstone Benchmark

Loop content                  Result              MFLOPS      MOPS   Seconds

N1 floating point     -1.12398255667392033      2219.523              0.085
N2 floating point     -1.12187079889294417      2796.747              0.473
N3 if then else        1.00000000000000000               12531.902    0.081
N4 fixed point        12.00000000000000000               35205662034.278    0.000
N5 sin,cos etc.        0.49902937281518261                 241.151    3.399
N6 floating point      0.99999987890802811      1336.817              3.975
N7 assignments         3.00000000000000000                8882.731    0.205
N8 exp,sqrt etc.       0.75100163018453958                 214.550    1.708

MWIPS                                           9923.952              9.927


# COUNT0: 9923.952
# COUNT1: 0
# COUNT2: MWIPS
# TIME: 9.927
# elapsed: 11.551962
# pid: 3841126
# status: 0

#### Pass 7

Calibrate
       0.00 Seconds          1   Passes (x 100)
       0.01 Seconds          5   Passes (x 100)
       0.03 Seconds         25   Passes (x 100)
       0.13 Seconds        125   Passes (x 100)
       0.63 Seconds        625   Passes (x 100)

Use 9861  passes (x 100)

          Double Precision C/C++ Whetstone Benchmark

Loop content                  Result              MFLOPS      MOPS   Seconds

N1 floating point     -1.12398255667392033      2220.836              0.085
N2 floating point     -1.12187079889294417      2797.653              0.474
N3 if then else        1.00000000000000000               12524.541    0.081
N4 fixed point        12.00000000000000000               3084377255801.144    0.000
N5 sin,cos etc.        0.49902937281518261                 241.261    3.401
N6 floating point      0.99999987890802811      1337.391              3.977
N7 assignments         3.00000000000000000                8904.974    0.205
N8 exp,sqrt etc.       0.75100163018453958                 214.508    1.710

MWIPS                                           9927.536              9.933


# COUNT0: 9927.536
# COUNT1: 0
# COUNT2: MWIPS
# TIME: 9.933
# elapsed: 11.557337
# pid: 3841135
# status: 0

#### Pass 8

Calibrate
       0.00 Seconds          1   Passes (x 100)
       0.01 Seconds          5   Passes (x 100)
       0.03 Seconds         25   Passes (x 100)
       0.13 Seconds        125   Passes (x 100)
       0.63 Seconds        625   Passes (x 100)

Use 9854  passes (x 100)

          Double Precision C/C++ Whetstone Benchmark

Loop content                  Result              MFLOPS      MOPS   Seconds

N1 floating point     -1.12398255667392033      2218.363              0.085
N2 floating point     -1.12187079889294417      2797.001              0.473
N3 if then else        1.00000000000000000               12527.346    0.081
N4 fixed point        12.00000000000000000                   0.000   -0.000
N5 sin,cos etc.        0.49902937281518261                 241.314    3.397
N6 floating point      0.99999987890802811      1336.305              3.978
N7 assignments         3.00000000000000000                8909.662    0.204
N8 exp,sqrt etc.       0.75100163018453958                 214.454    1.709

MWIPS                                           9924.540              9.929


# COUNT0: 9924.540
# COUNT1: 0
# COUNT2: MWIPS
# TIME: 9.929
# elapsed: 11.553979
# pid: 3841144
# status: 0

#### Pass 9

Calibrate
       0.00 Seconds          1   Passes (x 100)
       0.01 Seconds          5   Passes (x 100)
       0.03 Seconds         25   Passes (x 100)
       0.13 Seconds        125   Passes (x 100)
       0.63 Seconds        625   Passes (x 100)

Use 9858  passes (x 100)

          Double Precision C/C++ Whetstone Benchmark

Loop content                  Result              MFLOPS      MOPS   Seconds

N1 floating point     -1.12398255667392033      2219.330              0.085
N2 floating point     -1.12187079889294417      2795.398              0.474
N3 if then else        1.00000000000000000               12519.653    0.081
N4 fixed point        12.00000000000000000               224869586289.651    0.000
N5 sin,cos etc.        0.49902937281518261                 241.225    3.400
N6 floating point      0.99999987890802811      1337.271              3.976
N7 assignments         3.00000000000000000                8910.747    0.204
N8 exp,sqrt etc.       0.75100163018453958                 214.441    1.710

MWIPS                                           9925.796              9.932


# COUNT0: 9925.796
# COUNT1: 0
# COUNT2: MWIPS
# TIME: 9.932
# elapsed: 11.556518
# pid: 3841153
# status: 0

#### Pass 10

Calibrate
       0.00 Seconds          1   Passes (x 100)
       0.01 Seconds          5   Passes (x 100)
       0.03 Seconds         25   Passes (x 100)
       0.13 Seconds        125   Passes (x 100)
       0.63 Seconds        625   Passes (x 100)

Use 9862  passes (x 100)

          Double Precision C/C++ Whetstone Benchmark

Loop content                  Result              MFLOPS      MOPS   Seconds

N1 floating point     -1.12398255667392033      2221.426              0.085
N2 floating point     -1.12187079889294417      2797.376              0.474
N3 if then else        1.00000000000000000               12519.385    0.082
N4 fixed point        12.00000000000000000               46270352988.769    0.000
N5 sin,cos etc.        0.49902937281518261                 241.621    3.396
N6 floating point      0.99999987890802811      1337.490              3.977
N7 assignments         3.00000000000000000                8914.456    0.204
N8 exp,sqrt etc.       0.75100163018453958                 214.591    1.710

MWIPS                                           9933.723              9.928


# COUNT0: 9933.723
# COUNT1: 0
# COUNT2: MWIPS
# TIME: 9.928
# elapsed: 11.551851
# pid: 3841163
# status: 0

*Dump score:       9923.0
*Dump score:       9924.0
*Dump score:       9924.5
Count score:       9925.8
Count score:       9926.4
Count score:       9926.9
Count score:       9927.4
Count score:       9927.5
Count score:       9928.8
Count score:       9933.7

>>>> Results of 1 copy
>>>> score: 9928.07969494853
>>>> time: 9.92857142857143
>>>> iterations: 7


########################################################
Execl Throughput -- 1 copy
==> "/mnt/host0/unixbench/UnixBench/pgms/execl" 30 2>&1 >> "/mnt/host0/unixbench/UnixBench/results/uarf-2025-06-02-03.log"

#### Pass 1


# COUNT0: 55771
# COUNT1: 1
# COUNT2: lps
# elapsed: 29.359882
# pid: 3841173
# status: 0

#### Pass 2


# COUNT0: 56885
# COUNT1: 1
# COUNT2: lps
# elapsed: 29.989837
# pid: 3841182
# status: 0

#### Pass 3


# COUNT0: 56513
# COUNT1: 1
# COUNT2: lps
# elapsed: 29.990083
# pid: 3841191
# status: 0

*Dump score:      55771.0
Count score:      56513.0
Count score:      56885.0

>>>> Results of 1 copy
>>>> score: 1890.58921435408
>>>> time: 29.98996
>>>> iterations: 2


########################################################
File Copy 1024 bufsize 2000 maxblocks -- 1 copy
==> "/mnt/host0/unixbench/UnixBench/pgms/fstime" -c -t 30 -d "/mnt/host0/unixbench/UnixBench/tmp" -b 1024 -m 2000 2>&1 >> "/mnt/host0/unixbench/UnixBench/results/uarf-2025-06-02-03.log"

#### Pass 1

Write done: 216000 in 2.0347, score 26539
Read done: 197924 in 2.0001, score 24739
Copy done: 1524880 in 30.0001, score 12707

# COUNT0: 12707
# COUNT1: 0
# COUNT2: KBps
# TIME: 30.0
# elapsed: 45.072247
# pid: 3841200
# status: 0

#### Pass 2

Write done: 208000 in 2.0579, score 25268
Read done: 220436 in 2.0000, score 27554
Copy done: 1506680 in 30.0000, score 12555

# COUNT0: 12555
# COUNT1: 0
# COUNT2: KBps
# TIME: 30.0
# elapsed: 45.067064
# pid: 3841209
# status: 0

#### Pass 3

Write done: 208000 in 2.0735, score 25078
Read done: 199148 in 2.0000, score 24892
Copy done: 1506624 in 30.0001, score 12555

# COUNT0: 12555
# COUNT1: 0
# COUNT2: KBps
# TIME: 30.0
# elapsed: 45.081661
# pid: 3841218
# status: 0

*Dump score:      12555.0
Count score:      12555.0
Count score:      12707.0

>>>> Results of 1 copy
>>>> score: 12630.7713541177
>>>> time: 30
>>>> iterations: 2


########################################################
File Copy 256 bufsize 500 maxblocks -- 1 copy
==> "/mnt/host0/unixbench/UnixBench/pgms/fstime" -c -t 30 -d "/mnt/host0/unixbench/UnixBench/tmp" -b 256 -m 500 2>&1 >> "/mnt/host0/unixbench/UnixBench/results/uarf-2025-06-02-03.log"

#### Pass 1

Write done: 64000 in 2.0834, score 7679
Read done: 49881 in 2.0000, score 6234
Copy done: 366969 in 30.0000, score 3058

# COUNT0: 3058
# COUNT1: 0
# COUNT2: KBps
# TIME: 30.0
# elapsed: 45.091598
# pid: 3841227
# status: 0

#### Pass 2

Write done: 50000 in 2.0522, score 6091
Read done: 49756 in 2.0000, score 6219
Copy done: 367529 in 30.0001, score 3062

# COUNT0: 3062
# COUNT1: 0
# COUNT2: KBps
# TIME: 30.0
# elapsed: 45.061269
# pid: 3841236
# status: 0

#### Pass 3

Write done: 68000 in 2.0159, score 8432
Read done: 49304 in 2.0000, score 6162
Copy done: 370064 in 30.0000, score 3083

# COUNT0: 3083
# COUNT1: 0
# COUNT2: KBps
# TIME: 30.0
# elapsed: 45.024224
# pid: 3841246
# status: 0

*Dump score:       3058.0
Count score:       3062.0
Count score:       3083.0

>>>> Results of 1 copy
>>>> score: 3072.48205853183
>>>> time: 30
>>>> iterations: 2


########################################################
File Copy 4096 bufsize 8000 maxblocks -- 1 copy
==> "/mnt/host0/unixbench/UnixBench/pgms/fstime" -c -t 30 -d "/mnt/host0/unixbench/UnixBench/tmp" -b 4096 -m 8000 2>&1 >> "/mnt/host0/unixbench/UnixBench/results/uarf-2025-06-02-03.log"

#### Pass 1

Write done: 960000 in 2.0187, score 118891
Read done: 841216 in 2.0000, score 105149
Copy done: 5933472 in 30.0001, score 49445

# COUNT0: 49445
# COUNT1: 0
# COUNT2: KBps
# TIME: 30.0
# elapsed: 45.029863
# pid: 3841255
# status: 0

#### Pass 2

Write done: 960000 in 2.0678, score 116065
Read done: 780208 in 2.0000, score 97524
Copy done: 5795504 in 30.0001, score 48295

# COUNT0: 48295
# COUNT1: 0
# COUNT2: KBps
# TIME: 30.0
# elapsed: 45.079463
# pid: 3841264
# status: 0

#### Pass 3

Write done: 768000 in 2.0005, score 95976
Read done: 776240 in 2.0000, score 97028
Copy done: 5860640 in 30.0000, score 48838

# COUNT0: 48838
# COUNT1: 0
# COUNT2: KBps
# TIME: 30.0
# elapsed: 45.012192
# pid: 3841273
# status: 0

*Dump score:      48295.0
Count score:      48838.0
Count score:      49445.0

>>>> Results of 1 copy
>>>> score: 49140.5627765901
>>>> time: 30
>>>> iterations: 2


########################################################
Pipe Throughput -- 1 copy
==> "/mnt/host0/unixbench/UnixBench/pgms/pipe" 10 2>&1 >> "/mnt/host0/unixbench/UnixBench/results/uarf-2025-06-02-03.log"

#### Pass 1


# COUNT0: 35468892
# COUNT1: 1
# COUNT2: lps
# elapsed: 10.002485
# pid: 3841282
# status: 0

#### Pass 2


# COUNT0: 35336489
# COUNT1: 1
# COUNT2: lps
# elapsed: 10.002583
# pid: 3841291
# status: 0

#### Pass 3


# COUNT0: 35527869
# COUNT1: 1
# COUNT2: lps
# elapsed: 10.002536
# pid: 3841300
# status: 0

#### Pass 4


# COUNT0: 36038020
# COUNT1: 1
# COUNT2: lps
# elapsed: 10.002531
# pid: 3841309
# status: 0

#### Pass 5


# COUNT0: 35598843
# COUNT1: 1
# COUNT2: lps
# elapsed: 10.002562
# pid: 3841318
# status: 0

#### Pass 6


# COUNT0: 35415964
# COUNT1: 1
# COUNT2: lps
# elapsed: 10.002410
# pid: 3841327
# status: 0

#### Pass 7


# COUNT0: 35439210
# COUNT1: 1
# COUNT2: lps
# elapsed: 10.002545
# pid: 3841336
# status: 0

#### Pass 8


# COUNT0: 35414094
# COUNT1: 1
# COUNT2: lps
# elapsed: 10.002422
# pid: 3841345
# status: 0

#### Pass 9


# COUNT0: 35559082
# COUNT1: 1
# COUNT2: lps
# elapsed: 10.002517
# pid: 3841354
# status: 0

#### Pass 10


# COUNT0: 35644383
# COUNT1: 1
# COUNT2: lps
# elapsed: 10.002471
# pid: 3841364
# status: 0

*Dump score:   35336489.0
*Dump score:   35414094.0
*Dump score:   35415964.0
Count score:   35439210.0
Count score:   35468892.0
Count score:   35527869.0
Count score:   35559082.0
Count score:   35598843.0
Count score:   35644383.0
Count score:   36038020.0

>>>> Results of 1 copy
>>>> score: 3560144.00610068
>>>> time: 10.002521
>>>> iterations: 7


########################################################
Pipe-based Context Switching -- 1 copy
==> "/mnt/host0/unixbench/UnixBench/pgms/context1" 10 2>&1 >> "/mnt/host0/unixbench/UnixBench/results/uarf-2025-06-02-03.log"

#### Pass 1


# COUNT0: 458635
# COUNT1: 1
# COUNT2: lps
# elapsed: 10.002312
# pid: 3841373
# status: 0

#### Pass 2


# COUNT0: 457969
# COUNT1: 1
# COUNT2: lps
# elapsed: 10.002464
# pid: 3841386
# status: 0

#### Pass 3


# COUNT0: 454853
# COUNT1: 1
# COUNT2: lps
# elapsed: 10.002519
# pid: 3841396
# status: 0

#### Pass 4


# COUNT0: 459506
# COUNT1: 1
# COUNT2: lps
# elapsed: 10.002502
# pid: 3841406
# status: 0

#### Pass 5


# COUNT0: 452719
# COUNT1: 1
# COUNT2: lps
# elapsed: 10.002502
# pid: 3841416
# status: 0

#### Pass 6


# COUNT0: 456818
# COUNT1: 1
# COUNT2: lps
# elapsed: 10.002398
# pid: 3841426
# status: 0

#### Pass 7


# COUNT0: 454108
# COUNT1: 1
# COUNT2: lps
# elapsed: 10.002608
# pid: 3841436
# status: 0

#### Pass 8


# COUNT0: 456243
# COUNT1: 1
# COUNT2: lps
# elapsed: 10.002434
# pid: 3841446
# status: 0

#### Pass 9


# COUNT0: 466948
# COUNT1: 1
# COUNT2: lps
# elapsed: 10.002348
# pid: 3841456
# status: 0

#### Pass 10


# COUNT0: 457373
# COUNT1: 1
# COUNT2: lps
# elapsed: 10.002363
# pid: 3841466
# status: 0

*Dump score:     452719.0
*Dump score:     454108.0
*Dump score:     454853.0
Count score:     456243.0
Count score:     456818.0
Count score:     457373.0
Count score:     457969.0
Count score:     458635.0
Count score:     459506.0
Count score:     466948.0

>>>> Results of 1 copy
>>>> score: 45894.7715767495
>>>> time: 10.002403
>>>> iterations: 7


########################################################
Process Creation -- 1 copy
==> "/mnt/host0/unixbench/UnixBench/pgms/spawn" 30 2>&1 >> "/mnt/host0/unixbench/UnixBench/results/uarf-2025-06-02-03.log"

#### Pass 1


# COUNT0: 554552
# COUNT1: 1
# COUNT2: lps
# elapsed: 30.002832
# pid: 3841476
# status: 0

#### Pass 2


# COUNT0: 537692
# COUNT1: 1
# COUNT2: lps
# elapsed: 30.002600
# pid: 202034
# status: 0

#### Pass 3


# COUNT0: 539860
# COUNT1: 1
# COUNT2: lps
# elapsed: 30.002660
# pid: 739736
# status: 0

*Dump score:     537692.0
Count score:     539860.0
Count score:     554552.0

>>>> Results of 1 copy
>>>> score: 18236.8870292776
>>>> time: 30.002746
>>>> iterations: 2


########################################################
System Call Overhead -- 1 copy
==> "/mnt/host0/unixbench/UnixBench/pgms/syscall" 10 2>&1 >> "/mnt/host0/unixbench/UnixBench/results/uarf-2025-06-02-03.log"

#### Pass 1


# COUNT0: 39721233
# COUNT1: 1
# COUNT2: lps
# elapsed: 10.002521
# pid: 1279606
# status: 0

#### Pass 2


# COUNT0: 28426427
# COUNT1: 1
# COUNT2: lps
# elapsed: 10.006248
# pid: 1279615
# status: 0

#### Pass 3


# COUNT0: 39310638
# COUNT1: 1
# COUNT2: lps
# elapsed: 10.007624
# pid: 1279624
# status: 0

#### Pass 4


# COUNT0: 39665813
# COUNT1: 1
# COUNT2: lps
# elapsed: 10.002693
# pid: 1279633
# status: 0

#### Pass 5


# COUNT0: 39676757
# COUNT1: 1
# COUNT2: lps
# elapsed: 10.002584
# pid: 1279642
# status: 0

#### Pass 6


# COUNT0: 39669713
# COUNT1: 1
# COUNT2: lps
# elapsed: 10.002689
# pid: 1279651
# status: 0

#### Pass 7


# COUNT0: 39604408
# COUNT1: 1
# COUNT2: lps
# elapsed: 10.002511
# pid: 1279662
# status: 0

#### Pass 8


# COUNT0: 39590066
# COUNT1: 1
# COUNT2: lps
# elapsed: 10.002463
# pid: 1279671
# status: 0

#### Pass 9


# COUNT0: 39719741
# COUNT1: 1
# COUNT2: lps
# elapsed: 10.002672
# pid: 1279680
# status: 0

#### Pass 10


# COUNT0: 39699620
# COUNT1: 1
# COUNT2: lps
# elapsed: 10.002511
# pid: 1279689
# status: 0

*Dump score:   28426427.0
*Dump score:   39310638.0
*Dump score:   39590066.0
Count score:   39604408.0
Count score:   39665813.0
Count score:   39669713.0
Count score:   39676757.0
Count score:   39699620.0
Count score:   39719741.0
Count score:   39721233.0

>>>> Results of 1 copy
>>>> score: 3966929.14345221
>>>> time: 10.0025972857143
>>>> iterations: 7


########################################################
Shell Scripts (1 concurrent) -- 1 copy
==> "/mnt/host0/unixbench/UnixBench/pgms/looper" 60 "/mnt/host0/unixbench/UnixBench/pgms/multi.sh" 1 2>&1 >> "/mnt/host0/unixbench/UnixBench/results/uarf-2025-06-02-03.log"

#### Pass 1


# COUNT0: 4837
# COUNT1: 60
# COUNT2: lpm
# elapsed: 60.004820
# pid: 1279698
# status: 0

#### Pass 2


# COUNT0: 4837
# COUNT1: 60
# COUNT2: lpm
# elapsed: 60.010185
# pid: 1323249
# status: 0

#### Pass 3


# COUNT0: 4277
# COUNT1: 60
# COUNT2: lpm
# elapsed: 60.003739
# pid: 1366800
# status: 0

*Dump score:       4277.0
Count score:       4837.0
Count score:       4837.0

>>>> Results of 1 copy
>>>> score: 4836.39525390977
>>>> time: 60.0075025
>>>> iterations: 2


########################################################
Shell Scripts (8 concurrent) -- 1 copy
==> "/mnt/host0/unixbench/UnixBench/pgms/looper" 60 "/mnt/host0/unixbench/UnixBench/pgms/multi.sh" 8 2>&1 >> "/mnt/host0/unixbench/UnixBench/results/uarf-2025-06-02-03.log"

#### Pass 1


# COUNT0: 984
# COUNT1: 60
# COUNT2: lpm
# elapsed: 60.004971
# pid: 1405311
# status: 0

#### Pass 2


# COUNT0: 997
# COUNT1: 60
# COUNT2: lpm
# elapsed: 60.021244
# pid: 1469345
# status: 0

#### Pass 3


# COUNT0: 997
# COUNT1: 60
# COUNT2: lpm
# elapsed: 60.045322
# pid: 1534225
# status: 0

*Dump score:        984.0
Count score:        997.0
Count score:        997.0

>>>> Results of 1 copy
>>>> score: 996.447274137155
>>>> time: 60.033283
>>>> iterations: 2


########################################################
Dhrystone 2 using register variables -- 2 copies
==> "/mnt/host0/unixbench/UnixBench/pgms/dhry2reg" 10 2>&1 >> "/mnt/host0/unixbench/UnixBench/results/uarf-2025-06-02-03.log"

#### Pass 1


# COUNT0: 482064651
# COUNT1: 1
# COUNT2: lps
# elapsed: 10.004080
# pid: 1599104
# status: 0

# COUNT0: 482427882
# COUNT1: 1
# COUNT2: lps
# elapsed: 10.002781
# pid: 1599106
# status: 0

#### Pass 2


# COUNT0: 479916839
# COUNT1: 1
# COUNT2: lps
# elapsed: 10.002950
# pid: 1599116
# status: 0

# COUNT0: 479799075
# COUNT1: 1
# COUNT2: lps
# elapsed: 10.002806
# pid: 1599118
# status: 0

#### Pass 3


# COUNT0: 481620643
# COUNT1: 1
# COUNT2: lps
# elapsed: 10.003216
# pid: 1599128
# status: 0

# COUNT0: 481662076
# COUNT1: 1
# COUNT2: lps
# elapsed: 10.002963
# pid: 1599130
# status: 0

#### Pass 4


# COUNT0: 481969009
# COUNT1: 1
# COUNT2: lps
# elapsed: 10.003683
# pid: 1599140
# status: 0

# COUNT0: 482472539
# COUNT1: 1
# COUNT2: lps
# elapsed: 10.002995
# pid: 1599142
# status: 0

#### Pass 5


# COUNT0: 481433599
# COUNT1: 1
# COUNT2: lps
# elapsed: 10.003223
# pid: 1599152
# status: 0

# COUNT0: 481951252
# COUNT1: 1
# COUNT2: lps
# elapsed: 10.002946
# pid: 1599154
# status: 0

#### Pass 6


# COUNT0: 479859745
# COUNT1: 1
# COUNT2: lps
# elapsed: 10.003261
# pid: 1599164
# status: 0

# COUNT0: 479643767
# COUNT1: 1
# COUNT2: lps
# elapsed: 10.002860
# pid: 1599166
# status: 0

#### Pass 7


# COUNT0: 482252118
# COUNT1: 1
# COUNT2: lps
# elapsed: 10.003266
# pid: 1599176
# status: 0

# COUNT0: 482176060
# COUNT1: 1
# COUNT2: lps
# elapsed: 10.003440
# pid: 1599178
# status: 0

#### Pass 8


# COUNT0: 482256516
# COUNT1: 1
# COUNT2: lps
# elapsed: 10.003277
# pid: 1599188
# status: 0

# COUNT0: 482342575
# COUNT1: 1
# COUNT2: lps
# elapsed: 10.003018
# pid: 1599190
# status: 0

#### Pass 9


# COUNT0: 482345773
# COUNT1: 1
# COUNT2: lps
# elapsed: 10.003273
# pid: 1599200
# status: 0

# COUNT0: 482346610
# COUNT1: 1
# COUNT2: lps
# elapsed: 10.002994
# pid: 1599202
# status: 0

#### Pass 10


# COUNT0: 482328158
# COUNT1: 1
# COUNT2: lps
# elapsed: 10.003457
# pid: 1599212
# status: 0

# COUNT0: 481907593
# COUNT1: 1
# COUNT2: lps
# elapsed: 10.002848
# pid: 1599214
# status: 0

*Dump score:  959503512.0
*Dump score:  959715914.0
*Dump score:  963282719.0
Count score:  963384851.0
Count score:  964235751.0
Count score:  964428178.0
Count score:  964441548.0
Count score:  964492533.0
Count score:  964599091.0
Count score:  964692383.0

>>>> Sum of 2 copies
>>>> score: 96401302.3300935
>>>> time: 10.0032343571429
>>>> iterations: 7


########################################################
Double-Precision Whetstone -- 2 copies
==> "/mnt/host0/unixbench/UnixBench/pgms/whetstone-double"  2>&1 >> "/mnt/host0/unixbench/UnixBench/results/uarf-2025-06-02-03.log"

#### Pass 1

Calibrate
       0.00 Seconds          1   Passes (x 100)
       0.01 Seconds          5   Passes (x 100)
       0.03 Seconds         25   Passes (x 100)
       0.15 Seconds        125   Passes (x 100)
       0.73 Seconds        625   Passes (x 100)

Use 8540  passes (x 100)

          Double Precision C/C++ Whetstone Benchmark

Loop content                  Result              MFLOPS      MOPS   Seconds

N1 floating point     -1.12398255667392033      2232.309              0.073
N2 floating point     -1.12187079889294417      2785.019              0.412
N3 if then else        1.00000000000000000                6676.307    0.132
N4 fixed point        12.00000000000000000                   0.000   -0.000
N5 sin,cos etc.        0.49902937281518261                 190.159    3.736
N6 floating point      0.99999987890802811      1334.405              3.452
N7 assignments         3.00000000000000000                6621.598    0.238
N8 exp,sqrt etc.       0.75100163018453958                 182.066    1.745

MWIPS                                           8723.375              9.790

Calibrate
       0.00 Seconds          1   Passes (x 100)
       0.01 Seconds          5   Passes (x 100)
       0.03 Seconds         25   Passes (x 100)
       0.15 Seconds        125   Passes (x 100)
       0.73 Seconds        625   Passes (x 100)

Use 8546  passes (x 100)

          Double Precision C/C++ Whetstone Benchmark

Loop content                  Result              MFLOPS      MOPS   Seconds

N1 floating point     -1.12398255667392033      2231.817              0.074
N2 floating point     -1.12187079889294417      2785.935              0.412
N3 if then else        1.00000000000000000                6680.190    0.132
N4 fixed point        12.00000000000000000                   0.000   -0.000
N5 sin,cos etc.        0.49902937281518261                 190.199    3.738
N6 floating point      0.99999987890802811      1334.873              3.453
N7 assignments         3.00000000000000000                6644.063    0.238
N8 exp,sqrt etc.       0.75100163018453958                 182.173    1.745

MWIPS                                           8726.954              9.793


# COUNT0: 8726.954
# COUNT1: 0
# COUNT2: MWIPS
# TIME: 9.793
# elapsed: 11.436654
# pid: 1599224
# status: 0

# COUNT0: 8723.375
# COUNT1: 0
# COUNT2: MWIPS
# TIME: 9.790
# elapsed: 11.433939
# pid: 1599226
# status: 0

#### Pass 2

Calibrate
       0.00 Seconds          1   Passes (x 100)
       0.01 Seconds          5   Passes (x 100)
       0.03 Seconds         25   Passes (x 100)
       0.15 Seconds        125   Passes (x 100)
       0.73 Seconds        625   Passes (x 100)

Use 8540  passes (x 100)

          Double Precision C/C++ Whetstone Benchmark

Loop content                  Result              MFLOPS      MOPS   Seconds

N1 floating point     -1.12398255667392033      2232.339              0.073
N2 floating point     -1.12187079889294417      2783.567              0.412
N3 if then else        1.00000000000000000                6676.459    0.132
N4 fixed point        12.00000000000000000                   0.000   -0.000
N5 sin,cos etc.        0.49902937281518261                 190.114    3.737
N6 floating point      0.99999987890802811      1334.297              3.452
N7 assignments         3.00000000000000000                6581.559    0.240
N8 exp,sqrt etc.       0.75100163018453958                 182.669    1.739

MWIPS                                           8725.992              9.787

Calibrate
       0.00 Seconds          1   Passes (x 100)
       0.01 Seconds          5   Passes (x 100)
       0.03 Seconds         25   Passes (x 100)
       0.15 Seconds        125   Passes (x 100)
       0.73 Seconds        625   Passes (x 100)

Use 8547  passes (x 100)

          Double Precision C/C++ Whetstone Benchmark

Loop content                  Result              MFLOPS      MOPS   Seconds

N1 floating point     -1.12398255667392033      2231.735              0.074
N2 floating point     -1.12187079889294417      2783.958              0.413
N3 if then else        1.00000000000000000                6683.098    0.132
N4 fixed point        12.00000000000000000               33341438701.698    0.000
N5 sin,cos etc.        0.49902937281518261                 190.069    3.741
N6 floating point      0.99999987890802811      1334.631              3.454
N7 assignments         3.00000000000000000                6643.112    0.238
N8 exp,sqrt etc.       0.75100163018453958                 182.790    1.739

MWIPS                                           8729.123              9.791


# COUNT0: 8725.992
# COUNT1: 0
# COUNT2: MWIPS
# TIME: 9.787
# elapsed: 11.430965
# pid: 1599236
# status: 0

# COUNT0: 8729.123
# COUNT1: 0
# COUNT2: MWIPS
# TIME: 9.791
# elapsed: 11.435203
# pid: 1599238
# status: 0

#### Pass 3

Calibrate
       0.00 Seconds          1   Passes (x 100)
       0.01 Seconds          5   Passes (x 100)
       0.03 Seconds         25   Passes (x 100)
       0.15 Seconds        125   Passes (x 100)
       0.73 Seconds        625   Passes (x 100)

Use 8543  passes (x 100)

          Double Precision C/C++ Whetstone Benchmark

Loop content                  Result              MFLOPS      MOPS   Seconds

N1 floating point     -1.12398255667392033      2232.573              0.073
N2 floating point     -1.12187079889294417      2784.747              0.412
N3 if then else        1.00000000000000000                6678.249    0.132
N4 fixed point        12.00000000000000000               559874064478.482    0.000
N5 sin,cos etc.        0.49902937281518261                 190.086    3.739
N6 floating point      0.99999987890802811      1334.303              3.454
N7 assignments         3.00000000000000000                6582.088    0.240
N8 exp,sqrt etc.       0.75100163018453958                 182.706    1.739

MWIPS                                           8726.043              9.790

Calibrate
       0.00 Seconds          1   Passes (x 100)
       0.01 Seconds          5   Passes (x 100)
       0.03 Seconds         25   Passes (x 100)
       0.15 Seconds        125   Passes (x 100)
       0.73 Seconds        625   Passes (x 100)

Use 8552  passes (x 100)

          Double Precision C/C++ Whetstone Benchmark

Loop content                  Result              MFLOPS      MOPS   Seconds

N1 floating point     -1.12398255667392033      2231.906              0.074
N2 floating point     -1.12187079889294417      2785.574              0.413
N3 if then else        1.00000000000000000                6686.041    0.132
N4 fixed point        12.00000000000000000               139783153678.855    0.000
N5 sin,cos etc.        0.49902937281518261                 190.118    3.743
N6 floating point      0.99999987890802811      1334.735              3.456
N7 assignments         3.00000000000000000                6642.274    0.238
N8 exp,sqrt etc.       0.75100163018453958                 182.807    1.740

MWIPS                                           8730.620              9.795


# COUNT0: 8726.043
# COUNT1: 0
# COUNT2: MWIPS
# TIME: 9.790
# elapsed: 11.434397
# pid: 1599248
# status: 0

# COUNT0: 8730.620
# COUNT1: 0
# COUNT2: MWIPS
# TIME: 9.795
# elapsed: 11.439259
# pid: 1599250
# status: 0

#### Pass 4

Calibrate
       0.00 Seconds          1   Passes (x 100)
       0.01 Seconds          5   Passes (x 100)
       0.03 Seconds         25   Passes (x 100)
       0.15 Seconds        125   Passes (x 100)
       0.73 Seconds        625   Passes (x 100)

Use 8549  passes (x 100)

          Double Precision C/C++ Whetstone Benchmark

Loop content                  Result              MFLOPS      MOPS   Seconds

N1 floating point     -1.12398255667392033      2231.857              0.074
N2 floating point     -1.12187079889294417      2784.705              0.413
N3 if then else        1.00000000000000000                6679.462    0.132
N4 fixed point        12.00000000000000000                   0.000   -0.000
N5 sin,cos etc.        0.49902937281518261                 190.101    3.742
N6 floating point      0.99999987890802811      1334.652              3.455
N7 assignments         3.00000000000000000                6580.619    0.240
N8 exp,sqrt etc.       0.75100163018453958                 182.765    1.740

MWIPS                                           8727.545              9.795

Calibrate
       0.00 Seconds          1   Passes (x 100)
       0.01 Seconds          5   Passes (x 100)
       0.03 Seconds         25   Passes (x 100)
       0.15 Seconds        125   Passes (x 100)
       0.73 Seconds        625   Passes (x 100)

Use 8546  passes (x 100)

          Double Precision C/C++ Whetstone Benchmark

Loop content                  Result              MFLOPS      MOPS   Seconds

N1 floating point     -1.12398255667392033      2232.637              0.073
N2 floating point     -1.12187079889294417      2783.929              0.413
N3 if then else        1.00000000000000000                6679.389    0.132
N4 fixed point        12.00000000000000000                   0.000   -0.000
N5 sin,cos etc.        0.49902937281518261                 190.023    3.742
N6 floating point      0.99999987890802811      1331.790              3.461
N7 assignments         3.00000000000000000                6645.044    0.238
N8 exp,sqrt etc.       0.75100163018453958                 182.713    1.740

MWIPS                                           8721.121              9.799


# COUNT0: 8721.121
# COUNT1: 0
# COUNT2: MWIPS
# TIME: 9.799
# elapsed: 11.443645
# pid: 1599260
# status: 0

# COUNT0: 8727.545
# COUNT1: 0
# COUNT2: MWIPS
# TIME: 9.795
# elapsed: 11.439213
# pid: 1599262
# status: 0

#### Pass 5

Calibrate
       0.00 Seconds          1   Passes (x 100)
       0.01 Seconds          5   Passes (x 100)
       0.03 Seconds         25   Passes (x 100)
       0.15 Seconds        125   Passes (x 100)
       0.73 Seconds        625   Passes (x 100)

Use 8533  passes (x 100)

          Double Precision C/C++ Whetstone Benchmark

Loop content                  Result              MFLOPS      MOPS   Seconds

N1 floating point     -1.12398255667392033      2233.447              0.073
N2 floating point     -1.12187079889294417      2785.217              0.412
N3 if then else        1.00000000000000000                6683.558    0.132
N4 fixed point        12.00000000000000000                   0.000   -0.000
N5 sin,cos etc.        0.49902937281518261                 190.156    3.733
N6 floating point      0.99999987890802811      1334.710              3.448
N7 assignments         3.00000000000000000                6592.663    0.239
N8 exp,sqrt etc.       0.75100163018453958                 182.613    1.738

MWIPS                                           8727.930              9.777

Calibrate
       0.00 Seconds          1   Passes (x 100)
       0.01 Seconds          5   Passes (x 100)
       0.03 Seconds         25   Passes (x 100)
       0.15 Seconds        125   Passes (x 100)
       0.73 Seconds        625   Passes (x 100)

Use 8536  passes (x 100)

          Double Precision C/C++ Whetstone Benchmark

Loop content                  Result              MFLOPS      MOPS   Seconds

N1 floating point     -1.12398255667392033      2233.118              0.073
N2 floating point     -1.12187079889294417      2784.695              0.412
N3 if then else        1.00000000000000000                6673.178    0.132
N4 fixed point        12.00000000000000000                   0.000   -0.000
N5 sin,cos etc.        0.49902937281518261                 190.084    3.736
N6 floating point      0.99999987890802811      1334.404              3.450
N7 assignments         3.00000000000000000                6648.095    0.237
N8 exp,sqrt etc.       0.75100163018453958                 182.576    1.739

MWIPS                                           8727.185              9.781


# COUNT0: 8727.185
# COUNT1: 0
# COUNT2: MWIPS
# TIME: 9.781
# elapsed: 11.424617
# pid: 1599272
# status: 0

# COUNT0: 8727.930
# COUNT1: 0
# COUNT2: MWIPS
# TIME: 9.777
# elapsed: 11.419609
# pid: 1599274
# status: 0

#### Pass 6

Calibrate
       0.00 Seconds          1   Passes (x 100)
       0.01 Seconds          5   Passes (x 100)
       0.03 Seconds         25   Passes (x 100)
       0.15 Seconds        125   Passes (x 100)
       0.73 Seconds        625   Passes (x 100)

Use 8526  passes (x 100)

          Double Precision C/C++ Whetstone Benchmark

Loop content                  Result              MFLOPS      MOPS   Seconds

N1 floating point     -1.12398255667392033      2232.975              0.073
N2 floating point     -1.12187079889294417      2784.474              0.412
N3 if then else        1.00000000000000000                6684.151    0.132
N4 fixed point        12.00000000000000000               51858982664.864    0.000
N5 sin,cos etc.        0.49902937281518261                 190.156    3.730
N6 floating point      0.99999987890802811      1334.216              3.447
N7 assignments         3.00000000000000000                6639.657    0.237
N8 exp,sqrt etc.       0.75100163018453958                 181.558    1.747

MWIPS                                           8719.198              9.778

Calibrate
       0.00 Seconds          1   Passes (x 100)
       0.01 Seconds          5   Passes (x 100)
       0.03 Seconds         25   Passes (x 100)
       0.15 Seconds        125   Passes (x 100)
       0.73 Seconds        625   Passes (x 100)

Use 8527  passes (x 100)

          Double Precision C/C++ Whetstone Benchmark

Loop content                  Result              MFLOPS      MOPS   Seconds

N1 floating point     -1.12398255667392033      2232.665              0.073
N2 floating point     -1.12187079889294417      2781.367              0.412
N3 if then else        1.00000000000000000                6692.285    0.132
N4 fixed point        12.00000000000000000               23269005044.067    0.000
N5 sin,cos etc.        0.49902937281518261                 190.109    3.732
N6 floating point      0.99999987890802811      1334.397              3.447
N7 assignments         3.00000000000000000                6660.224    0.237
N8 exp,sqrt etc.       0.75100163018453958                 181.539    1.747

MWIPS                                           8719.003              9.780


# COUNT0: 8719.198
# COUNT1: 0
# COUNT2: MWIPS
# TIME: 9.778
# elapsed: 11.421779
# pid: 1599284
# status: 0

# COUNT0: 8719.003
# COUNT1: 0
# COUNT2: MWIPS
# TIME: 9.780
# elapsed: 11.423258
# pid: 1599286
# status: 0

#### Pass 7

Calibrate
       0.00 Seconds          1   Passes (x 100)
       0.01 Seconds          5   Passes (x 100)
       0.03 Seconds         25   Passes (x 100)
       0.15 Seconds        125   Passes (x 100)
       0.76 Seconds        625   Passes (x 100)

Use 8203  passes (x 100)

          Double Precision C/C++ Whetstone Benchmark

Loop content                  Result              MFLOPS      MOPS   Seconds

N1 floating point     -1.12398255667392033      2233.451              0.071
N2 floating point     -1.12187079889294417      2781.687              0.396
N3 if then else        1.00000000000000000                6820.729    0.124
N4 fixed point        12.00000000000000000                   0.000   -0.000
N5 sin,cos etc.        0.49902937281518261                 166.636    4.096
N6 floating point      0.99999987890802811      1334.494              3.316
N7 assignments         3.00000000000000000                6068.026    0.250
N8 exp,sqrt etc.       0.75100163018453958                 184.633    1.653

MWIPS                                           8281.485              9.905

Calibrate
       0.00 Seconds          1   Passes (x 100)
       0.01 Seconds          5   Passes (x 100)
       0.03 Seconds         25   Passes (x 100)
       0.14 Seconds        125   Passes (x 100)
       0.71 Seconds        625   Passes (x 100)

Use 8753  passes (x 100)

          Double Precision C/C++ Whetstone Benchmark

Loop content                  Result              MFLOPS      MOPS   Seconds

N1 floating point     -1.12398255667392033      2232.377              0.075
N2 floating point     -1.12187079889294417      2783.016              0.423
N3 if then else        1.00000000000000000                6822.006    0.133
N4 fixed point        12.00000000000000000                   0.000   -0.000
N5 sin,cos etc.        0.49902937281518261                 198.299    3.672
N6 floating point      0.99999987890802811      1332.449              3.543
N7 assignments         3.00000000000000000                5010.282    0.323
N8 exp,sqrt etc.       0.75100163018453958                 185.846    1.752

MWIPS                                           8822.214              9.922


# COUNT0: 8822.214
# COUNT1: 0
# COUNT2: MWIPS
# TIME: 9.922
# elapsed: 11.556520
# pid: 1599296
# status: 0

# COUNT0: 8281.485
# COUNT1: 0
# COUNT2: MWIPS
# TIME: 9.905
# elapsed: 11.554984
# pid: 1599298
# status: 0

#### Pass 8

Calibrate
       0.00 Seconds          1   Passes (x 100)
       0.01 Seconds          5   Passes (x 100)
       0.03 Seconds         25   Passes (x 100)
       0.15 Seconds        125   Passes (x 100)
       0.73 Seconds        625   Passes (x 100)

Use 8536  passes (x 100)

          Double Precision C/C++ Whetstone Benchmark

Loop content                  Result              MFLOPS      MOPS   Seconds

N1 floating point     -1.12398255667392033      2232.433              0.073
N2 floating point     -1.12187079889294417      2782.229              0.412
N3 if then else        1.00000000000000000                6680.803    0.132
N4 fixed point        12.00000000000000000                   0.000   -0.000
N5 sin,cos etc.        0.49902937281518261                 190.055    3.737
N6 floating point      0.99999987890802811      1334.175              3.451
N7 assignments         3.00000000000000000                6640.819    0.238
N8 exp,sqrt etc.       0.75100163018453958                 181.535    1.749

MWIPS                                           8716.802              9.793

Calibrate
       0.00 Seconds          1   Passes (x 100)
       0.01 Seconds          5   Passes (x 100)
       0.03 Seconds         25   Passes (x 100)
       0.15 Seconds        125   Passes (x 100)
       0.73 Seconds        625   Passes (x 100)

Use 8543  passes (x 100)

          Double Precision C/C++ Whetstone Benchmark

Loop content                  Result              MFLOPS      MOPS   Seconds

N1 floating point     -1.12398255667392033      2233.206              0.073
N2 floating point     -1.12187079889294417      2785.173              0.412
N3 if then else        1.00000000000000000                6679.362    0.132
N4 fixed point        12.00000000000000000                   0.000   -0.000
N5 sin,cos etc.        0.49902937281518261                 190.166    3.738
N6 floating point      0.99999987890802811      1334.795              3.452
N7 assignments         3.00000000000000000                6659.717    0.237
N8 exp,sqrt etc.       0.75100163018453958                 181.666    1.749

MWIPS                                           8722.282              9.794


# COUNT0: 8722.282
# COUNT1: 0
# COUNT2: MWIPS
# TIME: 9.794
# elapsed: 11.438304
# pid: 1599309
# status: 0

# COUNT0: 8716.802
# COUNT1: 0
# COUNT2: MWIPS
# TIME: 9.793
# elapsed: 11.436415
# pid: 1599311
# status: 0

#### Pass 9

Calibrate
       0.00 Seconds          1   Passes (x 100)
       0.01 Seconds          5   Passes (x 100)
       0.03 Seconds         25   Passes (x 100)
       0.15 Seconds        125   Passes (x 100)
       0.73 Seconds        625   Passes (x 100)

Use 8529  passes (x 100)

          Double Precision C/C++ Whetstone Benchmark

Loop content                  Result              MFLOPS      MOPS   Seconds

N1 floating point     -1.12398255667392033      2232.850              0.073
N2 floating point     -1.12187079889294417      2784.851              0.412
N3 if then else        1.00000000000000000                6685.181    0.132
N4 fixed point        12.00000000000000000                   0.000   -0.000
N5 sin,cos etc.        0.49902937281518261                 190.156    3.732
N6 floating point      0.99999987890802811      1334.479              3.447
N7 assignments         3.00000000000000000                6579.477    0.240
N8 exp,sqrt etc.       0.75100163018453958                 182.842    1.735

MWIPS                                           8728.882              9.771

Calibrate
       0.00 Seconds          1   Passes (x 100)
       0.01 Seconds          5   Passes (x 100)
       0.03 Seconds         25   Passes (x 100)
       0.15 Seconds        125   Passes (x 100)
       0.73 Seconds        625   Passes (x 100)

Use 8534  passes (x 100)

          Double Precision C/C++ Whetstone Benchmark

Loop content                  Result              MFLOPS      MOPS   Seconds

N1 floating point     -1.12398255667392033      2231.251              0.073
N2 floating point     -1.12187079889294417      2784.738              0.412
N3 if then else        1.00000000000000000                6692.755    0.132
N4 fixed point        12.00000000000000000               26544300942.372    0.000
N5 sin,cos etc.        0.49902937281518261                 190.076    3.736
N6 floating point      0.99999987890802811      1334.464              3.450
N7 assignments         3.00000000000000000                6645.552    0.237
N8 exp,sqrt etc.       0.75100163018453958                 182.841    1.736

MWIPS                                           8729.628              9.776


# COUNT0: 8729.628
# COUNT1: 0
# COUNT2: MWIPS
# TIME: 9.776
# elapsed: 11.420359
# pid: 1599321
# status: 0

# COUNT0: 8728.882
# COUNT1: 0
# COUNT2: MWIPS
# TIME: 9.771
# elapsed: 11.414629
# pid: 1599323
# status: 0

#### Pass 10

Calibrate
       0.00 Seconds          1   Passes (x 100)
       0.01 Seconds          5   Passes (x 100)
       0.03 Seconds         25   Passes (x 100)
       0.15 Seconds        125   Passes (x 100)
       0.73 Seconds        625   Passes (x 100)

Use 8541  passes (x 100)

          Double Precision C/C++ Whetstone Benchmark

Loop content                  Result              MFLOPS      MOPS   Seconds

N1 floating point     -1.12398255667392033      2233.668              0.073
N2 floating point     -1.12187079889294417      2784.203              0.412
N3 if then else        1.00000000000000000                6680.925    0.132
N4 fixed point        12.00000000000000000                   0.000   -0.000
N5 sin,cos etc.        0.49902937281518261                 190.185    3.736
N6 floating point      0.99999987890802811      1334.856              3.451
N7 assignments         3.00000000000000000                6641.685    0.238
N8 exp,sqrt etc.       0.75100163018453958                 182.332    1.743

MWIPS                                           8727.789              9.786

Calibrate
       0.00 Seconds          1   Passes (x 100)
       0.01 Seconds          5   Passes (x 100)
       0.03 Seconds         25   Passes (x 100)
       0.15 Seconds        125   Passes (x 100)
       0.73 Seconds        625   Passes (x 100)

Use 8538  passes (x 100)

          Double Precision C/C++ Whetstone Benchmark

Loop content                  Result              MFLOPS      MOPS   Seconds

N1 floating point     -1.12398255667392033      2232.260              0.073
N2 floating point     -1.12187079889294417      2784.118              0.412
N3 if then else        1.00000000000000000                6686.054    0.132
N4 fixed point        12.00000000000000000               61779566224.910    0.000
N5 sin,cos etc.        0.49902937281518261                 190.045    3.738
N6 floating point      0.99999987890802811      1334.308              3.452
N7 assignments         3.00000000000000000                6623.661    0.238
N8 exp,sqrt etc.       0.75100163018453958                 182.223    1.743

MWIPS                                           8722.606              9.788


# COUNT0: 8727.789
# COUNT1: 0
# COUNT2: MWIPS
# TIME: 9.786
# elapsed: 11.429619
# pid: 1599333
# status: 0

# COUNT0: 8722.606
# COUNT1: 0
# COUNT2: MWIPS
# TIME: 9.788
# elapsed: 11.432432
# pid: 1599335
# status: 0

*Dump score:      17103.7
*Dump score:      17438.2
*Dump score:      17439.1
Count score:      17448.7
Count score:      17450.3
Count score:      17450.4
Count score:      17455.1
Count score:      17455.1
Count score:      17456.7
Count score:      17458.5

>>>> Sum of 2 copies
>>>> score: 17453.5415159374
>>>> time: 9.78707142857143
>>>> iterations: 7


########################################################
Execl Throughput -- 2 copies
==> "/mnt/host0/unixbench/UnixBench/pgms/execl" 30 2>&1 >> "/mnt/host0/unixbench/UnixBench/results/uarf-2025-06-02-03.log"

#### Pass 1


# COUNT0: 38703
# COUNT1: 1
# COUNT2: lps
# elapsed: 29.825619
# pid: 1599345
# status: 0

# COUNT0: 38731
# COUNT1: 1
# COUNT2: lps
# elapsed: 29.826502
# pid: 1599347
# status: 0

#### Pass 2


# COUNT0: 38952
# COUNT1: 1
# COUNT2: lps
# elapsed: 29.985747
# pid: 1599357
# status: 0

# COUNT0: 39003
# COUNT1: 1
# COUNT2: lps
# elapsed: 29.985458
# pid: 1599359
# status: 0

#### Pass 3


# COUNT0: 39072
# COUNT1: 1
# COUNT2: lps
# elapsed: 29.986299
# pid: 1599369
# status: 0

# COUNT0: 39132
# COUNT1: 1
# COUNT2: lps
# elapsed: 29.984758
# pid: 1599371
# status: 0

*Dump score:      77434.0
Count score:      77955.0
Count score:      78204.0

>>>> Sum of 2 copies
>>>> score: 2603.89955762507
>>>> time: 29.9855655
>>>> iterations: 2


########################################################
File Copy 1024 bufsize 2000 maxblocks -- 2 copies
==> "/mnt/host0/unixbench/UnixBench/pgms/fstime" -c -t 30 -d "/mnt/host0/unixbench/UnixBench/tmp" -b 1024 -m 2000 2>&1 >> "/mnt/host0/unixbench/UnixBench/results/uarf-2025-06-02-03.log"

#### Pass 1

Write done: 184000 in 2.0301, score 22658
Read done: 184916 in 2.0000, score 23114
Copy done: 1316760 in 30.0001, score 10972
Write done: 184000 in 2.0321, score 22636
Read done: 184860 in 2.0000, score 23107
Copy done: 1314272 in 30.0002, score 10952

# COUNT0: 10972
# COUNT1: 0
# COUNT2: KBps
# TIME: 30.0
# elapsed: 45.041024
# pid: 1599381
# status: 0

# COUNT0: 10952
# COUNT1: 0
# COUNT2: KBps
# TIME: 30.0
# elapsed: 45.042439
# pid: 1599383
# status: 0

#### Pass 2

Write done: 152000 in 2.0051, score 18951
Read done: 136472 in 2.0000, score 17058
Copy done: 1149164 in 30.0001, score 9576
Write done: 152000 in 2.0330, score 18691
Read done: 137276 in 2.0000, score 17159
Copy done: 1146464 in 30.0000, score 9553

# COUNT0: 9576
# COUNT1: 0
# COUNT2: KBps
# TIME: 30.0
# elapsed: 45.016170
# pid: 1599393
# status: 0

# COUNT0: 9553
# COUNT1: 0
# COUNT2: KBps
# TIME: 30.0
# elapsed: 45.043300
# pid: 1599395
# status: 0

#### Pass 3

Write done: 160000 in 2.0530, score 19483
Read done: 147168 in 2.0001, score 18395
Copy done: 1294148 in 30.0001, score 10784
Write done: 160000 in 2.0633, score 19386
Read done: 154596 in 2.0000, score 19324
Copy done: 1293296 in 30.0001, score 10777

# COUNT0: 10777
# COUNT1: 0
# COUNT2: KBps
# TIME: 30.0
# elapsed: 45.072966
# pid: 1599405
# status: 0

# COUNT0: 10784
# COUNT1: 0
# COUNT2: KBps
# TIME: 30.0
# elapsed: 45.063838
# pid: 1599407
# status: 0

*Dump score:      19129.0
Count score:      21561.0
Count score:      21924.0

>>>> Sum of 2 copies
>>>> score: 21741.7424324731
>>>> time: 30
>>>> iterations: 2


########################################################
File Copy 256 bufsize 500 maxblocks -- 2 copies
==> "/mnt/host0/unixbench/UnixBench/pgms/fstime" -c -t 30 -d "/mnt/host0/unixbench/UnixBench/tmp" -b 256 -m 500 2>&1 >> "/mnt/host0/unixbench/UnixBench/results/uarf-2025-06-02-03.log"

#### Pass 1

Write done: 40000 in 2.0598, score 4854
Read done: 32129 in 2.0001, score 4015
Copy done: 321838 in 30.0001, score 2681
Write done: 40000 in 2.0790, score 4809
Read done: 32120 in 2.0000, score 4014
Copy done: 321678 in 30.0000, score 2680

# COUNT0: 2680
# COUNT1: 0
# COUNT2: KBps
# TIME: 30.0
# elapsed: 45.089044
# pid: 1599417
# status: 0

# COUNT0: 2681
# COUNT1: 0
# COUNT2: KBps
# TIME: 30.0
# elapsed: 45.071143
# pid: 1599419
# status: 0

#### Pass 2

Write done: 38000 in 2.0570, score 4618
Read done: 37896 in 2.0000, score 4736
Copy done: 300112 in 30.0001, score 2500
Write done: 38000 in 2.0780, score 4571
Read done: 38113 in 2.0000, score 4764
Copy done: 300392 in 30.0001, score 2503

# COUNT0: 2503
# COUNT1: 0
# COUNT2: KBps
# TIME: 30.0
# elapsed: 45.088737
# pid: 1599430
# status: 0

# COUNT0: 2500
# COUNT1: 0
# COUNT2: KBps
# TIME: 30.0
# elapsed: 45.068563
# pid: 1599432
# status: 0

#### Pass 3

Write done: 40000 in 2.0591, score 4856
Read done: 41282 in 2.0000, score 5160
Copy done: 332970 in 30.0001, score 2774
Write done: 40000 in 2.0608, score 4852
Read done: 41345 in 2.0000, score 5168
Copy done: 332943 in 30.0001, score 2774

# COUNT0: 2774
# COUNT1: 0
# COUNT2: KBps
# TIME: 30.0
# elapsed: 45.070310
# pid: 1599442
# status: 0

# COUNT0: 2774
# COUNT1: 0
# COUNT2: KBps
# TIME: 30.0
# elapsed: 45.069530
# pid: 1599444
# status: 0

*Dump score:       5003.0
Count score:       5361.0
Count score:       5548.0

>>>> Sum of 2 copies
>>>> score: 5453.69856152685
>>>> time: 30
>>>> iterations: 2


########################################################
File Copy 4096 bufsize 8000 maxblocks -- 2 copies
==> "/mnt/host0/unixbench/UnixBench/pgms/fstime" -c -t 30 -d "/mnt/host0/unixbench/UnixBench/tmp" -b 4096 -m 8000 2>&1 >> "/mnt/host0/unixbench/UnixBench/results/uarf-2025-06-02-03.log"

#### Pass 1

Write done: 672000 in 2.0082, score 83658
Read done: 653568 in 2.0000, score 81694
Copy done: 4478496 in 30.0001, score 37320
Write done: 672000 in 2.0145, score 83393
Read done: 643536 in 2.0000, score 80440
Copy done: 4470832 in 30.0000, score 37256

# COUNT0: 37256
# COUNT1: 0
# COUNT2: KBps
# TIME: 30.0
# elapsed: 45.028093
# pid: 1599454
# status: 0

# COUNT0: 37320
# COUNT1: 0
# COUNT2: KBps
# TIME: 30.0
# elapsed: 45.022894
# pid: 1599456
# status: 0

#### Pass 2

Write done: 576000 in 2.0779, score 69302
Read done: 678864 in 2.0000, score 84857
Copy done: 4506240 in 30.0000, score 37551
Write done: 576000 in 2.0894, score 68919
Read done: 672272 in 2.0000, score 84032
Copy done: 4504736 in 30.0001, score 37539

# COUNT0: 37539
# COUNT1: 0
# COUNT2: KBps
# TIME: 30.0
# elapsed: 45.101852
# pid: 1599466
# status: 0

# COUNT0: 37551
# COUNT1: 0
# COUNT2: KBps
# TIME: 30.0
# elapsed: 45.091141
# pid: 1599468
# status: 0

#### Pass 3

Write done: 608000 in 2.0065, score 75755
Read done: 576608 in 2.0001, score 72072
Copy done: 4164224 in 30.0000, score 34701
Write done: 640000 in 2.0651, score 77479
Read done: 607040 in 2.0001, score 75877
Copy done: 4174416 in 30.0000, score 34786

# COUNT0: 34701
# COUNT1: 0
# COUNT2: KBps
# TIME: 30.0
# elapsed: 45.020860
# pid: 1599478
# status: 0

# COUNT0: 34786
# COUNT1: 0
# COUNT2: KBps
# TIME: 30.0
# elapsed: 45.077574
# pid: 1599480
# status: 0

*Dump score:      69487.0
Count score:      74576.0
Count score:      75090.0

>>>> Sum of 2 copies
>>>> score: 74832.5586893834
>>>> time: 30
>>>> iterations: 2


########################################################
Pipe Throughput -- 2 copies
==> "/mnt/host0/unixbench/UnixBench/pgms/pipe" 10 2>&1 >> "/mnt/host0/unixbench/UnixBench/results/uarf-2025-06-02-03.log"

#### Pass 1


# COUNT0: 27332128
# COUNT1: 1
# COUNT2: lps
# elapsed: 10.003057
# pid: 1599490
# status: 0

# COUNT0: 27327137
# COUNT1: 1
# COUNT2: lps
# elapsed: 10.002825
# pid: 1599492
# status: 0

#### Pass 2


# COUNT0: 27049641
# COUNT1: 1
# COUNT2: lps
# elapsed: 10.003339
# pid: 1599502
# status: 0

# COUNT0: 26898776
# COUNT1: 1
# COUNT2: lps
# elapsed: 10.002969
# pid: 1599504
# status: 0

#### Pass 3


# COUNT0: 27041111
# COUNT1: 1
# COUNT2: lps
# elapsed: 10.003136
# pid: 1599514
# status: 0

# COUNT0: 27132855
# COUNT1: 1
# COUNT2: lps
# elapsed: 10.002943
# pid: 1599516
# status: 0

#### Pass 4


# COUNT0: 26741772
# COUNT1: 1
# COUNT2: lps
# elapsed: 10.003217
# pid: 1599526
# status: 0

# COUNT0: 27020583
# COUNT1: 1
# COUNT2: lps
# elapsed: 10.002807
# pid: 1599528
# status: 0

#### Pass 5


# COUNT0: 26979118
# COUNT1: 1
# COUNT2: lps
# elapsed: 10.003114
# pid: 1599538
# status: 0

# COUNT0: 27084821
# COUNT1: 1
# COUNT2: lps
# elapsed: 10.002924
# pid: 1599540
# status: 0

#### Pass 6


# COUNT0: 27357170
# COUNT1: 1
# COUNT2: lps
# elapsed: 10.003186
# pid: 1599550
# status: 0

# COUNT0: 27384644
# COUNT1: 1
# COUNT2: lps
# elapsed: 10.002795
# pid: 1599552
# status: 0

#### Pass 7


# COUNT0: 26935072
# COUNT1: 1
# COUNT2: lps
# elapsed: 10.003332
# pid: 1599563
# status: 0

# COUNT0: 27139967
# COUNT1: 1
# COUNT2: lps
# elapsed: 10.003562
# pid: 1599565
# status: 0

#### Pass 8


# COUNT0: 27165982
# COUNT1: 1
# COUNT2: lps
# elapsed: 10.003317
# pid: 1599575
# status: 0

# COUNT0: 27266365
# COUNT1: 1
# COUNT2: lps
# elapsed: 10.003015
# pid: 1599577
# status: 0

#### Pass 9


# COUNT0: 27197954
# COUNT1: 1
# COUNT2: lps
# elapsed: 10.004184
# pid: 1599587
# status: 0

# COUNT0: 27107992
# COUNT1: 1
# COUNT2: lps
# elapsed: 10.003006
# pid: 1599589
# status: 0

#### Pass 10


# COUNT0: 27133371
# COUNT1: 1
# COUNT2: lps
# elapsed: 10.003215
# pid: 1599599
# status: 0

# COUNT0: 27215341
# COUNT1: 1
# COUNT2: lps
# elapsed: 10.002820
# pid: 1599601
# status: 0

*Dump score:   53762355.0
*Dump score:   53948417.0
*Dump score:   54063939.0
Count score:   54075039.0
Count score:   54173966.0
Count score:   54305946.0
Count score:   54348712.0
Count score:   54432347.0
Count score:   54659265.0
Count score:   54741814.0

>>>> Sum of 2 copies
>>>> score: 5437330.84739863
>>>> time: 10.0031709285714
>>>> iterations: 7


########################################################
Pipe-based Context Switching -- 2 copies
==> "/mnt/host0/unixbench/UnixBench/pgms/context1" 10 2>&1 >> "/mnt/host0/unixbench/UnixBench/results/uarf-2025-06-02-03.log"

#### Pass 1


# COUNT0: 3779807
# COUNT1: 1
# COUNT2: lps
# elapsed: 10.003484
# pid: 1599611
# status: 0

# COUNT0: 3773881
# COUNT1: 1
# COUNT2: lps
# elapsed: 10.002924
# pid: 1599613
# status: 0

#### Pass 2


# COUNT0: 3722138
# COUNT1: 1
# COUNT2: lps
# elapsed: 10.003154
# pid: 1599625
# status: 0

# COUNT0: 3747704
# COUNT1: 1
# COUNT2: lps
# elapsed: 10.003128
# pid: 1599627
# status: 0

#### Pass 3


# COUNT0: 3783813
# COUNT1: 1
# COUNT2: lps
# elapsed: 10.003124
# pid: 1599639
# status: 0

# COUNT0: 3771140
# COUNT1: 1
# COUNT2: lps
# elapsed: 10.003837
# pid: 1599641
# status: 0

#### Pass 4


# COUNT0: 3807389
# COUNT1: 1
# COUNT2: lps
# elapsed: 10.003326
# pid: 1599653
# status: 0

# COUNT0: 3802803
# COUNT1: 1
# COUNT2: lps
# elapsed: 10.003042
# pid: 1599655
# status: 0

#### Pass 5


# COUNT0: 3822330
# COUNT1: 1
# COUNT2: lps
# elapsed: 10.003173
# pid: 1599667
# status: 0

# COUNT0: 3804798
# COUNT1: 1
# COUNT2: lps
# elapsed: 10.003800
# pid: 1599669
# status: 0

#### Pass 6


# COUNT0: 3799468
# COUNT1: 1
# COUNT2: lps
# elapsed: 10.004264
# pid: 1599681
# status: 0

# COUNT0: 3823412
# COUNT1: 1
# COUNT2: lps
# elapsed: 10.003024
# pid: 1599683
# status: 0

#### Pass 7


# COUNT0: 3794815
# COUNT1: 1
# COUNT2: lps
# elapsed: 10.003266
# pid: 1599695
# status: 0

# COUNT0: 3773591
# COUNT1: 1
# COUNT2: lps
# elapsed: 10.002837
# pid: 1599697
# status: 0

#### Pass 8


# COUNT0: 3778627
# COUNT1: 1
# COUNT2: lps
# elapsed: 10.003149
# pid: 1599709
# status: 0

# COUNT0: 3789618
# COUNT1: 1
# COUNT2: lps
# elapsed: 10.002886
# pid: 1599711
# status: 0

#### Pass 9


# COUNT0: 3761674
# COUNT1: 1
# COUNT2: lps
# elapsed: 10.003327
# pid: 1599723
# status: 0

# COUNT0: 3799633
# COUNT1: 1
# COUNT2: lps
# elapsed: 10.003021
# pid: 1599725
# status: 0

#### Pass 10


# COUNT0: 3794089
# COUNT1: 1
# COUNT2: lps
# elapsed: 10.003020
# pid: 1599737
# status: 0

# COUNT0: 3835166
# COUNT1: 1
# COUNT2: lps
# elapsed: 10.002740
# pid: 1599739
# status: 0

*Dump score:    7469842.0
*Dump score:    7553688.0
*Dump score:    7554953.0
Count score:    7561307.0
Count score:    7568245.0
Count score:    7568406.0
Count score:    7610192.0
Count score:    7622880.0
Count score:    7627128.0
Count score:    7629255.0

>>>> Sum of 2 copies
>>>> score: 759571.354858166
>>>> time: 10.0032053571429
>>>> iterations: 7


########################################################
Process Creation -- 2 copies
==> "/mnt/host0/unixbench/UnixBench/pgms/spawn" 30 2>&1 >> "/mnt/host0/unixbench/UnixBench/results/uarf-2025-06-02-03.log"

#### Pass 1


# COUNT0: 654273
# COUNT1: 1
# COUNT2: lps
# elapsed: 30.003489
# pid: 1599751
# status: 0

# COUNT0: 635230
# COUNT1: 1
# COUNT2: lps
# elapsed: 30.002915
# pid: 1599753
# status: 0

#### Pass 2


# COUNT0: 668959
# COUNT1: 1
# COUNT2: lps
# elapsed: 30.003359
# pid: 2889268
# status: 0

# COUNT0: 673960
# COUNT1: 1
# COUNT2: lps
# elapsed: 30.002963
# pid: 2889270
# status: 0

#### Pass 3


# COUNT0: 648960
# COUNT1: 1
# COUNT2: lps
# elapsed: 30.003513
# pid: 38201
# status: 0

# COUNT0: 639976
# COUNT1: 1
# COUNT2: lps
# elapsed: 30.002855
# pid: 38203
# status: 0

*Dump score:    1288936.0
Count score:    1289503.0
Count score:    1342919.0

>>>> Sum of 2 copies
>>>> score: 43860.0152570539
>>>> time: 30.0031815
>>>> iterations: 2


########################################################
System Call Overhead -- 2 copies
==> "/mnt/host0/unixbench/UnixBench/pgms/syscall" 10 2>&1 >> "/mnt/host0/unixbench/UnixBench/results/uarf-2025-06-02-03.log"

#### Pass 1


# COUNT0: 30081054
# COUNT1: 1
# COUNT2: lps
# elapsed: 10.003813
# pid: 1327151
# status: 0

# COUNT0: 30083980
# COUNT1: 1
# COUNT2: lps
# elapsed: 10.002794
# pid: 1327153
# status: 0

#### Pass 2


# COUNT0: 29903383
# COUNT1: 1
# COUNT2: lps
# elapsed: 10.003307
# pid: 1327163
# status: 0

# COUNT0: 29920492
# COUNT1: 1
# COUNT2: lps
# elapsed: 10.002926
# pid: 1327165
# status: 0

#### Pass 3


# COUNT0: 30147516
# COUNT1: 1
# COUNT2: lps
# elapsed: 10.003332
# pid: 1327175
# status: 0

# COUNT0: 30136936
# COUNT1: 1
# COUNT2: lps
# elapsed: 10.002949
# pid: 1327177
# status: 0

#### Pass 4


# COUNT0: 30075717
# COUNT1: 1
# COUNT2: lps
# elapsed: 10.003161
# pid: 1327187
# status: 0

# COUNT0: 30071104
# COUNT1: 1
# COUNT2: lps
# elapsed: 10.003798
# pid: 1327189
# status: 0

#### Pass 5


# COUNT0: 30084979
# COUNT1: 1
# COUNT2: lps
# elapsed: 10.003364
# pid: 1327199
# status: 0

# COUNT0: 30108083
# COUNT1: 1
# COUNT2: lps
# elapsed: 10.002987
# pid: 1327201
# status: 0

#### Pass 6


# COUNT0: 30201069
# COUNT1: 1
# COUNT2: lps
# elapsed: 10.003512
# pid: 1327211
# status: 0

# COUNT0: 30199654
# COUNT1: 1
# COUNT2: lps
# elapsed: 10.003103
# pid: 1327213
# status: 0

#### Pass 7


# COUNT0: 30066281
# COUNT1: 1
# COUNT2: lps
# elapsed: 10.003221
# pid: 1327223
# status: 0

# COUNT0: 30067074
# COUNT1: 1
# COUNT2: lps
# elapsed: 10.003038
# pid: 1327225
# status: 0

#### Pass 8


# COUNT0: 30072790
# COUNT1: 1
# COUNT2: lps
# elapsed: 10.004264
# pid: 1327235
# status: 0

# COUNT0: 30084099
# COUNT1: 1
# COUNT2: lps
# elapsed: 10.002980
# pid: 1327237
# status: 0

#### Pass 9


# COUNT0: 30187926
# COUNT1: 1
# COUNT2: lps
# elapsed: 10.004360
# pid: 1327247
# status: 0

# COUNT0: 30193697
# COUNT1: 1
# COUNT2: lps
# elapsed: 10.003010
# pid: 1327249
# status: 0

#### Pass 10


# COUNT0: 30068658
# COUNT1: 1
# COUNT2: lps
# elapsed: 10.003287
# pid: 1327259
# status: 0

# COUNT0: 30038430
# COUNT1: 1
# COUNT2: lps
# elapsed: 10.002906
# pid: 1327261
# status: 0

*Dump score:   59823875.0
*Dump score:   60107088.0
*Dump score:   60133355.0
Count score:   60146821.0
Count score:   60156889.0
Count score:   60165034.0
Count score:   60193062.0
Count score:   60284452.0
Count score:   60381623.0
Count score:   60400723.0

>>>> Sum of 2 copies
>>>> score: 6022645.68093586
>>>> time: 10.0033876428571
>>>> iterations: 7


########################################################
Shell Scripts (1 concurrent) -- 2 copies
==> "/mnt/host0/unixbench/UnixBench/pgms/looper" 60 "/mnt/host0/unixbench/UnixBench/pgms/multi.sh" 1 2>&1 >> "/mnt/host0/unixbench/UnixBench/results/uarf-2025-06-02-03.log"

#### Pass 1


# COUNT0: 3108
# COUNT1: 60
# COUNT2: lpm
# elapsed: 60.020952
# pid: 1327271
# status: 0

# COUNT0: 3106
# COUNT1: 60
# COUNT2: lpm
# elapsed: 60.019525
# pid: 1327273
# status: 0

#### Pass 2


# COUNT0: 3107
# COUNT1: 60
# COUNT2: lpm
# elapsed: 60.015089
# pid: 1383227
# status: 0

# COUNT0: 3105
# COUNT1: 60
# COUNT2: lpm
# elapsed: 60.013235
# pid: 1383229
# status: 0

#### Pass 3


# COUNT0: 3115
# COUNT1: 60
# COUNT2: lpm
# elapsed: 60.003769
# pid: 1439165
# status: 0

# COUNT0: 3116
# COUNT1: 60
# COUNT2: lpm
# elapsed: 60.005952
# pid: 1439167
# status: 0

*Dump score:       6212.0
Count score:       6214.0
Count score:       6231.0

>>>> Sum of 2 copies
>>>> score: 6221.19303116
>>>> time: 60.0125495
>>>> iterations: 2


########################################################
Shell Scripts (8 concurrent) -- 2 copies
==> "/mnt/host0/unixbench/UnixBench/pgms/looper" 60 "/mnt/host0/unixbench/UnixBench/pgms/multi.sh" 8 2>&1 >> "/mnt/host0/unixbench/UnixBench/results/uarf-2025-06-02-03.log"

#### Pass 1


# COUNT0: 522
# COUNT1: 60
# COUNT2: lpm
# elapsed: 60.014051
# pid: 1495274
# status: 0

# COUNT0: 522
# COUNT1: 60
# COUNT2: lpm
# elapsed: 60.015197
# pid: 1495276
# status: 0

#### Pass 2


# COUNT0: 522
# COUNT1: 60
# COUNT2: lpm
# elapsed: 60.011210
# pid: 1563277
# status: 0

# COUNT0: 522
# COUNT1: 60
# COUNT2: lpm
# elapsed: 60.009596
# pid: 1563279
# status: 0

#### Pass 3


# COUNT0: 522
# COUNT1: 60
# COUNT2: lpm
# elapsed: 60.058555
# pid: 1631280
# status: 0

# COUNT0: 522
# COUNT1: 60
# COUNT2: lpm
# elapsed: 60.061310
# pid: 1631282
# status: 0

*Dump score:       1044.0
Count score:       1044.0
Count score:       1044.0

>>>> Sum of 2 copies
>>>> score: 1043.38852837467
>>>> time: 60.03516775
>>>> iterations: 2

