
########################################################
Dhrystone 2 using register variables -- 1 copy
==> "/mnt/host0/unixbench/UnixBench/pgms/dhry2reg" 10 2>&1 >> "/mnt/host0/unixbench/UnixBench/results/uarf-2025-06-04-05.log"

#### Pass 1


# COUNT0: 692784815
# COUNT1: 1
# COUNT2: lps
# elapsed: 10.002456
# pid: 2067125
# status: 0

#### Pass 2


# COUNT0: 696112662
# COUNT1: 1
# COUNT2: lps
# elapsed: 10.002418
# pid: 2067134
# status: 0

#### Pass 3


# COUNT0: 694038492
# COUNT1: 1
# COUNT2: lps
# elapsed: 10.002608
# pid: 2067143
# status: 0

#### Pass 4


# COUNT0: 691746507
# COUNT1: 1
# COUNT2: lps
# elapsed: 10.002418
# pid: 2067152
# status: 0

#### Pass 5


# COUNT0: 693111745
# COUNT1: 1
# COUNT2: lps
# elapsed: 10.002565
# pid: 2067161
# status: 0

#### Pass 6


# COUNT0: 693607295
# COUNT1: 1
# COUNT2: lps
# elapsed: 10.002582
# pid: 2067170
# status: 0

#### Pass 7


# COUNT0: 691258870
# COUNT1: 1
# COUNT2: lps
# elapsed: 10.002423
# pid: 2067179
# status: 0

#### Pass 8


# COUNT0: 691530662
# COUNT1: 1
# COUNT2: lps
# elapsed: 10.002602
# pid: 2067188
# status: 0

#### Pass 9


# COUNT0: 696571898
# COUNT1: 1
# COUNT2: lps
# elapsed: 10.002451
# pid: 2067198
# status: 0

#### Pass 10


# COUNT0: 687532705
# COUNT1: 1
# COUNT2: lps
# elapsed: 10.002539
# pid: 2067207
# status: 0

*Dump score:  687532705.0
*Dump score:  691258870.0
*Dump score:  691530662.0
Count score:  691746507.0
Count score:  692784815.0
Count score:  693111745.0
Count score:  693607295.0
Count score:  694038492.0
Count score:  696112662.0
Count score:  696571898.0

>>>> Results of 1 copy
>>>> score: 69382085.581061
>>>> time: 10.0024997142857
>>>> iterations: 7


########################################################
Double-Precision Whetstone -- 1 copy
==> "/mnt/host0/unixbench/UnixBench/pgms/whetstone-double"  2>&1 >> "/mnt/host0/unixbench/UnixBench/results/uarf-2025-06-04-05.log"

#### Pass 1

Calibrate
       0.00 Seconds          1   Passes (x 100)
       0.01 Seconds          5   Passes (x 100)
       0.03 Seconds         25   Passes (x 100)
       0.13 Seconds        125   Passes (x 100)
       0.63 Seconds        625   Passes (x 100)

Use 9859  passes (x 100)

          Double Precision C/C++ Whetstone Benchmark

Loop content                  Result              MFLOPS      MOPS   Seconds

N1 floating point     -1.12398255667392033      2220.128              0.085
N2 floating point     -1.12187079889294417      2797.151              0.474
N3 if then else        1.00000000000000000               12526.921    0.081
N4 fixed point        12.00000000000000000                   0.000   -0.000
N5 sin,cos etc.        0.49902937281518261                 241.250    3.400
N6 floating point      0.99999987890802811      1338.340              3.974
N7 assignments         3.00000000000000000                8916.194    0.204
N8 exp,sqrt etc.       0.75100163018453958                 214.683    1.708

MWIPS                                           9931.751              9.927


# COUNT0: 9931.751
# COUNT1: 0
# COUNT2: MWIPS
# TIME: 9.927
# elapsed: 11.551266
# pid: 2067216
# status: 0

#### Pass 2

Calibrate
       0.00 Seconds          1   Passes (x 100)
       0.01 Seconds          5   Passes (x 100)
       0.03 Seconds         25   Passes (x 100)
       0.13 Seconds        125   Passes (x 100)
       0.63 Seconds        625   Passes (x 100)

Use 9851  passes (x 100)

          Double Precision C/C++ Whetstone Benchmark

Loop content                  Result              MFLOPS      MOPS   Seconds

N1 floating point     -1.12398255667392033      2220.277              0.085
N2 floating point     -1.12187079889294417      2799.858              0.473
N3 if then else        1.00000000000000000               12532.464    0.081
N4 fixed point        12.00000000000000000                   0.000   -0.000
N5 sin,cos etc.        0.49902937281518261                 241.336    3.396
N6 floating point      0.99999987890802811      1337.946              3.971
N7 assignments         3.00000000000000000                8915.189    0.204
N8 exp,sqrt etc.       0.75100163018453958                 214.644    1.707

MWIPS                                           9931.957              9.918


# COUNT0: 9931.957
# COUNT1: 0
# COUNT2: MWIPS
# TIME: 9.918
# elapsed: 11.542392
# pid: 2067225
# status: 0

#### Pass 3

Calibrate
       0.00 Seconds          1   Passes (x 100)
       0.01 Seconds          5   Passes (x 100)
       0.03 Seconds         25   Passes (x 100)
       0.13 Seconds        125   Passes (x 100)
       0.63 Seconds        625   Passes (x 100)

Use 9845  passes (x 100)

          Double Precision C/C++ Whetstone Benchmark

Loop content                  Result              MFLOPS      MOPS   Seconds

N1 floating point     -1.12398255667392033      2220.142              0.085
N2 floating point     -1.12187079889294417      2796.065              0.473
N3 if then else        1.00000000000000000               12521.307    0.081
N4 fixed point        12.00000000000000000               40901309591.995    0.000
N5 sin,cos etc.        0.49902937281518261                 240.776    3.402
N6 floating point      0.99999987890802811      1337.798              3.970
N7 assignments         3.00000000000000000                8916.668    0.204
N8 exp,sqrt etc.       0.75100163018453958                 214.645    1.706

MWIPS                                           9922.940              9.921


# COUNT0: 9922.940
# COUNT1: 0
# COUNT2: MWIPS
# TIME: 9.921
# elapsed: 11.545778
# pid: 2067235
# status: 0

#### Pass 4

Calibrate
       0.00 Seconds          1   Passes (x 100)
       0.01 Seconds          5   Passes (x 100)
       0.03 Seconds         25   Passes (x 100)
       0.13 Seconds        125   Passes (x 100)
       0.63 Seconds        625   Passes (x 100)

Use 9845  passes (x 100)

          Double Precision C/C++ Whetstone Benchmark

Loop content                  Result              MFLOPS      MOPS   Seconds

N1 floating point     -1.12398255667392033      2219.910              0.085
N2 floating point     -1.12187079889294417      2796.567              0.473
N3 if then else        1.00000000000000000               12521.613    0.081
N4 fixed point        12.00000000000000000               35266112681.814    0.000
N5 sin,cos etc.        0.49902937281518261                 240.701    3.403
N6 floating point      0.99999987890802811      1336.859              3.972
N7 assignments         3.00000000000000000                8909.323    0.204
N8 exp,sqrt etc.       0.75100163018453958                 214.467    1.708

MWIPS                                           9917.594              9.927


# COUNT0: 9917.594
# COUNT1: 0
# COUNT2: MWIPS
# TIME: 9.927
# elapsed: 11.551252
# pid: 2067244
# status: 0

#### Pass 5

Calibrate
       0.00 Seconds          1   Passes (x 100)
       0.01 Seconds          5   Passes (x 100)
       0.03 Seconds         25   Passes (x 100)
       0.13 Seconds        125   Passes (x 100)
       0.63 Seconds        625   Passes (x 100)

Use 9865  passes (x 100)

          Double Precision C/C++ Whetstone Benchmark

Loop content                  Result              MFLOPS      MOPS   Seconds

N1 floating point     -1.12398255667392033      2222.110              0.085
N2 floating point     -1.12187079889294417      2799.042              0.474
N3 if then else        1.00000000000000000               12464.027    0.082
N4 fixed point        12.00000000000000000               32071098888.346    0.000
N5 sin,cos etc.        0.49902937281518261                 241.346    3.401
N6 floating point      0.99999987890802811      1337.947              3.977
N7 assignments         3.00000000000000000                8914.981    0.204
N8 exp,sqrt etc.       0.75100163018453958                 214.647    1.710

MWIPS                                           9931.605              9.933


# COUNT0: 9931.605
# COUNT1: 0
# COUNT2: MWIPS
# TIME: 9.933
# elapsed: 11.556722
# pid: 2067253
# status: 0

#### Pass 6

Calibrate
       0.00 Seconds          1   Passes (x 100)
       0.01 Seconds          5   Passes (x 100)
       0.03 Seconds         25   Passes (x 100)
       0.13 Seconds        125   Passes (x 100)
       0.63 Seconds        625   Passes (x 100)

Use 9858  passes (x 100)

          Double Precision C/C++ Whetstone Benchmark

Loop content                  Result              MFLOPS      MOPS   Seconds

N1 floating point     -1.12398255667392033      2220.088              0.085
N2 floating point     -1.12187079889294417      2794.290              0.474
N3 if then else        1.00000000000000000               12518.276    0.082
N4 fixed point        12.00000000000000000                   0.000   -0.000
N5 sin,cos etc.        0.49902937281518261                 241.153    3.401
N6 floating point      0.99999987890802811      1336.810              3.978
N7 assignments         3.00000000000000000                8907.225    0.205
N8 exp,sqrt etc.       0.75100163018453958                 214.443    1.710

MWIPS                                           9923.187              9.934


# COUNT0: 9923.187
# COUNT1: 0
# COUNT2: MWIPS
# TIME: 9.934
# elapsed: 11.558838
# pid: 2067262
# status: 0

#### Pass 7

Calibrate
       0.00 Seconds          1   Passes (x 100)
       0.01 Seconds          5   Passes (x 100)
       0.03 Seconds         25   Passes (x 100)
       0.13 Seconds        125   Passes (x 100)
       0.63 Seconds        625   Passes (x 100)

Use 9865  passes (x 100)

          Double Precision C/C++ Whetstone Benchmark

Loop content                  Result              MFLOPS      MOPS   Seconds

N1 floating point     -1.12398255667392033      2221.883              0.085
N2 floating point     -1.12187079889294417      2796.468              0.474
N3 if then else        1.00000000000000000               12528.563    0.081
N4 fixed point        12.00000000000000000                   0.000   -0.000
N5 sin,cos etc.        0.49902937281518261                 241.345    3.401
N6 floating point      0.99999987890802811      1336.283              3.982
N7 assignments         3.00000000000000000                8886.475    0.205
N8 exp,sqrt etc.       0.75100163018453958                 213.942    1.715

MWIPS                                           9920.350              9.944


# COUNT0: 9920.350
# COUNT1: 0
# COUNT2: MWIPS
# TIME: 9.944
# elapsed: 11.567795
# pid: 2067271
# status: 0

#### Pass 8

Calibrate
       0.00 Seconds          1   Passes (x 100)
       0.01 Seconds          5   Passes (x 100)
       0.03 Seconds         25   Passes (x 100)
       0.13 Seconds        125   Passes (x 100)
       0.64 Seconds        625   Passes (x 100)

Use 9831  passes (x 100)

          Double Precision C/C++ Whetstone Benchmark

Loop content                  Result              MFLOPS      MOPS   Seconds

N1 floating point     -1.12398255667392033      2216.524              0.085
N2 floating point     -1.12187079889294417      2795.947              0.473
N3 if then else        1.00000000000000000               12524.112    0.081
N4 fixed point        12.00000000000000000               29005228858.467    0.000
N5 sin,cos etc.        0.49902937281518261                 240.663    3.399
N6 floating point      0.99999987890802811      1336.354              3.968
N7 assignments         3.00000000000000000                8895.524    0.204
N8 exp,sqrt etc.       0.75100163018453958                 214.512    1.705

MWIPS                                           9915.376              9.915


# COUNT0: 9915.376
# COUNT1: 0
# COUNT2: MWIPS
# TIME: 9.915
# elapsed: 11.540741
# pid: 2067280
# status: 0

#### Pass 9

Calibrate
       0.00 Seconds          1   Passes (x 100)
       0.01 Seconds          5   Passes (x 100)
       0.03 Seconds         25   Passes (x 100)
       0.13 Seconds        125   Passes (x 100)
       0.63 Seconds        625   Passes (x 100)

Use 9852  passes (x 100)

          Double Precision C/C++ Whetstone Benchmark

Loop content                  Result              MFLOPS      MOPS   Seconds

N1 floating point     -1.12398255667392033      2220.375              0.085
N2 floating point     -1.12187079889294417      2799.805              0.473
N3 if then else        1.00000000000000000               12532.042    0.081
N4 fixed point        12.00000000000000000                   0.000   -0.000
N5 sin,cos etc.        0.49902937281518261                 241.423    3.395
N6 floating point      0.99999987890802811      1338.233              3.971
N7 assignments         3.00000000000000000                8916.753    0.204
N8 exp,sqrt etc.       0.75100163018453958                 214.695    1.707

MWIPS                                           9934.485              9.917


# COUNT0: 9934.485
# COUNT1: 0
# COUNT2: MWIPS
# TIME: 9.917
# elapsed: 11.541069
# pid: 2067289
# status: 0

#### Pass 10

Calibrate
       0.00 Seconds          1   Passes (x 100)
       0.01 Seconds          5   Passes (x 100)
       0.03 Seconds         25   Passes (x 100)
       0.13 Seconds        125   Passes (x 100)
       0.63 Seconds        625   Passes (x 100)

Use 9865  passes (x 100)

          Double Precision C/C++ Whetstone Benchmark

Loop content                  Result              MFLOPS      MOPS   Seconds

N1 floating point     -1.12398255667392033      2221.344              0.085
N2 floating point     -1.12187079889294417      2799.320              0.474
N3 if then else        1.00000000000000000               12531.021    0.081
N4 fixed point        12.00000000000000000                   0.000   -0.000
N5 sin,cos etc.        0.49902937281518261                 241.289    3.402
N6 floating point      0.99999987890802811      1337.207              3.979
N7 assignments         3.00000000000000000                8912.155    0.205
N8 exp,sqrt etc.       0.75100163018453958                 214.531    1.711

MWIPS                                           9928.078              9.936


# COUNT0: 9928.078
# COUNT1: 0
# COUNT2: MWIPS
# TIME: 9.936
# elapsed: 11.560458
# pid: 2067298
# status: 0

*Dump score:       9915.4
*Dump score:       9917.6
*Dump score:       9920.4
Count score:       9922.9
Count score:       9923.2
Count score:       9928.1
Count score:       9931.6
Count score:       9931.8
Count score:       9932.0
Count score:       9934.5

>>>> Results of 1 copy
>>>> score: 9929.14239065486
>>>> time: 9.92657142857143
>>>> iterations: 7


########################################################
Execl Throughput -- 1 copy
==> "/mnt/host0/unixbench/UnixBench/pgms/execl" 30 2>&1 >> "/mnt/host0/unixbench/UnixBench/results/uarf-2025-06-04-05.log"

#### Pass 1


# COUNT0: 58251
# COUNT1: 1
# COUNT2: lps
# elapsed: 29.550459
# pid: 2067307
# status: 0

#### Pass 2


# COUNT0: 59232
# COUNT1: 1
# COUNT2: lps
# elapsed: 29.990300
# pid: 2067316
# status: 0

#### Pass 3


# COUNT0: 59201
# COUNT1: 1
# COUNT2: lps
# elapsed: 29.991673
# pid: 2067325
# status: 0

*Dump score:      58251.0
Count score:      59201.0
Count score:      59232.0

>>>> Results of 1 copy
>>>> score: 1974.47649769508
>>>> time: 29.9909865
>>>> iterations: 2


########################################################
File Copy 1024 bufsize 2000 maxblocks -- 1 copy
==> "/mnt/host0/unixbench/UnixBench/pgms/fstime" -c -t 30 -d "/mnt/host0/unixbench/UnixBench/tmp" -b 1024 -m 2000 2>&1 >> "/mnt/host0/unixbench/UnixBench/results/uarf-2025-06-04-05.log"

#### Pass 1

Write done: 208000 in 2.0481, score 25389
Read done: 204364 in 2.0000, score 25545
Copy done: 1526944 in 30.0001, score 12724

# COUNT0: 12724
# COUNT1: 0
# COUNT2: KBps
# TIME: 30.0
# elapsed: 45.056123
# pid: 2067334
# status: 0

#### Pass 2

Write done: 208000 in 2.0379, score 25516
Read done: 204620 in 2.0000, score 25577
Copy done: 1546616 in 30.0001, score 12888

# COUNT0: 12888
# COUNT1: 0
# COUNT2: KBps
# TIME: 30.0
# elapsed: 45.044911
# pid: 2067343
# status: 0

#### Pass 3

Write done: 216000 in 2.0601, score 26212
Read done: 203748 in 2.0000, score 25468
Copy done: 1560416 in 30.0000, score 13003

# COUNT0: 13003
# COUNT1: 0
# COUNT2: KBps
# TIME: 30.0
# elapsed: 45.067296
# pid: 2067353
# status: 0

*Dump score:      12724.0
Count score:      12888.0
Count score:      13003.0

>>>> Results of 1 copy
>>>> score: 12945.3723005559
>>>> time: 30
>>>> iterations: 2


########################################################
File Copy 256 bufsize 500 maxblocks -- 1 copy
==> "/mnt/host0/unixbench/UnixBench/pgms/fstime" -c -t 30 -d "/mnt/host0/unixbench/UnixBench/tmp" -b 256 -m 500 2>&1 >> "/mnt/host0/unixbench/UnixBench/results/uarf-2025-06-04-05.log"

#### Pass 1

Write done: 66000 in 2.0732, score 7958
Read done: 51308 in 2.0000, score 6413
Copy done: 384706 in 30.0001, score 3205

# COUNT0: 3205
# COUNT1: 0
# COUNT2: KBps
# TIME: 30.0
# elapsed: 45.079866
# pid: 2067362
# status: 0

#### Pass 2

Write done: 52000 in 2.0595, score 6312
Read done: 51263 in 2.0000, score 6407
Copy done: 384599 in 30.0001, score 3204

# COUNT0: 3204
# COUNT1: 0
# COUNT2: KBps
# TIME: 30.0
# elapsed: 45.066771
# pid: 2067371
# status: 0

#### Pass 3

Write done: 54000 in 2.0049, score 6733
Read done: 51692 in 2.0000, score 6461
Copy done: 394512 in 30.0000, score 3287

# COUNT0: 3287
# COUNT1: 0
# COUNT2: KBps
# TIME: 30.0
# elapsed: 45.012799
# pid: 2067380
# status: 0

*Dump score:       3204.0
Count score:       3205.0
Count score:       3287.0

>>>> Results of 1 copy
>>>> score: 3245.74105559886
>>>> time: 30
>>>> iterations: 2


########################################################
File Copy 4096 bufsize 8000 maxblocks -- 1 copy
==> "/mnt/host0/unixbench/UnixBench/pgms/fstime" -c -t 30 -d "/mnt/host0/unixbench/UnixBench/tmp" -b 4096 -m 8000 2>&1 >> "/mnt/host0/unixbench/UnixBench/results/uarf-2025-06-04-05.log"

#### Pass 1

Write done: 832000 in 2.0610, score 100923
Read done: 813040 in 2.0000, score 101628
Copy done: 6049488 in 30.0001, score 50412

# COUNT0: 50412
# COUNT1: 0
# COUNT2: KBps
# TIME: 30.0
# elapsed: 45.071742
# pid: 2067389
# status: 0

#### Pass 2

Write done: 832000 in 2.0635, score 100798
Read done: 808272 in 2.0000, score 101032
Copy done: 6183376 in 30.0001, score 51527

# COUNT0: 51527
# COUNT1: 0
# COUNT2: KBps
# TIME: 30.0
# elapsed: 45.074116
# pid: 2067398
# status: 0

#### Pass 3

Write done: 800000 in 2.0026, score 99870
Read done: 813488 in 2.0001, score 101683
Copy done: 6053056 in 30.0001, score 50442

# COUNT0: 50442
# COUNT1: 0
# COUNT2: KBps
# TIME: 30.0
# elapsed: 45.013434
# pid: 2067408
# status: 0

*Dump score:      50412.0
Count score:      50442.0
Count score:      51527.0

>>>> Results of 1 copy
>>>> score: 50981.6136857201
>>>> time: 30
>>>> iterations: 2


########################################################
Pipe Throughput -- 1 copy
==> "/mnt/host0/unixbench/UnixBench/pgms/pipe" 10 2>&1 >> "/mnt/host0/unixbench/UnixBench/results/uarf-2025-06-04-05.log"

#### Pass 1


# COUNT0: 35431502
# COUNT1: 1
# COUNT2: lps
# elapsed: 10.002268
# pid: 2067417
# status: 0

#### Pass 2


# COUNT0: 35430575
# COUNT1: 1
# COUNT2: lps
# elapsed: 10.002271
# pid: 2067426
# status: 0

#### Pass 3


# COUNT0: 35695490
# COUNT1: 1
# COUNT2: lps
# elapsed: 10.002352
# pid: 2067435
# status: 0

#### Pass 4


# COUNT0: 35747924
# COUNT1: 1
# COUNT2: lps
# elapsed: 10.002468
# pid: 2067444
# status: 0

#### Pass 5


# COUNT0: 35723598
# COUNT1: 1
# COUNT2: lps
# elapsed: 10.002299
# pid: 2067453
# status: 0

#### Pass 6


# COUNT0: 35454205
# COUNT1: 1
# COUNT2: lps
# elapsed: 10.002333
# pid: 2067462
# status: 0

#### Pass 7


# COUNT0: 35646879
# COUNT1: 1
# COUNT2: lps
# elapsed: 10.002336
# pid: 2067471
# status: 0

#### Pass 8


# COUNT0: 35268640
# COUNT1: 1
# COUNT2: lps
# elapsed: 10.002353
# pid: 2067480
# status: 0

#### Pass 9


# COUNT0: 35227414
# COUNT1: 1
# COUNT2: lps
# elapsed: 10.002374
# pid: 2067489
# status: 0

#### Pass 10


# COUNT0: 35490618
# COUNT1: 1
# COUNT2: lps
# elapsed: 10.002501
# pid: 2067498
# status: 0

*Dump score:   35227414.0
*Dump score:   35268640.0
*Dump score:   35430575.0
Count score:   35431502.0
Count score:   35454205.0
Count score:   35490618.0
Count score:   35646879.0
Count score:   35695490.0
Count score:   35723598.0
Count score:   35747924.0

>>>> Results of 1 copy
>>>> score: 3558996.32834397
>>>> time: 10.0023652857143
>>>> iterations: 7


########################################################
Pipe-based Context Switching -- 1 copy
==> "/mnt/host0/unixbench/UnixBench/pgms/context1" 10 2>&1 >> "/mnt/host0/unixbench/UnixBench/results/uarf-2025-06-04-05.log"

#### Pass 1


# COUNT0: 468060
# COUNT1: 1
# COUNT2: lps
# elapsed: 10.002210
# pid: 2067507
# status: 0

#### Pass 2


# COUNT0: 472900
# COUNT1: 1
# COUNT2: lps
# elapsed: 10.002277
# pid: 2067517
# status: 0

#### Pass 3


# COUNT0: 466011
# COUNT1: 1
# COUNT2: lps
# elapsed: 10.002305
# pid: 2067527
# status: 0

#### Pass 4


# COUNT0: 465955
# COUNT1: 1
# COUNT2: lps
# elapsed: 10.002219
# pid: 2067537
# status: 0

#### Pass 5


# COUNT0: 471816
# COUNT1: 1
# COUNT2: lps
# elapsed: 10.002250
# pid: 2067547
# status: 0

#### Pass 6


# COUNT0: 464144
# COUNT1: 1
# COUNT2: lps
# elapsed: 10.002427
# pid: 2067557
# status: 0

#### Pass 7


# COUNT0: 464185
# COUNT1: 1
# COUNT2: lps
# elapsed: 10.002245
# pid: 2067567
# status: 0

#### Pass 8


# COUNT0: 469845
# COUNT1: 1
# COUNT2: lps
# elapsed: 10.002334
# pid: 2067577
# status: 0

#### Pass 9


# COUNT0: 470082
# COUNT1: 1
# COUNT2: lps
# elapsed: 10.002250
# pid: 2067587
# status: 0

#### Pass 10


# COUNT0: 466233
# COUNT1: 1
# COUNT2: lps
# elapsed: 10.002279
# pid: 2067597
# status: 0

*Dump score:     464144.0
*Dump score:     464185.0
*Dump score:     465955.0
Count score:     466011.0
Count score:     466233.0
Count score:     468060.0
Count score:     469845.0
Count score:     470082.0
Count score:     471816.0
Count score:     472900.0

>>>> Results of 1 copy
>>>> score: 46916.5155393422
>>>> time: 10.0022721428571
>>>> iterations: 7


########################################################
Process Creation -- 1 copy
==> "/mnt/host0/unixbench/UnixBench/pgms/spawn" 30 2>&1 >> "/mnt/host0/unixbench/UnixBench/results/uarf-2025-06-04-05.log"

#### Pass 1


# COUNT0: 566147
# COUNT1: 1
# COUNT2: lps
# elapsed: 30.002409
# pid: 2067607
# status: 0

#### Pass 2


# COUNT0: 567699
# COUNT1: 1
# COUNT2: lps
# elapsed: 30.002561
# pid: 2633765
# status: 0

#### Pass 3


# COUNT0: 541682
# COUNT1: 1
# COUNT2: lps
# elapsed: 30.002643
# pid: 3201474
# status: 0

*Dump score:     541682.0
Count score:     566147.0
Count score:     567699.0

>>>> Results of 1 copy
>>>> score: 18895.8504240581
>>>> time: 30.002485
>>>> iterations: 2


########################################################
System Call Overhead -- 1 copy
==> "/mnt/host0/unixbench/UnixBench/pgms/syscall" 10 2>&1 >> "/mnt/host0/unixbench/UnixBench/results/uarf-2025-06-04-05.log"

#### Pass 1


# COUNT0: 39671095
# COUNT1: 1
# COUNT2: lps
# elapsed: 10.002474
# pid: 3743166
# status: 0

#### Pass 2


# COUNT0: 39688704
# COUNT1: 1
# COUNT2: lps
# elapsed: 10.002345
# pid: 3743175
# status: 0

#### Pass 3


# COUNT0: 39690368
# COUNT1: 1
# COUNT2: lps
# elapsed: 10.002423
# pid: 3743184
# status: 0

#### Pass 4


# COUNT0: 39778787
# COUNT1: 1
# COUNT2: lps
# elapsed: 10.002491
# pid: 3743193
# status: 0

#### Pass 5


# COUNT0: 39758233
# COUNT1: 1
# COUNT2: lps
# elapsed: 10.002400
# pid: 3743202
# status: 0

#### Pass 6


# COUNT0: 39734417
# COUNT1: 1
# COUNT2: lps
# elapsed: 10.002400
# pid: 3743211
# status: 0

#### Pass 7


# COUNT0: 39700733
# COUNT1: 1
# COUNT2: lps
# elapsed: 10.002275
# pid: 3743220
# status: 0

#### Pass 8


# COUNT0: 39748007
# COUNT1: 1
# COUNT2: lps
# elapsed: 10.002279
# pid: 3743229
# status: 0

#### Pass 9


# COUNT0: 39675192
# COUNT1: 1
# COUNT2: lps
# elapsed: 10.002414
# pid: 3743238
# status: 0

#### Pass 10


# COUNT0: 39728644
# COUNT1: 1
# COUNT2: lps
# elapsed: 10.002313
# pid: 3743247
# status: 0

*Dump score:   39671095.0
*Dump score:   39675192.0
*Dump score:   39688704.0
Count score:   39690368.0
Count score:   39700733.0
Count score:   39728644.0
Count score:   39734417.0
Count score:   39748007.0
Count score:   39758233.0
Count score:   39778787.0

>>>> Results of 1 copy
>>>> score: 3972474.97220517
>>>> time: 10.0023687142857
>>>> iterations: 7


########################################################
Shell Scripts (1 concurrent) -- 1 copy
==> "/mnt/host0/unixbench/UnixBench/pgms/looper" 60 "/mnt/host0/unixbench/UnixBench/pgms/multi.sh" 1 2>&1 >> "/mnt/host0/unixbench/UnixBench/results/uarf-2025-06-04-05.log"

#### Pass 1


# COUNT0: 5041
# COUNT1: 60
# COUNT2: lpm
# elapsed: 60.007245
# pid: 3743256
# status: 0

#### Pass 2


# COUNT0: 5053
# COUNT1: 60
# COUNT2: lpm
# elapsed: 60.008907
# pid: 3788643
# status: 0

#### Pass 3


# COUNT0: 5047
# COUNT1: 60
# COUNT2: lpm
# elapsed: 60.011411
# pid: 3834139
# status: 0

*Dump score:       5041.0
Count score:       5047.0
Count score:       5053.0

>>>> Results of 1 copy
>>>> score: 5049.14420574344
>>>> time: 60.010159
>>>> iterations: 2


########################################################
Shell Scripts (8 concurrent) -- 1 copy
==> "/mnt/host0/unixbench/UnixBench/pgms/looper" 60 "/mnt/host0/unixbench/UnixBench/pgms/multi.sh" 8 2>&1 >> "/mnt/host0/unixbench/UnixBench/results/uarf-2025-06-04-05.log"

#### Pass 1


# COUNT0: 1039
# COUNT1: 60
# COUNT2: lpm
# elapsed: 60.014229
# pid: 3879580
# status: 0

#### Pass 2


# COUNT0: 1039
# COUNT1: 60
# COUNT2: lpm
# elapsed: 60.056651
# pid: 3947189
# status: 0

#### Pass 3


# COUNT0: 1041
# COUNT1: 60
# COUNT2: lpm
# elapsed: 60.017815
# pid: 4014798
# status: 0

*Dump score:       1039.0
Count score:       1039.0
Count score:       1041.0

>>>> Results of 1 copy
>>>> score: 1039.35460212879
>>>> time: 60.037233
>>>> iterations: 2


########################################################
Dhrystone 2 using register variables -- 2 copies
==> "/mnt/host0/unixbench/UnixBench/pgms/dhry2reg" 10 2>&1 >> "/mnt/host0/unixbench/UnixBench/results/uarf-2025-06-04-05.log"

#### Pass 1


# COUNT0: 482190831
# COUNT1: 1
# COUNT2: lps
# elapsed: 10.003475
# pid: 4082537
# status: 0

# COUNT0: 481788514
# COUNT1: 1
# COUNT2: lps
# elapsed: 10.002903
# pid: 4082539
# status: 0

#### Pass 2


# COUNT0: 481239516
# COUNT1: 1
# COUNT2: lps
# elapsed: 10.003003
# pid: 4082549
# status: 0

# COUNT0: 481820594
# COUNT1: 1
# COUNT2: lps
# elapsed: 10.002687
# pid: 4082551
# status: 0

#### Pass 3


# COUNT0: 479805789
# COUNT1: 1
# COUNT2: lps
# elapsed: 10.003612
# pid: 4082561
# status: 0

# COUNT0: 480150881
# COUNT1: 1
# COUNT2: lps
# elapsed: 10.002741
# pid: 4082563
# status: 0

#### Pass 4


# COUNT0: 480667859
# COUNT1: 1
# COUNT2: lps
# elapsed: 10.002988
# pid: 4082573
# status: 0

# COUNT0: 481123197
# COUNT1: 1
# COUNT2: lps
# elapsed: 10.002890
# pid: 4082575
# status: 0

#### Pass 5


# COUNT0: 482449928
# COUNT1: 1
# COUNT2: lps
# elapsed: 10.002853
# pid: 4082585
# status: 0

# COUNT0: 482079078
# COUNT1: 1
# COUNT2: lps
# elapsed: 10.002777
# pid: 4082587
# status: 0

#### Pass 6


# COUNT0: 481657945
# COUNT1: 1
# COUNT2: lps
# elapsed: 10.003406
# pid: 4082598
# status: 0

# COUNT0: 481251648
# COUNT1: 1
# COUNT2: lps
# elapsed: 10.002804
# pid: 4082600
# status: 0

#### Pass 7


# COUNT0: 482049268
# COUNT1: 1
# COUNT2: lps
# elapsed: 10.003008
# pid: 4082610
# status: 0

# COUNT0: 482255069
# COUNT1: 1
# COUNT2: lps
# elapsed: 10.002903
# pid: 4082612
# status: 0

#### Pass 8


# COUNT0: 482307672
# COUNT1: 1
# COUNT2: lps
# elapsed: 10.003036
# pid: 4082622
# status: 0

# COUNT0: 482214239
# COUNT1: 1
# COUNT2: lps
# elapsed: 10.003055
# pid: 4082624
# status: 0

#### Pass 9


# COUNT0: 481739159
# COUNT1: 1
# COUNT2: lps
# elapsed: 10.003077
# pid: 4082634
# status: 0

# COUNT0: 481250624
# COUNT1: 1
# COUNT2: lps
# elapsed: 10.002964
# pid: 4082636
# status: 0

#### Pass 10


# COUNT0: 479793188
# COUNT1: 1
# COUNT2: lps
# elapsed: 10.003245
# pid: 4082646
# status: 0

# COUNT0: 480160483
# COUNT1: 1
# COUNT2: lps
# elapsed: 10.002916
# pid: 4082648
# status: 0

*Dump score:  959953671.0
*Dump score:  959956670.0
*Dump score:  961791056.0
Count score:  962909593.0
Count score:  962989783.0
Count score:  963060110.0
Count score:  963979345.0
Count score:  964304337.0
Count score:  964521911.0
Count score:  964529006.0

>>>> Sum of 2 copies
>>>> score: 96346734.8681399
>>>> time: 10.0029965
>>>> iterations: 7


########################################################
Double-Precision Whetstone -- 2 copies
==> "/mnt/host0/unixbench/UnixBench/pgms/whetstone-double"  2>&1 >> "/mnt/host0/unixbench/UnixBench/results/uarf-2025-06-04-05.log"

#### Pass 1

Calibrate
       0.00 Seconds          1   Passes (x 100)
       0.01 Seconds          5   Passes (x 100)
       0.03 Seconds         25   Passes (x 100)
       0.15 Seconds        125   Passes (x 100)
       0.73 Seconds        625   Passes (x 100)

Use 8558  passes (x 100)

          Double Precision C/C++ Whetstone Benchmark

Loop content                  Result              MFLOPS      MOPS   Seconds

N1 floating point     -1.12398255667392033      2234.130              0.074
N2 floating point     -1.12187079889294417      2782.881              0.413
N3 if then else        1.00000000000000000                6685.940    0.132
N4 fixed point        12.00000000000000000                   0.000   -0.000
N5 sin,cos etc.        0.49902937281518261                 190.235    3.743
N6 floating point      0.99999987890802811      1335.561              3.456
N7 assignments         3.00000000000000000                6667.448    0.237
N8 exp,sqrt etc.       0.75100163018453958                 181.172    1.757

MWIPS                                           8721.100              9.813

Calibrate
       0.00 Seconds          1   Passes (x 100)
       0.01 Seconds          5   Passes (x 100)
       0.03 Seconds         25   Passes (x 100)
       0.15 Seconds        125   Passes (x 100)
       0.73 Seconds        625   Passes (x 100)

Use 8549  passes (x 100)

          Double Precision C/C++ Whetstone Benchmark

Loop content                  Result              MFLOPS      MOPS   Seconds

N1 floating point     -1.12398255667392033      2231.839              0.074
N2 floating point     -1.12187079889294417      2781.623              0.413
N3 if then else        1.00000000000000000                6684.462    0.132
N4 fixed point        12.00000000000000000               32549646316.442    0.000
N5 sin,cos etc.        0.49902937281518261                 190.034    3.743
N6 floating point      0.99999987890802811      1334.314              3.456
N7 assignments         3.00000000000000000                6662.233    0.237
N8 exp,sqrt etc.       0.75100163018453958                 180.979    1.757

MWIPS                                           8712.618              9.812


# COUNT0: 8712.618
# COUNT1: 0
# COUNT2: MWIPS
# TIME: 9.812
# elapsed: 11.456056
# pid: 4082658
# status: 0

# COUNT0: 8721.100
# COUNT1: 0
# COUNT2: MWIPS
# TIME: 9.813
# elapsed: 11.455678
# pid: 4082660
# status: 0

#### Pass 2

Calibrate
       0.00 Seconds          1   Passes (x 100)
       0.01 Seconds          5   Passes (x 100)
       0.03 Seconds         25   Passes (x 100)
       0.15 Seconds        125   Passes (x 100)
       0.73 Seconds        625   Passes (x 100)

Use 8559  passes (x 100)

          Double Precision C/C++ Whetstone Benchmark

Loop content                  Result              MFLOPS      MOPS   Seconds

N1 floating point     -1.12398255667392033      2232.947              0.074
N2 floating point     -1.12187079889294417      2786.057              0.413
N3 if then else        1.00000000000000000                6686.871    0.132
N4 fixed point        12.00000000000000000                   0.000   -0.000
N5 sin,cos etc.        0.49902937281518261                 190.304    3.742
N6 floating point      0.99999987890802811      1335.303              3.457
N7 assignments         3.00000000000000000                6667.751    0.237
N8 exp,sqrt etc.       0.75100163018453958                 181.121    1.758

MWIPS                                           8721.674              9.813

Calibrate
       0.00 Seconds          1   Passes (x 100)
       0.01 Seconds          5   Passes (x 100)
       0.03 Seconds         25   Passes (x 100)
       0.15 Seconds        125   Passes (x 100)
       0.73 Seconds        625   Passes (x 100)

Use 8550  passes (x 100)

          Double Precision C/C++ Whetstone Benchmark

Loop content                  Result              MFLOPS      MOPS   Seconds

N1 floating point     -1.12398255667392033      2231.162              0.074
N2 floating point     -1.12187079889294417      2783.579              0.413
N3 if then else        1.00000000000000000                6685.339    0.132
N4 fixed point        12.00000000000000000                   0.000   -0.000
N5 sin,cos etc.        0.49902937281518261                 190.104    3.742
N6 floating point      0.99999987890802811      1334.084              3.457
N7 assignments         3.00000000000000000                6662.003    0.237
N8 exp,sqrt etc.       0.75100163018453958                 180.941    1.758

MWIPS                                           8713.243              9.813


# COUNT0: 8713.243
# COUNT1: 0
# COUNT2: MWIPS
# TIME: 9.813
# elapsed: 11.456910
# pid: 4082670
# status: 0

# COUNT0: 8721.674
# COUNT1: 0
# COUNT2: MWIPS
# TIME: 9.813
# elapsed: 11.456722
# pid: 4082672
# status: 0

#### Pass 3

Calibrate
       0.00 Seconds          1   Passes (x 100)
       0.01 Seconds          5   Passes (x 100)
       0.03 Seconds         25   Passes (x 100)
       0.15 Seconds        125   Passes (x 100)
       0.73 Seconds        625   Passes (x 100)

Use 8545  passes (x 100)

          Double Precision C/C++ Whetstone Benchmark

Loop content                  Result              MFLOPS      MOPS   Seconds

N1 floating point     -1.12398255667392033      2231.653              0.074
N2 floating point     -1.12187079889294417      2786.473              0.412
N3 if then else        1.00000000000000000                6687.039    0.132
N4 fixed point        12.00000000000000000                   0.000   -0.000
N5 sin,cos etc.        0.49902937281518261                 190.274    3.736
N6 floating point      0.99999987890802811      1334.993              3.453
N7 assignments         3.00000000000000000                6423.064    0.246
N8 exp,sqrt etc.       0.75100163018453958                 183.913    1.728

MWIPS                                           8736.176              9.781

Calibrate
       0.00 Seconds          1   Passes (x 100)
       0.01 Seconds          5   Passes (x 100)
       0.03 Seconds         25   Passes (x 100)
       0.15 Seconds        125   Passes (x 100)
       0.73 Seconds        625   Passes (x 100)

Use 8554  passes (x 100)

          Double Precision C/C++ Whetstone Benchmark

Loop content                  Result              MFLOPS      MOPS   Seconds

N1 floating point     -1.12398255667392033      2231.578              0.074
N2 floating point     -1.12187079889294417      2783.560              0.413
N3 if then else        1.00000000000000000                6690.995    0.132
N4 fixed point        12.00000000000000000                   0.000   -0.000
N5 sin,cos etc.        0.49902937281518261                 189.907    3.748
N6 floating point      0.99999987890802811      1333.694              3.460
N7 assignments         3.00000000000000000                6589.302    0.240
N8 exp,sqrt etc.       0.75100163018453958                 183.812    1.731

MWIPS                                           8731.097              9.797


# COUNT0: 8736.176
# COUNT1: 0
# COUNT2: MWIPS
# TIME: 9.781
# elapsed: 11.425417
# pid: 4082682
# status: 0

# COUNT0: 8731.097
# COUNT1: 0
# COUNT2: MWIPS
# TIME: 9.797
# elapsed: 11.441037
# pid: 4082684
# status: 0

#### Pass 4

Calibrate
       0.00 Seconds          1   Passes (x 100)
       0.01 Seconds          5   Passes (x 100)
       0.03 Seconds         25   Passes (x 100)
       0.15 Seconds        125   Passes (x 100)
       0.73 Seconds        625   Passes (x 100)

Use 8556  passes (x 100)

          Double Precision C/C++ Whetstone Benchmark

Loop content                  Result              MFLOPS      MOPS   Seconds

N1 floating point     -1.12398255667392033      2233.581              0.074
N2 floating point     -1.12187079889294417      2786.647              0.413
N3 if then else        1.00000000000000000                6688.008    0.132
N4 fixed point        12.00000000000000000                   0.000   -0.000
N5 sin,cos etc.        0.49902937281518261                 190.222    3.742
N6 floating point      0.99999987890802811      1335.578              3.456
N7 assignments         3.00000000000000000                6620.230    0.239
N8 exp,sqrt etc.       0.75100163018453958                 182.243    1.746

MWIPS                                           8729.103              9.802

Calibrate
       0.00 Seconds          1   Passes (x 100)
       0.01 Seconds          5   Passes (x 100)
       0.03 Seconds         25   Passes (x 100)
       0.15 Seconds        125   Passes (x 100)
       0.73 Seconds        625   Passes (x 100)

Use 8548  passes (x 100)

          Double Precision C/C++ Whetstone Benchmark

Loop content                  Result              MFLOPS      MOPS   Seconds

N1 floating point     -1.12398255667392033      2230.934              0.074
N2 floating point     -1.12187079889294417      2784.061              0.413
N3 if then else        1.00000000000000000                6690.747    0.132
N4 fixed point        12.00000000000000000               68689585987.521    0.000
N5 sin,cos etc.        0.49902937281518261                 189.940    3.744
N6 floating point      0.99999987890802811      1334.179              3.456
N7 assignments         3.00000000000000000                6638.555    0.238
N8 exp,sqrt etc.       0.75100163018453958                 182.039    1.747

MWIPS                                           8719.411              9.803


# COUNT0: 8729.103
# COUNT1: 0
# COUNT2: MWIPS
# TIME: 9.802
# elapsed: 11.444582
# pid: 4082694
# status: 0

# COUNT0: 8719.411
# COUNT1: 0
# COUNT2: MWIPS
# TIME: 9.803
# elapsed: 11.447164
# pid: 4082696
# status: 0

#### Pass 5

Calibrate
       0.00 Seconds          1   Passes (x 100)
       0.01 Seconds          5   Passes (x 100)
       0.03 Seconds         25   Passes (x 100)
       0.15 Seconds        125   Passes (x 100)
       0.73 Seconds        625   Passes (x 100)

Use 8558  passes (x 100)

          Double Precision C/C++ Whetstone Benchmark

Loop content                  Result              MFLOPS      MOPS   Seconds

N1 floating point     -1.12398255667392033      2232.670              0.074
N2 floating point     -1.12187079889294417      2786.137              0.413
N3 if then else        1.00000000000000000                6686.287    0.132
N4 fixed point        12.00000000000000000               89680197781.356    0.000
N5 sin,cos etc.        0.49902937281518261                 190.240    3.743
N6 floating point      0.99999987890802811      1335.132              3.457
N7 assignments         3.00000000000000000                6657.902    0.238
N8 exp,sqrt etc.       0.75100163018453958                 181.427    1.755

MWIPS                                           8722.477              9.811

Calibrate
       0.00 Seconds          1   Passes (x 100)
       0.01 Seconds          5   Passes (x 100)
       0.03 Seconds         25   Passes (x 100)
       0.15 Seconds        125   Passes (x 100)
       0.73 Seconds        625   Passes (x 100)

Use 8550  passes (x 100)

          Double Precision C/C++ Whetstone Benchmark

Loop content                  Result              MFLOPS      MOPS   Seconds

N1 floating point     -1.12398255667392033      2230.965              0.074
N2 floating point     -1.12187079889294417      2783.546              0.413
N3 if then else        1.00000000000000000                6685.645    0.132
N4 fixed point        12.00000000000000000               31423328300.911    0.000
N5 sin,cos etc.        0.49902937281518261                 190.037    3.743
N6 floating point      0.99999987890802811      1333.978              3.457
N7 assignments         3.00000000000000000                6658.688    0.237
N8 exp,sqrt etc.       0.75100163018453958                 181.226    1.755

MWIPS                                           8714.161              9.812


# COUNT0: 8714.161
# COUNT1: 0
# COUNT2: MWIPS
# TIME: 9.812
# elapsed: 11.455703
# pid: 4082706
# status: 0

# COUNT0: 8722.477
# COUNT1: 0
# COUNT2: MWIPS
# TIME: 9.811
# elapsed: 11.454476
# pid: 4082708
# status: 0

#### Pass 6

Calibrate
       0.00 Seconds          1   Passes (x 100)
       0.01 Seconds          5   Passes (x 100)
       0.03 Seconds         25   Passes (x 100)
       0.15 Seconds        125   Passes (x 100)
       0.73 Seconds        625   Passes (x 100)

Use 8555  passes (x 100)

          Double Precision C/C++ Whetstone Benchmark

Loop content                  Result              MFLOPS      MOPS   Seconds

N1 floating point     -1.12398255667392033      2233.126              0.074
N2 floating point     -1.12187079889294417      2785.544              0.413
N3 if then else        1.00000000000000000                6687.428    0.132
N4 fixed point        12.00000000000000000                   0.000   -0.000
N5 sin,cos etc.        0.49902937281518261                 190.235    3.742
N6 floating point      0.99999987890802811      1335.195              3.456
N7 assignments         3.00000000000000000                6656.661    0.238
N8 exp,sqrt etc.       0.75100163018453958                 181.443    1.754

MWIPS                                           8722.596              9.808

Calibrate
       0.00 Seconds          1   Passes (x 100)
       0.01 Seconds          5   Passes (x 100)
       0.03 Seconds         25   Passes (x 100)
       0.15 Seconds        125   Passes (x 100)
       0.73 Seconds        625   Passes (x 100)

Use 8547  passes (x 100)

          Double Precision C/C++ Whetstone Benchmark

Loop content                  Result              MFLOPS      MOPS   Seconds

N1 floating point     -1.12398255667392033      2231.510              0.074
N2 floating point     -1.12187079889294417      2783.109              0.413
N3 if then else        1.00000000000000000                6685.414    0.132
N4 fixed point        12.00000000000000000               100882157611.459    0.000
N5 sin,cos etc.        0.49902937281518261                 190.025    3.742
N6 floating point      0.99999987890802811      1334.036              3.456
N7 assignments         3.00000000000000000                6658.821    0.237
N8 exp,sqrt etc.       0.75100163018453958                 181.265    1.754

MWIPS                                           8714.387              9.808


# COUNT0: 8714.387
# COUNT1: 0
# COUNT2: MWIPS
# TIME: 9.808
# elapsed: 11.451930
# pid: 4082718
# status: 0

# COUNT0: 8722.596
# COUNT1: 0
# COUNT2: MWIPS
# TIME: 9.808
# elapsed: 11.450851
# pid: 4082720
# status: 0

#### Pass 7

Calibrate
       0.00 Seconds          1   Passes (x 100)
       0.01 Seconds          5   Passes (x 100)
       0.03 Seconds         25   Passes (x 100)
       0.15 Seconds        125   Passes (x 100)
       0.73 Seconds        625   Passes (x 100)

Use 8544  passes (x 100)

          Double Precision C/C++ Whetstone Benchmark

Loop content                  Result              MFLOPS      MOPS   Seconds

N1 floating point     -1.12398255667392033      2233.996              0.073
N2 floating point     -1.12187079889294417      2786.560              0.412
N3 if then else        1.00000000000000000                6691.978    0.132
N4 fixed point        12.00000000000000000               30012075695.561    0.000
N5 sin,cos etc.        0.49902937281518261                 190.224    3.737
N6 floating point      0.99999987890802811      1335.097              3.452
N7 assignments         3.00000000000000000                6447.225    0.245
N8 exp,sqrt etc.       0.75100163018453958                 183.788    1.729

MWIPS                                           8735.482              9.781

Calibrate
       0.00 Seconds          1   Passes (x 100)
       0.01 Seconds          5   Passes (x 100)
       0.03 Seconds         25   Passes (x 100)
       0.15 Seconds        125   Passes (x 100)
       0.73 Seconds        625   Passes (x 100)

Use 8554  passes (x 100)

          Double Precision C/C++ Whetstone Benchmark

Loop content                  Result              MFLOPS      MOPS   Seconds

N1 floating point     -1.12398255667392033      2231.873              0.074
N2 floating point     -1.12187079889294417      2784.228              0.413
N3 if then else        1.00000000000000000                6700.164    0.132
N4 fixed point        12.00000000000000000               23908395962.060    0.000
N5 sin,cos etc.        0.49902937281518261                 189.951    3.747
N6 floating point      0.99999987890802811      1334.210              3.458
N7 assignments         3.00000000000000000                6606.534    0.239
N8 exp,sqrt etc.       0.75100163018453958                 183.726    1.732

MWIPS                                           8733.160              9.795


# COUNT0: 8733.160
# COUNT1: 0
# COUNT2: MWIPS
# TIME: 9.795
# elapsed: 11.438308
# pid: 4082730
# status: 0

# COUNT0: 8735.482
# COUNT1: 0
# COUNT2: MWIPS
# TIME: 9.781
# elapsed: 11.423730
# pid: 4082732
# status: 0

#### Pass 8

Calibrate
       0.00 Seconds          1   Passes (x 100)
       0.01 Seconds          5   Passes (x 100)
       0.03 Seconds         25   Passes (x 100)
       0.15 Seconds        125   Passes (x 100)
       0.73 Seconds        625   Passes (x 100)

Use 8544  passes (x 100)

          Double Precision C/C++ Whetstone Benchmark

Loop content                  Result              MFLOPS      MOPS   Seconds

N1 floating point     -1.12398255667392033      2232.747              0.073
N2 floating point     -1.12187079889294417      2783.851              0.412
N3 if then else        1.00000000000000000                6684.592    0.132
N4 fixed point        12.00000000000000000               27010868115.973    0.000
N5 sin,cos etc.        0.49902937281518261                 190.018    3.741
N6 floating point      0.99999987890802811      1333.917              3.455
N7 assignments         3.00000000000000000                6661.597    0.237
N8 exp,sqrt etc.       0.75100163018453958                 180.841    1.758

MWIPS                                           8710.545              9.809

Calibrate
       0.00 Seconds          1   Passes (x 100)
       0.01 Seconds          5   Passes (x 100)
       0.03 Seconds         25   Passes (x 100)
       0.15 Seconds        125   Passes (x 100)
       0.73 Seconds        625   Passes (x 100)

Use 8555  passes (x 100)

          Double Precision C/C++ Whetstone Benchmark

Loop content                  Result              MFLOPS      MOPS   Seconds

N1 floating point     -1.12398255667392033      2234.885              0.073
N2 floating point     -1.12187079889294417      2786.328              0.413
N3 if then else        1.00000000000000000                6686.516    0.132
N4 fixed point        12.00000000000000000               58075648921.674    0.000
N5 sin,cos etc.        0.49902937281518261                 190.266    3.741
N6 floating point      0.99999987890802811      1335.366              3.456
N7 assignments         3.00000000000000000                6669.695    0.237
N8 exp,sqrt etc.       0.75100163018453958                 181.074    1.758

MWIPS                                           8720.902              9.810


# COUNT0: 8710.545
# COUNT1: 0
# COUNT2: MWIPS
# TIME: 9.809
# elapsed: 11.452466
# pid: 4082742
# status: 0

# COUNT0: 8720.902
# COUNT1: 0
# COUNT2: MWIPS
# TIME: 9.810
# elapsed: 11.452252
# pid: 4082744
# status: 0

#### Pass 9

Calibrate
       0.00 Seconds          1   Passes (x 100)
       0.01 Seconds          5   Passes (x 100)
       0.03 Seconds         25   Passes (x 100)
       0.15 Seconds        125   Passes (x 100)
       0.73 Seconds        625   Passes (x 100)

Use 8555  passes (x 100)

          Double Precision C/C++ Whetstone Benchmark

Loop content                  Result              MFLOPS      MOPS   Seconds

N1 floating point     -1.12398255667392033      2234.031              0.074
N2 floating point     -1.12187079889294417      2785.463              0.413
N3 if then else        1.00000000000000000                6688.182    0.132
N4 fixed point        12.00000000000000000               204644320219.880    0.000
N5 sin,cos etc.        0.49902937281518261                 190.265    3.741
N6 floating point      0.99999987890802811      1335.284              3.456
N7 assignments         3.00000000000000000                6644.128    0.238
N8 exp,sqrt etc.       0.75100163018453958                 181.694    1.752

MWIPS                                           8725.099              9.805

Calibrate
       0.00 Seconds          1   Passes (x 100)
       0.01 Seconds          5   Passes (x 100)
       0.03 Seconds         25   Passes (x 100)
       0.15 Seconds        125   Passes (x 100)
       0.73 Seconds        625   Passes (x 100)

Use 8546  passes (x 100)

          Double Precision C/C++ Whetstone Benchmark

Loop content                  Result              MFLOPS      MOPS   Seconds

N1 floating point     -1.12398255667392033      2231.805              0.074
N2 floating point     -1.12187079889294417      2783.005              0.413
N3 if then else        1.00000000000000000                6687.820    0.132
N4 fixed point        12.00000000000000000                   0.000   -0.000
N5 sin,cos etc.        0.49902937281518261                 190.008    3.742
N6 floating point      0.99999987890802811      1333.837              3.456
N7 assignments         3.00000000000000000                6656.753    0.237
N8 exp,sqrt etc.       0.75100163018453958                 181.470    1.752

MWIPS                                           8715.356              9.806


# COUNT0: 8715.356
# COUNT1: 0
# COUNT2: MWIPS
# TIME: 9.806
# elapsed: 11.449482
# pid: 4082754
# status: 0

# COUNT0: 8725.099
# COUNT1: 0
# COUNT2: MWIPS
# TIME: 9.805
# elapsed: 11.447735
# pid: 4082756
# status: 0

#### Pass 10

Calibrate
       0.00 Seconds          1   Passes (x 100)
       0.01 Seconds          5   Passes (x 100)
       0.03 Seconds         25   Passes (x 100)
       0.15 Seconds        125   Passes (x 100)
       0.73 Seconds        625   Passes (x 100)

Use 8554  passes (x 100)

          Double Precision C/C++ Whetstone Benchmark

Loop content                  Result              MFLOPS      MOPS   Seconds

N1 floating point     -1.12398255667392033      2234.122              0.074
N2 floating point     -1.12187079889294417      2786.298              0.413
N3 if then else        1.00000000000000000                6687.657    0.132
N4 fixed point        12.00000000000000000                   0.000   -0.000
N5 sin,cos etc.        0.49902937281518261                 190.269    3.740
N6 floating point      0.99999987890802811      1335.359              3.455
N7 assignments         3.00000000000000000                6638.808    0.238
N8 exp,sqrt etc.       0.75100163018453958                 181.817    1.750

MWIPS                                           8726.335              9.803

Calibrate
       0.00 Seconds          1   Passes (x 100)
       0.01 Seconds          5   Passes (x 100)
       0.03 Seconds         25   Passes (x 100)
       0.15 Seconds        125   Passes (x 100)
       0.73 Seconds        625   Passes (x 100)

Use 8545  passes (x 100)

          Double Precision C/C++ Whetstone Benchmark

Loop content                  Result              MFLOPS      MOPS   Seconds

N1 floating point     -1.12398255667392033      2231.835              0.074
N2 floating point     -1.12187079889294417      2783.677              0.413
N3 if then else        1.00000000000000000                6688.196    0.132
N4 fixed point        12.00000000000000000               56557103201.653    0.000
N5 sin,cos etc.        0.49902937281518261                 189.999    3.742
N6 floating point      0.99999987890802811      1333.855              3.456
N7 assignments         3.00000000000000000                6655.043    0.237
N8 exp,sqrt etc.       0.75100163018453958                 181.574    1.751

MWIPS                                           8716.185              9.804


# COUNT0: 8726.335
# COUNT1: 0
# COUNT2: MWIPS
# TIME: 9.803
# elapsed: 11.445219
# pid: 4082766
# status: 0

# COUNT0: 8716.185
# COUNT1: 0
# COUNT2: MWIPS
# TIME: 9.804
# elapsed: 11.447072
# pid: 4082768
# status: 0

*Dump score:      17431.4
*Dump score:      17433.7
*Dump score:      17434.9
Count score:      17436.6
Count score:      17437.0
Count score:      17440.5
Count score:      17442.5
Count score:      17448.5
Count score:      17467.3
Count score:      17468.6

>>>> Sum of 2 copies
>>>> score: 17448.7132262735
>>>> time: 9.80114285714286
>>>> iterations: 7


########################################################
Execl Throughput -- 2 copies
==> "/mnt/host0/unixbench/UnixBench/pgms/execl" 30 2>&1 >> "/mnt/host0/unixbench/UnixBench/results/uarf-2025-06-04-05.log"

#### Pass 1


# COUNT0: 40983
# COUNT1: 1
# COUNT2: lps
# elapsed: 29.924140
# pid: 4082778
# status: 0

# COUNT0: 41016
# COUNT1: 1
# COUNT2: lps
# elapsed: 29.923945
# pid: 4082780
# status: 0

#### Pass 2


# COUNT0: 41000
# COUNT1: 1
# COUNT2: lps
# elapsed: 29.985041
# pid: 4082790
# status: 0

# COUNT0: 41030
# COUNT1: 1
# COUNT2: lps
# elapsed: 29.984563
# pid: 4082792
# status: 0

#### Pass 3


# COUNT0: 41101
# COUNT1: 1
# COUNT2: lps
# elapsed: 29.987944
# pid: 4082802
# status: 0

# COUNT0: 41083
# COUNT1: 1
# COUNT2: lps
# elapsed: 29.988757
# pid: 4082804
# status: 0

*Dump score:      81999.0
Count score:      82030.0
Count score:      82184.0

>>>> Sum of 2 copies
>>>> score: 2738.12399768009
>>>> time: 29.98657625
>>>> iterations: 2


########################################################
File Copy 1024 bufsize 2000 maxblocks -- 2 copies
==> "/mnt/host0/unixbench/UnixBench/pgms/fstime" -c -t 30 -d "/mnt/host0/unixbench/UnixBench/tmp" -b 1024 -m 2000 2>&1 >> "/mnt/host0/unixbench/UnixBench/results/uarf-2025-06-04-05.log"

#### Pass 1

Write done: 168000 in 2.0458, score 20529
Read done: 173740 in 2.0001, score 21716
Copy done: 1193356 in 30.0001, score 9944
Write done: 168000 in 2.0624, score 20364
Read done: 177072 in 2.0000, score 22133
Copy done: 1195304 in 30.0001, score 9960

# COUNT0: 9944
# COUNT1: 0
# COUNT2: KBps
# TIME: 30.0
# elapsed: 45.056365
# pid: 4082814
# status: 0

# COUNT0: 9960
# COUNT1: 0
# COUNT2: KBps
# TIME: 30.0
# elapsed: 45.072069
# pid: 4082816
# status: 0

#### Pass 2

Write done: 152000 in 2.1103, score 18007
Read done: 200300 in 2.0001, score 25036
Copy done: 1099344 in 30.0000, score 9161
Write done: 152000 in 2.1112, score 17999
Read done: 200544 in 2.0001, score 25066
Copy done: 1101960 in 30.0001, score 9182

# COUNT0: 9161
# COUNT1: 0
# COUNT2: KBps
# TIME: 30.0
# elapsed: 45.122675
# pid: 4082827
# status: 0

# COUNT0: 9182
# COUNT1: 0
# COUNT2: KBps
# TIME: 30.0
# elapsed: 45.121753
# pid: 4082829
# status: 0

#### Pass 3

Write done: 136000 in 2.0382, score 16681
Read done: 143792 in 2.0000, score 17973
Copy done: 1143704 in 30.0000, score 9530
Write done: 136000 in 2.0411, score 16657
Read done: 138276 in 2.0000, score 17284
Copy done: 1135664 in 30.0007, score 9463

# COUNT0: 9530
# COUNT1: 0
# COUNT2: KBps
# TIME: 30.0
# elapsed: 45.049201
# pid: 4082839
# status: 0

# COUNT0: 9463
# COUNT1: 0
# COUNT2: KBps
# TIME: 30.0
# elapsed: 45.050932
# pid: 4082841
# status: 0

*Dump score:      18343.0
Count score:      18993.0
Count score:      19904.0

>>>> Sum of 2 copies
>>>> score: 19443.1651744257
>>>> time: 30
>>>> iterations: 2


########################################################
File Copy 256 bufsize 500 maxblocks -- 2 copies
==> "/mnt/host0/unixbench/UnixBench/pgms/fstime" -c -t 30 -d "/mnt/host0/unixbench/UnixBench/tmp" -b 256 -m 500 2>&1 >> "/mnt/host0/unixbench/UnixBench/results/uarf-2025-06-04-05.log"

#### Pass 1

Write done: 42000 in 2.0344, score 5161
Read done: 33995 in 2.0000, score 4249
Copy done: 279338 in 30.0000, score 2327
Write done: 42000 in 2.0367, score 5155
Read done: 33981 in 2.0000, score 4247
Copy done: 280172 in 30.0001, score 2334

# COUNT0: 2327
# COUNT1: 0
# COUNT2: KBps
# TIME: 30.0
# elapsed: 45.045236
# pid: 4082851
# status: 0

# COUNT0: 2334
# COUNT1: 0
# COUNT2: KBps
# TIME: 30.0
# elapsed: 45.045875
# pid: 4082853
# status: 0

#### Pass 2

Write done: 34000 in 2.0115, score 4225
Read done: 49807 in 2.0001, score 6225
Copy done: 293329 in 30.0001, score 2444
Write done: 34000 in 2.0391, score 4168
Read done: 49788 in 2.0000, score 6223
Copy done: 294388 in 30.0000, score 2453

# COUNT0: 2444
# COUNT1: 0
# COUNT2: KBps
# TIME: 30.0
# elapsed: 45.020963
# pid: 4082863
# status: 0

# COUNT0: 2453
# COUNT1: 0
# COUNT2: KBps
# TIME: 30.0
# elapsed: 45.047895
# pid: 4082865
# status: 0

#### Pass 3

Write done: 34000 in 2.0106, score 4227
Read done: 47929 in 2.0001, score 5990
Copy done: 292690 in 30.0001, score 2439
Write done: 36000 in 2.0403, score 4411
Read done: 48319 in 2.0000, score 6039
Copy done: 292437 in 30.0000, score 2436

# COUNT0: 2436
# COUNT1: 0
# COUNT2: KBps
# TIME: 30.0
# elapsed: 45.049947
# pid: 4082875
# status: 0

# COUNT0: 2439
# COUNT1: 0
# COUNT2: KBps
# TIME: 30.0
# elapsed: 45.020744
# pid: 4082877
# status: 0

*Dump score:       4661.0
Count score:       4875.0
Count score:       4897.0

>>>> Sum of 2 copies
>>>> score: 4885.98761766749
>>>> time: 30
>>>> iterations: 2


########################################################
File Copy 4096 bufsize 8000 maxblocks -- 2 copies
==> "/mnt/host0/unixbench/UnixBench/pgms/fstime" -c -t 30 -d "/mnt/host0/unixbench/UnixBench/tmp" -b 4096 -m 8000 2>&1 >> "/mnt/host0/unixbench/UnixBench/results/uarf-2025-06-04-05.log"

#### Pass 1

Write done: 544000 in 2.0476, score 66417
Read done: 783840 in 2.0000, score 97978
Copy done: 4443248 in 30.0001, score 37026
Write done: 544000 in 2.0562, score 66140
Read done: 785728 in 2.0000, score 98215
Copy done: 4439376 in 30.0000, score 36994

# COUNT0: 37026
# COUNT1: 0
# COUNT2: KBps
# TIME: 30.0
# elapsed: 45.063034
# pid: 4082887
# status: 0

# COUNT0: 36994
# COUNT1: 0
# COUNT2: KBps
# TIME: 30.0
# elapsed: 45.067466
# pid: 4082889
# status: 0

#### Pass 2

Write done: 608000 in 2.0398, score 74517
Read done: 612080 in 2.0001, score 76506
Copy done: 4441248 in 30.0001, score 37010
Write done: 608000 in 2.0487, score 74194
Read done: 616208 in 2.0000, score 77024
Copy done: 4426192 in 30.0001, score 36884

# COUNT0: 37010
# COUNT1: 0
# COUNT2: KBps
# TIME: 30.0
# elapsed: 45.054114
# pid: 4082899
# status: 0

# COUNT0: 36884
# COUNT1: 0
# COUNT2: KBps
# TIME: 30.0
# elapsed: 45.061013
# pid: 4082900
# status: 0

#### Pass 3

Write done: 544000 in 2.0046, score 67844
Read done: 753552 in 2.0000, score 94192
Copy done: 4481120 in 30.0000, score 37342
Write done: 576000 in 2.0724, score 69484
Read done: 739952 in 2.0000, score 92491
Copy done: 4463184 in 30.0000, score 37193

# COUNT0: 37342
# COUNT1: 0
# COUNT2: KBps
# TIME: 30.0
# elapsed: 45.018347
# pid: 4082912
# status: 0

# COUNT0: 37193
# COUNT1: 0
# COUNT2: KBps
# TIME: 30.0
# elapsed: 45.087107
# pid: 4082914
# status: 0

*Dump score:      73894.0
Count score:      74020.0
Count score:      74535.0

>>>> Sum of 2 copies
>>>> score: 74277.0536572366
>>>> time: 30
>>>> iterations: 2


########################################################
Pipe Throughput -- 2 copies
==> "/mnt/host0/unixbench/UnixBench/pgms/pipe" 10 2>&1 >> "/mnt/host0/unixbench/UnixBench/results/uarf-2025-06-04-05.log"

#### Pass 1


# COUNT0: 26689397
# COUNT1: 1
# COUNT2: lps
# elapsed: 10.002983
# pid: 4082924
# status: 0

# COUNT0: 26734532
# COUNT1: 1
# COUNT2: lps
# elapsed: 10.002679
# pid: 4082926
# status: 0

#### Pass 2


# COUNT0: 27155420
# COUNT1: 1
# COUNT2: lps
# elapsed: 10.002955
# pid: 4082936
# status: 0

# COUNT0: 27132257
# COUNT1: 1
# COUNT2: lps
# elapsed: 10.002882
# pid: 4082938
# status: 0

#### Pass 3


# COUNT0: 26926515
# COUNT1: 1
# COUNT2: lps
# elapsed: 10.003057
# pid: 4082948
# status: 0

# COUNT0: 27102808
# COUNT1: 1
# COUNT2: lps
# elapsed: 10.002830
# pid: 4082950
# status: 0

#### Pass 4


# COUNT0: 27179508
# COUNT1: 1
# COUNT2: lps
# elapsed: 10.003200
# pid: 4082960
# status: 0

# COUNT0: 26987739
# COUNT1: 1
# COUNT2: lps
# elapsed: 10.002850
# pid: 4082962
# status: 0

#### Pass 5


# COUNT0: 27190759
# COUNT1: 1
# COUNT2: lps
# elapsed: 10.003093
# pid: 4082972
# status: 0

# COUNT0: 27236016
# COUNT1: 1
# COUNT2: lps
# elapsed: 10.002873
# pid: 4082974
# status: 0

#### Pass 6


# COUNT0: 27234254
# COUNT1: 1
# COUNT2: lps
# elapsed: 10.002944
# pid: 4082984
# status: 0

# COUNT0: 27260291
# COUNT1: 1
# COUNT2: lps
# elapsed: 10.002764
# pid: 4082986
# status: 0

#### Pass 7


# COUNT0: 27137001
# COUNT1: 1
# COUNT2: lps
# elapsed: 10.003118
# pid: 4082996
# status: 0

# COUNT0: 27146057
# COUNT1: 1
# COUNT2: lps
# elapsed: 10.002928
# pid: 4082998
# status: 0

#### Pass 8


# COUNT0: 27269508
# COUNT1: 1
# COUNT2: lps
# elapsed: 10.003106
# pid: 4083008
# status: 0

# COUNT0: 27216462
# COUNT1: 1
# COUNT2: lps
# elapsed: 10.002901
# pid: 4083010
# status: 0

#### Pass 9


# COUNT0: 27366198
# COUNT1: 1
# COUNT2: lps
# elapsed: 10.003700
# pid: 4083020
# status: 0

# COUNT0: 27411398
# COUNT1: 1
# COUNT2: lps
# elapsed: 10.002772
# pid: 4083022
# status: 0

#### Pass 10


# COUNT0: 27453596
# COUNT1: 1
# COUNT2: lps
# elapsed: 10.003077
# pid: 4083032
# status: 0

# COUNT0: 27461836
# COUNT1: 1
# COUNT2: lps
# elapsed: 10.002790
# pid: 4083034
# status: 0

*Dump score:   53423929.0
*Dump score:   54029323.0
*Dump score:   54167247.0
Count score:   54283058.0
Count score:   54287677.0
Count score:   54426775.0
Count score:   54485970.0
Count score:   54494545.0
Count score:   54777596.0
Count score:   54915432.0

>>>> Sum of 2 copies
>>>> score: 5450767.27704718
>>>> time: 10.0029930714286
>>>> iterations: 7


########################################################
Pipe-based Context Switching -- 2 copies
==> "/mnt/host0/unixbench/UnixBench/pgms/context1" 10 2>&1 >> "/mnt/host0/unixbench/UnixBench/results/uarf-2025-06-04-05.log"

#### Pass 1


# COUNT0: 3856950
# COUNT1: 1
# COUNT2: lps
# elapsed: 10.003114
# pid: 4083044
# status: 0

# COUNT0: 3848415
# COUNT1: 1
# COUNT2: lps
# elapsed: 10.002779
# pid: 4083046
# status: 0

#### Pass 2


# COUNT0: 3864482
# COUNT1: 1
# COUNT2: lps
# elapsed: 10.002939
# pid: 4083058
# status: 0

# COUNT0: 3884178
# COUNT1: 1
# COUNT2: lps
# elapsed: 10.002862
# pid: 4083060
# status: 0

#### Pass 3


# COUNT0: 3872640
# COUNT1: 1
# COUNT2: lps
# elapsed: 10.003228
# pid: 4083072
# status: 0

# COUNT0: 3882435
# COUNT1: 1
# COUNT2: lps
# elapsed: 10.003711
# pid: 4083074
# status: 0

#### Pass 4


# COUNT0: 3850592
# COUNT1: 1
# COUNT2: lps
# elapsed: 10.002975
# pid: 4083086
# status: 0

# COUNT0: 3822425
# COUNT1: 1
# COUNT2: lps
# elapsed: 10.002752
# pid: 4083088
# status: 0

#### Pass 5


# COUNT0: 3873720
# COUNT1: 1
# COUNT2: lps
# elapsed: 10.003200
# pid: 4083100
# status: 0

# COUNT0: 3899931
# COUNT1: 1
# COUNT2: lps
# elapsed: 10.002872
# pid: 4083102
# status: 0

#### Pass 6


# COUNT0: 3835194
# COUNT1: 1
# COUNT2: lps
# elapsed: 10.003077
# pid: 4083114
# status: 0

# COUNT0: 3842777
# COUNT1: 1
# COUNT2: lps
# elapsed: 10.003083
# pid: 4083116
# status: 0

#### Pass 7


# COUNT0: 3870686
# COUNT1: 1
# COUNT2: lps
# elapsed: 10.003116
# pid: 4083128
# status: 0

# COUNT0: 3865208
# COUNT1: 1
# COUNT2: lps
# elapsed: 10.003623
# pid: 4083130
# status: 0

#### Pass 8


# COUNT0: 3838308
# COUNT1: 1
# COUNT2: lps
# elapsed: 10.002957
# pid: 4083145
# status: 0

# COUNT0: 3860029
# COUNT1: 1
# COUNT2: lps
# elapsed: 10.002584
# pid: 4083147
# status: 0

#### Pass 9


# COUNT0: 3871007
# COUNT1: 1
# COUNT2: lps
# elapsed: 10.002724
# pid: 4083159
# status: 0

# COUNT0: 3872699
# COUNT1: 1
# COUNT2: lps
# elapsed: 10.002500
# pid: 4083161
# status: 0

#### Pass 10


# COUNT0: 3838200
# COUNT1: 1
# COUNT2: lps
# elapsed: 10.003804
# pid: 4083174
# status: 0

# COUNT0: 3833227
# COUNT1: 1
# COUNT2: lps
# elapsed: 10.002888
# pid: 4083176
# status: 0

*Dump score:    7671427.0
*Dump score:    7673017.0
*Dump score:    7677971.0
Count score:    7698337.0
Count score:    7705365.0
Count score:    7735894.0
Count score:    7743706.0
Count score:    7748660.0
Count score:    7755075.0
Count score:    7773651.0

>>>> Sum of 2 copies
>>>> score: 773486.89759146
>>>> time: 10.0030149285714
>>>> iterations: 7


########################################################
Process Creation -- 2 copies
==> "/mnt/host0/unixbench/UnixBench/pgms/spawn" 30 2>&1 >> "/mnt/host0/unixbench/UnixBench/results/uarf-2025-06-04-05.log"

#### Pass 1


# COUNT0: 639666
# COUNT1: 1
# COUNT2: lps
# elapsed: 30.002987
# pid: 4083188
# status: 0

# COUNT0: 632697
# COUNT1: 1
# COUNT2: lps
# elapsed: 30.003006
# pid: 4083190
# status: 0

#### Pass 2


# COUNT0: 679452
# COUNT1: 1
# COUNT2: lps
# elapsed: 30.002975
# pid: 1161561
# status: 0

# COUNT0: 641260
# COUNT1: 1
# COUNT2: lps
# elapsed: 30.003670
# pid: 1161563
# status: 0

#### Pass 3


# COUNT0: 663029
# COUNT1: 1
# COUNT2: lps
# elapsed: 30.004057
# pid: 2482292
# status: 0

# COUNT0: 654390
# COUNT1: 1
# COUNT2: lps
# elapsed: 30.002840
# pid: 2482294
# status: 0

*Dump score:    1272363.0
Count score:    1317419.0
Count score:    1320712.0

>>>> Sum of 2 copies
>>>> score: 43963.8544255404
>>>> time: 30.0033855
>>>> iterations: 2


########################################################
System Call Overhead -- 2 copies
==> "/mnt/host0/unixbench/UnixBench/pgms/syscall" 10 2>&1 >> "/mnt/host0/unixbench/UnixBench/results/uarf-2025-06-04-05.log"

#### Pass 1


# COUNT0: 30218340
# COUNT1: 1
# COUNT2: lps
# elapsed: 10.002822
# pid: 3799725
# status: 0

# COUNT0: 30175979
# COUNT1: 1
# COUNT2: lps
# elapsed: 10.002727
# pid: 3799727
# status: 0

#### Pass 2


# COUNT0: 30125140
# COUNT1: 1
# COUNT2: lps
# elapsed: 10.003021
# pid: 3799737
# status: 0

# COUNT0: 30138838
# COUNT1: 1
# COUNT2: lps
# elapsed: 10.002785
# pid: 3799739
# status: 0

#### Pass 3


# COUNT0: 30192330
# COUNT1: 1
# COUNT2: lps
# elapsed: 10.002855
# pid: 3799749
# status: 0

# COUNT0: 30156451
# COUNT1: 1
# COUNT2: lps
# elapsed: 10.002659
# pid: 3799751
# status: 0

#### Pass 4


# COUNT0: 30290008
# COUNT1: 1
# COUNT2: lps
# elapsed: 10.003051
# pid: 3799761
# status: 0

# COUNT0: 30258925
# COUNT1: 1
# COUNT2: lps
# elapsed: 10.002737
# pid: 3799763
# status: 0

#### Pass 5


# COUNT0: 30075297
# COUNT1: 1
# COUNT2: lps
# elapsed: 10.003174
# pid: 3799773
# status: 0

# COUNT0: 30093762
# COUNT1: 1
# COUNT2: lps
# elapsed: 10.002854
# pid: 3799775
# status: 0

#### Pass 6


# COUNT0: 30065534
# COUNT1: 1
# COUNT2: lps
# elapsed: 10.003676
# pid: 3799785
# status: 0

# COUNT0: 29997582
# COUNT1: 1
# COUNT2: lps
# elapsed: 10.002776
# pid: 3799787
# status: 0

#### Pass 7


# COUNT0: 30202556
# COUNT1: 1
# COUNT2: lps
# elapsed: 10.002944
# pid: 3799797
# status: 0

# COUNT0: 30228103
# COUNT1: 1
# COUNT2: lps
# elapsed: 10.002727
# pid: 3799799
# status: 0

#### Pass 8


# COUNT0: 29918991
# COUNT1: 1
# COUNT2: lps
# elapsed: 10.002880
# pid: 3799809
# status: 0

# COUNT0: 29962282
# COUNT1: 1
# COUNT2: lps
# elapsed: 10.002749
# pid: 3799811
# status: 0

#### Pass 9


# COUNT0: 29747331
# COUNT1: 1
# COUNT2: lps
# elapsed: 10.002963
# pid: 3799821
# status: 0

# COUNT0: 30055999
# COUNT1: 1
# COUNT2: lps
# elapsed: 10.002830
# pid: 3799823
# status: 0

#### Pass 10


# COUNT0: 30171903
# COUNT1: 1
# COUNT2: lps
# elapsed: 10.002945
# pid: 3799833
# status: 0

# COUNT0: 30142796
# COUNT1: 1
# COUNT2: lps
# elapsed: 10.002678
# pid: 3799835
# status: 0

*Dump score:   59803330.0
*Dump score:   59881273.0
*Dump score:   60063116.0
Count score:   60169059.0
Count score:   60263978.0
Count score:   60314699.0
Count score:   60348781.0
Count score:   60394319.0
Count score:   60430659.0
Count score:   60548933.0

>>>> Sum of 2 copies
>>>> score: 6033558.28412341
>>>> time: 10.0028556428571
>>>> iterations: 7


########################################################
Shell Scripts (1 concurrent) -- 2 copies
==> "/mnt/host0/unixbench/UnixBench/pgms/looper" 60 "/mnt/host0/unixbench/UnixBench/pgms/multi.sh" 1 2>&1 >> "/mnt/host0/unixbench/UnixBench/results/uarf-2025-06-04-05.log"

#### Pass 1


# COUNT0: 3262
# COUNT1: 60
# COUNT2: lpm
# elapsed: 60.012315
# pid: 3799845
# status: 0

# COUNT0: 3262
# COUNT1: 60
# COUNT2: lpm
# elapsed: 60.014587
# pid: 3799846
# status: 0

#### Pass 2


# COUNT0: 3270
# COUNT1: 60
# COUNT2: lpm
# elapsed: 60.018185
# pid: 3858592
# status: 0

# COUNT0: 3272
# COUNT1: 60
# COUNT2: lpm
# elapsed: 60.009629
# pid: 3858594
# status: 0

#### Pass 3


# COUNT0: 3268
# COUNT1: 60
# COUNT2: lpm
# elapsed: 60.004852
# pid: 3917501
# status: 0

# COUNT0: 3268
# COUNT1: 60
# COUNT2: lpm
# elapsed: 60.002721
# pid: 3917503
# status: 0

*Dump score:       6524.0
Count score:       6536.0
Count score:       6542.0

>>>> Sum of 2 copies
>>>> score: 6538.03532900238
>>>> time: 60.00884675
>>>> iterations: 2


########################################################
Shell Scripts (8 concurrent) -- 2 copies
==> "/mnt/host0/unixbench/UnixBench/pgms/looper" 60 "/mnt/host0/unixbench/UnixBench/pgms/multi.sh" 8 2>&1 >> "/mnt/host0/unixbench/UnixBench/results/uarf-2025-06-04-05.log"

#### Pass 1


# COUNT0: 542
# COUNT1: 60
# COUNT2: lpm
# elapsed: 60.067859
# pid: 3976355
# status: 0

# COUNT0: 543
# COUNT1: 60
# COUNT2: lpm
# elapsed: 60.069326
# pid: 3976357
# status: 0

#### Pass 2


# COUNT0: 544
# COUNT1: 60
# COUNT2: lpm
# elapsed: 60.095665
# pid: 4047022
# status: 0

# COUNT0: 543
# COUNT1: 60
# COUNT2: lpm
# elapsed: 60.094388
# pid: 4047024
# status: 0

#### Pass 3


# COUNT0: 543
# COUNT1: 60
# COUNT2: lpm
# elapsed: 60.009550
# pid: 4117820
# status: 0

# COUNT0: 543
# COUNT1: 60
# COUNT2: lpm
# elapsed: 60.007086
# pid: 4117822
# status: 0

*Dump score:       1085.0
Count score:       1086.0
Count score:       1087.0

>>>> Sum of 2 copies
>>>> score: 1085.56527476154
>>>> time: 60.05167225
>>>> iterations: 2

