
########################################################
Dhrystone 2 using register variables -- 1 copy
==> "/mnt/host0/unixbench/UnixBench/pgms/dhry2reg" 10 2>&1 >> "/mnt/host0/unixbench/UnixBench/results/uarf-2025-06-04-04.log"

#### Pass 1


# COUNT0: 575246745
# COUNT1: 1
# COUNT2: lps
# elapsed: 10.004008
# pid: 406
# status: 0

#### Pass 2


# COUNT0: 574712930
# COUNT1: 1
# COUNT2: lps
# elapsed: 10.004095
# pid: 419
# status: 0

#### Pass 3


# COUNT0: 574013452
# COUNT1: 1
# COUNT2: lps
# elapsed: 10.003798
# pid: 431
# status: 0

#### Pass 4


# COUNT0: 576212748
# COUNT1: 1
# COUNT2: lps
# elapsed: 10.003728
# pid: 440
# status: 0

#### Pass 5


# COUNT0: 579046457
# COUNT1: 1
# COUNT2: lps
# elapsed: 10.003803
# pid: 449
# status: 0

#### Pass 6


# COUNT0: 576772900
# COUNT1: 1
# COUNT2: lps
# elapsed: 10.003822
# pid: 458
# status: 0

#### Pass 7


# COUNT0: 575850157
# COUNT1: 1
# COUNT2: lps
# elapsed: 10.003955
# pid: 467
# status: 0

#### Pass 8


# COUNT0: 574987751
# COUNT1: 1
# COUNT2: lps
# elapsed: 10.003959
# pid: 476
# status: 0

#### Pass 9


# COUNT0: 574433647
# COUNT1: 1
# COUNT2: lps
# elapsed: 10.004302
# pid: 485
# status: 0

#### Pass 10


# COUNT0: 576917048
# COUNT1: 1
# COUNT2: lps
# elapsed: 10.003713
# pid: 494
# status: 0

*Dump score:  574013452.0
*Dump score:  574433647.0
*Dump score:  574712930.0
Count score:  574987751.0
Count score:  575246745.0
Count score:  575850157.0
Count score:  576212748.0
Count score:  576772900.0
Count score:  576917048.0
Count score:  579046457.0

>>>> Results of 1 copy
>>>> score: 57620987.8145985
>>>> time: 10.0038554285714
>>>> iterations: 7


########################################################
Double-Precision Whetstone -- 1 copy
==> "/mnt/host0/unixbench/UnixBench/pgms/whetstone-double"  2>&1 >> "/mnt/host0/unixbench/UnixBench/results/uarf-2025-06-04-04.log"

#### Pass 1

Calibrate
       0.00 Seconds          1   Passes (x 100)
       0.01 Seconds          5   Passes (x 100)
       0.03 Seconds         25   Passes (x 100)
       0.15 Seconds        125   Passes (x 100)
       0.77 Seconds        625   Passes (x 100)

Use 8161  passes (x 100)

          Double Precision C/C++ Whetstone Benchmark

Loop content                  Result              MFLOPS      MOPS   Seconds

N1 floating point     -1.12398255667392033      1660.086              0.094
N2 floating point     -1.12187079889294417      1963.577              0.559
N3 if then else        1.00000000000000000                8506.345    0.099
N4 fixed point        12.00000000000000000                   0.000   -0.000
N5 sin,cos etc.        0.49902937281518261                 223.463    3.039
N6 floating point      0.99999987890802811      1100.000              4.002
N7 assignments         3.00000000000000000                6611.490    0.228
N8 exp,sqrt etc.       0.75100163018453958                 160.090    1.896

MWIPS                                           8229.201              9.917


# COUNT0: 8229.201
# COUNT1: 0
# COUNT2: MWIPS
# TIME: 9.917
# elapsed: 11.812594
# pid: 503
# status: 0

#### Pass 2

Calibrate
       0.00 Seconds          1   Passes (x 100)
       0.01 Seconds          5   Passes (x 100)
       0.03 Seconds         25   Passes (x 100)
       0.16 Seconds        125   Passes (x 100)
       0.77 Seconds        625   Passes (x 100)

Use 8155  passes (x 100)

          Double Precision C/C++ Whetstone Benchmark

Loop content                  Result              MFLOPS      MOPS   Seconds

N1 floating point     -1.12398255667392033      1644.067              0.095
N2 floating point     -1.12187079889294417      1962.829              0.558
N3 if then else        1.00000000000000000                8725.479    0.097
N4 fixed point        12.00000000000000000                   0.000   -0.000
N5 sin,cos etc.        0.49902937281518261                 224.305    3.025
N6 floating point      0.99999987890802811      1100.608              3.997
N7 assignments         3.00000000000000000                6598.556    0.228
N8 exp,sqrt etc.       0.75100163018453958                 160.257    1.893

MWIPS                                           8242.920              9.893


# COUNT0: 8242.920
# COUNT1: 0
# COUNT2: MWIPS
# TIME: 9.893
# elapsed: 11.797606
# pid: 512
# status: 0

#### Pass 3

Calibrate
       0.00 Seconds          1   Passes (x 100)
       0.01 Seconds          5   Passes (x 100)
       0.03 Seconds         25   Passes (x 100)
       0.16 Seconds        125   Passes (x 100)
       0.77 Seconds        625   Passes (x 100)

Use 8138  passes (x 100)

          Double Precision C/C++ Whetstone Benchmark

Loop content                  Result              MFLOPS      MOPS   Seconds

N1 floating point     -1.12398255667392033      1641.852              0.095
N2 floating point     -1.12187079889294417      1952.900              0.560
N3 if then else        1.00000000000000000                8472.309    0.099
N4 fixed point        12.00000000000000000               29237656646.093    0.000
N5 sin,cos etc.        0.49902937281518261                 223.808    3.025
N6 floating point      0.99999987890802811      1105.121              3.972
N7 assignments         3.00000000000000000                6617.917    0.227
N8 exp,sqrt etc.       0.75100163018453958                 161.108    1.879

MWIPS                                           8254.949              9.858


# COUNT0: 8254.949
# COUNT1: 0
# COUNT2: MWIPS
# TIME: 9.858
# elapsed: 11.764337
# pid: 521
# status: 0

#### Pass 4

Calibrate
       0.00 Seconds          1   Passes (x 100)
       0.01 Seconds          5   Passes (x 100)
       0.03 Seconds         25   Passes (x 100)
       0.16 Seconds        125   Passes (x 100)
       0.77 Seconds        625   Passes (x 100)

Use 8130  passes (x 100)

          Double Precision C/C++ Whetstone Benchmark

Loop content                  Result              MFLOPS      MOPS   Seconds

N1 floating point     -1.12398255667392033      1637.819              0.095
N2 floating point     -1.12187079889294417      1949.971              0.560
N3 if then else        1.00000000000000000                8425.597    0.100
N4 fixed point        12.00000000000000000                   0.000   -0.000
N5 sin,cos etc.        0.49902937281518261                 223.398    3.028
N6 floating point      0.99999987890802811      1100.786              3.984
N7 assignments         3.00000000000000000                6589.376    0.228
N8 exp,sqrt etc.       0.75100163018453958                 160.172    1.888

MWIPS                                           8225.914              9.883


# COUNT0: 8225.914
# COUNT1: 0
# COUNT2: MWIPS
# TIME: 9.883
# elapsed: 11.792997
# pid: 530
# status: 0

#### Pass 5

Calibrate
       0.00 Seconds          1   Passes (x 100)
       0.01 Seconds          5   Passes (x 100)
       0.03 Seconds         25   Passes (x 100)
       0.15 Seconds        125   Passes (x 100)
       0.77 Seconds        625   Passes (x 100)

Use 8128  passes (x 100)

          Double Precision C/C++ Whetstone Benchmark

Loop content                  Result              MFLOPS      MOPS   Seconds

N1 floating point     -1.12398255667392033      1641.499              0.095
N2 floating point     -1.12187079889294417      1943.435              0.562
N3 if then else        1.00000000000000000                8411.814    0.100
N4 fixed point        12.00000000000000000               158895010762.860    0.000
N5 sin,cos etc.        0.49902937281518261                 223.091    3.031
N6 floating point      0.99999987890802811      1096.733              3.998
N7 assignments         3.00000000000000000                6614.214    0.227
N8 exp,sqrt etc.       0.75100163018453958                 160.940    1.879

MWIPS                                           8216.902              9.892


# COUNT0: 8216.902
# COUNT1: 0
# COUNT2: MWIPS
# TIME: 9.892
# elapsed: 11.797418
# pid: 539
# status: 0

#### Pass 6

Calibrate
       0.00 Seconds          1   Passes (x 100)
       0.01 Seconds          5   Passes (x 100)
       0.03 Seconds         25   Passes (x 100)
       0.16 Seconds        125   Passes (x 100)
       0.77 Seconds        625   Passes (x 100)

Use 8132  passes (x 100)

          Double Precision C/C++ Whetstone Benchmark

Loop content                  Result              MFLOPS      MOPS   Seconds

N1 floating point     -1.12398255667392033      1641.557              0.095
N2 floating point     -1.12187079889294417      1955.339              0.559
N3 if then else        1.00000000000000000                8514.627    0.099
N4 fixed point        12.00000000000000000               45705338680.892    0.000
N5 sin,cos etc.        0.49902937281518261                 223.218    3.031
N6 floating point      0.99999987890802811      1102.650              3.978
N7 assignments         3.00000000000000000                6634.997    0.226
N8 exp,sqrt etc.       0.75100163018453958                 161.481    1.873

MWIPS                                           8245.923              9.862


# COUNT0: 8245.923
# COUNT1: 0
# COUNT2: MWIPS
# TIME: 9.862
# elapsed: 11.767309
# pid: 548
# status: 0

#### Pass 7

Calibrate
       0.00 Seconds          1   Passes (x 100)
       0.01 Seconds          5   Passes (x 100)
       0.03 Seconds         25   Passes (x 100)
       0.16 Seconds        125   Passes (x 100)
       0.77 Seconds        625   Passes (x 100)

Use 8148  passes (x 100)

          Double Precision C/C++ Whetstone Benchmark

Loop content                  Result              MFLOPS      MOPS   Seconds

N1 floating point     -1.12398255667392033      1647.846              0.095
N2 floating point     -1.12187079889294417      1966.289              0.557
N3 if then else        1.00000000000000000                8549.796    0.099
N4 fixed point        12.00000000000000000                   0.000   -0.000
N5 sin,cos etc.        0.49902937281518261                 223.246    3.037
N6 floating point      0.99999987890802811      1100.325              3.994
N7 assignments         3.00000000000000000                6540.115    0.230
N8 exp,sqrt etc.       0.75100163018453958                 160.259    1.891

MWIPS                                           8227.800              9.903


# COUNT0: 8227.800
# COUNT1: 0
# COUNT2: MWIPS
# TIME: 9.903
# elapsed: 11.805607
# pid: 557
# status: 0

#### Pass 8

Calibrate
       0.00 Seconds          1   Passes (x 100)
       0.01 Seconds          5   Passes (x 100)
       0.03 Seconds         25   Passes (x 100)
       0.16 Seconds        125   Passes (x 100)
       0.77 Seconds        625   Passes (x 100)

Use 8142  passes (x 100)

          Double Precision C/C++ Whetstone Benchmark

Loop content                  Result              MFLOPS      MOPS   Seconds

N1 floating point     -1.12398255667392033      1653.898              0.095
N2 floating point     -1.12187079889294417      1961.787              0.558
N3 if then else        1.00000000000000000                8661.171    0.097
N4 fixed point        12.00000000000000000               37526714112.773    0.000
N5 sin,cos etc.        0.49902937281518261                 222.352    3.047
N6 floating point      0.99999987890802811      1102.612              3.983
N7 assignments         3.00000000000000000                6583.308    0.229
N8 exp,sqrt etc.       0.75100163018453958                 160.062    1.892

MWIPS                                           8224.137              9.900


# COUNT0: 8224.137
# COUNT1: 0
# COUNT2: MWIPS
# TIME: 9.900
# elapsed: 11.800165
# pid: 566
# status: 0

#### Pass 9

Calibrate
       0.00 Seconds          1   Passes (x 100)
       0.01 Seconds          5   Passes (x 100)
       0.03 Seconds         25   Passes (x 100)
       0.16 Seconds        125   Passes (x 100)
       0.77 Seconds        625   Passes (x 100)

Use 8139  passes (x 100)

          Double Precision C/C++ Whetstone Benchmark

Loop content                  Result              MFLOPS      MOPS   Seconds

N1 floating point     -1.12398255667392033      1652.671              0.095
N2 floating point     -1.12187079889294417      1954.034              0.560
N3 if then else        1.00000000000000000                8723.688    0.097
N4 fixed point        12.00000000000000000                   0.000   -0.000
N5 sin,cos etc.        0.49902937281518261                 223.810    3.026
N6 floating point      0.99999987890802811      1097.496              4.000
N7 assignments         3.00000000000000000                6595.948    0.228
N8 exp,sqrt etc.       0.75100163018453958                 159.623    1.897

MWIPS                                           8219.931              9.902


# COUNT0: 8219.931
# COUNT1: 0
# COUNT2: MWIPS
# TIME: 9.902
# elapsed: 11.803270
# pid: 575
# status: 0

#### Pass 10

Calibrate
       0.00 Seconds          1   Passes (x 100)
       0.01 Seconds          5   Passes (x 100)
       0.03 Seconds         25   Passes (x 100)
       0.16 Seconds        125   Passes (x 100)
       0.77 Seconds        625   Passes (x 100)

Use 8120  passes (x 100)

          Double Precision C/C++ Whetstone Benchmark

Loop content                  Result              MFLOPS      MOPS   Seconds

N1 floating point     -1.12398255667392033      1655.927              0.094
N2 floating point     -1.12187079889294417      1955.732              0.558
N3 if then else        1.00000000000000000                8723.566    0.096
N4 fixed point        12.00000000000000000                   0.000   -0.000
N5 sin,cos etc.        0.49902937281518261                 222.993    3.030
N6 floating point      0.99999987890802811      1097.256              3.992
N7 assignments         3.00000000000000000                6590.865    0.228
N8 exp,sqrt etc.       0.75100163018453958                 159.799    1.890

MWIPS                                           8212.146              9.888


# COUNT0: 8212.146
# COUNT1: 0
# COUNT2: MWIPS
# TIME: 9.888
# elapsed: 11.784852
# pid: 584
# status: 0

*Dump score:       8212.1
*Dump score:       8216.9
*Dump score:       8219.9
Count score:       8224.1
Count score:       8225.9
Count score:       8227.8
Count score:       8229.2
Count score:       8242.9
Count score:       8245.9
Count score:       8254.9

>>>> Results of 1 copy
>>>> score: 8235.82739195649
>>>> time: 9.888
>>>> iterations: 7


########################################################
Execl Throughput -- 1 copy
==> "/mnt/host0/unixbench/UnixBench/pgms/execl" 30 2>&1 >> "/mnt/host0/unixbench/UnixBench/results/uarf-2025-06-04-04.log"

#### Pass 1


# COUNT0: 34420
# COUNT1: 1
# COUNT2: lps
# elapsed: 29.587947
# pid: 593
# status: 0

#### Pass 2


# COUNT0: 35225
# COUNT1: 1
# COUNT2: lps
# elapsed: 29.982604
# pid: 603
# status: 0

#### Pass 3


# COUNT0: 35490
# COUNT1: 1
# COUNT2: lps
# elapsed: 29.983800
# pid: 613
# status: 0

*Dump score:      34420.0
Count score:      35225.0
Count score:      35490.0

>>>> Results of 1 copy
>>>> score: 1179.23535112982
>>>> time: 29.983202
>>>> iterations: 2


########################################################
File Copy 1024 bufsize 2000 maxblocks -- 1 copy
==> "/mnt/host0/unixbench/UnixBench/pgms/fstime" -c -t 30 -d "/mnt/host0/unixbench/UnixBench/tmp" -b 1024 -m 2000 2>&1 >> "/mnt/host0/unixbench/UnixBench/results/uarf-2025-06-04-04.log"

#### Pass 1

Write done: 176000 in 2.0532, score 21430
Read done: 132048 in 2.0001, score 16505
Copy done: 838484 in 30.0001, score 6987

# COUNT0: 6987
# COUNT1: 0
# COUNT2: KBps
# TIME: 30.0
# elapsed: 45.066349
# pid: 622
# status: 0

#### Pass 2

Write done: 176000 in 2.0989, score 20963
Read done: 101148 in 2.0000, score 12643
Copy done: 813208 in 30.0001, score 6776

# COUNT0: 6776
# COUNT1: 0
# COUNT2: KBps
# TIME: 30.0
# elapsed: 45.109601
# pid: 631
# status: 0

#### Pass 3

Write done: 104000 in 2.0051, score 12966
Read done: 133020 in 2.0000, score 16627
Copy done: 856840 in 30.0000, score 7140

# COUNT0: 7140
# COUNT1: 0
# COUNT2: KBps
# TIME: 30.0
# elapsed: 45.015802
# pid: 640
# status: 0

*Dump score:       6776.0
Count score:       6987.0
Count score:       7140.0

>>>> Results of 1 copy
>>>> score: 7063.08572792373
>>>> time: 30
>>>> iterations: 2


########################################################
File Copy 256 bufsize 500 maxblocks -- 1 copy
==> "/mnt/host0/unixbench/UnixBench/pgms/fstime" -c -t 30 -d "/mnt/host0/unixbench/UnixBench/tmp" -b 256 -m 500 2>&1 >> "/mnt/host0/unixbench/UnixBench/results/uarf-2025-06-04-04.log"

#### Pass 1

Write done: 44000 in 2.0716, score 5309
Read done: 40980 in 2.0001, score 5122
Copy done: 281694 in 30.0001, score 2347

# COUNT0: 2347
# COUNT1: 0
# COUNT2: KBps
# TIME: 30.0
# elapsed: 45.082120
# pid: 649
# status: 0

#### Pass 2

Write done: 32000 in 2.0119, score 3976
Read done: 42181 in 2.0000, score 5272
Copy done: 247083 in 30.0001, score 2059

# COUNT0: 2059
# COUNT1: 0
# COUNT2: KBps
# TIME: 30.0
# elapsed: 45.023139
# pid: 658
# status: 0

#### Pass 3

Write done: 28000 in 2.0829, score 3360
Read done: 39948 in 2.0000, score 4993
Copy done: 250911 in 30.0000, score 2090

# COUNT0: 2090
# COUNT1: 0
# COUNT2: KBps
# TIME: 30.0
# elapsed: 45.092890
# pid: 667
# status: 0

*Dump score:       2059.0
Count score:       2090.0
Count score:       2347.0

>>>> Results of 1 copy
>>>> score: 2214.77538364503
>>>> time: 30
>>>> iterations: 2


########################################################
File Copy 4096 bufsize 8000 maxblocks -- 1 copy
==> "/mnt/host0/unixbench/UnixBench/pgms/fstime" -c -t 30 -d "/mnt/host0/unixbench/UnixBench/tmp" -b 4096 -m 8000 2>&1 >> "/mnt/host0/unixbench/UnixBench/results/uarf-2025-06-04-04.log"

#### Pass 1

Write done: 416000 in 2.0796, score 50010
Read done: 403424 in 2.0000, score 50427
Copy done: 3368032 in 30.0000, score 28066

# COUNT0: 28066
# COUNT1: 0
# COUNT2: KBps
# TIME: 30.0
# elapsed: 45.093119
# pid: 677
# status: 0

#### Pass 2

Write done: 416000 in 2.1053, score 49398
Read done: 661648 in 2.0000, score 82705
Copy done: 3721920 in 30.0001, score 31015

# COUNT0: 31015
# COUNT1: 0
# COUNT2: KBps
# TIME: 30.0
# elapsed: 45.120261
# pid: 686
# status: 0

#### Pass 3

Write done: 416000 in 2.1104, score 49278
Read done: 566832 in 2.0001, score 70851
Copy done: 3494272 in 30.0002, score 29118

# COUNT0: 29118
# COUNT1: 0
# COUNT2: KBps
# TIME: 30.0
# elapsed: 45.123836
# pid: 695
# status: 0

*Dump score:      28066.0
Count score:      29118.0
Count score:      31015.0

>>>> Results of 1 copy
>>>> score: 30051.5352353253
>>>> time: 30
>>>> iterations: 2


########################################################
Pipe Throughput -- 1 copy
==> "/mnt/host0/unixbench/UnixBench/pgms/pipe" 10 2>&1 >> "/mnt/host0/unixbench/UnixBench/results/uarf-2025-06-04-04.log"

#### Pass 1


# COUNT0: 8264017
# COUNT1: 1
# COUNT2: lps
# elapsed: 10.004045
# pid: 704
# status: 0

#### Pass 2


# COUNT0: 8093269
# COUNT1: 1
# COUNT2: lps
# elapsed: 10.004071
# pid: 713
# status: 0

#### Pass 3


# COUNT0: 8384538
# COUNT1: 1
# COUNT2: lps
# elapsed: 10.003792
# pid: 722
# status: 0

#### Pass 4


# COUNT0: 8185981
# COUNT1: 1
# COUNT2: lps
# elapsed: 10.004304
# pid: 731
# status: 0

#### Pass 5


# COUNT0: 8488417
# COUNT1: 1
# COUNT2: lps
# elapsed: 10.003886
# pid: 740
# status: 0

#### Pass 6


# COUNT0: 8285780
# COUNT1: 1
# COUNT2: lps
# elapsed: 10.004096
# pid: 749
# status: 0

#### Pass 7


# COUNT0: 8310883
# COUNT1: 1
# COUNT2: lps
# elapsed: 10.004078
# pid: 758
# status: 0

#### Pass 8


# COUNT0: 8569162
# COUNT1: 1
# COUNT2: lps
# elapsed: 10.003651
# pid: 769
# status: 0

#### Pass 9


# COUNT0: 8403864
# COUNT1: 1
# COUNT2: lps
# elapsed: 10.003661
# pid: 778
# status: 0

#### Pass 10


# COUNT0: 8332091
# COUNT1: 1
# COUNT2: lps
# elapsed: 10.004017
# pid: 787
# status: 0

*Dump score:    8093269.0
*Dump score:    8185981.0
*Dump score:    8264017.0
Count score:    8285780.0
Count score:    8310883.0
Count score:    8332091.0
Count score:    8384538.0
Count score:    8403864.0
Count score:    8488417.0
Count score:    8569162.0

>>>> Results of 1 copy
>>>> score: 839260.520240315
>>>> time: 10.003883
>>>> iterations: 7


########################################################
Pipe-based Context Switching -- 1 copy
==> "/mnt/host0/unixbench/UnixBench/pgms/context1" 10 2>&1 >> "/mnt/host0/unixbench/UnixBench/results/uarf-2025-06-04-04.log"

#### Pass 1


# COUNT0: 131345
# COUNT1: 1
# COUNT2: lps
# elapsed: 10.003521
# pid: 796
# status: 0

#### Pass 2


# COUNT0: 131721
# COUNT1: 1
# COUNT2: lps
# elapsed: 10.003371
# pid: 806
# status: 0

#### Pass 3


# COUNT0: 131759
# COUNT1: 1
# COUNT2: lps
# elapsed: 10.003486
# pid: 816
# status: 0

#### Pass 4


# COUNT0: 132595
# COUNT1: 1
# COUNT2: lps
# elapsed: 10.003551
# pid: 827
# status: 0

#### Pass 5


# COUNT0: 132537
# COUNT1: 1
# COUNT2: lps
# elapsed: 10.003571
# pid: 837
# status: 0

#### Pass 6


# COUNT0: 132063
# COUNT1: 1
# COUNT2: lps
# elapsed: 10.003584
# pid: 847
# status: 0

#### Pass 7


# COUNT0: 132221
# COUNT1: 1
# COUNT2: lps
# elapsed: 10.003500
# pid: 857
# status: 0

#### Pass 8


# COUNT0: 131676
# COUNT1: 1
# COUNT2: lps
# elapsed: 10.003547
# pid: 867
# status: 0

#### Pass 9


# COUNT0: 130974
# COUNT1: 1
# COUNT2: lps
# elapsed: 10.003760
# pid: 877
# status: 0

#### Pass 10


# COUNT0: 131455
# COUNT1: 1
# COUNT2: lps
# elapsed: 10.003318
# pid: 887
# status: 0

*Dump score:     130974.0
*Dump score:     131345.0
*Dump score:     131455.0
Count score:     131676.0
Count score:     131721.0
Count score:     131759.0
Count score:     132063.0
Count score:     132221.0
Count score:     132537.0
Count score:     132595.0

>>>> Results of 1 copy
>>>> score: 13203.481389237
>>>> time: 10.0035157142857
>>>> iterations: 7


########################################################
Process Creation -- 1 copy
==> "/mnt/host0/unixbench/UnixBench/pgms/spawn" 30 2>&1 >> "/mnt/host0/unixbench/UnixBench/results/uarf-2025-06-04-04.log"

#### Pass 1


# COUNT0: 188492
# COUNT1: 1
# COUNT2: lps
# elapsed: 30.003844
# pid: 897
# status: 0

#### Pass 2


# COUNT0: 184100
# COUNT1: 1
# COUNT2: lps
# elapsed: 30.004007
# pid: 189399
# status: 0

#### Pass 3


# COUNT0: 189542
# COUNT1: 1
# COUNT2: lps
# elapsed: 30.004005
# pid: 373509
# status: 0

*Dump score:     184100.0
Count score:     188492.0
Count score:     189542.0

>>>> Results of 1 copy
>>>> score: 6299.71825512986
>>>> time: 30.0039245
>>>> iterations: 2


########################################################
System Call Overhead -- 1 copy
==> "/mnt/host0/unixbench/UnixBench/pgms/syscall" 10 2>&1 >> "/mnt/host0/unixbench/UnixBench/results/uarf-2025-06-04-04.log"

#### Pass 1


# COUNT0: 5011852
# COUNT1: 1
# COUNT2: lps
# elapsed: 10.003793
# pid: 563061
# status: 0

#### Pass 2


# COUNT0: 5071106
# COUNT1: 1
# COUNT2: lps
# elapsed: 10.004155
# pid: 563070
# status: 0

#### Pass 3


# COUNT0: 5153752
# COUNT1: 1
# COUNT2: lps
# elapsed: 10.003834
# pid: 563079
# status: 0

#### Pass 4


# COUNT0: 5138116
# COUNT1: 1
# COUNT2: lps
# elapsed: 10.004191
# pid: 563089
# status: 0

#### Pass 5


# COUNT0: 4999856
# COUNT1: 1
# COUNT2: lps
# elapsed: 10.003753
# pid: 563098
# status: 0

#### Pass 6


# COUNT0: 5057683
# COUNT1: 1
# COUNT2: lps
# elapsed: 10.003978
# pid: 563107
# status: 0

#### Pass 7


# COUNT0: 4973810
# COUNT1: 1
# COUNT2: lps
# elapsed: 10.004153
# pid: 563116
# status: 0

#### Pass 8


# COUNT0: 5037465
# COUNT1: 1
# COUNT2: lps
# elapsed: 10.003689
# pid: 563125
# status: 0

#### Pass 9


# COUNT0: 5000661
# COUNT1: 1
# COUNT2: lps
# elapsed: 10.004117
# pid: 563134
# status: 0

#### Pass 10


# COUNT0: 5110080
# COUNT1: 1
# COUNT2: lps
# elapsed: 10.004004
# pid: 563143
# status: 0

*Dump score:    4973810.0
*Dump score:    4999856.0
*Dump score:    5000661.0
Count score:    5011852.0
Count score:    5037465.0
Count score:    5057683.0
Count score:    5071106.0
Count score:    5110080.0
Count score:    5138116.0
Count score:    5153752.0

>>>> Results of 1 copy
>>>> score: 508062.396652683
>>>> time: 10.0039491428571
>>>> iterations: 7


########################################################
Shell Scripts (1 concurrent) -- 1 copy
==> "/mnt/host0/unixbench/UnixBench/pgms/looper" 60 "/mnt/host0/unixbench/UnixBench/pgms/multi.sh" 1 2>&1 >> "/mnt/host0/unixbench/UnixBench/results/uarf-2025-06-04-04.log"

#### Pass 1


# COUNT0: 2927
# COUNT1: 60
# COUNT2: lpm
# elapsed: 60.013042
# pid: 563152
# status: 0

#### Pass 2


# COUNT0: 2940
# COUNT1: 60
# COUNT2: lpm
# elapsed: 60.007775
# pid: 589514
# status: 0

#### Pass 3


# COUNT0: 2932
# COUNT1: 60
# COUNT2: lpm
# elapsed: 60.005232
# pid: 615992
# status: 0

*Dump score:       2927.0
Count score:       2932.0
Count score:       2940.0

>>>> Results of 1 copy
>>>> score: 2935.67907271472
>>>> time: 60.0065035
>>>> iterations: 2


########################################################
Shell Scripts (8 concurrent) -- 1 copy
==> "/mnt/host0/unixbench/UnixBench/pgms/looper" 60 "/mnt/host0/unixbench/UnixBench/pgms/multi.sh" 8 2>&1 >> "/mnt/host0/unixbench/UnixBench/results/uarf-2025-06-04-04.log"

#### Pass 1


# COUNT0: 625
# COUNT1: 60
# COUNT2: lpm
# elapsed: 60.017516
# pid: 642398
# status: 0

#### Pass 2


# COUNT0: 627
# COUNT1: 60
# COUNT2: lpm
# elapsed: 60.091538
# pid: 683097
# status: 0

#### Pass 3


# COUNT0: 627
# COUNT1: 60
# COUNT2: lpm
# elapsed: 60.027520
# pid: 723926
# status: 0

*Dump score:        625.0
Count score:        627.0
Count score:        627.0

>>>> Results of 1 copy
>>>> score: 626.378627491471
>>>> time: 60.059529
>>>> iterations: 2


########################################################
Dhrystone 2 using register variables -- 2 copies
==> "/mnt/host0/unixbench/UnixBench/pgms/dhry2reg" 10 2>&1 >> "/mnt/host0/unixbench/UnixBench/results/uarf-2025-06-04-04.log"

#### Pass 1


# COUNT0: 334320202
# COUNT1: 1
# COUNT2: lps
# elapsed: 10.004976
# pid: 764756
# status: 0

# COUNT0: 334388989
# COUNT1: 1
# COUNT2: lps
# elapsed: 10.004426
# pid: 764758
# status: 0

#### Pass 2


# COUNT0: 333865268
# COUNT1: 1
# COUNT2: lps
# elapsed: 10.004904
# pid: 764768
# status: 0

# COUNT0: 333810280
# COUNT1: 1
# COUNT2: lps
# elapsed: 10.004776
# pid: 764770
# status: 0

#### Pass 3


# COUNT0: 332864144
# COUNT1: 1
# COUNT2: lps
# elapsed: 10.005193
# pid: 764780
# status: 0

# COUNT0: 332927878
# COUNT1: 1
# COUNT2: lps
# elapsed: 10.004596
# pid: 764782
# status: 0

#### Pass 4


# COUNT0: 334201605
# COUNT1: 1
# COUNT2: lps
# elapsed: 10.005375
# pid: 764792
# status: 0

# COUNT0: 334125372
# COUNT1: 1
# COUNT2: lps
# elapsed: 10.004721
# pid: 764794
# status: 0

#### Pass 5


# COUNT0: 334482760
# COUNT1: 1
# COUNT2: lps
# elapsed: 10.004688
# pid: 764804
# status: 0

# COUNT0: 334429461
# COUNT1: 1
# COUNT2: lps
# elapsed: 10.005591
# pid: 764806
# status: 0

#### Pass 6


# COUNT0: 328548555
# COUNT1: 1
# COUNT2: lps
# elapsed: 10.005087
# pid: 764816
# status: 0

# COUNT0: 328695739
# COUNT1: 1
# COUNT2: lps
# elapsed: 10.004456
# pid: 764818
# status: 0

#### Pass 7


# COUNT0: 334659647
# COUNT1: 1
# COUNT2: lps
# elapsed: 10.004900
# pid: 764828
# status: 0

# COUNT0: 334605366
# COUNT1: 1
# COUNT2: lps
# elapsed: 10.005875
# pid: 764830
# status: 0

#### Pass 8


# COUNT0: 334606348
# COUNT1: 1
# COUNT2: lps
# elapsed: 10.004780
# pid: 764840
# status: 0

# COUNT0: 334579176
# COUNT1: 1
# COUNT2: lps
# elapsed: 10.004268
# pid: 764842
# status: 0

#### Pass 9


# COUNT0: 334528299
# COUNT1: 1
# COUNT2: lps
# elapsed: 10.005216
# pid: 764852
# status: 0

# COUNT0: 334591466
# COUNT1: 1
# COUNT2: lps
# elapsed: 10.004916
# pid: 764854
# status: 0

#### Pass 10


# COUNT0: 334603444
# COUNT1: 1
# COUNT2: lps
# elapsed: 10.004815
# pid: 764864
# status: 0

# COUNT0: 334645714
# COUNT1: 1
# COUNT2: lps
# elapsed: 10.004637
# pid: 764866
# status: 0

*Dump score:  657244294.0
*Dump score:  665792022.0
*Dump score:  667675548.0
Count score:  668326977.0
Count score:  668709191.0
Count score:  668912221.0
Count score:  669119765.0
Count score:  669185524.0
Count score:  669249158.0
Count score:  669265013.0

>>>> Sum of 2 copies
>>>> score: 66863633.8104262
>>>> time: 10.0049417142857
>>>> iterations: 7


########################################################
Double-Precision Whetstone -- 2 copies
==> "/mnt/host0/unixbench/UnixBench/pgms/whetstone-double"  2>&1 >> "/mnt/host0/unixbench/UnixBench/results/uarf-2025-06-04-04.log"

#### Pass 1

Calibrate
       0.00 Seconds          1   Passes (x 100)
       0.01 Seconds          5   Passes (x 100)
       0.04 Seconds         25   Passes (x 100)
       0.18 Seconds        125   Passes (x 100)
       0.88 Seconds        625   Passes (x 100)

Use 7084  passes (x 100)

          Double Precision C/C++ Whetstone Benchmark

Loop content                  Result              MFLOPS      MOPS   Seconds

N1 floating point     -1.12398255667392033      1636.711              0.083
N2 floating point     -1.12187079889294417      1943.785              0.490
N3 if then else        1.00000000000000000                6580.575    0.111
N4 fixed point        12.00000000000000000               98214216689.879    0.000
N5 sin,cos etc.        0.49902937281518261                 164.008    3.594
N6 floating point      0.99999987890802811      1094.426              3.491
N7 assignments         3.00000000000000000                3289.229    0.398
N8 exp,sqrt etc.       0.75100163018453958                 144.471    1.824

MWIPS                                           7090.039              9.991

Calibrate
       0.00 Seconds          1   Passes (x 100)
       0.01 Seconds          5   Passes (x 100)
       0.04 Seconds         25   Passes (x 100)
       0.18 Seconds        125   Passes (x 100)
       0.88 Seconds        625   Passes (x 100)

Use 7082  passes (x 100)

          Double Precision C/C++ Whetstone Benchmark

Loop content                  Result              MFLOPS      MOPS   Seconds

N1 floating point     -1.12398255667392033      1636.556              0.083
N2 floating point     -1.12187079889294417      1944.237              0.490
N3 if then else        1.00000000000000000                6577.823    0.111
N4 fixed point        12.00000000000000000                   0.000   -0.000
N5 sin,cos etc.        0.49902937281518261                 163.976    3.593
N6 floating point      0.99999987890802811      1094.074              3.492
N7 assignments         3.00000000000000000                3289.424    0.398
N8 exp,sqrt etc.       0.75100163018453958                 144.470    1.824

MWIPS                                           7088.788              9.990


# COUNT0: 7090.039
# COUNT1: 0
# COUNT2: MWIPS
# TIME: 9.991
# elapsed: 11.930346
# pid: 764876
# status: 0

# COUNT0: 7088.788
# COUNT1: 0
# COUNT2: MWIPS
# TIME: 9.990
# elapsed: 11.930011
# pid: 764878
# status: 0

#### Pass 2

Calibrate
       0.00 Seconds          1   Passes (x 100)
       0.01 Seconds          5   Passes (x 100)
       0.04 Seconds         25   Passes (x 100)
       0.18 Seconds        125   Passes (x 100)
       0.88 Seconds        625   Passes (x 100)

Use 7097  passes (x 100)

          Double Precision C/C++ Whetstone Benchmark

Loop content                  Result              MFLOPS      MOPS   Seconds

N1 floating point     -1.12398255667392033      1644.666              0.083
N2 floating point     -1.12187079889294417      1953.007              0.488
N3 if then else        1.00000000000000000                6556.860    0.112
N4 fixed point        12.00000000000000000                   0.000   -0.000
N5 sin,cos etc.        0.49902937281518261                 164.811    3.583
N6 floating point      0.99999987890802811      1094.934              3.496
N7 assignments         3.00000000000000000                3318.663    0.395
N8 exp,sqrt etc.       0.75100163018453958                 144.427    1.828

MWIPS                                           7107.403              9.985

Calibrate
       0.00 Seconds          1   Passes (x 100)
       0.01 Seconds          5   Passes (x 100)
       0.04 Seconds         25   Passes (x 100)
       0.18 Seconds        125   Passes (x 100)
       0.88 Seconds        625   Passes (x 100)

Use 7101  passes (x 100)

          Double Precision C/C++ Whetstone Benchmark

Loop content                  Result              MFLOPS      MOPS   Seconds

N1 floating point     -1.12398255667392033      1644.020              0.083
N2 floating point     -1.12187079889294417      1951.870              0.489
N3 if then else        1.00000000000000000                6557.522    0.112
N4 fixed point        12.00000000000000000               69739255113.638    0.000
N5 sin,cos etc.        0.49902937281518261                 164.825    3.584
N6 floating point      0.99999987890802811      1094.764              3.499
N7 assignments         3.00000000000000000                3312.520    0.396
N8 exp,sqrt etc.       0.75100163018453958                 144.388    1.829

MWIPS                                           7106.138              9.993


# COUNT0: 7107.403
# COUNT1: 0
# COUNT2: MWIPS
# TIME: 9.985
# elapsed: 11.922703
# pid: 764888
# status: 0

# COUNT0: 7106.138
# COUNT1: 0
# COUNT2: MWIPS
# TIME: 9.993
# elapsed: 11.926428
# pid: 764890
# status: 0

#### Pass 3

Calibrate
       0.00 Seconds          1   Passes (x 100)
       0.01 Seconds          5   Passes (x 100)
       0.04 Seconds         25   Passes (x 100)
       0.18 Seconds        125   Passes (x 100)
       0.89 Seconds        625   Passes (x 100)

Use 7054  passes (x 100)

          Double Precision C/C++ Whetstone Benchmark

Loop content                  Result              MFLOPS      MOPS   Seconds

N1 floating point     -1.12398255667392033      1643.627              0.082
N2 floating point     -1.12187079889294417      1952.862              0.485
N3 if then else        1.00000000000000000                6555.645    0.111
N4 fixed point        12.00000000000000000               52231583366.708    0.000
N5 sin,cos etc.        0.49902937281518261                 161.601    3.632
N6 floating point      0.99999987890802811      1095.366              3.474
N7 assignments         3.00000000000000000                3309.886    0.394
N8 exp,sqrt etc.       0.75100163018453958                 144.317    1.818

MWIPS                                           7056.283              9.997

Calibrate
       0.00 Seconds          1   Passes (x 100)
       0.01 Seconds          5   Passes (x 100)
       0.04 Seconds         25   Passes (x 100)
       0.18 Seconds        125   Passes (x 100)
       0.88 Seconds        625   Passes (x 100)

Use 7093  passes (x 100)

          Double Precision C/C++ Whetstone Benchmark

Loop content                  Result              MFLOPS      MOPS   Seconds

N1 floating point     -1.12398255667392033      1643.553              0.083
N2 floating point     -1.12187079889294417      1951.874              0.488
N3 if then else        1.00000000000000000                6554.874    0.112
N4 fixed point        12.00000000000000000                   0.000   -0.000
N5 sin,cos etc.        0.49902937281518261                 163.339    3.613
N6 floating point      0.99999987890802811      1094.917              3.494
N7 assignments         3.00000000000000000                3309.924    0.396
N8 exp,sqrt etc.       0.75100163018453958                 144.309    1.828

MWIPS                                           7082.398             10.015


# COUNT0: 7056.283
# COUNT1: 0
# COUNT2: MWIPS
# TIME: 9.997
# elapsed: 11.934297
# pid: 764900
# status: 0

# COUNT0: 7082.398
# COUNT1: 0
# COUNT2: MWIPS
# TIME: 10.015
# elapsed: 11.950462
# pid: 764902
# status: 0

#### Pass 4

Calibrate
       0.00 Seconds          1   Passes (x 100)
       0.01 Seconds          5   Passes (x 100)
       0.04 Seconds         25   Passes (x 100)
       0.18 Seconds        125   Passes (x 100)
       0.88 Seconds        625   Passes (x 100)

Use 7099  passes (x 100)

          Double Precision C/C++ Whetstone Benchmark

Loop content                  Result              MFLOPS      MOPS   Seconds

N1 floating point     -1.12398255667392033      1643.834              0.083
N2 floating point     -1.12187079889294417      1952.238              0.489
N3 if then else        1.00000000000000000                6538.925    0.112
N4 fixed point        12.00000000000000000                   0.000   -0.000
N5 sin,cos etc.        0.49902937281518261                 164.908    3.582
N6 floating point      0.99999987890802811      1095.148              3.497
N7 assignments         3.00000000000000000                3281.116    0.400
N8 exp,sqrt etc.       0.75100163018453958                 144.502    1.828

MWIPS                                           7106.461              9.990

Calibrate
       0.00 Seconds          1   Passes (x 100)
       0.01 Seconds          5   Passes (x 100)
       0.04 Seconds         25   Passes (x 100)
       0.18 Seconds        125   Passes (x 100)
       0.88 Seconds        625   Passes (x 100)

Use 7102  passes (x 100)

          Double Precision C/C++ Whetstone Benchmark

Loop content                  Result              MFLOPS      MOPS   Seconds

N1 floating point     -1.12398255667392033      1644.582              0.083
N2 floating point     -1.12187079889294417      1953.095              0.489
N3 if then else        1.00000000000000000                6537.669    0.112
N4 fixed point        12.00000000000000000                   0.000   -0.000
N5 sin,cos etc.        0.49902937281518261                 164.963    3.582
N6 floating point      0.99999987890802811      1095.426              3.497
N7 assignments         3.00000000000000000                3284.876    0.400
N8 exp,sqrt etc.       0.75100163018453958                 144.522    1.828

MWIPS                                           7108.615              9.991


# COUNT0: 7108.615
# COUNT1: 0
# COUNT2: MWIPS
# TIME: 9.991
# elapsed: 11.924282
# pid: 764912
# status: 0

# COUNT0: 7106.461
# COUNT1: 0
# COUNT2: MWIPS
# TIME: 9.990
# elapsed: 11.923298
# pid: 764914
# status: 0

#### Pass 5

Calibrate
       0.00 Seconds          1   Passes (x 100)
       0.01 Seconds          5   Passes (x 100)
       0.04 Seconds         25   Passes (x 100)
       0.18 Seconds        125   Passes (x 100)
       0.88 Seconds        625   Passes (x 100)

Use 7091  passes (x 100)

          Double Precision C/C++ Whetstone Benchmark

Loop content                  Result              MFLOPS      MOPS   Seconds

N1 floating point     -1.12398255667392033      1642.013              0.083
N2 floating point     -1.12187079889294417      1948.479              0.489
N3 if then else        1.00000000000000000                6570.092    0.112
N4 fixed point        12.00000000000000000               29777353713.252    0.000
N5 sin,cos etc.        0.49902937281518261                 164.552    3.585
N6 floating point      0.99999987890802811      1093.476              3.498
N7 assignments         3.00000000000000000                3289.678    0.398
N8 exp,sqrt etc.       0.75100163018453958                 144.428    1.826

MWIPS                                           7096.872              9.992

Calibrate
       0.00 Seconds          1   Passes (x 100)
       0.01 Seconds          5   Passes (x 100)
       0.04 Seconds         25   Passes (x 100)
       0.18 Seconds        125   Passes (x 100)
       0.88 Seconds        625   Passes (x 100)

Use 7096  passes (x 100)

          Double Precision C/C++ Whetstone Benchmark

Loop content                  Result              MFLOPS      MOPS   Seconds

N1 floating point     -1.12398255667392033      1643.587              0.083
N2 floating point     -1.12187079889294417      1948.555              0.489
N3 if then else        1.00000000000000000                6572.841    0.112
N4 fixed point        12.00000000000000000               30024325567.429    0.000
N5 sin,cos etc.        0.49902937281518261                 164.600    3.587
N6 floating point      0.99999987890802811      1093.862              3.499
N7 assignments         3.00000000000000000                3288.844    0.399
N8 exp,sqrt etc.       0.75100163018453958                 144.350    1.829

MWIPS                                           7097.819              9.997


# COUNT0: 7097.819
# COUNT1: 0
# COUNT2: MWIPS
# TIME: 9.997
# elapsed: 11.932909
# pid: 764924
# status: 0

# COUNT0: 7096.872
# COUNT1: 0
# COUNT2: MWIPS
# TIME: 9.992
# elapsed: 11.928149
# pid: 764926
# status: 0

#### Pass 6

Calibrate
       0.00 Seconds          1   Passes (x 100)
       0.01 Seconds          5   Passes (x 100)
       0.04 Seconds         25   Passes (x 100)
       0.18 Seconds        125   Passes (x 100)
       0.88 Seconds        625   Passes (x 100)

Use 7098  passes (x 100)

          Double Precision C/C++ Whetstone Benchmark

Loop content                  Result              MFLOPS      MOPS   Seconds

N1 floating point     -1.12398255667392033      1646.408              0.083
N2 floating point     -1.12187079889294417      1948.117              0.490
N3 if then else        1.00000000000000000                6574.747    0.112
N4 fixed point        12.00000000000000000                   0.000   -0.000
N5 sin,cos etc.        0.49902937281518261                 164.899    3.581
N6 floating point      0.99999987890802811      1093.194              3.502
N7 assignments         3.00000000000000000                3300.457    0.397
N8 exp,sqrt etc.       0.75100163018453958                 144.400    1.829

MWIPS                                           7102.416              9.994

Calibrate
       0.00 Seconds          1   Passes (x 100)
       0.01 Seconds          5   Passes (x 100)
       0.04 Seconds         25   Passes (x 100)
       0.18 Seconds        125   Passes (x 100)
       0.88 Seconds        625   Passes (x 100)

Use 7103  passes (x 100)

          Double Precision C/C++ Whetstone Benchmark

Loop content                  Result              MFLOPS      MOPS   Seconds

N1 floating point     -1.12398255667392033      1646.207              0.083
N2 floating point     -1.12187079889294417      1949.700              0.490
N3 if then else        1.00000000000000000                6576.913    0.112
N4 fixed point        12.00000000000000000               39217224764.214    0.000
N5 sin,cos etc.        0.49902937281518261                 164.940    3.583
N6 floating point      0.99999987890802811      1093.540              3.504
N7 assignments         3.00000000000000000                3297.835    0.398
N8 exp,sqrt etc.       0.75100163018453958                 144.337    1.831

MWIPS                                           7103.352             10.000


# COUNT0: 7102.416
# COUNT1: 0
# COUNT2: MWIPS
# TIME: 9.994
# elapsed: 11.927893
# pid: 764936
# status: 0

# COUNT0: 7103.352
# COUNT1: 0
# COUNT2: MWIPS
# TIME: 10.000
# elapsed: 11.932271
# pid: 764938
# status: 0

#### Pass 7

Calibrate
       0.00 Seconds          1   Passes (x 100)
       0.01 Seconds          5   Passes (x 100)
       0.04 Seconds         25   Passes (x 100)
       0.18 Seconds        125   Passes (x 100)
       0.88 Seconds        625   Passes (x 100)

Use 7108  passes (x 100)

          Double Precision C/C++ Whetstone Benchmark

Loop content                  Result              MFLOPS      MOPS   Seconds

N1 floating point     -1.12398255667392033      1642.021              0.083
N2 floating point     -1.12187079889294417      1955.890              0.488
N3 if then else        1.00000000000000000                6582.664    0.112
N4 fixed point        12.00000000000000000               2277242796.199    0.000
N5 sin,cos etc.        0.49902937281518261                 164.535    3.594
N6 floating point      0.99999987890802811      1095.475              3.500
N7 assignments         3.00000000000000000                3314.037    0.396
N8 exp,sqrt etc.       0.75100163018453958                 144.475    1.830

MWIPS                                           7105.122             10.004

Calibrate
       0.00 Seconds          1   Passes (x 100)
       0.01 Seconds          5   Passes (x 100)
       0.04 Seconds         25   Passes (x 100)
       0.18 Seconds        125   Passes (x 100)
       0.88 Seconds        625   Passes (x 100)

Use 7117  passes (x 100)

          Double Precision C/C++ Whetstone Benchmark

Loop content                  Result              MFLOPS      MOPS   Seconds

N1 floating point     -1.12398255667392033      1642.837              0.083
N2 floating point     -1.12187079889294417      1953.671              0.490
N3 if then else        1.00000000000000000                6584.102    0.112
N4 fixed point        12.00000000000000000               51371401287.043    0.000
N5 sin,cos etc.        0.49902937281518261                 164.565    3.598
N6 floating point      0.99999987890802811      1095.562              3.504
N7 assignments         3.00000000000000000                3308.775    0.397
N8 exp,sqrt etc.       0.75100163018453958                 144.377    1.834

MWIPS                                           7104.117             10.018


# COUNT0: 7104.117
# COUNT1: 0
# COUNT2: MWIPS
# TIME: 10.018
# elapsed: 11.950917
# pid: 764948
# status: 0

# COUNT0: 7105.122
# COUNT1: 0
# COUNT2: MWIPS
# TIME: 10.004
# elapsed: 11.939204
# pid: 764950
# status: 0

#### Pass 8

Calibrate
       0.00 Seconds          1   Passes (x 100)
       0.01 Seconds          5   Passes (x 100)
       0.04 Seconds         25   Passes (x 100)
       0.18 Seconds        125   Passes (x 100)
       0.88 Seconds        625   Passes (x 100)

Use 7088  passes (x 100)

          Double Precision C/C++ Whetstone Benchmark

Loop content                  Result              MFLOPS      MOPS   Seconds

N1 floating point     -1.12398255667392033      1646.690              0.083
N2 floating point     -1.12187079889294417      1952.229              0.488
N3 if then else        1.00000000000000000                6579.623    0.111
N4 fixed point        12.00000000000000000               2102893413.865    0.000
N5 sin,cos etc.        0.49902937281518261                 164.388    3.587
N6 floating point      0.99999987890802811      1095.475              3.490
N7 assignments         3.00000000000000000                3280.578    0.399
N8 exp,sqrt etc.       0.75100163018453958                 144.492    1.825

MWIPS                                           7099.606              9.984

Calibrate
       0.00 Seconds          1   Passes (x 100)
       0.01 Seconds          5   Passes (x 100)
       0.04 Seconds         25   Passes (x 100)
       0.18 Seconds        125   Passes (x 100)
       0.88 Seconds        625   Passes (x 100)

Use 7091  passes (x 100)

          Double Precision C/C++ Whetstone Benchmark

Loop content                  Result              MFLOPS      MOPS   Seconds

N1 floating point     -1.12398255667392033      1646.636              0.083
N2 floating point     -1.12187079889294417      1952.719              0.488
N3 if then else        1.00000000000000000                6582.108    0.112
N4 fixed point        12.00000000000000000                   0.000   -0.000
N5 sin,cos etc.        0.49902937281518261                 164.406    3.589
N6 floating point      0.99999987890802811      1095.874              3.490
N7 assignments         3.00000000000000000                3279.552    0.400
N8 exp,sqrt etc.       0.75100163018453958                 144.515    1.825

MWIPS                                           7101.017              9.986


# COUNT0: 7101.017
# COUNT1: 0
# COUNT2: MWIPS
# TIME: 9.986
# elapsed: 11.919790
# pid: 764960
# status: 0

# COUNT0: 7099.606
# COUNT1: 0
# COUNT2: MWIPS
# TIME: 9.984
# elapsed: 11.917540
# pid: 764962
# status: 0

#### Pass 9

Calibrate
       0.00 Seconds          1   Passes (x 100)
       0.01 Seconds          5   Passes (x 100)
       0.04 Seconds         25   Passes (x 100)
       0.18 Seconds        125   Passes (x 100)
       0.88 Seconds        625   Passes (x 100)

Use 7086  passes (x 100)

          Double Precision C/C++ Whetstone Benchmark

Loop content                  Result              MFLOPS      MOPS   Seconds

N1 floating point     -1.12398255667392033      1648.614              0.083
N2 floating point     -1.12187079889294417      1933.801              0.492
N3 if then else        1.00000000000000000                6578.007    0.111
N4 fixed point        12.00000000000000000                   0.000   -0.000
N5 sin,cos etc.        0.49902937281518261                 164.421    3.586
N6 floating point      0.99999987890802811      1091.012              3.503
N7 assignments         3.00000000000000000                3297.581    0.397
N8 exp,sqrt etc.       0.75100163018453958                 144.331    1.826

MWIPS                                           7086.749              9.999

Calibrate
       0.00 Seconds          1   Passes (x 100)
       0.01 Seconds          5   Passes (x 100)
       0.04 Seconds         25   Passes (x 100)
       0.18 Seconds        125   Passes (x 100)
       0.88 Seconds        625   Passes (x 100)

Use 7088  passes (x 100)

          Double Precision C/C++ Whetstone Benchmark

Loop content                  Result              MFLOPS      MOPS   Seconds

N1 floating point     -1.12398255667392033      1649.253              0.083
N2 floating point     -1.12187079889294417      1935.888              0.492
N3 if then else        1.00000000000000000                6582.396    0.111
N4 fixed point        12.00000000000000000               24986941519.333    0.000
N5 sin,cos etc.        0.49902937281518261                 164.356    3.588
N6 floating point      0.99999987890802811      1091.330              3.503
N7 assignments         3.00000000000000000                3294.480    0.398
N8 exp,sqrt etc.       0.75100163018453958                 144.331    1.827

MWIPS                                           7086.655             10.002


# COUNT0: 7086.749
# COUNT1: 0
# COUNT2: MWIPS
# TIME: 9.999
# elapsed: 11.932869
# pid: 764972
# status: 0

# COUNT0: 7086.655
# COUNT1: 0
# COUNT2: MWIPS
# TIME: 10.002
# elapsed: 11.935165
# pid: 764974
# status: 0

#### Pass 10

Calibrate
       0.00 Seconds          1   Passes (x 100)
       0.01 Seconds          5   Passes (x 100)
       0.04 Seconds         25   Passes (x 100)
       0.18 Seconds        125   Passes (x 100)
       0.88 Seconds        625   Passes (x 100)

Use 7101  passes (x 100)

          Double Precision C/C++ Whetstone Benchmark

Loop content                  Result              MFLOPS      MOPS   Seconds

N1 floating point     -1.12398255667392033      1644.589              0.083
N2 floating point     -1.12187079889294417      1948.033              0.490
N3 if then else        1.00000000000000000                6574.941    0.112
N4 fixed point        12.00000000000000000               22580393506.766    0.000
N5 sin,cos etc.        0.49902937281518261                 164.890    3.583
N6 floating point      0.99999987890802811      1094.625              3.499
N7 assignments         3.00000000000000000                3293.977    0.398
N8 exp,sqrt etc.       0.75100163018453958                 144.500    1.828

MWIPS                                           7105.800              9.993

Calibrate
       0.00 Seconds          1   Passes (x 100)
       0.01 Seconds          5   Passes (x 100)
       0.04 Seconds         25   Passes (x 100)
       0.18 Seconds        125   Passes (x 100)
       0.88 Seconds        625   Passes (x 100)

Use 7103  passes (x 100)

          Double Precision C/C++ Whetstone Benchmark

Loop content                  Result              MFLOPS      MOPS   Seconds

N1 floating point     -1.12398255667392033      1642.856              0.083
N2 floating point     -1.12187079889294417      1946.746              0.490
N3 if then else        1.00000000000000000                6575.025    0.112
N4 fixed point        12.00000000000000000                   0.000   -0.000
N5 sin,cos etc.        0.49902937281518261                 164.936    3.583
N6 floating point      0.99999987890802811      1094.876              3.499
N7 assignments         3.00000000000000000                3295.527    0.398
N8 exp,sqrt etc.       0.75100163018453958                 144.504    1.829

MWIPS                                           7106.962              9.994


# COUNT0: 7106.962
# COUNT1: 0
# COUNT2: MWIPS
# TIME: 9.994
# elapsed: 11.931349
# pid: 764984
# status: 0

# COUNT0: 7105.800
# COUNT1: 0
# COUNT2: MWIPS
# TIME: 9.993
# elapsed: 11.928998
# pid: 764986
# status: 0

*Dump score:      14138.7
*Dump score:      14173.4
*Dump score:      14178.8
Count score:      14194.7
Count score:      14200.6
Count score:      14205.8
Count score:      14209.2
Count score:      14212.8
Count score:      14213.5
Count score:      14215.1

>>>> Sum of 2 copies
>>>> score: 14207.3840102167
>>>> time: 9.99435714285714
>>>> iterations: 7


########################################################
Execl Throughput -- 2 copies
==> "/mnt/host0/unixbench/UnixBench/pgms/execl" 30 2>&1 >> "/mnt/host0/unixbench/UnixBench/results/uarf-2025-06-04-04.log"

#### Pass 1


# COUNT0: 24346
# COUNT1: 1
# COUNT2: lps
# elapsed: 29.216469
# pid: 764996
# status: 0

# COUNT0: 24354
# COUNT1: 1
# COUNT2: lps
# elapsed: 29.217705
# pid: 764998
# status: 0

#### Pass 2


# COUNT0: 25020
# COUNT1: 1
# COUNT2: lps
# elapsed: 29.976420
# pid: 765009
# status: 0

# COUNT0: 25044
# COUNT1: 1
# COUNT2: lps
# elapsed: 29.978001
# pid: 765011
# status: 0

#### Pass 3


# COUNT0: 25171
# COUNT1: 1
# COUNT2: lps
# elapsed: 29.974860
# pid: 765021
# status: 0

# COUNT0: 25148
# COUNT1: 1
# COUNT2: lps
# elapsed: 29.975080
# pid: 765023
# status: 0

*Dump score:      48700.0
Count score:      50064.0
Count score:      50319.0

>>>> Sum of 2 copies
>>>> score: 1674.37906924926
>>>> time: 29.97609025
>>>> iterations: 2


########################################################
File Copy 1024 bufsize 2000 maxblocks -- 2 copies
==> "/mnt/host0/unixbench/UnixBench/pgms/fstime" -c -t 30 -d "/mnt/host0/unixbench/UnixBench/tmp" -b 1024 -m 2000 2>&1 >> "/mnt/host0/unixbench/UnixBench/results/uarf-2025-06-04-04.log"

#### Pass 1

Write done: 88000 in 2.0427, score 10770
Read done: 88932 in 2.0000, score 11116
Copy done: 637720 in 30.0001, score 5314
Write done: 88000 in 2.0461, score 10751
Read done: 88676 in 2.0000, score 11084
Copy done: 637452 in 30.0004, score 5312

# COUNT0: 5312
# COUNT1: 0
# COUNT2: KBps
# TIME: 30.0
# elapsed: 45.061906
# pid: 765033
# status: 0

# COUNT0: 5314
# COUNT1: 0
# COUNT2: KBps
# TIME: 30.0
# elapsed: 45.057430
# pid: 765035
# status: 0

#### Pass 2

Write done: 80000 in 2.0211, score 9895
Read done: 79340 in 2.0001, score 9916
Copy done: 622384 in 30.0001, score 5186
Write done: 80000 in 2.0232, score 9885
Read done: 78976 in 2.0001, score 9871
Copy done: 622844 in 30.0000, score 5190

# COUNT0: 5186
# COUNT1: 0
# COUNT2: KBps
# TIME: 30.0
# elapsed: 45.036928
# pid: 765045
# status: 0

# COUNT0: 5190
# COUNT1: 0
# COUNT2: KBps
# TIME: 30.0
# elapsed: 45.037821
# pid: 765047
# status: 0

#### Pass 3

Write done: 88000 in 2.1478, score 10243
Read done: 87244 in 2.0001, score 10905
Copy done: 622684 in 30.0001, score 5189
Write done: 88000 in 2.1514, score 10225
Read done: 87304 in 2.0001, score 10912
Copy done: 622712 in 30.0002, score 5189

# COUNT0: 5189
# COUNT1: 0
# COUNT2: KBps
# TIME: 30.0
# elapsed: 45.162232
# pid: 765057
# status: 0

# COUNT0: 5189
# COUNT1: 0
# COUNT2: KBps
# TIME: 30.0
# elapsed: 45.164740
# pid: 765059
# status: 0

*Dump score:      10376.0
Count score:      10378.0
Count score:      10626.0

>>>> Sum of 2 copies
>>>> score: 10501.2679234462
>>>> time: 30
>>>> iterations: 2


########################################################
File Copy 256 bufsize 500 maxblocks -- 2 copies
==> "/mnt/host0/unixbench/UnixBench/pgms/fstime" -c -t 30 -d "/mnt/host0/unixbench/UnixBench/tmp" -b 256 -m 500 2>&1 >> "/mnt/host0/unixbench/UnixBench/results/uarf-2025-06-04-04.log"

#### Pass 1

Write done: 22000 in 2.1086, score 2608
Read done: 19651 in 2.0001, score 2456
Copy done: 158261 in 30.0000, score 1318
Write done: 22000 in 2.1098, score 2606
Read done: 19722 in 2.0001, score 2465
Copy done: 158249 in 30.0001, score 1318

# COUNT0: 1318
# COUNT1: 0
# COUNT2: KBps
# TIME: 30.0
# elapsed: 45.122634
# pid: 765069
# status: 0

# COUNT0: 1318
# COUNT1: 0
# COUNT2: KBps
# TIME: 30.0
# elapsed: 45.124614
# pid: 765071
# status: 0

#### Pass 2

Write done: 22000 in 2.1654, score 2539
Read done: 20668 in 2.0000, score 2583
Copy done: 160291 in 30.0002, score 1335
Write done: 22000 in 2.1677, score 2537
Read done: 20837 in 2.0001, score 2604
Copy done: 160234 in 30.0015, score 1335

# COUNT0: 1335
# COUNT1: 0
# COUNT2: KBps
# TIME: 30.0
# elapsed: 45.180451
# pid: 765081
# status: 0

# COUNT0: 1335
# COUNT1: 0
# COUNT2: KBps
# TIME: 30.0
# elapsed: 45.184225
# pid: 765083
# status: 0

#### Pass 3

Write done: 22000 in 2.1937, score 2507
Read done: 20720 in 2.0001, score 2589
Copy done: 159136 in 30.0001, score 1326
Write done: 22000 in 2.1946, score 2506
Read done: 20763 in 2.0001, score 2595
Copy done: 159178 in 30.0003, score 1326

# COUNT0: 1326
# COUNT1: 0
# COUNT2: KBps
# TIME: 30.0
# elapsed: 45.208271
# pid: 765094
# status: 0

# COUNT0: 1326
# COUNT1: 0
# COUNT2: KBps
# TIME: 30.0
# elapsed: 45.208933
# pid: 765096
# status: 0

*Dump score:       2636.0
Count score:       2652.0
Count score:       2670.0

>>>> Sum of 2 copies
>>>> score: 2660.98478011431
>>>> time: 30
>>>> iterations: 2


########################################################
File Copy 4096 bufsize 8000 maxblocks -- 2 copies
==> "/mnt/host0/unixbench/UnixBench/pgms/fstime" -c -t 30 -d "/mnt/host0/unixbench/UnixBench/tmp" -b 4096 -m 8000 2>&1 >> "/mnt/host0/unixbench/UnixBench/results/uarf-2025-06-04-04.log"

#### Pass 1

Write done: 320000 in 2.0145, score 39712
Read done: 325152 in 2.0001, score 40642
Copy done: 2401872 in 30.0002, score 20015
Write done: 320000 in 2.0152, score 39698
Read done: 324192 in 2.0003, score 40517
Copy done: 2403968 in 30.0003, score 20032

# COUNT0: 20032
# COUNT1: 0
# COUNT2: KBps
# TIME: 30.0
# elapsed: 45.033035
# pid: 765106
# status: 0

# COUNT0: 20015
# COUNT1: 0
# COUNT2: KBps
# TIME: 30.0
# elapsed: 45.032165
# pid: 765108
# status: 0

#### Pass 2

Write done: 352000 in 2.1586, score 40767
Read done: 343216 in 2.0001, score 42900
Copy done: 2450544 in 30.0001, score 20421
Write done: 352000 in 2.1672, score 40604
Read done: 342144 in 2.0000, score 42767
Copy done: 2449920 in 30.0002, score 20415

# COUNT0: 20421
# COUNT1: 0
# COUNT2: KBps
# TIME: 30.0
# elapsed: 45.174845
# pid: 765118
# status: 0

# COUNT0: 20415
# COUNT1: 0
# COUNT2: KBps
# TIME: 30.0
# elapsed: 45.182091
# pid: 765120
# status: 0

#### Pass 3

Write done: 320000 in 2.0057, score 39885
Read done: 324416 in 2.0001, score 40550
Copy done: 2418000 in 30.0000, score 20149
Write done: 320000 in 2.0096, score 39809
Read done: 324128 in 2.0001, score 40513
Copy done: 2417056 in 30.0001, score 20142

# COUNT0: 20142
# COUNT1: 0
# COUNT2: KBps
# TIME: 30.0
# elapsed: 45.025620
# pid: 765130
# status: 0

# COUNT0: 20149
# COUNT1: 0
# COUNT2: KBps
# TIME: 30.0
# elapsed: 45.022902
# pid: 765132
# status: 0

*Dump score:      40047.0
Count score:      40291.0
Count score:      40836.0

>>>> Sum of 2 copies
>>>> score: 40562.5846809593
>>>> time: 30
>>>> iterations: 2


########################################################
Pipe Throughput -- 2 copies
==> "/mnt/host0/unixbench/UnixBench/pgms/pipe" 10 2>&1 >> "/mnt/host0/unixbench/UnixBench/results/uarf-2025-06-04-04.log"

#### Pass 1


# COUNT0: 5121122
# COUNT1: 1
# COUNT2: lps
# elapsed: 10.004757
# pid: 765142
# status: 0

# COUNT0: 5113575
# COUNT1: 1
# COUNT2: lps
# elapsed: 10.004328
# pid: 765144
# status: 0

#### Pass 2


# COUNT0: 5206609
# COUNT1: 1
# COUNT2: lps
# elapsed: 10.005391
# pid: 765154
# status: 0

# COUNT0: 5203865
# COUNT1: 1
# COUNT2: lps
# elapsed: 10.004562
# pid: 765156
# status: 0

#### Pass 3


# COUNT0: 5056726
# COUNT1: 1
# COUNT2: lps
# elapsed: 10.005058
# pid: 765166
# status: 0

# COUNT0: 5054387
# COUNT1: 1
# COUNT2: lps
# elapsed: 10.004464
# pid: 765168
# status: 0

#### Pass 4


# COUNT0: 5145131
# COUNT1: 1
# COUNT2: lps
# elapsed: 10.004635
# pid: 765178
# status: 0

# COUNT0: 5163384
# COUNT1: 1
# COUNT2: lps
# elapsed: 10.004246
# pid: 765180
# status: 0

#### Pass 5


# COUNT0: 5101659
# COUNT1: 1
# COUNT2: lps
# elapsed: 10.004693
# pid: 765190
# status: 0

# COUNT0: 5144947
# COUNT1: 1
# COUNT2: lps
# elapsed: 10.004497
# pid: 765192
# status: 0

#### Pass 6


# COUNT0: 5132577
# COUNT1: 1
# COUNT2: lps
# elapsed: 10.004854
# pid: 765202
# status: 0

# COUNT0: 5129922
# COUNT1: 1
# COUNT2: lps
# elapsed: 10.004947
# pid: 765204
# status: 0

#### Pass 7


# COUNT0: 5085155
# COUNT1: 1
# COUNT2: lps
# elapsed: 10.004819
# pid: 765214
# status: 0

# COUNT0: 5110294
# COUNT1: 1
# COUNT2: lps
# elapsed: 10.005419
# pid: 765216
# status: 0

#### Pass 8


# COUNT0: 5067445
# COUNT1: 1
# COUNT2: lps
# elapsed: 10.004951
# pid: 765226
# status: 0

# COUNT0: 5076839
# COUNT1: 1
# COUNT2: lps
# elapsed: 10.004645
# pid: 765228
# status: 0

#### Pass 9


# COUNT0: 5086344
# COUNT1: 1
# COUNT2: lps
# elapsed: 10.004750
# pid: 765238
# status: 0

# COUNT0: 5103757
# COUNT1: 1
# COUNT2: lps
# elapsed: 10.004506
# pid: 765240
# status: 0

#### Pass 10


# COUNT0: 5172152
# COUNT1: 1
# COUNT2: lps
# elapsed: 10.004794
# pid: 765250
# status: 0

# COUNT0: 5187421
# COUNT1: 1
# COUNT2: lps
# elapsed: 10.004228
# pid: 765252
# status: 0

*Dump score:   10111113.0
*Dump score:   10144284.0
*Dump score:   10190101.0
Count score:   10195449.0
Count score:   10234697.0
Count score:   10246606.0
Count score:   10262499.0
Count score:   10308515.0
Count score:   10359573.0
Count score:   10410474.0

>>>> Sum of 2 copies
>>>> score: 1028316.1021323
>>>> time: 10.0047264285714
>>>> iterations: 7


########################################################
Pipe-based Context Switching -- 2 copies
==> "/mnt/host0/unixbench/UnixBench/pgms/context1" 10 2>&1 >> "/mnt/host0/unixbench/UnixBench/results/uarf-2025-06-04-04.log"

#### Pass 1


# COUNT0: 1463881
# COUNT1: 1
# COUNT2: lps
# elapsed: 10.006018
# pid: 765263
# status: 0

# COUNT0: 1478626
# COUNT1: 1
# COUNT2: lps
# elapsed: 10.004629
# pid: 765265
# status: 0

#### Pass 2


# COUNT0: 1485372
# COUNT1: 1
# COUNT2: lps
# elapsed: 10.004890
# pid: 765277
# status: 0

# COUNT0: 1485358
# COUNT1: 1
# COUNT2: lps
# elapsed: 10.005038
# pid: 765279
# status: 0

#### Pass 3


# COUNT0: 1474012
# COUNT1: 1
# COUNT2: lps
# elapsed: 10.004978
# pid: 765291
# status: 0

# COUNT0: 1470076
# COUNT1: 1
# COUNT2: lps
# elapsed: 10.004291
# pid: 765293
# status: 0

#### Pass 4


# COUNT0: 1475924
# COUNT1: 1
# COUNT2: lps
# elapsed: 10.005067
# pid: 765308
# status: 0

# COUNT0: 1494468
# COUNT1: 1
# COUNT2: lps
# elapsed: 10.004517
# pid: 765309
# status: 0

#### Pass 5


# COUNT0: 1491156
# COUNT1: 1
# COUNT2: lps
# elapsed: 10.005710
# pid: 765322
# status: 0

# COUNT0: 1485306
# COUNT1: 1
# COUNT2: lps
# elapsed: 10.005005
# pid: 765323
# status: 0

#### Pass 6


# COUNT0: 1487633
# COUNT1: 1
# COUNT2: lps
# elapsed: 10.005203
# pid: 765336
# status: 0

# COUNT0: 1484875
# COUNT1: 1
# COUNT2: lps
# elapsed: 10.004418
# pid: 765338
# status: 0

#### Pass 7


# COUNT0: 1478718
# COUNT1: 1
# COUNT2: lps
# elapsed: 10.004951
# pid: 765350
# status: 0

# COUNT0: 1469375
# COUNT1: 1
# COUNT2: lps
# elapsed: 10.004603
# pid: 765352
# status: 0

#### Pass 8


# COUNT0: 1476071
# COUNT1: 1
# COUNT2: lps
# elapsed: 10.005068
# pid: 765364
# status: 0

# COUNT0: 1470948
# COUNT1: 1
# COUNT2: lps
# elapsed: 10.004443
# pid: 765366
# status: 0

#### Pass 9


# COUNT0: 1473224
# COUNT1: 1
# COUNT2: lps
# elapsed: 10.005080
# pid: 765378
# status: 0

# COUNT0: 1471347
# COUNT1: 1
# COUNT2: lps
# elapsed: 10.004614
# pid: 765380
# status: 0

#### Pass 10


# COUNT0: 1482953
# COUNT1: 1
# COUNT2: lps
# elapsed: 10.005006
# pid: 765392
# status: 0

# COUNT0: 1480280
# COUNT1: 1
# COUNT2: lps
# elapsed: 10.004185
# pid: 765394
# status: 0

*Dump score:    2942507.0
*Dump score:    2944088.0
*Dump score:    2944571.0
Count score:    2947019.0
Count score:    2948093.0
Count score:    2963233.0
Count score:    2970392.0
Count score:    2970730.0
Count score:    2972508.0
Count score:    2976462.0

>>>> Sum of 2 copies
>>>> score: 296260.059568276
>>>> time: 10.0048645714286
>>>> iterations: 7


########################################################
Process Creation -- 2 copies
==> "/mnt/host0/unixbench/UnixBench/pgms/spawn" 30 2>&1 >> "/mnt/host0/unixbench/UnixBench/results/uarf-2025-06-04-04.log"

#### Pass 1


# COUNT0: 260565
# COUNT1: 1
# COUNT2: lps
# elapsed: 30.004908
# pid: 765406
# status: 0

# COUNT0: 263822
# COUNT1: 1
# COUNT2: lps
# elapsed: 30.004314
# pid: 765408
# status: 0

#### Pass 2


# COUNT0: 257319
# COUNT1: 1
# COUNT2: lps
# elapsed: 30.005026
# pid: 1289807
# status: 0

# COUNT0: 257309
# COUNT1: 1
# COUNT2: lps
# elapsed: 30.004392
# pid: 1289809
# status: 0

#### Pass 3


# COUNT0: 257598
# COUNT1: 1
# COUNT2: lps
# elapsed: 30.005330
# pid: 1804449
# status: 0

# COUNT0: 255544
# COUNT1: 1
# COUNT2: lps
# elapsed: 30.004523
# pid: 1804450
# status: 0

*Dump score:     513142.0
Count score:     514628.0
Count score:     524387.0

>>>> Sum of 2 copies
>>>> score: 17313.463442752
>>>> time: 30.00466
>>>> iterations: 2


########################################################
System Call Overhead -- 2 copies
==> "/mnt/host0/unixbench/UnixBench/pgms/syscall" 10 2>&1 >> "/mnt/host0/unixbench/UnixBench/results/uarf-2025-06-04-04.log"

#### Pass 1


# COUNT0: 3155754
# COUNT1: 1
# COUNT2: lps
# elapsed: 10.004781
# pid: 2317605
# status: 0

# COUNT0: 3210837
# COUNT1: 1
# COUNT2: lps
# elapsed: 10.004522
# pid: 2317607
# status: 0

#### Pass 2


# COUNT0: 3133371
# COUNT1: 1
# COUNT2: lps
# elapsed: 10.004906
# pid: 2317617
# status: 0

# COUNT0: 3158701
# COUNT1: 1
# COUNT2: lps
# elapsed: 10.004331
# pid: 2317619
# status: 0

#### Pass 3


# COUNT0: 3304809
# COUNT1: 1
# COUNT2: lps
# elapsed: 10.005140
# pid: 2317629
# status: 0

# COUNT0: 3170898
# COUNT1: 1
# COUNT2: lps
# elapsed: 10.004605
# pid: 2317631
# status: 0

#### Pass 4


# COUNT0: 3175675
# COUNT1: 1
# COUNT2: lps
# elapsed: 10.004844
# pid: 2317641
# status: 0

# COUNT0: 3176629
# COUNT1: 1
# COUNT2: lps
# elapsed: 10.004537
# pid: 2317643
# status: 0

#### Pass 5


# COUNT0: 3179526
# COUNT1: 1
# COUNT2: lps
# elapsed: 10.005002
# pid: 2317653
# status: 0

# COUNT0: 3181949
# COUNT1: 1
# COUNT2: lps
# elapsed: 10.004300
# pid: 2317655
# status: 0

#### Pass 6


# COUNT0: 3235326
# COUNT1: 1
# COUNT2: lps
# elapsed: 10.004949
# pid: 2317665
# status: 0

# COUNT0: 3151486
# COUNT1: 1
# COUNT2: lps
# elapsed: 10.004303
# pid: 2317666
# status: 0

#### Pass 7


# COUNT0: 3160285
# COUNT1: 1
# COUNT2: lps
# elapsed: 10.004729
# pid: 2317677
# status: 0

# COUNT0: 3220408
# COUNT1: 1
# COUNT2: lps
# elapsed: 10.004618
# pid: 2317679
# status: 0

#### Pass 8


# COUNT0: 3246373
# COUNT1: 1
# COUNT2: lps
# elapsed: 10.005048
# pid: 2317689
# status: 0

# COUNT0: 3123312
# COUNT1: 1
# COUNT2: lps
# elapsed: 10.004734
# pid: 2317691
# status: 0

#### Pass 9


# COUNT0: 3107382
# COUNT1: 1
# COUNT2: lps
# elapsed: 10.005379
# pid: 2317702
# status: 0

# COUNT0: 3108942
# COUNT1: 1
# COUNT2: lps
# elapsed: 10.004807
# pid: 2317704
# status: 0

#### Pass 10


# COUNT0: 3052723
# COUNT1: 1
# COUNT2: lps
# elapsed: 10.005222
# pid: 2317715
# status: 0

# COUNT0: 3038043
# COUNT1: 1
# COUNT2: lps
# elapsed: 10.004567
# pid: 2317717
# status: 0

*Dump score:    6090766.0
*Dump score:    6216324.0
*Dump score:    6292072.0
Count score:    6352304.0
Count score:    6361475.0
Count score:    6366591.0
Count score:    6369685.0
Count score:    6380693.0
Count score:    6386812.0
Count score:    6475707.0

>>>> Sum of 2 copies
>>>> score: 638162.279638326
>>>> time: 10.0047222857143
>>>> iterations: 7


########################################################
Shell Scripts (1 concurrent) -- 2 copies
==> "/mnt/host0/unixbench/UnixBench/pgms/looper" 60 "/mnt/host0/unixbench/UnixBench/pgms/multi.sh" 1 2>&1 >> "/mnt/host0/unixbench/UnixBench/results/uarf-2025-06-04-04.log"

#### Pass 1


# COUNT0: 1965
# COUNT1: 60
# COUNT2: lpm
# elapsed: 60.019710
# pid: 2317727
# status: 0

# COUNT0: 1960
# COUNT1: 60
# COUNT2: lpm
# elapsed: 60.008500
# pid: 2317729
# status: 0

#### Pass 2


# COUNT0: 1977
# COUNT1: 60
# COUNT2: lpm
# elapsed: 60.007599
# pid: 2353082
# status: 0

# COUNT0: 1976
# COUNT1: 60
# COUNT2: lpm
# elapsed: 60.008945
# pid: 2353084
# status: 0

#### Pass 3


# COUNT0: 1948
# COUNT1: 60
# COUNT2: lpm
# elapsed: 60.013852
# pid: 2388689
# status: 0

# COUNT0: 1946
# COUNT1: 60
# COUNT2: lpm
# elapsed: 60.010446
# pid: 2388691
# status: 0

*Dump score:       3894.0
Count score:       3925.0
Count score:       3953.0

>>>> Sum of 2 copies
>>>> score: 3938.24074171981
>>>> time: 60.0111885
>>>> iterations: 2


########################################################
Shell Scripts (8 concurrent) -- 2 copies
==> "/mnt/host0/unixbench/UnixBench/pgms/looper" 60 "/mnt/host0/unixbench/UnixBench/pgms/multi.sh" 8 2>&1 >> "/mnt/host0/unixbench/UnixBench/results/uarf-2025-06-04-04.log"

#### Pass 1


# COUNT0: 326
# COUNT1: 60
# COUNT2: lpm
# elapsed: 60.178105
# pid: 2423765
# status: 0

# COUNT0: 326
# COUNT1: 60
# COUNT2: lpm
# elapsed: 60.173877
# pid: 2423767
# status: 0

#### Pass 2


# COUNT0: 325
# COUNT1: 60
# COUNT2: lpm
# elapsed: 60.169130
# pid: 2466287
# status: 0

# COUNT0: 325
# COUNT1: 60
# COUNT2: lpm
# elapsed: 60.164971
# pid: 2466289
# status: 0

#### Pass 3


# COUNT0: 324
# COUNT1: 60
# COUNT2: lpm
# elapsed: 60.090370
# pid: 2508680
# status: 0

# COUNT0: 324
# COUNT1: 60
# COUNT2: lpm
# elapsed: 60.093029
# pid: 2508682
# status: 0

*Dump score:        648.0
Count score:        650.0
Count score:        652.0

>>>> Sum of 2 copies
>>>> score: 649.143540631133
>>>> time: 60.17152075
>>>> iterations: 2

