
########################################################
Dhrystone 2 using register variables -- 1 copy
==> "/mnt/host0/unixbench/UnixBench/pgms/dhry2reg" 10 2>&1 >> "/mnt/host0/unixbench/UnixBench/results/uarf-2025-06-02-04.log"

#### Pass 1


# COUNT0: 592345188
# COUNT1: 1
# COUNT2: lps
# elapsed: 10.003295
# pid: 3998072
# status: 0

#### Pass 2


# COUNT0: 592271814
# COUNT1: 1
# COUNT2: lps
# elapsed: 10.003661
# pid: 3998081
# status: 0

#### Pass 3


# COUNT0: 592228673
# COUNT1: 1
# COUNT2: lps
# elapsed: 10.003127
# pid: 3998090
# status: 0

#### Pass 4


# COUNT0: 592157591
# COUNT1: 1
# COUNT2: lps
# elapsed: 10.003319
# pid: 3998099
# status: 0

#### Pass 5


# COUNT0: 592462177
# COUNT1: 1
# COUNT2: lps
# elapsed: 10.003478
# pid: 3998108
# status: 0

#### Pass 6


# COUNT0: 590931258
# COUNT1: 1
# COUNT2: lps
# elapsed: 10.003418
# pid: 3998117
# status: 0

#### Pass 7


# COUNT0: 591947003
# COUNT1: 1
# COUNT2: lps
# elapsed: 10.003411
# pid: 3998126
# status: 0

#### Pass 8


# COUNT0: 591886524
# COUNT1: 1
# COUNT2: lps
# elapsed: 10.003219
# pid: 3998135
# status: 0

#### Pass 9


# COUNT0: 592106692
# COUNT1: 1
# COUNT2: lps
# elapsed: 10.003591
# pid: 3998145
# status: 0

#### Pass 10


# COUNT0: 592142636
# COUNT1: 1
# COUNT2: lps
# elapsed: 10.003498
# pid: 3998154
# status: 0

*Dump score:  590931258.0
*Dump score:  591886524.0
*Dump score:  591947003.0
Count score:  592106692.0
Count score:  592142636.0
Count score:  592157591.0
Count score:  592228673.0
Count score:  592271814.0
Count score:  592345188.0
Count score:  592462177.0

>>>> Results of 1 copy
>>>> score: 59204223.2146382
>>>> time: 10.0034241428571
>>>> iterations: 7


########################################################
Double-Precision Whetstone -- 1 copy
==> "/mnt/host0/unixbench/UnixBench/pgms/whetstone-double"  2>&1 >> "/mnt/host0/unixbench/UnixBench/results/uarf-2025-06-02-04.log"

#### Pass 1

Calibrate
       0.00 Seconds          1   Passes (x 100)
       0.01 Seconds          5   Passes (x 100)
       0.03 Seconds         25   Passes (x 100)
       0.15 Seconds        125   Passes (x 100)
       0.75 Seconds        625   Passes (x 100)

Use 8350  passes (x 100)

          Double Precision C/C++ Whetstone Benchmark

Loop content                  Result              MFLOPS      MOPS   Seconds

N1 floating point     -1.12398255667392033      1707.825              0.094
N2 floating point     -1.12187079889294417      2022.637              0.555
N3 if then else        1.00000000000000000                8994.945    0.096
N4 fixed point        12.00000000000000000               38771044243.778    0.000
N5 sin,cos etc.        0.49902937281518261                 229.869    3.022
N6 floating point      0.99999987890802811      1133.666              3.973
N7 assignments         3.00000000000000000                6783.365    0.227
N8 exp,sqrt etc.       0.75100163018453958                 165.270    1.879

MWIPS                                           8479.800              9.847


# COUNT0: 8479.800
# COUNT1: 0
# COUNT2: MWIPS
# TIME: 9.847
# elapsed: 11.710362
# pid: 3998163
# status: 0

#### Pass 2

Calibrate
       0.00 Seconds          1   Passes (x 100)
       0.01 Seconds          5   Passes (x 100)
       0.03 Seconds         25   Passes (x 100)
       0.15 Seconds        125   Passes (x 100)
       0.74 Seconds        625   Passes (x 100)

Use 8408  passes (x 100)

          Double Precision C/C++ Whetstone Benchmark

Loop content                  Result              MFLOPS      MOPS   Seconds

N1 floating point     -1.12398255667392033      1712.202              0.094
N2 floating point     -1.12187079889294417      2016.476              0.560
N3 if then else        1.00000000000000000                8965.979    0.097
N4 fixed point        12.00000000000000000                   0.000   -0.000
N5 sin,cos etc.        0.49902937281518261                 229.969    3.042
N6 floating point      0.99999987890802811      1132.906              4.003
N7 assignments         3.00000000000000000                6819.628    0.228
N8 exp,sqrt etc.       0.75100163018453958                 165.066    1.895

MWIPS                                           8476.164              9.920


# COUNT0: 8476.164
# COUNT1: 0
# COUNT2: MWIPS
# TIME: 9.920
# elapsed: 11.783580
# pid: 3998173
# status: 0

#### Pass 3

Calibrate
       0.00 Seconds          1   Passes (x 100)
       0.01 Seconds          5   Passes (x 100)
       0.03 Seconds         25   Passes (x 100)
       0.15 Seconds        125   Passes (x 100)
       0.75 Seconds        625   Passes (x 100)

Use 8354  passes (x 100)

          Double Precision C/C++ Whetstone Benchmark

Loop content                  Result              MFLOPS      MOPS   Seconds

N1 floating point     -1.12398255667392033      1695.578              0.095
N2 floating point     -1.12187079889294417      2013.066              0.558
N3 if then else        1.00000000000000000                8749.456    0.099
N4 fixed point        12.00000000000000000                   0.000   -0.000
N5 sin,cos etc.        0.49902937281518261                 229.909    3.023
N6 floating point      0.99999987890802811      1133.691              3.975
N7 assignments         3.00000000000000000                6814.115    0.227
N8 exp,sqrt etc.       0.75100163018453958                 165.067    1.883

MWIPS                                           8474.048              9.858


# COUNT0: 8474.048
# COUNT1: 0
# COUNT2: MWIPS
# TIME: 9.858
# elapsed: 11.728962
# pid: 3998182
# status: 0

#### Pass 4

Calibrate
       0.00 Seconds          1   Passes (x 100)
       0.01 Seconds          5   Passes (x 100)
       0.03 Seconds         25   Passes (x 100)
       0.15 Seconds        125   Passes (x 100)
       0.75 Seconds        625   Passes (x 100)

Use 8375  passes (x 100)

          Double Precision C/C++ Whetstone Benchmark

Loop content                  Result              MFLOPS      MOPS   Seconds

N1 floating point     -1.12398255667392033      1695.857              0.095
N2 floating point     -1.12187079889294417      2023.001              0.556
N3 if then else        1.00000000000000000                8949.776    0.097
N4 fixed point        12.00000000000000000               35406955482.176    0.000
N5 sin,cos etc.        0.49902937281518261                 230.253    3.026
N6 floating point      0.99999987890802811      1132.717              3.988
N7 assignments         3.00000000000000000                6774.192    0.228
N8 exp,sqrt etc.       0.75100163018453958                 165.118    1.887

MWIPS                                           8478.622              9.878


# COUNT0: 8478.622
# COUNT1: 0
# COUNT2: MWIPS
# TIME: 9.878
# elapsed: 11.748518
# pid: 3998191
# status: 0

#### Pass 5

Calibrate
       0.00 Seconds          1   Passes (x 100)
       0.01 Seconds          5   Passes (x 100)
       0.03 Seconds         25   Passes (x 100)
       0.15 Seconds        125   Passes (x 100)
       0.74 Seconds        625   Passes (x 100)

Use 8390  passes (x 100)

          Double Precision C/C++ Whetstone Benchmark

Loop content                  Result              MFLOPS      MOPS   Seconds

N1 floating point     -1.12398255667392033      1696.593              0.095
N2 floating point     -1.12187079889294417      2018.242              0.559
N3 if then else        1.00000000000000000                8992.349    0.097
N4 fixed point        12.00000000000000000                   0.000   -0.000
N5 sin,cos etc.        0.49902937281518261                 230.075    3.034
N6 floating point      0.99999987890802811      1133.222              3.994
N7 assignments         3.00000000000000000                6795.158    0.228
N8 exp,sqrt etc.       0.75100163018453958                 165.108    1.890

MWIPS                                           8477.935              9.896


# COUNT0: 8477.935
# COUNT1: 0
# COUNT2: MWIPS
# TIME: 9.896
# elapsed: 11.766272
# pid: 3998200
# status: 0

#### Pass 6

Calibrate
       0.00 Seconds          1   Passes (x 100)
       0.01 Seconds          5   Passes (x 100)
       0.03 Seconds         25   Passes (x 100)
       0.15 Seconds        125   Passes (x 100)
       0.74 Seconds        625   Passes (x 100)

Use 8402  passes (x 100)

          Double Precision C/C++ Whetstone Benchmark

Loop content                  Result              MFLOPS      MOPS   Seconds

N1 floating point     -1.12398255667392033      1706.573              0.095
N2 floating point     -1.12187079889294417      2023.606              0.558
N3 if then else        1.00000000000000000                8986.877    0.097
N4 fixed point        12.00000000000000000                   0.000   -0.000
N5 sin,cos etc.        0.49902937281518261                 230.258    3.036
N6 floating point      0.99999987890802811      1133.529              3.998
N7 assignments         3.00000000000000000                6775.927    0.229
N8 exp,sqrt etc.       0.75100163018453958                 165.178    1.892

MWIPS                                           8482.761              9.905


# COUNT0: 8482.761
# COUNT1: 0
# COUNT2: MWIPS
# TIME: 9.905
# elapsed: 11.769905
# pid: 3998209
# status: 0

#### Pass 7

Calibrate
       0.00 Seconds          1   Passes (x 100)
       0.01 Seconds          5   Passes (x 100)
       0.03 Seconds         25   Passes (x 100)
       0.15 Seconds        125   Passes (x 100)
       0.74 Seconds        625   Passes (x 100)

Use 8392  passes (x 100)

          Double Precision C/C++ Whetstone Benchmark

Loop content                  Result              MFLOPS      MOPS   Seconds

N1 floating point     -1.12398255667392033      1683.712              0.096
N2 floating point     -1.12187079889294417      2007.134              0.562
N3 if then else        1.00000000000000000                8700.783    0.100
N4 fixed point        12.00000000000000000               93241716453.001    0.000
N5 sin,cos etc.        0.49902937281518261                 229.780    3.039
N6 floating point      0.99999987890802811      1133.932              3.992
N7 assignments         3.00000000000000000                6780.409    0.229
N8 exp,sqrt etc.       0.75100163018453958                 164.804    1.894

MWIPS                                           8467.299              9.911


# COUNT0: 8467.299
# COUNT1: 0
# COUNT2: MWIPS
# TIME: 9.911
# elapsed: 11.790103
# pid: 3998218
# status: 0

#### Pass 8

Calibrate
       0.00 Seconds          1   Passes (x 100)
       0.01 Seconds          5   Passes (x 100)
       0.03 Seconds         25   Passes (x 100)
       0.15 Seconds        125   Passes (x 100)
       0.75 Seconds        625   Passes (x 100)

Use 8377  passes (x 100)

          Double Precision C/C++ Whetstone Benchmark

Loop content                  Result              MFLOPS      MOPS   Seconds

N1 floating point     -1.12398255667392033      1706.302              0.094
N2 floating point     -1.12187079889294417      2019.532              0.557
N3 if then else        1.00000000000000000                8982.419    0.097
N4 fixed point        12.00000000000000000                   0.000   -0.000
N5 sin,cos etc.        0.49902937281518261                 230.015    3.030
N6 floating point      0.99999987890802811      1133.555              3.986
N7 assignments         3.00000000000000000                6818.938    0.227
N8 exp,sqrt etc.       0.75100163018453958                 164.948    1.889

MWIPS                                           8478.060              9.881


# COUNT0: 8478.060
# COUNT1: 0
# COUNT2: MWIPS
# TIME: 9.881
# elapsed: 11.746141
# pid: 3998227
# status: 0

#### Pass 9

Calibrate
       0.00 Seconds          1   Passes (x 100)
       0.01 Seconds          5   Passes (x 100)
       0.03 Seconds         25   Passes (x 100)
       0.15 Seconds        125   Passes (x 100)
       0.75 Seconds        625   Passes (x 100)

Use 8387  passes (x 100)

          Double Precision C/C++ Whetstone Benchmark

Loop content                  Result              MFLOPS      MOPS   Seconds

N1 floating point     -1.12398255667392033      1707.049              0.094
N2 floating point     -1.12187079889294417      2022.515              0.557
N3 if then else        1.00000000000000000                8983.009    0.097
N4 fixed point        12.00000000000000000               84706398826.141    0.000
N5 sin,cos etc.        0.49902937281518261                 230.055    3.033
N6 floating point      0.99999987890802811      1133.067              3.993
N7 assignments         3.00000000000000000                6801.347    0.228
N8 exp,sqrt etc.       0.75100163018453958                 164.802    1.893

MWIPS                                           8475.848              9.895


# COUNT0: 8475.848
# COUNT1: 0
# COUNT2: MWIPS
# TIME: 9.895
# elapsed: 11.760403
# pid: 3998236
# status: 0

#### Pass 10

Calibrate
       0.00 Seconds          1   Passes (x 100)
       0.01 Seconds          5   Passes (x 100)
       0.03 Seconds         25   Passes (x 100)
       0.15 Seconds        125   Passes (x 100)
       0.75 Seconds        625   Passes (x 100)

Use 8389  passes (x 100)

          Double Precision C/C++ Whetstone Benchmark

Loop content                  Result              MFLOPS      MOPS   Seconds

N1 floating point     -1.12398255667392033      1698.074              0.095
N2 floating point     -1.12187079889294417      2018.041              0.559
N3 if then else        1.00000000000000000                8929.231    0.097
N4 fixed point        12.00000000000000000                   0.000   -0.000
N5 sin,cos etc.        0.49902937281518261                 229.946    3.035
N6 floating point      0.99999987890802811      1133.252              3.993
N7 assignments         3.00000000000000000                6802.998    0.228
N8 exp,sqrt etc.       0.75100163018453958                 165.170    1.889

MWIPS                                           8476.850              9.896


# COUNT0: 8476.850
# COUNT1: 0
# COUNT2: MWIPS
# TIME: 9.896
# elapsed: 11.765878
# pid: 3998245
# status: 0

*Dump score:       8467.3
*Dump score:       8474.0
*Dump score:       8475.8
Count score:       8476.2
Count score:       8476.9
Count score:       8477.9
Count score:       8478.1
Count score:       8478.6
Count score:       8479.8
Count score:       8482.8

>>>> Results of 1 copy
>>>> score: 8478.59861720593
>>>> time: 9.889
>>>> iterations: 7


########################################################
Execl Throughput -- 1 copy
==> "/mnt/host0/unixbench/UnixBench/pgms/execl" 30 2>&1 >> "/mnt/host0/unixbench/UnixBench/results/uarf-2025-06-02-04.log"

#### Pass 1


# COUNT0: 39325
# COUNT1: 1
# COUNT2: lps
# elapsed: 29.913570
# pid: 3998254
# status: 0

#### Pass 2


# COUNT0: 39492
# COUNT1: 1
# COUNT2: lps
# elapsed: 29.988137
# pid: 3998263
# status: 0

#### Pass 3


# COUNT0: 39748
# COUNT1: 1
# COUNT2: lps
# elapsed: 29.987542
# pid: 3998272
# status: 0

*Dump score:      39325.0
Count score:      39492.0
Count score:      39748.0

>>>> Results of 1 copy
>>>> score: 1321.19532109506
>>>> time: 29.9878395
>>>> iterations: 2


########################################################
File Copy 1024 bufsize 2000 maxblocks -- 1 copy
==> "/mnt/host0/unixbench/UnixBench/pgms/fstime" -c -t 30 -d "/mnt/host0/unixbench/UnixBench/tmp" -b 1024 -m 2000 2>&1 >> "/mnt/host0/unixbench/UnixBench/results/uarf-2025-06-02-04.log"

#### Pass 1

Write done: 128000 in 2.0202, score 15840
Read done: 126744 in 2.0001, score 15842
Copy done: 1066048 in 30.0001, score 8883

# COUNT0: 8883
# COUNT1: 0
# COUNT2: KBps
# TIME: 30.0
# elapsed: 45.030256
# pid: 3998281
# status: 0

#### Pass 2

Write done: 136000 in 2.1263, score 15990
Read done: 162936 in 2.0000, score 20366
Copy done: 1056136 in 30.0001, score 8801

# COUNT0: 8801
# COUNT1: 0
# COUNT2: KBps
# TIME: 30.0
# elapsed: 45.136039
# pid: 3998291
# status: 0

#### Pass 3

Write done: 128000 in 2.0011, score 15991
Read done: 129320 in 2.0000, score 16164
Copy done: 1180208 in 30.0001, score 9835

# COUNT0: 9835
# COUNT1: 0
# COUNT2: KBps
# TIME: 30.0
# elapsed: 45.011376
# pid: 3998300
# status: 0

*Dump score:       8801.0
Count score:       8883.0
Count score:       9835.0

>>>> Results of 1 copy
>>>> score: 9346.88744984127
>>>> time: 30
>>>> iterations: 2


########################################################
File Copy 256 bufsize 500 maxblocks -- 1 copy
==> "/mnt/host0/unixbench/UnixBench/pgms/fstime" -c -t 30 -d "/mnt/host0/unixbench/UnixBench/tmp" -b 256 -m 500 2>&1 >> "/mnt/host0/unixbench/UnixBench/results/uarf-2025-06-02-04.log"

#### Pass 1

Write done: 36000 in 2.0735, score 4340
Read done: 32410 in 2.0001, score 4051
Copy done: 265817 in 30.0001, score 2215

# COUNT0: 2215
# COUNT1: 0
# COUNT2: KBps
# TIME: 30.0
# elapsed: 45.083075
# pid: 3998309
# status: 0

#### Pass 2

Write done: 46000 in 2.0339, score 5654
Read done: 31916 in 2.0000, score 3989
Copy done: 275981 in 30.0001, score 2299

# COUNT0: 2299
# COUNT1: 0
# COUNT2: KBps
# TIME: 30.0
# elapsed: 45.043307
# pid: 3998318
# status: 0

#### Pass 3

Write done: 50000 in 2.1100, score 5924
Read done: 33481 in 2.0000, score 4185
Copy done: 274080 in 30.0001, score 2283

# COUNT0: 2283
# COUNT1: 0
# COUNT2: KBps
# TIME: 30.0
# elapsed: 45.118650
# pid: 3998327
# status: 0

*Dump score:       2215.0
Count score:       2283.0
Count score:       2299.0

>>>> Results of 1 copy
>>>> score: 2290.98603225773
>>>> time: 30
>>>> iterations: 2


########################################################
File Copy 4096 bufsize 8000 maxblocks -- 1 copy
==> "/mnt/host0/unixbench/UnixBench/pgms/fstime" -c -t 30 -d "/mnt/host0/unixbench/UnixBench/tmp" -b 4096 -m 8000 2>&1 >> "/mnt/host0/unixbench/UnixBench/results/uarf-2025-06-02-04.log"

#### Pass 1

Write done: 512000 in 2.0745, score 61700
Read done: 689520 in 2.0000, score 86189
Copy done: 4973712 in 30.0001, score 41447

# COUNT0: 41447
# COUNT1: 0
# COUNT2: KBps
# TIME: 30.0
# elapsed: 45.086060
# pid: 3998336
# status: 0

#### Pass 2

Write done: 800000 in 2.0056, score 99722
Read done: 500976 in 2.0001, score 62619
Copy done: 4612160 in 30.0000, score 38434

# COUNT0: 38434
# COUNT1: 0
# COUNT2: KBps
# TIME: 30.0
# elapsed: 45.016463
# pid: 3998345
# status: 0

#### Pass 3

Write done: 512000 in 2.0188, score 63403
Read done: 566336 in 2.0000, score 70791
Copy done: 4752304 in 30.0001, score 39602

# COUNT0: 39602
# COUNT1: 0
# COUNT2: KBps
# TIME: 30.0
# elapsed: 45.030038
# pid: 3998355
# status: 0

*Dump score:      38434.0
Count score:      39602.0
Count score:      41447.0

>>>> Results of 1 copy
>>>> score: 40513.9987411759
>>>> time: 30
>>>> iterations: 2


########################################################
Pipe Throughput -- 1 copy
==> "/mnt/host0/unixbench/UnixBench/pgms/pipe" 10 2>&1 >> "/mnt/host0/unixbench/UnixBench/results/uarf-2025-06-02-04.log"

#### Pass 1


# COUNT0: 8517981
# COUNT1: 1
# COUNT2: lps
# elapsed: 10.003441
# pid: 3998364
# status: 0

#### Pass 2


# COUNT0: 8604723
# COUNT1: 1
# COUNT2: lps
# elapsed: 10.003432
# pid: 3998373
# status: 0

#### Pass 3


# COUNT0: 8544280
# COUNT1: 1
# COUNT2: lps
# elapsed: 10.003157
# pid: 3998382
# status: 0

#### Pass 4


# COUNT0: 8730264
# COUNT1: 1
# COUNT2: lps
# elapsed: 10.003489
# pid: 3998391
# status: 0

#### Pass 5


# COUNT0: 8698924
# COUNT1: 1
# COUNT2: lps
# elapsed: 10.003528
# pid: 3998400
# status: 0

#### Pass 6


# COUNT0: 8696679
# COUNT1: 1
# COUNT2: lps
# elapsed: 10.003185
# pid: 3998409
# status: 0

#### Pass 7


# COUNT0: 8602639
# COUNT1: 1
# COUNT2: lps
# elapsed: 10.003352
# pid: 3998418
# status: 0

#### Pass 8


# COUNT0: 8600792
# COUNT1: 1
# COUNT2: lps
# elapsed: 10.003601
# pid: 3998427
# status: 0

#### Pass 9


# COUNT0: 8684366
# COUNT1: 1
# COUNT2: lps
# elapsed: 10.003468
# pid: 3998436
# status: 0

#### Pass 10


# COUNT0: 8644248
# COUNT1: 1
# COUNT2: lps
# elapsed: 10.003337
# pid: 3998445
# status: 0

*Dump score:    8517981.0
*Dump score:    8544280.0
*Dump score:    8600792.0
Count score:    8602639.0
Count score:    8604723.0
Count score:    8644248.0
Count score:    8684366.0
Count score:    8696679.0
Count score:    8698924.0
Count score:    8730264.0

>>>> Results of 1 copy
>>>> score: 866291.174201613
>>>> time: 10.0033987142857
>>>> iterations: 7


########################################################
Pipe-based Context Switching -- 1 copy
==> "/mnt/host0/unixbench/UnixBench/pgms/context1" 10 2>&1 >> "/mnt/host0/unixbench/UnixBench/results/uarf-2025-06-02-04.log"

#### Pass 1


# COUNT0: 166598
# COUNT1: 1
# COUNT2: lps
# elapsed: 10.003186
# pid: 3998454
# status: 0

#### Pass 2


# COUNT0: 167167
# COUNT1: 1
# COUNT2: lps
# elapsed: 10.003291
# pid: 3998464
# status: 0

#### Pass 3


# COUNT0: 167589
# COUNT1: 1
# COUNT2: lps
# elapsed: 10.003276
# pid: 3998474
# status: 0

#### Pass 4


# COUNT0: 168006
# COUNT1: 1
# COUNT2: lps
# elapsed: 10.003209
# pid: 3998484
# status: 0

#### Pass 5


# COUNT0: 229741
# COUNT1: 1
# COUNT2: lps
# elapsed: 10.002996
# pid: 3998494
# status: 0

#### Pass 6


# COUNT0: 230356
# COUNT1: 1
# COUNT2: lps
# elapsed: 10.002955
# pid: 3998504
# status: 0

#### Pass 7


# COUNT0: 230164
# COUNT1: 1
# COUNT2: lps
# elapsed: 10.003394
# pid: 3998514
# status: 0

#### Pass 8


# COUNT0: 229860
# COUNT1: 1
# COUNT2: lps
# elapsed: 10.003120
# pid: 3998527
# status: 0

#### Pass 9


# COUNT0: 230054
# COUNT1: 1
# COUNT2: lps
# elapsed: 10.003006
# pid: 3998537
# status: 0

#### Pass 10


# COUNT0: 230715
# COUNT1: 1
# COUNT2: lps
# elapsed: 10.003177
# pid: 3998547
# status: 0

*Dump score:     166598.0
*Dump score:     167167.0
*Dump score:     167589.0
Count score:     168006.0
Count score:     229741.0
Count score:     229860.0
Count score:     230054.0
Count score:     230164.0
Count score:     230356.0
Count score:     230715.0

>>>> Results of 1 copy
>>>> score: 21996.1026023298
>>>> time: 10.0031224285714
>>>> iterations: 7


########################################################
Process Creation -- 1 copy
==> "/mnt/host0/unixbench/UnixBench/pgms/spawn" 30 2>&1 >> "/mnt/host0/unixbench/UnixBench/results/uarf-2025-06-02-04.log"

#### Pass 1


# COUNT0: 216406
# COUNT1: 1
# COUNT2: lps
# elapsed: 30.003454
# pid: 3998557
# status: 0

#### Pass 2


# COUNT0: 218794
# COUNT1: 1
# COUNT2: lps
# elapsed: 30.003320
# pid: 20970
# status: 0

#### Pass 3


# COUNT0: 218518
# COUNT1: 1
# COUNT2: lps
# elapsed: 30.003205
# pid: 239774
# status: 0

*Dump score:     216406.0
Count score:     218518.0
Count score:     218794.0

>>>> Results of 1 copy
>>>> score: 7287.73934009813
>>>> time: 30.0032625
>>>> iterations: 2


########################################################
System Call Overhead -- 1 copy
==> "/mnt/host0/unixbench/UnixBench/pgms/syscall" 10 2>&1 >> "/mnt/host0/unixbench/UnixBench/results/uarf-2025-06-02-04.log"

#### Pass 1


# COUNT0: 5094002
# COUNT1: 1
# COUNT2: lps
# elapsed: 10.003460
# pid: 458302
# status: 0

#### Pass 2


# COUNT0: 5224420
# COUNT1: 1
# COUNT2: lps
# elapsed: 10.003532
# pid: 458311
# status: 0

#### Pass 3


# COUNT0: 5286512
# COUNT1: 1
# COUNT2: lps
# elapsed: 10.003305
# pid: 458320
# status: 0

#### Pass 4


# COUNT0: 5270469
# COUNT1: 1
# COUNT2: lps
# elapsed: 10.003324
# pid: 458329
# status: 0

#### Pass 5


# COUNT0: 5030669
# COUNT1: 1
# COUNT2: lps
# elapsed: 10.003459
# pid: 458338
# status: 0

#### Pass 6


# COUNT0: 5211011
# COUNT1: 1
# COUNT2: lps
# elapsed: 10.003341
# pid: 458347
# status: 0

#### Pass 7


# COUNT0: 5240325
# COUNT1: 1
# COUNT2: lps
# elapsed: 10.003198
# pid: 458356
# status: 0

#### Pass 8


# COUNT0: 5145336
# COUNT1: 1
# COUNT2: lps
# elapsed: 10.003282
# pid: 458365
# status: 0

#### Pass 9


# COUNT0: 5231406
# COUNT1: 1
# COUNT2: lps
# elapsed: 10.003243
# pid: 458374
# status: 0

#### Pass 10


# COUNT0: 5227856
# COUNT1: 1
# COUNT2: lps
# elapsed: 10.003247
# pid: 458383
# status: 0

*Dump score:    5030669.0
*Dump score:    5094002.0
*Dump score:    5145336.0
Count score:    5211011.0
Count score:    5224420.0
Count score:    5227856.0
Count score:    5231406.0
Count score:    5240325.0
Count score:    5270469.0
Count score:    5286512.0

>>>> Results of 1 copy
>>>> score: 523991.873581779
>>>> time: 10.0033128571429
>>>> iterations: 7


########################################################
Shell Scripts (1 concurrent) -- 1 copy
==> "/mnt/host0/unixbench/UnixBench/pgms/looper" 60 "/mnt/host0/unixbench/UnixBench/pgms/multi.sh" 1 2>&1 >> "/mnt/host0/unixbench/UnixBench/results/uarf-2025-06-02-04.log"

#### Pass 1


# COUNT0: 3332
# COUNT1: 60
# COUNT2: lpm
# elapsed: 60.009065
# pid: 458392
# status: 0

#### Pass 2


# COUNT0: 3345
# COUNT1: 60
# COUNT2: lpm
# elapsed: 60.019575
# pid: 488399
# status: 0

#### Pass 3


# COUNT0: 3363
# COUNT1: 60
# COUNT2: lpm
# elapsed: 60.017404
# pid: 518523
# status: 0

*Dump score:       3332.0
Count score:       3345.0
Count score:       3363.0

>>>> Results of 1 copy
>>>> score: 3352.95468446534
>>>> time: 60.0184895
>>>> iterations: 2


########################################################
Shell Scripts (8 concurrent) -- 1 copy
==> "/mnt/host0/unixbench/UnixBench/pgms/looper" 60 "/mnt/host0/unixbench/UnixBench/pgms/multi.sh" 8 2>&1 >> "/mnt/host0/unixbench/UnixBench/results/uarf-2025-06-02-04.log"

#### Pass 1


# COUNT0: 715
# COUNT1: 60
# COUNT2: lpm
# elapsed: 60.019991
# pid: 548808
# status: 0

#### Pass 2


# COUNT0: 714
# COUNT1: 60
# COUNT2: lpm
# elapsed: 60.053647
# pid: 595357
# status: 0

#### Pass 3


# COUNT0: 715
# COUNT1: 60
# COUNT2: lpm
# elapsed: 60.003888
# pid: 641841
# status: 0

*Dump score:        714.0
Count score:        715.0
Count score:        715.0

>>>> Results of 1 copy
>>>> score: 714.85775569885
>>>> time: 60.0119395
>>>> iterations: 2


########################################################
Dhrystone 2 using register variables -- 2 copies
==> "/mnt/host0/unixbench/UnixBench/pgms/dhry2reg" 10 2>&1 >> "/mnt/host0/unixbench/UnixBench/results/uarf-2025-06-02-04.log"

#### Pass 1


# COUNT0: 338802373
# COUNT1: 1
# COUNT2: lps
# elapsed: 10.004052
# pid: 688390
# status: 0

# COUNT0: 338608590
# COUNT1: 1
# COUNT2: lps
# elapsed: 10.003719
# pid: 688391
# status: 0

#### Pass 2


# COUNT0: 338880523
# COUNT1: 1
# COUNT2: lps
# elapsed: 10.004168
# pid: 688402
# status: 0

# COUNT0: 338887689
# COUNT1: 1
# COUNT2: lps
# elapsed: 10.004489
# pid: 688403
# status: 0

#### Pass 3


# COUNT0: 339146593
# COUNT1: 1
# COUNT2: lps
# elapsed: 10.004496
# pid: 688414
# status: 0

# COUNT0: 339019702
# COUNT1: 1
# COUNT2: lps
# elapsed: 10.003921
# pid: 688415
# status: 0

#### Pass 4


# COUNT0: 338209065
# COUNT1: 1
# COUNT2: lps
# elapsed: 10.004990
# pid: 688426
# status: 0

# COUNT0: 338148820
# COUNT1: 1
# COUNT2: lps
# elapsed: 10.003893
# pid: 688428
# status: 0

#### Pass 5


# COUNT0: 338027492
# COUNT1: 1
# COUNT2: lps
# elapsed: 10.004259
# pid: 688438
# status: 0

# COUNT0: 337977948
# COUNT1: 1
# COUNT2: lps
# elapsed: 10.003969
# pid: 688440
# status: 0

#### Pass 6


# COUNT0: 338686104
# COUNT1: 1
# COUNT2: lps
# elapsed: 10.004064
# pid: 688451
# status: 0

# COUNT0: 338927289
# COUNT1: 1
# COUNT2: lps
# elapsed: 10.003858
# pid: 688453
# status: 0

#### Pass 7


# COUNT0: 337297800
# COUNT1: 1
# COUNT2: lps
# elapsed: 10.005212
# pid: 688463
# status: 0

# COUNT0: 337393179
# COUNT1: 1
# COUNT2: lps
# elapsed: 10.003821
# pid: 688465
# status: 0

#### Pass 8


# COUNT0: 338358724
# COUNT1: 1
# COUNT2: lps
# elapsed: 10.004584
# pid: 688475
# status: 0

# COUNT0: 338236348
# COUNT1: 1
# COUNT2: lps
# elapsed: 10.003941
# pid: 688477
# status: 0

#### Pass 9


# COUNT0: 338226393
# COUNT1: 1
# COUNT2: lps
# elapsed: 10.004246
# pid: 688487
# status: 0

# COUNT0: 338248793
# COUNT1: 1
# COUNT2: lps
# elapsed: 10.003935
# pid: 688489
# status: 0

#### Pass 10


# COUNT0: 336952137
# COUNT1: 1
# COUNT2: lps
# elapsed: 10.004141
# pid: 688499
# status: 0

# COUNT0: 336902657
# COUNT1: 1
# COUNT2: lps
# elapsed: 10.003893
# pid: 688501
# status: 0

*Dump score:  673854794.0
*Dump score:  674690979.0
*Dump score:  676005440.0
Count score:  676357885.0
Count score:  676475186.0
Count score:  676595072.0
Count score:  677410963.0
Count score:  677613393.0
Count score:  677768212.0
Count score:  678166295.0

>>>> Sum of 2 copies
>>>> score: 67691566.1971825
>>>> time: 10.0041682857143
>>>> iterations: 7


########################################################
Double-Precision Whetstone -- 2 copies
==> "/mnt/host0/unixbench/UnixBench/pgms/whetstone-double"  2>&1 >> "/mnt/host0/unixbench/UnixBench/results/uarf-2025-06-02-04.log"

#### Pass 1

Calibrate
       0.00 Seconds          1   Passes (x 100)
       0.01 Seconds          5   Passes (x 100)
       0.03 Seconds         25   Passes (x 100)
       0.17 Seconds        125   Passes (x 100)
       0.87 Seconds        625   Passes (x 100)

Use 7192  passes (x 100)

          Double Precision C/C++ Whetstone Benchmark

Loop content                  Result              MFLOPS      MOPS   Seconds

N1 floating point     -1.12398255667392033      1643.711              0.084
N2 floating point     -1.12187079889294417      1966.155              0.492
N3 if then else        1.00000000000000000                6672.149    0.112
N4 fixed point        12.00000000000000000                   0.000   -0.000
N5 sin,cos etc.        0.49902937281518261                 166.285    3.598
N6 floating point      0.99999987890802811      1106.818              3.505
N7 assignments         3.00000000000000000                3349.137    0.397
N8 exp,sqrt etc.       0.75100163018453958                 146.610    1.825

MWIPS                                           7183.116             10.012

Calibrate
       0.00 Seconds          1   Passes (x 100)
       0.01 Seconds          5   Passes (x 100)
       0.03 Seconds         25   Passes (x 100)
       0.17 Seconds        125   Passes (x 100)
       0.87 Seconds        625   Passes (x 100)

Use 7193  passes (x 100)

          Double Precision C/C++ Whetstone Benchmark

Loop content                  Result              MFLOPS      MOPS   Seconds

N1 floating point     -1.12398255667392033      1643.657              0.084
N2 floating point     -1.12187079889294417      1966.368              0.492
N3 if then else        1.00000000000000000                6673.620    0.112
N4 fixed point        12.00000000000000000               31885579943.445    0.000
N5 sin,cos etc.        0.49902937281518261                 166.280    3.599
N6 floating point      0.99999987890802811      1106.819              3.505
N7 assignments         3.00000000000000000                3347.958    0.397
N8 exp,sqrt etc.       0.75100163018453958                 146.588    1.825

MWIPS                                           7182.804             10.014


# COUNT0: 7183.116
# COUNT1: 0
# COUNT2: MWIPS
# TIME: 10.012
# elapsed: 11.942573
# pid: 688511
# status: 0

# COUNT0: 7182.804
# COUNT1: 0
# COUNT2: MWIPS
# TIME: 10.014
# elapsed: 11.944105
# pid: 688513
# status: 0

#### Pass 2

Calibrate
       0.00 Seconds          1   Passes (x 100)
       0.01 Seconds          5   Passes (x 100)
       0.03 Seconds         25   Passes (x 100)
       0.17 Seconds        125   Passes (x 100)
       0.87 Seconds        625   Passes (x 100)

Use 7153  passes (x 100)

          Double Precision C/C++ Whetstone Benchmark

Loop content                  Result              MFLOPS      MOPS   Seconds

N1 floating point     -1.12398255667392033      1643.073              0.084
N2 floating point     -1.12187079889294417      1957.607              0.491
N3 if then else        1.00000000000000000                6619.775    0.112
N4 fixed point        12.00000000000000000               43000986592.188    0.000
N5 sin,cos etc.        0.49902937281518261                 166.438    3.576
N6 floating point      0.99999987890802811      1106.095              3.488
N7 assignments         3.00000000000000000                3342.151    0.396
N8 exp,sqrt etc.       0.75100163018453958                 145.665    1.827

MWIPS                                           7172.587              9.973

Calibrate
       0.00 Seconds          1   Passes (x 100)
       0.01 Seconds          5   Passes (x 100)
       0.03 Seconds         25   Passes (x 100)
       0.17 Seconds        125   Passes (x 100)
       0.87 Seconds        625   Passes (x 100)

Use 7158  passes (x 100)

          Double Precision C/C++ Whetstone Benchmark

Loop content                  Result              MFLOPS      MOPS   Seconds

N1 floating point     -1.12398255667392033      1644.627              0.084
N2 floating point     -1.12187079889294417      1958.720              0.491
N3 if then else        1.00000000000000000                6630.804    0.112
N4 fixed point        12.00000000000000000               28543287888.574    0.000
N5 sin,cos etc.        0.49902937281518261                 166.489    3.577
N6 floating point      0.99999987890802811      1106.487              3.489
N7 assignments         3.00000000000000000                3340.281    0.396
N8 exp,sqrt etc.       0.75100163018453958                 145.668    1.828

MWIPS                                           7174.528              9.977


# COUNT0: 7174.528
# COUNT1: 0
# COUNT2: MWIPS
# TIME: 9.977
# elapsed: 11.906022
# pid: 688523
# status: 0

# COUNT0: 7172.587
# COUNT1: 0
# COUNT2: MWIPS
# TIME: 9.973
# elapsed: 11.902417
# pid: 688525
# status: 0

#### Pass 3

Calibrate
       0.00 Seconds          1   Passes (x 100)
       0.01 Seconds          5   Passes (x 100)
       0.04 Seconds         25   Passes (x 100)
       0.17 Seconds        125   Passes (x 100)
       0.87 Seconds        625   Passes (x 100)

Use 7191  passes (x 100)

          Double Precision C/C++ Whetstone Benchmark

Loop content                  Result              MFLOPS      MOPS   Seconds

N1 floating point     -1.12398255667392033      1649.395              0.084
N2 floating point     -1.12187079889294417      1951.145              0.495
N3 if then else        1.00000000000000000                6609.085    0.113
N4 fixed point        12.00000000000000000               77722438168.397    0.000
N5 sin,cos etc.        0.49902937281518261                 166.371    3.596
N6 floating point      0.99999987890802811      1106.625              3.505
N7 assignments         3.00000000000000000                3323.190    0.400
N8 exp,sqrt etc.       0.75100163018453958                 145.399    1.840

MWIPS                                           7167.658             10.033

Calibrate
       0.00 Seconds          1   Passes (x 100)
       0.01 Seconds          5   Passes (x 100)
       0.04 Seconds         25   Passes (x 100)
       0.17 Seconds        125   Passes (x 100)
       0.87 Seconds        625   Passes (x 100)

Use 7196  passes (x 100)

          Double Precision C/C++ Whetstone Benchmark

Loop content                  Result              MFLOPS      MOPS   Seconds

N1 floating point     -1.12398255667392033      1649.253              0.084
N2 floating point     -1.12187079889294417      1964.215              0.492
N3 if then else        1.00000000000000000                6611.558    0.113
N4 fixed point        12.00000000000000000                   0.000   -0.000
N5 sin,cos etc.        0.49902937281518261                 166.404    3.598
N6 floating point      0.99999987890802811      1106.500              3.508
N7 assignments         3.00000000000000000                3322.053    0.400
N8 exp,sqrt etc.       0.75100163018453958                 145.372    1.841

MWIPS                                           7169.931             10.036


# COUNT0: 7169.931
# COUNT1: 0
# COUNT2: MWIPS
# TIME: 10.036
# elapsed: 11.960829
# pid: 688535
# status: 0

# COUNT0: 7167.658
# COUNT1: 0
# COUNT2: MWIPS
# TIME: 10.033
# elapsed: 11.957523
# pid: 688537
# status: 0

#### Pass 4

Calibrate
       0.00 Seconds          1   Passes (x 100)
       0.01 Seconds          5   Passes (x 100)
       0.03 Seconds         25   Passes (x 100)
       0.17 Seconds        125   Passes (x 100)
       0.87 Seconds        625   Passes (x 100)

Use 7174  passes (x 100)

          Double Precision C/C++ Whetstone Benchmark

Loop content                  Result              MFLOPS      MOPS   Seconds

N1 floating point     -1.12398255667392033      1644.056              0.084
N2 floating point     -1.12187079889294417      1978.523              0.487
N3 if then else        1.00000000000000000                6650.083    0.112
N4 fixed point        12.00000000000000000                   0.000   -0.000
N5 sin,cos etc.        0.49902937281518261                 166.984    3.574
N6 floating point      0.99999987890802811      1110.630              3.484
N7 assignments         3.00000000000000000                3317.664    0.400
N8 exp,sqrt etc.       0.75100163018453958                 146.232    1.825

MWIPS                                           7198.455              9.966

Calibrate
       0.00 Seconds          1   Passes (x 100)
       0.01 Seconds          5   Passes (x 100)
       0.03 Seconds         25   Passes (x 100)
       0.17 Seconds        125   Passes (x 100)
       0.87 Seconds        625   Passes (x 100)

Use 7172  passes (x 100)

          Double Precision C/C++ Whetstone Benchmark

Loop content                  Result              MFLOPS      MOPS   Seconds

N1 floating point     -1.12398255667392033      1643.099              0.084
N2 floating point     -1.12187079889294417      1976.135              0.488
N3 if then else        1.00000000000000000                6646.387    0.112
N4 fixed point        12.00000000000000000                   0.000   -0.000
N5 sin,cos etc.        0.49902937281518261                 166.943    3.574
N6 floating point      0.99999987890802811      1110.836              3.483
N7 assignments         3.00000000000000000                3318.492    0.399
N8 exp,sqrt etc.       0.75100163018453958                 146.091    1.826

MWIPS                                           7196.591              9.966


# COUNT0: 7198.455
# COUNT1: 0
# COUNT2: MWIPS
# TIME: 9.966
# elapsed: 11.893059
# pid: 688547
# status: 0

# COUNT0: 7196.591
# COUNT1: 0
# COUNT2: MWIPS
# TIME: 9.966
# elapsed: 11.894372
# pid: 688549
# status: 0

#### Pass 5

Calibrate
       0.00 Seconds          1   Passes (x 100)
       0.01 Seconds          5   Passes (x 100)
       0.03 Seconds         25   Passes (x 100)
       0.17 Seconds        125   Passes (x 100)
       0.87 Seconds        625   Passes (x 100)

Use 7190  passes (x 100)

          Double Precision C/C++ Whetstone Benchmark

Loop content                  Result              MFLOPS      MOPS   Seconds

N1 floating point     -1.12398255667392033      1651.944              0.084
N2 floating point     -1.12187079889294417      1961.745              0.493
N3 if then else        1.00000000000000000                6634.022    0.112
N4 fixed point        12.00000000000000000                   0.000   -0.000
N5 sin,cos etc.        0.49902937281518261                 166.707    3.588
N6 floating point      0.99999987890802811      1109.159              3.497
N7 assignments         3.00000000000000000                3327.412    0.399
N8 exp,sqrt etc.       0.75100163018453958                 145.874    1.834

MWIPS                                           7185.555             10.006

Calibrate
       0.00 Seconds          1   Passes (x 100)
       0.01 Seconds          5   Passes (x 100)
       0.03 Seconds         25   Passes (x 100)
       0.17 Seconds        125   Passes (x 100)
       0.87 Seconds        625   Passes (x 100)

Use 7194  passes (x 100)

          Double Precision C/C++ Whetstone Benchmark

Loop content                  Result              MFLOPS      MOPS   Seconds

N1 floating point     -1.12398255667392033      1653.480              0.084
N2 floating point     -1.12187079889294417      1966.113              0.492
N3 if then else        1.00000000000000000                6631.689    0.112
N4 fixed point        12.00000000000000000               72444771582.675    0.000
N5 sin,cos etc.        0.49902937281518261                 166.750    3.589
N6 floating point      0.99999987890802811      1109.403              3.498
N7 assignments         3.00000000000000000                3325.349    0.400
N8 exp,sqrt etc.       0.75100163018453958                 145.873    1.835

MWIPS                                           7187.403             10.009


# COUNT0: 7187.403
# COUNT1: 0
# COUNT2: MWIPS
# TIME: 10.009
# elapsed: 11.932778
# pid: 688559
# status: 0

# COUNT0: 7185.555
# COUNT1: 0
# COUNT2: MWIPS
# TIME: 10.006
# elapsed: 11.930170
# pid: 688561
# status: 0

#### Pass 6

Calibrate
       0.00 Seconds          1   Passes (x 100)
       0.01 Seconds          5   Passes (x 100)
       0.03 Seconds         25   Passes (x 100)
       0.18 Seconds        125   Passes (x 100)
       0.87 Seconds        625   Passes (x 100)

Use 7192  passes (x 100)

          Double Precision C/C++ Whetstone Benchmark

Loop content                  Result              MFLOPS      MOPS   Seconds

N1 floating point     -1.12398255667392033      1658.963              0.083
N2 floating point     -1.12187079889294417      1969.295              0.491
N3 if then else        1.00000000000000000                6623.240    0.112
N4 fixed point        12.00000000000000000                   0.000   -0.000
N5 sin,cos etc.        0.49902937281518261                 166.560    3.593
N6 floating point      0.99999987890802811      1107.946              3.501
N7 assignments         3.00000000000000000                3356.115    0.396
N8 exp,sqrt etc.       0.75100163018453958                 146.187    1.830

MWIPS                                           7187.276             10.007

Calibrate
       0.00 Seconds          1   Passes (x 100)
       0.01 Seconds          5   Passes (x 100)
       0.03 Seconds         25   Passes (x 100)
       0.18 Seconds        125   Passes (x 100)
       0.87 Seconds        625   Passes (x 100)

Use 7190  passes (x 100)

          Double Precision C/C++ Whetstone Benchmark

Loop content                  Result              MFLOPS      MOPS   Seconds

N1 floating point     -1.12398255667392033      1657.894              0.083
N2 floating point     -1.12187079889294417      1967.905              0.491
N3 if then else        1.00000000000000000                6622.222    0.112
N4 fixed point        12.00000000000000000               196855708540.464    0.000
N5 sin,cos etc.        0.49902937281518261                 166.494    3.593
N6 floating point      0.99999987890802811      1107.274              3.503
N7 assignments         3.00000000000000000                3351.127    0.396
N8 exp,sqrt etc.       0.75100163018453958                 146.093    1.831

MWIPS                                           7183.161             10.010


# COUNT0: 7183.161
# COUNT1: 0
# COUNT2: MWIPS
# TIME: 10.010
# elapsed: 11.932841
# pid: 688571
# status: 0

# COUNT0: 7187.276
# COUNT1: 0
# COUNT2: MWIPS
# TIME: 10.007
# elapsed: 11.928833
# pid: 688573
# status: 0

#### Pass 7

Calibrate
       0.00 Seconds          1   Passes (x 100)
       0.01 Seconds          5   Passes (x 100)
       0.03 Seconds         25   Passes (x 100)
       0.17 Seconds        125   Passes (x 100)
       0.87 Seconds        625   Passes (x 100)

Use 7185  passes (x 100)

          Double Precision C/C++ Whetstone Benchmark

Loop content                  Result              MFLOPS      MOPS   Seconds

N1 floating point     -1.12398255667392033      1644.353              0.084
N2 floating point     -1.12187079889294417      1965.345              0.491
N3 if then else        1.00000000000000000                6614.491    0.112
N4 fixed point        12.00000000000000000               20155726446.621    0.000
N5 sin,cos etc.        0.49902937281518261                 166.913    3.581
N6 floating point      0.99999987890802811      1105.420              3.506
N7 assignments         3.00000000000000000                3349.236    0.396
N8 exp,sqrt etc.       0.75100163018453958                 145.988    1.831

MWIPS                                           7183.269             10.002

Calibrate
       0.00 Seconds          1   Passes (x 100)
       0.01 Seconds          5   Passes (x 100)
       0.03 Seconds         25   Passes (x 100)
       0.17 Seconds        125   Passes (x 100)
       0.87 Seconds        625   Passes (x 100)

Use 7187  passes (x 100)

          Double Precision C/C++ Whetstone Benchmark

Loop content                  Result              MFLOPS      MOPS   Seconds

N1 floating point     -1.12398255667392033      1644.186              0.084
N2 floating point     -1.12187079889294417      1963.849              0.492
N3 if then else        1.00000000000000000                6604.111    0.113
N4 fixed point        12.00000000000000000                   0.000   -0.000
N5 sin,cos etc.        0.49902937281518261                 166.837    3.584
N6 floating point      0.99999987890802811      1105.169              3.508
N7 assignments         3.00000000000000000                3338.556    0.398
N8 exp,sqrt etc.       0.75100163018453958                 145.956    1.832

MWIPS                                           7179.938             10.010


# COUNT0: 7183.269
# COUNT1: 0
# COUNT2: MWIPS
# TIME: 10.002
# elapsed: 11.931059
# pid: 688583
# status: 0

# COUNT0: 7179.938
# COUNT1: 0
# COUNT2: MWIPS
# TIME: 10.010
# elapsed: 11.937112
# pid: 688585
# status: 0

#### Pass 8

Calibrate
       0.00 Seconds          1   Passes (x 100)
       0.01 Seconds          5   Passes (x 100)
       0.03 Seconds         25   Passes (x 100)
       0.17 Seconds        125   Passes (x 100)
       0.87 Seconds        625   Passes (x 100)

Use 7149  passes (x 100)

          Double Precision C/C++ Whetstone Benchmark

Loop content                  Result              MFLOPS      MOPS   Seconds

N1 floating point     -1.12398255667392033      1642.518              0.084
N2 floating point     -1.12187079889294417      1965.397              0.489
N3 if then else        1.00000000000000000                6619.271    0.112
N4 fixed point        12.00000000000000000               81808653298.515    0.000
N5 sin,cos etc.        0.49902937281518261                 167.043    3.561
N6 floating point      0.99999987890802811      1105.170              3.489
N7 assignments         3.00000000000000000                3356.295    0.394
N8 exp,sqrt etc.       0.75100163018453958                 146.489    1.815

MWIPS                                           7189.798              9.943

Calibrate
       0.00 Seconds          1   Passes (x 100)
       0.01 Seconds          5   Passes (x 100)
       0.03 Seconds         25   Passes (x 100)
       0.18 Seconds        125   Passes (x 100)
       0.87 Seconds        625   Passes (x 100)

Use 7153  passes (x 100)

          Double Precision C/C++ Whetstone Benchmark

Loop content                  Result              MFLOPS      MOPS   Seconds

N1 floating point     -1.12398255667392033      1641.816              0.084
N2 floating point     -1.12187079889294417      1965.399              0.489
N3 if then else        1.00000000000000000                6621.023    0.112
N4 fixed point        12.00000000000000000                   0.000   -0.000
N5 sin,cos etc.        0.49902937281518261                 167.078    3.562
N6 floating point      0.99999987890802811      1105.031              3.492
N7 assignments         3.00000000000000000                3350.666    0.395
N8 exp,sqrt etc.       0.75100163018453958                 146.506    1.816

MWIPS                                           7189.698              9.949


# COUNT0: 7189.698
# COUNT1: 0
# COUNT2: MWIPS
# TIME: 9.949
# elapsed: 11.880990
# pid: 688595
# status: 0

# COUNT0: 7189.798
# COUNT1: 0
# COUNT2: MWIPS
# TIME: 9.943
# elapsed: 11.874711
# pid: 688597
# status: 0

#### Pass 9

Calibrate
       0.00 Seconds          1   Passes (x 100)
       0.01 Seconds          5   Passes (x 100)
       0.03 Seconds         25   Passes (x 100)
       0.17 Seconds        125   Passes (x 100)
       0.87 Seconds        625   Passes (x 100)

Use 7147  passes (x 100)

          Double Precision C/C++ Whetstone Benchmark

Loop content                  Result              MFLOPS      MOPS   Seconds

N1 floating point     -1.12398255667392033      1650.762              0.083
N2 floating point     -1.12187079889294417      1967.069              0.488
N3 if then else        1.00000000000000000                6591.769    0.112
N4 fixed point        12.00000000000000000                   0.000   -0.000
N5 sin,cos etc.        0.49902937281518261                 167.093    3.559
N6 floating point      0.99999987890802811      1109.739              3.474
N7 assignments         3.00000000000000000                3370.151    0.392
N8 exp,sqrt etc.       0.75100163018453958                 146.693    1.812

MWIPS                                           7204.250              9.921

Calibrate
       0.00 Seconds          1   Passes (x 100)
       0.01 Seconds          5   Passes (x 100)
       0.03 Seconds         25   Passes (x 100)
       0.17 Seconds        125   Passes (x 100)
       0.87 Seconds        625   Passes (x 100)

Use 7153  passes (x 100)

          Double Precision C/C++ Whetstone Benchmark

Loop content                  Result              MFLOPS      MOPS   Seconds

N1 floating point     -1.12398255667392033      1650.050              0.083
N2 floating point     -1.12187079889294417      1966.742              0.489
N3 if then else        1.00000000000000000                6604.765    0.112
N4 fixed point        12.00000000000000000                   0.000   -0.000
N5 sin,cos etc.        0.49902937281518261                 167.039    3.563
N6 floating point      0.99999987890802811      1109.677              3.477
N7 assignments         3.00000000000000000                3356.902    0.394
N8 exp,sqrt etc.       0.75100163018453958                 146.698    1.814

MWIPS                                           7202.269              9.932


# COUNT0: 7202.269
# COUNT1: 0
# COUNT2: MWIPS
# TIME: 9.932
# elapsed: 11.858685
# pid: 688607
# status: 0

# COUNT0: 7204.250
# COUNT1: 0
# COUNT2: MWIPS
# TIME: 9.921
# elapsed: 11.847570
# pid: 688609
# status: 0

#### Pass 10

Calibrate
       0.00 Seconds          1   Passes (x 100)
       0.01 Seconds          5   Passes (x 100)
       0.03 Seconds         25   Passes (x 100)
       0.18 Seconds        125   Passes (x 100)
       0.87 Seconds        625   Passes (x 100)

Use 7143  passes (x 100)

          Double Precision C/C++ Whetstone Benchmark

Loop content                  Result              MFLOPS      MOPS   Seconds

N1 floating point     -1.12398255667392033      1658.028              0.083
N2 floating point     -1.12187079889294417      1972.442              0.487
N3 if then else        1.00000000000000000                6670.343    0.111
N4 fixed point        12.00000000000000000               40421859699.970    0.000
N5 sin,cos etc.        0.49902937281518261                 166.939    3.560
N6 floating point      0.99999987890802811      1107.381              3.479
N7 assignments         3.00000000000000000                3329.297    0.396
N8 exp,sqrt etc.       0.75100163018453958                 146.493    1.814

MWIPS                                           7193.411              9.930

Calibrate
       0.00 Seconds          1   Passes (x 100)
       0.01 Seconds          5   Passes (x 100)
       0.03 Seconds         25   Passes (x 100)
       0.18 Seconds        125   Passes (x 100)
       0.88 Seconds        625   Passes (x 100)

Use 7142  passes (x 100)

          Double Precision C/C++ Whetstone Benchmark

Loop content                  Result              MFLOPS      MOPS   Seconds

N1 floating point     -1.12398255667392033      1656.548              0.083
N2 floating point     -1.12187079889294417      1971.486              0.487
N3 if then else        1.00000000000000000                6669.769    0.111
N4 fixed point        12.00000000000000000               31289963576.210    0.000
N5 sin,cos etc.        0.49902937281518261                 166.886    3.561
N6 floating point      0.99999987890802811      1107.013              3.480
N7 assignments         3.00000000000000000                3326.356    0.397
N8 exp,sqrt etc.       0.75100163018453958                 146.408    1.815

MWIPS                                           7190.511              9.933


# COUNT0: 7193.411
# COUNT1: 0
# COUNT2: MWIPS
# TIME: 9.930
# elapsed: 11.854340
# pid: 688619
# status: 0

# COUNT0: 7190.511
# COUNT1: 0
# COUNT2: MWIPS
# TIME: 9.933
# elapsed: 11.857247
# pid: 688621
# status: 0

*Dump score:      14337.6
*Dump score:      14347.1
*Dump score:      14363.2
Count score:      14365.9
Count score:      14370.4
Count score:      14373.0
Count score:      14379.5
Count score:      14383.9
Count score:      14395.0
Count score:      14406.5

>>>> Sum of 2 copies
>>>> score: 14382.0363390573
>>>> time: 9.97128571428571
>>>> iterations: 7


########################################################
Execl Throughput -- 2 copies
==> "/mnt/host0/unixbench/UnixBench/pgms/execl" 30 2>&1 >> "/mnt/host0/unixbench/UnixBench/results/uarf-2025-06-02-04.log"

#### Pass 1


# COUNT0: 28412
# COUNT1: 1
# COUNT2: lps
# elapsed: 29.867074
# pid: 688631
# status: 0

# COUNT0: 28439
# COUNT1: 1
# COUNT2: lps
# elapsed: 29.867249
# pid: 688633
# status: 0

#### Pass 2


# COUNT0: 28579
# COUNT1: 1
# COUNT2: lps
# elapsed: 29.983600
# pid: 688643
# status: 0

# COUNT0: 28571
# COUNT1: 1
# COUNT2: lps
# elapsed: 29.981988
# pid: 688645
# status: 0

#### Pass 3


# COUNT0: 28547
# COUNT1: 1
# COUNT2: lps
# elapsed: 29.980223
# pid: 688655
# status: 0

# COUNT0: 28543
# COUNT1: 1
# COUNT2: lps
# elapsed: 29.979399
# pid: 688657
# status: 0

*Dump score:      56851.0
Count score:      57090.0
Count score:      57150.0

>>>> Sum of 2 copies
>>>> score: 1905.18714764075
>>>> time: 29.9813025
>>>> iterations: 2


########################################################
File Copy 1024 bufsize 2000 maxblocks -- 2 copies
==> "/mnt/host0/unixbench/UnixBench/pgms/fstime" -c -t 30 -d "/mnt/host0/unixbench/UnixBench/tmp" -b 1024 -m 2000 2>&1 >> "/mnt/host0/unixbench/UnixBench/results/uarf-2025-06-02-04.log"

#### Pass 1

Write done: 120000 in 2.0489, score 14641
Read done: 115228 in 2.0001, score 14403
Copy done: 843900 in 30.0001, score 7032
Write done: 120000 in 2.0512, score 14625
Read done: 115568 in 2.0000, score 14445
Copy done: 844356 in 30.0001, score 7036

# COUNT0: 7036
# COUNT1: 0
# COUNT2: KBps
# TIME: 30.0
# elapsed: 45.063263
# pid: 688667
# status: 0

# COUNT0: 7032
# COUNT1: 0
# COUNT2: KBps
# TIME: 30.0
# elapsed: 45.061209
# pid: 688669
# status: 0

#### Pass 2

Write done: 112000 in 2.0152, score 13894
Read done: 107972 in 2.0001, score 13495
Copy done: 812960 in 30.0001, score 6774
Write done: 112000 in 2.0162, score 13887
Read done: 107368 in 2.0000, score 13420
Copy done: 815768 in 30.0001, score 6798

# COUNT0: 6798
# COUNT1: 0
# COUNT2: KBps
# TIME: 30.0
# elapsed: 45.029106
# pid: 688680
# status: 0

# COUNT0: 6774
# COUNT1: 0
# COUNT2: KBps
# TIME: 30.0
# elapsed: 45.027930
# pid: 688682
# status: 0

#### Pass 3

Write done: 120000 in 2.0298, score 14780
Read done: 109992 in 2.0000, score 13748
Copy done: 829468 in 30.0001, score 6912
Write done: 120000 in 2.0304, score 14775
Read done: 109896 in 2.0000, score 13736
Copy done: 829424 in 30.0002, score 6911

# COUNT0: 6912
# COUNT1: 0
# COUNT2: KBps
# TIME: 30.0
# elapsed: 45.042224
# pid: 688692
# status: 0

# COUNT0: 6911
# COUNT1: 0
# COUNT2: KBps
# TIME: 30.0
# elapsed: 45.044583
# pid: 688694
# status: 0

*Dump score:      13572.0
Count score:      13823.0
Count score:      14068.0

>>>> Sum of 2 copies
>>>> score: 13944.961957639
>>>> time: 30
>>>> iterations: 2


########################################################
File Copy 256 bufsize 500 maxblocks -- 2 copies
==> "/mnt/host0/unixbench/UnixBench/pgms/fstime" -c -t 30 -d "/mnt/host0/unixbench/UnixBench/tmp" -b 256 -m 500 2>&1 >> "/mnt/host0/unixbench/UnixBench/results/uarf-2025-06-02-04.log"

#### Pass 1

Write done: 28000 in 2.0364, score 3437
Read done: 31180 in 2.0001, score 3897
Copy done: 210463 in 30.0000, score 1753
Write done: 28000 in 2.0392, score 3432
Read done: 31188 in 2.0000, score 3898
Copy done: 210219 in 30.0000, score 1751

# COUNT0: 1751
# COUNT1: 0
# COUNT2: KBps
# TIME: 30.0
# elapsed: 45.051202
# pid: 688704
# status: 0

# COUNT0: 1753
# COUNT1: 0
# COUNT2: KBps
# TIME: 30.0
# elapsed: 45.048387
# pid: 688706
# status: 0

#### Pass 2

Write done: 30000 in 2.1570, score 3477
Read done: 30449 in 2.0001, score 3806
Copy done: 206507 in 30.0001, score 1720
Write done: 30000 in 2.1605, score 3471
Read done: 30475 in 2.0000, score 3809
Copy done: 206569 in 30.0000, score 1721

# COUNT0: 1721
# COUNT1: 0
# COUNT2: KBps
# TIME: 30.0
# elapsed: 45.173490
# pid: 688716
# status: 0

# COUNT0: 1720
# COUNT1: 0
# COUNT2: KBps
# TIME: 30.0
# elapsed: 45.170157
# pid: 688718
# status: 0

#### Pass 3

Write done: 30000 in 2.0367, score 3682
Read done: 30063 in 2.0000, score 3757
Copy done: 207611 in 30.0001, score 1730
Write done: 30000 in 2.0380, score 3680
Read done: 30246 in 2.0000, score 3780
Copy done: 208037 in 30.0001, score 1733

# COUNT0: 1730
# COUNT1: 0
# COUNT2: KBps
# TIME: 30.0
# elapsed: 45.048148
# pid: 688728
# status: 0

# COUNT0: 1733
# COUNT1: 0
# COUNT2: KBps
# TIME: 30.0
# elapsed: 45.049280
# pid: 688730
# status: 0

*Dump score:       3441.0
Count score:       3463.0
Count score:       3504.0

>>>> Sum of 2 copies
>>>> score: 3483.43967939737
>>>> time: 30
>>>> iterations: 2


########################################################
File Copy 4096 bufsize 8000 maxblocks -- 2 copies
==> "/mnt/host0/unixbench/UnixBench/pgms/fstime" -c -t 30 -d "/mnt/host0/unixbench/UnixBench/tmp" -b 4096 -m 8000 2>&1 >> "/mnt/host0/unixbench/UnixBench/results/uarf-2025-06-02-04.log"

#### Pass 1

Write done: 448000 in 2.1134, score 52995
Read done: 442256 in 2.0001, score 55280
Copy done: 3202288 in 30.0002, score 26685
Write done: 448000 in 2.1161, score 52928
Read done: 441440 in 2.0001, score 55178
Copy done: 3198736 in 30.0001, score 26656

# COUNT0: 26656
# COUNT1: 0
# COUNT2: KBps
# TIME: 30.0
# elapsed: 45.131259
# pid: 688740
# status: 0

# COUNT0: 26685
# COUNT1: 0
# COUNT2: KBps
# TIME: 30.0
# elapsed: 45.127396
# pid: 688742
# status: 0

#### Pass 2

Write done: 448000 in 2.0101, score 55717
Read done: 462912 in 2.0001, score 57860
Copy done: 3234448 in 30.0001, score 26953
Write done: 448000 in 2.0129, score 55640
Read done: 463376 in 2.0000, score 57921
Copy done: 3234176 in 30.0002, score 26951

# COUNT0: 26953
# COUNT1: 0
# COUNT2: KBps
# TIME: 30.0
# elapsed: 45.026394
# pid: 688753
# status: 0

# COUNT0: 26951
# COUNT1: 0
# COUNT2: KBps
# TIME: 30.0
# elapsed: 45.029074
# pid: 688755
# status: 0

#### Pass 3

Write done: 416000 in 2.0104, score 51730
Read done: 412256 in 2.0000, score 51531
Copy done: 3190208 in 30.0000, score 26585
Write done: 416000 in 2.0123, score 51682
Read done: 409776 in 2.0000, score 51221
Copy done: 3195600 in 30.0002, score 26629

# COUNT0: 26585
# COUNT1: 0
# COUNT2: KBps
# TIME: 30.0
# elapsed: 45.026984
# pid: 688765
# status: 0

# COUNT0: 26629
# COUNT1: 0
# COUNT2: KBps
# TIME: 30.0
# elapsed: 45.026339
# pid: 688767
# status: 0

*Dump score:      53214.0
Count score:      53341.0
Count score:      53904.0

>>>> Sum of 2 copies
>>>> score: 53621.7611049842
>>>> time: 30
>>>> iterations: 2


########################################################
Pipe Throughput -- 2 copies
==> "/mnt/host0/unixbench/UnixBench/pgms/pipe" 10 2>&1 >> "/mnt/host0/unixbench/UnixBench/results/uarf-2025-06-02-04.log"

#### Pass 1


# COUNT0: 5225217
# COUNT1: 1
# COUNT2: lps
# elapsed: 10.004179
# pid: 688777
# status: 0

# COUNT0: 5219331
# COUNT1: 1
# COUNT2: lps
# elapsed: 10.003859
# pid: 688779
# status: 0

#### Pass 2


# COUNT0: 5180620
# COUNT1: 1
# COUNT2: lps
# elapsed: 10.004106
# pid: 688789
# status: 0

# COUNT0: 5174305
# COUNT1: 1
# COUNT2: lps
# elapsed: 10.003746
# pid: 688791
# status: 0

#### Pass 3


# COUNT0: 5268103
# COUNT1: 1
# COUNT2: lps
# elapsed: 10.004392
# pid: 688801
# status: 0

# COUNT0: 5258479
# COUNT1: 1
# COUNT2: lps
# elapsed: 10.003842
# pid: 688803
# status: 0

#### Pass 4


# COUNT0: 5229424
# COUNT1: 1
# COUNT2: lps
# elapsed: 10.004208
# pid: 688813
# status: 0

# COUNT0: 5239154
# COUNT1: 1
# COUNT2: lps
# elapsed: 10.003877
# pid: 688815
# status: 0

#### Pass 5


# COUNT0: 5252044
# COUNT1: 1
# COUNT2: lps
# elapsed: 10.004162
# pid: 688825
# status: 0

# COUNT0: 5257233
# COUNT1: 1
# COUNT2: lps
# elapsed: 10.003843
# pid: 688827
# status: 0

#### Pass 6


# COUNT0: 5271383
# COUNT1: 1
# COUNT2: lps
# elapsed: 10.004270
# pid: 688837
# status: 0

# COUNT0: 5257554
# COUNT1: 1
# COUNT2: lps
# elapsed: 10.003661
# pid: 688839
# status: 0

#### Pass 7


# COUNT0: 5277405
# COUNT1: 1
# COUNT2: lps
# elapsed: 10.004351
# pid: 688849
# status: 0

# COUNT0: 5215919
# COUNT1: 1
# COUNT2: lps
# elapsed: 10.003815
# pid: 688851
# status: 0

#### Pass 8


# COUNT0: 5253448
# COUNT1: 1
# COUNT2: lps
# elapsed: 10.004446
# pid: 688861
# status: 0

# COUNT0: 5234441
# COUNT1: 1
# COUNT2: lps
# elapsed: 10.003815
# pid: 688863
# status: 0

#### Pass 9


# COUNT0: 5188108
# COUNT1: 1
# COUNT2: lps
# elapsed: 10.004238
# pid: 688873
# status: 0

# COUNT0: 5277729
# COUNT1: 1
# COUNT2: lps
# elapsed: 10.004078
# pid: 688875
# status: 0

#### Pass 10


# COUNT0: 5186068
# COUNT1: 1
# COUNT2: lps
# elapsed: 10.003964
# pid: 688885
# status: 0

# COUNT0: 5254174
# COUNT1: 1
# COUNT2: lps
# elapsed: 10.003612
# pid: 688887
# status: 0

*Dump score:   10354925.0
*Dump score:   10440242.0
*Dump score:   10444548.0
Count score:   10465837.0
Count score:   10468578.0
Count score:   10487889.0
Count score:   10493324.0
Count score:   10509277.0
Count score:   10526582.0
Count score:   10528937.0

>>>> Sum of 2 copies
>>>> score: 1049290.47887131
>>>> time: 10.0040712857143
>>>> iterations: 7


########################################################
Pipe-based Context Switching -- 2 copies
==> "/mnt/host0/unixbench/UnixBench/pgms/context1" 10 2>&1 >> "/mnt/host0/unixbench/UnixBench/results/uarf-2025-06-02-04.log"

#### Pass 1


# COUNT0: 1557615
# COUNT1: 1
# COUNT2: lps
# elapsed: 10.004221
# pid: 688897
# status: 0

# COUNT0: 1550853
# COUNT1: 1
# COUNT2: lps
# elapsed: 10.004076
# pid: 688899
# status: 0

#### Pass 2


# COUNT0: 1539887
# COUNT1: 1
# COUNT2: lps
# elapsed: 10.004170
# pid: 688911
# status: 0

# COUNT0: 1557544
# COUNT1: 1
# COUNT2: lps
# elapsed: 10.003696
# pid: 688913
# status: 0

#### Pass 3


# COUNT0: 1569718
# COUNT1: 1
# COUNT2: lps
# elapsed: 10.004374
# pid: 688925
# status: 0

# COUNT0: 1574152
# COUNT1: 1
# COUNT2: lps
# elapsed: 10.003750
# pid: 688927
# status: 0

#### Pass 4


# COUNT0: 1565118
# COUNT1: 1
# COUNT2: lps
# elapsed: 10.004201
# pid: 688939
# status: 0

# COUNT0: 1565100
# COUNT1: 1
# COUNT2: lps
# elapsed: 10.003880
# pid: 688941
# status: 0

#### Pass 5


# COUNT0: 1557594
# COUNT1: 1
# COUNT2: lps
# elapsed: 10.004284
# pid: 688953
# status: 0

# COUNT0: 1546708
# COUNT1: 1
# COUNT2: lps
# elapsed: 10.003666
# pid: 688955
# status: 0

#### Pass 6


# COUNT0: 1560091
# COUNT1: 1
# COUNT2: lps
# elapsed: 10.004333
# pid: 688967
# status: 0

# COUNT0: 1567699
# COUNT1: 1
# COUNT2: lps
# elapsed: 10.003818
# pid: 688969
# status: 0

#### Pass 7


# COUNT0: 1531307
# COUNT1: 1
# COUNT2: lps
# elapsed: 10.004026
# pid: 688981
# status: 0

# COUNT0: 1532718
# COUNT1: 1
# COUNT2: lps
# elapsed: 10.003906
# pid: 688983
# status: 0

#### Pass 8


# COUNT0: 1563381
# COUNT1: 1
# COUNT2: lps
# elapsed: 10.004442
# pid: 688995
# status: 0

# COUNT0: 1567028
# COUNT1: 1
# COUNT2: lps
# elapsed: 10.004033
# pid: 688997
# status: 0

#### Pass 9


# COUNT0: 1565619
# COUNT1: 1
# COUNT2: lps
# elapsed: 10.004161
# pid: 689010
# status: 0

# COUNT0: 1576355
# COUNT1: 1
# COUNT2: lps
# elapsed: 10.004055
# pid: 689012
# status: 0

#### Pass 10


# COUNT0: 1551358
# COUNT1: 1
# COUNT2: lps
# elapsed: 10.004354
# pid: 689024
# status: 0

# COUNT0: 1556079
# COUNT1: 1
# COUNT2: lps
# elapsed: 10.003774
# pid: 689026
# status: 0

*Dump score:    3064025.0
*Dump score:    3097431.0
*Dump score:    3104302.0
Count score:    3107437.0
Count score:    3108468.0
Count score:    3127790.0
Count score:    3130218.0
Count score:    3130409.0
Count score:    3141974.0
Count score:    3143870.0

>>>> Sum of 2 copies
>>>> score: 312585.461277855
>>>> time: 10.0041051428571
>>>> iterations: 7


########################################################
Process Creation -- 2 copies
==> "/mnt/host0/unixbench/UnixBench/pgms/spawn" 30 2>&1 >> "/mnt/host0/unixbench/UnixBench/results/uarf-2025-06-02-04.log"

#### Pass 1


# COUNT0: 260958
# COUNT1: 1
# COUNT2: lps
# elapsed: 30.004309
# pid: 689038
# status: 0

# COUNT0: 260150
# COUNT1: 1
# COUNT2: lps
# elapsed: 30.004362
# pid: 689040
# status: 0

#### Pass 2


# COUNT0: 254630
# COUNT1: 1
# COUNT2: lps
# elapsed: 30.004034
# pid: 1210160
# status: 0

# COUNT0: 254692
# COUNT1: 1
# COUNT2: lps
# elapsed: 30.003735
# pid: 1210162
# status: 0

#### Pass 3


# COUNT0: 260132
# COUNT1: 1
# COUNT2: lps
# elapsed: 30.004592
# pid: 1719496
# status: 0

# COUNT0: 262973
# COUNT1: 1
# COUNT2: lps
# elapsed: 30.003931
# pid: 1719498
# status: 0

*Dump score:     509322.0
Count score:     521108.0
Count score:     523105.0

>>>> Sum of 2 copies
>>>> score: 17401.0248968602
>>>> time: 30.0042985
>>>> iterations: 2


########################################################
System Call Overhead -- 2 copies
==> "/mnt/host0/unixbench/UnixBench/pgms/syscall" 10 2>&1 >> "/mnt/host0/unixbench/UnixBench/results/uarf-2025-06-02-04.log"

#### Pass 1


# COUNT0: 3240933
# COUNT1: 1
# COUNT2: lps
# elapsed: 10.004348
# pid: 2242615
# status: 0

# COUNT0: 3242012
# COUNT1: 1
# COUNT2: lps
# elapsed: 10.003835
# pid: 2242617
# status: 0

#### Pass 2


# COUNT0: 3249488
# COUNT1: 1
# COUNT2: lps
# elapsed: 10.004083
# pid: 2242627
# status: 0

# COUNT0: 3280052
# COUNT1: 1
# COUNT2: lps
# elapsed: 10.003952
# pid: 2242629
# status: 0

#### Pass 3


# COUNT0: 3233482
# COUNT1: 1
# COUNT2: lps
# elapsed: 10.004301
# pid: 2242639
# status: 0

# COUNT0: 3251609
# COUNT1: 1
# COUNT2: lps
# elapsed: 10.003774
# pid: 2242641
# status: 0

#### Pass 4


# COUNT0: 3329599
# COUNT1: 1
# COUNT2: lps
# elapsed: 10.004045
# pid: 2242651
# status: 0

# COUNT0: 3339814
# COUNT1: 1
# COUNT2: lps
# elapsed: 10.003861
# pid: 2242653
# status: 0

#### Pass 5


# COUNT0: 3284487
# COUNT1: 1
# COUNT2: lps
# elapsed: 10.004275
# pid: 2242663
# status: 0

# COUNT0: 3246068
# COUNT1: 1
# COUNT2: lps
# elapsed: 10.004034
# pid: 2242665
# status: 0

#### Pass 6


# COUNT0: 3239413
# COUNT1: 1
# COUNT2: lps
# elapsed: 10.004403
# pid: 2242675
# status: 0

# COUNT0: 3235542
# COUNT1: 1
# COUNT2: lps
# elapsed: 10.003660
# pid: 2242676
# status: 0

#### Pass 7


# COUNT0: 3205984
# COUNT1: 1
# COUNT2: lps
# elapsed: 10.004389
# pid: 2242687
# status: 0

# COUNT0: 3262356
# COUNT1: 1
# COUNT2: lps
# elapsed: 10.003702
# pid: 2242689
# status: 0

#### Pass 8


# COUNT0: 3289318
# COUNT1: 1
# COUNT2: lps
# elapsed: 10.004537
# pid: 2242699
# status: 0

# COUNT0: 3293753
# COUNT1: 1
# COUNT2: lps
# elapsed: 10.003662
# pid: 2242701
# status: 0

#### Pass 9


# COUNT0: 3351817
# COUNT1: 1
# COUNT2: lps
# elapsed: 10.004373
# pid: 2242711
# status: 0

# COUNT0: 3252743
# COUNT1: 1
# COUNT2: lps
# elapsed: 10.003849
# pid: 2242713
# status: 0

#### Pass 10


# COUNT0: 3263881
# COUNT1: 1
# COUNT2: lps
# elapsed: 10.004305
# pid: 2242723
# status: 0

# COUNT0: 3287604
# COUNT1: 1
# COUNT2: lps
# elapsed: 10.003804
# pid: 2242725
# status: 0

*Dump score:    6468340.0
*Dump score:    6474955.0
*Dump score:    6482945.0
Count score:    6485091.0
Count score:    6529540.0
Count score:    6530555.0
Count score:    6551485.0
Count score:    6583071.0
Count score:    6604560.0
Count score:    6669413.0

>>>> Sum of 2 copies
>>>> score: 656191.500307334
>>>> time: 10.0040610714286
>>>> iterations: 7


########################################################
Shell Scripts (1 concurrent) -- 2 copies
==> "/mnt/host0/unixbench/UnixBench/pgms/looper" 60 "/mnt/host0/unixbench/UnixBench/pgms/multi.sh" 1 2>&1 >> "/mnt/host0/unixbench/UnixBench/results/uarf-2025-06-02-04.log"

#### Pass 1


# COUNT0: 2241
# COUNT1: 60
# COUNT2: lpm
# elapsed: 60.017094
# pid: 2242735
# status: 0

# COUNT0: 2239
# COUNT1: 60
# COUNT2: lpm
# elapsed: 60.008833
# pid: 2242737
# status: 0

#### Pass 2


# COUNT0: 2208
# COUNT1: 60
# COUNT2: lpm
# elapsed: 60.012420
# pid: 2283085
# status: 0

# COUNT0: 2211
# COUNT1: 60
# COUNT2: lpm
# elapsed: 60.015951
# pid: 2283086
# status: 0

#### Pass 3


# COUNT0: 2230
# COUNT1: 60
# COUNT2: lpm
# elapsed: 60.014665
# pid: 2322887
# status: 0

# COUNT0: 2231
# COUNT1: 60
# COUNT2: lpm
# elapsed: 60.011306
# pid: 2322889
# status: 0

*Dump score:       4419.0
Count score:       4461.0
Count score:       4480.0

>>>> Sum of 2 copies
>>>> score: 4469.52340884832
>>>> time: 60.0129745
>>>> iterations: 2


########################################################
Shell Scripts (8 concurrent) -- 2 copies
==> "/mnt/host0/unixbench/UnixBench/pgms/looper" 60 "/mnt/host0/unixbench/UnixBench/pgms/multi.sh" 8 2>&1 >> "/mnt/host0/unixbench/UnixBench/results/uarf-2025-06-02-04.log"

#### Pass 1


# COUNT0: 368
# COUNT1: 60
# COUNT2: lpm
# elapsed: 60.013180
# pid: 2363066
# status: 0

# COUNT0: 368
# COUNT1: 60
# COUNT2: lpm
# elapsed: 60.015879
# pid: 2363068
# status: 0

#### Pass 2


# COUNT0: 370
# COUNT1: 60
# COUNT2: lpm
# elapsed: 60.093671
# pid: 2411048
# status: 0

# COUNT0: 370
# COUNT1: 60
# COUNT2: lpm
# elapsed: 60.091929
# pid: 2411050
# status: 0

#### Pass 3


# COUNT0: 372
# COUNT1: 60
# COUNT2: lpm
# elapsed: 60.111835
# pid: 2459290
# status: 0

# COUNT0: 372
# COUNT1: 60
# COUNT2: lpm
# elapsed: 60.114761
# pid: 2459292
# status: 0

*Dump score:        736.0
Count score:        740.0
Count score:        744.0

>>>> Sum of 2 copies
>>>> score: 740.725132296049
>>>> time: 60.103049
>>>> iterations: 2

