
########################################################
Dhrystone 2 using register variables -- 1 copy
==> "/mnt/host0/unixbench/UnixBench/pgms/dhry2reg" 10 2>&1 >> "/mnt/host0/unixbench/UnixBench/results/uarf-2025-06-04-03.log"

#### Pass 1


# COUNT0: 581640175
# COUNT1: 1
# COUNT2: lps
# elapsed: 10.003233
# pid: 2486827
# status: 0

#### Pass 2


# COUNT0: 565195123
# COUNT1: 1
# COUNT2: lps
# elapsed: 10.003329
# pid: 2486836
# status: 0

#### Pass 3


# COUNT0: 581782865
# COUNT1: 1
# COUNT2: lps
# elapsed: 10.003487
# pid: 2486845
# status: 0

#### Pass 4


# COUNT0: 580680788
# COUNT1: 1
# COUNT2: lps
# elapsed: 10.003419
# pid: 2486854
# status: 0

#### Pass 5


# COUNT0: 581299703
# COUNT1: 1
# COUNT2: lps
# elapsed: 10.003489
# pid: 2486863
# status: 0

#### Pass 6


# COUNT0: 581723317
# COUNT1: 1
# COUNT2: lps
# elapsed: 10.003164
# pid: 2486872
# status: 0

#### Pass 7


# COUNT0: 580869101
# COUNT1: 1
# COUNT2: lps
# elapsed: 10.003677
# pid: 2486881
# status: 0

#### Pass 8


# COUNT0: 580225411
# COUNT1: 1
# COUNT2: lps
# elapsed: 10.003487
# pid: 2486890
# status: 0

#### Pass 9


# COUNT0: 579992285
# COUNT1: 1
# COUNT2: lps
# elapsed: 10.003296
# pid: 2486899
# status: 0

#### Pass 10


# COUNT0: 580202787
# COUNT1: 1
# COUNT2: lps
# elapsed: 10.003623
# pid: 2486908
# status: 0

*Dump score:  565195123.0
*Dump score:  579992285.0
*Dump score:  580202787.0
Count score:  580225411.0
Count score:  580680788.0
Count score:  580869101.0
Count score:  581299703.0
Count score:  581640175.0
Count score:  581723317.0
Count score:  581782865.0

>>>> Results of 1 copy
>>>> score: 58097539.0410623
>>>> time: 10.0034222857143
>>>> iterations: 7


########################################################
Double-Precision Whetstone -- 1 copy
==> "/mnt/host0/unixbench/UnixBench/pgms/whetstone-double"  2>&1 >> "/mnt/host0/unixbench/UnixBench/results/uarf-2025-06-04-03.log"

#### Pass 1

Calibrate
       0.00 Seconds          1   Passes (x 100)
       0.01 Seconds          5   Passes (x 100)
       0.03 Seconds         25   Passes (x 100)
       0.15 Seconds        125   Passes (x 100)
       0.76 Seconds        625   Passes (x 100)

Use 8225  passes (x 100)

          Double Precision C/C++ Whetstone Benchmark

Loop content                  Result              MFLOPS      MOPS   Seconds

N1 floating point     -1.12398255667392033      1675.426              0.094
N2 floating point     -1.12187079889294417      1982.560              0.558
N3 if then else        1.00000000000000000                8928.968    0.095
N4 fixed point        12.00000000000000000               39423166013.946    0.000
N5 sin,cos etc.        0.49902937281518261                 226.035    3.028
N6 floating point      0.99999987890802811      1114.591              3.980
N7 assignments         3.00000000000000000                6675.247    0.228
N8 exp,sqrt etc.       0.75100163018453958                 161.567    1.894

MWIPS                                           8327.768              9.877


# COUNT0: 8327.768
# COUNT1: 0
# COUNT2: MWIPS
# TIME: 9.877
# elapsed: 11.761579
# pid: 2486917
# status: 0

#### Pass 2

Calibrate
       0.00 Seconds          1   Passes (x 100)
       0.01 Seconds          5   Passes (x 100)
       0.03 Seconds         25   Passes (x 100)
       0.15 Seconds        125   Passes (x 100)
       0.76 Seconds        625   Passes (x 100)

Use 8208  passes (x 100)

          Double Precision C/C++ Whetstone Benchmark

Loop content                  Result              MFLOPS      MOPS   Seconds

N1 floating point     -1.12398255667392033      1674.351              0.094
N2 floating point     -1.12187079889294417      1979.869              0.557
N3 if then else        1.00000000000000000                8770.327    0.097
N4 fixed point        12.00000000000000000               70134373821.893    0.000
N5 sin,cos etc.        0.49902937281518261                 224.621    3.040
N6 floating point      0.99999987890802811      1111.192              3.984
N7 assignments         3.00000000000000000                6665.309    0.228
N8 exp,sqrt etc.       0.75100163018453958                 161.836    1.887

MWIPS                                           8301.745              9.887


# COUNT0: 8301.745
# COUNT1: 0
# COUNT2: MWIPS
# TIME: 9.887
# elapsed: 11.773184
# pid: 2486926
# status: 0

#### Pass 3

Calibrate
       0.00 Seconds          1   Passes (x 100)
       0.01 Seconds          5   Passes (x 100)
       0.03 Seconds         25   Passes (x 100)
       0.15 Seconds        125   Passes (x 100)
       0.76 Seconds        625   Passes (x 100)

Use 8217  passes (x 100)

          Double Precision C/C++ Whetstone Benchmark

Loop content                  Result              MFLOPS      MOPS   Seconds

N1 floating point     -1.12398255667392033      1674.829              0.094
N2 floating point     -1.12187079889294417      1982.552              0.557
N3 if then else        1.00000000000000000                8808.936    0.097
N4 fixed point        12.00000000000000000                   0.000   -0.000
N5 sin,cos etc.        0.49902937281518261                 225.877    3.027
N6 floating point      0.99999987890802811      1115.073              3.975
N7 assignments         3.00000000000000000                6660.648    0.228
N8 exp,sqrt etc.       0.75100163018453958                 161.760    1.890

MWIPS                                           8327.795              9.867


# COUNT0: 8327.795
# COUNT1: 0
# COUNT2: MWIPS
# TIME: 9.867
# elapsed: 11.752475
# pid: 2486935
# status: 0

#### Pass 4

Calibrate
       0.00 Seconds          1   Passes (x 100)
       0.01 Seconds          5   Passes (x 100)
       0.03 Seconds         25   Passes (x 100)
       0.15 Seconds        125   Passes (x 100)
       0.76 Seconds        625   Passes (x 100)

Use 8220  passes (x 100)

          Double Precision C/C++ Whetstone Benchmark

Loop content                  Result              MFLOPS      MOPS   Seconds

N1 floating point     -1.12398255667392033      1656.406              0.095
N2 floating point     -1.12187079889294417      1968.318              0.561
N3 if then else        1.00000000000000000                8544.537    0.100
N4 fixed point        12.00000000000000000               84424060886.887    0.000
N5 sin,cos etc.        0.49902937281518261                 225.340    3.035
N6 floating point      0.99999987890802811      1110.573              3.992
N7 assignments         3.00000000000000000                6676.961    0.228
N8 exp,sqrt etc.       0.75100163018453958                 161.661    1.892

MWIPS                                           8300.896              9.903


# COUNT0: 8300.896
# COUNT1: 0
# COUNT2: MWIPS
# TIME: 9.903
# elapsed: 11.800601
# pid: 2486944
# status: 0

#### Pass 5

Calibrate
       0.00 Seconds          1   Passes (x 100)
       0.01 Seconds          5   Passes (x 100)
       0.03 Seconds         25   Passes (x 100)
       0.16 Seconds        125   Passes (x 100)
       0.76 Seconds        625   Passes (x 100)

Use 8229  passes (x 100)

          Double Precision C/C++ Whetstone Benchmark

Loop content                  Result              MFLOPS      MOPS   Seconds

N1 floating point     -1.12398255667392033      1677.200              0.094
N2 floating point     -1.12187079889294417      1979.396              0.559
N3 if then else        1.00000000000000000                8742.301    0.097
N4 fixed point        12.00000000000000000                   0.000   -0.000
N5 sin,cos etc.        0.49902937281518261                 225.492    3.036
N6 floating point      0.99999987890802811      1110.604              3.997
N7 assignments         3.00000000000000000                6640.345    0.229
N8 exp,sqrt etc.       0.75100163018453958                 161.595    1.894

MWIPS                                           8306.514              9.907


# COUNT0: 8306.514
# COUNT1: 0
# COUNT2: MWIPS
# TIME: 9.907
# elapsed: 11.792149
# pid: 2486953
# status: 0

#### Pass 6

Calibrate
       0.00 Seconds          1   Passes (x 100)
       0.01 Seconds          5   Passes (x 100)
       0.03 Seconds         25   Passes (x 100)
       0.15 Seconds        125   Passes (x 100)
       0.76 Seconds        625   Passes (x 100)

Use 8225  passes (x 100)

          Double Precision C/C++ Whetstone Benchmark

Loop content                  Result              MFLOPS      MOPS   Seconds

N1 floating point     -1.12398255667392033      1673.771              0.094
N2 floating point     -1.12187079889294417      1982.255              0.558
N3 if then else        1.00000000000000000                8824.374    0.096
N4 fixed point        12.00000000000000000                   0.000   -0.000
N5 sin,cos etc.        0.49902937281518261                 225.457    3.035
N6 floating point      0.99999987890802811      1111.945              3.990
N7 assignments         3.00000000000000000                6815.443    0.223
N8 exp,sqrt etc.       0.75100163018453958                 161.856    1.890

MWIPS                                           8318.957              9.887


# COUNT0: 8318.957
# COUNT1: 0
# COUNT2: MWIPS
# TIME: 9.887
# elapsed: 11.773472
# pid: 2486962
# status: 0

#### Pass 7

Calibrate
       0.00 Seconds          1   Passes (x 100)
       0.01 Seconds          5   Passes (x 100)
       0.03 Seconds         25   Passes (x 100)
       0.16 Seconds        125   Passes (x 100)
       0.77 Seconds        625   Passes (x 100)

Use 8099  passes (x 100)

          Double Precision C/C++ Whetstone Benchmark

Loop content                  Result              MFLOPS      MOPS   Seconds

N1 floating point     -1.12398255667392033      1665.593              0.093
N2 floating point     -1.12187079889294417      1978.327              0.550
N3 if then else        1.00000000000000000                8690.819    0.096
N4 fixed point        12.00000000000000000               23403478914.048    0.000
N5 sin,cos etc.        0.49902937281518261                 213.850    3.151
N6 floating point      0.99999987890802811      1111.143              3.932
N7 assignments         3.00000000000000000                6679.227    0.224
N8 exp,sqrt etc.       0.75100163018453958                 161.637    1.864

MWIPS                                           8172.009              9.911


# COUNT0: 8172.009
# COUNT1: 0
# COUNT2: MWIPS
# TIME: 9.911
# elapsed: 11.802422
# pid: 2486971
# status: 0

#### Pass 8

Calibrate
       0.00 Seconds          1   Passes (x 100)
       0.01 Seconds          5   Passes (x 100)
       0.03 Seconds         25   Passes (x 100)
       0.15 Seconds        125   Passes (x 100)
       0.76 Seconds        625   Passes (x 100)

Use 8215  passes (x 100)

          Double Precision C/C++ Whetstone Benchmark

Loop content                  Result              MFLOPS      MOPS   Seconds

N1 floating point     -1.12398255667392033      1687.922              0.093
N2 floating point     -1.12187079889294417      2020.241              0.547
N3 if then else        1.00000000000000000                8941.174    0.095
N4 fixed point        12.00000000000000000                   0.000   -0.000
N5 sin,cos etc.        0.49902937281518261                 225.735    3.028
N6 floating point      0.99999987890802811      1112.455              3.983
N7 assignments         3.00000000000000000                6646.026    0.228
N8 exp,sqrt etc.       0.75100163018453958                 162.312    1.883

MWIPS                                           8333.898              9.857


# COUNT0: 8333.898
# COUNT1: 0
# COUNT2: MWIPS
# TIME: 9.857
# elapsed: 11.736466
# pid: 2486980
# status: 0

#### Pass 9

Calibrate
       0.00 Seconds          1   Passes (x 100)
       0.01 Seconds          5   Passes (x 100)
       0.03 Seconds         25   Passes (x 100)
       0.16 Seconds        125   Passes (x 100)
       0.76 Seconds        625   Passes (x 100)

Use 8180  passes (x 100)

          Double Precision C/C++ Whetstone Benchmark

Loop content                  Result              MFLOPS      MOPS   Seconds

N1 floating point     -1.12398255667392033      1675.452              0.094
N2 floating point     -1.12187079889294417      1978.437              0.556
N3 if then else        1.00000000000000000                8805.314    0.096
N4 fixed point        12.00000000000000000                   0.000   -0.000
N5 sin,cos etc.        0.49902937281518261                 221.573    3.072
N6 floating point      0.99999987890802811      1110.702              3.973
N7 assignments         3.00000000000000000                6675.574    0.226
N8 exp,sqrt etc.       0.75100163018453958                 161.703    1.882

MWIPS                                           8264.352              9.898


# COUNT0: 8264.352
# COUNT1: 0
# COUNT2: MWIPS
# TIME: 9.898
# elapsed: 11.784915
# pid: 2486989
# status: 0

#### Pass 10

Calibrate
       0.00 Seconds          1   Passes (x 100)
       0.01 Seconds          5   Passes (x 100)
       0.03 Seconds         25   Passes (x 100)
       0.15 Seconds        125   Passes (x 100)
       0.76 Seconds        625   Passes (x 100)

Use 8228  passes (x 100)

          Double Precision C/C++ Whetstone Benchmark

Loop content                  Result              MFLOPS      MOPS   Seconds

N1 floating point     -1.12398255667392033      1673.860              0.094
N2 floating point     -1.12187079889294417      1976.117              0.560
N3 if then else        1.00000000000000000                8818.634    0.097
N4 fixed point        12.00000000000000000                   0.000   -0.000
N5 sin,cos etc.        0.49902937281518261                 225.854    3.031
N6 floating point      0.99999987890802811      1112.350              3.990
N7 assignments         3.00000000000000000                6674.863    0.228
N8 exp,sqrt etc.       0.75100163018453958                 162.402    1.885

MWIPS                                           8324.559              9.884


# COUNT0: 8324.559
# COUNT1: 0
# COUNT2: MWIPS
# TIME: 9.884
# elapsed: 11.770790
# pid: 2486998
# status: 0

*Dump score:       8172.0
*Dump score:       8264.4
*Dump score:       8300.9
Count score:       8301.7
Count score:       8306.5
Count score:       8319.0
Count score:       8324.6
Count score:       8327.8
Count score:       8327.8
Count score:       8333.9

>>>> Results of 1 copy
>>>> score: 8320.16926172306
>>>> time: 9.88085714285714
>>>> iterations: 7


########################################################
Execl Throughput -- 1 copy
==> "/mnt/host0/unixbench/UnixBench/pgms/execl" 30 2>&1 >> "/mnt/host0/unixbench/UnixBench/results/uarf-2025-06-04-03.log"

#### Pass 1


# COUNT0: 39090
# COUNT1: 1
# COUNT2: lps
# elapsed: 29.179072
# pid: 2487007
# status: 0

#### Pass 2


# COUNT0: 40633
# COUNT1: 1
# COUNT2: lps
# elapsed: 29.985038
# pid: 2487018
# status: 0

#### Pass 3


# COUNT0: 41818
# COUNT1: 1
# COUNT2: lps
# elapsed: 29.987933
# pid: 2487027
# status: 0

*Dump score:      39090.0
Count score:      40633.0
Count score:      41818.0

>>>> Results of 1 copy
>>>> score: 1374.66066411857
>>>> time: 29.9864855
>>>> iterations: 2


########################################################
File Copy 1024 bufsize 2000 maxblocks -- 1 copy
==> "/mnt/host0/unixbench/UnixBench/pgms/fstime" -c -t 30 -d "/mnt/host0/unixbench/UnixBench/tmp" -b 1024 -m 2000 2>&1 >> "/mnt/host0/unixbench/UnixBench/results/uarf-2025-06-04-03.log"

#### Pass 1

Write done: 136000 in 2.0984, score 16202
Read done: 210980 in 2.0000, score 26371
Copy done: 1095776 in 30.0001, score 9131

# COUNT0: 9131
# COUNT1: 0
# COUNT2: KBps
# TIME: 30.0
# elapsed: 45.108422
# pid: 2487036
# status: 0

#### Pass 2

Write done: 160000 in 2.0563, score 19452
Read done: 130892 in 2.0000, score 16361
Copy done: 1090568 in 30.0001, score 9088

# COUNT0: 9088
# COUNT1: 0
# COUNT2: KBps
# TIME: 30.0
# elapsed: 45.066451
# pid: 2487045
# status: 0

#### Pass 3

Write done: 136000 in 2.0254, score 16787
Read done: 202220 in 2.0000, score 25277
Copy done: 1079788 in 30.0001, score 8998

# COUNT0: 8998
# COUNT1: 0
# COUNT2: KBps
# TIME: 30.0
# elapsed: 45.035566
# pid: 2487054
# status: 0

*Dump score:       8998.0
Count score:       9088.0
Count score:       9131.0

>>>> Results of 1 copy
>>>> score: 9109.47462810013
>>>> time: 30
>>>> iterations: 2


########################################################
File Copy 256 bufsize 500 maxblocks -- 1 copy
==> "/mnt/host0/unixbench/UnixBench/pgms/fstime" -c -t 30 -d "/mnt/host0/unixbench/UnixBench/tmp" -b 256 -m 500 2>&1 >> "/mnt/host0/unixbench/UnixBench/results/uarf-2025-06-04-03.log"

#### Pass 1

Write done: 40000 in 2.0165, score 4959
Read done: 32483 in 2.0000, score 4060
Copy done: 292243 in 30.0001, score 2435

# COUNT0: 2435
# COUNT1: 0
# COUNT2: KBps
# TIME: 30.0
# elapsed: 45.025608
# pid: 2487063
# status: 0

#### Pass 2

Write done: 44000 in 2.0469, score 5374
Read done: 32796 in 2.0000, score 4099
Copy done: 260965 in 30.0000, score 2174

# COUNT0: 2174
# COUNT1: 0
# COUNT2: KBps
# TIME: 30.0
# elapsed: 45.056600
# pid: 2487072
# status: 0

#### Pass 3

Write done: 44000 in 2.0582, score 5344
Read done: 32629 in 2.0001, score 4078
Copy done: 263610 in 30.0001, score 2196

# COUNT0: 2196
# COUNT1: 0
# COUNT2: KBps
# TIME: 30.0
# elapsed: 45.067843
# pid: 2487081
# status: 0

*Dump score:       2174.0
Count score:       2196.0
Count score:       2435.0

>>>> Results of 1 copy
>>>> score: 2312.41432273717
>>>> time: 30
>>>> iterations: 2


########################################################
File Copy 4096 bufsize 8000 maxblocks -- 1 copy
==> "/mnt/host0/unixbench/UnixBench/pgms/fstime" -c -t 30 -d "/mnt/host0/unixbench/UnixBench/tmp" -b 4096 -m 8000 2>&1 >> "/mnt/host0/unixbench/UnixBench/results/uarf-2025-06-04-03.log"

#### Pass 1

Write done: 512000 in 2.0451, score 62587
Read done: 828848 in 2.0000, score 103604
Copy done: 3954432 in 30.0001, score 32953

# COUNT0: 32953
# COUNT1: 0
# COUNT2: KBps
# TIME: 30.0
# elapsed: 45.057032
# pid: 2487091
# status: 0

#### Pass 2

Write done: 512000 in 2.0655, score 61970
Read done: 676704 in 2.0001, score 84584
Copy done: 4036208 in 30.0000, score 33635

# COUNT0: 33635
# COUNT1: 0
# COUNT2: KBps
# TIME: 30.0
# elapsed: 45.077372
# pid: 2487100
# status: 0

#### Pass 3

Write done: 512000 in 2.0748, score 61693
Read done: 508160 in 2.0000, score 63519
Copy done: 4247712 in 30.0001, score 35397

# COUNT0: 35397
# COUNT1: 0
# COUNT2: KBps
# TIME: 30.0
# elapsed: 45.086485
# pid: 2487109
# status: 0

*Dump score:      32953.0
Count score:      33635.0
Count score:      35397.0

>>>> Results of 1 copy
>>>> score: 34504.7546723636
>>>> time: 30
>>>> iterations: 2


########################################################
Pipe Throughput -- 1 copy
==> "/mnt/host0/unixbench/UnixBench/pgms/pipe" 10 2>&1 >> "/mnt/host0/unixbench/UnixBench/results/uarf-2025-06-04-03.log"

#### Pass 1


# COUNT0: 8378138
# COUNT1: 1
# COUNT2: lps
# elapsed: 10.003321
# pid: 2487118
# status: 0

#### Pass 2


# COUNT0: 8422947
# COUNT1: 1
# COUNT2: lps
# elapsed: 10.003414
# pid: 2487127
# status: 0

#### Pass 3


# COUNT0: 8495806
# COUNT1: 1
# COUNT2: lps
# elapsed: 10.003556
# pid: 2487136
# status: 0

#### Pass 4


# COUNT0: 8452046
# COUNT1: 1
# COUNT2: lps
# elapsed: 10.003663
# pid: 2487145
# status: 0

#### Pass 5


# COUNT0: 8435795
# COUNT1: 1
# COUNT2: lps
# elapsed: 10.003450
# pid: 2487154
# status: 0

#### Pass 6


# COUNT0: 8303508
# COUNT1: 1
# COUNT2: lps
# elapsed: 10.003322
# pid: 2487163
# status: 0

#### Pass 7


# COUNT0: 8080440
# COUNT1: 1
# COUNT2: lps
# elapsed: 10.003284
# pid: 2487172
# status: 0

#### Pass 8


# COUNT0: 8369835
# COUNT1: 1
# COUNT2: lps
# elapsed: 10.003372
# pid: 2487181
# status: 0

#### Pass 9


# COUNT0: 8407775
# COUNT1: 1
# COUNT2: lps
# elapsed: 10.003569
# pid: 2487190
# status: 0

#### Pass 10


# COUNT0: 8389223
# COUNT1: 1
# COUNT2: lps
# elapsed: 10.003258
# pid: 2487199
# status: 0

*Dump score:    8080440.0
*Dump score:    8303508.0
*Dump score:    8369835.0
Count score:    8378138.0
Count score:    8389223.0
Count score:    8407775.0
Count score:    8422947.0
Count score:    8435795.0
Count score:    8452046.0
Count score:    8495806.0

>>>> Results of 1 copy
>>>> score: 842296.423666103
>>>> time: 10.0034615714286
>>>> iterations: 7


########################################################
Pipe-based Context Switching -- 1 copy
==> "/mnt/host0/unixbench/UnixBench/pgms/context1" 10 2>&1 >> "/mnt/host0/unixbench/UnixBench/results/uarf-2025-06-04-03.log"

#### Pass 1


# COUNT0: 232061
# COUNT1: 1
# COUNT2: lps
# elapsed: 10.003196
# pid: 2487208
# status: 0

#### Pass 2


# COUNT0: 231620
# COUNT1: 1
# COUNT2: lps
# elapsed: 10.003177
# pid: 2487218
# status: 0

#### Pass 3


# COUNT0: 232067
# COUNT1: 1
# COUNT2: lps
# elapsed: 10.003235
# pid: 2487229
# status: 0

#### Pass 4


# COUNT0: 230259
# COUNT1: 1
# COUNT2: lps
# elapsed: 10.003142
# pid: 2487239
# status: 0

#### Pass 5


# COUNT0: 230531
# COUNT1: 1
# COUNT2: lps
# elapsed: 10.003286
# pid: 2487249
# status: 0

#### Pass 6


# COUNT0: 230859
# COUNT1: 1
# COUNT2: lps
# elapsed: 10.003020
# pid: 2487259
# status: 0

#### Pass 7


# COUNT0: 231381
# COUNT1: 1
# COUNT2: lps
# elapsed: 10.003246
# pid: 2487269
# status: 0

#### Pass 8


# COUNT0: 230559
# COUNT1: 1
# COUNT2: lps
# elapsed: 10.003213
# pid: 2487279
# status: 0

#### Pass 9


# COUNT0: 232509
# COUNT1: 1
# COUNT2: lps
# elapsed: 10.003225
# pid: 2487289
# status: 0

#### Pass 10


# COUNT0: 231304
# COUNT1: 1
# COUNT2: lps
# elapsed: 10.003099
# pid: 2487299
# status: 0

*Dump score:     230259.0
*Dump score:     230531.0
*Dump score:     230559.0
Count score:     230859.0
Count score:     231304.0
Count score:     231381.0
Count score:     231620.0
Count score:     232061.0
Count score:     232067.0
Count score:     232509.0

>>>> Results of 1 copy
>>>> score: 23161.1826949832
>>>> time: 10.0031711428571
>>>> iterations: 7


########################################################
Process Creation -- 1 copy
==> "/mnt/host0/unixbench/UnixBench/pgms/spawn" 30 2>&1 >> "/mnt/host0/unixbench/UnixBench/results/uarf-2025-06-04-03.log"

#### Pass 1


# COUNT0: 223251
# COUNT1: 1
# COUNT2: lps
# elapsed: 30.003256
# pid: 2487309
# status: 0

#### Pass 2


# COUNT0: 219710
# COUNT1: 1
# COUNT2: lps
# elapsed: 30.003541
# pid: 2710570
# status: 0

#### Pass 3


# COUNT0: 219971
# COUNT1: 1
# COUNT2: lps
# elapsed: 30.003370
# pid: 2930290
# status: 0

*Dump score:     219710.0
Count score:     219971.0
Count score:     223251.0

>>>> Results of 1 copy
>>>> score: 7386.01539191625
>>>> time: 30.003313
>>>> iterations: 2


########################################################
System Call Overhead -- 1 copy
==> "/mnt/host0/unixbench/UnixBench/pgms/syscall" 10 2>&1 >> "/mnt/host0/unixbench/UnixBench/results/uarf-2025-06-04-03.log"

#### Pass 1


# COUNT0: 5072840
# COUNT1: 1
# COUNT2: lps
# elapsed: 10.003305
# pid: 3150271
# status: 0

#### Pass 2


# COUNT0: 5135936
# COUNT1: 1
# COUNT2: lps
# elapsed: 10.003468
# pid: 3150280
# status: 0

#### Pass 3


# COUNT0: 4987628
# COUNT1: 1
# COUNT2: lps
# elapsed: 10.003530
# pid: 3150289
# status: 0

#### Pass 4


# COUNT0: 5015536
# COUNT1: 1
# COUNT2: lps
# elapsed: 10.003228
# pid: 3150298
# status: 0

#### Pass 5


# COUNT0: 4918555
# COUNT1: 1
# COUNT2: lps
# elapsed: 10.003195
# pid: 3150307
# status: 0

#### Pass 6


# COUNT0: 5082714
# COUNT1: 1
# COUNT2: lps
# elapsed: 10.003472
# pid: 3150316
# status: 0

#### Pass 7


# COUNT0: 4951406
# COUNT1: 1
# COUNT2: lps
# elapsed: 10.003274
# pid: 3150325
# status: 0

#### Pass 8


# COUNT0: 4987042
# COUNT1: 1
# COUNT2: lps
# elapsed: 10.003228
# pid: 3150334
# status: 0

#### Pass 9


# COUNT0: 5012672
# COUNT1: 1
# COUNT2: lps
# elapsed: 10.003442
# pid: 3150343
# status: 0

#### Pass 10


# COUNT0: 5008578
# COUNT1: 1
# COUNT2: lps
# elapsed: 10.003279
# pid: 3150353
# status: 0

*Dump score:    4918555.0
*Dump score:    4951406.0
*Dump score:    4987042.0
Count score:    4987628.0
Count score:    5008578.0
Count score:    5012672.0
Count score:    5015536.0
Count score:    5072840.0
Count score:    5082714.0
Count score:    5135936.0

>>>> Results of 1 copy
>>>> score: 504318.024380677
>>>> time: 10.0033891428571
>>>> iterations: 7


########################################################
Shell Scripts (1 concurrent) -- 1 copy
==> "/mnt/host0/unixbench/UnixBench/pgms/looper" 60 "/mnt/host0/unixbench/UnixBench/pgms/multi.sh" 1 2>&1 >> "/mnt/host0/unixbench/UnixBench/results/uarf-2025-06-04-03.log"

#### Pass 1


# COUNT0: 3306
# COUNT1: 60
# COUNT2: lpm
# elapsed: 60.017158
# pid: 3150362
# status: 0

#### Pass 2


# COUNT0: 3300
# COUNT1: 60
# COUNT2: lpm
# elapsed: 60.006948
# pid: 3180134
# status: 0

#### Pass 3


# COUNT0: 3301
# COUNT1: 60
# COUNT2: lpm
# elapsed: 60.016546
# pid: 3209852
# status: 0

*Dump score:       3300.0
Count score:       3301.0
Count score:       3306.0

>>>> Results of 1 copy
>>>> score: 3302.57147183568
>>>> time: 60.016852
>>>> iterations: 2


########################################################
Shell Scripts (8 concurrent) -- 1 copy
==> "/mnt/host0/unixbench/UnixBench/pgms/looper" 60 "/mnt/host0/unixbench/UnixBench/pgms/multi.sh" 8 2>&1 >> "/mnt/host0/unixbench/UnixBench/results/uarf-2025-06-04-03.log"

#### Pass 1


# COUNT0: 703
# COUNT1: 60
# COUNT2: lpm
# elapsed: 60.047475
# pid: 3239582
# status: 0

#### Pass 2


# COUNT0: 703
# COUNT1: 60
# COUNT2: lpm
# elapsed: 60.056827
# pid: 3285351
# status: 0

#### Pass 3


# COUNT0: 703
# COUNT1: 60
# COUNT2: lpm
# elapsed: 60.079662
# pid: 3331121
# status: 0

*Dump score:        703.0
Count score:        703.0
Count score:        703.0

>>>> Results of 1 copy
>>>> score: 702.201323062705
>>>> time: 60.0682445
>>>> iterations: 2


########################################################
Dhrystone 2 using register variables -- 2 copies
==> "/mnt/host0/unixbench/UnixBench/pgms/dhry2reg" 10 2>&1 >> "/mnt/host0/unixbench/UnixBench/results/uarf-2025-06-04-03.log"

#### Pass 1


# COUNT0: 338023076
# COUNT1: 1
# COUNT2: lps
# elapsed: 10.004245
# pid: 3376890
# status: 0

# COUNT0: 338118205
# COUNT1: 1
# COUNT2: lps
# elapsed: 10.004309
# pid: 3376892
# status: 0

#### Pass 2


# COUNT0: 336663984
# COUNT1: 1
# COUNT2: lps
# elapsed: 10.004449
# pid: 3376902
# status: 0

# COUNT0: 336679143
# COUNT1: 1
# COUNT2: lps
# elapsed: 10.004123
# pid: 3376903
# status: 0

#### Pass 3


# COUNT0: 336769506
# COUNT1: 1
# COUNT2: lps
# elapsed: 10.004824
# pid: 3376914
# status: 0

# COUNT0: 336635580
# COUNT1: 1
# COUNT2: lps
# elapsed: 10.004266
# pid: 3376915
# status: 0

#### Pass 4


# COUNT0: 336818287
# COUNT1: 1
# COUNT2: lps
# elapsed: 10.004376
# pid: 3376926
# status: 0

# COUNT0: 336812094
# COUNT1: 1
# COUNT2: lps
# elapsed: 10.003930
# pid: 3376928
# status: 0

#### Pass 5


# COUNT0: 336807144
# COUNT1: 1
# COUNT2: lps
# elapsed: 10.004520
# pid: 3376939
# status: 0

# COUNT0: 336747350
# COUNT1: 1
# COUNT2: lps
# elapsed: 10.003907
# pid: 3376941
# status: 0

#### Pass 6


# COUNT0: 336760542
# COUNT1: 1
# COUNT2: lps
# elapsed: 10.004349
# pid: 3376951
# status: 0

# COUNT0: 336789159
# COUNT1: 1
# COUNT2: lps
# elapsed: 10.004090
# pid: 3376953
# status: 0

#### Pass 7


# COUNT0: 337068264
# COUNT1: 1
# COUNT2: lps
# elapsed: 10.005313
# pid: 3376963
# status: 0

# COUNT0: 337016972
# COUNT1: 1
# COUNT2: lps
# elapsed: 10.003928
# pid: 3376964
# status: 0

#### Pass 8


# COUNT0: 323100053
# COUNT1: 1
# COUNT2: lps
# elapsed: 10.004722
# pid: 3376975
# status: 0

# COUNT0: 323258801
# COUNT1: 1
# COUNT2: lps
# elapsed: 10.004036
# pid: 3376977
# status: 0

#### Pass 9


# COUNT0: 337046373
# COUNT1: 1
# COUNT2: lps
# elapsed: 10.004367
# pid: 3376987
# status: 0

# COUNT0: 337231358
# COUNT1: 1
# COUNT2: lps
# elapsed: 10.003804
# pid: 3376988
# status: 0

#### Pass 10


# COUNT0: 337177932
# COUNT1: 1
# COUNT2: lps
# elapsed: 10.004662
# pid: 3376999
# status: 0

# COUNT0: 337315299
# COUNT1: 1
# COUNT2: lps
# elapsed: 10.004274
# pid: 3377001
# status: 0

*Dump score:  646358854.0
*Dump score:  673343127.0
*Dump score:  673405086.0
Count score:  673549701.0
Count score:  673554494.0
Count score:  673630381.0
Count score:  674085236.0
Count score:  674277731.0
Count score:  674493231.0
Count score:  676141281.0

>>>> Sum of 2 copies
>>>> score: 67395770.9866666
>>>> time: 10.004291
>>>> iterations: 7


########################################################
Double-Precision Whetstone -- 2 copies
==> "/mnt/host0/unixbench/UnixBench/pgms/whetstone-double"  2>&1 >> "/mnt/host0/unixbench/UnixBench/results/uarf-2025-06-04-03.log"

#### Pass 1

Calibrate
       0.00 Seconds          1   Passes (x 100)
       0.01 Seconds          5   Passes (x 100)
       0.04 Seconds         25   Passes (x 100)
       0.17 Seconds        125   Passes (x 100)
       0.87 Seconds        625   Passes (x 100)

Use 7156  passes (x 100)

          Double Precision C/C++ Whetstone Benchmark

Loop content                  Result              MFLOPS      MOPS   Seconds

N1 floating point     -1.12398255667392033      1653.601              0.083
N2 floating point     -1.12187079889294417      1962.620              0.490
N3 if then else        1.00000000000000000                6637.392    0.112
N4 fixed point        12.00000000000000000               1434245775874.982    0.000
N5 sin,cos etc.        0.49902937281518261                 166.406    3.578
N6 floating point      0.99999987890802811      1106.747              3.488
N7 assignments         3.00000000000000000                3320.016    0.398
N8 exp,sqrt etc.       0.75100163018453958                 145.932    1.824

MWIPS                                           7175.572              9.973

Calibrate
       0.00 Seconds          1   Passes (x 100)
       0.01 Seconds          5   Passes (x 100)
       0.04 Seconds         25   Passes (x 100)
       0.18 Seconds        125   Passes (x 100)
       0.87 Seconds        625   Passes (x 100)

Use 7158  passes (x 100)

          Double Precision C/C++ Whetstone Benchmark

Loop content                  Result              MFLOPS      MOPS   Seconds

N1 floating point     -1.12398255667392033      1654.163              0.083
N2 floating point     -1.12187079889294417      1961.208              0.491
N3 if then else        1.00000000000000000                6637.335    0.112
N4 fixed point        12.00000000000000000                   0.000   -0.000
N5 sin,cos etc.        0.49902937281518261                 166.417    3.579
N6 floating point      0.99999987890802811      1106.731              3.489
N7 assignments         3.00000000000000000                3317.179    0.399
N8 exp,sqrt etc.       0.75100163018453958                 145.827    1.826

MWIPS                                           7174.284              9.977


# COUNT0: 7175.572
# COUNT1: 0
# COUNT2: MWIPS
# TIME: 9.973
# elapsed: 11.898725
# pid: 3377011
# status: 0

# COUNT0: 7174.284
# COUNT1: 0
# COUNT2: MWIPS
# TIME: 9.977
# elapsed: 11.902529
# pid: 3377013
# status: 0

#### Pass 2

Calibrate
       0.00 Seconds          1   Passes (x 100)
       0.01 Seconds          5   Passes (x 100)
       0.04 Seconds         25   Passes (x 100)
       0.17 Seconds        125   Passes (x 100)
       0.87 Seconds        625   Passes (x 100)

Use 7170  passes (x 100)

          Double Precision C/C++ Whetstone Benchmark

Loop content                  Result              MFLOPS      MOPS   Seconds

N1 floating point     -1.12398255667392033      1647.934              0.084
N2 floating point     -1.12187079889294417      1963.299              0.491
N3 if then else        1.00000000000000000                6647.208    0.112
N4 fixed point        12.00000000000000000                   0.000   -0.000
N5 sin,cos etc.        0.49902937281518261                 161.300    3.698
N6 floating point      0.99999987890802811      1106.719              3.495
N7 assignments         3.00000000000000000                3329.939    0.398
N8 exp,sqrt etc.       0.75100163018453958                 145.939    1.828

MWIPS                                           7095.867             10.104

Calibrate
       0.00 Seconds          1   Passes (x 100)
       0.01 Seconds          5   Passes (x 100)
       0.04 Seconds         25   Passes (x 100)
       0.17 Seconds        125   Passes (x 100)
       0.87 Seconds        625   Passes (x 100)

Use 7173  passes (x 100)

          Double Precision C/C++ Whetstone Benchmark

Loop content                  Result              MFLOPS      MOPS   Seconds

N1 floating point     -1.12398255667392033      1648.928              0.084
N2 floating point     -1.12187079889294417      1959.796              0.492
N3 if then else        1.00000000000000000                6647.791    0.112
N4 fixed point        12.00000000000000000                   0.000   -0.000
N5 sin,cos etc.        0.49902937281518261                 161.310    3.700
N6 floating point      0.99999987890802811      1106.874              3.496
N7 assignments         3.00000000000000000                3329.149    0.398
N8 exp,sqrt etc.       0.75100163018453958                 145.947    1.828

MWIPS                                           7095.811             10.109


# COUNT0: 7095.867
# COUNT1: 0
# COUNT2: MWIPS
# TIME: 10.104
# elapsed: 12.033431
# pid: 3377023
# status: 0

# COUNT0: 7095.811
# COUNT1: 0
# COUNT2: MWIPS
# TIME: 10.109
# elapsed: 12.036528
# pid: 3377025
# status: 0

#### Pass 3

Calibrate
       0.00 Seconds          1   Passes (x 100)
       0.01 Seconds          5   Passes (x 100)
       0.04 Seconds         25   Passes (x 100)
       0.17 Seconds        125   Passes (x 100)
       0.87 Seconds        625   Passes (x 100)

Use 7164  passes (x 100)

          Double Precision C/C++ Whetstone Benchmark

Loop content                  Result              MFLOPS      MOPS   Seconds

N1 floating point     -1.12398255667392033      1646.037              0.084
N2 floating point     -1.12187079889294417      1962.924              0.491
N3 if then else        1.00000000000000000                6644.146    0.112
N4 fixed point        12.00000000000000000                   0.000   -0.000
N5 sin,cos etc.        0.49902937281518261                 166.552    3.579
N6 floating point      0.99999987890802811      1106.159              3.493
N7 assignments         3.00000000000000000                3336.039    0.397
N8 exp,sqrt etc.       0.75100163018453958                 146.017    1.825

MWIPS                                           7178.495              9.980

Calibrate
       0.00 Seconds          1   Passes (x 100)
       0.01 Seconds          5   Passes (x 100)
       0.04 Seconds         25   Passes (x 100)
       0.17 Seconds        125   Passes (x 100)
       0.87 Seconds        625   Passes (x 100)

Use 7164  passes (x 100)

          Double Precision C/C++ Whetstone Benchmark

Loop content                  Result              MFLOPS      MOPS   Seconds

N1 floating point     -1.12398255667392033      1645.642              0.084
N2 floating point     -1.12187079889294417      1958.086              0.492
N3 if then else        1.00000000000000000                6643.026    0.112
N4 fixed point        12.00000000000000000               624018850378.234    0.000
N5 sin,cos etc.        0.49902937281518261                 166.538    3.579
N6 floating point      0.99999987890802811      1106.081              3.494
N7 assignments         3.00000000000000000                3332.521    0.397
N8 exp,sqrt etc.       0.75100163018453958                 145.978    1.826

MWIPS                                           7176.559              9.982


# COUNT0: 7178.495
# COUNT1: 0
# COUNT2: MWIPS
# TIME: 9.980
# elapsed: 11.910588
# pid: 3377035
# status: 0

# COUNT0: 7176.559
# COUNT1: 0
# COUNT2: MWIPS
# TIME: 9.982
# elapsed: 11.912618
# pid: 3377037
# status: 0

#### Pass 4

Calibrate
       0.00 Seconds          1   Passes (x 100)
       0.01 Seconds          5   Passes (x 100)
       0.04 Seconds         25   Passes (x 100)
       0.17 Seconds        125   Passes (x 100)
       0.87 Seconds        625   Passes (x 100)

Use 7171  passes (x 100)

          Double Precision C/C++ Whetstone Benchmark

Loop content                  Result              MFLOPS      MOPS   Seconds

N1 floating point     -1.12398255667392033      1658.101              0.083
N2 floating point     -1.12187079889294417      1952.771              0.494
N3 if then else        1.00000000000000000                6620.266    0.112
N4 fixed point        12.00000000000000000                   0.000   -0.000
N5 sin,cos etc.        0.49902937281518261                 166.614    3.581
N6 floating point      0.99999987890802811      1106.036              3.497
N7 assignments         3.00000000000000000                3335.709    0.397
N8 exp,sqrt etc.       0.75100163018453958                 146.058    1.826

MWIPS                                           7177.834              9.990

Calibrate
       0.00 Seconds          1   Passes (x 100)
       0.01 Seconds          5   Passes (x 100)
       0.04 Seconds         25   Passes (x 100)
       0.17 Seconds        125   Passes (x 100)
       0.87 Seconds        625   Passes (x 100)

Use 7172  passes (x 100)

          Double Precision C/C++ Whetstone Benchmark

Loop content                  Result              MFLOPS      MOPS   Seconds

N1 floating point     -1.12398255667392033      1658.432              0.083
N2 floating point     -1.12187079889294417      1953.776              0.493
N3 if then else        1.00000000000000000                6644.968    0.112
N4 fixed point        12.00000000000000000                   0.000   -0.000
N5 sin,cos etc.        0.49902937281518261                 166.536    3.583
N6 floating point      0.99999987890802811      1105.971              3.498
N7 assignments         3.00000000000000000                3331.010    0.398
N8 exp,sqrt etc.       0.75100163018453958                 146.003    1.827

MWIPS                                           7176.076              9.994


# COUNT0: 7176.076
# COUNT1: 0
# COUNT2: MWIPS
# TIME: 9.994
# elapsed: 11.918148
# pid: 3377047
# status: 0

# COUNT0: 7177.834
# COUNT1: 0
# COUNT2: MWIPS
# TIME: 9.990
# elapsed: 11.914372
# pid: 3377049
# status: 0

#### Pass 5

Calibrate
       0.00 Seconds          1   Passes (x 100)
       0.01 Seconds          5   Passes (x 100)
       0.04 Seconds         25   Passes (x 100)
       0.18 Seconds        125   Passes (x 100)
       0.87 Seconds        625   Passes (x 100)

Use 7173  passes (x 100)

          Double Precision C/C++ Whetstone Benchmark

Loop content                  Result              MFLOPS      MOPS   Seconds

N1 floating point     -1.12398255667392033      1651.231              0.083
N2 floating point     -1.12187079889294417      1961.978              0.491
N3 if then else        1.00000000000000000                6596.406    0.113
N4 fixed point        12.00000000000000000               30294242751.332    0.000
N5 sin,cos etc.        0.49902937281518261                 166.551    3.583
N6 floating point      0.99999987890802811      1106.492              3.497
N7 assignments         3.00000000000000000                3318.289    0.399
N8 exp,sqrt etc.       0.75100163018453958                 145.984    1.828

MWIPS                                           7176.854              9.995

Calibrate
       0.00 Seconds          1   Passes (x 100)
       0.01 Seconds          5   Passes (x 100)
       0.04 Seconds         25   Passes (x 100)
       0.18 Seconds        125   Passes (x 100)
       0.87 Seconds        625   Passes (x 100)

Use 7173  passes (x 100)

          Double Precision C/C++ Whetstone Benchmark

Loop content                  Result              MFLOPS      MOPS   Seconds

N1 floating point     -1.12398255667392033      1651.605              0.083
N2 floating point     -1.12187079889294417      1961.830              0.491
N3 if then else        1.00000000000000000                6596.583    0.113
N4 fixed point        12.00000000000000000               42983529306.955    0.000
N5 sin,cos etc.        0.49902937281518261                 166.508    3.584
N6 floating point      0.99999987890802811      1106.480              3.497
N7 assignments         3.00000000000000000                3315.228    0.400
N8 exp,sqrt etc.       0.75100163018453958                 145.967    1.828

MWIPS                                           7175.743              9.996


# COUNT0: 7176.854
# COUNT1: 0
# COUNT2: MWIPS
# TIME: 9.995
# elapsed: 11.921756
# pid: 3377059
# status: 0

# COUNT0: 7175.743
# COUNT1: 0
# COUNT2: MWIPS
# TIME: 9.996
# elapsed: 11.922410
# pid: 3377061
# status: 0

#### Pass 6

Calibrate
       0.00 Seconds          1   Passes (x 100)
       0.01 Seconds          5   Passes (x 100)
       0.04 Seconds         25   Passes (x 100)
       0.18 Seconds        125   Passes (x 100)
       0.88 Seconds        625   Passes (x 100)

Use 7121  passes (x 100)

          Double Precision C/C++ Whetstone Benchmark

Loop content                  Result              MFLOPS      MOPS   Seconds

N1 floating point     -1.12398255667392033      1642.074              0.083
N2 floating point     -1.12187079889294417      1966.977              0.487
N3 if then else        1.00000000000000000                6604.683    0.112
N4 fixed point        12.00000000000000000                   0.000   -0.000
N5 sin,cos etc.        0.49902937281518261                 161.032    3.679
N6 floating point      0.99999987890802811      1106.505              3.471
N7 assignments         3.00000000000000000                3376.493    0.390
N8 exp,sqrt etc.       0.75100163018453958                 145.941    1.815

MWIPS                                           7094.866             10.037

Calibrate
       0.00 Seconds          1   Passes (x 100)
       0.01 Seconds          5   Passes (x 100)
       0.03 Seconds         25   Passes (x 100)
       0.17 Seconds        125   Passes (x 100)
       0.87 Seconds        625   Passes (x 100)

Use 7221  passes (x 100)

          Double Precision C/C++ Whetstone Benchmark

Loop content                  Result              MFLOPS      MOPS   Seconds

N1 floating point     -1.12398255667392033      1640.389              0.085
N2 floating point     -1.12187079889294417      1966.972              0.493
N3 if then else        1.00000000000000000                6599.270    0.113
N4 fixed point        12.00000000000000000               83000652128.405    0.000
N5 sin,cos etc.        0.49902937281518261                 165.335    3.634
N6 floating point      0.99999987890802811      1106.315              3.521
N7 assignments         3.00000000000000000                3381.122    0.395
N8 exp,sqrt etc.       0.75100163018453958                 146.136    1.838

MWIPS                                           7164.785             10.078


# COUNT0: 7164.785
# COUNT1: 0
# COUNT2: MWIPS
# TIME: 10.078
# elapsed: 12.008892
# pid: 3377071
# status: 0

# COUNT0: 7094.866
# COUNT1: 0
# COUNT2: MWIPS
# TIME: 10.037
# elapsed: 11.970881
# pid: 3377073
# status: 0

#### Pass 7

Calibrate
       0.00 Seconds          1   Passes (x 100)
       0.01 Seconds          5   Passes (x 100)
       0.03 Seconds         25   Passes (x 100)
       0.17 Seconds        125   Passes (x 100)
       0.87 Seconds        625   Passes (x 100)

Use 7167  passes (x 100)

          Double Precision C/C++ Whetstone Benchmark

Loop content                  Result              MFLOPS      MOPS   Seconds

N1 floating point     -1.12398255667392033      1655.867              0.083
N2 floating point     -1.12187079889294417      1971.273              0.489
N3 if then else        1.00000000000000000                6601.445    0.112
N4 fixed point        12.00000000000000000               61012127421.711    0.000
N5 sin,cos etc.        0.49902937281518261                 166.527    3.581
N6 floating point      0.99999987890802811      1105.987              3.495
N7 assignments         3.00000000000000000                3332.372    0.397
N8 exp,sqrt etc.       0.75100163018453958                 145.960    1.827

MWIPS                                           7178.233              9.984

Calibrate
       0.00 Seconds          1   Passes (x 100)
       0.01 Seconds          5   Passes (x 100)
       0.04 Seconds         25   Passes (x 100)
       0.18 Seconds        125   Passes (x 100)
       0.87 Seconds        625   Passes (x 100)

Use 7167  passes (x 100)

          Double Precision C/C++ Whetstone Benchmark

Loop content                  Result              MFLOPS      MOPS   Seconds

N1 floating point     -1.12398255667392033      1655.375              0.083
N2 floating point     -1.12187079889294417      1966.484              0.490
N3 if then else        1.00000000000000000                6617.527    0.112
N4 fixed point        12.00000000000000000               107838490437.579    0.000
N5 sin,cos etc.        0.49902937281518261                 166.494    3.581
N6 floating point      0.99999987890802811      1105.913              3.496
N7 assignments         3.00000000000000000                3328.026    0.398
N8 exp,sqrt etc.       0.75100163018453958                 145.861    1.828

MWIPS                                           7175.622              9.988


# COUNT0: 7175.622
# COUNT1: 0
# COUNT2: MWIPS
# TIME: 9.988
# elapsed: 11.913020
# pid: 3377083
# status: 0

# COUNT0: 7178.233
# COUNT1: 0
# COUNT2: MWIPS
# TIME: 9.984
# elapsed: 11.909550
# pid: 3377085
# status: 0

#### Pass 8

Calibrate
       0.00 Seconds          1   Passes (x 100)
       0.01 Seconds          5   Passes (x 100)
       0.04 Seconds         25   Passes (x 100)
       0.18 Seconds        125   Passes (x 100)
       0.87 Seconds        625   Passes (x 100)

Use 7155  passes (x 100)

          Double Precision C/C++ Whetstone Benchmark

Loop content                  Result              MFLOPS      MOPS   Seconds

N1 floating point     -1.12398255667392033      1656.496              0.083
N2 floating point     -1.12187079889294417      1967.783              0.489
N3 if then else        1.00000000000000000                6611.278    0.112
N4 fixed point        12.00000000000000000               32999704358.936    0.000
N5 sin,cos etc.        0.49902937281518261                 165.682    3.593
N6 floating point      0.99999987890802811      1106.289              3.489
N7 assignments         3.00000000000000000                3335.799    0.396
N8 exp,sqrt etc.       0.75100163018453958                 145.979    1.823

MWIPS                                           7165.790              9.985

Calibrate
       0.00 Seconds          1   Passes (x 100)
       0.01 Seconds          5   Passes (x 100)
       0.04 Seconds         25   Passes (x 100)
       0.18 Seconds        125   Passes (x 100)
       0.87 Seconds        625   Passes (x 100)

Use 7158  passes (x 100)

          Double Precision C/C++ Whetstone Benchmark

Loop content                  Result              MFLOPS      MOPS   Seconds

N1 floating point     -1.12398255667392033      1655.426              0.083
N2 floating point     -1.12187079889294417      1964.227              0.490
N3 if then else        1.00000000000000000                6609.684    0.112
N4 fixed point        12.00000000000000000               24137308300.659    0.000
N5 sin,cos etc.        0.49902937281518261                 165.768    3.593
N6 floating point      0.99999987890802811      1106.445              3.490
N7 assignments         3.00000000000000000                3334.185    0.397
N8 exp,sqrt etc.       0.75100163018453958                 145.939    1.825

MWIPS                                           7166.298              9.988


# COUNT0: 7165.790
# COUNT1: 0
# COUNT2: MWIPS
# TIME: 9.985
# elapsed: 11.912063
# pid: 3377095
# status: 0

# COUNT0: 7166.298
# COUNT1: 0
# COUNT2: MWIPS
# TIME: 9.988
# elapsed: 11.914422
# pid: 3377097
# status: 0

#### Pass 9

Calibrate
       0.00 Seconds          1   Passes (x 100)
       0.01 Seconds          5   Passes (x 100)
       0.04 Seconds         25   Passes (x 100)
       0.17 Seconds        125   Passes (x 100)
       0.87 Seconds        625   Passes (x 100)

Use 7163  passes (x 100)

          Double Precision C/C++ Whetstone Benchmark

Loop content                  Result              MFLOPS      MOPS   Seconds

N1 floating point     -1.12398255667392033      1650.168              0.083
N2 floating point     -1.12187079889294417      1961.258              0.491
N3 if then else        1.00000000000000000                6648.412    0.112
N4 fixed point        12.00000000000000000               195597660632.111    0.000
N5 sin,cos etc.        0.49902937281518261                 166.462    3.580
N6 floating point      0.99999987890802811      1106.470              3.492
N7 assignments         3.00000000000000000                3314.218    0.399
N8 exp,sqrt etc.       0.75100163018453958                 144.084    1.849

MWIPS                                           7158.278             10.007

Calibrate
       0.00 Seconds          1   Passes (x 100)
       0.01 Seconds          5   Passes (x 100)
       0.04 Seconds         25   Passes (x 100)
       0.17 Seconds        125   Passes (x 100)
       0.87 Seconds        625   Passes (x 100)

Use 7165  passes (x 100)

          Double Precision C/C++ Whetstone Benchmark

Loop content                  Result              MFLOPS      MOPS   Seconds

N1 floating point     -1.12398255667392033      1651.288              0.083
N2 floating point     -1.12187079889294417      1962.102              0.491
N3 if then else        1.00000000000000000                6649.481    0.112
N4 fixed point        12.00000000000000000                   0.000   -0.000
N5 sin,cos etc.        0.49902937281518261                 166.494    3.580
N6 floating point      0.99999987890802811      1106.722              3.492
N7 assignments         3.00000000000000000                3314.971    0.399
N8 exp,sqrt etc.       0.75100163018453958                 143.894    1.852

MWIPS                                           7157.863             10.010


# COUNT0: 7158.278
# COUNT1: 0
# COUNT2: MWIPS
# TIME: 10.007
# elapsed: 11.935194
# pid: 3377107
# status: 0

# COUNT0: 7157.863
# COUNT1: 0
# COUNT2: MWIPS
# TIME: 10.010
# elapsed: 11.937556
# pid: 3377108
# status: 0

#### Pass 10

Calibrate
       0.00 Seconds          1   Passes (x 100)
       0.01 Seconds          5   Passes (x 100)
       0.04 Seconds         25   Passes (x 100)
       0.18 Seconds        125   Passes (x 100)
       0.87 Seconds        625   Passes (x 100)

Use 7162  passes (x 100)

          Double Precision C/C++ Whetstone Benchmark

Loop content                  Result              MFLOPS      MOPS   Seconds

N1 floating point     -1.12398255667392033      1636.949              0.084
N2 floating point     -1.12187079889294417      1956.890              0.492
N3 if then else        1.00000000000000000                6641.765    0.112
N4 fixed point        12.00000000000000000               67728437425.318    0.000
N5 sin,cos etc.        0.49902937281518261                 163.293    3.649
N6 floating point      0.99999987890802811      1106.495              3.491
N7 assignments         3.00000000000000000                3342.512    0.396
N8 exp,sqrt etc.       0.75100163018453958                 145.911    1.826

MWIPS                                           7126.428             10.050

Calibrate
       0.00 Seconds          1   Passes (x 100)
       0.01 Seconds          5   Passes (x 100)
       0.04 Seconds         25   Passes (x 100)
       0.18 Seconds        125   Passes (x 100)
       0.87 Seconds        625   Passes (x 100)

Use 7167  passes (x 100)

          Double Precision C/C++ Whetstone Benchmark

Loop content                  Result              MFLOPS      MOPS   Seconds

N1 floating point     -1.12398255667392033      1638.887              0.084
N2 floating point     -1.12187079889294417      1955.989              0.492
N3 if then else        1.00000000000000000                6643.060    0.112
N4 fixed point        12.00000000000000000                   0.000   -0.000
N5 sin,cos etc.        0.49902937281518261                 163.311    3.651
N6 floating point      0.99999987890802811      1106.529              3.494
N7 assignments         3.00000000000000000                3338.083    0.397
N8 exp,sqrt etc.       0.75100163018453958                 145.940    1.827

MWIPS                                           7126.590             10.057


# COUNT0: 7126.590
# COUNT1: 0
# COUNT2: MWIPS
# TIME: 10.057
# elapsed: 11.990115
# pid: 3377120
# status: 0

# COUNT0: 7126.428
# COUNT1: 0
# COUNT2: MWIPS
# TIME: 10.050
# elapsed: 11.984425
# pid: 3377121
# status: 0

*Dump score:      14191.7
*Dump score:      14253.0
*Dump score:      14259.7
Count score:      14316.1
Count score:      14332.1
Count score:      14349.9
Count score:      14352.6
Count score:      14353.9
Count score:      14353.9
Count score:      14355.1

>>>> Sum of 2 copies
>>>> score: 14344.7791824515
>>>> time: 9.98921428571428
>>>> iterations: 7


########################################################
Execl Throughput -- 2 copies
==> "/mnt/host0/unixbench/UnixBench/pgms/execl" 30 2>&1 >> "/mnt/host0/unixbench/UnixBench/results/uarf-2025-06-04-03.log"

#### Pass 1


# COUNT0: 27799
# COUNT1: 1
# COUNT2: lps
# elapsed: 29.382688
# pid: 3377132
# status: 0

# COUNT0: 27862
# COUNT1: 1
# COUNT2: lps
# elapsed: 29.382390
# pid: 3377134
# status: 0

#### Pass 2


# COUNT0: 28681
# COUNT1: 1
# COUNT2: lps
# elapsed: 29.983614
# pid: 3377144
# status: 0

# COUNT0: 28661
# COUNT1: 1
# COUNT2: lps
# elapsed: 29.982241
# pid: 3377146
# status: 0

#### Pass 3


# COUNT0: 28584
# COUNT1: 1
# COUNT2: lps
# elapsed: 29.981291
# pid: 3377156
# status: 0

# COUNT0: 28633
# COUNT1: 1
# COUNT2: lps
# elapsed: 29.981632
# pid: 3377158
# status: 0

*Dump score:      55661.0
Count score:      57217.0
Count score:      57342.0

>>>> Sum of 2 copies
>>>> score: 1910.44941420007
>>>> time: 29.9821945
>>>> iterations: 2


########################################################
File Copy 1024 bufsize 2000 maxblocks -- 2 copies
==> "/mnt/host0/unixbench/UnixBench/pgms/fstime" -c -t 30 -d "/mnt/host0/unixbench/UnixBench/tmp" -b 1024 -m 2000 2>&1 >> "/mnt/host0/unixbench/UnixBench/results/uarf-2025-06-04-03.log"

#### Pass 1

Write done: 120000 in 2.0051, score 14962
Read done: 121588 in 2.0000, score 15198
Copy done: 863508 in 30.0000, score 7195
Write done: 120000 in 2.0044, score 14967
Read done: 121836 in 2.0001, score 15228
Copy done: 863080 in 30.0002, score 7192

# COUNT0: 7195
# COUNT1: 0
# COUNT2: KBps
# TIME: 30.0
# elapsed: 45.017010
# pid: 3377168
# status: 0

# COUNT0: 7192
# COUNT1: 0
# COUNT2: KBps
# TIME: 30.0
# elapsed: 45.017494
# pid: 3377169
# status: 0

#### Pass 2

Write done: 120000 in 2.1039, score 14259
Read done: 110304 in 2.0001, score 13787
Copy done: 858468 in 30.0001, score 7153
Write done: 120000 in 2.1092, score 14223
Read done: 110772 in 2.0000, score 13846
Copy done: 859424 in 30.0000, score 7161

# COUNT0: 7161
# COUNT1: 0
# COUNT2: KBps
# TIME: 30.0
# elapsed: 45.120986
# pid: 3377180
# status: 0

# COUNT0: 7153
# COUNT1: 0
# COUNT2: KBps
# TIME: 30.0
# elapsed: 45.116046
# pid: 3377182
# status: 0

#### Pass 3

Write done: 120000 in 2.0370, score 14727
Read done: 113248 in 2.0001, score 14155
Copy done: 809592 in 30.0000, score 6746
Write done: 120000 in 2.0391, score 14712
Read done: 114228 in 2.0000, score 14278
Copy done: 808084 in 30.0001, score 6734

# COUNT0: 6734
# COUNT1: 0
# COUNT2: KBps
# TIME: 30.0
# elapsed: 45.051347
# pid: 3377192
# status: 0

# COUNT0: 6746
# COUNT1: 0
# COUNT2: KBps
# TIME: 30.0
# elapsed: 45.049114
# pid: 3377194
# status: 0

*Dump score:      13480.0
Count score:      14314.0
Count score:      14387.0

>>>> Sum of 2 copies
>>>> score: 14350.4535816817
>>>> time: 30
>>>> iterations: 2


########################################################
File Copy 256 bufsize 500 maxblocks -- 2 copies
==> "/mnt/host0/unixbench/UnixBench/pgms/fstime" -c -t 30 -d "/mnt/host0/unixbench/UnixBench/tmp" -b 256 -m 500 2>&1 >> "/mnt/host0/unixbench/UnixBench/results/uarf-2025-06-04-03.log"

#### Pass 1

Write done: 30000 in 2.0077, score 3735
Read done: 26231 in 2.0000, score 3278
Copy done: 216904 in 30.0001, score 1807
Write done: 30000 in 2.0086, score 3733
Read done: 26132 in 2.0001, score 3266
Copy done: 216937 in 30.0002, score 1807

# COUNT0: 1807
# COUNT1: 0
# COUNT2: KBps
# TIME: 30.0
# elapsed: 45.021641
# pid: 3377204
# status: 0

# COUNT0: 1807
# COUNT1: 0
# COUNT2: KBps
# TIME: 30.0
# elapsed: 45.019322
# pid: 3377206
# status: 0

#### Pass 2

Write done: 30000 in 2.0453, score 3666
Read done: 29560 in 2.0001, score 3694
Copy done: 205235 in 30.0001, score 1710
Write done: 30000 in 2.0470, score 3663
Read done: 29758 in 2.0000, score 3719
Copy done: 206359 in 30.0003, score 1719

# COUNT0: 1710
# COUNT1: 0
# COUNT2: KBps
# TIME: 30.0
# elapsed: 45.057673
# pid: 3377216
# status: 0

# COUNT0: 1719
# COUNT1: 0
# COUNT2: KBps
# TIME: 30.0
# elapsed: 45.059311
# pid: 3377218
# status: 0

#### Pass 3

Write done: 32000 in 2.1101, score 3791
Read done: 29730 in 2.0002, score 3715
Copy done: 212827 in 30.0001, score 1773
Write done: 32000 in 2.1095, score 3792
Read done: 29697 in 2.0001, score 3712
Copy done: 212735 in 30.0002, score 1772

# COUNT0: 1773
# COUNT1: 0
# COUNT2: KBps
# TIME: 30.0
# elapsed: 45.121438
# pid: 3377229
# status: 0

# COUNT0: 1772
# COUNT1: 0
# COUNT2: KBps
# TIME: 30.0
# elapsed: 45.121454
# pid: 3377231
# status: 0

*Dump score:       3429.0
Count score:       3545.0
Count score:       3614.0

>>>> Sum of 2 copies
>>>> score: 3579.33373688456
>>>> time: 30
>>>> iterations: 2


########################################################
File Copy 4096 bufsize 8000 maxblocks -- 2 copies
==> "/mnt/host0/unixbench/UnixBench/pgms/fstime" -c -t 30 -d "/mnt/host0/unixbench/UnixBench/tmp" -b 4096 -m 8000 2>&1 >> "/mnt/host0/unixbench/UnixBench/results/uarf-2025-06-04-03.log"

#### Pass 1

Write done: 480000 in 2.0534, score 58440
Read done: 452032 in 2.0001, score 56501
Copy done: 3232144 in 30.0002, score 26934
Write done: 480000 in 2.0567, score 58344
Read done: 450656 in 2.0001, score 56329
Copy done: 3229728 in 30.0001, score 26914

# COUNT0: 26914
# COUNT1: 0
# COUNT2: KBps
# TIME: 30.0
# elapsed: 45.071045
# pid: 3377241
# status: 0

# COUNT0: 26934
# COUNT1: 0
# COUNT2: KBps
# TIME: 30.0
# elapsed: 45.067476
# pid: 3377243
# status: 0

#### Pass 2

Write done: 448000 in 2.0878, score 53645
Read done: 464208 in 2.0001, score 58023
Copy done: 3202608 in 30.0002, score 26688
Write done: 448000 in 2.0900, score 53589
Read done: 464128 in 2.0000, score 58015
Copy done: 3199808 in 30.0002, score 26664

# COUNT0: 26664
# COUNT1: 0
# COUNT2: KBps
# TIME: 30.0
# elapsed: 45.104427
# pid: 3377253
# status: 0

# COUNT0: 26688
# COUNT1: 0
# COUNT2: KBps
# TIME: 30.0
# elapsed: 45.102437
# pid: 3377255
# status: 0

#### Pass 3

Write done: 448000 in 2.0005, score 55985
Read done: 456400 in 2.0001, score 57048
Copy done: 3200784 in 30.0000, score 26673
Write done: 448000 in 2.0035, score 55902
Read done: 456608 in 2.0001, score 57073
Copy done: 3195808 in 30.0001, score 26631

# COUNT0: 26631
# COUNT1: 0
# COUNT2: KBps
# TIME: 30.0
# elapsed: 45.019667
# pid: 3377265
# status: 0

# COUNT0: 26673
# COUNT1: 0
# COUNT2: KBps
# TIME: 30.0
# elapsed: 45.016234
# pid: 3377267
# status: 0

*Dump score:      53304.0
Count score:      53352.0
Count score:      53848.0

>>>> Sum of 2 copies
>>>> score: 53599.4262655861
>>>> time: 30
>>>> iterations: 2


########################################################
Pipe Throughput -- 2 copies
==> "/mnt/host0/unixbench/UnixBench/pgms/pipe" 10 2>&1 >> "/mnt/host0/unixbench/UnixBench/results/uarf-2025-06-04-03.log"

#### Pass 1


# COUNT0: 5108353
# COUNT1: 1
# COUNT2: lps
# elapsed: 10.004206
# pid: 3377277
# status: 0

# COUNT0: 5161193
# COUNT1: 1
# COUNT2: lps
# elapsed: 10.003855
# pid: 3377279
# status: 0

#### Pass 2


# COUNT0: 5135359
# COUNT1: 1
# COUNT2: lps
# elapsed: 10.004112
# pid: 3377289
# status: 0

# COUNT0: 5195534
# COUNT1: 1
# COUNT2: lps
# elapsed: 10.003790
# pid: 3377291
# status: 0

#### Pass 3


# COUNT0: 5085218
# COUNT1: 1
# COUNT2: lps
# elapsed: 10.004181
# pid: 3377301
# status: 0

# COUNT0: 5101503
# COUNT1: 1
# COUNT2: lps
# elapsed: 10.004210
# pid: 3377303
# status: 0

#### Pass 4


# COUNT0: 4894620
# COUNT1: 1
# COUNT2: lps
# elapsed: 10.004172
# pid: 3377313
# status: 0

# COUNT0: 5098539
# COUNT1: 1
# COUNT2: lps
# elapsed: 10.003842
# pid: 3377315
# status: 0

#### Pass 5


# COUNT0: 5126705
# COUNT1: 1
# COUNT2: lps
# elapsed: 10.004116
# pid: 3377325
# status: 0

# COUNT0: 5170908
# COUNT1: 1
# COUNT2: lps
# elapsed: 10.004240
# pid: 3377327
# status: 0

#### Pass 6


# COUNT0: 5126330
# COUNT1: 1
# COUNT2: lps
# elapsed: 10.004428
# pid: 3377337
# status: 0

# COUNT0: 5123650
# COUNT1: 1
# COUNT2: lps
# elapsed: 10.003954
# pid: 3377339
# status: 0

#### Pass 7


# COUNT0: 5208451
# COUNT1: 1
# COUNT2: lps
# elapsed: 10.004627
# pid: 3377349
# status: 0

# COUNT0: 5208453
# COUNT1: 1
# COUNT2: lps
# elapsed: 10.003834
# pid: 3377351
# status: 0

#### Pass 8


# COUNT0: 5195004
# COUNT1: 1
# COUNT2: lps
# elapsed: 10.004390
# pid: 3377361
# status: 0

# COUNT0: 5191812
# COUNT1: 1
# COUNT2: lps
# elapsed: 10.003852
# pid: 3377363
# status: 0

#### Pass 9


# COUNT0: 5213283
# COUNT1: 1
# COUNT2: lps
# elapsed: 10.004331
# pid: 3377373
# status: 0

# COUNT0: 5232769
# COUNT1: 1
# COUNT2: lps
# elapsed: 10.003997
# pid: 3377375
# status: 0

#### Pass 10


# COUNT0: 5204695
# COUNT1: 1
# COUNT2: lps
# elapsed: 10.004747
# pid: 3377386
# status: 0

# COUNT0: 5156425
# COUNT1: 1
# COUNT2: lps
# elapsed: 10.004132
# pid: 3377387
# status: 0

*Dump score:    9993159.0
*Dump score:   10186721.0
*Dump score:   10249980.0
Count score:   10269546.0
Count score:   10297613.0
Count score:   10330893.0
Count score:   10361120.0
Count score:   10386816.0
Count score:   10416904.0
Count score:   10446052.0

>>>> Sum of 2 copies
>>>> score: 1035394.67785337
>>>> time: 10.0041592142857
>>>> iterations: 7


########################################################
Pipe-based Context Switching -- 2 copies
==> "/mnt/host0/unixbench/UnixBench/pgms/context1" 10 2>&1 >> "/mnt/host0/unixbench/UnixBench/results/uarf-2025-06-04-03.log"

#### Pass 1


# COUNT0: 1517341
# COUNT1: 1
# COUNT2: lps
# elapsed: 10.004414
# pid: 3377398
# status: 0

# COUNT0: 1515524
# COUNT1: 1
# COUNT2: lps
# elapsed: 10.004347
# pid: 3377400
# status: 0

#### Pass 2


# COUNT0: 1531967
# COUNT1: 1
# COUNT2: lps
# elapsed: 10.004281
# pid: 3377412
# status: 0

# COUNT0: 1536206
# COUNT1: 1
# COUNT2: lps
# elapsed: 10.003791
# pid: 3377414
# status: 0

#### Pass 3


# COUNT0: 1514838
# COUNT1: 1
# COUNT2: lps
# elapsed: 10.004522
# pid: 3377426
# status: 0

# COUNT0: 1526404
# COUNT1: 1
# COUNT2: lps
# elapsed: 10.004084
# pid: 3377428
# status: 0

#### Pass 4


# COUNT0: 1508061
# COUNT1: 1
# COUNT2: lps
# elapsed: 10.004574
# pid: 3377440
# status: 0

# COUNT0: 1502884
# COUNT1: 1
# COUNT2: lps
# elapsed: 10.003831
# pid: 3377442
# status: 0

#### Pass 5


# COUNT0: 1499535
# COUNT1: 1
# COUNT2: lps
# elapsed: 10.004125
# pid: 3377454
# status: 0

# COUNT0: 1505821
# COUNT1: 1
# COUNT2: lps
# elapsed: 10.004047
# pid: 3377456
# status: 0

#### Pass 6


# COUNT0: 1515636
# COUNT1: 1
# COUNT2: lps
# elapsed: 10.004293
# pid: 3377468
# status: 0

# COUNT0: 1528506
# COUNT1: 1
# COUNT2: lps
# elapsed: 10.003878
# pid: 3377470
# status: 0

#### Pass 7


# COUNT0: 1515311
# COUNT1: 1
# COUNT2: lps
# elapsed: 10.004182
# pid: 3377482
# status: 0

# COUNT0: 1515756
# COUNT1: 1
# COUNT2: lps
# elapsed: 10.004497
# pid: 3377483
# status: 0

#### Pass 8


# COUNT0: 1498217
# COUNT1: 1
# COUNT2: lps
# elapsed: 10.004334
# pid: 3377496
# status: 0

# COUNT0: 1493597
# COUNT1: 1
# COUNT2: lps
# elapsed: 10.004181
# pid: 3377498
# status: 0

#### Pass 9


# COUNT0: 1512509
# COUNT1: 1
# COUNT2: lps
# elapsed: 10.004342
# pid: 3377510
# status: 0

# COUNT0: 1521103
# COUNT1: 1
# COUNT2: lps
# elapsed: 10.003894
# pid: 3377512
# status: 0

#### Pass 10


# COUNT0: 1500253
# COUNT1: 1
# COUNT2: lps
# elapsed: 10.004309
# pid: 3377524
# status: 0

# COUNT0: 1502750
# COUNT1: 1
# COUNT2: lps
# elapsed: 10.004131
# pid: 3377526
# status: 0

*Dump score:    2991814.0
*Dump score:    3003003.0
*Dump score:    3005356.0
Count score:    3010945.0
Count score:    3031067.0
Count score:    3032865.0
Count score:    3033612.0
Count score:    3041242.0
Count score:    3044142.0
Count score:    3068173.0

>>>> Sum of 2 copies
>>>> score: 303611.530023263
>>>> time: 10.0042092857143
>>>> iterations: 7


########################################################
Process Creation -- 2 copies
==> "/mnt/host0/unixbench/UnixBench/pgms/spawn" 30 2>&1 >> "/mnt/host0/unixbench/UnixBench/results/uarf-2025-06-04-03.log"

#### Pass 1


# COUNT0: 254454
# COUNT1: 1
# COUNT2: lps
# elapsed: 30.004362
# pid: 3377538
# status: 0

# COUNT0: 254759
# COUNT1: 1
# COUNT2: lps
# elapsed: 30.004472
# pid: 3377540
# status: 0

#### Pass 2


# COUNT0: 253597
# COUNT1: 1
# COUNT2: lps
# elapsed: 30.004507
# pid: 3886765
# status: 0

# COUNT0: 253264
# COUNT1: 1
# COUNT2: lps
# elapsed: 30.003849
# pid: 3886767
# status: 0

#### Pass 3


# COUNT0: 253254
# COUNT1: 1
# COUNT2: lps
# elapsed: 30.004654
# pid: 199638
# status: 0

# COUNT0: 252631
# COUNT1: 1
# COUNT2: lps
# elapsed: 30.003887
# pid: 199640
# status: 0

*Dump score:     505885.0
Count score:     506861.0
Count score:     509213.0

>>>> Sum of 2 copies
>>>> score: 16932.0957740967
>>>> time: 30.0042975
>>>> iterations: 2


########################################################
System Call Overhead -- 2 copies
==> "/mnt/host0/unixbench/UnixBench/pgms/syscall" 10 2>&1 >> "/mnt/host0/unixbench/UnixBench/results/uarf-2025-06-04-03.log"

#### Pass 1


# COUNT0: 3246904
# COUNT1: 1
# COUNT2: lps
# elapsed: 10.004481
# pid: 705538
# status: 0

# COUNT0: 3249593
# COUNT1: 1
# COUNT2: lps
# elapsed: 10.003786
# pid: 705540
# status: 0

#### Pass 2


# COUNT0: 3245921
# COUNT1: 1
# COUNT2: lps
# elapsed: 10.004339
# pid: 705550
# status: 0

# COUNT0: 3212320
# COUNT1: 1
# COUNT2: lps
# elapsed: 10.005367
# pid: 705552
# status: 0

#### Pass 3


# COUNT0: 3263689
# COUNT1: 1
# COUNT2: lps
# elapsed: 10.004487
# pid: 705562
# status: 0

# COUNT0: 3236851
# COUNT1: 1
# COUNT2: lps
# elapsed: 10.003888
# pid: 705564
# status: 0

#### Pass 4


# COUNT0: 3246147
# COUNT1: 1
# COUNT2: lps
# elapsed: 10.004357
# pid: 705574
# status: 0

# COUNT0: 3249908
# COUNT1: 1
# COUNT2: lps
# elapsed: 10.003767
# pid: 705576
# status: 0

#### Pass 5


# COUNT0: 3233870
# COUNT1: 1
# COUNT2: lps
# elapsed: 10.004212
# pid: 705586
# status: 0

# COUNT0: 3219218
# COUNT1: 1
# COUNT2: lps
# elapsed: 10.003908
# pid: 705588
# status: 0

#### Pass 6


# COUNT0: 3280037
# COUNT1: 1
# COUNT2: lps
# elapsed: 10.004351
# pid: 705598
# status: 0

# COUNT0: 3223453
# COUNT1: 1
# COUNT2: lps
# elapsed: 10.003748
# pid: 705600
# status: 0

#### Pass 7


# COUNT0: 3165856
# COUNT1: 1
# COUNT2: lps
# elapsed: 10.004634
# pid: 705611
# status: 0

# COUNT0: 3253361
# COUNT1: 1
# COUNT2: lps
# elapsed: 10.004132
# pid: 705613
# status: 0

#### Pass 8


# COUNT0: 3258264
# COUNT1: 1
# COUNT2: lps
# elapsed: 10.004384
# pid: 705623
# status: 0

# COUNT0: 3279891
# COUNT1: 1
# COUNT2: lps
# elapsed: 10.003771
# pid: 705625
# status: 0

#### Pass 9


# COUNT0: 3264762
# COUNT1: 1
# COUNT2: lps
# elapsed: 10.004472
# pid: 705635
# status: 0

# COUNT0: 3283886
# COUNT1: 1
# COUNT2: lps
# elapsed: 10.004032
# pid: 705637
# status: 0

#### Pass 10


# COUNT0: 3237964
# COUNT1: 1
# COUNT2: lps
# elapsed: 10.004546
# pid: 705647
# status: 0

# COUNT0: 3233997
# COUNT1: 1
# COUNT2: lps
# elapsed: 10.004301
# pid: 705649
# status: 0

*Dump score:    6419217.0
*Dump score:    6453088.0
*Dump score:    6458241.0
Count score:    6471961.0
Count score:    6496055.0
Count score:    6496497.0
Count score:    6500540.0
Count score:    6503490.0
Count score:    6538155.0
Count score:    6548648.0

>>>> Sum of 2 copies
>>>> score: 650514.817156539
>>>> time: 10.0041693571429
>>>> iterations: 7


########################################################
Shell Scripts (1 concurrent) -- 2 copies
==> "/mnt/host0/unixbench/UnixBench/pgms/looper" 60 "/mnt/host0/unixbench/UnixBench/pgms/multi.sh" 1 2>&1 >> "/mnt/host0/unixbench/UnixBench/results/uarf-2025-06-04-03.log"

#### Pass 1


# COUNT0: 2173
# COUNT1: 60
# COUNT2: lpm
# elapsed: 60.025812
# pid: 705659
# status: 0

# COUNT0: 2174
# COUNT1: 60
# COUNT2: lpm
# elapsed: 60.029070
# pid: 705661
# status: 0

#### Pass 2


# COUNT0: 2177
# COUNT1: 60
# COUNT2: lpm
# elapsed: 60.013273
# pid: 744812
# status: 0

# COUNT0: 2179
# COUNT1: 60
# COUNT2: lpm
# elapsed: 60.022351
# pid: 744814
# status: 0

#### Pass 3


# COUNT0: 2173
# COUNT1: 60
# COUNT2: lpm
# elapsed: 60.011813
# pid: 784046
# status: 0

# COUNT0: 2168
# COUNT1: 60
# COUNT2: lpm
# elapsed: 60.019848
# pid: 784048
# status: 0

*Dump score:       4341.0
Count score:       4347.0
Count score:       4356.0

>>>> Sum of 2 copies
>>>> score: 4349.8573197699
>>>> time: 60.0226265
>>>> iterations: 2


########################################################
Shell Scripts (8 concurrent) -- 2 copies
==> "/mnt/host0/unixbench/UnixBench/pgms/looper" 60 "/mnt/host0/unixbench/UnixBench/pgms/multi.sh" 8 2>&1 >> "/mnt/host0/unixbench/UnixBench/results/uarf-2025-06-04-03.log"

#### Pass 1


# COUNT0: 367
# COUNT1: 60
# COUNT2: lpm
# elapsed: 60.053860
# pid: 823145
# status: 0

# COUNT0: 367
# COUNT1: 60
# COUNT2: lpm
# elapsed: 60.048910
# pid: 823146
# status: 0

#### Pass 2


# COUNT0: 366
# COUNT1: 60
# COUNT2: lpm
# elapsed: 60.149782
# pid: 870997
# status: 0

# COUNT0: 366
# COUNT1: 60
# COUNT2: lpm
# elapsed: 60.151901
# pid: 870999
# status: 0

#### Pass 3


# COUNT0: 364
# COUNT1: 60
# COUNT2: lpm
# elapsed: 60.027513
# pid: 918720
# status: 0

# COUNT0: 363
# COUNT1: 60
# COUNT2: lpm
# elapsed: 60.033397
# pid: 918722
# status: 0

*Dump score:        727.0
Count score:        732.0
Count score:        734.0

>>>> Sum of 2 copies
>>>> score: 731.766380829686
>>>> time: 60.10111325
>>>> iterations: 2

