
########################################################
Dhrystone 2 using register variables -- 1 copy
==> "/mnt/host0/unixbench/UnixBench/pgms/dhry2reg" 10 2>&1 >> "/mnt/host0/unixbench/UnixBench/results/uarf-2025-06-04-05.log"

#### Pass 1


# COUNT0: 561684356
# COUNT1: 1
# COUNT2: lps
# elapsed: 10.004047
# pid: 2551139
# status: 0

#### Pass 2


# COUNT0: 564510000
# COUNT1: 1
# COUNT2: lps
# elapsed: 10.003971
# pid: 2551148
# status: 0

#### Pass 3


# COUNT0: 575578249
# COUNT1: 1
# COUNT2: lps
# elapsed: 10.003866
# pid: 2551157
# status: 0

#### Pass 4


# COUNT0: 575981335
# COUNT1: 1
# COUNT2: lps
# elapsed: 10.004234
# pid: 2551166
# status: 0

#### Pass 5


# COUNT0: 575965099
# COUNT1: 1
# COUNT2: lps
# elapsed: 10.004118
# pid: 2551176
# status: 0

#### Pass 6


# COUNT0: 574806562
# COUNT1: 1
# COUNT2: lps
# elapsed: 10.004013
# pid: 2551185
# status: 0

#### Pass 7


# COUNT0: 576019256
# COUNT1: 1
# COUNT2: lps
# elapsed: 10.004361
# pid: 2551194
# status: 0

#### Pass 8


# COUNT0: 555782020
# COUNT1: 1
# COUNT2: lps
# elapsed: 10.003643
# pid: 2551203
# status: 0

#### Pass 9


# COUNT0: 581450269
# COUNT1: 1
# COUNT2: lps
# elapsed: 10.003922
# pid: 2551213
# status: 0

#### Pass 10


# COUNT0: 576229394
# COUNT1: 1
# COUNT2: lps
# elapsed: 10.004014
# pid: 2551222
# status: 0

*Dump score:  555782020.0
*Dump score:  561684356.0
*Dump score:  564510000.0
Count score:  574806562.0
Count score:  575578249.0
Count score:  575965099.0
Count score:  575981335.0
Count score:  576019256.0
Count score:  576229394.0
Count score:  581450269.0

>>>> Results of 1 copy
>>>> score: 57633727.3294735
>>>> time: 10.0040754285714
>>>> iterations: 7


########################################################
Double-Precision Whetstone -- 1 copy
==> "/mnt/host0/unixbench/UnixBench/pgms/whetstone-double"  2>&1 >> "/mnt/host0/unixbench/UnixBench/results/uarf-2025-06-04-05.log"

#### Pass 1

Calibrate
       0.00 Seconds          1   Passes (x 100)
       0.01 Seconds          5   Passes (x 100)
       0.03 Seconds         25   Passes (x 100)
       0.16 Seconds        125   Passes (x 100)
       0.77 Seconds        625   Passes (x 100)

Use 8137  passes (x 100)

          Double Precision C/C++ Whetstone Benchmark

Loop content                  Result              MFLOPS      MOPS   Seconds

N1 floating point     -1.12398255667392033      1659.184              0.094
N2 floating point     -1.12187079889294417      1966.406              0.556
N3 if then else        1.00000000000000000                8696.348    0.097
N4 fixed point        12.00000000000000000                   0.000   -0.000
N5 sin,cos etc.        0.49902937281518261                 222.842    3.038
N6 floating point      0.99999987890802811      1101.204              3.986
N7 assignments         3.00000000000000000                6610.620    0.227
N8 exp,sqrt etc.       0.75100163018453958                 159.810    1.894

MWIPS                                           8225.451              9.892


# COUNT0: 8225.451
# COUNT1: 0
# COUNT2: MWIPS
# TIME: 9.892
# elapsed: 11.788549
# pid: 2551231
# status: 0

#### Pass 2

Calibrate
       0.00 Seconds          1   Passes (x 100)
       0.01 Seconds          5   Passes (x 100)
       0.03 Seconds         25   Passes (x 100)
       0.16 Seconds        125   Passes (x 100)
       0.77 Seconds        625   Passes (x 100)

Use 8146  passes (x 100)

          Double Precision C/C++ Whetstone Benchmark

Loop content                  Result              MFLOPS      MOPS   Seconds

N1 floating point     -1.12398255667392033      1656.984              0.094
N2 floating point     -1.12187079889294417      1959.225              0.559
N3 if then else        1.00000000000000000                8707.841    0.097
N4 fixed point        12.00000000000000000                   0.000   -0.000
N5 sin,cos etc.        0.49902937281518261                 223.163    3.037
N6 floating point      0.99999987890802811      1101.049              3.991
N7 assignments         3.00000000000000000                6602.516    0.228
N8 exp,sqrt etc.       0.75100163018453958                 160.215    1.891

MWIPS                                           8230.673              9.897


# COUNT0: 8230.673
# COUNT1: 0
# COUNT2: MWIPS
# TIME: 9.897
# elapsed: 11.794092
# pid: 2551240
# status: 0

#### Pass 3

Calibrate
       0.00 Seconds          1   Passes (x 100)
       0.01 Seconds          5   Passes (x 100)
       0.03 Seconds         25   Passes (x 100)
       0.16 Seconds        125   Passes (x 100)
       0.77 Seconds        625   Passes (x 100)

Use 8139  passes (x 100)

          Double Precision C/C++ Whetstone Benchmark

Loop content                  Result              MFLOPS      MOPS   Seconds

N1 floating point     -1.12398255667392033      1653.445              0.095
N2 floating point     -1.12187079889294417      1961.468              0.558
N3 if then else        1.00000000000000000                8621.560    0.098
N4 fixed point        12.00000000000000000               22522816504.337    0.000
N5 sin,cos etc.        0.49902937281518261                 223.331    3.032
N6 floating point      0.99999987890802811      1101.296              3.986
N7 assignments         3.00000000000000000                6598.984    0.228
N8 exp,sqrt etc.       0.75100163018453958                 160.195    1.890

MWIPS                                           8232.584              9.886


# COUNT0: 8232.584
# COUNT1: 0
# COUNT2: MWIPS
# TIME: 9.886
# elapsed: 11.785657
# pid: 2551249
# status: 0

#### Pass 4

Calibrate
       0.00 Seconds          1   Passes (x 100)
       0.01 Seconds          5   Passes (x 100)
       0.03 Seconds         25   Passes (x 100)
       0.16 Seconds        125   Passes (x 100)
       0.77 Seconds        625   Passes (x 100)

Use 8147  passes (x 100)

          Double Precision C/C++ Whetstone Benchmark

Loop content                  Result              MFLOPS      MOPS   Seconds

N1 floating point     -1.12398255667392033      1659.867              0.094
N2 floating point     -1.12187079889294417      1964.711              0.557
N3 if then else        1.00000000000000000                8616.540    0.098
N4 fixed point        12.00000000000000000               29188713299.693    0.000
N5 sin,cos etc.        0.49902937281518261                 223.251    3.036
N6 floating point      0.99999987890802811      1100.106              3.995
N7 assignments         3.00000000000000000                6590.090    0.228
N8 exp,sqrt etc.       0.75100163018453958                 160.367    1.890

MWIPS                                           8230.545              9.898


# COUNT0: 8230.545
# COUNT1: 0
# COUNT2: MWIPS
# TIME: 9.898
# elapsed: 11.794133
# pid: 2551258
# status: 0

#### Pass 5

Calibrate
       0.00 Seconds          1   Passes (x 100)
       0.01 Seconds          5   Passes (x 100)
       0.03 Seconds         25   Passes (x 100)
       0.16 Seconds        125   Passes (x 100)
       0.77 Seconds        625   Passes (x 100)

Use 8150  passes (x 100)

          Double Precision C/C++ Whetstone Benchmark

Loop content                  Result              MFLOPS      MOPS   Seconds

N1 floating point     -1.12398255667392033      1644.539              0.095
N2 floating point     -1.12187079889294417      1969.870              0.556
N3 if then else        1.00000000000000000                8690.853    0.097
N4 fixed point        12.00000000000000000               68504597158.454    0.000
N5 sin,cos etc.        0.49902937281518261                 223.784    3.030
N6 floating point      0.99999987890802811      1102.146              3.989
N7 assignments         3.00000000000000000                6627.909    0.227
N8 exp,sqrt etc.       0.75100163018453958                 160.172    1.893

MWIPS                                           8243.065              9.887


# COUNT0: 8243.065
# COUNT1: 0
# COUNT2: MWIPS
# TIME: 9.887
# elapsed: 11.792128
# pid: 2551267
# status: 0

#### Pass 6

Calibrate
       0.00 Seconds          1   Passes (x 100)
       0.01 Seconds          5   Passes (x 100)
       0.03 Seconds         25   Passes (x 100)
       0.16 Seconds        125   Passes (x 100)
       0.77 Seconds        625   Passes (x 100)

Use 8130  passes (x 100)

          Double Precision C/C++ Whetstone Benchmark

Loop content                  Result              MFLOPS      MOPS   Seconds

N1 floating point     -1.12398255667392033      1638.262              0.095
N2 floating point     -1.12187079889294417      1956.178              0.559
N3 if then else        1.00000000000000000                8319.292    0.101
N4 fixed point        12.00000000000000000                   0.000   -0.000
N5 sin,cos etc.        0.49902937281518261                 223.290    3.029
N6 floating point      0.99999987890802811      1101.416              3.982
N7 assignments         3.00000000000000000                6594.469    0.228
N8 exp,sqrt etc.       0.75100163018453958                 160.131    1.889

MWIPS                                           8226.774              9.882


# COUNT0: 8226.774
# COUNT1: 0
# COUNT2: MWIPS
# TIME: 9.882
# elapsed: 11.790214
# pid: 2551276
# status: 0

#### Pass 7

Calibrate
       0.00 Seconds          1   Passes (x 100)
       0.01 Seconds          5   Passes (x 100)
       0.03 Seconds         25   Passes (x 100)
       0.16 Seconds        125   Passes (x 100)
       0.77 Seconds        625   Passes (x 100)

Use 8147  passes (x 100)

          Double Precision C/C++ Whetstone Benchmark

Loop content                  Result              MFLOPS      MOPS   Seconds

N1 floating point     -1.12398255667392033      1638.734              0.095
N2 floating point     -1.12187079889294417      1952.149              0.561
N3 if then else        1.00000000000000000                8339.582    0.101
N4 fixed point        12.00000000000000000               96658256368.905    0.000
N5 sin,cos etc.        0.49902937281518261                 223.143    3.038
N6 floating point      0.99999987890802811      1100.795              3.992
N7 assignments         3.00000000000000000                6614.585    0.228
N8 exp,sqrt etc.       0.75100163018453958                 160.286    1.891

MWIPS                                           8224.616              9.906


# COUNT0: 8224.616
# COUNT1: 0
# COUNT2: MWIPS
# TIME: 9.906
# elapsed: 11.813482
# pid: 2551285
# status: 0

#### Pass 8

Calibrate
       0.00 Seconds          1   Passes (x 100)
       0.01 Seconds          5   Passes (x 100)
       0.03 Seconds         25   Passes (x 100)
       0.15 Seconds        125   Passes (x 100)
       0.77 Seconds        625   Passes (x 100)

Use 8139  passes (x 100)

          Double Precision C/C++ Whetstone Benchmark

Loop content                  Result              MFLOPS      MOPS   Seconds

N1 floating point     -1.12398255667392033      1639.003              0.095
N2 floating point     -1.12187079889294417      1950.087              0.561
N3 if then else        1.00000000000000000                8411.000    0.100
N4 fixed point        12.00000000000000000               49563484034.022    0.000
N5 sin,cos etc.        0.49902937281518261                 223.149    3.035
N6 floating point      0.99999987890802811      1099.382              3.993
N7 assignments         3.00000000000000000                6592.131    0.228
N8 exp,sqrt etc.       0.75100163018453958                 160.271    1.889

MWIPS                                           8219.876              9.902


# COUNT0: 8219.876
# COUNT1: 0
# COUNT2: MWIPS
# TIME: 9.902
# elapsed: 11.805496
# pid: 2551294
# status: 0

#### Pass 9

Calibrate
       0.00 Seconds          1   Passes (x 100)
       0.01 Seconds          5   Passes (x 100)
       0.03 Seconds         25   Passes (x 100)
       0.16 Seconds        125   Passes (x 100)
       0.78 Seconds        625   Passes (x 100)

Use 8053  passes (x 100)

          Double Precision C/C++ Whetstone Benchmark

Loop content                  Result              MFLOPS      MOPS   Seconds

N1 floating point     -1.12398255667392033      1642.406              0.094
N2 floating point     -1.12187079889294417      1961.242              0.552
N3 if then else        1.00000000000000000                8551.551    0.097
N4 fixed point        12.00000000000000000               24961688613.194    0.000
N5 sin,cos etc.        0.49902937281518261                 214.986    3.117
N6 floating point      0.99999987890802811      1101.352              3.944
N7 assignments         3.00000000000000000                6566.656    0.227
N8 exp,sqrt etc.       0.75100163018453958                 160.304    1.869

MWIPS                                           8134.796              9.899


# COUNT0: 8134.796
# COUNT1: 0
# COUNT2: MWIPS
# TIME: 9.899
# elapsed: 11.806103
# pid: 2551303
# status: 0

#### Pass 10

Calibrate
       0.00 Seconds          1   Passes (x 100)
       0.01 Seconds          5   Passes (x 100)
       0.03 Seconds         25   Passes (x 100)
       0.15 Seconds        125   Passes (x 100)
       0.77 Seconds        625   Passes (x 100)

Use 8127  passes (x 100)

          Double Precision C/C++ Whetstone Benchmark

Loop content                  Result              MFLOPS      MOPS   Seconds

N1 floating point     -1.12398255667392033      1651.076              0.095
N2 floating point     -1.12187079889294417      1956.107              0.558
N3 if then else        1.00000000000000000                8596.788    0.098
N4 fixed point        12.00000000000000000                   0.000   -0.000
N5 sin,cos etc.        0.49902937281518261                 224.272    3.015
N6 floating point      0.99999987890802811      1100.234              3.984
N7 assignments         3.00000000000000000                6618.702    0.227
N8 exp,sqrt etc.       0.75100163018453958                 160.191    1.887

MWIPS                                           8238.886              9.864


# COUNT0: 8238.886
# COUNT1: 0
# COUNT2: MWIPS
# TIME: 9.864
# elapsed: 11.765257
# pid: 2551312
# status: 0

*Dump score:       8134.8
*Dump score:       8219.9
*Dump score:       8224.6
Count score:       8225.5
Count score:       8226.8
Count score:       8230.5
Count score:       8230.7
Count score:       8232.6
Count score:       8238.9
Count score:       8243.1

>>>> Results of 1 copy
>>>> score: 8232.56618654068
>>>> time: 9.88657142857143
>>>> iterations: 7


########################################################
Execl Throughput -- 1 copy
==> "/mnt/host0/unixbench/UnixBench/pgms/execl" 30 2>&1 >> "/mnt/host0/unixbench/UnixBench/results/uarf-2025-06-04-05.log"

#### Pass 1


# COUNT0: 33733
# COUNT1: 1
# COUNT2: lps
# elapsed: 29.258969
# pid: 2551321
# status: 0

#### Pass 2


# COUNT0: 35371
# COUNT1: 1
# COUNT2: lps
# elapsed: 29.986186
# pid: 2551330
# status: 0

#### Pass 3


# COUNT0: 34375
# COUNT1: 1
# COUNT2: lps
# elapsed: 29.984504
# pid: 2551339
# status: 0

*Dump score:      33733.0
Count score:      34375.0
Count score:      35371.0

>>>> Results of 1 copy
>>>> score: 1162.88286880112
>>>> time: 29.985345
>>>> iterations: 2


########################################################
File Copy 1024 bufsize 2000 maxblocks -- 1 copy
==> "/mnt/host0/unixbench/UnixBench/pgms/fstime" -c -t 30 -d "/mnt/host0/unixbench/UnixBench/tmp" -b 1024 -m 2000 2>&1 >> "/mnt/host0/unixbench/UnixBench/results/uarf-2025-06-04-05.log"

#### Pass 1

Write done: 104000 in 2.0638, score 12598
Read done: 113844 in 2.0001, score 14230
Copy done: 911080 in 30.0000, score 7592

# COUNT0: 7592
# COUNT1: 0
# COUNT2: KBps
# TIME: 30.0
# elapsed: 45.075619
# pid: 2551349
# status: 0

#### Pass 2

Write done: 152000 in 2.0646, score 18405
Read done: 101516 in 2.0000, score 12689
Copy done: 864684 in 30.0001, score 7205

# COUNT0: 7205
# COUNT1: 0
# COUNT2: KBps
# TIME: 30.0
# elapsed: 45.074798
# pid: 2551358
# status: 0

#### Pass 3

Write done: 104000 in 2.0660, score 12584
Read done: 171324 in 2.0000, score 21415
Copy done: 855520 in 30.0001, score 7129

# COUNT0: 7129
# COUNT1: 0
# COUNT2: KBps
# TIME: 30.0
# elapsed: 45.077086
# pid: 2551367
# status: 0

*Dump score:       7129.0
Count score:       7205.0
Count score:       7592.0

>>>> Results of 1 copy
>>>> score: 7395.96917246145
>>>> time: 30
>>>> iterations: 2


########################################################
File Copy 256 bufsize 500 maxblocks -- 1 copy
==> "/mnt/host0/unixbench/UnixBench/pgms/fstime" -c -t 30 -d "/mnt/host0/unixbench/UnixBench/tmp" -b 256 -m 500 2>&1 >> "/mnt/host0/unixbench/UnixBench/results/uarf-2025-06-04-05.log"

#### Pass 1

Write done: 26000 in 2.0449, score 3178
Read done: 40580 in 2.0001, score 5072
Copy done: 204183 in 30.0000, score 1701

# COUNT0: 1701
# COUNT1: 0
# COUNT2: KBps
# TIME: 30.0
# elapsed: 45.056303
# pid: 2551376
# status: 0

#### Pass 2

Write done: 40000 in 2.1372, score 4679
Read done: 24998 in 2.0001, score 3124
Copy done: 210162 in 30.0001, score 1751

# COUNT0: 1751
# COUNT1: 0
# COUNT2: KBps
# TIME: 30.0
# elapsed: 45.147608
# pid: 2551385
# status: 0

#### Pass 3

Write done: 30000 in 2.0493, score 3659
Read done: 41714 in 2.0000, score 5214
Copy done: 259239 in 30.0001, score 2160

# COUNT0: 2160
# COUNT1: 0
# COUNT2: KBps
# TIME: 30.0
# elapsed: 45.060825
# pid: 2551394
# status: 0

*Dump score:       1701.0
Count score:       1751.0
Count score:       2160.0

>>>> Results of 1 copy
>>>> score: 1944.77762224888
>>>> time: 30
>>>> iterations: 2


########################################################
File Copy 4096 bufsize 8000 maxblocks -- 1 copy
==> "/mnt/host0/unixbench/UnixBench/pgms/fstime" -c -t 30 -d "/mnt/host0/unixbench/UnixBench/tmp" -b 4096 -m 8000 2>&1 >> "/mnt/host0/unixbench/UnixBench/results/uarf-2025-06-04-05.log"

#### Pass 1

Write done: 416000 in 2.0980, score 49572
Read done: 661088 in 2.0000, score 82634
Copy done: 4099504 in 30.0001, score 34162

# COUNT0: 34162
# COUNT1: 0
# COUNT2: KBps
# TIME: 30.0
# elapsed: 45.111558
# pid: 2551403
# status: 0

#### Pass 2

Write done: 640000 in 2.0641, score 77516
Read done: 454016 in 2.0000, score 56750
Copy done: 3843872 in 30.0002, score 32032

# COUNT0: 32032
# COUNT1: 0
# COUNT2: KBps
# TIME: 30.0
# elapsed: 45.077721
# pid: 2551413
# status: 0

#### Pass 3

Write done: 416000 in 2.1032, score 49449
Read done: 600944 in 2.0000, score 75116
Copy done: 3477968 in 30.0001, score 28982

# COUNT0: 28982
# COUNT1: 0
# COUNT2: KBps
# TIME: 30.0
# elapsed: 45.116754
# pid: 2551422
# status: 0

*Dump score:      28982.0
Count score:      32032.0
Count score:      34162.0

>>>> Results of 1 copy
>>>> score: 33079.8607010368
>>>> time: 30
>>>> iterations: 2


########################################################
Pipe Throughput -- 1 copy
==> "/mnt/host0/unixbench/UnixBench/pgms/pipe" 10 2>&1 >> "/mnt/host0/unixbench/UnixBench/results/uarf-2025-06-04-05.log"

#### Pass 1


# COUNT0: 8177518
# COUNT1: 1
# COUNT2: lps
# elapsed: 10.003923
# pid: 2551431
# status: 0

#### Pass 2


# COUNT0: 8159017
# COUNT1: 1
# COUNT2: lps
# elapsed: 10.004156
# pid: 2551440
# status: 0

#### Pass 3


# COUNT0: 8309461
# COUNT1: 1
# COUNT2: lps
# elapsed: 10.003981
# pid: 2551449
# status: 0

#### Pass 4


# COUNT0: 8422937
# COUNT1: 1
# COUNT2: lps
# elapsed: 10.004013
# pid: 2551458
# status: 0

#### Pass 5


# COUNT0: 8379973
# COUNT1: 1
# COUNT2: lps
# elapsed: 10.003852
# pid: 2551467
# status: 0

#### Pass 6


# COUNT0: 8312479
# COUNT1: 1
# COUNT2: lps
# elapsed: 10.003740
# pid: 2551476
# status: 0

#### Pass 7


# COUNT0: 8262232
# COUNT1: 1
# COUNT2: lps
# elapsed: 10.004010
# pid: 2551485
# status: 0

#### Pass 8


# COUNT0: 8394377
# COUNT1: 1
# COUNT2: lps
# elapsed: 10.003684
# pid: 2551494
# status: 0

#### Pass 9


# COUNT0: 8435235
# COUNT1: 1
# COUNT2: lps
# elapsed: 10.003802
# pid: 2551503
# status: 0

#### Pass 10


# COUNT0: 8569609
# COUNT1: 1
# COUNT2: lps
# elapsed: 10.003792
# pid: 2551512
# status: 0

*Dump score:    8159017.0
*Dump score:    8177518.0
*Dump score:    8262232.0
Count score:    8309461.0
Count score:    8312479.0
Count score:    8379973.0
Count score:    8394377.0
Count score:    8422937.0
Count score:    8435235.0
Count score:    8569609.0

>>>> Results of 1 copy
>>>> score: 839981.980024441
>>>> time: 10.0038377142857
>>>> iterations: 7


########################################################
Pipe-based Context Switching -- 1 copy
==> "/mnt/host0/unixbench/UnixBench/pgms/context1" 10 2>&1 >> "/mnt/host0/unixbench/UnixBench/results/uarf-2025-06-04-05.log"

#### Pass 1


# COUNT0: 132048
# COUNT1: 1
# COUNT2: lps
# elapsed: 10.003794
# pid: 2551521
# status: 0

#### Pass 2


# COUNT0: 131633
# COUNT1: 1
# COUNT2: lps
# elapsed: 10.003535
# pid: 2551531
# status: 0

#### Pass 3


# COUNT0: 131600
# COUNT1: 1
# COUNT2: lps
# elapsed: 10.003698
# pid: 2551541
# status: 0

#### Pass 4


# COUNT0: 131783
# COUNT1: 1
# COUNT2: lps
# elapsed: 10.003764
# pid: 2551551
# status: 0

#### Pass 5


# COUNT0: 132062
# COUNT1: 1
# COUNT2: lps
# elapsed: 10.003731
# pid: 2551561
# status: 0

#### Pass 6


# COUNT0: 131600
# COUNT1: 1
# COUNT2: lps
# elapsed: 10.003573
# pid: 2551571
# status: 0

#### Pass 7


# COUNT0: 132376
# COUNT1: 1
# COUNT2: lps
# elapsed: 10.003374
# pid: 2551581
# status: 0

#### Pass 8


# COUNT0: 132005
# COUNT1: 1
# COUNT2: lps
# elapsed: 10.003854
# pid: 2551592
# status: 0

#### Pass 9


# COUNT0: 132423
# COUNT1: 1
# COUNT2: lps
# elapsed: 10.003502
# pid: 2551602
# status: 0

#### Pass 10


# COUNT0: 131272
# COUNT1: 1
# COUNT2: lps
# elapsed: 10.003904
# pid: 2551612
# status: 0

*Dump score:     131272.0
*Dump score:     131600.0
*Dump score:     131600.0
Count score:     131633.0
Count score:     131783.0
Count score:     132005.0
Count score:     132048.0
Count score:     132062.0
Count score:     132376.0
Count score:     132423.0

>>>> Results of 1 copy
>>>> score: 13199.8689291096
>>>> time: 10.0036505714286
>>>> iterations: 7


########################################################
Process Creation -- 1 copy
==> "/mnt/host0/unixbench/UnixBench/pgms/spawn" 30 2>&1 >> "/mnt/host0/unixbench/UnixBench/results/uarf-2025-06-04-05.log"

#### Pass 1


# COUNT0: 191281
# COUNT1: 1
# COUNT2: lps
# elapsed: 30.004025
# pid: 2551622
# status: 0

#### Pass 2


# COUNT0: 190849
# COUNT1: 1
# COUNT2: lps
# elapsed: 30.004112
# pid: 2742913
# status: 0

#### Pass 3


# COUNT0: 194784
# COUNT1: 1
# COUNT2: lps
# elapsed: 30.003888
# pid: 2933772
# status: 0

*Dump score:     190849.0
Count score:     191281.0
Count score:     194784.0

>>>> Results of 1 copy
>>>> score: 6433.30334218908
>>>> time: 30.0039565
>>>> iterations: 2


########################################################
System Call Overhead -- 1 copy
==> "/mnt/host0/unixbench/UnixBench/pgms/syscall" 10 2>&1 >> "/mnt/host0/unixbench/UnixBench/results/uarf-2025-06-04-05.log"

#### Pass 1


# COUNT0: 4787188
# COUNT1: 1
# COUNT2: lps
# elapsed: 10.003847
# pid: 3128566
# status: 0

#### Pass 2


# COUNT0: 5143076
# COUNT1: 1
# COUNT2: lps
# elapsed: 10.003900
# pid: 3128575
# status: 0

#### Pass 3


# COUNT0: 5084172
# COUNT1: 1
# COUNT2: lps
# elapsed: 10.003933
# pid: 3128584
# status: 0

#### Pass 4


# COUNT0: 5041889
# COUNT1: 1
# COUNT2: lps
# elapsed: 10.003911
# pid: 3128593
# status: 0

#### Pass 5


# COUNT0: 4882105
# COUNT1: 1
# COUNT2: lps
# elapsed: 10.004518
# pid: 3128602
# status: 0

#### Pass 6


# COUNT0: 5287417
# COUNT1: 1
# COUNT2: lps
# elapsed: 10.003968
# pid: 3128611
# status: 0

#### Pass 7


# COUNT0: 4951908
# COUNT1: 1
# COUNT2: lps
# elapsed: 10.004116
# pid: 3128620
# status: 0

#### Pass 8


# COUNT0: 4914347
# COUNT1: 1
# COUNT2: lps
# elapsed: 10.003946
# pid: 3128629
# status: 0

#### Pass 9


# COUNT0: 4888230
# COUNT1: 1
# COUNT2: lps
# elapsed: 10.003864
# pid: 3128638
# status: 0

#### Pass 10


# COUNT0: 4934542
# COUNT1: 1
# COUNT2: lps
# elapsed: 10.004213
# pid: 3128647
# status: 0

*Dump score:    4787188.0
*Dump score:    4882105.0
*Dump score:    4888230.0
Count score:    4914347.0
Count score:    4934542.0
Count score:    4951908.0
Count score:    5041889.0
Count score:    5084172.0
Count score:    5143076.0
Count score:    5287417.0

>>>> Results of 1 copy
>>>> score: 504752.614264575
>>>> time: 10.0039981428571
>>>> iterations: 7


########################################################
Shell Scripts (1 concurrent) -- 1 copy
==> "/mnt/host0/unixbench/UnixBench/pgms/looper" 60 "/mnt/host0/unixbench/UnixBench/pgms/multi.sh" 1 2>&1 >> "/mnt/host0/unixbench/UnixBench/results/uarf-2025-06-04-05.log"

#### Pass 1


# COUNT0: 2935
# COUNT1: 60
# COUNT2: lpm
# elapsed: 60.020947
# pid: 3128656
# status: 0

#### Pass 2


# COUNT0: 2931
# COUNT1: 60
# COUNT2: lpm
# elapsed: 60.014282
# pid: 3155090
# status: 0

#### Pass 3


# COUNT0: 2934
# COUNT1: 60
# COUNT2: lpm
# elapsed: 60.011894
# pid: 3181487
# status: 0

*Dump score:       2931.0
Count score:       2934.0
Count score:       2935.0

>>>> Results of 1 copy
>>>> score: 2933.69708619944
>>>> time: 60.0164205
>>>> iterations: 2


########################################################
Shell Scripts (8 concurrent) -- 1 copy
==> "/mnt/host0/unixbench/UnixBench/pgms/looper" 60 "/mnt/host0/unixbench/UnixBench/pgms/multi.sh" 8 2>&1 >> "/mnt/host0/unixbench/UnixBench/results/uarf-2025-06-04-05.log"

#### Pass 1


# COUNT0: 625
# COUNT1: 60
# COUNT2: lpm
# elapsed: 60.014242
# pid: 3207911
# status: 0

#### Pass 2


# COUNT0: 624
# COUNT1: 60
# COUNT2: lpm
# elapsed: 60.020408
# pid: 3248610
# status: 0

#### Pass 3


# COUNT0: 624
# COUNT1: 60
# COUNT2: lpm
# elapsed: 60.015515
# pid: 3289244
# status: 0

*Dump score:        624.0
Count score:        624.0
Count score:        625.0

>>>> Results of 1 copy
>>>> score: 624.344977929059
>>>> time: 60.0148785
>>>> iterations: 2


########################################################
Dhrystone 2 using register variables -- 2 copies
==> "/mnt/host0/unixbench/UnixBench/pgms/dhry2reg" 10 2>&1 >> "/mnt/host0/unixbench/UnixBench/results/uarf-2025-06-04-05.log"

#### Pass 1


# COUNT0: 333527553
# COUNT1: 1
# COUNT2: lps
# elapsed: 10.005157
# pid: 3329878
# status: 0

# COUNT0: 333540251
# COUNT1: 1
# COUNT2: lps
# elapsed: 10.004378
# pid: 3329880
# status: 0

#### Pass 2


# COUNT0: 334010891
# COUNT1: 1
# COUNT2: lps
# elapsed: 10.005429
# pid: 3329891
# status: 0

# COUNT0: 333960086
# COUNT1: 1
# COUNT2: lps
# elapsed: 10.004753
# pid: 3329893
# status: 0

#### Pass 3


# COUNT0: 333917263
# COUNT1: 1
# COUNT2: lps
# elapsed: 10.005212
# pid: 3329903
# status: 0

# COUNT0: 334007002
# COUNT1: 1
# COUNT2: lps
# elapsed: 10.004514
# pid: 3329905
# status: 0

#### Pass 4


# COUNT0: 334053616
# COUNT1: 1
# COUNT2: lps
# elapsed: 10.004849
# pid: 3329915
# status: 0

# COUNT0: 333963963
# COUNT1: 1
# COUNT2: lps
# elapsed: 10.004313
# pid: 3329917
# status: 0

#### Pass 5


# COUNT0: 334002096
# COUNT1: 1
# COUNT2: lps
# elapsed: 10.004783
# pid: 3329927
# status: 0

# COUNT0: 333926244
# COUNT1: 1
# COUNT2: lps
# elapsed: 10.004588
# pid: 3329928
# status: 0

#### Pass 6


# COUNT0: 334020113
# COUNT1: 1
# COUNT2: lps
# elapsed: 10.004915
# pid: 3329939
# status: 0

# COUNT0: 333900411
# COUNT1: 1
# COUNT2: lps
# elapsed: 10.004667
# pid: 3329941
# status: 0

#### Pass 7


# COUNT0: 333888704
# COUNT1: 1
# COUNT2: lps
# elapsed: 10.004709
# pid: 3329951
# status: 0

# COUNT0: 333889303
# COUNT1: 1
# COUNT2: lps
# elapsed: 10.004515
# pid: 3329953
# status: 0

#### Pass 8


# COUNT0: 333833361
# COUNT1: 1
# COUNT2: lps
# elapsed: 10.005279
# pid: 3329963
# status: 0

# COUNT0: 333795316
# COUNT1: 1
# COUNT2: lps
# elapsed: 10.004465
# pid: 3329965
# status: 0

#### Pass 9


# COUNT0: 333899815
# COUNT1: 1
# COUNT2: lps
# elapsed: 10.005100
# pid: 3329975
# status: 0

# COUNT0: 333959851
# COUNT1: 1
# COUNT2: lps
# elapsed: 10.004544
# pid: 3329977
# status: 0

#### Pass 10


# COUNT0: 334074886
# COUNT1: 1
# COUNT2: lps
# elapsed: 10.004926
# pid: 3329987
# status: 0

# COUNT0: 334000111
# COUNT1: 1
# COUNT2: lps
# elapsed: 10.004658
# pid: 3329989
# status: 0

*Dump score:  667067804.0
*Dump score:  667628677.0
*Dump score:  667778007.0
Count score:  667859666.0
Count score:  667920524.0
Count score:  667924265.0
Count score:  667928340.0
Count score:  667970977.0
Count score:  668017579.0
Count score:  668074997.0

>>>> Sum of 2 copies
>>>> score: 66763590.9507859
>>>> time: 10.0048036428571
>>>> iterations: 7


########################################################
Double-Precision Whetstone -- 2 copies
==> "/mnt/host0/unixbench/UnixBench/pgms/whetstone-double"  2>&1 >> "/mnt/host0/unixbench/UnixBench/results/uarf-2025-06-04-05.log"

#### Pass 1

Calibrate
       0.00 Seconds          1   Passes (x 100)
       0.01 Seconds          5   Passes (x 100)
       0.04 Seconds         25   Passes (x 100)
       0.18 Seconds        125   Passes (x 100)
       0.88 Seconds        625   Passes (x 100)

Use 7079  passes (x 100)

          Double Precision C/C++ Whetstone Benchmark

Loop content                  Result              MFLOPS      MOPS   Seconds

N1 floating point     -1.12398255667392033      1643.482              0.083
N2 floating point     -1.12187079889294417      1950.669              0.488
N3 if then else        1.00000000000000000                6580.829    0.111
N4 fixed point        12.00000000000000000               25428525938.414    0.000
N5 sin,cos etc.        0.49902937281518261                 164.856    3.573
N6 floating point      0.99999987890802811      1095.182              3.487
N7 assignments         3.00000000000000000                3313.969    0.395
N8 exp,sqrt etc.       0.75100163018453958                 144.259    1.825

MWIPS                                           7106.587              9.961

Calibrate
       0.00 Seconds          1   Passes (x 100)
       0.01 Seconds          5   Passes (x 100)
       0.04 Seconds         25   Passes (x 100)
       0.18 Seconds        125   Passes (x 100)
       0.88 Seconds        625   Passes (x 100)

Use 7083  passes (x 100)

          Double Precision C/C++ Whetstone Benchmark

Loop content                  Result              MFLOPS      MOPS   Seconds

N1 floating point     -1.12398255667392033      1642.399              0.083
N2 floating point     -1.12187079889294417      1949.302              0.488
N3 if then else        1.00000000000000000                6580.640    0.111
N4 fixed point        12.00000000000000000                   0.000   -0.000
N5 sin,cos etc.        0.49902937281518261                 164.869    3.574
N6 floating point      0.99999987890802811      1095.299              3.488
N7 assignments         3.00000000000000000                3308.348    0.396
N8 exp,sqrt etc.       0.75100163018453958                 144.259    1.826

MWIPS                                           7106.278              9.967


# COUNT0: 7106.278
# COUNT1: 0
# COUNT2: MWIPS
# TIME: 9.967
# elapsed: 11.904003
# pid: 3329999
# status: 0

# COUNT0: 7106.587
# COUNT1: 0
# COUNT2: MWIPS
# TIME: 9.961
# elapsed: 11.897478
# pid: 3330001
# status: 0

#### Pass 2

Calibrate
       0.00 Seconds          1   Passes (x 100)
       0.01 Seconds          5   Passes (x 100)
       0.04 Seconds         25   Passes (x 100)
       0.18 Seconds        125   Passes (x 100)
       0.88 Seconds        625   Passes (x 100)

Use 7095  passes (x 100)

          Double Precision C/C++ Whetstone Benchmark

Loop content                  Result              MFLOPS      MOPS   Seconds

N1 floating point     -1.12398255667392033      1636.906              0.083
N2 floating point     -1.12187079889294417      1943.974              0.491
N3 if then else        1.00000000000000000                6521.203    0.113
N4 fixed point        12.00000000000000000               311634146316.925    0.000
N5 sin,cos etc.        0.49902937281518261                 164.868    3.580
N6 floating point      0.99999987890802811      1095.114              3.495
N7 assignments         3.00000000000000000                3279.464    0.400
N8 exp,sqrt etc.       0.75100163018453958                 144.366    1.828

MWIPS                                           7102.458              9.989

Calibrate
       0.00 Seconds          1   Passes (x 100)
       0.01 Seconds          5   Passes (x 100)
       0.04 Seconds         25   Passes (x 100)
       0.18 Seconds        125   Passes (x 100)
       0.88 Seconds        625   Passes (x 100)

Use 7097  passes (x 100)

          Double Precision C/C++ Whetstone Benchmark

Loop content                  Result              MFLOPS      MOPS   Seconds

N1 floating point     -1.12398255667392033      1636.159              0.083
N2 floating point     -1.12187079889294417      1944.935              0.490
N3 if then else        1.00000000000000000                6521.293    0.113
N4 fixed point        12.00000000000000000                   0.000   -0.000
N5 sin,cos etc.        0.49902937281518261                 164.895    3.581
N6 floating point      0.99999987890802811      1095.467              3.495
N7 assignments         3.00000000000000000                3279.430    0.400
N8 exp,sqrt etc.       0.75100163018453958                 144.354    1.829

MWIPS                                           7103.697              9.991


# COUNT0: 7103.697
# COUNT1: 0
# COUNT2: MWIPS
# TIME: 9.991
# elapsed: 11.930311
# pid: 3330011
# status: 0

# COUNT0: 7102.458
# COUNT1: 0
# COUNT2: MWIPS
# TIME: 9.989
# elapsed: 11.929109
# pid: 3330013
# status: 0

#### Pass 3

Calibrate
       0.00 Seconds          1   Passes (x 100)
       0.01 Seconds          5   Passes (x 100)
       0.04 Seconds         25   Passes (x 100)
       0.18 Seconds        125   Passes (x 100)
       0.88 Seconds        625   Passes (x 100)

Use 7096  passes (x 100)

          Double Precision C/C++ Whetstone Benchmark

Loop content                  Result              MFLOPS      MOPS   Seconds

N1 floating point     -1.12398255667392033      1628.330              0.084
N2 floating point     -1.12187079889294417      1947.862              0.490
N3 if then else        1.00000000000000000                6511.593    0.113
N4 fixed point        12.00000000000000000               23971311469.102    0.000
N5 sin,cos etc.        0.49902937281518261                 164.934    3.580
N6 floating point      0.99999987890802811      1094.647              3.497
N7 assignments         3.00000000000000000                3284.082    0.399
N8 exp,sqrt etc.       0.75100163018453958                 133.627    1.975

MWIPS                                           7000.110             10.137

Calibrate
       0.00 Seconds          1   Passes (x 100)
       0.01 Seconds          5   Passes (x 100)
       0.04 Seconds         25   Passes (x 100)
       0.18 Seconds        125   Passes (x 100)
       0.88 Seconds        625   Passes (x 100)

Use 7096  passes (x 100)

          Double Precision C/C++ Whetstone Benchmark

Loop content                  Result              MFLOPS      MOPS   Seconds

N1 floating point     -1.12398255667392033      1631.368              0.084
N2 floating point     -1.12187079889294417      1947.750              0.490
N3 if then else        1.00000000000000000                6515.347    0.113
N4 fixed point        12.00000000000000000               22526323904.661    0.000
N5 sin,cos etc.        0.49902937281518261                 164.924    3.580
N6 floating point      0.99999987890802811      1094.627              3.497
N7 assignments         3.00000000000000000                3275.086    0.400
N8 exp,sqrt etc.       0.75100163018453958                 133.482    1.978

MWIPS                                           6997.817             10.140


# COUNT0: 6997.817
# COUNT1: 0
# COUNT2: MWIPS
# TIME: 10.140
# elapsed: 12.081103
# pid: 3330023
# status: 0

# COUNT0: 7000.110
# COUNT1: 0
# COUNT2: MWIPS
# TIME: 10.137
# elapsed: 12.080545
# pid: 3330025
# status: 0

#### Pass 4

Calibrate
       0.00 Seconds          1   Passes (x 100)
       0.01 Seconds          5   Passes (x 100)
       0.04 Seconds         25   Passes (x 100)
       0.18 Seconds        125   Passes (x 100)
       0.88 Seconds        625   Passes (x 100)

Use 7082  passes (x 100)

          Double Precision C/C++ Whetstone Benchmark

Loop content                  Result              MFLOPS      MOPS   Seconds

N1 floating point     -1.12398255667392033      1626.467              0.084
N2 floating point     -1.12187079889294417      1943.300              0.490
N3 if then else        1.00000000000000000                6531.171    0.112
N4 fixed point        12.00000000000000000                   0.000   -0.000
N5 sin,cos etc.        0.49902937281518261                 164.593    3.580
N6 floating point      0.99999987890802811      1093.899              3.492
N7 assignments         3.00000000000000000                3289.334    0.398
N8 exp,sqrt etc.       0.75100163018453958                 144.394    1.825

MWIPS                                           7096.179              9.980

Calibrate
       0.00 Seconds          1   Passes (x 100)
       0.01 Seconds          5   Passes (x 100)
       0.04 Seconds         25   Passes (x 100)
       0.18 Seconds        125   Passes (x 100)
       0.88 Seconds        625   Passes (x 100)

Use 7085  passes (x 100)

          Double Precision C/C++ Whetstone Benchmark

Loop content                  Result              MFLOPS      MOPS   Seconds

N1 floating point     -1.12398255667392033      1626.700              0.084
N2 floating point     -1.12187079889294417      1943.612              0.490
N3 if then else        1.00000000000000000                6531.150    0.112
N4 fixed point        12.00000000000000000               60790359455.884    0.000
N5 sin,cos etc.        0.49902937281518261                 164.630    3.581
N6 floating point      0.99999987890802811      1094.241              3.493
N7 assignments         3.00000000000000000                3289.124    0.398
N8 exp,sqrt etc.       0.75100163018453958                 144.407    1.825

MWIPS                                           7097.682              9.982


# COUNT0: 7096.179
# COUNT1: 0
# COUNT2: MWIPS
# TIME: 9.980
# elapsed: 11.923889
# pid: 3330035
# status: 0

# COUNT0: 7097.682
# COUNT1: 0
# COUNT2: MWIPS
# TIME: 9.982
# elapsed: 11.925486
# pid: 3330037
# status: 0

#### Pass 5

Calibrate
       0.00 Seconds          1   Passes (x 100)
       0.01 Seconds          5   Passes (x 100)
       0.04 Seconds         25   Passes (x 100)
       0.18 Seconds        125   Passes (x 100)
       0.88 Seconds        625   Passes (x 100)

Use 7091  passes (x 100)

          Double Precision C/C++ Whetstone Benchmark

Loop content                  Result              MFLOPS      MOPS   Seconds

N1 floating point     -1.12398255667392033      1623.260              0.084
N2 floating point     -1.12187079889294417      1313.909              0.725
N3 if then else        1.00000000000000000                6512.777    0.113
N4 fixed point        12.00000000000000000               29201171147.185    0.000
N5 sin,cos etc.        0.49902937281518261                 162.812    3.624
N6 floating point      0.99999987890802811      1096.359              3.489
N7 assignments         3.00000000000000000                3299.260    0.397
N8 exp,sqrt etc.       0.75100163018453958                 144.455    1.826

MWIPS                                           6912.982             10.258

Calibrate
       0.00 Seconds          1   Passes (x 100)
       0.01 Seconds          5   Passes (x 100)
       0.04 Seconds         25   Passes (x 100)
       0.18 Seconds        125   Passes (x 100)
       0.88 Seconds        625   Passes (x 100)

Use 7094  passes (x 100)

          Double Precision C/C++ Whetstone Benchmark

Loop content                  Result              MFLOPS      MOPS   Seconds

N1 floating point     -1.12398255667392033      1623.670              0.084
N2 floating point     -1.12187079889294417      1317.603              0.724
N3 if then else        1.00000000000000000                6512.360    0.113
N4 fixed point        12.00000000000000000               150048560725.465    0.000
N5 sin,cos etc.        0.49902937281518261                 162.724    3.627
N6 floating point      0.99999987890802811      1096.907              3.488
N7 assignments         3.00000000000000000                3297.328    0.398
N8 exp,sqrt etc.       0.75100163018453958                 144.457    1.827

MWIPS                                           6914.076             10.260


# COUNT0: 6912.982
# COUNT1: 0
# COUNT2: MWIPS
# TIME: 10.258
# elapsed: 12.202959
# pid: 3330047
# status: 0

# COUNT0: 6914.076
# COUNT1: 0
# COUNT2: MWIPS
# TIME: 10.260
# elapsed: 12.204171
# pid: 3330049
# status: 0

#### Pass 6

Calibrate
       0.00 Seconds          1   Passes (x 100)
       0.01 Seconds          5   Passes (x 100)
       0.04 Seconds         25   Passes (x 100)
       0.18 Seconds        125   Passes (x 100)
       0.88 Seconds        625   Passes (x 100)

Use 7101  passes (x 100)

          Double Precision C/C++ Whetstone Benchmark

Loop content                  Result              MFLOPS      MOPS   Seconds

N1 floating point     -1.12398255667392033      1622.525              0.084
N2 floating point     -1.12187079889294417      1941.803              0.491
N3 if then else        1.00000000000000000                6564.839    0.112
N4 fixed point        12.00000000000000000               20646748535.682    0.000
N5 sin,cos etc.        0.49902937281518261                 164.691    3.587
N6 floating point      0.99999987890802811      1094.786              3.499
N7 assignments         3.00000000000000000                3287.639    0.399
N8 exp,sqrt etc.       0.75100163018453958                 144.386    1.830

MWIPS                                           7099.471             10.002

Calibrate
       0.00 Seconds          1   Passes (x 100)
       0.01 Seconds          5   Passes (x 100)
       0.04 Seconds         25   Passes (x 100)
       0.18 Seconds        125   Passes (x 100)
       0.88 Seconds        625   Passes (x 100)

Use 7101  passes (x 100)

          Double Precision C/C++ Whetstone Benchmark

Loop content                  Result              MFLOPS      MOPS   Seconds

N1 floating point     -1.12398255667392033      1622.786              0.084
N2 floating point     -1.12187079889294417      1940.543              0.492
N3 if then else        1.00000000000000000                6565.898    0.112
N4 fixed point        12.00000000000000000               1062260227557.267    0.000
N5 sin,cos etc.        0.49902937281518261                 164.658    3.588
N6 floating point      0.99999987890802811      1094.613              3.499
N7 assignments         3.00000000000000000                3285.697    0.399
N8 exp,sqrt etc.       0.75100163018453958                 144.362    1.830

MWIPS                                           7097.989             10.004


# COUNT0: 7099.471
# COUNT1: 0
# COUNT2: MWIPS
# TIME: 10.002
# elapsed: 11.947714
# pid: 3330059
# status: 0

# COUNT0: 7097.989
# COUNT1: 0
# COUNT2: MWIPS
# TIME: 10.004
# elapsed: 11.949082
# pid: 3330061
# status: 0

#### Pass 7

Calibrate
       0.00 Seconds          1   Passes (x 100)
       0.01 Seconds          5   Passes (x 100)
       0.04 Seconds         25   Passes (x 100)
       0.18 Seconds        125   Passes (x 100)
       0.88 Seconds        625   Passes (x 100)

Use 7083  passes (x 100)

          Double Precision C/C++ Whetstone Benchmark

Loop content                  Result              MFLOPS      MOPS   Seconds

N1 floating point     -1.12398255667392033      1629.177              0.083
N2 floating point     -1.12187079889294417      1944.293              0.490
N3 if then else        1.00000000000000000                6564.741    0.112
N4 fixed point        12.00000000000000000                   0.000   -0.000
N5 sin,cos etc.        0.49902937281518261                 164.850    3.575
N6 floating point      0.99999987890802811      1094.875              3.490
N7 assignments         3.00000000000000000                3318.236    0.394
N8 exp,sqrt etc.       0.75100163018453958                 144.486    1.824

MWIPS                                           7106.336              9.967

Calibrate
       0.00 Seconds          1   Passes (x 100)
       0.01 Seconds          5   Passes (x 100)
       0.04 Seconds         25   Passes (x 100)
       0.18 Seconds        125   Passes (x 100)
       0.88 Seconds        625   Passes (x 100)

Use 7087  passes (x 100)

          Double Precision C/C++ Whetstone Benchmark

Loop content                  Result              MFLOPS      MOPS   Seconds

N1 floating point     -1.12398255667392033      1628.104              0.084
N2 floating point     -1.12187079889294417      1944.518              0.490
N3 if then else        1.00000000000000000                6565.036    0.112
N4 fixed point        12.00000000000000000               58850721347.312    0.000
N5 sin,cos etc.        0.49902937281518261                 164.846    3.577
N6 floating point      0.99999987890802811      1094.889              3.491
N7 assignments         3.00000000000000000                3309.966    0.396
N8 exp,sqrt etc.       0.75100163018453958                 144.514    1.824

MWIPS                                           7105.869              9.973


# COUNT0: 7105.869
# COUNT1: 0
# COUNT2: MWIPS
# TIME: 9.973
# elapsed: 11.915768
# pid: 3330071
# status: 0

# COUNT0: 7106.336
# COUNT1: 0
# COUNT2: MWIPS
# TIME: 9.967
# elapsed: 11.908858
# pid: 3330073
# status: 0

#### Pass 8

Calibrate
       0.00 Seconds          1   Passes (x 100)
       0.01 Seconds          5   Passes (x 100)
       0.04 Seconds         25   Passes (x 100)
       0.18 Seconds        125   Passes (x 100)
       0.88 Seconds        625   Passes (x 100)

Use 7090  passes (x 100)

          Double Precision C/C++ Whetstone Benchmark

Loop content                  Result              MFLOPS      MOPS   Seconds

N1 floating point     -1.12398255667392033      1632.798              0.083
N2 floating point     -1.12187079889294417      1941.144              0.491
N3 if then else        1.00000000000000000                6579.945    0.112
N4 fixed point        12.00000000000000000               20740373842.630    0.000
N5 sin,cos etc.        0.49902937281518261                 164.709    3.581
N6 floating point      0.99999987890802811      1092.755              3.500
N7 assignments         3.00000000000000000                3300.940    0.397
N8 exp,sqrt etc.       0.75100163018453958                 144.094    1.830

MWIPS                                           7094.099              9.994

Calibrate
       0.00 Seconds          1   Passes (x 100)
       0.01 Seconds          5   Passes (x 100)
       0.04 Seconds         25   Passes (x 100)
       0.18 Seconds        125   Passes (x 100)
       0.88 Seconds        625   Passes (x 100)

Use 7094  passes (x 100)

          Double Precision C/C++ Whetstone Benchmark

Loop content                  Result              MFLOPS      MOPS   Seconds

N1 floating point     -1.12398255667392033      1632.270              0.083
N2 floating point     -1.12187079889294417      1942.061              0.491
N3 if then else        1.00000000000000000                6578.705    0.112
N4 fixed point        12.00000000000000000               177082702660.698    0.000
N5 sin,cos etc.        0.49902937281518261                 164.773    3.582
N6 floating point      0.99999987890802811      1092.984              3.501
N7 assignments         3.00000000000000000                3299.518    0.397
N8 exp,sqrt etc.       0.75100163018453958                 144.093    1.831

MWIPS                                           7095.608              9.998


# COUNT0: 7095.608
# COUNT1: 0
# COUNT2: MWIPS
# TIME: 9.998
# elapsed: 11.938789
# pid: 3330083
# status: 0

# COUNT0: 7094.099
# COUNT1: 0
# COUNT2: MWIPS
# TIME: 9.994
# elapsed: 11.935303
# pid: 3330085
# status: 0

#### Pass 9

Calibrate
       0.00 Seconds          1   Passes (x 100)
       0.01 Seconds          5   Passes (x 100)
       0.04 Seconds         25   Passes (x 100)
       0.18 Seconds        125   Passes (x 100)
       0.88 Seconds        625   Passes (x 100)

Use 7087  passes (x 100)

          Double Precision C/C++ Whetstone Benchmark

Loop content                  Result              MFLOPS      MOPS   Seconds

N1 floating point     -1.12398255667392033      1636.172              0.083
N2 floating point     -1.12187079889294417      1944.391              0.490
N3 if then else        1.00000000000000000                6577.213    0.112
N4 fixed point        12.00000000000000000                   0.000   -0.000
N5 sin,cos etc.        0.49902937281518261                 164.771    3.579
N6 floating point      0.99999987890802811      1094.668              3.492
N7 assignments         3.00000000000000000                3291.391    0.398
N8 exp,sqrt etc.       0.75100163018453958                 144.465    1.825

MWIPS                                           7102.596              9.978

Calibrate
       0.00 Seconds          1   Passes (x 100)
       0.01 Seconds          5   Passes (x 100)
       0.04 Seconds         25   Passes (x 100)
       0.18 Seconds        125   Passes (x 100)
       0.88 Seconds        625   Passes (x 100)

Use 7086  passes (x 100)

          Double Precision C/C++ Whetstone Benchmark

Loop content                  Result              MFLOPS      MOPS   Seconds

N1 floating point     -1.12398255667392033      1635.990              0.083
N2 floating point     -1.12187079889294417      1944.962              0.490
N3 if then else        1.00000000000000000                6574.936    0.112
N4 fixed point        12.00000000000000000               32887198199.287    0.000
N5 sin,cos etc.        0.49902937281518261                 164.721    3.579
N6 floating point      0.99999987890802811      1094.476              3.492
N7 assignments         3.00000000000000000                3290.604    0.398
N8 exp,sqrt etc.       0.75100163018453958                 144.431    1.825

MWIPS                                           7101.079              9.979


# COUNT0: 7102.596
# COUNT1: 0
# COUNT2: MWIPS
# TIME: 9.978
# elapsed: 11.916610
# pid: 3330095
# status: 0

# COUNT0: 7101.079
# COUNT1: 0
# COUNT2: MWIPS
# TIME: 9.979
# elapsed: 11.918001
# pid: 3330097
# status: 0

#### Pass 10

Calibrate
       0.00 Seconds          1   Passes (x 100)
       0.01 Seconds          5   Passes (x 100)
       0.04 Seconds         25   Passes (x 100)
       0.18 Seconds        125   Passes (x 100)
       0.88 Seconds        625   Passes (x 100)

Use 7093  passes (x 100)

          Double Precision C/C++ Whetstone Benchmark

Loop content                  Result              MFLOPS      MOPS   Seconds

N1 floating point     -1.12398255667392033      1640.551              0.083
N2 floating point     -1.12187079889294417      1952.757              0.488
N3 if then else        1.00000000000000000                6575.242    0.112
N4 fixed point        12.00000000000000000               36083479430.413    0.000
N5 sin,cos etc.        0.49902937281518261                 164.684    3.583
N6 floating point      0.99999987890802811      1094.847              3.495
N7 assignments         3.00000000000000000                3270.564    0.401
N8 exp,sqrt etc.       0.75100163018453958                 144.509    1.826

MWIPS                                           7101.866              9.988

Calibrate
       0.00 Seconds          1   Passes (x 100)
       0.01 Seconds          5   Passes (x 100)
       0.04 Seconds         25   Passes (x 100)
       0.18 Seconds        125   Passes (x 100)
       0.88 Seconds        625   Passes (x 100)

Use 7097  passes (x 100)

          Double Precision C/C++ Whetstone Benchmark

Loop content                  Result              MFLOPS      MOPS   Seconds

N1 floating point     -1.12398255667392033      1640.299              0.083
N2 floating point     -1.12187079889294417      1952.407              0.489
N3 if then else        1.00000000000000000                6575.774    0.112
N4 fixed point        12.00000000000000000                   0.000   -0.000
N5 sin,cos etc.        0.49902937281518261                 164.723    3.585
N6 floating point      0.99999987890802811      1095.150              3.496
N7 assignments         3.00000000000000000                3268.005    0.401
N8 exp,sqrt etc.       0.75100163018453958                 144.507    1.827

MWIPS                                           7102.859              9.992


# COUNT0: 7101.866
# COUNT1: 0
# COUNT2: MWIPS
# TIME: 9.988
# elapsed: 11.924509
# pid: 3330107
# status: 0

# COUNT0: 7102.859
# COUNT1: 0
# COUNT2: MWIPS
# TIME: 9.992
# elapsed: 11.928178
# pid: 3330109
# status: 0

*Dump score:      13827.1
*Dump score:      13997.9
*Dump score:      14189.7
Count score:      14193.9
Count score:      14197.5
Count score:      14203.7
Count score:      14204.7
Count score:      14206.2
Count score:      14212.2
Count score:      14212.9

>>>> Sum of 2 copies
>>>> score: 14204.4193710003
>>>> time: 9.98235714285714
>>>> iterations: 7


########################################################
Execl Throughput -- 2 copies
==> "/mnt/host0/unixbench/UnixBench/pgms/execl" 30 2>&1 >> "/mnt/host0/unixbench/UnixBench/results/uarf-2025-06-04-05.log"

#### Pass 1


# COUNT0: 24046
# COUNT1: 1
# COUNT2: lps
# elapsed: 29.879975
# pid: 3330119
# status: 0

# COUNT0: 24012
# COUNT1: 1
# COUNT2: lps
# elapsed: 29.881370
# pid: 3330121
# status: 0

#### Pass 2


# COUNT0: 24112
# COUNT1: 1
# COUNT2: lps
# elapsed: 29.975229
# pid: 3330131
# status: 0

# COUNT0: 24106
# COUNT1: 1
# COUNT2: lps
# elapsed: 29.976684
# pid: 3330133
# status: 0

#### Pass 3


# COUNT0: 24122
# COUNT1: 1
# COUNT2: lps
# elapsed: 29.980691
# pid: 3330144
# status: 0

# COUNT0: 24085
# COUNT1: 1
# COUNT2: lps
# elapsed: 29.981331
# pid: 3330146
# status: 0

*Dump score:      48058.0
Count score:      48207.0
Count score:      48218.0

>>>> Sum of 2 copies
>>>> score: 1608.23676939979
>>>> time: 29.97848375
>>>> iterations: 2


########################################################
File Copy 1024 bufsize 2000 maxblocks -- 2 copies
==> "/mnt/host0/unixbench/UnixBench/pgms/fstime" -c -t 30 -d "/mnt/host0/unixbench/UnixBench/tmp" -b 1024 -m 2000 2>&1 >> "/mnt/host0/unixbench/UnixBench/results/uarf-2025-06-04-05.log"

#### Pass 1

Write done: 88000 in 2.0183, score 10900
Read done: 86680 in 2.0000, score 10834
Copy done: 634244 in 30.0001, score 5285
Write done: 88000 in 2.0193, score 10894
Read done: 86528 in 2.0001, score 10815
Copy done: 634248 in 30.0001, score 5285

# COUNT0: 5285
# COUNT1: 0
# COUNT2: KBps
# TIME: 30.0
# elapsed: 45.034096
# pid: 3330156
# status: 0

# COUNT0: 5285
# COUNT1: 0
# COUNT2: KBps
# TIME: 30.0
# elapsed: 45.032472
# pid: 3330158
# status: 0

#### Pass 2

Write done: 80000 in 2.0488, score 9762
Read done: 79524 in 2.0001, score 9940
Copy done: 584008 in 30.0002, score 4866
Write done: 80000 in 2.1052, score 9500
Read done: 81760 in 2.0000, score 10219
Copy done: 586332 in 30.0002, score 4886

# COUNT0: 4886
# COUNT1: 0
# COUNT2: KBps
# TIME: 30.0
# elapsed: 45.119264
# pid: 3330168
# status: 0

# COUNT0: 4866
# COUNT1: 0
# COUNT2: KBps
# TIME: 30.0
# elapsed: 45.063801
# pid: 3330170
# status: 0

#### Pass 3

Write done: 88000 in 2.1480, score 10242
Read done: 82304 in 2.0001, score 10287
Copy done: 599148 in 30.0002, score 4992
Write done: 88000 in 2.1649, score 10162
Read done: 84660 in 2.0000, score 10582
Copy done: 595776 in 30.0001, score 4964

# COUNT0: 4992
# COUNT1: 0
# COUNT2: KBps
# TIME: 30.0
# elapsed: 45.163298
# pid: 3330180
# status: 0

# COUNT0: 4964
# COUNT1: 0
# COUNT2: KBps
# TIME: 30.0
# elapsed: 45.178649
# pid: 3330182
# status: 0

*Dump score:       9752.0
Count score:       9956.0
Count score:      10570.0

>>>> Sum of 2 copies
>>>> score: 10258.4072837844
>>>> time: 30
>>>> iterations: 2


########################################################
File Copy 256 bufsize 500 maxblocks -- 2 copies
==> "/mnt/host0/unixbench/UnixBench/pgms/fstime" -c -t 30 -d "/mnt/host0/unixbench/UnixBench/tmp" -b 256 -m 500 2>&1 >> "/mnt/host0/unixbench/UnixBench/results/uarf-2025-06-04-05.log"

#### Pass 1

Write done: 24000 in 2.1614, score 2776
Read done: 19383 in 2.0000, score 2422
Copy done: 144880 in 30.0003, score 1207
Write done: 24000 in 2.1609, score 2776
Read done: 20159 in 2.0001, score 2519
Copy done: 146290 in 30.0000, score 1219

# COUNT0: 1207
# COUNT1: 0
# COUNT2: KBps
# TIME: 30.0
# elapsed: 45.176070
# pid: 3330192
# status: 0

# COUNT0: 1219
# COUNT1: 0
# COUNT2: KBps
# TIME: 30.0
# elapsed: 45.176081
# pid: 3330194
# status: 0

#### Pass 2

Write done: 22000 in 2.1913, score 2509
Read done: 21335 in 2.0001, score 2666
Copy done: 143643 in 30.0002, score 1197
Write done: 22000 in 2.1924, score 2508
Read done: 21536 in 2.0001, score 2691
Copy done: 144498 in 30.0002, score 1204

# COUNT0: 1204
# COUNT1: 0
# COUNT2: KBps
# TIME: 30.0
# elapsed: 45.206488
# pid: 3330204
# status: 0

# COUNT0: 1197
# COUNT1: 0
# COUNT2: KBps
# TIME: 30.0
# elapsed: 45.206588
# pid: 3330206
# status: 0

#### Pass 3

Write done: 20000 in 2.0589, score 2428
Read done: 20344 in 2.0001, score 2542
Copy done: 150535 in 30.0001, score 1254
Write done: 20000 in 2.1681, score 2306
Read done: 19021 in 2.0001, score 2377
Copy done: 153564 in 30.0001, score 1279

# COUNT0: 1254
# COUNT1: 0
# COUNT2: KBps
# TIME: 30.0
# elapsed: 45.073785
# pid: 3330216
# status: 0

# COUNT0: 1279
# COUNT1: 0
# COUNT2: KBps
# TIME: 30.0
# elapsed: 45.181911
# pid: 3330218
# status: 0

*Dump score:       2401.0
Count score:       2426.0
Count score:       2533.0

>>>> Sum of 2 copies
>>>> score: 2478.92274990569
>>>> time: 30
>>>> iterations: 2


########################################################
File Copy 4096 bufsize 8000 maxblocks -- 2 copies
==> "/mnt/host0/unixbench/UnixBench/pgms/fstime" -c -t 30 -d "/mnt/host0/unixbench/UnixBench/tmp" -b 4096 -m 8000 2>&1 >> "/mnt/host0/unixbench/UnixBench/results/uarf-2025-06-04-05.log"

#### Pass 1

Write done: 320000 in 2.1171, score 37787
Read done: 304512 in 2.0001, score 38062
Copy done: 2351792 in 30.0001, score 19598
Write done: 320000 in 2.1264, score 37622
Read done: 301456 in 2.0000, score 37681
Copy done: 2332208 in 30.0001, score 19435

# COUNT0: 19435
# COUNT1: 0
# COUNT2: KBps
# TIME: 30.0
# elapsed: 45.141549
# pid: 3330229
# status: 0

# COUNT0: 19598
# COUNT1: 0
# COUNT2: KBps
# TIME: 30.0
# elapsed: 45.133627
# pid: 3330231
# status: 0

#### Pass 2

Write done: 320000 in 2.0827, score 38411
Read done: 304688 in 2.0001, score 38084
Copy done: 2282016 in 30.0001, score 19016
Write done: 320000 in 2.1663, score 36928
Read done: 327472 in 2.0001, score 40932
Copy done: 2306960 in 30.0000, score 19224

# COUNT0: 19224
# COUNT1: 0
# COUNT2: KBps
# TIME: 30.0
# elapsed: 45.181987
# pid: 3330241
# status: 0

# COUNT0: 19016
# COUNT1: 0
# COUNT2: KBps
# TIME: 30.0
# elapsed: 45.099412
# pid: 3330243
# status: 0

#### Pass 3

Write done: 352000 in 2.1578, score 40783
Read done: 316512 in 2.0001, score 39562
Copy done: 2391744 in 30.0002, score 19931
Write done: 352000 in 2.1730, score 40497
Read done: 319984 in 2.0000, score 39997
Copy done: 2365696 in 30.0000, score 19714

# COUNT0: 19931
# COUNT1: 0
# COUNT2: KBps
# TIME: 30.0
# elapsed: 45.174872
# pid: 3330253
# status: 0

# COUNT0: 19714
# COUNT1: 0
# COUNT2: KBps
# TIME: 30.0
# elapsed: 45.187694
# pid: 3330255
# status: 0

*Dump score:      38240.0
Count score:      39033.0
Count score:      39645.0

>>>> Sum of 2 copies
>>>> score: 39337.8098653191
>>>> time: 30
>>>> iterations: 2


########################################################
Pipe Throughput -- 2 copies
==> "/mnt/host0/unixbench/UnixBench/pgms/pipe" 10 2>&1 >> "/mnt/host0/unixbench/UnixBench/results/uarf-2025-06-04-05.log"

#### Pass 1


# COUNT0: 5070774
# COUNT1: 1
# COUNT2: lps
# elapsed: 10.004797
# pid: 3330265
# status: 0

# COUNT0: 5049645
# COUNT1: 1
# COUNT2: lps
# elapsed: 10.004453
# pid: 3330267
# status: 0

#### Pass 2


# COUNT0: 5093107
# COUNT1: 1
# COUNT2: lps
# elapsed: 10.005134
# pid: 3330277
# status: 0

# COUNT0: 5095305
# COUNT1: 1
# COUNT2: lps
# elapsed: 10.004421
# pid: 3330279
# status: 0

#### Pass 3


# COUNT0: 5171095
# COUNT1: 1
# COUNT2: lps
# elapsed: 10.004796
# pid: 3330289
# status: 0

# COUNT0: 5170577
# COUNT1: 1
# COUNT2: lps
# elapsed: 10.004570
# pid: 3330291
# status: 0

#### Pass 4


# COUNT0: 5150548
# COUNT1: 1
# COUNT2: lps
# elapsed: 10.005360
# pid: 3330301
# status: 0

# COUNT0: 5159554
# COUNT1: 1
# COUNT2: lps
# elapsed: 10.004822
# pid: 3330303
# status: 0

#### Pass 5


# COUNT0: 5147918
# COUNT1: 1
# COUNT2: lps
# elapsed: 10.004782
# pid: 3330313
# status: 0

# COUNT0: 5171116
# COUNT1: 1
# COUNT2: lps
# elapsed: 10.004615
# pid: 3330315
# status: 0

#### Pass 6


# COUNT0: 5123615
# COUNT1: 1
# COUNT2: lps
# elapsed: 10.004845
# pid: 3330325
# status: 0

# COUNT0: 5048375
# COUNT1: 1
# COUNT2: lps
# elapsed: 10.004516
# pid: 3330327
# status: 0

#### Pass 7


# COUNT0: 5098176
# COUNT1: 1
# COUNT2: lps
# elapsed: 10.004792
# pid: 3330337
# status: 0

# COUNT0: 5114516
# COUNT1: 1
# COUNT2: lps
# elapsed: 10.004556
# pid: 3330339
# status: 0

#### Pass 8


# COUNT0: 5113693
# COUNT1: 1
# COUNT2: lps
# elapsed: 10.005074
# pid: 3330349
# status: 0

# COUNT0: 5140934
# COUNT1: 1
# COUNT2: lps
# elapsed: 10.004729
# pid: 3330351
# status: 0

#### Pass 9


# COUNT0: 5153698
# COUNT1: 1
# COUNT2: lps
# elapsed: 10.004656
# pid: 3330361
# status: 0

# COUNT0: 5135325
# COUNT1: 1
# COUNT2: lps
# elapsed: 10.004374
# pid: 3330363
# status: 0

#### Pass 10


# COUNT0: 5165520
# COUNT1: 1
# COUNT2: lps
# elapsed: 10.004793
# pid: 3330373
# status: 0

# COUNT0: 5164431
# COUNT1: 1
# COUNT2: lps
# elapsed: 10.004551
# pid: 3330375
# status: 0

*Dump score:   10120419.0
*Dump score:   10171990.0
*Dump score:   10188412.0
Count score:   10212692.0
Count score:   10254627.0
Count score:   10289023.0
Count score:   10310102.0
Count score:   10319034.0
Count score:   10329951.0
Count score:   10341672.0

>>>> Sum of 2 copies
>>>> score: 1028889.86741086
>>>> time: 10.0047478571429
>>>> iterations: 7


########################################################
Pipe-based Context Switching -- 2 copies
==> "/mnt/host0/unixbench/UnixBench/pgms/context1" 10 2>&1 >> "/mnt/host0/unixbench/UnixBench/results/uarf-2025-06-04-05.log"

#### Pass 1


# COUNT0: 1486032
# COUNT1: 1
# COUNT2: lps
# elapsed: 10.005278
# pid: 3330385
# status: 0

# COUNT0: 1488145
# COUNT1: 1
# COUNT2: lps
# elapsed: 10.004494
# pid: 3330387
# status: 0

#### Pass 2


# COUNT0: 1479562
# COUNT1: 1
# COUNT2: lps
# elapsed: 10.005241
# pid: 3330399
# status: 0

# COUNT0: 1472816
# COUNT1: 1
# COUNT2: lps
# elapsed: 10.004748
# pid: 3330401
# status: 0

#### Pass 3


# COUNT0: 1485640
# COUNT1: 1
# COUNT2: lps
# elapsed: 10.004998
# pid: 3330413
# status: 0

# COUNT0: 1488249
# COUNT1: 1
# COUNT2: lps
# elapsed: 10.004537
# pid: 3330415
# status: 0

#### Pass 4


# COUNT0: 1481323
# COUNT1: 1
# COUNT2: lps
# elapsed: 10.005053
# pid: 3330427
# status: 0

# COUNT0: 1498557
# COUNT1: 1
# COUNT2: lps
# elapsed: 10.004335
# pid: 3330429
# status: 0

#### Pass 5


# COUNT0: 1487756
# COUNT1: 1
# COUNT2: lps
# elapsed: 10.005049
# pid: 3330442
# status: 0

# COUNT0: 1486698
# COUNT1: 1
# COUNT2: lps
# elapsed: 10.004614
# pid: 3330444
# status: 0

#### Pass 6


# COUNT0: 1487517
# COUNT1: 1
# COUNT2: lps
# elapsed: 10.004705
# pid: 3330456
# status: 0

# COUNT0: 1475024
# COUNT1: 1
# COUNT2: lps
# elapsed: 10.004277
# pid: 3330458
# status: 0

#### Pass 7


# COUNT0: 1487820
# COUNT1: 1
# COUNT2: lps
# elapsed: 10.004695
# pid: 3330473
# status: 0

# COUNT0: 1472034
# COUNT1: 1
# COUNT2: lps
# elapsed: 10.004282
# pid: 3330475
# status: 0

#### Pass 8


# COUNT0: 1503479
# COUNT1: 1
# COUNT2: lps
# elapsed: 10.004826
# pid: 3330487
# status: 0

# COUNT0: 1495482
# COUNT1: 1
# COUNT2: lps
# elapsed: 10.004471
# pid: 3330489
# status: 0

#### Pass 9


# COUNT0: 1484096
# COUNT1: 1
# COUNT2: lps
# elapsed: 10.004940
# pid: 3330501
# status: 0

# COUNT0: 1476441
# COUNT1: 1
# COUNT2: lps
# elapsed: 10.004422
# pid: 3330503
# status: 0

#### Pass 10


# COUNT0: 1486229
# COUNT1: 1
# COUNT2: lps
# elapsed: 10.004821
# pid: 3330515
# status: 0

# COUNT0: 1490167
# COUNT1: 1
# COUNT2: lps
# elapsed: 10.004754
# pid: 3330517
# status: 0

*Dump score:    2952378.0
*Dump score:    2959854.0
*Dump score:    2960537.0
Count score:    2962541.0
Count score:    2973889.0
Count score:    2974177.0
Count score:    2974454.0
Count score:    2976396.0
Count score:    2979880.0
Count score:    2998961.0

>>>> Sum of 2 copies
>>>> score: 297576.073423855
>>>> time: 10.0047294285714
>>>> iterations: 7


########################################################
Process Creation -- 2 copies
==> "/mnt/host0/unixbench/UnixBench/pgms/spawn" 30 2>&1 >> "/mnt/host0/unixbench/UnixBench/results/uarf-2025-06-04-05.log"

#### Pass 1


# COUNT0: 261251
# COUNT1: 1
# COUNT2: lps
# elapsed: 30.004997
# pid: 3330529
# status: 0

# COUNT0: 252510
# COUNT1: 1
# COUNT2: lps
# elapsed: 30.004842
# pid: 3330531
# status: 0

#### Pass 2


# COUNT0: 259507
# COUNT1: 1
# COUNT2: lps
# elapsed: 30.006002
# pid: 3844304
# status: 0

# COUNT0: 259516
# COUNT1: 1
# COUNT2: lps
# elapsed: 30.004498
# pid: 3844306
# status: 0

#### Pass 3


# COUNT0: 259686
# COUNT1: 1
# COUNT2: lps
# elapsed: 30.004966
# pid: 169337
# status: 0

# COUNT0: 267490
# COUNT1: 1
# COUNT2: lps
# elapsed: 30.004563
# pid: 169339
# status: 0

*Dump score:     513761.0
Count score:     519023.0
Count score:     527176.0

>>>> Sum of 2 copies
>>>> score: 17433.2107768387
>>>> time: 30.00500725
>>>> iterations: 2


########################################################
System Call Overhead -- 2 copies
==> "/mnt/host0/unixbench/UnixBench/pgms/syscall" 10 2>&1 >> "/mnt/host0/unixbench/UnixBench/results/uarf-2025-06-04-05.log"

#### Pass 1


# COUNT0: 3125153
# COUNT1: 1
# COUNT2: lps
# elapsed: 10.004682
# pid: 696527
# status: 0

# COUNT0: 3163445
# COUNT1: 1
# COUNT2: lps
# elapsed: 10.004385
# pid: 696529
# status: 0

#### Pass 2


# COUNT0: 3196512
# COUNT1: 1
# COUNT2: lps
# elapsed: 10.004688
# pid: 696539
# status: 0

# COUNT0: 3238845
# COUNT1: 1
# COUNT2: lps
# elapsed: 10.004363
# pid: 696541
# status: 0

#### Pass 3


# COUNT0: 3152440
# COUNT1: 1
# COUNT2: lps
# elapsed: 10.004759
# pid: 696551
# status: 0

# COUNT0: 3211070
# COUNT1: 1
# COUNT2: lps
# elapsed: 10.004419
# pid: 696553
# status: 0

#### Pass 4


# COUNT0: 3117615
# COUNT1: 1
# COUNT2: lps
# elapsed: 10.004638
# pid: 696563
# status: 0

# COUNT0: 3169293
# COUNT1: 1
# COUNT2: lps
# elapsed: 10.004488
# pid: 696565
# status: 0

#### Pass 5


# COUNT0: 3249503
# COUNT1: 1
# COUNT2: lps
# elapsed: 10.005022
# pid: 696575
# status: 0

# COUNT0: 3072172
# COUNT1: 1
# COUNT2: lps
# elapsed: 10.004406
# pid: 696577
# status: 0

#### Pass 6


# COUNT0: 3165354
# COUNT1: 1
# COUNT2: lps
# elapsed: 10.004939
# pid: 696587
# status: 0

# COUNT0: 3174976
# COUNT1: 1
# COUNT2: lps
# elapsed: 10.004375
# pid: 696589
# status: 0

#### Pass 7


# COUNT0: 3163335
# COUNT1: 1
# COUNT2: lps
# elapsed: 10.004811
# pid: 696599
# status: 0

# COUNT0: 3163183
# COUNT1: 1
# COUNT2: lps
# elapsed: 10.004622
# pid: 696601
# status: 0

#### Pass 8


# COUNT0: 3170970
# COUNT1: 1
# COUNT2: lps
# elapsed: 10.005161
# pid: 696611
# status: 0

# COUNT0: 3205500
# COUNT1: 1
# COUNT2: lps
# elapsed: 10.004703
# pid: 696613
# status: 0

#### Pass 9


# COUNT0: 3253578
# COUNT1: 1
# COUNT2: lps
# elapsed: 10.004924
# pid: 696623
# status: 0

# COUNT0: 3142129
# COUNT1: 1
# COUNT2: lps
# elapsed: 10.004308
# pid: 696625
# status: 0

#### Pass 10


# COUNT0: 3159758
# COUNT1: 1
# COUNT2: lps
# elapsed: 10.004984
# pid: 696635
# status: 0

# COUNT0: 3135742
# COUNT1: 1
# COUNT2: lps
# elapsed: 10.004502
# pid: 696637
# status: 0

*Dump score:    6286908.0
*Dump score:    6288598.0
*Dump score:    6295500.0
Count score:    6321675.0
Count score:    6326518.0
Count score:    6340330.0
Count score:    6363510.0
Count score:    6376470.0
Count score:    6395707.0
Count score:    6435357.0

>>>> Sum of 2 copies
>>>> score: 636256.379560298
>>>> time: 10.0046785714286
>>>> iterations: 7


########################################################
Shell Scripts (1 concurrent) -- 2 copies
==> "/mnt/host0/unixbench/UnixBench/pgms/looper" 60 "/mnt/host0/unixbench/UnixBench/pgms/multi.sh" 1 2>&1 >> "/mnt/host0/unixbench/UnixBench/results/uarf-2025-06-04-05.log"

#### Pass 1


# COUNT0: 1961
# COUNT1: 60
# COUNT2: lpm
# elapsed: 60.025843
# pid: 696647
# status: 0

# COUNT0: 1958
# COUNT1: 60
# COUNT2: lpm
# elapsed: 60.029099
# pid: 696649
# status: 0

#### Pass 2


# COUNT0: 1945
# COUNT1: 60
# COUNT2: lpm
# elapsed: 60.009129
# pid: 731950
# status: 0

# COUNT0: 1947
# COUNT1: 60
# COUNT2: lpm
# elapsed: 60.010950
# pid: 731952
# status: 0

#### Pass 3


# COUNT0: 1938
# COUNT1: 60
# COUNT2: lpm
# elapsed: 60.017311
# pid: 767009
# status: 0

# COUNT0: 1941
# COUNT1: 60
# COUNT2: lpm
# elapsed: 60.013587
# pid: 767011
# status: 0

*Dump score:       3879.0
Count score:       3892.0
Count score:       3919.0

>>>> Sum of 2 copies
>>>> score: 3904.25628691774
>>>> time: 60.01875525
>>>> iterations: 2


########################################################
Shell Scripts (8 concurrent) -- 2 copies
==> "/mnt/host0/unixbench/UnixBench/pgms/looper" 60 "/mnt/host0/unixbench/UnixBench/pgms/multi.sh" 8 2>&1 >> "/mnt/host0/unixbench/UnixBench/results/uarf-2025-06-04-05.log"

#### Pass 1


# COUNT0: 324
# COUNT1: 60
# COUNT2: lpm
# elapsed: 60.070824
# pid: 801950
# status: 0

# COUNT0: 324
# COUNT1: 60
# COUNT2: lpm
# elapsed: 60.062338
# pid: 801952
# status: 0

#### Pass 2


# COUNT0: 324
# COUNT1: 60
# COUNT2: lpm
# elapsed: 60.144088
# pid: 844212
# status: 0

# COUNT0: 324
# COUNT1: 60
# COUNT2: lpm
# elapsed: 60.146731
# pid: 844214
# status: 0

#### Pass 3


# COUNT0: 325
# COUNT1: 60
# COUNT2: lpm
# elapsed: 60.078368
# pid: 886474
# status: 0

# COUNT0: 325
# COUNT1: 60
# COUNT2: lpm
# elapsed: 60.075501
# pid: 886476
# status: 0

*Dump score:        648.0
Count score:        648.0
Count score:        650.0

>>>> Sum of 2 copies
>>>> score: 647.799049588653
>>>> time: 60.111172
>>>> iterations: 2

