
########################################################
Dhrystone 2 using register variables -- 1 copy
==> "/mnt/host0/unixbench/UnixBench/pgms/dhry2reg" 10 2>&1 >> "/mnt/host0/unixbench/UnixBench/results/uarf-2025-06-04-02.log"

#### Pass 1


# COUNT0: 582637242
# COUNT1: 1
# COUNT2: lps
# elapsed: 10.003284
# pid: 3973030
# status: 0

#### Pass 2


# COUNT0: 583185071
# COUNT1: 1
# COUNT2: lps
# elapsed: 10.003497
# pid: 3973039
# status: 0

#### Pass 3


# COUNT0: 582761110
# COUNT1: 1
# COUNT2: lps
# elapsed: 10.003281
# pid: 3973048
# status: 0

#### Pass 4


# COUNT0: 580610959
# COUNT1: 1
# COUNT2: lps
# elapsed: 10.003443
# pid: 3973057
# status: 0

#### Pass 5


# COUNT0: 580927910
# COUNT1: 1
# COUNT2: lps
# elapsed: 10.003291
# pid: 3973066
# status: 0

#### Pass 6


# COUNT0: 580575382
# COUNT1: 1
# COUNT2: lps
# elapsed: 10.003727
# pid: 3973076
# status: 0

#### Pass 7


# COUNT0: 585731267
# COUNT1: 1
# COUNT2: lps
# elapsed: 10.003539
# pid: 3973085
# status: 0

#### Pass 8


# COUNT0: 581011372
# COUNT1: 1
# COUNT2: lps
# elapsed: 10.003517
# pid: 3973094
# status: 0

#### Pass 9


# COUNT0: 579641011
# COUNT1: 1
# COUNT2: lps
# elapsed: 10.003569
# pid: 3973103
# status: 0

#### Pass 10


# COUNT0: 581214878
# COUNT1: 1
# COUNT2: lps
# elapsed: 10.003399
# pid: 3973112
# status: 0

*Dump score:  579641011.0
*Dump score:  580575382.0
*Dump score:  580610959.0
Count score:  580927910.0
Count score:  581011372.0
Count score:  581214878.0
Count score:  582637242.0
Count score:  582761110.0
Count score:  583185071.0
Count score:  585731267.0

>>>> Results of 1 copy
>>>> score: 58229538.0681746
>>>> time: 10.0034011428571
>>>> iterations: 7


########################################################
Double-Precision Whetstone -- 1 copy
==> "/mnt/host0/unixbench/UnixBench/pgms/whetstone-double"  2>&1 >> "/mnt/host0/unixbench/UnixBench/results/uarf-2025-06-04-02.log"

#### Pass 1

Calibrate
       0.00 Seconds          1   Passes (x 100)
       0.01 Seconds          5   Passes (x 100)
       0.03 Seconds         25   Passes (x 100)
       0.15 Seconds        125   Passes (x 100)
       0.76 Seconds        625   Passes (x 100)

Use 8228  passes (x 100)

          Double Precision C/C++ Whetstone Benchmark

Loop content                  Result              MFLOPS      MOPS   Seconds

N1 floating point     -1.12398255667392033      1700.183              0.093
N2 floating point     -1.12187079889294417      1986.241              0.557
N3 if then else        1.00000000000000000                8787.148    0.097
N4 fixed point        12.00000000000000000                   0.000   -0.000
N5 sin,cos etc.        0.49902937281518261                 226.140    3.027
N6 floating point      0.99999987890802811      1116.629              3.975
N7 assignments         3.00000000000000000                6675.859    0.228
N8 exp,sqrt etc.       0.75100163018453958                 161.939    1.890

MWIPS                                           8339.524              9.866


# COUNT0: 8339.524
# COUNT1: 0
# COUNT2: MWIPS
# TIME: 9.866
# elapsed: 11.741106
# pid: 3973121
# status: 0

#### Pass 2

Calibrate
       0.00 Seconds          1   Passes (x 100)
       0.01 Seconds          5   Passes (x 100)
       0.03 Seconds         25   Passes (x 100)
       0.16 Seconds        125   Passes (x 100)
       0.77 Seconds        625   Passes (x 100)

Use 8124  passes (x 100)

          Double Precision C/C++ Whetstone Benchmark

Loop content                  Result              MFLOPS      MOPS   Seconds

N1 floating point     -1.12398255667392033      1671.962              0.093
N2 floating point     -1.12187079889294417      1981.704              0.551
N3 if then else        1.00000000000000000                8704.012    0.097
N4 fixed point        12.00000000000000000                   0.000   -0.000
N5 sin,cos etc.        0.49902937281518261                 217.936    3.101
N6 floating point      0.99999987890802811      1111.142              3.944
N7 assignments         3.00000000000000000                6669.312    0.225
N8 exp,sqrt etc.       0.75100163018453958                 161.786    1.868

MWIPS                                           8223.369              9.879


# COUNT0: 8223.369
# COUNT1: 0
# COUNT2: MWIPS
# TIME: 9.879
# elapsed: 11.767410
# pid: 3973130
# status: 0

#### Pass 3

Calibrate
       0.00 Seconds          1   Passes (x 100)
       0.01 Seconds          5   Passes (x 100)
       0.03 Seconds         25   Passes (x 100)
       0.15 Seconds        125   Passes (x 100)
       0.76 Seconds        625   Passes (x 100)

Use 8217  passes (x 100)

          Double Precision C/C++ Whetstone Benchmark

Loop content                  Result              MFLOPS      MOPS   Seconds

N1 floating point     -1.12398255667392033      1666.377              0.095
N2 floating point     -1.12187079889294417      2014.573              0.548
N3 if then else        1.00000000000000000                8796.648    0.097
N4 fixed point        12.00000000000000000               49168242895.903    0.000
N5 sin,cos etc.        0.49902937281518261                 225.859    3.027
N6 floating point      0.99999987890802811      1115.692              3.973
N7 assignments         3.00000000000000000                6731.482    0.226
N8 exp,sqrt etc.       0.75100163018453958                 161.580    1.892

MWIPS                                           8336.673              9.856


# COUNT0: 8336.673
# COUNT1: 0
# COUNT2: MWIPS
# TIME: 9.856
# elapsed: 11.747644
# pid: 3973139
# status: 0

#### Pass 4

Calibrate
       0.00 Seconds          1   Passes (x 100)
       0.01 Seconds          5   Passes (x 100)
       0.03 Seconds         25   Passes (x 100)
       0.15 Seconds        125   Passes (x 100)
       0.76 Seconds        625   Passes (x 100)

Use 8218  passes (x 100)

          Double Precision C/C++ Whetstone Benchmark

Loop content                  Result              MFLOPS      MOPS   Seconds

N1 floating point     -1.12398255667392033      1677.025              0.094
N2 floating point     -1.12187079889294417      1981.011              0.558
N3 if then else        1.00000000000000000                8820.154    0.096
N4 fixed point        12.00000000000000000                   0.000   -0.000
N5 sin,cos etc.        0.49902937281518261                 225.409    3.033
N6 floating point      0.99999987890802811      1113.685              3.980
N7 assignments         3.00000000000000000                6659.737    0.228
N8 exp,sqrt etc.       0.75100163018453958                 161.749    1.890

MWIPS                                           8318.041              9.880


# COUNT0: 8318.041
# COUNT1: 0
# COUNT2: MWIPS
# TIME: 9.880
# elapsed: 11.763907
# pid: 3973148
# status: 0

#### Pass 5

Calibrate
       0.00 Seconds          1   Passes (x 100)
       0.01 Seconds          5   Passes (x 100)
       0.03 Seconds         25   Passes (x 100)
       0.15 Seconds        125   Passes (x 100)
       0.76 Seconds        625   Passes (x 100)

Use 8221  passes (x 100)

          Double Precision C/C++ Whetstone Benchmark

Loop content                  Result              MFLOPS      MOPS   Seconds

N1 floating point     -1.12398255667392033      1672.693              0.094
N2 floating point     -1.12187079889294417      1982.315              0.557
N3 if then else        1.00000000000000000                8819.813    0.096
N4 fixed point        12.00000000000000000               24048889810.803    0.000
N5 sin,cos etc.        0.49902937281518261                 225.790    3.029
N6 floating point      0.99999987890802811      1112.036              3.988
N7 assignments         3.00000000000000000                6651.582    0.228
N8 exp,sqrt etc.       0.75100163018453958                 162.687    1.880

MWIPS                                           8326.423              9.873


# COUNT0: 8326.423
# COUNT1: 0
# COUNT2: MWIPS
# TIME: 9.873
# elapsed: 11.760304
# pid: 3973157
# status: 0

#### Pass 6

Calibrate
       0.00 Seconds          1   Passes (x 100)
       0.01 Seconds          5   Passes (x 100)
       0.03 Seconds         25   Passes (x 100)
       0.16 Seconds        125   Passes (x 100)
       0.76 Seconds        625   Passes (x 100)

Use 8234  passes (x 100)

          Double Precision C/C++ Whetstone Benchmark

Loop content                  Result              MFLOPS      MOPS   Seconds

N1 floating point     -1.12398255667392033      1662.353              0.095
N2 floating point     -1.12187079889294417      1973.710              0.561
N3 if then else        1.00000000000000000                8651.974    0.098
N4 fixed point        12.00000000000000000               455714162536.118    0.000
N5 sin,cos etc.        0.49902937281518261                 225.568    3.037
N6 floating point      0.99999987890802811      1106.744              4.013
N7 assignments         3.00000000000000000                6654.725    0.229
N8 exp,sqrt etc.       0.75100163018453958                 161.699    1.894

MWIPS                                           8294.235              9.927


# COUNT0: 8294.235
# COUNT1: 0
# COUNT2: MWIPS
# TIME: 9.927
# elapsed: 11.823050
# pid: 3973166
# status: 0

#### Pass 7

Calibrate
       0.00 Seconds          1   Passes (x 100)
       0.01 Seconds          5   Passes (x 100)
       0.03 Seconds         25   Passes (x 100)
       0.15 Seconds        125   Passes (x 100)
       0.76 Seconds        625   Passes (x 100)

Use 8206  passes (x 100)

          Double Precision C/C++ Whetstone Benchmark

Loop content                  Result              MFLOPS      MOPS   Seconds

N1 floating point     -1.12398255667392033      1671.684              0.094
N2 floating point     -1.12187079889294417      1977.285              0.558
N3 if then else        1.00000000000000000                8787.040    0.097
N4 fixed point        12.00000000000000000                   0.000   -0.000
N5 sin,cos etc.        0.49902937281518261                 225.225    3.031
N6 floating point      0.99999987890802811      1110.503              3.986
N7 assignments         3.00000000000000000                6678.212    0.227
N8 exp,sqrt etc.       0.75100163018453958                 161.693    1.888

MWIPS                                           8304.907              9.881


# COUNT0: 8304.907
# COUNT1: 0
# COUNT2: MWIPS
# TIME: 9.881
# elapsed: 11.768278
# pid: 3973175
# status: 0

#### Pass 8

Calibrate
       0.00 Seconds          1   Passes (x 100)
       0.01 Seconds          5   Passes (x 100)
       0.03 Seconds         25   Passes (x 100)
       0.15 Seconds        125   Passes (x 100)
       0.76 Seconds        625   Passes (x 100)

Use 8203  passes (x 100)

          Double Precision C/C++ Whetstone Benchmark

Loop content                  Result              MFLOPS      MOPS   Seconds

N1 floating point     -1.12398255667392033      1676.832              0.094
N2 floating point     -1.12187079889294417      1984.364              0.556
N3 if then else        1.00000000000000000                8657.538    0.098
N4 fixed point        12.00000000000000000                   0.000   -0.000
N5 sin,cos etc.        0.49902937281518261                 225.213    3.030
N6 floating point      0.99999987890802811      1110.510              3.984
N7 assignments         3.00000000000000000                6679.982    0.227
N8 exp,sqrt etc.       0.75100163018453958                 161.744    1.887

MWIPS                                           8306.043              9.876


# COUNT0: 8306.043
# COUNT1: 0
# COUNT2: MWIPS
# TIME: 9.876
# elapsed: 11.760770
# pid: 3973184
# status: 0

#### Pass 9

Calibrate
       0.00 Seconds          1   Passes (x 100)
       0.01 Seconds          5   Passes (x 100)
       0.03 Seconds         25   Passes (x 100)
       0.15 Seconds        125   Passes (x 100)
       0.76 Seconds        625   Passes (x 100)

Use 8260  passes (x 100)

          Double Precision C/C++ Whetstone Benchmark

Loop content                  Result              MFLOPS      MOPS   Seconds

N1 floating point     -1.12398255667392033      1679.459              0.094
N2 floating point     -1.12187079889294417      1977.770              0.561
N3 if then else        1.00000000000000000                8818.961    0.097
N4 fixed point        12.00000000000000000                   0.000   -0.000
N5 sin,cos etc.        0.49902937281518261                 225.535    3.047
N6 floating point      0.99999987890802811      1114.070              3.999
N7 assignments         3.00000000000000000                6801.294    0.224
N8 exp,sqrt etc.       0.75100163018453958                 162.564    1.890

MWIPS                                           8331.947              9.914


# COUNT0: 8331.947
# COUNT1: 0
# COUNT2: MWIPS
# TIME: 9.914
# elapsed: 11.798944
# pid: 3973193
# status: 0

#### Pass 10

Calibrate
       0.00 Seconds          1   Passes (x 100)
       0.01 Seconds          5   Passes (x 100)
       0.03 Seconds         25   Passes (x 100)
       0.15 Seconds        125   Passes (x 100)
       0.76 Seconds        625   Passes (x 100)

Use 8194  passes (x 100)

          Double Precision C/C++ Whetstone Benchmark

Loop content                  Result              MFLOPS      MOPS   Seconds

N1 floating point     -1.12398255667392033      1652.813              0.095
N2 floating point     -1.12187079889294417      1968.775              0.559
N3 if then else        1.00000000000000000                8435.654    0.101
N4 fixed point        12.00000000000000000                   0.000   -0.000
N5 sin,cos etc.        0.49902937281518261                 225.278    3.026
N6 floating point      0.99999987890802811      1111.652              3.976
N7 assignments         3.00000000000000000                6646.440    0.228
N8 exp,sqrt etc.       0.75100163018453958                 161.658    1.886

MWIPS                                           8301.404              9.871


# COUNT0: 8301.404
# COUNT1: 0
# COUNT2: MWIPS
# TIME: 9.871
# elapsed: 11.768570
# pid: 3973202
# status: 0

*Dump score:       8223.4
*Dump score:       8294.2
*Dump score:       8301.4
Count score:       8304.9
Count score:       8306.0
Count score:       8318.0
Count score:       8326.4
Count score:       8331.9
Count score:       8336.7
Count score:       8339.5

>>>> Results of 1 copy
>>>> score: 8323.35521063441
>>>> time: 9.878
>>>> iterations: 7


########################################################
Execl Throughput -- 1 copy
==> "/mnt/host0/unixbench/UnixBench/pgms/execl" 30 2>&1 >> "/mnt/host0/unixbench/UnixBench/results/uarf-2025-06-04-02.log"

#### Pass 1


# COUNT0: 40172
# COUNT1: 1
# COUNT2: lps
# elapsed: 29.973048
# pid: 3973211
# status: 0

#### Pass 2


# COUNT0: 41775
# COUNT1: 1
# COUNT2: lps
# elapsed: 29.985168
# pid: 3973221
# status: 0

#### Pass 3


# COUNT0: 40904
# COUNT1: 1
# COUNT2: lps
# elapsed: 29.988529
# pid: 3973230
# status: 0

*Dump score:      40172.0
Count score:      40904.0
Count score:      41775.0

>>>> Results of 1 copy
>>>> score: 1378.5111852046
>>>> time: 29.9868485
>>>> iterations: 2


########################################################
File Copy 1024 bufsize 2000 maxblocks -- 1 copy
==> "/mnt/host0/unixbench/UnixBench/pgms/fstime" -c -t 30 -d "/mnt/host0/unixbench/UnixBench/tmp" -b 1024 -m 2000 2>&1 >> "/mnt/host0/unixbench/UnixBench/results/uarf-2025-06-04-02.log"

#### Pass 1

Write done: 176000 in 2.0445, score 21521
Read done: 130040 in 2.0000, score 16254
Copy done: 1044840 in 30.0001, score 8706

# COUNT0: 8706
# COUNT1: 0
# COUNT2: KBps
# TIME: 30.0
# elapsed: 45.053744
# pid: 3973239
# status: 0

#### Pass 2

Write done: 176000 in 2.0773, score 21181
Read done: 130504 in 2.0000, score 16312
Copy done: 998396 in 30.0001, score 8319

# COUNT0: 8319
# COUNT1: 0
# COUNT2: KBps
# TIME: 30.0
# elapsed: 45.086901
# pid: 3973249
# status: 0

#### Pass 3

Write done: 136000 in 2.0982, score 16204
Read done: 171968 in 2.0000, score 21495
Copy done: 1011444 in 30.0000, score 8428

# COUNT0: 8428
# COUNT1: 0
# COUNT2: KBps
# TIME: 30.0
# elapsed: 45.109989
# pid: 3973258
# status: 0

*Dump score:       8319.0
Count score:       8428.0
Count score:       8706.0

>>>> Results of 1 copy
>>>> score: 8565.8722848289
>>>> time: 30
>>>> iterations: 2


########################################################
File Copy 256 bufsize 500 maxblocks -- 1 copy
==> "/mnt/host0/unixbench/UnixBench/pgms/fstime" -c -t 30 -d "/mnt/host0/unixbench/UnixBench/tmp" -b 256 -m 500 2>&1 >> "/mnt/host0/unixbench/UnixBench/results/uarf-2025-06-04-02.log"

#### Pass 1

Write done: 34000 in 2.1076, score 4033
Read done: 53719 in 2.0000, score 6714
Copy done: 272405 in 30.0001, score 2270

# COUNT0: 2270
# COUNT1: 0
# COUNT2: KBps
# TIME: 30.0
# elapsed: 45.117265
# pid: 3973267
# status: 0

#### Pass 2

Write done: 34000 in 2.1010, score 4045
Read done: 32733 in 2.0000, score 4091
Copy done: 262761 in 30.0001, score 2189

# COUNT0: 2189
# COUNT1: 0
# COUNT2: KBps
# TIME: 30.0
# elapsed: 45.109565
# pid: 3973276
# status: 0

#### Pass 3

Write done: 34000 in 2.0976, score 4052
Read done: 37521 in 2.0000, score 4690
Copy done: 270771 in 30.0000, score 2256

# COUNT0: 2256
# COUNT1: 0
# COUNT2: KBps
# TIME: 30.0
# elapsed: 45.106928
# pid: 3973285
# status: 0

*Dump score:       2189.0
Count score:       2256.0
Count score:       2270.0

>>>> Results of 1 copy
>>>> score: 2262.98917363738
>>>> time: 30
>>>> iterations: 2


########################################################
File Copy 4096 bufsize 8000 maxblocks -- 1 copy
==> "/mnt/host0/unixbench/UnixBench/pgms/fstime" -c -t 30 -d "/mnt/host0/unixbench/UnixBench/tmp" -b 4096 -m 8000 2>&1 >> "/mnt/host0/unixbench/UnixBench/results/uarf-2025-06-04-02.log"

#### Pass 1

Write done: 512000 in 2.0260, score 63178
Read done: 682240 in 2.0000, score 85278
Copy done: 4031952 in 30.0001, score 33599

# COUNT0: 33599
# COUNT1: 0
# COUNT2: KBps
# TIME: 30.0
# elapsed: 45.037984
# pid: 3973294
# status: 0

#### Pass 2

Write done: 512000 in 2.0243, score 63230
Read done: 509728 in 2.0001, score 63713
Copy done: 4362816 in 30.0001, score 36356

# COUNT0: 36356
# COUNT1: 0
# COUNT2: KBps
# TIME: 30.0
# elapsed: 45.035843
# pid: 3973304
# status: 0

#### Pass 3

Write done: 544000 in 2.0812, score 65346
Read done: 507184 in 2.0000, score 63396
Copy done: 3905072 in 30.0000, score 32542

# COUNT0: 32542
# COUNT1: 0
# COUNT2: KBps
# TIME: 30.0
# elapsed: 45.092249
# pid: 3973313
# status: 0

*Dump score:      32542.0
Count score:      33599.0
Count score:      36356.0

>>>> Results of 1 copy
>>>> score: 34950.3253775985
>>>> time: 30
>>>> iterations: 2


########################################################
Pipe Throughput -- 1 copy
==> "/mnt/host0/unixbench/UnixBench/pgms/pipe" 10 2>&1 >> "/mnt/host0/unixbench/UnixBench/results/uarf-2025-06-04-02.log"

#### Pass 1


# COUNT0: 8242800
# COUNT1: 1
# COUNT2: lps
# elapsed: 10.003425
# pid: 3973322
# status: 0

#### Pass 2


# COUNT0: 8375546
# COUNT1: 1
# COUNT2: lps
# elapsed: 10.003343
# pid: 3973331
# status: 0

#### Pass 3


# COUNT0: 8206130
# COUNT1: 1
# COUNT2: lps
# elapsed: 10.003321
# pid: 3973340
# status: 0

#### Pass 4


# COUNT0: 8209131
# COUNT1: 1
# COUNT2: lps
# elapsed: 10.003384
# pid: 3973349
# status: 0

#### Pass 5


# COUNT0: 8303143
# COUNT1: 1
# COUNT2: lps
# elapsed: 10.003379
# pid: 3973358
# status: 0

#### Pass 6


# COUNT0: 8424580
# COUNT1: 1
# COUNT2: lps
# elapsed: 10.003232
# pid: 3973367
# status: 0

#### Pass 7


# COUNT0: 8090316
# COUNT1: 1
# COUNT2: lps
# elapsed: 10.003501
# pid: 3973376
# status: 0

#### Pass 8


# COUNT0: 8325036
# COUNT1: 1
# COUNT2: lps
# elapsed: 10.003271
# pid: 3973385
# status: 0

#### Pass 9


# COUNT0: 8297553
# COUNT1: 1
# COUNT2: lps
# elapsed: 10.003292
# pid: 3973394
# status: 0

#### Pass 10


# COUNT0: 8083738
# COUNT1: 1
# COUNT2: lps
# elapsed: 10.003461
# pid: 3973403
# status: 0

*Dump score:    8083738.0
*Dump score:    8090316.0
*Dump score:    8206130.0
Count score:    8209131.0
Count score:    8242800.0
Count score:    8297553.0
Count score:    8303143.0
Count score:    8325036.0
Count score:    8375546.0
Count score:    8424580.0

>>>> Results of 1 copy
>>>> score: 830806.484182684
>>>> time: 10.0033322857143
>>>> iterations: 7


########################################################
Pipe-based Context Switching -- 1 copy
==> "/mnt/host0/unixbench/UnixBench/pgms/context1" 10 2>&1 >> "/mnt/host0/unixbench/UnixBench/results/uarf-2025-06-04-02.log"

#### Pass 1


# COUNT0: 231915
# COUNT1: 1
# COUNT2: lps
# elapsed: 10.003243
# pid: 3973412
# status: 0

#### Pass 2


# COUNT0: 231000
# COUNT1: 1
# COUNT2: lps
# elapsed: 10.003034
# pid: 3973422
# status: 0

#### Pass 3


# COUNT0: 228303
# COUNT1: 1
# COUNT2: lps
# elapsed: 10.003178
# pid: 3973432
# status: 0

#### Pass 4


# COUNT0: 231151
# COUNT1: 1
# COUNT2: lps
# elapsed: 10.003075
# pid: 3973442
# status: 0

#### Pass 5


# COUNT0: 232537
# COUNT1: 1
# COUNT2: lps
# elapsed: 10.003028
# pid: 3973452
# status: 0

#### Pass 6


# COUNT0: 231270
# COUNT1: 1
# COUNT2: lps
# elapsed: 10.003917
# pid: 3973462
# status: 0

#### Pass 7


# COUNT0: 231313
# COUNT1: 1
# COUNT2: lps
# elapsed: 10.003303
# pid: 3973472
# status: 0

#### Pass 8


# COUNT0: 231961
# COUNT1: 1
# COUNT2: lps
# elapsed: 10.003288
# pid: 3973482
# status: 0

#### Pass 9


# COUNT0: 231084
# COUNT1: 1
# COUNT2: lps
# elapsed: 10.003343
# pid: 3973494
# status: 0

#### Pass 10


# COUNT0: 231628
# COUNT1: 1
# COUNT2: lps
# elapsed: 10.003077
# pid: 3973504
# status: 0

*Dump score:     228303.0
*Dump score:     231000.0
*Dump score:     231084.0
Count score:     231151.0
Count score:     231270.0
Count score:     231313.0
Count score:     231628.0
Count score:     231915.0
Count score:     231961.0
Count score:     232537.0

>>>> Results of 1 copy
>>>> score: 23160.5824277998
>>>> time: 10.0032758571429
>>>> iterations: 7


########################################################
Process Creation -- 1 copy
==> "/mnt/host0/unixbench/UnixBench/pgms/spawn" 30 2>&1 >> "/mnt/host0/unixbench/UnixBench/results/uarf-2025-06-04-02.log"

#### Pass 1


# COUNT0: 219609
# COUNT1: 1
# COUNT2: lps
# elapsed: 30.003362
# pid: 3973514
# status: 0

#### Pass 2


# COUNT0: 220847
# COUNT1: 1
# COUNT2: lps
# elapsed: 30.003485
# pid: 4193133
# status: 0

#### Pass 3


# COUNT0: 215305
# COUNT1: 1
# COUNT2: lps
# elapsed: 30.003347
# pid: 219987
# status: 0

*Dump score:     215305.0
Count score:     219609.0
Count score:     220847.0

>>>> Results of 1 copy
>>>> score: 7340.06671204846
>>>> time: 30.0034235
>>>> iterations: 2


########################################################
System Call Overhead -- 1 copy
==> "/mnt/host0/unixbench/UnixBench/pgms/syscall" 10 2>&1 >> "/mnt/host0/unixbench/UnixBench/results/uarf-2025-06-04-02.log"

#### Pass 1


# COUNT0: 5025823
# COUNT1: 1
# COUNT2: lps
# elapsed: 10.003175
# pid: 435302
# status: 0

#### Pass 2


# COUNT0: 4878320
# COUNT1: 1
# COUNT2: lps
# elapsed: 10.003532
# pid: 435311
# status: 0

#### Pass 3


# COUNT0: 4977803
# COUNT1: 1
# COUNT2: lps
# elapsed: 10.003259
# pid: 435323
# status: 0

#### Pass 4


# COUNT0: 4983749
# COUNT1: 1
# COUNT2: lps
# elapsed: 10.003280
# pid: 435332
# status: 0

#### Pass 5


# COUNT0: 4908946
# COUNT1: 1
# COUNT2: lps
# elapsed: 10.003631
# pid: 435341
# status: 0

#### Pass 6


# COUNT0: 4900347
# COUNT1: 1
# COUNT2: lps
# elapsed: 10.003561
# pid: 435350
# status: 0

#### Pass 7


# COUNT0: 4913262
# COUNT1: 1
# COUNT2: lps
# elapsed: 10.003246
# pid: 435359
# status: 0

#### Pass 8


# COUNT0: 4962190
# COUNT1: 1
# COUNT2: lps
# elapsed: 10.003502
# pid: 435368
# status: 0

#### Pass 9


# COUNT0: 4946345
# COUNT1: 1
# COUNT2: lps
# elapsed: 10.003462
# pid: 435377
# status: 0

#### Pass 10


# COUNT0: 4892908
# COUNT1: 1
# COUNT2: lps
# elapsed: 10.003527
# pid: 435386
# status: 0

*Dump score:    4878320.0
*Dump score:    4892908.0
*Dump score:    4900347.0
Count score:    4908946.0
Count score:    4913262.0
Count score:    4946345.0
Count score:    4962190.0
Count score:    4977803.0
Count score:    4983749.0
Count score:    5025823.0

>>>> Results of 1 copy
>>>> score: 495791.611243327
>>>> time: 10.003365
>>>> iterations: 7


########################################################
Shell Scripts (1 concurrent) -- 1 copy
==> "/mnt/host0/unixbench/UnixBench/pgms/looper" 60 "/mnt/host0/unixbench/UnixBench/pgms/multi.sh" 1 2>&1 >> "/mnt/host0/unixbench/UnixBench/results/uarf-2025-06-04-02.log"

#### Pass 1


# COUNT0: 3322
# COUNT1: 60
# COUNT2: lpm
# elapsed: 60.017749
# pid: 435395
# status: 0

#### Pass 2


# COUNT0: 3322
# COUNT1: 60
# COUNT2: lpm
# elapsed: 60.016121
# pid: 465311
# status: 0

#### Pass 3


# COUNT0: 3345
# COUNT1: 60
# COUNT2: lpm
# elapsed: 60.008437
# pid: 495228
# status: 0

*Dump score:       3322.0
Count score:       3322.0
Count score:       3345.0

>>>> Results of 1 copy
>>>> score: 3332.79811313023
>>>> time: 60.012279
>>>> iterations: 2


########################################################
Shell Scripts (8 concurrent) -- 1 copy
==> "/mnt/host0/unixbench/UnixBench/pgms/looper" 60 "/mnt/host0/unixbench/UnixBench/pgms/multi.sh" 8 2>&1 >> "/mnt/host0/unixbench/UnixBench/results/uarf-2025-06-04-02.log"

#### Pass 1


# COUNT0: 705
# COUNT1: 60
# COUNT2: lpm
# elapsed: 60.078127
# pid: 525351
# status: 0

#### Pass 2


# COUNT0: 703
# COUNT1: 60
# COUNT2: lpm
# elapsed: 60.061652
# pid: 571251
# status: 0

#### Pass 3


# COUNT0: 703
# COUNT1: 60
# COUNT2: lpm
# elapsed: 60.004947
# pid: 617020
# status: 0

*Dump score:        703.0
Count score:        703.0
Count score:        705.0

>>>> Results of 1 copy
>>>> score: 703.512390596045
>>>> time: 60.041537
>>>> iterations: 2


########################################################
Dhrystone 2 using register variables -- 2 copies
==> "/mnt/host0/unixbench/UnixBench/pgms/dhry2reg" 10 2>&1 >> "/mnt/host0/unixbench/UnixBench/results/uarf-2025-06-04-02.log"

#### Pass 1


# COUNT0: 337064936
# COUNT1: 1
# COUNT2: lps
# elapsed: 10.004304
# pid: 662789
# status: 0

# COUNT0: 336974946
# COUNT1: 1
# COUNT2: lps
# elapsed: 10.003769
# pid: 662790
# status: 0

#### Pass 2


# COUNT0: 336583339
# COUNT1: 1
# COUNT2: lps
# elapsed: 10.004295
# pid: 662801
# status: 0

# COUNT0: 336564727
# COUNT1: 1
# COUNT2: lps
# elapsed: 10.003700
# pid: 662803
# status: 0

#### Pass 3


# COUNT0: 336218088
# COUNT1: 1
# COUNT2: lps
# elapsed: 10.004681
# pid: 662814
# status: 0

# COUNT0: 336221418
# COUNT1: 1
# COUNT2: lps
# elapsed: 10.003806
# pid: 662816
# status: 0

#### Pass 4


# COUNT0: 336149854
# COUNT1: 1
# COUNT2: lps
# elapsed: 10.004346
# pid: 662826
# status: 0

# COUNT0: 336059878
# COUNT1: 1
# COUNT2: lps
# elapsed: 10.004229
# pid: 662828
# status: 0

#### Pass 5


# COUNT0: 336383803
# COUNT1: 1
# COUNT2: lps
# elapsed: 10.004609
# pid: 662838
# status: 0

# COUNT0: 336256163
# COUNT1: 1
# COUNT2: lps
# elapsed: 10.004167
# pid: 662839
# status: 0

#### Pass 6


# COUNT0: 337007363
# COUNT1: 1
# COUNT2: lps
# elapsed: 10.004539
# pid: 662850
# status: 0

# COUNT0: 337023590
# COUNT1: 1
# COUNT2: lps
# elapsed: 10.004109
# pid: 662852
# status: 0

#### Pass 7


# COUNT0: 337272740
# COUNT1: 1
# COUNT2: lps
# elapsed: 10.004085
# pid: 662862
# status: 0

# COUNT0: 337221864
# COUNT1: 1
# COUNT2: lps
# elapsed: 10.003844
# pid: 662863
# status: 0

#### Pass 8


# COUNT0: 336501841
# COUNT1: 1
# COUNT2: lps
# elapsed: 10.004237
# pid: 662874
# status: 0

# COUNT0: 336456783
# COUNT1: 1
# COUNT2: lps
# elapsed: 10.003828
# pid: 662876
# status: 0

#### Pass 9


# COUNT0: 336462567
# COUNT1: 1
# COUNT2: lps
# elapsed: 10.005417
# pid: 662886
# status: 0

# COUNT0: 336471984
# COUNT1: 1
# COUNT2: lps
# elapsed: 10.003925
# pid: 662888
# status: 0

#### Pass 10


# COUNT0: 337456008
# COUNT1: 1
# COUNT2: lps
# elapsed: 10.004820
# pid: 662898
# status: 0

# COUNT0: 337529693
# COUNT1: 1
# COUNT2: lps
# elapsed: 10.003995
# pid: 662900
# status: 0

*Dump score:  672209732.0
*Dump score:  672439506.0
*Dump score:  672639966.0
Count score:  672934551.0
Count score:  672958624.0
Count score:  673148066.0
Count score:  674030953.0
Count score:  674039882.0
Count score:  674494604.0
Count score:  674985701.0

>>>> Sum of 2 copies
>>>> score: 67351530.1643381
>>>> time: 10.0042047857143
>>>> iterations: 7


########################################################
Double-Precision Whetstone -- 2 copies
==> "/mnt/host0/unixbench/UnixBench/pgms/whetstone-double"  2>&1 >> "/mnt/host0/unixbench/UnixBench/results/uarf-2025-06-04-02.log"

#### Pass 1

Calibrate
       0.00 Seconds          1   Passes (x 100)
       0.01 Seconds          5   Passes (x 100)
       0.04 Seconds         25   Passes (x 100)
       0.18 Seconds        125   Passes (x 100)
       0.87 Seconds        625   Passes (x 100)

Use 7170  passes (x 100)

          Double Precision C/C++ Whetstone Benchmark

Loop content                  Result              MFLOPS      MOPS   Seconds

N1 floating point     -1.12398255667392033      1651.721              0.083
N2 floating point     -1.12187079889294417      1956.189              0.493
N3 if then else        1.00000000000000000                6646.257    0.112
N4 fixed point        12.00000000000000000                   0.000   -0.000
N5 sin,cos etc.        0.49902937281518261                 166.494    3.583
N6 floating point      0.99999987890802811      1106.331              3.496
N7 assignments         3.00000000000000000                3314.828    0.400
N8 exp,sqrt etc.       0.75100163018453958                 145.827    1.829

MWIPS                                           7173.474              9.995

Calibrate
       0.00 Seconds          1   Passes (x 100)
       0.01 Seconds          5   Passes (x 100)
       0.04 Seconds         25   Passes (x 100)
       0.18 Seconds        125   Passes (x 100)
       0.87 Seconds        625   Passes (x 100)

Use 7170  passes (x 100)

          Double Precision C/C++ Whetstone Benchmark

Loop content                  Result              MFLOPS      MOPS   Seconds

N1 floating point     -1.12398255667392033      1651.549              0.083
N2 floating point     -1.12187079889294417      1956.733              0.492
N3 if then else        1.00000000000000000                6646.676    0.112
N4 fixed point        12.00000000000000000                   0.000   -0.000
N5 sin,cos etc.        0.49902937281518261                 166.470    3.583
N6 floating point      0.99999987890802811      1106.000              3.497
N7 assignments         3.00000000000000000                3312.771    0.400
N8 exp,sqrt etc.       0.75100163018453958                 145.674    1.831

MWIPS                                           7170.892              9.999


# COUNT0: 7170.892
# COUNT1: 0
# COUNT2: MWIPS
# TIME: 9.999
# elapsed: 11.926579
# pid: 662910
# status: 0

# COUNT0: 7173.474
# COUNT1: 0
# COUNT2: MWIPS
# TIME: 9.995
# elapsed: 11.922747
# pid: 662912
# status: 0

#### Pass 2

Calibrate
       0.00 Seconds          1   Passes (x 100)
       0.01 Seconds          5   Passes (x 100)
       0.04 Seconds         25   Passes (x 100)
       0.18 Seconds        125   Passes (x 100)
       0.87 Seconds        625   Passes (x 100)

Use 7151  passes (x 100)

          Double Precision C/C++ Whetstone Benchmark

Loop content                  Result              MFLOPS      MOPS   Seconds

N1 floating point     -1.12398255667392033      1646.736              0.083
N2 floating point     -1.12187079889294417      1959.630              0.490
N3 if then else        1.00000000000000000                6642.448    0.111
N4 fixed point        12.00000000000000000               21234766864.820    0.000
N5 sin,cos etc.        0.49902937281518261                 166.477    3.574
N6 floating point      0.99999987890802811      1105.999              3.488
N7 assignments         3.00000000000000000                3349.202    0.395
N8 exp,sqrt etc.       0.75100163018453958                 145.838    1.824

MWIPS                                           7175.894              9.965

Calibrate
       0.00 Seconds          1   Passes (x 100)
       0.01 Seconds          5   Passes (x 100)
       0.04 Seconds         25   Passes (x 100)
       0.18 Seconds        125   Passes (x 100)
       0.87 Seconds        625   Passes (x 100)

Use 7156  passes (x 100)

          Double Precision C/C++ Whetstone Benchmark

Loop content                  Result              MFLOPS      MOPS   Seconds

N1 floating point     -1.12398255667392033      1644.906              0.084
N2 floating point     -1.12187079889294417      1960.069              0.491
N3 if then else        1.00000000000000000                6641.792    0.112
N4 fixed point        12.00000000000000000               27783959501.567    0.000
N5 sin,cos etc.        0.49902937281518261                 166.508    3.576
N6 floating point      0.99999987890802811      1106.292              3.489
N7 assignments         3.00000000000000000                3343.333    0.396
N8 exp,sqrt etc.       0.75100163018453958                 145.876    1.825

MWIPS                                           7176.888              9.971


# COUNT0: 7176.888
# COUNT1: 0
# COUNT2: MWIPS
# TIME: 9.971
# elapsed: 11.902393
# pid: 662922
# status: 0

# COUNT0: 7175.894
# COUNT1: 0
# COUNT2: MWIPS
# TIME: 9.965
# elapsed: 11.896021
# pid: 662924
# status: 0

#### Pass 3

Calibrate
       0.00 Seconds          1   Passes (x 100)
       0.01 Seconds          5   Passes (x 100)
       0.04 Seconds         25   Passes (x 100)
       0.18 Seconds        125   Passes (x 100)
       0.87 Seconds        625   Passes (x 100)

Use 7165  passes (x 100)

          Double Precision C/C++ Whetstone Benchmark

Loop content                  Result              MFLOPS      MOPS   Seconds

N1 floating point     -1.12398255667392033      1656.624              0.083
N2 floating point     -1.12187079889294417      1958.781              0.492
N3 if then else        1.00000000000000000                6593.383    0.112
N4 fixed point        12.00000000000000000               28297899440.249    0.000
N5 sin,cos etc.        0.49902937281518261                 166.584    3.579
N6 floating point      0.99999987890802811      1019.215              3.792
N7 assignments         3.00000000000000000                3337.480    0.397
N8 exp,sqrt etc.       0.75100163018453958                 145.939    1.826

MWIPS                                           6969.353             10.281

Calibrate
       0.00 Seconds          1   Passes (x 100)
       0.01 Seconds          5   Passes (x 100)
       0.04 Seconds         25   Passes (x 100)
       0.17 Seconds        125   Passes (x 100)
       0.87 Seconds        625   Passes (x 100)

Use 7166  passes (x 100)

          Double Precision C/C++ Whetstone Benchmark

Loop content                  Result              MFLOPS      MOPS   Seconds

N1 floating point     -1.12398255667392033      1656.368              0.083
N2 floating point     -1.12187079889294417      1954.550              0.493
N3 if then else        1.00000000000000000                6592.957    0.112
N4 fixed point        12.00000000000000000               36196172338.953    0.000
N5 sin,cos etc.        0.49902937281518261                 166.548    3.580
N6 floating point      0.99999987890802811      1019.276              3.792
N7 assignments         3.00000000000000000                3330.852    0.398
N8 exp,sqrt etc.       0.75100163018453958                 145.981    1.826

MWIPS                                           6968.071             10.284


# COUNT0: 6968.071
# COUNT1: 0
# COUNT2: MWIPS
# TIME: 10.284
# elapsed: 12.208316
# pid: 662934
# status: 0

# COUNT0: 6969.353
# COUNT1: 0
# COUNT2: MWIPS
# TIME: 10.281
# elapsed: 12.205094
# pid: 662936
# status: 0

#### Pass 4

Calibrate
       0.00 Seconds          1   Passes (x 100)
       0.01 Seconds          5   Passes (x 100)
       0.04 Seconds         25   Passes (x 100)
       0.18 Seconds        125   Passes (x 100)
       0.88 Seconds        625   Passes (x 100)

Use 7125  passes (x 100)

          Double Precision C/C++ Whetstone Benchmark

Loop content                  Result              MFLOPS      MOPS   Seconds

N1 floating point     -1.12398255667392033      1652.783              0.083
N2 floating point     -1.12187079889294417      1954.849              0.490
N3 if then else        1.00000000000000000                6641.551    0.111
N4 fixed point        12.00000000000000000               69087535271.127    0.000
N5 sin,cos etc.        0.49902937281518261                 160.965    3.683
N6 floating point      0.99999987890802811       968.781              3.967
N7 assignments         3.00000000000000000                3367.623    0.391
N8 exp,sqrt etc.       0.75100163018453958                 141.788    1.869

MWIPS                                           6725.610             10.594

Calibrate
       0.00 Seconds          1   Passes (x 100)
       0.01 Seconds          5   Passes (x 100)
       0.03 Seconds         25   Passes (x 100)
       0.17 Seconds        125   Passes (x 100)
       0.86 Seconds        625   Passes (x 100)

Use 7227  passes (x 100)

          Double Precision C/C++ Whetstone Benchmark

Loop content                  Result              MFLOPS      MOPS   Seconds

N1 floating point     -1.12398255667392033      1653.756              0.084
N2 floating point     -1.12187079889294417      1955.536              0.497
N3 if then else        1.00000000000000000                6637.804    0.113
N4 fixed point        12.00000000000000000                   0.000   -0.000
N5 sin,cos etc.        0.49902937281518261                 165.267    3.638
N6 floating point      0.99999987890802811       970.944              4.015
N7 assignments         3.00000000000000000                3366.708    0.397
N8 exp,sqrt etc.       0.75100163018453958                 142.036    1.893

MWIPS                                           6794.889             10.636


# COUNT0: 6794.889
# COUNT1: 0
# COUNT2: MWIPS
# TIME: 10.636
# elapsed: 12.558501
# pid: 662946
# status: 0

# COUNT0: 6725.610
# COUNT1: 0
# COUNT2: MWIPS
# TIME: 10.594
# elapsed: 12.521152
# pid: 662948
# status: 0

#### Pass 5

Calibrate
       0.00 Seconds          1   Passes (x 100)
       0.01 Seconds          5   Passes (x 100)
       0.04 Seconds         25   Passes (x 100)
       0.18 Seconds        125   Passes (x 100)
       0.87 Seconds        625   Passes (x 100)

Use 7163  passes (x 100)

          Double Precision C/C++ Whetstone Benchmark

Loop content                  Result              MFLOPS      MOPS   Seconds

N1 floating point     -1.12398255667392033      1641.694              0.084
N2 floating point     -1.12187079889294417      1953.478              0.493
N3 if then else        1.00000000000000000                6645.072    0.112
N4 fixed point        12.00000000000000000               36225338487.587    0.000
N5 sin,cos etc.        0.49902937281518261                 166.462    3.580
N6 floating point      0.99999987890802811      1105.848              3.494
N7 assignments         3.00000000000000000                3323.281    0.398
N8 exp,sqrt etc.       0.75100163018453958                 145.979    1.825

MWIPS                                           7173.108              9.986

Calibrate
       0.00 Seconds          1   Passes (x 100)
       0.01 Seconds          5   Passes (x 100)
       0.04 Seconds         25   Passes (x 100)
       0.18 Seconds        125   Passes (x 100)
       0.87 Seconds        625   Passes (x 100)

Use 7165  passes (x 100)

          Double Precision C/C++ Whetstone Benchmark

Loop content                  Result              MFLOPS      MOPS   Seconds

N1 floating point     -1.12398255667392033      1641.437              0.084
N2 floating point     -1.12187079889294417      1953.651              0.493
N3 if then else        1.00000000000000000                6645.323    0.112
N4 fixed point        12.00000000000000000                   0.000   -0.000
N5 sin,cos etc.        0.49902937281518261                 166.482    3.581
N6 floating point      0.99999987890802811      1105.895              3.495
N7 assignments         3.00000000000000000                3320.814    0.399
N8 exp,sqrt etc.       0.75100163018453958                 145.955    1.826

MWIPS                                           7173.122              9.989


# COUNT0: 7173.122
# COUNT1: 0
# COUNT2: MWIPS
# TIME: 9.989
# elapsed: 11.925072
# pid: 662958
# status: 0

# COUNT0: 7173.108
# COUNT1: 0
# COUNT2: MWIPS
# TIME: 9.986
# elapsed: 11.922758
# pid: 662960
# status: 0

#### Pass 6

Calibrate
       0.00 Seconds          1   Passes (x 100)
       0.01 Seconds          5   Passes (x 100)
       0.04 Seconds         25   Passes (x 100)
       0.18 Seconds        125   Passes (x 100)
       0.87 Seconds        625   Passes (x 100)

Use 7152  passes (x 100)

          Double Precision C/C++ Whetstone Benchmark

Loop content                  Result              MFLOPS      MOPS   Seconds

N1 floating point     -1.12398255667392033      1655.773              0.083
N2 floating point     -1.12187079889294417      1963.779              0.489
N3 if then else        1.00000000000000000                6624.240    0.112
N4 fixed point        12.00000000000000000               21419517663.934    0.000
N5 sin,cos etc.        0.49902937281518261                 166.514    3.574
N6 floating point      0.99999987890802811      1105.431              3.490
N7 assignments         3.00000000000000000                3327.122    0.397
N8 exp,sqrt etc.       0.75100163018453958                 136.459    1.950

MWIPS                                           7085.038             10.095

Calibrate
       0.00 Seconds          1   Passes (x 100)
       0.01 Seconds          5   Passes (x 100)
       0.04 Seconds         25   Passes (x 100)
       0.17 Seconds        125   Passes (x 100)
       0.87 Seconds        625   Passes (x 100)

Use 7156  passes (x 100)

          Double Precision C/C++ Whetstone Benchmark

Loop content                  Result              MFLOPS      MOPS   Seconds

N1 floating point     -1.12398255667392033      1655.518              0.083
N2 floating point     -1.12187079889294417      1965.834              0.489
N3 if then else        1.00000000000000000                6625.930    0.112
N4 fixed point        12.00000000000000000               83888309362.706    0.000
N5 sin,cos etc.        0.49902937281518261                 166.525    3.575
N6 floating point      0.99999987890802811      1105.918              3.490
N7 assignments         3.00000000000000000                3334.440    0.397
N8 exp,sqrt etc.       0.75100163018453958                 136.361    1.952

MWIPS                                           7086.285             10.098


# COUNT0: 7086.285
# COUNT1: 0
# COUNT2: MWIPS
# TIME: 10.098
# elapsed: 12.024683
# pid: 662970
# status: 0

# COUNT0: 7085.038
# COUNT1: 0
# COUNT2: MWIPS
# TIME: 10.095
# elapsed: 12.020437
# pid: 662972
# status: 0

#### Pass 7

Calibrate
       0.00 Seconds          1   Passes (x 100)
       0.01 Seconds          5   Passes (x 100)
       0.04 Seconds         25   Passes (x 100)
       0.17 Seconds        125   Passes (x 100)
       0.87 Seconds        625   Passes (x 100)

Use 7159  passes (x 100)

          Double Precision C/C++ Whetstone Benchmark

Loop content                  Result              MFLOPS      MOPS   Seconds

N1 floating point     -1.12398255667392033      1654.485              0.083
N2 floating point     -1.12187079889294417      1963.211              0.490
N3 if then else        1.00000000000000000                6645.884    0.111
N4 fixed point        12.00000000000000000                   0.000   -0.000
N5 sin,cos etc.        0.49902937281518261                 166.551    3.576
N6 floating point      0.99999987890802811      1105.704              3.492
N7 assignments         3.00000000000000000                3331.353    0.397
N8 exp,sqrt etc.       0.75100163018453958                 145.953    1.825

MWIPS                                           7176.857              9.975

Calibrate
       0.00 Seconds          1   Passes (x 100)
       0.01 Seconds          5   Passes (x 100)
       0.04 Seconds         25   Passes (x 100)
       0.17 Seconds        125   Passes (x 100)
       0.87 Seconds        625   Passes (x 100)

Use 7159  passes (x 100)

          Double Precision C/C++ Whetstone Benchmark

Loop content                  Result              MFLOPS      MOPS   Seconds

N1 floating point     -1.12398255667392033      1654.491              0.083
N2 floating point     -1.12187079889294417      1961.054              0.491
N3 if then else        1.00000000000000000                6644.750    0.112
N4 fixed point        12.00000000000000000                   0.000   -0.000
N5 sin,cos etc.        0.49902937281518261                 166.534    3.577
N6 floating point      0.99999987890802811      1105.555              3.493
N7 assignments         3.00000000000000000                3328.334    0.397
N8 exp,sqrt etc.       0.75100163018453958                 145.897    1.825

MWIPS                                           7175.090              9.978


# COUNT0: 7176.857
# COUNT1: 0
# COUNT2: MWIPS
# TIME: 9.975
# elapsed: 11.900962
# pid: 662982
# status: 0

# COUNT0: 7175.090
# COUNT1: 0
# COUNT2: MWIPS
# TIME: 9.978
# elapsed: 11.902779
# pid: 662984
# status: 0

#### Pass 8

Calibrate
       0.00 Seconds          1   Passes (x 100)
       0.01 Seconds          5   Passes (x 100)
       0.04 Seconds         25   Passes (x 100)
       0.18 Seconds        125   Passes (x 100)
       0.87 Seconds        625   Passes (x 100)

Use 7164  passes (x 100)

          Double Precision C/C++ Whetstone Benchmark

Loop content                  Result              MFLOPS      MOPS   Seconds

N1 floating point     -1.12398255667392033      1648.329              0.083
N2 floating point     -1.12187079889294417      1962.032              0.491
N3 if then else        1.00000000000000000                6615.514    0.112
N4 fixed point        12.00000000000000000                   0.000   -0.000
N5 sin,cos etc.        0.49902937281518261                 166.400    3.582
N6 floating point      0.99999987890802811      1106.006              3.494
N7 assignments         3.00000000000000000                3307.709    0.400
N8 exp,sqrt etc.       0.75100163018453958                 145.886    1.827

MWIPS                                           7171.759              9.989

Calibrate
       0.00 Seconds          1   Passes (x 100)
       0.01 Seconds          5   Passes (x 100)
       0.04 Seconds         25   Passes (x 100)
       0.17 Seconds        125   Passes (x 100)
       0.87 Seconds        625   Passes (x 100)

Use 7168  passes (x 100)

          Double Precision C/C++ Whetstone Benchmark

Loop content                  Result              MFLOPS      MOPS   Seconds

N1 floating point     -1.12398255667392033      1650.278              0.083
N2 floating point     -1.12187079889294417      1964.396              0.490
N3 if then else        1.00000000000000000                6617.854    0.112
N4 fixed point        12.00000000000000000               20600730208.608    0.000
N5 sin,cos etc.        0.49902937281518261                 166.438    3.583
N6 floating point      0.99999987890802811      1106.320              3.495
N7 assignments         3.00000000000000000                3308.126    0.400
N8 exp,sqrt etc.       0.75100163018453958                 145.877    1.828

MWIPS                                           7173.545              9.992


# COUNT0: 7171.759
# COUNT1: 0
# COUNT2: MWIPS
# TIME: 9.989
# elapsed: 11.918336
# pid: 662994
# status: 0

# COUNT0: 7173.545
# COUNT1: 0
# COUNT2: MWIPS
# TIME: 9.992
# elapsed: 11.919127
# pid: 662996
# status: 0

#### Pass 9

Calibrate
       0.00 Seconds          1   Passes (x 100)
       0.01 Seconds          5   Passes (x 100)
       0.04 Seconds         25   Passes (x 100)
       0.17 Seconds        125   Passes (x 100)
       0.87 Seconds        625   Passes (x 100)

Use 7169  passes (x 100)

          Double Precision C/C++ Whetstone Benchmark

Loop content                  Result              MFLOPS      MOPS   Seconds

N1 floating point     -1.12398255667392033      1638.939              0.084
N2 floating point     -1.12187079889294417      1964.018              0.491
N3 if then else        1.00000000000000000                6619.074    0.112
N4 fixed point        12.00000000000000000               27462549841.863    0.000
N5 sin,cos etc.        0.49902937281518261                 166.550    3.581
N6 floating point      0.99999987890802811      1105.539              3.498
N7 assignments         3.00000000000000000                3313.594    0.400
N8 exp,sqrt etc.       0.75100163018453958                 145.905    1.828

MWIPS                                           7173.761              9.993

Calibrate
       0.00 Seconds          1   Passes (x 100)
       0.01 Seconds          5   Passes (x 100)
       0.04 Seconds         25   Passes (x 100)
       0.17 Seconds        125   Passes (x 100)
       0.87 Seconds        625   Passes (x 100)

Use 7171  passes (x 100)

          Double Precision C/C++ Whetstone Benchmark

Loop content                  Result              MFLOPS      MOPS   Seconds

N1 floating point     -1.12398255667392033      1639.720              0.084
N2 floating point     -1.12187079889294417      1963.937              0.491
N3 if then else        1.00000000000000000                6619.501    0.112
N4 fixed point        12.00000000000000000                   0.000   -0.000
N5 sin,cos etc.        0.49902937281518261                 166.597    3.581
N6 floating point      0.99999987890802811      1105.617              3.499
N7 assignments         3.00000000000000000                3316.003    0.400
N8 exp,sqrt etc.       0.75100163018453958                 145.956    1.828

MWIPS                                           7175.343              9.994


# COUNT0: 7173.761
# COUNT1: 0
# COUNT2: MWIPS
# TIME: 9.993
# elapsed: 11.927053
# pid: 663006
# status: 0

# COUNT0: 7175.343
# COUNT1: 0
# COUNT2: MWIPS
# TIME: 9.994
# elapsed: 11.926277
# pid: 663008
# status: 0

#### Pass 10

Calibrate
       0.00 Seconds          1   Passes (x 100)
       0.01 Seconds          5   Passes (x 100)
       0.04 Seconds         25   Passes (x 100)
       0.18 Seconds        125   Passes (x 100)
       0.87 Seconds        625   Passes (x 100)

Use 7147  passes (x 100)

          Double Precision C/C++ Whetstone Benchmark

Loop content                  Result              MFLOPS      MOPS   Seconds

N1 floating point     -1.12398255667392033      1652.416              0.083
N2 floating point     -1.12187079889294417      1961.717              0.490
N3 if then else        1.00000000000000000                6634.687    0.111
N4 fixed point        12.00000000000000000               21786993775.055    0.000
N5 sin,cos etc.        0.49902937281518261                 153.617    3.871
N6 floating point      0.99999987890802811      1105.603              3.487
N7 assignments         3.00000000000000000                3337.601    0.396
N8 exp,sqrt etc.       0.75100163018453958                 146.039    1.821

MWIPS                                           6967.139             10.258

Calibrate
       0.00 Seconds          1   Passes (x 100)
       0.01 Seconds          5   Passes (x 100)
       0.04 Seconds         25   Passes (x 100)
       0.18 Seconds        125   Passes (x 100)
       0.87 Seconds        625   Passes (x 100)

Use 7148  passes (x 100)

          Double Precision C/C++ Whetstone Benchmark

Loop content                  Result              MFLOPS      MOPS   Seconds

N1 floating point     -1.12398255667392033      1651.482              0.083
N2 floating point     -1.12187079889294417      1958.712              0.490
N3 if then else        1.00000000000000000                6634.365    0.112
N4 fixed point        12.00000000000000000               22597576508.217    0.000
N5 sin,cos etc.        0.49902937281518261                 153.618    3.871
N6 floating point      0.99999987890802811      1105.303              3.488
N7 assignments         3.00000000000000000                3332.619    0.396
N8 exp,sqrt etc.       0.75100163018453958                 145.987    1.821

MWIPS                                           6965.123             10.263


# COUNT0: 6965.123
# COUNT1: 0
# COUNT2: MWIPS
# TIME: 10.263
# elapsed: 12.190387
# pid: 663018
# status: 0

# COUNT0: 6967.139
# COUNT1: 0
# COUNT2: MWIPS
# TIME: 10.258
# elapsed: 12.185203
# pid: 663020
# status: 0

*Dump score:      13520.5
*Dump score:      13932.3
*Dump score:      13937.4
Count score:      14171.3
Count score:      14344.4
Count score:      14345.3
Count score:      14346.2
Count score:      14349.1
Count score:      14351.9
Count score:      14352.8

>>>> Sum of 2 copies
>>>> score: 14322.8730287398
>>>> time: 10.0013571428571
>>>> iterations: 7


########################################################
Execl Throughput -- 2 copies
==> "/mnt/host0/unixbench/UnixBench/pgms/execl" 30 2>&1 >> "/mnt/host0/unixbench/UnixBench/results/uarf-2025-06-04-02.log"

#### Pass 1


# COUNT0: 27924
# COUNT1: 1
# COUNT2: lps
# elapsed: 29.206917
# pid: 663030
# status: 0

# COUNT0: 27857
# COUNT1: 1
# COUNT2: lps
# elapsed: 29.207995
# pid: 663032
# status: 0

#### Pass 2


# COUNT0: 28614
# COUNT1: 1
# COUNT2: lps
# elapsed: 29.981667
# pid: 663042
# status: 0

# COUNT0: 28581
# COUNT1: 1
# COUNT2: lps
# elapsed: 29.981351
# pid: 663044
# status: 0

#### Pass 3


# COUNT0: 28799
# COUNT1: 1
# COUNT2: lps
# elapsed: 29.982065
# pid: 663055
# status: 0

# COUNT0: 28791
# COUNT1: 1
# COUNT2: lps
# elapsed: 29.982196
# pid: 663057
# status: 0

*Dump score:      55781.0
Count score:      57195.0
Count score:      57590.0

>>>> Sum of 2 copies
>>>> score: 1914.23204663814
>>>> time: 29.98181975
>>>> iterations: 2


########################################################
File Copy 1024 bufsize 2000 maxblocks -- 2 copies
==> "/mnt/host0/unixbench/UnixBench/pgms/fstime" -c -t 30 -d "/mnt/host0/unixbench/UnixBench/tmp" -b 1024 -m 2000 2>&1 >> "/mnt/host0/unixbench/UnixBench/results/uarf-2025-06-04-02.log"

#### Pass 1

Write done: 120000 in 2.0269, score 14801
Read done: 124160 in 2.0001, score 15519
Copy done: 861136 in 30.0000, score 7176
Write done: 120000 in 2.0369, score 14727
Read done: 124564 in 2.0000, score 15570
Copy done: 860720 in 30.0001, score 7172

# COUNT0: 7172
# COUNT1: 0
# COUNT2: KBps
# TIME: 30.0
# elapsed: 45.049162
# pid: 663067
# status: 0

# COUNT0: 7176
# COUNT1: 0
# COUNT2: KBps
# TIME: 30.0
# elapsed: 45.039177
# pid: 663069
# status: 0

#### Pass 2

Write done: 112000 in 2.0650, score 13559
Read done: 118324 in 2.0000, score 14790
Copy done: 845232 in 30.0001, score 7043
Write done: 112000 in 2.0804, score 13458
Read done: 118264 in 2.0001, score 14782
Copy done: 850320 in 30.0001, score 7085

# COUNT0: 7085
# COUNT1: 0
# COUNT2: KBps
# TIME: 30.0
# elapsed: 45.092689
# pid: 663079
# status: 0

# COUNT0: 7043
# COUNT1: 0
# COUNT2: KBps
# TIME: 30.0
# elapsed: 45.077576
# pid: 663081
# status: 0

#### Pass 3

Write done: 112000 in 2.0017, score 13987
Read done: 114772 in 2.0001, score 14345
Copy done: 862736 in 30.0001, score 7189
Write done: 112000 in 2.0348, score 13760
Read done: 115136 in 2.0001, score 14391
Copy done: 861256 in 30.0001, score 7177

# COUNT0: 7189
# COUNT1: 0
# COUNT2: KBps
# TIME: 30.0
# elapsed: 45.014812
# pid: 663091
# status: 0

# COUNT0: 7177
# COUNT1: 0
# COUNT2: KBps
# TIME: 30.0
# elapsed: 45.046573
# pid: 663093
# status: 0

*Dump score:      14128.0
Count score:      14348.0
Count score:      14366.0

>>>> Sum of 2 copies
>>>> score: 14356.9971790761
>>>> time: 30
>>>> iterations: 2


########################################################
File Copy 256 bufsize 500 maxblocks -- 2 copies
==> "/mnt/host0/unixbench/UnixBench/pgms/fstime" -c -t 30 -d "/mnt/host0/unixbench/UnixBench/tmp" -b 256 -m 500 2>&1 >> "/mnt/host0/unixbench/UnixBench/results/uarf-2025-06-04-02.log"

#### Pass 1

Write done: 30000 in 2.0111, score 3729
Read done: 30580 in 2.0001, score 3822
Copy done: 215970 in 30.0001, score 1799
Write done: 30000 in 2.0134, score 3724
Read done: 30575 in 2.0001, score 3821
Copy done: 215541 in 30.0001, score 1796

# COUNT0: 1796
# COUNT1: 0
# COUNT2: KBps
# TIME: 30.0
# elapsed: 45.024888
# pid: 663103
# status: 0

# COUNT0: 1799
# COUNT1: 0
# COUNT2: KBps
# TIME: 30.0
# elapsed: 45.022579
# pid: 663104
# status: 0

#### Pass 2

Write done: 30000 in 2.0191, score 3714
Read done: 29845 in 2.0000, score 3730
Copy done: 214421 in 30.0000, score 1786
Write done: 30000 in 2.0224, score 3708
Read done: 29918 in 2.0000, score 3739
Copy done: 214865 in 30.0005, score 1790

# COUNT0: 1790
# COUNT1: 0
# COUNT2: KBps
# TIME: 30.0
# elapsed: 45.035259
# pid: 663115
# status: 0

# COUNT0: 1786
# COUNT1: 0
# COUNT2: KBps
# TIME: 30.0
# elapsed: 45.030879
# pid: 663117
# status: 0

#### Pass 3

Write done: 30000 in 2.0506, score 3657
Read done: 28885 in 2.0001, score 3610
Copy done: 217730 in 30.0001, score 1814
Write done: 30000 in 2.0531, score 3653
Read done: 29051 in 2.0000, score 3631
Copy done: 217730 in 30.0001, score 1814

# COUNT0: 1814
# COUNT1: 0
# COUNT2: KBps
# TIME: 30.0
# elapsed: 45.062409
# pid: 663127
# status: 0

# COUNT0: 1814
# COUNT1: 0
# COUNT2: KBps
# TIME: 30.0
# elapsed: 45.064547
# pid: 663129
# status: 0

*Dump score:       3576.0
Count score:       3595.0
Count score:       3628.0

>>>> Sum of 2 copies
>>>> score: 3611.46230770861
>>>> time: 30
>>>> iterations: 2


########################################################
File Copy 4096 bufsize 8000 maxblocks -- 2 copies
==> "/mnt/host0/unixbench/UnixBench/pgms/fstime" -c -t 30 -d "/mnt/host0/unixbench/UnixBench/tmp" -b 4096 -m 8000 2>&1 >> "/mnt/host0/unixbench/UnixBench/results/uarf-2025-06-04-02.log"

#### Pass 1

Write done: 416000 in 2.0215, score 51447
Read done: 395616 in 2.0000, score 49451
Copy done: 3238224 in 30.0000, score 26985
Write done: 416000 in 2.0439, score 50883
Read done: 388224 in 2.0000, score 48527
Copy done: 3240928 in 30.0000, score 27007

# COUNT0: 26985
# COUNT1: 0
# COUNT2: KBps
# TIME: 30.0
# elapsed: 45.036002
# pid: 663139
# status: 0

# COUNT0: 27007
# COUNT1: 0
# COUNT2: KBps
# TIME: 30.0
# elapsed: 45.056802
# pid: 663141
# status: 0

#### Pass 2

Write done: 448000 in 2.0614, score 54330
Read done: 450992 in 2.0001, score 56371
Copy done: 3153888 in 30.0001, score 26282
Write done: 448000 in 2.0646, score 54248
Read done: 452032 in 2.0000, score 56502
Copy done: 3144016 in 30.0001, score 26200

# COUNT0: 26200
# COUNT1: 0
# COUNT2: KBps
# TIME: 30.0
# elapsed: 45.080108
# pid: 663152
# status: 0

# COUNT0: 26282
# COUNT1: 0
# COUNT2: KBps
# TIME: 30.0
# elapsed: 45.076501
# pid: 663154
# status: 0

#### Pass 3

Write done: 416000 in 2.0440, score 50879
Read done: 464544 in 2.0001, score 58066
Copy done: 3203664 in 30.0002, score 26697
Write done: 416000 in 2.0726, score 50179
Read done: 468288 in 2.0000, score 58535
Copy done: 3214080 in 30.0001, score 26783

# COUNT0: 26697
# COUNT1: 0
# COUNT2: KBps
# TIME: 30.0
# elapsed: 45.059377
# pid: 663164
# status: 0

# COUNT0: 26783
# COUNT1: 0
# COUNT2: KBps
# TIME: 30.0
# elapsed: 45.085438
# pid: 663166
# status: 0

*Dump score:      52482.0
Count score:      53480.0
Count score:      53992.0

>>>> Sum of 2 copies
>>>> score: 53735.3902005001
>>>> time: 30
>>>> iterations: 2


########################################################
Pipe Throughput -- 2 copies
==> "/mnt/host0/unixbench/UnixBench/pgms/pipe" 10 2>&1 >> "/mnt/host0/unixbench/UnixBench/results/uarf-2025-06-04-02.log"

#### Pass 1


# COUNT0: 5151201
# COUNT1: 1
# COUNT2: lps
# elapsed: 10.004293
# pid: 663176
# status: 0

# COUNT0: 5105971
# COUNT1: 1
# COUNT2: lps
# elapsed: 10.003771
# pid: 663178
# status: 0

#### Pass 2


# COUNT0: 5239182
# COUNT1: 1
# COUNT2: lps
# elapsed: 10.004413
# pid: 663188
# status: 0

# COUNT0: 5240276
# COUNT1: 1
# COUNT2: lps
# elapsed: 10.004028
# pid: 663190
# status: 0

#### Pass 3


# COUNT0: 5083899
# COUNT1: 1
# COUNT2: lps
# elapsed: 10.004395
# pid: 663200
# status: 0

# COUNT0: 5058140
# COUNT1: 1
# COUNT2: lps
# elapsed: 10.003850
# pid: 663202
# status: 0

#### Pass 4


# COUNT0: 5121440
# COUNT1: 1
# COUNT2: lps
# elapsed: 10.004436
# pid: 663212
# status: 0

# COUNT0: 5049237
# COUNT1: 1
# COUNT2: lps
# elapsed: 10.003867
# pid: 663214
# status: 0

#### Pass 5


# COUNT0: 5250672
# COUNT1: 1
# COUNT2: lps
# elapsed: 10.004081
# pid: 663224
# status: 0

# COUNT0: 5250648
# COUNT1: 1
# COUNT2: lps
# elapsed: 10.003785
# pid: 663226
# status: 0

#### Pass 6


# COUNT0: 5179929
# COUNT1: 1
# COUNT2: lps
# elapsed: 10.004383
# pid: 663236
# status: 0

# COUNT0: 5178860
# COUNT1: 1
# COUNT2: lps
# elapsed: 10.003860
# pid: 663238
# status: 0

#### Pass 7


# COUNT0: 5109740
# COUNT1: 1
# COUNT2: lps
# elapsed: 10.004423
# pid: 663248
# status: 0

# COUNT0: 5065713
# COUNT1: 1
# COUNT2: lps
# elapsed: 10.004192
# pid: 663250
# status: 0

#### Pass 8


# COUNT0: 5138407
# COUNT1: 1
# COUNT2: lps
# elapsed: 10.004468
# pid: 663260
# status: 0

# COUNT0: 5141437
# COUNT1: 1
# COUNT2: lps
# elapsed: 10.003762
# pid: 663262
# status: 0

#### Pass 9


# COUNT0: 5148907
# COUNT1: 1
# COUNT2: lps
# elapsed: 10.004633
# pid: 663272
# status: 0

# COUNT0: 5113979
# COUNT1: 1
# COUNT2: lps
# elapsed: 10.003912
# pid: 663274
# status: 0

#### Pass 10


# COUNT0: 5077250
# COUNT1: 1
# COUNT2: lps
# elapsed: 10.004190
# pid: 663284
# status: 0

# COUNT0: 5031534
# COUNT1: 1
# COUNT2: lps
# elapsed: 10.004218
# pid: 663286
# status: 0

*Dump score:   10108784.0
*Dump score:   10142039.0
*Dump score:   10170677.0
Count score:   10175453.0
Count score:   10257172.0
Count score:   10262886.0
Count score:   10279844.0
Count score:   10358789.0
Count score:   10479458.0
Count score:   10501320.0

>>>> Sum of 2 copies
>>>> score: 1032581.31728044
>>>> time: 10.0041431428571
>>>> iterations: 7


########################################################
Pipe-based Context Switching -- 2 copies
==> "/mnt/host0/unixbench/UnixBench/pgms/context1" 10 2>&1 >> "/mnt/host0/unixbench/UnixBench/results/uarf-2025-06-04-02.log"

#### Pass 1


# COUNT0: 1511078
# COUNT1: 1
# COUNT2: lps
# elapsed: 10.004722
# pid: 663296
# status: 0

# COUNT0: 1521207
# COUNT1: 1
# COUNT2: lps
# elapsed: 10.003909
# pid: 663298
# status: 0

#### Pass 2


# COUNT0: 1513548
# COUNT1: 1
# COUNT2: lps
# elapsed: 10.004839
# pid: 663310
# status: 0

# COUNT0: 1506092
# COUNT1: 1
# COUNT2: lps
# elapsed: 10.003862
# pid: 663312
# status: 0

#### Pass 3


# COUNT0: 1502256
# COUNT1: 1
# COUNT2: lps
# elapsed: 10.004335
# pid: 663324
# status: 0

# COUNT0: 1502717
# COUNT1: 1
# COUNT2: lps
# elapsed: 10.003917
# pid: 663326
# status: 0

#### Pass 4


# COUNT0: 1521680
# COUNT1: 1
# COUNT2: lps
# elapsed: 10.004198
# pid: 663338
# status: 0

# COUNT0: 1527549
# COUNT1: 1
# COUNT2: lps
# elapsed: 10.003875
# pid: 663340
# status: 0

#### Pass 5


# COUNT0: 1526494
# COUNT1: 1
# COUNT2: lps
# elapsed: 10.004382
# pid: 663352
# status: 0

# COUNT0: 1529735
# COUNT1: 1
# COUNT2: lps
# elapsed: 10.004144
# pid: 663354
# status: 0

#### Pass 6


# COUNT0: 1533259
# COUNT1: 1
# COUNT2: lps
# elapsed: 10.004267
# pid: 663367
# status: 0

# COUNT0: 1527907
# COUNT1: 1
# COUNT2: lps
# elapsed: 10.003782
# pid: 663369
# status: 0

#### Pass 7


# COUNT0: 1515012
# COUNT1: 1
# COUNT2: lps
# elapsed: 10.004314
# pid: 663381
# status: 0

# COUNT0: 1521671
# COUNT1: 1
# COUNT2: lps
# elapsed: 10.003608
# pid: 663383
# status: 0

#### Pass 8


# COUNT0: 1509275
# COUNT1: 1
# COUNT2: lps
# elapsed: 10.004209
# pid: 663395
# status: 0

# COUNT0: 1502491
# COUNT1: 1
# COUNT2: lps
# elapsed: 10.003584
# pid: 663397
# status: 0

#### Pass 9


# COUNT0: 1529276
# COUNT1: 1
# COUNT2: lps
# elapsed: 10.004355
# pid: 663409
# status: 0

# COUNT0: 1525607
# COUNT1: 1
# COUNT2: lps
# elapsed: 10.003788
# pid: 663411
# status: 0

#### Pass 10


# COUNT0: 1543982
# COUNT1: 1
# COUNT2: lps
# elapsed: 10.004279
# pid: 663423
# status: 0

# COUNT0: 1516979
# COUNT1: 1
# COUNT2: lps
# elapsed: 10.003942
# pid: 663425
# status: 0

*Dump score:    3004973.0
*Dump score:    3011766.0
*Dump score:    3019640.0
Count score:    3032285.0
Count score:    3036683.0
Count score:    3049229.0
Count score:    3054883.0
Count score:    3056229.0
Count score:    3060961.0
Count score:    3061166.0

>>>> Sum of 2 copies
>>>> score: 304893.275068747
>>>> time: 10.0041117857143
>>>> iterations: 7


########################################################
Process Creation -- 2 copies
==> "/mnt/host0/unixbench/UnixBench/pgms/spawn" 30 2>&1 >> "/mnt/host0/unixbench/UnixBench/results/uarf-2025-06-04-02.log"

#### Pass 1


# COUNT0: 272233
# COUNT1: 1
# COUNT2: lps
# elapsed: 30.004141
# pid: 663437
# status: 0

# COUNT0: 259107
# COUNT1: 1
# COUNT2: lps
# elapsed: 30.004348
# pid: 663439
# status: 0

#### Pass 2


# COUNT0: 266919
# COUNT1: 1
# COUNT2: lps
# elapsed: 30.004014
# pid: 1194791
# status: 0

# COUNT0: 261878
# COUNT1: 1
# COUNT2: lps
# elapsed: 30.004252
# pid: 1194793
# status: 0

#### Pass 3


# COUNT0: 250689
# COUNT1: 1
# COUNT2: lps
# elapsed: 30.004441
# pid: 1723603
# status: 0

# COUNT0: 250587
# COUNT1: 1
# COUNT2: lps
# elapsed: 30.004095
# pid: 1723605
# status: 0

*Dump score:     501276.0
Count score:     528797.0
Count score:     531340.0

>>>> Sum of 2 copies
>>>> score: 17666.432490883
>>>> time: 30.00418875
>>>> iterations: 2


########################################################
System Call Overhead -- 2 copies
==> "/mnt/host0/unixbench/UnixBench/pgms/syscall" 10 2>&1 >> "/mnt/host0/unixbench/UnixBench/results/uarf-2025-06-04-02.log"

#### Pass 1


# COUNT0: 3264828
# COUNT1: 1
# COUNT2: lps
# elapsed: 10.004732
# pid: 2224893
# status: 0

# COUNT0: 3238646
# COUNT1: 1
# COUNT2: lps
# elapsed: 10.004136
# pid: 2224895
# status: 0

#### Pass 2


# COUNT0: 3284172
# COUNT1: 1
# COUNT2: lps
# elapsed: 10.004482
# pid: 2224905
# status: 0

# COUNT0: 3216186
# COUNT1: 1
# COUNT2: lps
# elapsed: 10.003959
# pid: 2224907
# status: 0

#### Pass 3


# COUNT0: 3243761
# COUNT1: 1
# COUNT2: lps
# elapsed: 10.004251
# pid: 2224917
# status: 0

# COUNT0: 3275597
# COUNT1: 1
# COUNT2: lps
# elapsed: 10.004236
# pid: 2224919
# status: 0

#### Pass 4


# COUNT0: 3185105
# COUNT1: 1
# COUNT2: lps
# elapsed: 10.004310
# pid: 2224929
# status: 0

# COUNT0: 3200512
# COUNT1: 1
# COUNT2: lps
# elapsed: 10.003967
# pid: 2224931
# status: 0

#### Pass 5


# COUNT0: 3195858
# COUNT1: 1
# COUNT2: lps
# elapsed: 10.004448
# pid: 2224941
# status: 0

# COUNT0: 3195521
# COUNT1: 1
# COUNT2: lps
# elapsed: 10.003869
# pid: 2224943
# status: 0

#### Pass 6


# COUNT0: 3234497
# COUNT1: 1
# COUNT2: lps
# elapsed: 10.004662
# pid: 2224953
# status: 0

# COUNT0: 3303363
# COUNT1: 1
# COUNT2: lps
# elapsed: 10.004195
# pid: 2224955
# status: 0

#### Pass 7


# COUNT0: 3262118
# COUNT1: 1
# COUNT2: lps
# elapsed: 10.004794
# pid: 2224965
# status: 0

# COUNT0: 3257064
# COUNT1: 1
# COUNT2: lps
# elapsed: 10.004209
# pid: 2224967
# status: 0

#### Pass 8


# COUNT0: 3243668
# COUNT1: 1
# COUNT2: lps
# elapsed: 10.004272
# pid: 2224977
# status: 0

# COUNT0: 3224123
# COUNT1: 1
# COUNT2: lps
# elapsed: 10.004003
# pid: 2224979
# status: 0

#### Pass 9


# COUNT0: 3275749
# COUNT1: 1
# COUNT2: lps
# elapsed: 10.004438
# pid: 2224989
# status: 0

# COUNT0: 3276703
# COUNT1: 1
# COUNT2: lps
# elapsed: 10.004096
# pid: 2224991
# status: 0

#### Pass 10


# COUNT0: 3279458
# COUNT1: 1
# COUNT2: lps
# elapsed: 10.005042
# pid: 2225001
# status: 0

# COUNT0: 3274683
# COUNT1: 1
# COUNT2: lps
# elapsed: 10.003793
# pid: 2225003
# status: 0

*Dump score:    6385617.0
*Dump score:    6391379.0
*Dump score:    6467791.0
Count score:    6500358.0
Count score:    6503474.0
Count score:    6519182.0
Count score:    6519358.0
Count score:    6537860.0
Count score:    6552452.0
Count score:    6554141.0

>>>> Sum of 2 copies
>>>> score: 652381.404236204
>>>> time: 10.0043589285714
>>>> iterations: 7


########################################################
Shell Scripts (1 concurrent) -- 2 copies
==> "/mnt/host0/unixbench/UnixBench/pgms/looper" 60 "/mnt/host0/unixbench/UnixBench/pgms/multi.sh" 1 2>&1 >> "/mnt/host0/unixbench/UnixBench/results/uarf-2025-06-04-02.log"

#### Pass 1


# COUNT0: 2193
# COUNT1: 60
# COUNT2: lpm
# elapsed: 60.004386
# pid: 2225013
# status: 0

# COUNT0: 2193
# COUNT1: 60
# COUNT2: lpm
# elapsed: 60.005491
# pid: 2225015
# status: 0

#### Pass 2


# COUNT0: 2199
# COUNT1: 60
# COUNT2: lpm
# elapsed: 60.006314
# pid: 2264518
# status: 0

# COUNT0: 2203
# COUNT1: 60
# COUNT2: lpm
# elapsed: 60.008605
# pid: 2264520
# status: 0

#### Pass 3


# COUNT0: 2180
# COUNT1: 60
# COUNT2: lpm
# elapsed: 60.023106
# pid: 2304166
# status: 0

# COUNT0: 2183
# COUNT1: 60
# COUNT2: lpm
# elapsed: 60.020821
# pid: 2304168
# status: 0

*Dump score:       4363.0
Count score:       4386.0
Count score:       4402.0

>>>> Sum of 2 copies
>>>> score: 4393.53879252232
>>>> time: 60.006199
>>>> iterations: 2


########################################################
Shell Scripts (8 concurrent) -- 2 copies
==> "/mnt/host0/unixbench/UnixBench/pgms/looper" 60 "/mnt/host0/unixbench/UnixBench/pgms/multi.sh" 8 2>&1 >> "/mnt/host0/unixbench/UnixBench/results/uarf-2025-06-04-02.log"

#### Pass 1


# COUNT0: 366
# COUNT1: 60
# COUNT2: lpm
# elapsed: 60.045278
# pid: 2343463
# status: 0

# COUNT0: 366
# COUNT1: 60
# COUNT2: lpm
# elapsed: 60.048467
# pid: 2343464
# status: 0

#### Pass 2


# COUNT0: 366
# COUNT1: 60
# COUNT2: lpm
# elapsed: 60.123894
# pid: 2391185
# status: 0

# COUNT0: 366
# COUNT1: 60
# COUNT2: lpm
# elapsed: 60.125805
# pid: 2391187
# status: 0

#### Pass 3


# COUNT0: 366
# COUNT1: 60
# COUNT2: lpm
# elapsed: 60.044276
# pid: 2438907
# status: 0

# COUNT0: 366
# COUNT1: 60
# COUNT2: lpm
# elapsed: 60.046088
# pid: 2438909
# status: 0

*Dump score:        732.0
Count score:        732.0
Count score:        732.0

>>>> Sum of 2 copies
>>>> score: 730.964436031973
>>>> time: 60.08501575
>>>> iterations: 2

