
########################################################
Dhrystone 2 using register variables -- 1 copy
==> "/mnt/host0/unixbench/UnixBench/pgms/dhry2reg" 10 2>&1 >> "/mnt/host0/unixbench/UnixBench/results/uarf-2025-06-04-06.log"

#### Pass 1


# COUNT0: 574687223
# COUNT1: 1
# COUNT2: lps
# elapsed: 10.003978
# pid: 929064
# status: 0

#### Pass 2


# COUNT0: 578397715
# COUNT1: 1
# COUNT2: lps
# elapsed: 10.004119
# pid: 929073
# status: 0

#### Pass 3


# COUNT0: 577048104
# COUNT1: 1
# COUNT2: lps
# elapsed: 10.004085
# pid: 929082
# status: 0

#### Pass 4


# COUNT0: 582598661
# COUNT1: 1
# COUNT2: lps
# elapsed: 10.004147
# pid: 929091
# status: 0

#### Pass 5


# COUNT0: 575036930
# COUNT1: 1
# COUNT2: lps
# elapsed: 10.003809
# pid: 929100
# status: 0

#### Pass 6


# COUNT0: 576631642
# COUNT1: 1
# COUNT2: lps
# elapsed: 10.004467
# pid: 929109
# status: 0

#### Pass 7


# COUNT0: 573804419
# COUNT1: 1
# COUNT2: lps
# elapsed: 10.004088
# pid: 929118
# status: 0

#### Pass 8


# COUNT0: 574850658
# COUNT1: 1
# COUNT2: lps
# elapsed: 10.003907
# pid: 929127
# status: 0

#### Pass 9


# COUNT0: 575570025
# COUNT1: 1
# COUNT2: lps
# elapsed: 10.004262
# pid: 929136
# status: 0

#### Pass 10


# COUNT0: 574613778
# COUNT1: 1
# COUNT2: lps
# elapsed: 10.003981
# pid: 929145
# status: 0

*Dump score:  573804419.0
*Dump score:  574613778.0
*Dump score:  574687223.0
Count score:  574850658.0
Count score:  575036930.0
Count score:  575570025.0
Count score:  576631642.0
Count score:  577048104.0
Count score:  578397715.0
Count score:  582598661.0

>>>> Results of 1 copy
>>>> score: 57691923.6488825
>>>> time: 10.0041137142857
>>>> iterations: 7


########################################################
Double-Precision Whetstone -- 1 copy
==> "/mnt/host0/unixbench/UnixBench/pgms/whetstone-double"  2>&1 >> "/mnt/host0/unixbench/UnixBench/results/uarf-2025-06-04-06.log"

#### Pass 1

Calibrate
       0.00 Seconds          1   Passes (x 100)
       0.01 Seconds          5   Passes (x 100)
       0.03 Seconds         25   Passes (x 100)
       0.16 Seconds        125   Passes (x 100)
       0.77 Seconds        625   Passes (x 100)

Use 8144  passes (x 100)

          Double Precision C/C++ Whetstone Benchmark

Loop content                  Result              MFLOPS      MOPS   Seconds

N1 floating point     -1.12398255667392033      1660.510              0.094
N2 floating point     -1.12187079889294417      1965.613              0.557
N3 if then else        1.00000000000000000                8466.537    0.100
N4 fixed point        12.00000000000000000                   0.000   -0.000
N5 sin,cos etc.        0.49902937281518261                 225.167    3.009
N6 floating point      0.99999987890802811      1107.185              3.968
N7 assignments         3.00000000000000000                6611.915    0.228
N8 exp,sqrt etc.       0.75100163018453958                 161.541    1.875

MWIPS                                           8284.462              9.830


# COUNT0: 8284.462
# COUNT1: 0
# COUNT2: MWIPS
# TIME: 9.830
# elapsed: 11.726430
# pid: 929154
# status: 0

#### Pass 2

Calibrate
       0.00 Seconds          1   Passes (x 100)
       0.01 Seconds          5   Passes (x 100)
       0.03 Seconds         25   Passes (x 100)
       0.16 Seconds        125   Passes (x 100)
       0.77 Seconds        625   Passes (x 100)

Use 8137  passes (x 100)

          Double Precision C/C++ Whetstone Benchmark

Loop content                  Result              MFLOPS      MOPS   Seconds

N1 floating point     -1.12398255667392033      1642.625              0.095
N2 floating point     -1.12187079889294417      1951.399              0.560
N3 if then else        1.00000000000000000                8435.382    0.100
N4 fixed point        12.00000000000000000               90505884792.873    0.000
N5 sin,cos etc.        0.49902937281518261                 225.657    3.000
N6 floating point      0.99999987890802811      1107.836              3.962
N7 assignments         3.00000000000000000                6609.372    0.228
N8 exp,sqrt etc.       0.75100163018453958                 160.337    1.888

MWIPS                                           8275.405              9.833


# COUNT0: 8275.405
# COUNT1: 0
# COUNT2: MWIPS
# TIME: 9.833
# elapsed: 11.737493
# pid: 929163
# status: 0

#### Pass 3

Calibrate
       0.00 Seconds          1   Passes (x 100)
       0.01 Seconds          5   Passes (x 100)
       0.03 Seconds         25   Passes (x 100)
       0.16 Seconds        125   Passes (x 100)
       0.77 Seconds        625   Passes (x 100)

Use 8141  passes (x 100)

          Double Precision C/C++ Whetstone Benchmark

Loop content                  Result              MFLOPS      MOPS   Seconds

N1 floating point     -1.12398255667392033      1641.381              0.095
N2 floating point     -1.12187079889294417      1995.049              0.548
N3 if then else        1.00000000000000000                8497.572    0.099
N4 fixed point        12.00000000000000000               38117827132.630    0.000
N5 sin,cos etc.        0.49902937281518261                 224.121    3.022
N6 floating point      0.99999987890802811      1104.599              3.975
N7 assignments         3.00000000000000000                6587.775    0.228
N8 exp,sqrt etc.       0.75100163018453958                 160.284    1.889

MWIPS                                           8258.092              9.858


# COUNT0: 8258.092
# COUNT1: 0
# COUNT2: MWIPS
# TIME: 9.858
# elapsed: 11.763772
# pid: 929172
# status: 0

#### Pass 4

Calibrate
       0.00 Seconds          1   Passes (x 100)
       0.01 Seconds          5   Passes (x 100)
       0.03 Seconds         25   Passes (x 100)
       0.16 Seconds        125   Passes (x 100)
       0.77 Seconds        625   Passes (x 100)

Use 8146  passes (x 100)

          Double Precision C/C++ Whetstone Benchmark

Loop content                  Result              MFLOPS      MOPS   Seconds

N1 floating point     -1.12398255667392033      1640.435              0.095
N2 floating point     -1.12187079889294417      1950.112              0.561
N3 if then else        1.00000000000000000                8445.984    0.100
N4 fixed point        12.00000000000000000                   0.000   -0.000
N5 sin,cos etc.        0.49902937281518261                 223.683    3.030
N6 floating point      0.99999987890802811      1104.253              3.979
N7 assignments         3.00000000000000000                6615.576    0.228
N8 exp,sqrt etc.       0.75100163018453958                 161.317    1.878

MWIPS                                           8251.891              9.872


# COUNT0: 8251.891
# COUNT1: 0
# COUNT2: MWIPS
# TIME: 9.872
# elapsed: 11.779315
# pid: 929181
# status: 0

#### Pass 5

Calibrate
       0.00 Seconds          1   Passes (x 100)
       0.01 Seconds          5   Passes (x 100)
       0.03 Seconds         25   Passes (x 100)
       0.16 Seconds        125   Passes (x 100)
       0.77 Seconds        625   Passes (x 100)

Use 8135  passes (x 100)

          Double Precision C/C++ Whetstone Benchmark

Loop content                  Result              MFLOPS      MOPS   Seconds

N1 floating point     -1.12398255667392033      1642.482              0.095
N2 floating point     -1.12187079889294417      1957.829              0.558
N3 if then else        1.00000000000000000                8388.777    0.100
N4 fixed point        12.00000000000000000               2508216468.916    0.000
N5 sin,cos etc.        0.49902937281518261                 223.388    3.030
N6 floating point      0.99999987890802811      1105.254              3.970
N7 assignments         3.00000000000000000                6750.124    0.223
N8 exp,sqrt etc.       0.75100163018453958                 160.156    1.890

MWIPS                                           8245.349              9.866


# COUNT0: 8245.349
# COUNT1: 0
# COUNT2: MWIPS
# TIME: 9.866
# elapsed: 11.771444
# pid: 929190
# status: 0

#### Pass 6

Calibrate
       0.00 Seconds          1   Passes (x 100)
       0.01 Seconds          5   Passes (x 100)
       0.03 Seconds         25   Passes (x 100)
       0.16 Seconds        125   Passes (x 100)
       0.77 Seconds        625   Passes (x 100)

Use 8125  passes (x 100)

          Double Precision C/C++ Whetstone Benchmark

Loop content                  Result              MFLOPS      MOPS   Seconds

N1 floating point     -1.12398255667392033      1648.256              0.095
N2 floating point     -1.12187079889294417      1961.334              0.557
N3 if then else        1.00000000000000000                8471.213    0.099
N4 fixed point        12.00000000000000000               21718400461.309    0.000
N5 sin,cos etc.        0.49902937281518261                 224.269    3.014
N6 floating point      0.99999987890802811      1101.587              3.978
N7 assignments         3.00000000000000000                6729.440    0.223
N8 exp,sqrt etc.       0.75100163018453958                 160.169    1.887

MWIPS                                           8245.742              9.854


# COUNT0: 8245.742
# COUNT1: 0
# COUNT2: MWIPS
# TIME: 9.854
# elapsed: 11.756218
# pid: 929199
# status: 0

#### Pass 7

Calibrate
       0.00 Seconds          1   Passes (x 100)
       0.01 Seconds          5   Passes (x 100)
       0.03 Seconds         25   Passes (x 100)
       0.16 Seconds        125   Passes (x 100)
       0.77 Seconds        625   Passes (x 100)

Use 8154  passes (x 100)

          Double Precision C/C++ Whetstone Benchmark

Loop content                  Result              MFLOPS      MOPS   Seconds

N1 floating point     -1.12398255667392033      1651.277              0.095
N2 floating point     -1.12187079889294417      1975.085              0.555
N3 if then else        1.00000000000000000                8862.112    0.095
N4 fixed point        12.00000000000000000               23189126361.345    0.000
N5 sin,cos etc.        0.49902937281518261                 224.608    3.020
N6 floating point      0.99999987890802811      1108.636              3.967
N7 assignments         3.00000000000000000                6659.093    0.226
N8 exp,sqrt etc.       0.75100163018453958                 162.191    1.870

MWIPS                                           8295.787              9.829


# COUNT0: 8295.787
# COUNT1: 0
# COUNT2: MWIPS
# TIME: 9.829
# elapsed: 11.729158
# pid: 929208
# status: 0

#### Pass 8

Calibrate
       0.00 Seconds          1   Passes (x 100)
       0.01 Seconds          5   Passes (x 100)
       0.03 Seconds         25   Passes (x 100)
       0.16 Seconds        125   Passes (x 100)
       0.77 Seconds        625   Passes (x 100)

Use 8142  passes (x 100)

          Double Precision C/C++ Whetstone Benchmark

Loop content                  Result              MFLOPS      MOPS   Seconds

N1 floating point     -1.12398255667392033      1652.513              0.095
N2 floating point     -1.12187079889294417      1964.365              0.557
N3 if then else        1.00000000000000000                8708.514    0.097
N4 fixed point        12.00000000000000000                   0.000   -0.000
N5 sin,cos etc.        0.49902937281518261                 223.888    3.026
N6 floating point      0.99999987890802811      1105.920              3.971
N7 assignments         3.00000000000000000                6606.840    0.228
N8 exp,sqrt etc.       0.75100163018453958                 160.779    1.884

MWIPS                                           8260.223              9.857


# COUNT0: 8260.223
# COUNT1: 0
# COUNT2: MWIPS
# TIME: 9.857
# elapsed: 11.756984
# pid: 929217
# status: 0

#### Pass 9

Calibrate
       0.00 Seconds          1   Passes (x 100)
       0.01 Seconds          5   Passes (x 100)
       0.03 Seconds         25   Passes (x 100)
       0.16 Seconds        125   Passes (x 100)
       0.77 Seconds        625   Passes (x 100)

Use 8155  passes (x 100)

          Double Precision C/C++ Whetstone Benchmark

Loop content                  Result              MFLOPS      MOPS   Seconds

N1 floating point     -1.12398255667392033      1655.612              0.095
N2 floating point     -1.12187079889294417      1963.198              0.558
N3 if then else        1.00000000000000000                8673.044    0.097
N4 fixed point        12.00000000000000000               483765864805.258    0.000
N5 sin,cos etc.        0.49902937281518261                 224.033    3.029
N6 floating point      0.99999987890802811      1098.923              4.003
N7 assignments         3.00000000000000000                6606.481    0.228
N8 exp,sqrt etc.       0.75100163018453958                 160.170    1.894

MWIPS                                           8234.285              9.904


# COUNT0: 8234.285
# COUNT1: 0
# COUNT2: MWIPS
# TIME: 9.904
# elapsed: 11.802196
# pid: 929226
# status: 0

#### Pass 10

Calibrate
       0.00 Seconds          1   Passes (x 100)
       0.01 Seconds          5   Passes (x 100)
       0.03 Seconds         25   Passes (x 100)
       0.16 Seconds        125   Passes (x 100)
       0.77 Seconds        625   Passes (x 100)

Use 8131  passes (x 100)

          Double Precision C/C++ Whetstone Benchmark

Loop content                  Result              MFLOPS      MOPS   Seconds

N1 floating point     -1.12398255667392033      1658.936              0.094
N2 floating point     -1.12187079889294417      1962.067              0.557
N3 if then else        1.00000000000000000                8669.245    0.097
N4 fixed point        12.00000000000000000                   0.000   -0.000
N5 sin,cos etc.        0.49902937281518261                 223.276    3.030
N6 floating point      0.99999987890802811      1100.861              3.984
N7 assignments         3.00000000000000000                6604.062    0.228
N8 exp,sqrt etc.       0.75100163018453958                 160.135    1.889

MWIPS                                           8231.053              9.878


# COUNT0: 8231.053
# COUNT1: 0
# COUNT2: MWIPS
# TIME: 9.878
# elapsed: 11.775275
# pid: 929235
# status: 0

*Dump score:       8231.1
*Dump score:       8234.3
*Dump score:       8245.3
Count score:       8245.7
Count score:       8251.9
Count score:       8258.1
Count score:       8260.2
Count score:       8275.4
Count score:       8284.5
Count score:       8295.8

>>>> Results of 1 copy
>>>> score: 8267.3543683488
>>>> time: 9.84757142857143
>>>> iterations: 7


########################################################
Execl Throughput -- 1 copy
==> "/mnt/host0/unixbench/UnixBench/pgms/execl" 30 2>&1 >> "/mnt/host0/unixbench/UnixBench/results/uarf-2025-06-04-06.log"

#### Pass 1


# COUNT0: 34210
# COUNT1: 1
# COUNT2: lps
# elapsed: 29.971517
# pid: 929244
# status: 0

#### Pass 2


# COUNT0: 35321
# COUNT1: 1
# COUNT2: lps
# elapsed: 29.984561
# pid: 929255
# status: 0

#### Pass 3


# COUNT0: 36656
# COUNT1: 1
# COUNT2: lps
# elapsed: 29.985746
# pid: 929264
# status: 0

*Dump score:      34210.0
Count score:      35321.0
Count score:      36656.0

>>>> Results of 1 copy
>>>> score: 1200.00416925852
>>>> time: 29.9851535
>>>> iterations: 2


########################################################
File Copy 1024 bufsize 2000 maxblocks -- 1 copy
==> "/mnt/host0/unixbench/UnixBench/pgms/fstime" -c -t 30 -d "/mnt/host0/unixbench/UnixBench/tmp" -b 1024 -m 2000 2>&1 >> "/mnt/host0/unixbench/UnixBench/results/uarf-2025-06-04-06.log"

#### Pass 1

Write done: 104000 in 2.0786, score 12508
Read done: 167052 in 2.0001, score 20880
Copy done: 785572 in 30.0001, score 6546

# COUNT0: 6546
# COUNT1: 0
# COUNT2: KBps
# TIME: 30.0
# elapsed: 45.089785
# pid: 929273
# status: 0

#### Pass 2

Write done: 136000 in 2.1188, score 16047
Read done: 169728 in 2.0000, score 21215
Copy done: 827140 in 30.0001, score 6892

# COUNT0: 6892
# COUNT1: 0
# COUNT2: KBps
# TIME: 30.0
# elapsed: 45.129558
# pid: 929282
# status: 0

#### Pass 3

Write done: 144000 in 2.1089, score 17070
Read done: 115988 in 2.0000, score 14498
Copy done: 874676 in 30.0001, score 7288

# COUNT0: 7288
# COUNT1: 0
# COUNT2: KBps
# TIME: 30.0
# elapsed: 45.119837
# pid: 929291
# status: 0

*Dump score:       6546.0
Count score:       6892.0
Count score:       7288.0

>>>> Results of 1 copy
>>>> score: 7087.23472166684
>>>> time: 30
>>>> iterations: 2


########################################################
File Copy 256 bufsize 500 maxblocks -- 1 copy
==> "/mnt/host0/unixbench/UnixBench/pgms/fstime" -c -t 30 -d "/mnt/host0/unixbench/UnixBench/tmp" -b 256 -m 500 2>&1 >> "/mnt/host0/unixbench/UnixBench/results/uarf-2025-06-04-06.log"

#### Pass 1

Write done: 26000 in 2.0556, score 3162
Read done: 26639 in 2.0001, score 3329
Copy done: 249567 in 30.0001, score 2079

# COUNT0: 2079
# COUNT1: 0
# COUNT2: KBps
# TIME: 30.0
# elapsed: 45.067442
# pid: 929300
# status: 0

#### Pass 2

Write done: 34000 in 2.0911, score 4064
Read done: 26103 in 2.0001, score 3262
Copy done: 242117 in 30.0001, score 2017

# COUNT0: 2017
# COUNT1: 0
# COUNT2: KBps
# TIME: 30.0
# elapsed: 45.102606
# pid: 929309
# status: 0

#### Pass 3

Write done: 40000 in 2.0195, score 4951
Read done: 31184 in 2.0001, score 3897
Copy done: 246581 in 30.0002, score 2054

# COUNT0: 2054
# COUNT1: 0
# COUNT2: KBps
# TIME: 30.0
# elapsed: 45.031170
# pid: 929319
# status: 0

*Dump score:       2017.0
Count score:       2054.0
Count score:       2079.0

>>>> Results of 1 copy
>>>> score: 2066.462194186
>>>> time: 30
>>>> iterations: 2


########################################################
File Copy 4096 bufsize 8000 maxblocks -- 1 copy
==> "/mnt/host0/unixbench/UnixBench/pgms/fstime" -c -t 30 -d "/mnt/host0/unixbench/UnixBench/tmp" -b 4096 -m 8000 2>&1 >> "/mnt/host0/unixbench/UnixBench/results/uarf-2025-06-04-06.log"

#### Pass 1

Write done: 512000 in 2.0706, score 61818
Read done: 512304 in 2.0000, score 64036
Copy done: 3359088 in 30.0001, score 27992

# COUNT0: 27992
# COUNT1: 0
# COUNT2: KBps
# TIME: 30.0
# elapsed: 45.083890
# pid: 929328
# status: 0

#### Pass 2

Write done: 640000 in 2.0511, score 78007
Read done: 439952 in 2.0000, score 54992
Copy done: 3328528 in 30.0000, score 27737

# COUNT0: 27737
# COUNT1: 0
# COUNT2: KBps
# TIME: 30.0
# elapsed: 45.064125
# pid: 929337
# status: 0

#### Pass 3

Write done: 576000 in 2.0229, score 71186
Read done: 470400 in 2.0001, score 58797
Copy done: 3200160 in 30.0000, score 26667

# COUNT0: 26667
# COUNT1: 0
# COUNT2: KBps
# TIME: 30.0
# elapsed: 45.035094
# pid: 929346
# status: 0

*Dump score:      26667.0
Count score:      27737.0
Count score:      27992.0

>>>> Results of 1 copy
>>>> score: 27864.2082966662
>>>> time: 30
>>>> iterations: 2


########################################################
Pipe Throughput -- 1 copy
==> "/mnt/host0/unixbench/UnixBench/pgms/pipe" 10 2>&1 >> "/mnt/host0/unixbench/UnixBench/results/uarf-2025-06-04-06.log"

#### Pass 1


# COUNT0: 8223942
# COUNT1: 1
# COUNT2: lps
# elapsed: 10.004176
# pid: 929355
# status: 0

#### Pass 2


# COUNT0: 8399600
# COUNT1: 1
# COUNT2: lps
# elapsed: 10.003790
# pid: 929364
# status: 0

#### Pass 3


# COUNT0: 8446720
# COUNT1: 1
# COUNT2: lps
# elapsed: 10.004509
# pid: 929373
# status: 0

#### Pass 4


# COUNT0: 8302570
# COUNT1: 1
# COUNT2: lps
# elapsed: 10.003944
# pid: 929382
# status: 0

#### Pass 5


# COUNT0: 8364843
# COUNT1: 1
# COUNT2: lps
# elapsed: 10.004128
# pid: 929391
# status: 0

#### Pass 6


# COUNT0: 8245111
# COUNT1: 1
# COUNT2: lps
# elapsed: 10.003909
# pid: 929400
# status: 0

#### Pass 7


# COUNT0: 8255740
# COUNT1: 1
# COUNT2: lps
# elapsed: 10.004057
# pid: 929409
# status: 0

#### Pass 8


# COUNT0: 8361330
# COUNT1: 1
# COUNT2: lps
# elapsed: 10.004070
# pid: 929418
# status: 0

#### Pass 9


# COUNT0: 8347112
# COUNT1: 1
# COUNT2: lps
# elapsed: 10.003723
# pid: 929427
# status: 0

#### Pass 10


# COUNT0: 8308294
# COUNT1: 1
# COUNT2: lps
# elapsed: 10.003981
# pid: 929436
# status: 0

*Dump score:    8223942.0
*Dump score:    8245111.0
*Dump score:    8255740.0
Count score:    8302570.0
Count score:    8308294.0
Count score:    8347112.0
Count score:    8361330.0
Count score:    8364843.0
Count score:    8399600.0
Count score:    8446720.0

>>>> Results of 1 copy
>>>> score: 835800.511700101
>>>> time: 10.0040207142857
>>>> iterations: 7


########################################################
Pipe-based Context Switching -- 1 copy
==> "/mnt/host0/unixbench/UnixBench/pgms/context1" 10 2>&1 >> "/mnt/host0/unixbench/UnixBench/results/uarf-2025-06-04-06.log"

#### Pass 1


# COUNT0: 132170
# COUNT1: 1
# COUNT2: lps
# elapsed: 10.003706
# pid: 929445
# status: 0

#### Pass 2


# COUNT0: 132244
# COUNT1: 1
# COUNT2: lps
# elapsed: 10.003678
# pid: 929456
# status: 0

#### Pass 3


# COUNT0: 131394
# COUNT1: 1
# COUNT2: lps
# elapsed: 10.003541
# pid: 929466
# status: 0

#### Pass 4


# COUNT0: 131618
# COUNT1: 1
# COUNT2: lps
# elapsed: 10.003572
# pid: 929476
# status: 0

#### Pass 5


# COUNT0: 131905
# COUNT1: 1
# COUNT2: lps
# elapsed: 10.003377
# pid: 929486
# status: 0

#### Pass 6


# COUNT0: 132139
# COUNT1: 1
# COUNT2: lps
# elapsed: 10.003833
# pid: 929496
# status: 0

#### Pass 7


# COUNT0: 131975
# COUNT1: 1
# COUNT2: lps
# elapsed: 10.003625
# pid: 929506
# status: 0

#### Pass 8


# COUNT0: 131655
# COUNT1: 1
# COUNT2: lps
# elapsed: 10.003662
# pid: 929516
# status: 0

#### Pass 9


# COUNT0: 131614
# COUNT1: 1
# COUNT2: lps
# elapsed: 10.003520
# pid: 929526
# status: 0

#### Pass 10


# COUNT0: 132798
# COUNT1: 1
# COUNT2: lps
# elapsed: 10.003704
# pid: 929536
# status: 0

*Dump score:     131394.0
*Dump score:     131614.0
*Dump score:     131618.0
Count score:     131655.0
Count score:     131905.0
Count score:     131975.0
Count score:     132139.0
Count score:     132170.0
Count score:     132244.0
Count score:     132798.0

>>>> Results of 1 copy
>>>> score: 13207.7886021173
>>>> time: 10.003655
>>>> iterations: 7


########################################################
Process Creation -- 1 copy
==> "/mnt/host0/unixbench/UnixBench/pgms/spawn" 30 2>&1 >> "/mnt/host0/unixbench/UnixBench/results/uarf-2025-06-04-06.log"

#### Pass 1


# COUNT0: 186957
# COUNT1: 1
# COUNT2: lps
# elapsed: 30.003770
# pid: 929546
# status: 0

#### Pass 2


# COUNT0: 187082
# COUNT1: 1
# COUNT2: lps
# elapsed: 30.003710
# pid: 1116513
# status: 0

#### Pass 3


# COUNT0: 190798
# COUNT1: 1
# COUNT2: lps
# elapsed: 30.003923
# pid: 1303605
# status: 0

*Dump score:     186957.0
Count score:     187082.0
Count score:     190798.0

>>>> Results of 1 copy
>>>> score: 6296.89440245474
>>>> time: 30.0038165
>>>> iterations: 2


########################################################
System Call Overhead -- 1 copy
==> "/mnt/host0/unixbench/UnixBench/pgms/syscall" 10 2>&1 >> "/mnt/host0/unixbench/UnixBench/results/uarf-2025-06-04-06.log"

#### Pass 1


# COUNT0: 4881146
# COUNT1: 1
# COUNT2: lps
# elapsed: 10.003802
# pid: 1494413
# status: 0

#### Pass 2


# COUNT0: 4949406
# COUNT1: 1
# COUNT2: lps
# elapsed: 10.004093
# pid: 1494422
# status: 0

#### Pass 3


# COUNT0: 4999329
# COUNT1: 1
# COUNT2: lps
# elapsed: 10.003988
# pid: 1494431
# status: 0

#### Pass 4


# COUNT0: 4935278
# COUNT1: 1
# COUNT2: lps
# elapsed: 10.003847
# pid: 1494440
# status: 0

#### Pass 5


# COUNT0: 5135867
# COUNT1: 1
# COUNT2: lps
# elapsed: 10.003844
# pid: 1494449
# status: 0

#### Pass 6


# COUNT0: 4873259
# COUNT1: 1
# COUNT2: lps
# elapsed: 10.003808
# pid: 1494458
# status: 0

#### Pass 7


# COUNT0: 4968158
# COUNT1: 1
# COUNT2: lps
# elapsed: 10.004117
# pid: 1494467
# status: 0

#### Pass 8


# COUNT0: 5011020
# COUNT1: 1
# COUNT2: lps
# elapsed: 10.004120
# pid: 1494476
# status: 0

#### Pass 9


# COUNT0: 5083782
# COUNT1: 1
# COUNT2: lps
# elapsed: 10.003991
# pid: 1494486
# status: 0

#### Pass 10


# COUNT0: 5038561
# COUNT1: 1
# COUNT2: lps
# elapsed: 10.004273
# pid: 1494495
# status: 0

*Dump score:    4873259.0
*Dump score:    4881146.0
*Dump score:    4935278.0
Count score:    4949406.0
Count score:    4968158.0
Count score:    4999329.0
Count score:    5011020.0
Count score:    5038561.0
Count score:    5083782.0
Count score:    5135867.0

>>>> Results of 1 copy
>>>> score: 502418.485050588
>>>> time: 10.0040608571429
>>>> iterations: 7


########################################################
Shell Scripts (1 concurrent) -- 1 copy
==> "/mnt/host0/unixbench/UnixBench/pgms/looper" 60 "/mnt/host0/unixbench/UnixBench/pgms/multi.sh" 1 2>&1 >> "/mnt/host0/unixbench/UnixBench/results/uarf-2025-06-04-06.log"

#### Pass 1


# COUNT0: 2956
# COUNT1: 60
# COUNT2: lpm
# elapsed: 60.009562
# pid: 1494504
# status: 0

#### Pass 2


# COUNT0: 2926
# COUNT1: 60
# COUNT2: lpm
# elapsed: 60.016532
# pid: 1521126
# status: 0

#### Pass 3


# COUNT0: 2936
# COUNT1: 60
# COUNT2: lpm
# elapsed: 60.007920
# pid: 1547478
# status: 0

*Dump score:       2926.0
Count score:       2936.0
Count score:       2956.0

>>>> Results of 1 copy
>>>> score: 2945.55390994906
>>>> time: 60.008741
>>>> iterations: 2


########################################################
Shell Scripts (8 concurrent) -- 1 copy
==> "/mnt/host0/unixbench/UnixBench/pgms/looper" 60 "/mnt/host0/unixbench/UnixBench/pgms/multi.sh" 8 2>&1 >> "/mnt/host0/unixbench/UnixBench/results/uarf-2025-06-04-06.log"

#### Pass 1


# COUNT0: 624
# COUNT1: 60
# COUNT2: lpm
# elapsed: 60.063777
# pid: 1573920
# status: 0

#### Pass 2


# COUNT0: 624
# COUNT1: 60
# COUNT2: lpm
# elapsed: 60.076606
# pid: 1614554
# status: 0

#### Pass 3


# COUNT0: 624
# COUNT1: 60
# COUNT2: lpm
# elapsed: 60.076392
# pid: 1655189
# status: 0

*Dump score:        624.0
Count score:        624.0
Count score:        624.0

>>>> Results of 1 copy
>>>> score: 623.205423472819
>>>> time: 60.076499
>>>> iterations: 2


########################################################
Dhrystone 2 using register variables -- 2 copies
==> "/mnt/host0/unixbench/UnixBench/pgms/dhry2reg" 10 2>&1 >> "/mnt/host0/unixbench/UnixBench/results/uarf-2025-06-04-06.log"

#### Pass 1


# COUNT0: 334048348
# COUNT1: 1
# COUNT2: lps
# elapsed: 10.005724
# pid: 1695823
# status: 0

# COUNT0: 334122696
# COUNT1: 1
# COUNT2: lps
# elapsed: 10.004959
# pid: 1695825
# status: 0

#### Pass 2


# COUNT0: 333901598
# COUNT1: 1
# COUNT2: lps
# elapsed: 10.004857
# pid: 1695835
# status: 0

# COUNT0: 332875257
# COUNT1: 1
# COUNT2: lps
# elapsed: 10.004239
# pid: 1695837
# status: 0

#### Pass 3


# COUNT0: 334026339
# COUNT1: 1
# COUNT2: lps
# elapsed: 10.005330
# pid: 1695847
# status: 0

# COUNT0: 334069113
# COUNT1: 1
# COUNT2: lps
# elapsed: 10.004570
# pid: 1695849
# status: 0

#### Pass 4


# COUNT0: 327582774
# COUNT1: 1
# COUNT2: lps
# elapsed: 10.005130
# pid: 1695859
# status: 0

# COUNT0: 327672283
# COUNT1: 1
# COUNT2: lps
# elapsed: 10.004533
# pid: 1695861
# status: 0

#### Pass 5


# COUNT0: 334175484
# COUNT1: 1
# COUNT2: lps
# elapsed: 10.005470
# pid: 1695871
# status: 0

# COUNT0: 334134779
# COUNT1: 1
# COUNT2: lps
# elapsed: 10.004985
# pid: 1695873
# status: 0

#### Pass 6


# COUNT0: 334000776
# COUNT1: 1
# COUNT2: lps
# elapsed: 10.005024
# pid: 1695883
# status: 0

# COUNT0: 334049286
# COUNT1: 1
# COUNT2: lps
# elapsed: 10.004425
# pid: 1695885
# status: 0

#### Pass 7


# COUNT0: 334059908
# COUNT1: 1
# COUNT2: lps
# elapsed: 10.004895
# pid: 1695895
# status: 0

# COUNT0: 333963453
# COUNT1: 1
# COUNT2: lps
# elapsed: 10.004962
# pid: 1695897
# status: 0

#### Pass 8


# COUNT0: 334128842
# COUNT1: 1
# COUNT2: lps
# elapsed: 10.005229
# pid: 1695907
# status: 0

# COUNT0: 334203643
# COUNT1: 1
# COUNT2: lps
# elapsed: 10.004476
# pid: 1695909
# status: 0

#### Pass 9


# COUNT0: 334009663
# COUNT1: 1
# COUNT2: lps
# elapsed: 10.005247
# pid: 1695919
# status: 0

# COUNT0: 334114831
# COUNT1: 1
# COUNT2: lps
# elapsed: 10.004579
# pid: 1695921
# status: 0

#### Pass 10


# COUNT0: 333070045
# COUNT1: 1
# COUNT2: lps
# elapsed: 10.005094
# pid: 1695931
# status: 0

# COUNT0: 333059849
# COUNT1: 1
# COUNT2: lps
# elapsed: 10.004453
# pid: 1695933
# status: 0

*Dump score:  655255057.0
*Dump score:  666129894.0
*Dump score:  666776855.0
Count score:  668023361.0
Count score:  668050062.0
Count score:  668095452.0
Count score:  668124494.0
Count score:  668171044.0
Count score:  668310263.0
Count score:  668332485.0

>>>> Sum of 2 copies
>>>> score: 66782484.0370493
>>>> time: 10.0049910714286
>>>> iterations: 7


########################################################
Double-Precision Whetstone -- 2 copies
==> "/mnt/host0/unixbench/UnixBench/pgms/whetstone-double"  2>&1 >> "/mnt/host0/unixbench/UnixBench/results/uarf-2025-06-04-06.log"

#### Pass 1

Calibrate
       0.00 Seconds          1   Passes (x 100)
       0.01 Seconds          5   Passes (x 100)
       0.04 Seconds         25   Passes (x 100)
       0.18 Seconds        125   Passes (x 100)
       0.88 Seconds        625   Passes (x 100)

Use 7095  passes (x 100)

          Double Precision C/C++ Whetstone Benchmark

Loop content                  Result              MFLOPS      MOPS   Seconds

N1 floating point     -1.12398255667392033      1631.244              0.084
N2 floating point     -1.12187079889294417      1950.264              0.489
N3 if then else        1.00000000000000000                6581.453    0.112
N4 fixed point        12.00000000000000000                   0.000   -0.000
N5 sin,cos etc.        0.49902937281518261                 164.772    3.583
N6 floating point      0.99999987890802811      1055.571              3.626
N7 assignments         3.00000000000000000                3313.377    0.396
N8 exp,sqrt etc.       0.75100163018453958                 144.455    1.827

MWIPS                                           7014.362             10.115

Calibrate
       0.00 Seconds          1   Passes (x 100)
       0.01 Seconds          5   Passes (x 100)
       0.04 Seconds         25   Passes (x 100)
       0.18 Seconds        125   Passes (x 100)
       0.88 Seconds        625   Passes (x 100)

Use 7095  passes (x 100)

          Double Precision C/C++ Whetstone Benchmark

Loop content                  Result              MFLOPS      MOPS   Seconds

N1 floating point     -1.12398255667392033      1628.957              0.084
N2 floating point     -1.12187079889294417      1950.974              0.489
N3 if then else        1.00000000000000000                6579.692    0.112
N4 fixed point        12.00000000000000000               198466189678.074    0.000
N5 sin,cos etc.        0.49902937281518261                 164.733    3.583
N6 floating point      0.99999987890802811      1054.805              3.628
N7 assignments         3.00000000000000000                3306.983    0.396
N8 exp,sqrt etc.       0.75100163018453958                 144.411    1.828

MWIPS                                           7011.061             10.120


# COUNT0: 7014.362
# COUNT1: 0
# COUNT2: MWIPS
# TIME: 10.115
# elapsed: 12.056435
# pid: 1695943
# status: 0

# COUNT0: 7011.061
# COUNT1: 0
# COUNT2: MWIPS
# TIME: 10.120
# elapsed: 12.061755
# pid: 1695945
# status: 0

#### Pass 2

Calibrate
       0.00 Seconds          1   Passes (x 100)
       0.01 Seconds          5   Passes (x 100)
       0.04 Seconds         25   Passes (x 100)
       0.18 Seconds        125   Passes (x 100)
       0.88 Seconds        625   Passes (x 100)

Use 7088  passes (x 100)

          Double Precision C/C++ Whetstone Benchmark

Loop content                  Result              MFLOPS      MOPS   Seconds

N1 floating point     -1.12398255667392033      1627.554              0.084
N2 floating point     -1.12187079889294417      1946.461              0.489
N3 if then else        1.00000000000000000                6565.493    0.112
N4 fixed point        12.00000000000000000                   0.000   -0.000
N5 sin,cos etc.        0.49902937281518261                 164.743    3.580
N6 floating point      0.99999987890802811      1089.953              3.508
N7 assignments         3.00000000000000000                3303.738    0.396
N8 exp,sqrt etc.       0.75100163018453958                 144.477    1.825

MWIPS                                           7092.510              9.994

Calibrate
       0.00 Seconds          1   Passes (x 100)
       0.01 Seconds          5   Passes (x 100)
       0.04 Seconds         25   Passes (x 100)
       0.18 Seconds        125   Passes (x 100)
       0.88 Seconds        625   Passes (x 100)

Use 7090  passes (x 100)

          Double Precision C/C++ Whetstone Benchmark

Loop content                  Result              MFLOPS      MOPS   Seconds

N1 floating point     -1.12398255667392033      1628.025              0.084
N2 floating point     -1.12187079889294417      1946.442              0.490
N3 if then else        1.00000000000000000                6561.292    0.112
N4 fixed point        12.00000000000000000               20490664735.806    0.000
N5 sin,cos etc.        0.49902937281518261                 164.759    3.580
N6 floating point      0.99999987890802811      1089.439              3.510
N7 assignments         3.00000000000000000                3299.868    0.397
N8 exp,sqrt etc.       0.75100163018453958                 144.480    1.825

MWIPS                                           7091.233              9.998


# COUNT0: 7091.233
# COUNT1: 0
# COUNT2: MWIPS
# TIME: 9.998
# elapsed: 11.940779
# pid: 1695955
# status: 0

# COUNT0: 7092.510
# COUNT1: 0
# COUNT2: MWIPS
# TIME: 9.994
# elapsed: 11.936744
# pid: 1695957
# status: 0

#### Pass 3

Calibrate
       0.00 Seconds          1   Passes (x 100)
       0.01 Seconds          5   Passes (x 100)
       0.04 Seconds         25   Passes (x 100)
       0.18 Seconds        125   Passes (x 100)
       0.88 Seconds        625   Passes (x 100)

Use 7098  passes (x 100)

          Double Precision C/C++ Whetstone Benchmark

Loop content                  Result              MFLOPS      MOPS   Seconds

N1 floating point     -1.12398255667392033      1628.176              0.084
N2 floating point     -1.12187079889294417      1933.045              0.494
N3 if then else        1.00000000000000000                6569.866    0.112
N4 fixed point        12.00000000000000000                   0.000   -0.000
N5 sin,cos etc.        0.49902937281518261                 164.769    3.584
N6 floating point      0.99999987890802811      1095.364              3.495
N7 assignments         3.00000000000000000                3310.620    0.396
N8 exp,sqrt etc.       0.75100163018453958                 144.322    1.830

MWIPS                                           7102.078              9.994

Calibrate
       0.00 Seconds          1   Passes (x 100)
       0.01 Seconds          5   Passes (x 100)
       0.04 Seconds         25   Passes (x 100)
       0.18 Seconds        125   Passes (x 100)
       0.88 Seconds        625   Passes (x 100)

Use 7104  passes (x 100)

          Double Precision C/C++ Whetstone Benchmark

Loop content                  Result              MFLOPS      MOPS   Seconds

N1 floating point     -1.12398255667392033      1628.910              0.084
N2 floating point     -1.12187079889294417      1933.245              0.494
N3 if then else        1.00000000000000000                6568.608    0.112
N4 fixed point        12.00000000000000000               23393498044.915    0.000
N5 sin,cos etc.        0.49902937281518261                 164.817    3.586
N6 floating point      0.99999987890802811      1095.635              3.497
N7 assignments         3.00000000000000000                3307.816    0.397
N8 exp,sqrt etc.       0.75100163018453958                 144.317    1.831

MWIPS                                           7103.197             10.001


# COUNT0: 7102.078
# COUNT1: 0
# COUNT2: MWIPS
# TIME: 9.994
# elapsed: 11.937671
# pid: 1695967
# status: 0

# COUNT0: 7103.197
# COUNT1: 0
# COUNT2: MWIPS
# TIME: 10.001
# elapsed: 11.942518
# pid: 1695969
# status: 0

#### Pass 4

Calibrate
       0.00 Seconds          1   Passes (x 100)
       0.01 Seconds          5   Passes (x 100)
       0.04 Seconds         25   Passes (x 100)
       0.18 Seconds        125   Passes (x 100)
       0.88 Seconds        625   Passes (x 100)

Use 7107  passes (x 100)

          Double Precision C/C++ Whetstone Benchmark

Loop content                  Result              MFLOPS      MOPS   Seconds

N1 floating point     -1.12398255667392033      1624.038              0.084
N2 floating point     -1.12187079889294417      1933.553              0.494
N3 if then else        1.00000000000000000                6576.619    0.112
N4 fixed point        12.00000000000000000                   0.000   -0.000
N5 sin,cos etc.        0.49902937281518261                 164.836    3.587
N6 floating point      0.99999987890802811      1095.021              3.501
N7 assignments         3.00000000000000000                3289.124    0.399
N8 exp,sqrt etc.       0.75100163018453958                 144.428    1.831

MWIPS                                           7101.463             10.008

Calibrate
       0.00 Seconds          1   Passes (x 100)
       0.01 Seconds          5   Passes (x 100)
       0.04 Seconds         25   Passes (x 100)
       0.18 Seconds        125   Passes (x 100)
       0.88 Seconds        625   Passes (x 100)

Use 7107  passes (x 100)

          Double Precision C/C++ Whetstone Benchmark

Loop content                  Result              MFLOPS      MOPS   Seconds

N1 floating point     -1.12398255667392033      1623.224              0.084
N2 floating point     -1.12187079889294417      1933.768              0.494
N3 if then else        1.00000000000000000                6569.568    0.112
N4 fixed point        12.00000000000000000               46355691619.648    0.000
N5 sin,cos etc.        0.49902937281518261                 164.827    3.587
N6 floating point      0.99999987890802811      1095.193              3.500
N7 assignments         3.00000000000000000                3288.209    0.399
N8 exp,sqrt etc.       0.75100163018453958                 144.432    1.830

MWIPS                                           7101.589             10.008


# COUNT0: 7101.589
# COUNT1: 0
# COUNT2: MWIPS
# TIME: 10.008
# elapsed: 11.952828
# pid: 1695979
# status: 0

# COUNT0: 7101.463
# COUNT1: 0
# COUNT2: MWIPS
# TIME: 10.008
# elapsed: 11.951927
# pid: 1695981
# status: 0

#### Pass 5

Calibrate
       0.00 Seconds          1   Passes (x 100)
       0.01 Seconds          5   Passes (x 100)
       0.04 Seconds         25   Passes (x 100)
       0.18 Seconds        125   Passes (x 100)
       0.88 Seconds        625   Passes (x 100)

Use 7089  passes (x 100)

          Double Precision C/C++ Whetstone Benchmark

Loop content                  Result              MFLOPS      MOPS   Seconds

N1 floating point     -1.12398255667392033      1627.823              0.084
N2 floating point     -1.12187079889294417      1936.516              0.492
N3 if then else        1.00000000000000000                6576.898    0.112
N4 fixed point        12.00000000000000000                   0.000   -0.000
N5 sin,cos etc.        0.49902937281518261                 164.788    3.579
N6 floating point      0.99999987890802811      1094.693              3.493
N7 assignments         3.00000000000000000                3299.351    0.397
N8 exp,sqrt etc.       0.75100163018453958                 143.938    1.832

MWIPS                                           7097.123              9.989

Calibrate
       0.00 Seconds          1   Passes (x 100)
       0.01 Seconds          5   Passes (x 100)
       0.04 Seconds         25   Passes (x 100)
       0.18 Seconds        125   Passes (x 100)
       0.88 Seconds        625   Passes (x 100)

Use 7091  passes (x 100)

          Double Precision C/C++ Whetstone Benchmark

Loop content                  Result              MFLOPS      MOPS   Seconds

N1 floating point     -1.12398255667392033      1627.850              0.084
N2 floating point     -1.12187079889294417      1936.361              0.492
N3 if then else        1.00000000000000000                6577.393    0.112
N4 fixed point        12.00000000000000000                   0.000   -0.000
N5 sin,cos etc.        0.49902937281518261                 164.790    3.580
N6 floating point      0.99999987890802811      1094.823              3.494
N7 assignments         3.00000000000000000                3296.927    0.397
N8 exp,sqrt etc.       0.75100163018453958                 143.918    1.833

MWIPS                                           7097.035              9.991


# COUNT0: 7097.035
# COUNT1: 0
# COUNT2: MWIPS
# TIME: 9.991
# elapsed: 11.934071
# pid: 1695991
# status: 0

# COUNT0: 7097.123
# COUNT1: 0
# COUNT2: MWIPS
# TIME: 9.989
# elapsed: 11.930967
# pid: 1695993
# status: 0

#### Pass 6

Calibrate
       0.00 Seconds          1   Passes (x 100)
       0.01 Seconds          5   Passes (x 100)
       0.04 Seconds         25   Passes (x 100)
       0.18 Seconds        125   Passes (x 100)
       0.88 Seconds        625   Passes (x 100)

Use 7087  passes (x 100)

          Double Precision C/C++ Whetstone Benchmark

Loop content                  Result              MFLOPS      MOPS   Seconds

N1 floating point     -1.12398255667392033      1629.221              0.084
N2 floating point     -1.12187079889294417      1944.740              0.490
N3 if then else        1.00000000000000000                6566.201    0.112
N4 fixed point        12.00000000000000000                   0.000   -0.000
N5 sin,cos etc.        0.49902937281518261                 164.818    3.578
N6 floating point      0.99999987890802811      1095.216              3.490
N7 assignments         3.00000000000000000                3285.010    0.399
N8 exp,sqrt etc.       0.75100163018453958                 144.294    1.827

MWIPS                                           7102.152              9.979

Calibrate
       0.00 Seconds          1   Passes (x 100)
       0.01 Seconds          5   Passes (x 100)
       0.04 Seconds         25   Passes (x 100)
       0.18 Seconds        125   Passes (x 100)
       0.88 Seconds        625   Passes (x 100)

Use 7089  passes (x 100)

          Double Precision C/C++ Whetstone Benchmark

Loop content                  Result              MFLOPS      MOPS   Seconds

N1 floating point     -1.12398255667392033      1629.889              0.084
N2 floating point     -1.12187079889294417      1946.509              0.489
N3 if then else        1.00000000000000000                6566.479    0.112
N4 fixed point        12.00000000000000000               5853767013332.506    0.000
N5 sin,cos etc.        0.49902937281518261                 164.827    3.578
N6 floating point      0.99999987890802811      1095.383              3.491
N7 assignments         3.00000000000000000                3284.816    0.399
N8 exp,sqrt etc.       0.75100163018453958                 144.292    1.828

MWIPS                                           7102.987              9.980


# COUNT0: 7102.152
# COUNT1: 0
# COUNT2: MWIPS
# TIME: 9.979
# elapsed: 11.922810
# pid: 1696003
# status: 0

# COUNT0: 7102.987
# COUNT1: 0
# COUNT2: MWIPS
# TIME: 9.980
# elapsed: 11.922142
# pid: 1696005
# status: 0

#### Pass 7

Calibrate
       0.00 Seconds          1   Passes (x 100)
       0.01 Seconds          5   Passes (x 100)
       0.04 Seconds         25   Passes (x 100)
       0.18 Seconds        125   Passes (x 100)
       0.88 Seconds        625   Passes (x 100)

Use 7100  passes (x 100)

          Double Precision C/C++ Whetstone Benchmark

Loop content                  Result              MFLOPS      MOPS   Seconds

N1 floating point     -1.12398255667392033      1634.476              0.083
N2 floating point     -1.12187079889294417      1952.025              0.489
N3 if then else        1.00000000000000000                6580.256    0.112
N4 fixed point        12.00000000000000000               25089226623.816    0.000
N5 sin,cos etc.        0.49902937281518261                 164.905    3.582
N6 floating point      0.99999987890802811      1095.588              3.496
N7 assignments         3.00000000000000000                3293.415    0.398
N8 exp,sqrt etc.       0.75100163018453958                 144.503    1.828

MWIPS                                           7108.604              9.988

Calibrate
       0.00 Seconds          1   Passes (x 100)
       0.01 Seconds          5   Passes (x 100)
       0.04 Seconds         25   Passes (x 100)
       0.18 Seconds        125   Passes (x 100)
       0.88 Seconds        625   Passes (x 100)

Use 7101  passes (x 100)

          Double Precision C/C++ Whetstone Benchmark

Loop content                  Result              MFLOPS      MOPS   Seconds

N1 floating point     -1.12398255667392033      1633.288              0.083
N2 floating point     -1.12187079889294417      1953.560              0.489
N3 if then else        1.00000000000000000                6580.477    0.112
N4 fixed point        12.00000000000000000               39049524365.074    0.000
N5 sin,cos etc.        0.49902937281518261                 164.874    3.583
N6 floating point      0.99999987890802811      1095.536              3.496
N7 assignments         3.00000000000000000                3287.096    0.399
N8 exp,sqrt etc.       0.75100163018453958                 144.420    1.829

MWIPS                                           7106.943              9.992


# COUNT0: 7106.943
# COUNT1: 0
# COUNT2: MWIPS
# TIME: 9.992
# elapsed: 11.931732
# pid: 1696015
# status: 0

# COUNT0: 7108.604
# COUNT1: 0
# COUNT2: MWIPS
# TIME: 9.988
# elapsed: 11.926785
# pid: 1696017
# status: 0

#### Pass 8

Calibrate
       0.00 Seconds          1   Passes (x 100)
       0.01 Seconds          5   Passes (x 100)
       0.04 Seconds         25   Passes (x 100)
       0.18 Seconds        125   Passes (x 100)
       0.88 Seconds        625   Passes (x 100)

Use 7097  passes (x 100)

          Double Precision C/C++ Whetstone Benchmark

Loop content                  Result              MFLOPS      MOPS   Seconds

N1 floating point     -1.12398255667392033      1641.765              0.083
N2 floating point     -1.12187079889294417      1949.012              0.489
N3 if then else        1.00000000000000000                6532.258    0.112
N4 fixed point        12.00000000000000000                   0.000   -0.000
N5 sin,cos etc.        0.49902937281518261                 164.688    3.585
N6 floating point      0.99999987890802811      1095.314              3.495
N7 assignments         3.00000000000000000                3311.716    0.396
N8 exp,sqrt etc.       0.75100163018453958                 144.504    1.827

MWIPS                                           7105.353              9.988

Calibrate
       0.00 Seconds          1   Passes (x 100)
       0.01 Seconds          5   Passes (x 100)
       0.04 Seconds         25   Passes (x 100)
       0.18 Seconds        125   Passes (x 100)
       0.88 Seconds        625   Passes (x 100)

Use 7099  passes (x 100)

          Double Precision C/C++ Whetstone Benchmark

Loop content                  Result              MFLOPS      MOPS   Seconds

N1 floating point     -1.12398255667392033      1643.079              0.083
N2 floating point     -1.12187079889294417      1947.373              0.490
N3 if then else        1.00000000000000000                6530.900    0.113
N4 fixed point        12.00000000000000000                   0.000   -0.000
N5 sin,cos etc.        0.49902937281518261                 164.666    3.587
N6 floating point      0.99999987890802811      1094.923              3.497
N7 assignments         3.00000000000000000                3306.562    0.397
N8 exp,sqrt etc.       0.75100163018453958                 144.423    1.829

MWIPS                                           7102.686              9.995


# COUNT0: 7105.353
# COUNT1: 0
# COUNT2: MWIPS
# TIME: 9.988
# elapsed: 11.925128
# pid: 1696027
# status: 0

# COUNT0: 7102.686
# COUNT1: 0
# COUNT2: MWIPS
# TIME: 9.995
# elapsed: 11.930451
# pid: 1696029
# status: 0

#### Pass 9

Calibrate
       0.00 Seconds          1   Passes (x 100)
       0.01 Seconds          5   Passes (x 100)
       0.04 Seconds         25   Passes (x 100)
       0.18 Seconds        125   Passes (x 100)
       0.88 Seconds        625   Passes (x 100)

Use 7096  passes (x 100)

          Double Precision C/C++ Whetstone Benchmark

Loop content                  Result              MFLOPS      MOPS   Seconds

N1 floating point     -1.12398255667392033      1645.946              0.083
N2 floating point     -1.12187079889294417      1946.971              0.490
N3 if then else        1.00000000000000000                6569.316    0.112
N4 fixed point        12.00000000000000000                   0.000   -0.000
N5 sin,cos etc.        0.49902937281518261                 164.915    3.580
N6 floating point      0.99999987890802811      1095.521              3.494
N7 assignments         3.00000000000000000                3321.507    0.395
N8 exp,sqrt etc.       0.75100163018453958                 144.393    1.828

MWIPS                                           7109.397              9.981

Calibrate
       0.00 Seconds          1   Passes (x 100)
       0.01 Seconds          5   Passes (x 100)
       0.04 Seconds         25   Passes (x 100)
       0.18 Seconds        125   Passes (x 100)
       0.88 Seconds        625   Passes (x 100)

Use 7101  passes (x 100)

          Double Precision C/C++ Whetstone Benchmark

Loop content                  Result              MFLOPS      MOPS   Seconds

N1 floating point     -1.12398255667392033      1646.042              0.083
N2 floating point     -1.12187079889294417      1946.337              0.490
N3 if then else        1.00000000000000000                6570.770    0.112
N4 fixed point        12.00000000000000000               44856767025.178    0.000
N5 sin,cos etc.        0.49902937281518261                 164.920    3.582
N6 floating point      0.99999987890802811      1095.623              3.496
N7 assignments         3.00000000000000000                3315.440    0.396
N8 exp,sqrt etc.       0.75100163018453958                 144.393    1.829

MWIPS                                           7109.105              9.989


# COUNT0: 7109.105
# COUNT1: 0
# COUNT2: MWIPS
# TIME: 9.989
# elapsed: 11.921588
# pid: 1696040
# status: 0

# COUNT0: 7109.397
# COUNT1: 0
# COUNT2: MWIPS
# TIME: 9.981
# elapsed: 11.914062
# pid: 1696042
# status: 0

#### Pass 10

Calibrate
       0.00 Seconds          1   Passes (x 100)
       0.01 Seconds          5   Passes (x 100)
       0.04 Seconds         25   Passes (x 100)
       0.18 Seconds        125   Passes (x 100)
       0.88 Seconds        625   Passes (x 100)

Use 7102  passes (x 100)

          Double Precision C/C++ Whetstone Benchmark

Loop content                  Result              MFLOPS      MOPS   Seconds

N1 floating point     -1.12398255667392033      1634.485              0.083
N2 floating point     -1.12187079889294417      1951.793              0.489
N3 if then else        1.00000000000000000                6518.311    0.113
N4 fixed point        12.00000000000000000               18996184324.588    0.000
N5 sin,cos etc.        0.49902937281518261                 164.915    3.583
N6 floating point      0.99999987890802811      1095.115              3.498
N7 assignments         3.00000000000000000                3284.391    0.400
N8 exp,sqrt etc.       0.75100163018453958                 144.555    1.828

MWIPS                                           7106.573              9.994

Calibrate
       0.00 Seconds          1   Passes (x 100)
       0.01 Seconds          5   Passes (x 100)
       0.04 Seconds         25   Passes (x 100)
       0.18 Seconds        125   Passes (x 100)
       0.88 Seconds        625   Passes (x 100)

Use 7103  passes (x 100)

          Double Precision C/C++ Whetstone Benchmark

Loop content                  Result              MFLOPS      MOPS   Seconds

N1 floating point     -1.12398255667392033      1634.935              0.083
N2 floating point     -1.12187079889294417      1951.346              0.489
N3 if then else        1.00000000000000000                6519.226    0.113
N4 fixed point        12.00000000000000000                   0.000   -0.000
N5 sin,cos etc.        0.49902937281518261                 164.946    3.583
N6 floating point      0.99999987890802811      1095.139              3.499
N7 assignments         3.00000000000000000                3286.812    0.399
N8 exp,sqrt etc.       0.75100163018453958                 144.560    1.828

MWIPS                                           7107.322              9.994


# COUNT0: 7106.573
# COUNT1: 0
# COUNT2: MWIPS
# TIME: 9.994
# elapsed: 11.933990
# pid: 1696052
# status: 0

# COUNT0: 7107.322
# COUNT1: 0
# COUNT2: MWIPS
# TIME: 9.994
# elapsed: 11.932327
# pid: 1696054
# status: 0

*Dump score:      14025.4
*Dump score:      14183.7
*Dump score:      14194.2
Count score:      14203.1
Count score:      14205.1
Count score:      14205.3
Count score:      14208.0
Count score:      14213.9
Count score:      14215.5
Count score:      14218.5

>>>> Sum of 2 copies
>>>> score: 14209.920198745
>>>> time: 9.99221428571428
>>>> iterations: 7


########################################################
Execl Throughput -- 2 copies
==> "/mnt/host0/unixbench/UnixBench/pgms/execl" 30 2>&1 >> "/mnt/host0/unixbench/UnixBench/results/uarf-2025-06-04-06.log"

#### Pass 1


# COUNT0: 23400
# COUNT1: 1
# COUNT2: lps
# elapsed: 29.020631
# pid: 1696064
# status: 0

# COUNT0: 23370
# COUNT1: 1
# COUNT2: lps
# elapsed: 29.019967
# pid: 1696066
# status: 0

#### Pass 2


# COUNT0: 24113
# COUNT1: 1
# COUNT2: lps
# elapsed: 29.976492
# pid: 1696076
# status: 0

# COUNT0: 24125
# COUNT1: 1
# COUNT2: lps
# elapsed: 29.977589
# pid: 1696078
# status: 0

#### Pass 3


# COUNT0: 24104
# COUNT1: 1
# COUNT2: lps
# elapsed: 29.980241
# pid: 1696088
# status: 0

# COUNT0: 24106
# COUNT1: 1
# COUNT2: lps
# elapsed: 29.979585
# pid: 1696090
# status: 0

*Dump score:      46770.0
Count score:      48210.0
Count score:      48238.0

>>>> Sum of 2 copies
>>>> score: 1608.62069228255
>>>> time: 29.97847675
>>>> iterations: 2


########################################################
File Copy 1024 bufsize 2000 maxblocks -- 2 copies
==> "/mnt/host0/unixbench/UnixBench/pgms/fstime" -c -t 30 -d "/mnt/host0/unixbench/UnixBench/tmp" -b 1024 -m 2000 2>&1 >> "/mnt/host0/unixbench/UnixBench/results/uarf-2025-06-04-06.log"

#### Pass 1

Write done: 88000 in 2.1552, score 10207
Read done: 82796 in 2.0000, score 10349
Copy done: 621360 in 30.0001, score 5177
Write done: 88000 in 2.1556, score 10205
Read done: 81688 in 2.0001, score 10210
Copy done: 625684 in 30.0001, score 5214

# COUNT0: 5214
# COUNT1: 0
# COUNT2: KBps
# TIME: 30.0
# elapsed: 45.170460
# pid: 1696100
# status: 0

# COUNT0: 5177
# COUNT1: 0
# COUNT2: KBps
# TIME: 30.0
# elapsed: 45.169849
# pid: 1696102
# status: 0

#### Pass 2

Write done: 88000 in 2.0715, score 10620
Read done: 90168 in 2.0001, score 11270
Copy done: 609572 in 30.0001, score 5079
Write done: 88000 in 2.0900, score 10526
Read done: 90188 in 2.0000, score 11273
Copy done: 605572 in 30.0001, score 5046

# COUNT0: 5079
# COUNT1: 0
# COUNT2: KBps
# TIME: 30.0
# elapsed: 45.086606
# pid: 1696112
# status: 0

# COUNT0: 5046
# COUNT1: 0
# COUNT2: KBps
# TIME: 30.0
# elapsed: 45.103104
# pid: 1696114
# status: 0

#### Pass 3

Write done: 80000 in 2.0887, score 9575
Read done: 72108 in 2.0001, score 9012
Copy done: 582652 in 30.0001, score 4855
Write done: 80000 in 2.1012, score 9518
Read done: 79564 in 2.0000, score 9945
Copy done: 594640 in 30.0000, score 4955

# COUNT0: 4855
# COUNT1: 0
# COUNT2: KBps
# TIME: 30.0
# elapsed: 45.103650
# pid: 1696124
# status: 0

# COUNT0: 4955
# COUNT1: 0
# COUNT2: KBps
# TIME: 30.0
# elapsed: 45.114690
# pid: 1696126
# status: 0

*Dump score:       9810.0
Count score:      10125.0
Count score:      10391.0

>>>> Sum of 2 copies
>>>> score: 10257.1377586537
>>>> time: 30
>>>> iterations: 2


########################################################
File Copy 256 bufsize 500 maxblocks -- 2 copies
==> "/mnt/host0/unixbench/UnixBench/pgms/fstime" -c -t 30 -d "/mnt/host0/unixbench/UnixBench/tmp" -b 256 -m 500 2>&1 >> "/mnt/host0/unixbench/UnixBench/results/uarf-2025-06-04-06.log"

#### Pass 1

Write done: 20000 in 2.0669, score 2419
Read done: 19452 in 2.0000, score 2431
Copy done: 144189 in 30.0002, score 1201
Write done: 20000 in 2.0842, score 2399
Read done: 18821 in 2.0001, score 2352
Copy done: 145888 in 30.0002, score 1215

# COUNT0: 1215
# COUNT1: 0
# COUNT2: KBps
# TIME: 30.0
# elapsed: 45.098260
# pid: 1696136
# status: 0

# COUNT0: 1201
# COUNT1: 0
# COUNT2: KBps
# TIME: 30.0
# elapsed: 45.081214
# pid: 1696138
# status: 0

#### Pass 2

Write done: 20000 in 2.0840, score 2399
Read done: 19561 in 2.0001, score 2445
Copy done: 143099 in 30.0001, score 1192
Write done: 20000 in 2.1367, score 2340
Read done: 20412 in 2.0001, score 2551
Copy done: 139965 in 30.0001, score 1166

# COUNT0: 1166
# COUNT1: 0
# COUNT2: KBps
# TIME: 30.0
# elapsed: 45.150451
# pid: 1696148
# status: 0

# COUNT0: 1192
# COUNT1: 0
# COUNT2: KBps
# TIME: 30.0
# elapsed: 45.097946
# pid: 1696150
# status: 0

#### Pass 3

Write done: 22000 in 2.0161, score 2728
Read done: 22204 in 2.0000, score 2775
Copy done: 149910 in 30.0001, score 1249
Write done: 22000 in 2.0182, score 2725
Read done: 22286 in 2.0000, score 2785
Copy done: 151187 in 30.0001, score 1259

# COUNT0: 1249
# COUNT1: 0
# COUNT2: KBps
# TIME: 30.0
# elapsed: 45.030259
# pid: 1696161
# status: 0

# COUNT0: 1259
# COUNT1: 0
# COUNT2: KBps
# TIME: 30.0
# elapsed: 45.032164
# pid: 1696163
# status: 0

*Dump score:       2358.0
Count score:       2416.0
Count score:       2508.0

>>>> Sum of 2 copies
>>>> score: 2461.57023056422
>>>> time: 30
>>>> iterations: 2


########################################################
File Copy 4096 bufsize 8000 maxblocks -- 2 copies
==> "/mnt/host0/unixbench/UnixBench/pgms/fstime" -c -t 30 -d "/mnt/host0/unixbench/UnixBench/tmp" -b 4096 -m 8000 2>&1 >> "/mnt/host0/unixbench/UnixBench/results/uarf-2025-06-04-06.log"

#### Pass 1

Write done: 320000 in 2.0060, score 39879
Read done: 298144 in 2.0000, score 37267
Copy done: 2299872 in 30.0001, score 19165
Write done: 320000 in 2.0100, score 39800
Read done: 311088 in 2.0001, score 38883
Copy done: 2294416 in 30.0001, score 19120

# COUNT0: 19165
# COUNT1: 0
# COUNT2: KBps
# TIME: 30.0
# elapsed: 45.024725
# pid: 1696173
# status: 0

# COUNT0: 19120
# COUNT1: 0
# COUNT2: KBps
# TIME: 30.0
# elapsed: 45.026572
# pid: 1696175
# status: 0

#### Pass 2

Write done: 352000 in 2.1567, score 40803
Read done: 313952 in 2.0001, score 39242
Copy done: 2229776 in 30.0001, score 18581
Write done: 352000 in 2.1805, score 40358
Read done: 314816 in 2.0000, score 39351
Copy done: 2249712 in 30.0001, score 18747

# COUNT0: 18581
# COUNT1: 0
# COUNT2: KBps
# TIME: 30.0
# elapsed: 45.173964
# pid: 1696185
# status: 0

# COUNT0: 18747
# COUNT1: 0
# COUNT2: KBps
# TIME: 30.0
# elapsed: 45.196067
# pid: 1696187
# status: 0

#### Pass 3

Write done: 320000 in 2.1634, score 36978
Read done: 314352 in 2.0000, score 39293
Copy done: 2222112 in 30.0002, score 18517
Write done: 320000 in 2.1825, score 36654
Read done: 312368 in 2.0000, score 39045
Copy done: 2169328 in 30.0002, score 18077

# COUNT0: 18517
# COUNT1: 0
# COUNT2: KBps
# TIME: 30.0
# elapsed: 45.180620
# pid: 1696197
# status: 0

# COUNT0: 18077
# COUNT1: 0
# COUNT2: KBps
# TIME: 30.0
# elapsed: 45.197939
# pid: 1696199
# status: 0

*Dump score:      36594.0
Count score:      37328.0
Count score:      38285.0

>>>> Sum of 2 copies
>>>> score: 37803.4717982357
>>>> time: 30
>>>> iterations: 2


########################################################
Pipe Throughput -- 2 copies
==> "/mnt/host0/unixbench/UnixBench/pgms/pipe" 10 2>&1 >> "/mnt/host0/unixbench/UnixBench/results/uarf-2025-06-04-06.log"

#### Pass 1


# COUNT0: 5134686
# COUNT1: 1
# COUNT2: lps
# elapsed: 10.004769
# pid: 1696209
# status: 0

# COUNT0: 5145568
# COUNT1: 1
# COUNT2: lps
# elapsed: 10.004606
# pid: 1696211
# status: 0

#### Pass 2


# COUNT0: 4966277
# COUNT1: 1
# COUNT2: lps
# elapsed: 10.004846
# pid: 1696221
# status: 0

# COUNT0: 5031144
# COUNT1: 1
# COUNT2: lps
# elapsed: 10.004618
# pid: 1696223
# status: 0

#### Pass 3


# COUNT0: 5154371
# COUNT1: 1
# COUNT2: lps
# elapsed: 10.005290
# pid: 1696233
# status: 0

# COUNT0: 5106273
# COUNT1: 1
# COUNT2: lps
# elapsed: 10.004610
# pid: 1696235
# status: 0

#### Pass 4


# COUNT0: 4994711
# COUNT1: 1
# COUNT2: lps
# elapsed: 10.004871
# pid: 1696245
# status: 0

# COUNT0: 5040433
# COUNT1: 1
# COUNT2: lps
# elapsed: 10.004597
# pid: 1696247
# status: 0

#### Pass 5


# COUNT0: 5095432
# COUNT1: 1
# COUNT2: lps
# elapsed: 10.004948
# pid: 1696257
# status: 0

# COUNT0: 5106022
# COUNT1: 1
# COUNT2: lps
# elapsed: 10.004479
# pid: 1696259
# status: 0

#### Pass 6


# COUNT0: 5168487
# COUNT1: 1
# COUNT2: lps
# elapsed: 10.005138
# pid: 1696269
# status: 0

# COUNT0: 5116089
# COUNT1: 1
# COUNT2: lps
# elapsed: 10.004496
# pid: 1696271
# status: 0

#### Pass 7


# COUNT0: 5209380
# COUNT1: 1
# COUNT2: lps
# elapsed: 10.005354
# pid: 1696281
# status: 0

# COUNT0: 5203212
# COUNT1: 1
# COUNT2: lps
# elapsed: 10.004604
# pid: 1696283
# status: 0

#### Pass 8


# COUNT0: 5054021
# COUNT1: 1
# COUNT2: lps
# elapsed: 10.004810
# pid: 1696294
# status: 0

# COUNT0: 5056714
# COUNT1: 1
# COUNT2: lps
# elapsed: 10.004580
# pid: 1696296
# status: 0

#### Pass 9


# COUNT0: 5120005
# COUNT1: 1
# COUNT2: lps
# elapsed: 10.004823
# pid: 1696306
# status: 0

# COUNT0: 5121744
# COUNT1: 1
# COUNT2: lps
# elapsed: 10.004163
# pid: 1696308
# status: 0

#### Pass 10


# COUNT0: 5131087
# COUNT1: 1
# COUNT2: lps
# elapsed: 10.005216
# pid: 1696318
# status: 0

# COUNT0: 5085488
# COUNT1: 1
# COUNT2: lps
# elapsed: 10.004618
# pid: 1696320
# status: 0

*Dump score:    9997421.0
*Dump score:   10035144.0
*Dump score:   10110735.0
Count score:   10201454.0
Count score:   10216575.0
Count score:   10241749.0
Count score:   10260644.0
Count score:   10280254.0
Count score:   10284576.0
Count score:   10412592.0

>>>> Sum of 2 copies
>>>> score: 1026599.79999574
>>>> time: 10.0047938571429
>>>> iterations: 7


########################################################
Pipe-based Context Switching -- 2 copies
==> "/mnt/host0/unixbench/UnixBench/pgms/context1" 10 2>&1 >> "/mnt/host0/unixbench/UnixBench/results/uarf-2025-06-04-06.log"

#### Pass 1


# COUNT0: 1471541
# COUNT1: 1
# COUNT2: lps
# elapsed: 10.005107
# pid: 1696330
# status: 0

# COUNT0: 1466533
# COUNT1: 1
# COUNT2: lps
# elapsed: 10.004423
# pid: 1696332
# status: 0

#### Pass 2


# COUNT0: 1492117
# COUNT1: 1
# COUNT2: lps
# elapsed: 10.004920
# pid: 1696344
# status: 0

# COUNT0: 1484708
# COUNT1: 1
# COUNT2: lps
# elapsed: 10.004990
# pid: 1696346
# status: 0

#### Pass 3


# COUNT0: 1486675
# COUNT1: 1
# COUNT2: lps
# elapsed: 10.005365
# pid: 1696358
# status: 0

# COUNT0: 1479201
# COUNT1: 1
# COUNT2: lps
# elapsed: 10.004711
# pid: 1696360
# status: 0

#### Pass 4


# COUNT0: 1497994
# COUNT1: 1
# COUNT2: lps
# elapsed: 10.004632
# pid: 1696372
# status: 0

# COUNT0: 1510396
# COUNT1: 1
# COUNT2: lps
# elapsed: 10.004118
# pid: 1696374
# status: 0

#### Pass 5


# COUNT0: 1503101
# COUNT1: 1
# COUNT2: lps
# elapsed: 10.004366
# pid: 1696386
# status: 0

# COUNT0: 1506898
# COUNT1: 1
# COUNT2: lps
# elapsed: 10.004009
# pid: 1696388
# status: 0

#### Pass 6


# COUNT0: 1487968
# COUNT1: 1
# COUNT2: lps
# elapsed: 10.004584
# pid: 1696400
# status: 0

# COUNT0: 1485102
# COUNT1: 1
# COUNT2: lps
# elapsed: 10.004039
# pid: 1696402
# status: 0

#### Pass 7


# COUNT0: 1489536
# COUNT1: 1
# COUNT2: lps
# elapsed: 10.004776
# pid: 1696414
# status: 0

# COUNT0: 1492115
# COUNT1: 1
# COUNT2: lps
# elapsed: 10.004580
# pid: 1696416
# status: 0

#### Pass 8


# COUNT0: 1481839
# COUNT1: 1
# COUNT2: lps
# elapsed: 10.005235
# pid: 1696428
# status: 0

# COUNT0: 1485690
# COUNT1: 1
# COUNT2: lps
# elapsed: 10.005235
# pid: 1696430
# status: 0

#### Pass 9


# COUNT0: 1467224
# COUNT1: 1
# COUNT2: lps
# elapsed: 10.005574
# pid: 1696442
# status: 0

# COUNT0: 1480969
# COUNT1: 1
# COUNT2: lps
# elapsed: 10.004789
# pid: 1696444
# status: 0

#### Pass 10


# COUNT0: 1503750
# COUNT1: 1
# COUNT2: lps
# elapsed: 10.005407
# pid: 1696456
# status: 0

# COUNT0: 1497810
# COUNT1: 1
# COUNT2: lps
# elapsed: 10.004510
# pid: 1696458
# status: 0

*Dump score:    2938074.0
*Dump score:    2948193.0
*Dump score:    2965876.0
Count score:    2967529.0
Count score:    2973070.0
Count score:    2976825.0
Count score:    2981651.0
Count score:    3001560.0
Count score:    3008390.0
Count score:    3009999.0

>>>> Sum of 2 copies
>>>> score: 298699.149763671
>>>> time: 10.0046715
>>>> iterations: 7


########################################################
Process Creation -- 2 copies
==> "/mnt/host0/unixbench/UnixBench/pgms/spawn" 30 2>&1 >> "/mnt/host0/unixbench/UnixBench/results/uarf-2025-06-04-06.log"

#### Pass 1


# COUNT0: 252251
# COUNT1: 1
# COUNT2: lps
# elapsed: 30.005072
# pid: 1696470
# status: 0

# COUNT0: 252252
# COUNT1: 1
# COUNT2: lps
# elapsed: 30.005019
# pid: 1696472
# status: 0

#### Pass 2


# COUNT0: 268405
# COUNT1: 1
# COUNT2: lps
# elapsed: 30.004955
# pid: 2200987
# status: 0

# COUNT0: 262300
# COUNT1: 1
# COUNT2: lps
# elapsed: 30.004883
# pid: 2200989
# status: 0

#### Pass 3


# COUNT0: 245049
# COUNT1: 1
# COUNT2: lps
# elapsed: 30.005314
# pid: 2731706
# status: 0

# COUNT0: 243565
# COUNT1: 1
# COUNT2: lps
# elapsed: 30.004690
# pid: 2731708
# status: 0

*Dump score:     488614.0
Count score:     504503.0
Count score:     530705.0

>>>> Sum of 2 copies
>>>> score: 17245.0751801401
>>>> time: 30.00498225
>>>> iterations: 2


########################################################
System Call Overhead -- 2 copies
==> "/mnt/host0/unixbench/UnixBench/pgms/syscall" 10 2>&1 >> "/mnt/host0/unixbench/UnixBench/results/uarf-2025-06-04-06.log"

#### Pass 1


# COUNT0: 3185996
# COUNT1: 1
# COUNT2: lps
# elapsed: 10.005368
# pid: 3220334
# status: 0

# COUNT0: 3130840
# COUNT1: 1
# COUNT2: lps
# elapsed: 10.004684
# pid: 3220336
# status: 0

#### Pass 2


# COUNT0: 3191113
# COUNT1: 1
# COUNT2: lps
# elapsed: 10.004814
# pid: 3220346
# status: 0

# COUNT0: 3235477
# COUNT1: 1
# COUNT2: lps
# elapsed: 10.004497
# pid: 3220348
# status: 0

#### Pass 3


# COUNT0: 3234615
# COUNT1: 1
# COUNT2: lps
# elapsed: 10.006411
# pid: 3220358
# status: 0

# COUNT0: 3122623
# COUNT1: 1
# COUNT2: lps
# elapsed: 10.004439
# pid: 3220360
# status: 0

#### Pass 4


# COUNT0: 3173338
# COUNT1: 1
# COUNT2: lps
# elapsed: 10.005120
# pid: 3220370
# status: 0

# COUNT0: 3097262
# COUNT1: 1
# COUNT2: lps
# elapsed: 10.004534
# pid: 3220372
# status: 0

#### Pass 5


# COUNT0: 3194541
# COUNT1: 1
# COUNT2: lps
# elapsed: 10.004958
# pid: 3220382
# status: 0

# COUNT0: 3131248
# COUNT1: 1
# COUNT2: lps
# elapsed: 10.004701
# pid: 3220384
# status: 0

#### Pass 6


# COUNT0: 3196161
# COUNT1: 1
# COUNT2: lps
# elapsed: 10.004901
# pid: 3220395
# status: 0

# COUNT0: 3169089
# COUNT1: 1
# COUNT2: lps
# elapsed: 10.004294
# pid: 3220397
# status: 0

#### Pass 7


# COUNT0: 3190436
# COUNT1: 1
# COUNT2: lps
# elapsed: 10.004682
# pid: 3220407
# status: 0

# COUNT0: 3150284
# COUNT1: 1
# COUNT2: lps
# elapsed: 10.004409
# pid: 3220409
# status: 0

#### Pass 8


# COUNT0: 3186802
# COUNT1: 1
# COUNT2: lps
# elapsed: 10.005003
# pid: 3220422
# status: 0

# COUNT0: 3145447
# COUNT1: 1
# COUNT2: lps
# elapsed: 10.004530
# pid: 3220424
# status: 0

#### Pass 9


# COUNT0: 3195091
# COUNT1: 1
# COUNT2: lps
# elapsed: 10.006809
# pid: 3220434
# status: 0

# COUNT0: 3180882
# COUNT1: 1
# COUNT2: lps
# elapsed: 10.004714
# pid: 3220436
# status: 0

#### Pass 10


# COUNT0: 3150188
# COUNT1: 1
# COUNT2: lps
# elapsed: 10.004976
# pid: 3220446
# status: 0

# COUNT0: 3206132
# COUNT1: 1
# COUNT2: lps
# elapsed: 10.004498
# pid: 3220448
# status: 0

*Dump score:    6270600.0
*Dump score:    6316836.0
*Dump score:    6325789.0
Count score:    6332249.0
Count score:    6340720.0
Count score:    6356320.0
Count score:    6357238.0
Count score:    6365250.0
Count score:    6375973.0
Count score:    6426590.0

>>>> Sum of 2 copies
>>>> score: 636170.747368831
>>>> time: 10.0049269285714
>>>> iterations: 7


########################################################
Shell Scripts (1 concurrent) -- 2 copies
==> "/mnt/host0/unixbench/UnixBench/pgms/looper" 60 "/mnt/host0/unixbench/UnixBench/pgms/multi.sh" 1 2>&1 >> "/mnt/host0/unixbench/UnixBench/results/uarf-2025-06-04-06.log"

#### Pass 1


# COUNT0: 1952
# COUNT1: 60
# COUNT2: lpm
# elapsed: 60.013926
# pid: 3220458
# status: 0

# COUNT0: 1953
# COUNT1: 60
# COUNT2: lpm
# elapsed: 60.025974
# pid: 3220460
# status: 0

#### Pass 2


# COUNT0: 1936
# COUNT1: 60
# COUNT2: lpm
# elapsed: 60.006808
# pid: 3255633
# status: 0

# COUNT0: 1937
# COUNT1: 60
# COUNT2: lpm
# elapsed: 60.023648
# pid: 3255635
# status: 0

#### Pass 3


# COUNT0: 1929
# COUNT1: 60
# COUNT2: lpm
# elapsed: 60.031865
# pid: 3290566
# status: 0

# COUNT0: 1932
# COUNT1: 60
# COUNT2: lpm
# elapsed: 60.020165
# pid: 3290568
# status: 0

*Dump score:       3861.0
Count score:       3873.0
Count score:       3905.0

>>>> Sum of 2 copies
>>>> score: 3887.82737293013
>>>> time: 60.017589
>>>> iterations: 2


########################################################
Shell Scripts (8 concurrent) -- 2 copies
==> "/mnt/host0/unixbench/UnixBench/pgms/looper" 60 "/mnt/host0/unixbench/UnixBench/pgms/multi.sh" 8 2>&1 >> "/mnt/host0/unixbench/UnixBench/results/uarf-2025-06-04-06.log"

#### Pass 1


# COUNT0: 323
# COUNT1: 60
# COUNT2: lpm
# elapsed: 60.039359
# pid: 3325345
# status: 0

# COUNT0: 324
# COUNT1: 60
# COUNT2: lpm
# elapsed: 60.100044
# pid: 3325347
# status: 0

#### Pass 2


# COUNT0: 323
# COUNT1: 60
# COUNT2: lpm
# elapsed: 60.074585
# pid: 3367542
# status: 0

# COUNT0: 323
# COUNT1: 60
# COUNT2: lpm
# elapsed: 60.076247
# pid: 3367544
# status: 0

#### Pass 3


# COUNT0: 324
# COUNT1: 60
# COUNT2: lpm
# elapsed: 60.184227
# pid: 3409676
# status: 0

# COUNT0: 324
# COUNT1: 60
# COUNT2: lpm
# elapsed: 60.181677
# pid: 3409678
# status: 0

*Dump score:        646.0
Count score:        647.0
Count score:        648.0

>>>> Sum of 2 copies
>>>> score: 646.139681993308
>>>> time: 60.12632675
>>>> iterations: 2

