
########################################################
Dhrystone 2 using register variables -- 1 copy
==> "/mnt/host0/unixbench/UnixBench/pgms/dhry2reg" 10 2>&1 >> "/mnt/host0/unixbench/UnixBench/results/uarf-2025-06-02-04.log"

#### Pass 1


# COUNT0: 989811582
# COUNT1: 1
# COUNT2: lps
# elapsed: 10.001257
# pid: 1490100
# status: 0

#### Pass 2


# COUNT0: 979092823
# COUNT1: 1
# COUNT2: lps
# elapsed: 10.001451
# pid: 1490109
# status: 0

#### Pass 3


# COUNT0: 987405948
# COUNT1: 1
# COUNT2: lps
# elapsed: 10.001382
# pid: 1490118
# status: 0

#### Pass 4


# COUNT0: 986459054
# COUNT1: 1
# COUNT2: lps
# elapsed: 10.001388
# pid: 1490127
# status: 0

#### Pass 5


# COUNT0: 964752135
# COUNT1: 1
# COUNT2: lps
# elapsed: 10.001348
# pid: 1490136
# status: 0

#### Pass 6


# COUNT0: 985112163
# COUNT1: 1
# COUNT2: lps
# elapsed: 10.001318
# pid: 1490145
# status: 0

#### Pass 7


# COUNT0: 966145729
# COUNT1: 1
# COUNT2: lps
# elapsed: 10.001317
# pid: 1490154
# status: 0

#### Pass 8


# COUNT0: 982847272
# COUNT1: 1
# COUNT2: lps
# elapsed: 10.001340
# pid: 1490163
# status: 0

#### Pass 9


# COUNT0: 989414059
# COUNT1: 1
# COUNT2: lps
# elapsed: 10.001311
# pid: 1490172
# status: 0

#### Pass 10


# COUNT0: 981672196
# COUNT1: 1
# COUNT2: lps
# elapsed: 10.001293
# pid: 1490181
# status: 0

*Dump score:  964752135.0
*Dump score:  966145729.0
*Dump score:  979092823.0
Count score:  981672196.0
Count score:  982847272.0
Count score:  985112163.0
Count score:  986459054.0
Count score:  987405948.0
Count score:  989414059.0
Count score:  989811582.0

>>>> Results of 1 copy
>>>> score: 98596815.892867
>>>> time: 10.001327
>>>> iterations: 7


########################################################
Double-Precision Whetstone -- 1 copy
==> "/mnt/host0/unixbench/UnixBench/pgms/whetstone-double"  2>&1 >> "/mnt/host0/unixbench/UnixBench/results/uarf-2025-06-02-04.log"

#### Pass 1

Calibrate
       0.00 Seconds          1   Passes (x 100)
       0.00 Seconds          5   Passes (x 100)
       0.02 Seconds         25   Passes (x 100)
       0.11 Seconds        125   Passes (x 100)
       0.54 Seconds        625   Passes (x 100)

Use 11530  passes (x 100)

          Double Precision C/C++ Whetstone Benchmark

Loop content                  Result              MFLOPS      MOPS   Seconds

N1 floating point     -1.12398255667392033      2728.072              0.081
N2 floating point     -1.12187079889294417      3386.678              0.458
N3 if then else        1.00000000000000000               16209.651    0.074
N4 fixed point        12.00000000000000000                   0.000   -0.000
N5 sin,cos etc.        0.49902937281518261                 301.053    3.186
N6 floating point      0.99999987890802811      1474.422              4.218
N7 assignments         3.00000000000000000                5407.389    0.394
N8 exp,sqrt etc.       0.75100163018453958                 286.257    1.498

MWIPS                                          11635.513              9.909


# COUNT0: 11635.513
# COUNT1: 0
# COUNT2: MWIPS
# TIME: 9.909
# elapsed: 11.369143
# pid: 1490190
# status: 0

#### Pass 2

Calibrate
       0.00 Seconds          1   Passes (x 100)
       0.00 Seconds          5   Passes (x 100)
       0.02 Seconds         25   Passes (x 100)
       0.11 Seconds        125   Passes (x 100)
       0.54 Seconds        625   Passes (x 100)

Use 11533  passes (x 100)

          Double Precision C/C++ Whetstone Benchmark

Loop content                  Result              MFLOPS      MOPS   Seconds

N1 floating point     -1.12398255667392033      2729.233              0.081
N2 floating point     -1.12187079889294417      3386.693              0.458
N3 if then else        1.00000000000000000               16209.032    0.074
N4 fixed point        12.00000000000000000                   0.000   -0.000
N5 sin,cos etc.        0.49902937281518261                 301.084    3.187
N6 floating point      0.99999987890802811      1475.005              4.218
N7 assignments         3.00000000000000000                5408.976    0.394
N8 exp,sqrt etc.       0.75100163018453958                 285.599    1.502

MWIPS                                          11633.974              9.913


# COUNT0: 11633.974
# COUNT1: 0
# COUNT2: MWIPS
# TIME: 9.913
# elapsed: 11.372891
# pid: 1490200
# status: 0

#### Pass 3

Calibrate
       0.00 Seconds          1   Passes (x 100)
       0.00 Seconds          5   Passes (x 100)
       0.02 Seconds         25   Passes (x 100)
       0.11 Seconds        125   Passes (x 100)
       0.54 Seconds        625   Passes (x 100)

Use 11542  passes (x 100)

          Double Precision C/C++ Whetstone Benchmark

Loop content                  Result              MFLOPS      MOPS   Seconds

N1 floating point     -1.12398255667392033      2729.742              0.081
N2 floating point     -1.12187079889294417      3387.819              0.458
N3 if then else        1.00000000000000000               16214.000    0.074
N4 fixed point        12.00000000000000000               49382631303.209    0.000
N5 sin,cos etc.        0.49902937281518261                 301.019    3.190
N6 floating point      0.99999987890802811      1474.952              4.221
N7 assignments         3.00000000000000000                5408.735    0.394
N8 exp,sqrt etc.       0.75100163018453958                 285.585    1.503

MWIPS                                          11633.106              9.922


# COUNT0: 11633.106
# COUNT1: 0
# COUNT2: MWIPS
# TIME: 9.922
# elapsed: 11.381026
# pid: 1490209
# status: 0

#### Pass 4

Calibrate
       0.00 Seconds          1   Passes (x 100)
       0.00 Seconds          5   Passes (x 100)
       0.02 Seconds         25   Passes (x 100)
       0.11 Seconds        125   Passes (x 100)
       0.54 Seconds        625   Passes (x 100)

Use 11535  passes (x 100)

          Double Precision C/C++ Whetstone Benchmark

Loop content                  Result              MFLOPS      MOPS   Seconds

N1 floating point     -1.12398255667392033      2728.677              0.081
N2 floating point     -1.12187079889294417      3387.858              0.458
N3 if then else        1.00000000000000000               16217.784    0.074
N4 fixed point        12.00000000000000000                   0.000   -0.000
N5 sin,cos etc.        0.49902937281518261                 301.069    3.188
N6 floating point      0.99999987890802811      1475.336              4.217
N7 assignments         3.00000000000000000                5409.242    0.394
N8 exp,sqrt etc.       0.75100163018453958                 285.589    1.503

MWIPS                                          11635.074              9.914


# COUNT0: 11635.074
# COUNT1: 0
# COUNT2: MWIPS
# TIME: 9.914
# elapsed: 11.373570
# pid: 1490218
# status: 0

#### Pass 5

Calibrate
       0.00 Seconds          1   Passes (x 100)
       0.00 Seconds          5   Passes (x 100)
       0.02 Seconds         25   Passes (x 100)
       0.11 Seconds        125   Passes (x 100)
       0.54 Seconds        625   Passes (x 100)

Use 11535  passes (x 100)

          Double Precision C/C++ Whetstone Benchmark

Loop content                  Result              MFLOPS      MOPS   Seconds

N1 floating point     -1.12398255667392033      2729.585              0.081
N2 floating point     -1.12187079889294417      3388.398              0.458
N3 if then else        1.00000000000000000               16216.674    0.074
N4 fixed point        12.00000000000000000               244734526068.670    0.000
N5 sin,cos etc.        0.49902937281518261                 301.151    3.187
N6 floating point      0.99999987890802811      1475.243              4.218
N7 assignments         3.00000000000000000                5409.639    0.394
N8 exp,sqrt etc.       0.75100163018453958                 285.604    1.502

MWIPS                                          11636.014              9.913


# COUNT0: 11636.014
# COUNT1: 0
# COUNT2: MWIPS
# TIME: 9.913
# elapsed: 11.372694
# pid: 1490227
# status: 0

#### Pass 6

Calibrate
       0.00 Seconds          1   Passes (x 100)
       0.00 Seconds          5   Passes (x 100)
       0.02 Seconds         25   Passes (x 100)
       0.11 Seconds        125   Passes (x 100)
       0.54 Seconds        625   Passes (x 100)

Use 11537  passes (x 100)

          Double Precision C/C++ Whetstone Benchmark

Loop content                  Result              MFLOPS      MOPS   Seconds

N1 floating point     -1.12398255667392033      2729.174              0.081
N2 floating point     -1.12187079889294417      3387.771              0.458
N3 if then else        1.00000000000000000               16212.873    0.074
N4 fixed point        12.00000000000000000               89840808139.681    0.000
N5 sin,cos etc.        0.49902937281518261                 301.299    3.186
N6 floating point      0.99999987890802811      1475.377              4.218
N7 assignments         3.00000000000000000                5409.534    0.394
N8 exp,sqrt etc.       0.75100163018453958                 285.584    1.503

MWIPS                                          11638.033              9.913


# COUNT0: 11638.033
# COUNT1: 0
# COUNT2: MWIPS
# TIME: 9.913
# elapsed: 11.372762
# pid: 1490236
# status: 0

#### Pass 7

Calibrate
       0.00 Seconds          1   Passes (x 100)
       0.00 Seconds          5   Passes (x 100)
       0.02 Seconds         25   Passes (x 100)
       0.11 Seconds        125   Passes (x 100)
       0.54 Seconds        625   Passes (x 100)

Use 11535  passes (x 100)

          Double Precision C/C++ Whetstone Benchmark

Loop content                  Result              MFLOPS      MOPS   Seconds

N1 floating point     -1.12398255667392033      2729.498              0.081
N2 floating point     -1.12187079889294417      3387.849              0.458
N3 if then else        1.00000000000000000               16209.882    0.074
N4 fixed point        12.00000000000000000               36494512447.152    0.000
N5 sin,cos etc.        0.49902937281518261                 301.092    3.187
N6 floating point      0.99999987890802811      1475.512              4.217
N7 assignments         3.00000000000000000                5409.858    0.394
N8 exp,sqrt etc.       0.75100163018453958                 285.616    1.502

MWIPS                                          11636.155              9.913


# COUNT0: 11636.155
# COUNT1: 0
# COUNT2: MWIPS
# TIME: 9.913
# elapsed: 11.372603
# pid: 1490245
# status: 0

#### Pass 8

Calibrate
       0.00 Seconds          1   Passes (x 100)
       0.00 Seconds          5   Passes (x 100)
       0.02 Seconds         25   Passes (x 100)
       0.11 Seconds        125   Passes (x 100)
       0.54 Seconds        625   Passes (x 100)

Use 11535  passes (x 100)

          Double Precision C/C++ Whetstone Benchmark

Loop content                  Result              MFLOPS      MOPS   Seconds

N1 floating point     -1.12398255667392033      2729.313              0.081
N2 floating point     -1.12187079889294417      3387.991              0.458
N3 if then else        1.00000000000000000               16214.467    0.074
N4 fixed point        12.00000000000000000               45899516929.428    0.000
N5 sin,cos etc.        0.49902937281518261                 301.048    3.188
N6 floating point      0.99999987890802811      1475.297              4.217
N7 assignments         3.00000000000000000                5409.091    0.394
N8 exp,sqrt etc.       0.75100163018453958                 285.568    1.503

MWIPS                                          11634.562              9.914


# COUNT0: 11634.562
# COUNT1: 0
# COUNT2: MWIPS
# TIME: 9.914
# elapsed: 11.373893
# pid: 1490254
# status: 0

#### Pass 9

Calibrate
       0.00 Seconds          1   Passes (x 100)
       0.00 Seconds          5   Passes (x 100)
       0.02 Seconds         25   Passes (x 100)
       0.11 Seconds        125   Passes (x 100)
       0.54 Seconds        625   Passes (x 100)

Use 11531  passes (x 100)

          Double Precision C/C++ Whetstone Benchmark

Loop content                  Result              MFLOPS      MOPS   Seconds

N1 floating point     -1.12398255667392033      2729.355              0.081
N2 floating point     -1.12187079889294417      3388.423              0.457
N3 if then else        1.00000000000000000               16215.476    0.074
N4 fixed point        12.00000000000000000                   0.000   -0.000
N5 sin,cos etc.        0.49902937281518261                 301.044    3.187
N6 floating point      0.99999987890802811      1475.920              4.214
N7 assignments         3.00000000000000000                5409.244    0.394
N8 exp,sqrt etc.       0.75100163018453958                 285.597    1.502

MWIPS                                          11636.865              9.909


# COUNT0: 11636.865
# COUNT1: 0
# COUNT2: MWIPS
# TIME: 9.909
# elapsed: 11.368600
# pid: 1490263
# status: 0

#### Pass 10

Calibrate
       0.00 Seconds          1   Passes (x 100)
       0.00 Seconds          5   Passes (x 100)
       0.02 Seconds         25   Passes (x 100)
       0.11 Seconds        125   Passes (x 100)
       0.54 Seconds        625   Passes (x 100)

Use 11535  passes (x 100)

          Double Precision C/C++ Whetstone Benchmark

Loop content                  Result              MFLOPS      MOPS   Seconds

N1 floating point     -1.12398255667392033      2729.235              0.081
N2 floating point     -1.12187079889294417      3387.976              0.458
N3 if then else        1.00000000000000000               16210.104    0.074
N4 fixed point        12.00000000000000000               39411899013.684    0.000
N5 sin,cos etc.        0.49902937281518261                 301.045    3.188
N6 floating point      0.99999987890802811      1475.243              4.218
N7 assignments         3.00000000000000000                5409.597    0.394
N8 exp,sqrt etc.       0.75100163018453958                 285.600    1.502

MWIPS                                          11634.561              9.914


# COUNT0: 11634.561
# COUNT1: 0
# COUNT2: MWIPS
# TIME: 9.914
# elapsed: 11.374003
# pid: 1490272
# status: 0

*Dump score:      11633.1
*Dump score:      11634.0
*Dump score:      11634.6
Count score:      11634.6
Count score:      11635.1
Count score:      11635.5
Count score:      11636.0
Count score:      11636.2
Count score:      11636.9
Count score:      11638.0

>>>> Results of 1 copy
>>>> score: 11636.0308076592
>>>> time: 9.91214285714286
>>>> iterations: 7


########################################################
Execl Throughput -- 1 copy
==> "/mnt/host0/unixbench/UnixBench/pgms/execl" 30 2>&1 >> "/mnt/host0/unixbench/UnixBench/results/uarf-2025-06-02-04.log"

#### Pass 1


# COUNT0: 106362
# COUNT1: 1
# COUNT2: lps
# elapsed: 29.787369
# pid: 1490282
# status: 0

#### Pass 2


# COUNT0: 107757
# COUNT1: 1
# COUNT2: lps
# elapsed: 29.994024
# pid: 1490291
# status: 0

#### Pass 3


# COUNT0: 107039
# COUNT1: 1
# COUNT2: lps
# elapsed: 29.994027
# pid: 1490300
# status: 0

*Dump score:     106362.0
Count score:     107039.0
Count score:     107757.0

>>>> Results of 1 copy
>>>> score: 3580.62641450028
>>>> time: 29.9940255
>>>> iterations: 2


########################################################
File Copy 1024 bufsize 2000 maxblocks -- 1 copy
==> "/mnt/host0/unixbench/UnixBench/pgms/fstime" -c -t 30 -d "/mnt/host0/unixbench/UnixBench/tmp" -b 1024 -m 2000 2>&1 >> "/mnt/host0/unixbench/UnixBench/results/uarf-2025-06-02-04.log"

#### Pass 1

Write done: 472000 in 2.0300, score 58127
Read done: 466132 in 2.0000, score 58266
Copy done: 3481700 in 30.0000, score 29014

# COUNT0: 29014
# COUNT1: 0
# COUNT2: KBps
# TIME: 30.0
# elapsed: 45.036462
# pid: 1490309
# status: 0

#### Pass 2

Write done: 472000 in 2.0186, score 58455
Read done: 465276 in 2.0000, score 58158
Copy done: 3493572 in 30.0000, score 29113

# COUNT0: 29113
# COUNT1: 0
# COUNT2: KBps
# TIME: 30.0
# elapsed: 45.024201
# pid: 1490318
# status: 0

#### Pass 3

Write done: 472000 in 2.0344, score 58001
Read done: 465652 in 2.0000, score 58206
Copy done: 3488836 in 30.0000, score 29073

# COUNT0: 29073
# COUNT1: 0
# COUNT2: KBps
# TIME: 30.0
# elapsed: 45.040327
# pid: 1490327
# status: 0

*Dump score:      29014.0
Count score:      29073.0
Count score:      29113.0

>>>> Results of 1 copy
>>>> score: 29092.9931254933
>>>> time: 30
>>>> iterations: 2


########################################################
File Copy 256 bufsize 500 maxblocks -- 1 copy
==> "/mnt/host0/unixbench/UnixBench/pgms/fstime" -c -t 30 -d "/mnt/host0/unixbench/UnixBench/tmp" -b 256 -m 500 2>&1 >> "/mnt/host0/unixbench/UnixBench/results/uarf-2025-06-02-04.log"

#### Pass 1

Write done: 118000 in 2.0309, score 14525
Read done: 118047 in 2.0000, score 14755
Copy done: 874318 in 30.0000, score 7285

# COUNT0: 7285
# COUNT1: 0
# COUNT2: KBps
# TIME: 30.0
# elapsed: 45.036645
# pid: 1490336
# status: 0

#### Pass 2

Write done: 120000 in 2.0094, score 14929
Read done: 116612 in 2.0000, score 14576
Copy done: 872518 in 30.0000, score 7270

# COUNT0: 7270
# COUNT1: 0
# COUNT2: KBps
# TIME: 30.0
# elapsed: 45.015486
# pid: 1490345
# status: 0

#### Pass 3

Write done: 120000 in 2.0236, score 14824
Read done: 118371 in 2.0000, score 14796
Copy done: 871830 in 30.0000, score 7265

# COUNT0: 7265
# COUNT1: 0
# COUNT2: KBps
# TIME: 30.0
# elapsed: 45.029525
# pid: 1490355
# status: 0

*Dump score:       7265.0
Count score:       7270.0
Count score:       7285.0

>>>> Results of 1 copy
>>>> score: 7277.49613534765
>>>> time: 30
>>>> iterations: 2


########################################################
File Copy 4096 bufsize 8000 maxblocks -- 1 copy
==> "/mnt/host0/unixbench/UnixBench/pgms/fstime" -c -t 30 -d "/mnt/host0/unixbench/UnixBench/tmp" -b 4096 -m 8000 2>&1 >> "/mnt/host0/unixbench/UnixBench/results/uarf-2025-06-02-04.log"

#### Pass 1

Write done: 1856000 in 2.0218, score 229499
Read done: 1837936 in 2.0000, score 229739
Copy done: 13773376 in 30.0000, score 114778

# COUNT0: 114778
# COUNT1: 0
# COUNT2: KBps
# TIME: 30.0
# elapsed: 45.029277
# pid: 1490364
# status: 0

#### Pass 2

Write done: 1920000 in 2.0017, score 239791
Read done: 1839888 in 2.0000, score 229982
Copy done: 13752448 in 30.0000, score 114603

# COUNT0: 114603
# COUNT1: 0
# COUNT2: KBps
# TIME: 30.0
# elapsed: 45.008963
# pid: 1490373
# status: 0

#### Pass 3

Write done: 1856000 in 2.0123, score 230580
Read done: 1846176 in 2.0000, score 230770
Copy done: 13850928 in 30.0000, score 115424

# COUNT0: 115424
# COUNT1: 0
# COUNT2: KBps
# TIME: 30.0
# elapsed: 45.019406
# pid: 1490382
# status: 0

*Dump score:     114603.0
Count score:     114778.0
Count score:     115424.0

>>>> Results of 1 copy
>>>> score: 115100.546792793
>>>> time: 30
>>>> iterations: 2


########################################################
Pipe Throughput -- 1 copy
==> "/mnt/host0/unixbench/UnixBench/pgms/pipe" 10 2>&1 >> "/mnt/host0/unixbench/UnixBench/results/uarf-2025-06-02-04.log"

#### Pass 1


# COUNT0: 48903570
# COUNT1: 1
# COUNT2: lps
# elapsed: 10.001355
# pid: 1490391
# status: 0

#### Pass 2


# COUNT0: 48473718
# COUNT1: 1
# COUNT2: lps
# elapsed: 10.001271
# pid: 1490400
# status: 0

#### Pass 3


# COUNT0: 48956640
# COUNT1: 1
# COUNT2: lps
# elapsed: 10.001324
# pid: 1490409
# status: 0

#### Pass 4


# COUNT0: 49139409
# COUNT1: 1
# COUNT2: lps
# elapsed: 10.001417
# pid: 1490418
# status: 0

#### Pass 5


# COUNT0: 49079046
# COUNT1: 1
# COUNT2: lps
# elapsed: 10.001345
# pid: 1490427
# status: 0

#### Pass 6


# COUNT0: 48472110
# COUNT1: 1
# COUNT2: lps
# elapsed: 10.001387
# pid: 1490436
# status: 0

#### Pass 7


# COUNT0: 48488548
# COUNT1: 1
# COUNT2: lps
# elapsed: 10.001292
# pid: 1490445
# status: 0

#### Pass 8


# COUNT0: 48523703
# COUNT1: 1
# COUNT2: lps
# elapsed: 10.001348
# pid: 1490454
# status: 0

#### Pass 9


# COUNT0: 48023058
# COUNT1: 1
# COUNT2: lps
# elapsed: 10.001447
# pid: 1490463
# status: 0

#### Pass 10


# COUNT0: 48589021
# COUNT1: 1
# COUNT2: lps
# elapsed: 10.001369
# pid: 1490473
# status: 0

*Dump score:   48023058.0
*Dump score:   48472110.0
*Dump score:   48473718.0
Count score:   48488548.0
Count score:   48523703.0
Count score:   48589021.0
Count score:   48903570.0
Count score:   48956640.0
Count score:   49079046.0
Count score:   49139409.0

>>>> Results of 1 copy
>>>> score: 4880417.92081828
>>>> time: 10.00135
>>>> iterations: 7


########################################################
Pipe-based Context Switching -- 1 copy
==> "/mnt/host0/unixbench/UnixBench/pgms/context1" 10 2>&1 >> "/mnt/host0/unixbench/UnixBench/results/uarf-2025-06-02-04.log"

#### Pass 1


# COUNT0: 891070
# COUNT1: 1
# COUNT2: lps
# elapsed: 10.001301
# pid: 1490482
# status: 0

#### Pass 2


# COUNT0: 898604
# COUNT1: 1
# COUNT2: lps
# elapsed: 10.001376
# pid: 1490492
# status: 0

#### Pass 3


# COUNT0: 900345
# COUNT1: 1
# COUNT2: lps
# elapsed: 10.001304
# pid: 1490502
# status: 0

#### Pass 4


# COUNT0: 893476
# COUNT1: 1
# COUNT2: lps
# elapsed: 10.001253
# pid: 1490512
# status: 0

#### Pass 5


# COUNT0: 897164
# COUNT1: 1
# COUNT2: lps
# elapsed: 10.001289
# pid: 1490522
# status: 0

#### Pass 6


# COUNT0: 883434
# COUNT1: 1
# COUNT2: lps
# elapsed: 10.001296
# pid: 1490532
# status: 0

#### Pass 7


# COUNT0: 887764
# COUNT1: 1
# COUNT2: lps
# elapsed: 10.001305
# pid: 1490542
# status: 0

#### Pass 8


# COUNT0: 903576
# COUNT1: 1
# COUNT2: lps
# elapsed: 10.001305
# pid: 1490552
# status: 0

#### Pass 9


# COUNT0: 888223
# COUNT1: 1
# COUNT2: lps
# elapsed: 10.001273
# pid: 1490565
# status: 0

#### Pass 10


# COUNT0: 898494
# COUNT1: 1
# COUNT2: lps
# elapsed: 10.001234
# pid: 1490575
# status: 0

*Dump score:     883434.0
*Dump score:     887764.0
*Dump score:     888223.0
Count score:     891070.0
Count score:     893476.0
Count score:     897164.0
Count score:     898494.0
Count score:     898604.0
Count score:     900345.0
Count score:     903576.0

>>>> Results of 1 copy
>>>> score: 89740.8187623157
>>>> time: 10.0012945714286
>>>> iterations: 7


########################################################
Process Creation -- 1 copy
==> "/mnt/host0/unixbench/UnixBench/pgms/spawn" 30 2>&1 >> "/mnt/host0/unixbench/UnixBench/results/uarf-2025-06-02-04.log"

#### Pass 1


# COUNT0: 743531
# COUNT1: 1
# COUNT2: lps
# elapsed: 30.001364
# pid: 1490585
# status: 0

#### Pass 2


# COUNT0: 771145
# COUNT1: 1
# COUNT2: lps
# elapsed: 30.001576
# pid: 2234126
# status: 0

#### Pass 3


# COUNT0: 753681
# COUNT1: 1
# COUNT2: lps
# elapsed: 30.001415
# pid: 3005281
# status: 0

*Dump score:     743531.0
Count score:     753681.0
Count score:     771145.0

>>>> Results of 1 copy
>>>> score: 25410.8330727814
>>>> time: 30.0014955
>>>> iterations: 2


########################################################
System Call Overhead -- 1 copy
==> "/mnt/host0/unixbench/UnixBench/pgms/syscall" 10 2>&1 >> "/mnt/host0/unixbench/UnixBench/results/uarf-2025-06-02-04.log"

#### Pass 1


# COUNT0: 44822671
# COUNT1: 1
# COUNT2: lps
# elapsed: 10.001393
# pid: 3758972
# status: 0

#### Pass 2


# COUNT0: 44782605
# COUNT1: 1
# COUNT2: lps
# elapsed: 10.001350
# pid: 3758981
# status: 0

#### Pass 3


# COUNT0: 44329701
# COUNT1: 1
# COUNT2: lps
# elapsed: 10.001328
# pid: 3758990
# status: 0

#### Pass 4


# COUNT0: 44417890
# COUNT1: 1
# COUNT2: lps
# elapsed: 10.001304
# pid: 3758999
# status: 0

#### Pass 5


# COUNT0: 43995918
# COUNT1: 1
# COUNT2: lps
# elapsed: 10.001339
# pid: 3759008
# status: 0

#### Pass 6


# COUNT0: 44075385
# COUNT1: 1
# COUNT2: lps
# elapsed: 10.001267
# pid: 3759017
# status: 0

#### Pass 7


# COUNT0: 44864352
# COUNT1: 1
# COUNT2: lps
# elapsed: 10.001330
# pid: 3759026
# status: 0

#### Pass 8


# COUNT0: 44851485
# COUNT1: 1
# COUNT2: lps
# elapsed: 10.001367
# pid: 3759036
# status: 0

#### Pass 9


# COUNT0: 44777177
# COUNT1: 1
# COUNT2: lps
# elapsed: 10.001367
# pid: 3759045
# status: 0

#### Pass 10


# COUNT0: 44177428
# COUNT1: 1
# COUNT2: lps
# elapsed: 10.001306
# pid: 3759054
# status: 0

*Dump score:   43995918.0
*Dump score:   44075385.0
*Dump score:   44177428.0
Count score:   44329701.0
Count score:   44417890.0
Count score:   44777177.0
Count score:   44782605.0
Count score:   44822671.0
Count score:   44851485.0
Count score:   44864352.0

>>>> Results of 1 copy
>>>> score: 4468577.18218903
>>>> time: 10.0013484285714
>>>> iterations: 7


########################################################
Shell Scripts (1 concurrent) -- 1 copy
==> "/mnt/host0/unixbench/UnixBench/pgms/looper" 60 "/mnt/host0/unixbench/UnixBench/pgms/multi.sh" 1 2>&1 >> "/mnt/host0/unixbench/UnixBench/results/uarf-2025-06-02-04.log"

#### Pass 1


# COUNT0: 9953
# COUNT1: 60
# COUNT2: lpm
# elapsed: 60.002824
# pid: 3759063
# status: 0

#### Pass 2


# COUNT0: 9954
# COUNT1: 60
# COUNT2: lpm
# elapsed: 60.003704
# pid: 3848659
# status: 0

#### Pass 3


# COUNT0: 9945
# COUNT1: 60
# COUNT2: lpm
# elapsed: 60.007247
# pid: 3938263
# status: 0

*Dump score:       9945.0
Count score:       9953.0
Count score:       9954.0

>>>> Results of 1 copy
>>>> score: 9952.95854676428
>>>> time: 60.003264
>>>> iterations: 2


########################################################
Shell Scripts (8 concurrent) -- 1 copy
==> "/mnt/host0/unixbench/UnixBench/pgms/looper" 60 "/mnt/host0/unixbench/UnixBench/pgms/multi.sh" 8 2>&1 >> "/mnt/host0/unixbench/UnixBench/results/uarf-2025-06-02-04.log"

#### Pass 1


# COUNT0: 1960
# COUNT1: 60
# COUNT2: lpm
# elapsed: 60.023255
# pid: 4027787
# status: 0

#### Pass 2


# COUNT0: 1960
# COUNT1: 60
# COUNT2: lpm
# elapsed: 60.013941
# pid: 4155261
# status: 0

#### Pass 3


# COUNT0: 1959
# COUNT1: 60
# COUNT2: lpm
# elapsed: 60.017161
# pid: 88732
# status: 0

*Dump score:       1959.0
Count score:       1960.0
Count score:       1960.0

>>>> Results of 1 copy
>>>> score: 1959.39265948885
>>>> time: 60.018598
>>>> iterations: 2


########################################################
Dhrystone 2 using register variables -- 2 copies
==> "/mnt/host0/unixbench/UnixBench/pgms/dhry2reg" 10 2>&1 >> "/mnt/host0/unixbench/UnixBench/results/uarf-2025-06-02-04.log"

#### Pass 1


# COUNT0: 708532330
# COUNT1: 1
# COUNT2: lps
# elapsed: 10.001792
# pid: 216141
# status: 0

# COUNT0: 708549527
# COUNT1: 1
# COUNT2: lps
# elapsed: 10.001503
# pid: 216143
# status: 0

#### Pass 2


# COUNT0: 704122458
# COUNT1: 1
# COUNT2: lps
# elapsed: 10.001790
# pid: 216153
# status: 0

# COUNT0: 703767191
# COUNT1: 1
# COUNT2: lps
# elapsed: 10.001559
# pid: 216154
# status: 0

#### Pass 3


# COUNT0: 707402218
# COUNT1: 1
# COUNT2: lps
# elapsed: 10.001731
# pid: 216165
# status: 0

# COUNT0: 706948418
# COUNT1: 1
# COUNT2: lps
# elapsed: 10.001598
# pid: 216167
# status: 0

#### Pass 4


# COUNT0: 718213502
# COUNT1: 1
# COUNT2: lps
# elapsed: 10.001826
# pid: 216177
# status: 0

# COUNT0: 718263211
# COUNT1: 1
# COUNT2: lps
# elapsed: 10.001630
# pid: 216179
# status: 0

#### Pass 5


# COUNT0: 708887317
# COUNT1: 1
# COUNT2: lps
# elapsed: 10.001644
# pid: 216189
# status: 0

# COUNT0: 708869073
# COUNT1: 1
# COUNT2: lps
# elapsed: 10.001499
# pid: 216191
# status: 0

#### Pass 6


# COUNT0: 706897304
# COUNT1: 1
# COUNT2: lps
# elapsed: 10.001694
# pid: 216201
# status: 0

# COUNT0: 706619574
# COUNT1: 1
# COUNT2: lps
# elapsed: 10.001532
# pid: 216203
# status: 0

#### Pass 7


# COUNT0: 708140626
# COUNT1: 1
# COUNT2: lps
# elapsed: 10.001755
# pid: 216213
# status: 0

# COUNT0: 708561600
# COUNT1: 1
# COUNT2: lps
# elapsed: 10.001626
# pid: 216215
# status: 0

#### Pass 8


# COUNT0: 711928708
# COUNT1: 1
# COUNT2: lps
# elapsed: 10.001810
# pid: 216225
# status: 0

# COUNT0: 711258321
# COUNT1: 1
# COUNT2: lps
# elapsed: 10.001641
# pid: 216227
# status: 0

#### Pass 9


# COUNT0: 706818334
# COUNT1: 1
# COUNT2: lps
# elapsed: 10.001644
# pid: 216237
# status: 0

# COUNT0: 707057234
# COUNT1: 1
# COUNT2: lps
# elapsed: 10.001589
# pid: 216239
# status: 0

#### Pass 10


# COUNT0: 713464834
# COUNT1: 1
# COUNT2: lps
# elapsed: 10.001775
# pid: 216249
# status: 0

# COUNT0: 713251322
# COUNT1: 1
# COUNT2: lps
# elapsed: 10.002161
# pid: 216251
# status: 0

*Dump score: 1407889649.0
*Dump score: 1413516878.0
*Dump score: 1413875568.0
Count score: 1414350636.0
Count score: 1416702226.0
Count score: 1417081857.0
Count score: 1417756390.0
Count score: 1423187029.0
Count score: 1426716156.0
Count score: 1436476713.0

>>>> Sum of 2 copies
>>>> score: 142149130.392917
>>>> time: 10.0017136428571
>>>> iterations: 7


########################################################
Double-Precision Whetstone -- 2 copies
==> "/mnt/host0/unixbench/UnixBench/pgms/whetstone-double"  2>&1 >> "/mnt/host0/unixbench/UnixBench/results/uarf-2025-06-02-04.log"

#### Pass 1

Calibrate
       0.00 Seconds          1   Passes (x 100)
       0.00 Seconds          5   Passes (x 100)
       0.02 Seconds         25   Passes (x 100)
       0.12 Seconds        125   Passes (x 100)
       0.58 Seconds        625   Passes (x 100)

Use 10866  passes (x 100)

          Double Precision C/C++ Whetstone Benchmark

Loop content                  Result              MFLOPS      MOPS   Seconds

N1 floating point     -1.12398255667392033      2623.436              0.080
N2 floating point     -1.12187079889294417      3330.514              0.438
N3 if then else        1.00000000000000000               12920.860    0.087
N4 fixed point        12.00000000000000000               33823274722.374    0.000
N5 sin,cos etc.        0.49902937281518261                 259.720    3.481
N6 floating point      0.99999987890802811      1463.643              4.004
N7 assignments         3.00000000000000000                5650.281    0.355
N8 exp,sqrt etc.       0.75100163018453958                 266.444    1.517

MWIPS                                          10906.518              9.963

Calibrate
       0.00 Seconds          1   Passes (x 100)
       0.00 Seconds          5   Passes (x 100)
       0.02 Seconds         25   Passes (x 100)
       0.12 Seconds        125   Passes (x 100)
       0.57 Seconds        625   Passes (x 100)

Use 10885  passes (x 100)

          Double Precision C/C++ Whetstone Benchmark

Loop content                  Result              MFLOPS      MOPS   Seconds

N1 floating point     -1.12398255667392033      2623.478              0.080
N2 floating point     -1.12187079889294417      3330.550              0.439
N3 if then else        1.00000000000000000               12908.433    0.087
N4 fixed point        12.00000000000000000               88642285075.369    0.000
N5 sin,cos etc.        0.49902937281518261                 259.224    3.494
N6 floating point      0.99999987890802811      1462.635              4.014
N7 assignments         3.00000000000000000                5819.761    0.346
N8 exp,sqrt etc.       0.75100163018453958                 266.536    1.519

MWIPS                                          10908.012              9.979


# COUNT0: 10908.012
# COUNT1: 0
# COUNT2: MWIPS
# TIME: 9.979
# elapsed: 11.467386
# pid: 216261
# status: 0

# COUNT0: 10906.518
# COUNT1: 0
# COUNT2: MWIPS
# TIME: 9.963
# elapsed: 11.451511
# pid: 216262
# status: 0

#### Pass 2

Calibrate
       0.00 Seconds          1   Passes (x 100)
       0.00 Seconds          5   Passes (x 100)
       0.02 Seconds         25   Passes (x 100)
       0.12 Seconds        125   Passes (x 100)
       0.58 Seconds        625   Passes (x 100)

Use 10856  passes (x 100)

          Double Precision C/C++ Whetstone Benchmark

Loop content                  Result              MFLOPS      MOPS   Seconds

N1 floating point     -1.12398255667392033      2614.480              0.080
N2 floating point     -1.12187079889294417      3323.007              0.439
N3 if then else        1.00000000000000000               12963.014    0.087
N4 fixed point        12.00000000000000000               153289693028.459    0.000
N5 sin,cos etc.        0.49902937281518261                 259.869    3.476
N6 floating point      0.99999987890802811      1464.562              3.998
N7 assignments         3.00000000000000000                5660.883    0.354
N8 exp,sqrt etc.       0.75100163018453958                 266.317    1.516

MWIPS                                          10910.305              9.950

Calibrate
       0.00 Seconds          1   Passes (x 100)
       0.00 Seconds          5   Passes (x 100)
       0.02 Seconds         25   Passes (x 100)
       0.12 Seconds        125   Passes (x 100)
       0.57 Seconds        625   Passes (x 100)

Use 10889  passes (x 100)

          Double Precision C/C++ Whetstone Benchmark

Loop content                  Result              MFLOPS      MOPS   Seconds

N1 floating point     -1.12398255667392033      2614.765              0.080
N2 floating point     -1.12187079889294417      3324.607              0.440
N3 if then else        1.00000000000000000               12969.370    0.087
N4 fixed point        12.00000000000000000                   0.000   -0.000
N5 sin,cos etc.        0.49902937281518261                 259.181    3.495
N6 floating point      0.99999987890802811      1463.923              4.012
N7 assignments         3.00000000000000000                5718.741    0.352
N8 exp,sqrt etc.       0.75100163018453958                 266.679    1.519

MWIPS                                          10904.768              9.986


# COUNT0: 10904.768
# COUNT1: 0
# COUNT2: MWIPS
# TIME: 9.986
# elapsed: 11.476896
# pid: 216273
# status: 0

# COUNT0: 10910.305
# COUNT1: 0
# COUNT2: MWIPS
# TIME: 9.950
# elapsed: 11.440835
# pid: 216275
# status: 0

#### Pass 3

Calibrate
       0.00 Seconds          1   Passes (x 100)
       0.00 Seconds          5   Passes (x 100)
       0.02 Seconds         25   Passes (x 100)
       0.12 Seconds        125   Passes (x 100)
       0.58 Seconds        625   Passes (x 100)

Use 10845  passes (x 100)

          Double Precision C/C++ Whetstone Benchmark

Loop content                  Result              MFLOPS      MOPS   Seconds

N1 floating point     -1.12398255667392033      2653.100              0.078
N2 floating point     -1.12187079889294417      3338.873              0.437
N3 if then else        1.00000000000000000               12949.153    0.087
N4 fixed point        12.00000000000000000               3197361528.930    0.000
N5 sin,cos etc.        0.49902937281518261                 259.786    3.473
N6 floating point      0.99999987890802811      1462.708              3.999
N7 assignments         3.00000000000000000                5577.295    0.359
N8 exp,sqrt etc.       0.75100163018453958                 266.270    1.515

MWIPS                                          10900.890              9.949

Calibrate
       0.00 Seconds          1   Passes (x 100)
       0.00 Seconds          5   Passes (x 100)
       0.02 Seconds         25   Passes (x 100)
       0.12 Seconds        125   Passes (x 100)
       0.57 Seconds        625   Passes (x 100)

Use 10883  passes (x 100)

          Double Precision C/C++ Whetstone Benchmark

Loop content                  Result              MFLOPS      MOPS   Seconds

N1 floating point     -1.12398255667392033      2653.170              0.079
N2 floating point     -1.12187079889294417      3339.829              0.438
N3 if then else        1.00000000000000000               12955.053    0.087
N4 fixed point        12.00000000000000000                   0.000   -0.000
N5 sin,cos etc.        0.49902937281518261                 259.140    3.494
N6 floating point      0.99999987890802811      1465.221              4.006
N7 assignments         3.00000000000000000                5847.198    0.344
N8 exp,sqrt etc.       0.75100163018453958                 266.456    1.519

MWIPS                                          10918.466              9.968


# COUNT0: 10900.890
# COUNT1: 0
# COUNT2: MWIPS
# TIME: 9.949
# elapsed: 11.428786
# pid: 216285
# status: 0

# COUNT0: 10918.466
# COUNT1: 0
# COUNT2: MWIPS
# TIME: 9.968
# elapsed: 11.447321
# pid: 216287
# status: 0

#### Pass 4

Calibrate
       0.00 Seconds          1   Passes (x 100)
       0.00 Seconds          5   Passes (x 100)
       0.02 Seconds         25   Passes (x 100)
       0.12 Seconds        125   Passes (x 100)
       0.58 Seconds        625   Passes (x 100)

Use 10817  passes (x 100)

          Double Precision C/C++ Whetstone Benchmark

Loop content                  Result              MFLOPS      MOPS   Seconds

N1 floating point     -1.12398255667392033      2649.466              0.078
N2 floating point     -1.12187079889294417      3337.094              0.436
N3 if then else        1.00000000000000000               12981.166    0.086
N4 fixed point        12.00000000000000000               31174704642.211    0.000
N5 sin,cos etc.        0.49902937281518261                 259.815    3.464
N6 floating point      0.99999987890802811      1464.496              3.984
N7 assignments         3.00000000000000000                5353.876    0.373
N8 exp,sqrt etc.       0.75100163018453958                 265.349    1.516

MWIPS                                          10884.347              9.938

Calibrate
       0.00 Seconds          1   Passes (x 100)
       0.00 Seconds          5   Passes (x 100)
       0.02 Seconds         25   Passes (x 100)
       0.12 Seconds        125   Passes (x 100)
       0.57 Seconds        625   Passes (x 100)

Use 10894  passes (x 100)

          Double Precision C/C++ Whetstone Benchmark

Loop content                  Result              MFLOPS      MOPS   Seconds

N1 floating point     -1.12398255667392033      2649.393              0.079
N2 floating point     -1.12187079889294417      3338.471              0.439
N3 if then else        1.00000000000000000               12990.879    0.087
N4 fixed point        12.00000000000000000               39221137114.899    0.000
N5 sin,cos etc.        0.49902937281518261                 258.240    3.510
N6 floating point      0.99999987890802811      1462.642              4.018
N7 assignments         3.00000000000000000                5526.851    0.364
N8 exp,sqrt etc.       0.75100163018453958                 267.036    1.518

MWIPS                                          10879.240             10.014


# COUNT0: 10884.347
# COUNT1: 0
# COUNT2: MWIPS
# TIME: 9.938
# elapsed: 11.418554
# pid: 216297
# status: 0

# COUNT0: 10879.240
# COUNT1: 0
# COUNT2: MWIPS
# TIME: 10.014
# elapsed: 11.494502
# pid: 216299
# status: 0

#### Pass 5

Calibrate
       0.00 Seconds          1   Passes (x 100)
       0.00 Seconds          5   Passes (x 100)
       0.02 Seconds         25   Passes (x 100)
       0.12 Seconds        125   Passes (x 100)
       0.57 Seconds        625   Passes (x 100)

Use 10877  passes (x 100)

          Double Precision C/C++ Whetstone Benchmark

Loop content                  Result              MFLOPS      MOPS   Seconds

N1 floating point     -1.12398255667392033      2640.195              0.079
N2 floating point     -1.12187079889294417      3336.046              0.438
N3 if then else        1.00000000000000000               12935.265    0.087
N4 fixed point        12.00000000000000000                   0.000   -0.000
N5 sin,cos etc.        0.49902937281518261                 259.833    3.483
N6 floating point      0.99999987890802811      1463.930              4.008
N7 assignments         3.00000000000000000                5669.931    0.355
N8 exp,sqrt etc.       0.75100163018453958                 266.332    1.519

MWIPS                                          10911.129              9.969

Calibrate
       0.00 Seconds          1   Passes (x 100)
       0.00 Seconds          5   Passes (x 100)
       0.02 Seconds         25   Passes (x 100)
       0.12 Seconds        125   Passes (x 100)
       0.57 Seconds        625   Passes (x 100)

Use 10888  passes (x 100)

          Double Precision C/C++ Whetstone Benchmark

Loop content                  Result              MFLOPS      MOPS   Seconds

N1 floating point     -1.12398255667392033      2639.678              0.079
N2 floating point     -1.12187079889294417      3336.184              0.439
N3 if then else        1.00000000000000000               12936.603    0.087
N4 fixed point        12.00000000000000000                   0.000   -0.000
N5 sin,cos etc.        0.49902937281518261                 259.447    3.492
N6 floating point      0.99999987890802811      1463.784              4.012
N7 assignments         3.00000000000000000                5904.907    0.341
N8 exp,sqrt etc.       0.75100163018453958                 266.311    1.521

MWIPS                                          10920.360              9.970


# COUNT0: 10920.360
# COUNT1: 0
# COUNT2: MWIPS
# TIME: 9.970
# elapsed: 11.454312
# pid: 216309
# status: 0

# COUNT0: 10911.129
# COUNT1: 0
# COUNT2: MWIPS
# TIME: 9.969
# elapsed: 11.452070
# pid: 216311
# status: 0

#### Pass 6

Calibrate
       0.00 Seconds          1   Passes (x 100)
       0.00 Seconds          5   Passes (x 100)
       0.02 Seconds         25   Passes (x 100)
       0.12 Seconds        125   Passes (x 100)
       0.58 Seconds        625   Passes (x 100)

Use 10849  passes (x 100)

          Double Precision C/C++ Whetstone Benchmark

Loop content                  Result              MFLOPS      MOPS   Seconds

N1 floating point     -1.12398255667392033      2633.262              0.079
N2 floating point     -1.12187079889294417      3333.072              0.437
N3 if then else        1.00000000000000000               12944.807    0.087
N4 fixed point        12.00000000000000000                   0.000   -0.000
N5 sin,cos etc.        0.49902937281518261                 259.745    3.475
N6 floating point      0.99999987890802811      1463.503              3.999
N7 assignments         3.00000000000000000                5665.050    0.354
N8 exp,sqrt etc.       0.75100163018453958                 266.336    1.515

MWIPS                                          10907.669              9.946

Calibrate
       0.00 Seconds          1   Passes (x 100)
       0.00 Seconds          5   Passes (x 100)
       0.02 Seconds         25   Passes (x 100)
       0.12 Seconds        125   Passes (x 100)
       0.57 Seconds        625   Passes (x 100)

Use 10882  passes (x 100)

          Double Precision C/C++ Whetstone Benchmark

Loop content                  Result              MFLOPS      MOPS   Seconds

N1 floating point     -1.12398255667392033      2633.840              0.079
N2 floating point     -1.12187079889294417      3333.541              0.439
N3 if then else        1.00000000000000000               12952.362    0.087
N4 fixed point        12.00000000000000000               57002351683.278    0.000
N5 sin,cos etc.        0.49902937281518261                 259.067    3.495
N6 floating point      0.99999987890802811      1463.323              4.011
N7 assignments         3.00000000000000000                5664.405    0.355
N8 exp,sqrt etc.       0.75100163018453958                 266.701    1.518

MWIPS                                          10899.535              9.984


# COUNT0: 10899.535
# COUNT1: 0
# COUNT2: MWIPS
# TIME: 9.984
# elapsed: 11.469192
# pid: 216321
# status: 0

# COUNT0: 10907.669
# COUNT1: 0
# COUNT2: MWIPS
# TIME: 9.946
# elapsed: 11.431480
# pid: 216323
# status: 0

#### Pass 7

Calibrate
       0.00 Seconds          1   Passes (x 100)
       0.00 Seconds          5   Passes (x 100)
       0.02 Seconds         25   Passes (x 100)
       0.12 Seconds        125   Passes (x 100)
       0.58 Seconds        625   Passes (x 100)

Use 10866  passes (x 100)

          Double Precision C/C++ Whetstone Benchmark

Loop content                  Result              MFLOPS      MOPS   Seconds

N1 floating point     -1.12398255667392033      2624.021              0.080
N2 floating point     -1.12187079889294417      3330.173              0.439
N3 if then else        1.00000000000000000               12935.128    0.087
N4 fixed point        12.00000000000000000                   0.000   -0.000
N5 sin,cos etc.        0.49902937281518261                 259.500    3.484
N6 floating point      0.99999987890802811      1462.718              4.007
N7 assignments         3.00000000000000000                5658.371    0.355
N8 exp,sqrt etc.       0.75100163018453958                 266.325    1.518

MWIPS                                          10900.399              9.968

Calibrate
       0.00 Seconds          1   Passes (x 100)
       0.00 Seconds          5   Passes (x 100)
       0.02 Seconds         25   Passes (x 100)
       0.12 Seconds        125   Passes (x 100)
       0.57 Seconds        625   Passes (x 100)

Use 10887  passes (x 100)

          Double Precision C/C++ Whetstone Benchmark

Loop content                  Result              MFLOPS      MOPS   Seconds

N1 floating point     -1.12398255667392033      2624.358              0.080
N2 floating point     -1.12187079889294417      3330.342              0.439
N3 if then else        1.00000000000000000               12940.756    0.087
N4 fixed point        12.00000000000000000               86176948291.822    0.000
N5 sin,cos etc.        0.49902937281518261                 259.062    3.496
N6 floating point      0.99999987890802811      1463.137              4.014
N7 assignments         3.00000000000000000                5842.450    0.344
N8 exp,sqrt etc.       0.75100163018453958                 266.420    1.520

MWIPS                                          10908.120              9.981


# COUNT0: 10900.399
# COUNT1: 0
# COUNT2: MWIPS
# TIME: 9.968
# elapsed: 11.456312
# pid: 216333
# status: 0

# COUNT0: 10908.120
# COUNT1: 0
# COUNT2: MWIPS
# TIME: 9.981
# elapsed: 11.468748
# pid: 216335
# status: 0

#### Pass 8

Calibrate
       0.00 Seconds          1   Passes (x 100)
       0.00 Seconds          5   Passes (x 100)
       0.02 Seconds         25   Passes (x 100)
       0.12 Seconds        125   Passes (x 100)
       0.58 Seconds        625   Passes (x 100)

Use 10839  passes (x 100)

          Double Precision C/C++ Whetstone Benchmark

Loop content                  Result              MFLOPS      MOPS   Seconds

N1 floating point     -1.12398255667392033      2618.607              0.079
N2 floating point     -1.12187079889294417      3326.989              0.438
N3 if then else        1.00000000000000000               12954.072    0.087
N4 fixed point        12.00000000000000000               123350929048.392    0.000
N5 sin,cos etc.        0.49902937281518261                 259.794    3.471
N6 floating point      0.99999987890802811      1461.974              3.999
N7 assignments         3.00000000000000000                5529.874    0.362
N8 exp,sqrt etc.       0.75100163018453958                 266.212    1.515

MWIPS                                          10892.265              9.951

Calibrate
       0.00 Seconds          1   Passes (x 100)
       0.00 Seconds          5   Passes (x 100)
       0.02 Seconds         25   Passes (x 100)
       0.12 Seconds        125   Passes (x 100)
       0.57 Seconds        625   Passes (x 100)

Use 10879  passes (x 100)

          Double Precision C/C++ Whetstone Benchmark

Loop content                  Result              MFLOPS      MOPS   Seconds

N1 floating point     -1.12398255667392033      2618.843              0.080
N2 floating point     -1.12187079889294417      3327.457              0.439
N3 if then else        1.00000000000000000               12962.824    0.087
N4 fixed point        12.00000000000000000                   0.000   -0.000
N5 sin,cos etc.        0.49902937281518261                 258.751    3.498
N6 floating point      0.99999987890802811      1462.426              4.013
N7 assignments         3.00000000000000000                5778.949    0.348
N8 exp,sqrt etc.       0.75100163018453958                 266.516    1.518

MWIPS                                          10897.434              9.983


# COUNT0: 10897.434
# COUNT1: 0
# COUNT2: MWIPS
# TIME: 9.983
# elapsed: 11.473105
# pid: 216346
# status: 0

# COUNT0: 10892.265
# COUNT1: 0
# COUNT2: MWIPS
# TIME: 9.951
# elapsed: 11.440327
# pid: 216348
# status: 0

#### Pass 9

Calibrate
       0.00 Seconds          1   Passes (x 100)
       0.00 Seconds          5   Passes (x 100)
       0.02 Seconds         25   Passes (x 100)
       0.12 Seconds        125   Passes (x 100)
       0.57 Seconds        625   Passes (x 100)

Use 10882  passes (x 100)

          Double Precision C/C++ Whetstone Benchmark

Loop content                  Result              MFLOPS      MOPS   Seconds

N1 floating point     -1.12398255667392033      2656.634              0.079
N2 floating point     -1.12187079889294417      3341.102              0.438
N3 if then else        1.00000000000000000               12929.928    0.087
N4 fixed point        12.00000000000000000                   0.000   -0.000
N5 sin,cos etc.        0.49902937281518261                 259.713    3.486
N6 floating point      0.99999987890802811      1464.788              4.007
N7 assignments         3.00000000000000000                5870.486    0.343
N8 exp,sqrt etc.       0.75100163018453958                 266.287    1.520

MWIPS                                          10926.159              9.960

Calibrate
       0.00 Seconds          1   Passes (x 100)
       0.00 Seconds          5   Passes (x 100)
       0.02 Seconds         25   Passes (x 100)
       0.12 Seconds        125   Passes (x 100)
       0.57 Seconds        625   Passes (x 100)

Use 10872  passes (x 100)

          Double Precision C/C++ Whetstone Benchmark

Loop content                  Result              MFLOPS      MOPS   Seconds

N1 floating point     -1.12398255667392033      2656.263              0.079
N2 floating point     -1.12187079889294417      3341.101              0.437
N3 if then else        1.00000000000000000               12929.467    0.087
N4 fixed point        12.00000000000000000                   0.000   -0.000
N5 sin,cos etc.        0.49902937281518261                 259.493    3.486
N6 floating point      0.99999987890802811      1464.857              4.003
N7 assignments         3.00000000000000000                5757.574    0.349
N8 exp,sqrt etc.       0.75100163018453958                 266.247    1.519

MWIPS                                          10915.495              9.960


# COUNT0: 10926.159
# COUNT1: 0
# COUNT2: MWIPS
# TIME: 9.960
# elapsed: 11.439027
# pid: 216358
# status: 0

# COUNT0: 10915.495
# COUNT1: 0
# COUNT2: MWIPS
# TIME: 9.960
# elapsed: 11.439708
# pid: 216360
# status: 0

#### Pass 10

Calibrate
       0.00 Seconds          1   Passes (x 100)
       0.00 Seconds          5   Passes (x 100)
       0.02 Seconds         25   Passes (x 100)
       0.12 Seconds        125   Passes (x 100)
       0.58 Seconds        625   Passes (x 100)

Use 10853  passes (x 100)

          Double Precision C/C++ Whetstone Benchmark

Loop content                  Result              MFLOPS      MOPS   Seconds

N1 floating point     -1.12398255667392033      2650.086              0.079
N2 floating point     -1.12187079889294417      3340.317              0.437
N3 if then else        1.00000000000000000               12936.163    0.087
N4 fixed point        12.00000000000000000                   0.000   -0.000
N5 sin,cos etc.        0.49902937281518261                 259.725    3.477
N6 floating point      0.99999987890802811      1465.241              3.995
N7 assignments         3.00000000000000000                5543.136    0.362
N8 exp,sqrt etc.       0.75100163018453958                 266.280    1.516

MWIPS                                          10905.220              9.952

Calibrate
       0.00 Seconds          1   Passes (x 100)
       0.00 Seconds          5   Passes (x 100)
       0.02 Seconds         25   Passes (x 100)
       0.12 Seconds        125   Passes (x 100)
       0.57 Seconds        625   Passes (x 100)

Use 10883  passes (x 100)

          Double Precision C/C++ Whetstone Benchmark

Loop content                  Result              MFLOPS      MOPS   Seconds

N1 floating point     -1.12398255667392033      2650.185              0.079
N2 floating point     -1.12187079889294417      3340.280              0.438
N3 if then else        1.00000000000000000               12940.165    0.087
N4 fixed point        12.00000000000000000               128527977018.627    0.000
N5 sin,cos etc.        0.49902937281518261                 258.998    3.496
N6 floating point      0.99999987890802811      1463.151              4.012
N7 assignments         3.00000000000000000                5819.417    0.346
N8 exp,sqrt etc.       0.75100163018453958                 266.492    1.519

MWIPS                                          10908.446              9.977


# COUNT0: 10908.446
# COUNT1: 0
# COUNT2: MWIPS
# TIME: 9.977
# elapsed: 11.457455
# pid: 216370
# status: 0

# COUNT0: 10905.220
# COUNT1: 0
# COUNT2: MWIPS
# TIME: 9.952
# elapsed: 11.432738
# pid: 216372
# status: 0

*Dump score:      21763.6
*Dump score:      21789.7
*Dump score:      21807.2
Count score:      21808.5
Count score:      21813.7
Count score:      21814.5
Count score:      21815.1
Count score:      21819.4
Count score:      21831.5
Count score:      21841.7

>>>> Sum of 2 copies
>>>> score: 21820.609729407
>>>> time: 9.96657142857143
>>>> iterations: 7


########################################################
Execl Throughput -- 2 copies
==> "/mnt/host0/unixbench/UnixBench/pgms/execl" 30 2>&1 >> "/mnt/host0/unixbench/UnixBench/results/uarf-2025-06-02-04.log"

#### Pass 1


# COUNT0: 73658
# COUNT1: 1
# COUNT2: lps
# elapsed: 29.476867
# pid: 216382
# status: 0

# COUNT0: 73392
# COUNT1: 1
# COUNT2: lps
# elapsed: 29.476741
# pid: 216384
# status: 0

#### Pass 2


# COUNT0: 74752
# COUNT1: 1
# COUNT2: lps
# elapsed: 29.992748
# pid: 216394
# status: 0

# COUNT0: 74440
# COUNT1: 1
# COUNT2: lps
# elapsed: 29.993195
# pid: 216396
# status: 0

#### Pass 3


# COUNT0: 74967
# COUNT1: 1
# COUNT2: lps
# elapsed: 29.991330
# pid: 216406
# status: 0

# COUNT0: 74652
# COUNT1: 1
# COUNT2: lps
# elapsed: 29.991374
# pid: 216408
# status: 0

*Dump score:     147050.0
Count score:     149192.0
Count score:     149619.0

>>>> Sum of 2 copies
>>>> score: 4981.47978642965
>>>> time: 29.99216175
>>>> iterations: 2


########################################################
File Copy 1024 bufsize 2000 maxblocks -- 2 copies
==> "/mnt/host0/unixbench/UnixBench/pgms/fstime" -c -t 30 -d "/mnt/host0/unixbench/UnixBench/tmp" -b 1024 -m 2000 2>&1 >> "/mnt/host0/unixbench/UnixBench/results/uarf-2025-06-02-04.log"

#### Pass 1

Write done: 360000 in 2.0259, score 44424
Read done: 314848 in 2.0000, score 39355
Copy done: 2648232 in 30.0001, score 22068
Write done: 360000 in 2.0317, score 44298
Read done: 316152 in 2.0000, score 39518
Copy done: 2660292 in 30.0000, score 22169

# COUNT0: 22169
# COUNT1: 0
# COUNT2: KBps
# TIME: 30.0
# elapsed: 45.037490
# pid: 216418
# status: 0

# COUNT0: 22068
# COUNT1: 0
# COUNT2: KBps
# TIME: 30.0
# elapsed: 45.033338
# pid: 216420
# status: 0

#### Pass 2

Write done: 352000 in 2.0259, score 43437
Read done: 340404 in 2.0000, score 42549
Copy done: 2577700 in 30.0000, score 21480
Write done: 368000 in 2.0420, score 45054
Read done: 339736 in 2.0000, score 42466
Copy done: 2577728 in 30.0000, score 21481

# COUNT0: 21480
# COUNT1: 0
# COUNT2: KBps
# TIME: 30.0
# elapsed: 45.033362
# pid: 216430
# status: 0

# COUNT0: 21481
# COUNT1: 0
# COUNT2: KBps
# TIME: 30.0
# elapsed: 45.048523
# pid: 216432
# status: 0

#### Pass 3

Write done: 352000 in 2.0035, score 43923
Read done: 427764 in 2.0000, score 53469
Copy done: 2746772 in 30.0000, score 22889
Write done: 360000 in 2.0219, score 44511
Read done: 427580 in 2.0000, score 53447
Copy done: 2754264 in 30.0000, score 22952

# COUNT0: 22889
# COUNT1: 0
# COUNT2: KBps
# TIME: 30.0
# elapsed: 45.012740
# pid: 216442
# status: 0

# COUNT0: 22952
# COUNT1: 0
# COUNT2: KBps
# TIME: 30.0
# elapsed: 45.028324
# pid: 216444
# status: 0

*Dump score:      42961.0
Count score:      44237.0
Count score:      45841.0

>>>> Sum of 2 copies
>>>> score: 45031.8589112197
>>>> time: 30
>>>> iterations: 2


########################################################
File Copy 256 bufsize 500 maxblocks -- 2 copies
==> "/mnt/host0/unixbench/UnixBench/pgms/fstime" -c -t 30 -d "/mnt/host0/unixbench/UnixBench/tmp" -b 256 -m 500 2>&1 >> "/mnt/host0/unixbench/UnixBench/results/uarf-2025-06-02-04.log"

#### Pass 1

Write done: 104000 in 2.0175, score 12887
Read done: 91542 in 2.0000, score 11442
Copy done: 649323 in 30.0000, score 5411
Write done: 104000 in 2.0210, score 12865
Read done: 82183 in 2.0000, score 10272
Copy done: 649907 in 30.0000, score 5415

# COUNT0: 5411
# COUNT1: 0
# COUNT2: KBps
# TIME: 30.0
# elapsed: 45.024653
# pid: 216454
# status: 0

# COUNT0: 5415
# COUNT1: 0
# COUNT2: KBps
# TIME: 30.0
# elapsed: 45.025850
# pid: 216456
# status: 0

#### Pass 2

Write done: 106000 in 2.0054, score 13214
Read done: 106602 in 2.0000, score 13325
Copy done: 666882 in 30.0001, score 5557
Write done: 106000 in 2.0049, score 13217
Read done: 106795 in 2.0000, score 13349
Copy done: 666354 in 30.0000, score 5552

# COUNT0: 5552
# COUNT1: 0
# COUNT2: KBps
# TIME: 30.0
# elapsed: 45.012305
# pid: 216467
# status: 0

# COUNT0: 5557
# COUNT1: 0
# COUNT2: KBps
# TIME: 30.0
# elapsed: 45.011958
# pid: 216469
# status: 0

#### Pass 3

Write done: 106000 in 2.0000, score 13249
Read done: 79494 in 2.0000, score 9936
Copy done: 639667 in 30.0000, score 5330
Write done: 108000 in 2.0118, score 13421
Read done: 79443 in 2.0000, score 9930
Copy done: 637789 in 30.0000, score 5314

# COUNT0: 5314
# COUNT1: 0
# COUNT2: KBps
# TIME: 30.0
# elapsed: 45.017713
# pid: 216479
# status: 0

# COUNT0: 5330
# COUNT1: 0
# COUNT2: KBps
# TIME: 30.0
# elapsed: 45.006667
# pid: 216481
# status: 0

*Dump score:      10644.0
Count score:      10826.0
Count score:      11109.0

>>>> Sum of 2 copies
>>>> score: 10966.5871628324
>>>> time: 30
>>>> iterations: 2


########################################################
File Copy 4096 bufsize 8000 maxblocks -- 2 copies
==> "/mnt/host0/unixbench/UnixBench/pgms/fstime" -c -t 30 -d "/mnt/host0/unixbench/UnixBench/tmp" -b 4096 -m 8000 2>&1 >> "/mnt/host0/unixbench/UnixBench/results/uarf-2025-06-02-04.log"

#### Pass 1

Write done: 1568000 in 2.0165, score 194395
Read done: 1273664 in 2.0000, score 159206
Copy done: 10529008 in 30.0000, score 87741
Write done: 1568000 in 2.0206, score 194000
Read done: 1285280 in 2.0000, score 160659
Copy done: 10535904 in 30.0000, score 87799

# COUNT0: 87741
# COUNT1: 0
# COUNT2: KBps
# TIME: 30.0
# elapsed: 45.024431
# pid: 216491
# status: 0

# COUNT0: 87799
# COUNT1: 0
# COUNT2: KBps
# TIME: 30.0
# elapsed: 45.026494
# pid: 216493
# status: 0

#### Pass 2

Write done: 1440000 in 2.0081, score 179271
Read done: 1578384 in 2.0000, score 197294
Copy done: 11740880 in 30.0000, score 97840
Write done: 1440000 in 2.0175, score 178436
Read done: 1600464 in 2.0000, score 200055
Copy done: 11737984 in 30.0000, score 97816

# COUNT0: 97816
# COUNT1: 0
# COUNT2: KBps
# TIME: 30.0
# elapsed: 45.024886
# pid: 216503
# status: 0

# COUNT0: 97840
# COUNT1: 0
# COUNT2: KBps
# TIME: 30.0
# elapsed: 45.016700
# pid: 216505
# status: 0

#### Pass 3

Write done: 1376000 in 2.0063, score 171460
Read done: 1290848 in 2.0000, score 161352
Copy done: 10969952 in 30.0000, score 91416
Write done: 1408000 in 2.0351, score 172966
Read done: 1264240 in 2.0000, score 158028
Copy done: 10972352 in 30.0000, score 91436

# COUNT0: 91416
# COUNT1: 0
# COUNT2: KBps
# TIME: 30.0
# elapsed: 45.014668
# pid: 216515
# status: 0

# COUNT0: 91436
# COUNT1: 0
# COUNT2: KBps
# TIME: 30.0
# elapsed: 45.042037
# pid: 216517
# status: 0

*Dump score:     175540.0
Count score:     182852.0
Count score:     195656.0

>>>> Sum of 2 copies
>>>> score: 189145.687003431
>>>> time: 30
>>>> iterations: 2


########################################################
Pipe Throughput -- 2 copies
==> "/mnt/host0/unixbench/UnixBench/pgms/pipe" 10 2>&1 >> "/mnt/host0/unixbench/UnixBench/results/uarf-2025-06-02-04.log"

#### Pass 1


# COUNT0: 33912839
# COUNT1: 1
# COUNT2: lps
# elapsed: 10.001691
# pid: 216527
# status: 0

# COUNT0: 33756874
# COUNT1: 1
# COUNT2: lps
# elapsed: 10.001474
# pid: 216529
# status: 0

#### Pass 2


# COUNT0: 35140699
# COUNT1: 1
# COUNT2: lps
# elapsed: 10.001680
# pid: 216539
# status: 0

# COUNT0: 35156164
# COUNT1: 1
# COUNT2: lps
# elapsed: 10.002145
# pid: 216541
# status: 0

#### Pass 3


# COUNT0: 34953694
# COUNT1: 1
# COUNT2: lps
# elapsed: 10.002308
# pid: 216551
# status: 0

# COUNT0: 34957128
# COUNT1: 1
# COUNT2: lps
# elapsed: 10.001591
# pid: 216553
# status: 0

#### Pass 4


# COUNT0: 34933755
# COUNT1: 1
# COUNT2: lps
# elapsed: 10.001742
# pid: 216563
# status: 0

# COUNT0: 34922180
# COUNT1: 1
# COUNT2: lps
# elapsed: 10.001540
# pid: 216565
# status: 0

#### Pass 5


# COUNT0: 35109432
# COUNT1: 1
# COUNT2: lps
# elapsed: 10.001791
# pid: 216575
# status: 0

# COUNT0: 34920984
# COUNT1: 1
# COUNT2: lps
# elapsed: 10.001658
# pid: 216577
# status: 0

#### Pass 6


# COUNT0: 34563194
# COUNT1: 1
# COUNT2: lps
# elapsed: 10.001806
# pid: 216587
# status: 0

# COUNT0: 34539124
# COUNT1: 1
# COUNT2: lps
# elapsed: 10.001610
# pid: 216589
# status: 0

#### Pass 7


# COUNT0: 35142858
# COUNT1: 1
# COUNT2: lps
# elapsed: 10.001644
# pid: 216599
# status: 0

# COUNT0: 35131793
# COUNT1: 1
# COUNT2: lps
# elapsed: 10.001524
# pid: 216601
# status: 0

#### Pass 8


# COUNT0: 35065893
# COUNT1: 1
# COUNT2: lps
# elapsed: 10.001764
# pid: 216612
# status: 0

# COUNT0: 35067884
# COUNT1: 1
# COUNT2: lps
# elapsed: 10.001474
# pid: 216614
# status: 0

#### Pass 9


# COUNT0: 35030965
# COUNT1: 1
# COUNT2: lps
# elapsed: 10.001815
# pid: 216624
# status: 0

# COUNT0: 35103205
# COUNT1: 1
# COUNT2: lps
# elapsed: 10.001615
# pid: 216626
# status: 0

#### Pass 10


# COUNT0: 35306645
# COUNT1: 1
# COUNT2: lps
# elapsed: 10.001717
# pid: 216636
# status: 0

# COUNT0: 35308341
# COUNT1: 1
# COUNT2: lps
# elapsed: 10.001566
# pid: 216638
# status: 0

*Dump score:   67669713.0
*Dump score:   69102318.0
*Dump score:   69855935.0
Count score:   69910822.0
Count score:   70030416.0
Count score:   70133777.0
Count score:   70134170.0
Count score:   70274651.0
Count score:   70296863.0
Count score:   70614986.0

>>>> Sum of 2 copies
>>>> score: 7018689.1903114
>>>> time: 10.0017351428571
>>>> iterations: 7


########################################################
Pipe-based Context Switching -- 2 copies
==> "/mnt/host0/unixbench/UnixBench/pgms/context1" 10 2>&1 >> "/mnt/host0/unixbench/UnixBench/results/uarf-2025-06-02-04.log"

#### Pass 1


# COUNT0: 4795607
# COUNT1: 1
# COUNT2: lps
# elapsed: 10.001848
# pid: 216648
# status: 0

# COUNT0: 4792711
# COUNT1: 1
# COUNT2: lps
# elapsed: 10.001581
# pid: 216650
# status: 0

#### Pass 2


# COUNT0: 4847457
# COUNT1: 1
# COUNT2: lps
# elapsed: 10.001794
# pid: 216662
# status: 0

# COUNT0: 4858319
# COUNT1: 1
# COUNT2: lps
# elapsed: 10.002278
# pid: 216664
# status: 0

#### Pass 3


# COUNT0: 4774975
# COUNT1: 1
# COUNT2: lps
# elapsed: 10.001725
# pid: 216676
# status: 0

# COUNT0: 4754216
# COUNT1: 1
# COUNT2: lps
# elapsed: 10.001698
# pid: 216678
# status: 0

#### Pass 4


# COUNT0: 4786318
# COUNT1: 1
# COUNT2: lps
# elapsed: 10.001754
# pid: 216690
# status: 0

# COUNT0: 4773267
# COUNT1: 1
# COUNT2: lps
# elapsed: 10.001736
# pid: 216692
# status: 0

#### Pass 5


# COUNT0: 4776444
# COUNT1: 1
# COUNT2: lps
# elapsed: 10.001715
# pid: 216704
# status: 0

# COUNT0: 4774687
# COUNT1: 1
# COUNT2: lps
# elapsed: 10.002145
# pid: 216706
# status: 0

#### Pass 6


# COUNT0: 4759746
# COUNT1: 1
# COUNT2: lps
# elapsed: 10.001762
# pid: 216718
# status: 0

# COUNT0: 4781641
# COUNT1: 1
# COUNT2: lps
# elapsed: 10.001560
# pid: 216720
# status: 0

#### Pass 7


# COUNT0: 4772547
# COUNT1: 1
# COUNT2: lps
# elapsed: 10.001775
# pid: 216732
# status: 0

# COUNT0: 4805400
# COUNT1: 1
# COUNT2: lps
# elapsed: 10.001530
# pid: 216734
# status: 0

#### Pass 8


# COUNT0: 4823452
# COUNT1: 1
# COUNT2: lps
# elapsed: 10.002062
# pid: 216746
# status: 0

# COUNT0: 4804078
# COUNT1: 1
# COUNT2: lps
# elapsed: 10.001447
# pid: 216748
# status: 0

#### Pass 9


# COUNT0: 4829698
# COUNT1: 1
# COUNT2: lps
# elapsed: 10.001636
# pid: 216760
# status: 0

# COUNT0: 4839984
# COUNT1: 1
# COUNT2: lps
# elapsed: 10.001635
# pid: 216762
# status: 0

#### Pass 10


# COUNT0: 4804351
# COUNT1: 1
# COUNT2: lps
# elapsed: 10.001609
# pid: 216774
# status: 0

# COUNT0: 4812493
# COUNT1: 1
# COUNT2: lps
# elapsed: 10.001479
# pid: 216776
# status: 0

*Dump score:    9529191.0
*Dump score:    9541387.0
*Dump score:    9551131.0
Count score:    9559585.0
Count score:    9577947.0
Count score:    9588318.0
Count score:    9616844.0
Count score:    9627530.0
Count score:    9669682.0
Count score:    9705776.0

>>>> Sum of 2 copies
>>>> score: 961903.057576288
>>>> time: 10.001726
>>>> iterations: 7


########################################################
Process Creation -- 2 copies
==> "/mnt/host0/unixbench/UnixBench/pgms/spawn" 30 2>&1 >> "/mnt/host0/unixbench/UnixBench/results/uarf-2025-06-02-04.log"

#### Pass 1


# COUNT0: 864714
# COUNT1: 1
# COUNT2: lps
# elapsed: 30.001695
# pid: 216788
# status: 0

# COUNT0: 885605
# COUNT1: 1
# COUNT2: lps
# elapsed: 30.001683
# pid: 216790
# status: 0

#### Pass 2


# COUNT0: 867421
# COUNT1: 1
# COUNT2: lps
# elapsed: 30.001783
# pid: 1967124
# status: 0

# COUNT0: 870369
# COUNT1: 1
# COUNT2: lps
# elapsed: 30.001617
# pid: 1967126
# status: 0

#### Pass 3


# COUNT0: 902602
# COUNT1: 1
# COUNT2: lps
# elapsed: 30.001760
# pid: 3704928
# status: 0

# COUNT0: 869907
# COUNT1: 1
# COUNT2: lps
# elapsed: 30.001613
# pid: 3704930
# status: 0

*Dump score:    1737790.0
Count score:    1750319.0
Count score:    1772509.0

>>>> Sum of 2 copies
>>>> score: 58709.3323245852
>>>> time: 30.00168775
>>>> iterations: 2


########################################################
System Call Overhead -- 2 copies
==> "/mnt/host0/unixbench/UnixBench/pgms/syscall" 10 2>&1 >> "/mnt/host0/unixbench/UnixBench/results/uarf-2025-06-02-04.log"

#### Pass 1


# COUNT0: 37667332
# COUNT1: 1
# COUNT2: lps
# elapsed: 10.001657
# pid: 1283450
# status: 0

# COUNT0: 37670448
# COUNT1: 1
# COUNT2: lps
# elapsed: 10.001533
# pid: 1283452
# status: 0

#### Pass 2


# COUNT0: 38082602
# COUNT1: 1
# COUNT2: lps
# elapsed: 10.001819
# pid: 1283462
# status: 0

# COUNT0: 38089027
# COUNT1: 1
# COUNT2: lps
# elapsed: 10.001480
# pid: 1283464
# status: 0

#### Pass 3


# COUNT0: 37904257
# COUNT1: 1
# COUNT2: lps
# elapsed: 10.001642
# pid: 1283474
# status: 0

# COUNT0: 37903350
# COUNT1: 1
# COUNT2: lps
# elapsed: 10.001510
# pid: 1283476
# status: 0

#### Pass 4


# COUNT0: 37911487
# COUNT1: 1
# COUNT2: lps
# elapsed: 10.001719
# pid: 1283486
# status: 0

# COUNT0: 37905687
# COUNT1: 1
# COUNT2: lps
# elapsed: 10.001507
# pid: 1283488
# status: 0

#### Pass 5


# COUNT0: 37697318
# COUNT1: 1
# COUNT2: lps
# elapsed: 10.001590
# pid: 1283499
# status: 0

# COUNT0: 37768587
# COUNT1: 1
# COUNT2: lps
# elapsed: 10.001465
# pid: 1283501
# status: 0

#### Pass 6


# COUNT0: 37936858
# COUNT1: 1
# COUNT2: lps
# elapsed: 10.001701
# pid: 1283511
# status: 0

# COUNT0: 37934459
# COUNT1: 1
# COUNT2: lps
# elapsed: 10.001523
# pid: 1283513
# status: 0

#### Pass 7


# COUNT0: 37985324
# COUNT1: 1
# COUNT2: lps
# elapsed: 10.001656
# pid: 1283523
# status: 0

# COUNT0: 37974564
# COUNT1: 1
# COUNT2: lps
# elapsed: 10.002035
# pid: 1283525
# status: 0

#### Pass 8


# COUNT0: 38179699
# COUNT1: 1
# COUNT2: lps
# elapsed: 10.001678
# pid: 1283535
# status: 0

# COUNT0: 38153040
# COUNT1: 1
# COUNT2: lps
# elapsed: 10.001510
# pid: 1283537
# status: 0

#### Pass 9


# COUNT0: 37804173
# COUNT1: 1
# COUNT2: lps
# elapsed: 10.001673
# pid: 1283547
# status: 0

# COUNT0: 37792378
# COUNT1: 1
# COUNT2: lps
# elapsed: 10.001456
# pid: 1283549
# status: 0

#### Pass 10


# COUNT0: 37795241
# COUNT1: 1
# COUNT2: lps
# elapsed: 10.001706
# pid: 1283559
# status: 0

# COUNT0: 37747309
# COUNT1: 1
# COUNT2: lps
# elapsed: 10.001583
# pid: 1283561
# status: 0

*Dump score:   75337780.0
*Dump score:   75465905.0
*Dump score:   75542550.0
Count score:   75596551.0
Count score:   75807607.0
Count score:   75817174.0
Count score:   75871317.0
Count score:   75959888.0
Count score:   76171629.0
Count score:   76332739.0

>>>> Sum of 2 copies
>>>> score: 7592393.51844499
>>>> time: 10.0016363571429
>>>> iterations: 7


########################################################
Shell Scripts (1 concurrent) -- 2 copies
==> "/mnt/host0/unixbench/UnixBench/pgms/looper" 60 "/mnt/host0/unixbench/UnixBench/pgms/multi.sh" 1 2>&1 >> "/mnt/host0/unixbench/UnixBench/results/uarf-2025-06-02-04.log"

#### Pass 1


# COUNT0: 6150
# COUNT1: 60
# COUNT2: lpm
# elapsed: 60.002395
# pid: 1283571
# status: 0

# COUNT0: 6165
# COUNT1: 60
# COUNT2: lpm
# elapsed: 60.003389
# pid: 1283573
# status: 0

#### Pass 2


# COUNT0: 6166
# COUNT1: 60
# COUNT2: lpm
# elapsed: 60.010639
# pid: 1394436
# status: 0

# COUNT0: 6157
# COUNT1: 60
# COUNT2: lpm
# elapsed: 60.011508
# pid: 1394438
# status: 0

#### Pass 3


# COUNT0: 6146
# COUNT1: 60
# COUNT2: lpm
# elapsed: 60.008254
# pid: 1505376
# status: 0

# COUNT0: 6143
# COUNT1: 60
# COUNT2: lpm
# elapsed: 60.001545
# pid: 1505378
# status: 0

*Dump score:      12289.0
Count score:      12315.0
Count score:      12323.0

>>>> Sum of 2 copies
>>>> score: 12317.5658711703
>>>> time: 60.00698275
>>>> iterations: 2


########################################################
Shell Scripts (8 concurrent) -- 2 copies
==> "/mnt/host0/unixbench/UnixBench/pgms/looper" 60 "/mnt/host0/unixbench/UnixBench/pgms/multi.sh" 8 2>&1 >> "/mnt/host0/unixbench/UnixBench/results/uarf-2025-06-02-04.log"

#### Pass 1


# COUNT0: 1011
# COUNT1: 60
# COUNT2: lpm
# elapsed: 60.047152
# pid: 1616007
# status: 0

# COUNT0: 1011
# COUNT1: 60
# COUNT2: lpm
# elapsed: 60.048324
# pid: 1616009
# status: 0

#### Pass 2


# COUNT0: 1010
# COUNT1: 60
# COUNT2: lpm
# elapsed: 60.022707
# pid: 1747580
# status: 0

# COUNT0: 1011
# COUNT1: 60
# COUNT2: lpm
# elapsed: 60.021910
# pid: 1747582
# status: 0

#### Pass 3


# COUNT0: 1012
# COUNT1: 60
# COUNT2: lpm
# elapsed: 60.027869
# pid: 1879087
# status: 0

# COUNT0: 1012
# COUNT1: 60
# COUNT2: lpm
# elapsed: 60.026600
# pid: 1879089
# status: 0

*Dump score:       2021.0
Count score:       2022.0
Count score:       2024.0

>>>> Sum of 2 copies
>>>> score: 2021.73666023716
>>>> time: 60.03748625
>>>> iterations: 2

