
########################################################
Dhrystone 2 using register variables -- 1 copy
==> "/mnt/host0/unixbench/UnixBench/pgms/dhry2reg" 10 2>&1 >> "/mnt/host0/unixbench/UnixBench/results/uarf-2025-06-04-07.log"

#### Pass 1


# COUNT0: 984635893
# COUNT1: 1
# COUNT2: lps
# elapsed: 10.001295
# pid: 1696223
# status: 0

#### Pass 2


# COUNT0: 985054835
# COUNT1: 1
# COUNT2: lps
# elapsed: 10.001318
# pid: 1696232
# status: 0

#### Pass 3


# COUNT0: 988151444
# COUNT1: 1
# COUNT2: lps
# elapsed: 10.001338
# pid: 1696241
# status: 0

#### Pass 4


# COUNT0: 986864913
# COUNT1: 1
# COUNT2: lps
# elapsed: 10.001349
# pid: 1696250
# status: 0

#### Pass 5


# COUNT0: 955321471
# COUNT1: 1
# COUNT2: lps
# elapsed: 10.001380
# pid: 1696259
# status: 0

#### Pass 6


# COUNT0: 987743522
# COUNT1: 1
# COUNT2: lps
# elapsed: 10.001337
# pid: 1696314
# status: 0

#### Pass 7


# COUNT0: 989793442
# COUNT1: 1
# COUNT2: lps
# elapsed: 10.001400
# pid: 1696323
# status: 0

#### Pass 8


# COUNT0: 991337526
# COUNT1: 1
# COUNT2: lps
# elapsed: 10.001355
# pid: 1696338
# status: 0

#### Pass 9


# COUNT0: 984373057
# COUNT1: 1
# COUNT2: lps
# elapsed: 10.001374
# pid: 1696347
# status: 0

#### Pass 10


# COUNT0: 980233322
# COUNT1: 1
# COUNT2: lps
# elapsed: 10.001343
# pid: 1696356
# status: 0

*Dump score:  955321471.0
*Dump score:  980233322.0
*Dump score:  984373057.0
Count score:  984635893.0
Count score:  985054835.0
Count score:  986864913.0
Count score:  987743522.0
Count score:  988151444.0
Count score:  989793442.0
Count score:  991337526.0

>>>> Results of 1 copy
>>>> score: 98751949.1333785
>>>> time: 10.0013417142857
>>>> iterations: 7


########################################################
Double-Precision Whetstone -- 1 copy
==> "/mnt/host0/unixbench/UnixBench/pgms/whetstone-double"  2>&1 >> "/mnt/host0/unixbench/UnixBench/results/uarf-2025-06-04-07.log"

#### Pass 1

Calibrate
       0.00 Seconds          1   Passes (x 100)
       0.00 Seconds          5   Passes (x 100)
       0.02 Seconds         25   Passes (x 100)
       0.11 Seconds        125   Passes (x 100)
       0.54 Seconds        625   Passes (x 100)

Use 11532  passes (x 100)

          Double Precision C/C++ Whetstone Benchmark

Loop content                  Result              MFLOPS      MOPS   Seconds

N1 floating point     -1.12398255667392033      2728.667              0.081
N2 floating point     -1.12187079889294417      3387.406              0.458
N3 if then else        1.00000000000000000               16204.115    0.074
N4 fixed point        12.00000000000000000                   0.000   -0.000
N5 sin,cos etc.        0.49902937281518261                 301.118    3.186
N6 floating point      0.99999987890802811      1474.450              4.219
N7 assignments         3.00000000000000000                5403.049    0.394
N8 exp,sqrt etc.       0.75100163018453958                 285.619    1.502

MWIPS                                          11632.214              9.914


# COUNT0: 11632.214
# COUNT1: 0
# COUNT2: MWIPS
# TIME: 9.914
# elapsed: 11.373696
# pid: 1696365
# status: 0

#### Pass 2

Calibrate
       0.00 Seconds          1   Passes (x 100)
       0.00 Seconds          5   Passes (x 100)
       0.02 Seconds         25   Passes (x 100)
       0.11 Seconds        125   Passes (x 100)
       0.54 Seconds        625   Passes (x 100)

Use 11530  passes (x 100)

          Double Precision C/C++ Whetstone Benchmark

Loop content                  Result              MFLOPS      MOPS   Seconds

N1 floating point     -1.12398255667392033      2729.014              0.081
N2 floating point     -1.12187079889294417      3386.752              0.458
N3 if then else        1.00000000000000000               16205.470    0.074
N4 fixed point        12.00000000000000000                   0.000   -0.000
N5 sin,cos etc.        0.49902937281518261                 301.074    3.186
N6 floating point      0.99999987890802811      1474.454              4.218
N7 assignments         3.00000000000000000                5406.976    0.394
N8 exp,sqrt etc.       0.75100163018453958                 285.579    1.502

MWIPS                                          11631.693              9.913


# COUNT0: 11631.693
# COUNT1: 0
# COUNT2: MWIPS
# TIME: 9.913
# elapsed: 11.372216
# pid: 1696374
# status: 0

#### Pass 3

Calibrate
       0.00 Seconds          1   Passes (x 100)
       0.00 Seconds          5   Passes (x 100)
       0.02 Seconds         25   Passes (x 100)
       0.11 Seconds        125   Passes (x 100)
       0.54 Seconds        625   Passes (x 100)

Use 11528  passes (x 100)

          Double Precision C/C++ Whetstone Benchmark

Loop content                  Result              MFLOPS      MOPS   Seconds

N1 floating point     -1.12398255667392033      2727.885              0.081
N2 floating point     -1.12187079889294417      3386.816              0.457
N3 if then else        1.00000000000000000               16200.020    0.074
N4 fixed point        12.00000000000000000                   0.000   -0.000
N5 sin,cos etc.        0.49902937281518261                 301.023    3.186
N6 floating point      0.99999987890802811      1474.257              4.218
N7 assignments         3.00000000000000000                5402.736    0.394
N8 exp,sqrt etc.       0.75100163018453958                 285.540    1.502

MWIPS                                          11629.740              9.913


# COUNT0: 11629.740
# COUNT1: 0
# COUNT2: MWIPS
# TIME: 9.913
# elapsed: 11.372388
# pid: 1696383
# status: 0

#### Pass 4

Calibrate
       0.00 Seconds          1   Passes (x 100)
       0.00 Seconds          5   Passes (x 100)
       0.02 Seconds         25   Passes (x 100)
       0.11 Seconds        125   Passes (x 100)
       0.54 Seconds        625   Passes (x 100)

Use 11529  passes (x 100)

          Double Precision C/C++ Whetstone Benchmark

Loop content                  Result              MFLOPS      MOPS   Seconds

N1 floating point     -1.12398255667392033      2729.669              0.081
N2 floating point     -1.12187079889294417      3390.119              0.457
N3 if then else        1.00000000000000000               16225.858    0.074
N4 fixed point        12.00000000000000000               52854281075.725    0.000
N5 sin,cos etc.        0.49902937281518261                 301.360    3.183
N6 floating point      0.99999987890802811      1474.494              4.218
N7 assignments         3.00000000000000000                5405.824    0.394
N8 exp,sqrt etc.       0.75100163018453958                 285.523    1.502

MWIPS                                          11635.588              9.908


# COUNT0: 11635.588
# COUNT1: 0
# COUNT2: MWIPS
# TIME: 9.908
# elapsed: 11.367883
# pid: 1696392
# status: 0

#### Pass 5

Calibrate
       0.00 Seconds          1   Passes (x 100)
       0.00 Seconds          5   Passes (x 100)
       0.02 Seconds         25   Passes (x 100)
       0.11 Seconds        125   Passes (x 100)
       0.54 Seconds        625   Passes (x 100)

Use 11531  passes (x 100)

          Double Precision C/C++ Whetstone Benchmark

Loop content                  Result              MFLOPS      MOPS   Seconds

N1 floating point     -1.12398255667392033      2728.232              0.081
N2 floating point     -1.12187079889294417      3387.409              0.458
N3 if then else        1.00000000000000000               16210.185    0.074
N4 fixed point        12.00000000000000000                   0.000   -0.000
N5 sin,cos etc.        0.49902937281518261                 301.065    3.187
N6 floating point      0.99999987890802811      1474.301              4.219
N7 assignments         3.00000000000000000                5405.758    0.394
N8 exp,sqrt etc.       0.75100163018453958                 285.566    1.502

MWIPS                                          11630.984              9.914


# COUNT0: 11630.984
# COUNT1: 0
# COUNT2: MWIPS
# TIME: 9.914
# elapsed: 11.373855
# pid: 1696401
# status: 0

#### Pass 6

Calibrate
       0.00 Seconds          1   Passes (x 100)
       0.00 Seconds          5   Passes (x 100)
       0.02 Seconds         25   Passes (x 100)
       0.11 Seconds        125   Passes (x 100)
       0.54 Seconds        625   Passes (x 100)

Use 11532  passes (x 100)

          Double Precision C/C++ Whetstone Benchmark

Loop content                  Result              MFLOPS      MOPS   Seconds

N1 floating point     -1.12398255667392033      2727.813              0.081
N2 floating point     -1.12187079889294417      3385.637              0.458
N3 if then else        1.00000000000000000               16202.103    0.074
N4 fixed point        12.00000000000000000               63602663398.357    0.000
N5 sin,cos etc.        0.49902937281518261                 301.012    3.187
N6 floating point      0.99999987890802811      1474.214              4.219
N7 assignments         3.00000000000000000                5405.558    0.394
N8 exp,sqrt etc.       0.75100163018453958                 285.560    1.502

MWIPS                                          11629.639              9.916


# COUNT0: 11629.639
# COUNT1: 0
# COUNT2: MWIPS
# TIME: 9.916
# elapsed: 11.375937
# pid: 1696410
# status: 0

#### Pass 7

Calibrate
       0.00 Seconds          1   Passes (x 100)
       0.00 Seconds          5   Passes (x 100)
       0.02 Seconds         25   Passes (x 100)
       0.11 Seconds        125   Passes (x 100)
       0.54 Seconds        625   Passes (x 100)

Use 11533  passes (x 100)

          Double Precision C/C++ Whetstone Benchmark

Loop content                  Result              MFLOPS      MOPS   Seconds

N1 floating point     -1.12398255667392033      2728.594              0.081
N2 floating point     -1.12187079889294417      3386.027              0.458
N3 if then else        1.00000000000000000               16207.481    0.074
N4 fixed point        12.00000000000000000               2380853938386.866    0.000
N5 sin,cos etc.        0.49902937281518261                 301.045    3.187
N6 floating point      0.99999987890802811      1474.658              4.219
N7 assignments         3.00000000000000000                5406.026    0.394
N8 exp,sqrt etc.       0.75100163018453958                 285.596    1.502

MWIPS                                          11631.909              9.915


# COUNT0: 11631.909
# COUNT1: 0
# COUNT2: MWIPS
# TIME: 9.915
# elapsed: 11.374771
# pid: 1696419
# status: 0

#### Pass 8

Calibrate
       0.00 Seconds          1   Passes (x 100)
       0.00 Seconds          5   Passes (x 100)
       0.02 Seconds         25   Passes (x 100)
       0.11 Seconds        125   Passes (x 100)
       0.54 Seconds        625   Passes (x 100)

Use 11533  passes (x 100)

          Double Precision C/C++ Whetstone Benchmark

Loop content                  Result              MFLOPS      MOPS   Seconds

N1 floating point     -1.12398255667392033      2728.473              0.081
N2 floating point     -1.12187079889294417      3386.530              0.458
N3 if then else        1.00000000000000000               16205.527    0.074
N4 fixed point        12.00000000000000000               30856065985.599    0.000
N5 sin,cos etc.        0.49902937281518261                 301.055    3.187
N6 floating point      0.99999987890802811      1474.271              4.220
N7 assignments         3.00000000000000000                5405.121    0.394
N8 exp,sqrt etc.       0.75100163018453958                 285.478    1.503

MWIPS                                          11630.011              9.917


# COUNT0: 11630.011
# COUNT1: 0
# COUNT2: MWIPS
# TIME: 9.917
# elapsed: 11.376361
# pid: 1696428
# status: 0

#### Pass 9

Calibrate
       0.00 Seconds          1   Passes (x 100)
       0.00 Seconds          5   Passes (x 100)
       0.02 Seconds         25   Passes (x 100)
       0.11 Seconds        125   Passes (x 100)
       0.54 Seconds        625   Passes (x 100)

Use 11532  passes (x 100)

          Double Precision C/C++ Whetstone Benchmark

Loop content                  Result              MFLOPS      MOPS   Seconds

N1 floating point     -1.12398255667392033      2728.996              0.081
N2 floating point     -1.12187079889294417      3386.837              0.458
N3 if then else        1.00000000000000000               16205.869    0.074
N4 fixed point        12.00000000000000000                   0.000   -0.000
N5 sin,cos etc.        0.49902937281518261                 301.060    3.187
N6 floating point      0.99999987890802811      1474.631              4.218
N7 assignments         3.00000000000000000                5406.188    0.394
N8 exp,sqrt etc.       0.75100163018453958                 285.576    1.502

MWIPS                                          11632.044              9.914


# COUNT0: 11632.044
# COUNT1: 0
# COUNT2: MWIPS
# TIME: 9.914
# elapsed: 11.373628
# pid: 1696437
# status: 0

#### Pass 10

Calibrate
       0.00 Seconds          1   Passes (x 100)
       0.00 Seconds          5   Passes (x 100)
       0.02 Seconds         25   Passes (x 100)
       0.11 Seconds        125   Passes (x 100)
       0.54 Seconds        625   Passes (x 100)

Use 11529  passes (x 100)

          Double Precision C/C++ Whetstone Benchmark

Loop content                  Result              MFLOPS      MOPS   Seconds

N1 floating point     -1.12398255667392033      2727.944              0.081
N2 floating point     -1.12187079889294417      3386.244              0.458
N3 if then else        1.00000000000000000               16209.577    0.074
N4 fixed point        12.00000000000000000                   0.000   -0.000
N5 sin,cos etc.        0.49902937281518261                 300.886    3.188
N6 floating point      0.99999987890802811      1474.355              4.218
N7 assignments         3.00000000000000000                5406.592    0.394
N8 exp,sqrt etc.       0.75100163018453958                 285.509    1.502

MWIPS                                          11628.457              9.914


# COUNT0: 11628.457
# COUNT1: 0
# COUNT2: MWIPS
# TIME: 9.914
# elapsed: 11.374371
# pid: 1696446
# status: 0

*Dump score:      11628.5
*Dump score:      11629.6
*Dump score:      11629.7
Count score:      11630.0
Count score:      11631.0
Count score:      11631.7
Count score:      11631.9
Count score:      11632.0
Count score:      11632.2
Count score:      11635.6

>>>> Results of 1 copy
>>>> score: 11632.0631752904
>>>> time: 9.91357142857143
>>>> iterations: 7


########################################################
Execl Throughput -- 1 copy
==> "/mnt/host0/unixbench/UnixBench/pgms/execl" 30 2>&1 >> "/mnt/host0/unixbench/UnixBench/results/uarf-2025-06-04-07.log"

#### Pass 1


# COUNT0: 103941
# COUNT1: 1
# COUNT2: lps
# elapsed: 29.014556
# pid: 1696456
# status: 0

#### Pass 2


# COUNT0: 108534
# COUNT1: 1
# COUNT2: lps
# elapsed: 29.993101
# pid: 1696466
# status: 0

#### Pass 3


# COUNT0: 107873
# COUNT1: 1
# COUNT2: lps
# elapsed: 29.994089
# pid: 1696475
# status: 0

*Dump score:     103941.0
Count score:     107873.0
Count score:     108534.0

>>>> Results of 1 copy
>>>> score: 3607.53671805486
>>>> time: 29.993595
>>>> iterations: 2


########################################################
File Copy 1024 bufsize 2000 maxblocks -- 1 copy
==> "/mnt/host0/unixbench/UnixBench/pgms/fstime" -c -t 30 -d "/mnt/host0/unixbench/UnixBench/tmp" -b 1024 -m 2000 2>&1 >> "/mnt/host0/unixbench/UnixBench/results/uarf-2025-06-04-07.log"

#### Pass 1

Write done: 472000 in 2.0087, score 58745
Read done: 469848 in 2.0000, score 58730
Copy done: 3518392 in 30.0000, score 29319

# COUNT0: 29319
# COUNT1: 0
# COUNT2: KBps
# TIME: 30.0
# elapsed: 45.015447
# pid: 1696484
# status: 0

#### Pass 2

Write done: 480000 in 2.0239, score 59292
Read done: 469340 in 2.0000, score 58666
Copy done: 3516816 in 30.0000, score 29306

# COUNT0: 29306
# COUNT1: 0
# COUNT2: KBps
# TIME: 30.0
# elapsed: 45.030474
# pid: 1696493
# status: 0

#### Pass 3

Write done: 472000 in 2.0154, score 58548
Read done: 476576 in 2.0000, score 59571
Copy done: 3532728 in 30.0000, score 29439

# COUNT0: 29439
# COUNT1: 0
# COUNT2: KBps
# TIME: 30.0
# elapsed: 45.022250
# pid: 1696502
# status: 0

*Dump score:      29306.0
Count score:      29319.0
Count score:      29439.0

>>>> Results of 1 copy
>>>> score: 29378.9387316833
>>>> time: 30
>>>> iterations: 2


########################################################
File Copy 256 bufsize 500 maxblocks -- 1 copy
==> "/mnt/host0/unixbench/UnixBench/pgms/fstime" -c -t 30 -d "/mnt/host0/unixbench/UnixBench/tmp" -b 256 -m 500 2>&1 >> "/mnt/host0/unixbench/UnixBench/results/uarf-2025-06-04-07.log"

#### Pass 1

Write done: 118000 in 2.0093, score 14681
Read done: 118169 in 2.0000, score 14771
Copy done: 881883 in 30.0000, score 7349

# COUNT0: 7349
# COUNT1: 0
# COUNT2: KBps
# TIME: 30.0
# elapsed: 45.016173
# pid: 1696511
# status: 0

#### Pass 2

Write done: 120000 in 2.0159, score 14881
Read done: 117471 in 2.0000, score 14683
Copy done: 881181 in 30.0000, score 7343

# COUNT0: 7343
# COUNT1: 0
# COUNT2: KBps
# TIME: 30.0
# elapsed: 45.021821
# pid: 1696520
# status: 0

#### Pass 3

Write done: 120000 in 2.0141, score 14895
Read done: 118021 in 2.0000, score 14752
Copy done: 880928 in 30.0000, score 7341

# COUNT0: 7341
# COUNT1: 0
# COUNT2: KBps
# TIME: 30.0
# elapsed: 45.019847
# pid: 1696530
# status: 0

*Dump score:       7341.0
Count score:       7343.0
Count score:       7349.0

>>>> Results of 1 copy
>>>> score: 7345.9993874217
>>>> time: 30
>>>> iterations: 2


########################################################
File Copy 4096 bufsize 8000 maxblocks -- 1 copy
==> "/mnt/host0/unixbench/UnixBench/pgms/fstime" -c -t 30 -d "/mnt/host0/unixbench/UnixBench/tmp" -b 4096 -m 8000 2>&1 >> "/mnt/host0/unixbench/UnixBench/results/uarf-2025-06-04-07.log"

#### Pass 1

Write done: 1856000 in 2.0019, score 231776
Read done: 1878256 in 2.0000, score 234779
Copy done: 14121984 in 30.0000, score 117683

# COUNT0: 117683
# COUNT1: 0
# COUNT2: KBps
# TIME: 30.0
# elapsed: 45.009073
# pid: 1696539
# status: 0

#### Pass 2

Write done: 1856000 in 2.0110, score 230725
Read done: 1857520 in 2.0000, score 232188
Copy done: 13922256 in 30.0000, score 116018

# COUNT0: 116018
# COUNT1: 0
# COUNT2: KBps
# TIME: 30.0
# elapsed: 45.017796
# pid: 1696548
# status: 0

#### Pass 3

Write done: 1888000 in 2.0187, score 233814
Read done: 1859984 in 2.0000, score 232494
Copy done: 13992688 in 30.0000, score 116605

# COUNT0: 116605
# COUNT1: 0
# COUNT2: KBps
# TIME: 30.0
# elapsed: 45.026065
# pid: 1696557
# status: 0

*Dump score:     116018.0
Count score:     116605.0
Count score:     117683.0

>>>> Results of 1 copy
>>>> score: 117142.759976876
>>>> time: 30
>>>> iterations: 2


########################################################
Pipe Throughput -- 1 copy
==> "/mnt/host0/unixbench/UnixBench/pgms/pipe" 10 2>&1 >> "/mnt/host0/unixbench/UnixBench/results/uarf-2025-06-04-07.log"

#### Pass 1


# COUNT0: 48458496
# COUNT1: 1
# COUNT2: lps
# elapsed: 10.001377
# pid: 1696566
# status: 0

#### Pass 2


# COUNT0: 48196997
# COUNT1: 1
# COUNT2: lps
# elapsed: 10.001268
# pid: 1696575
# status: 0

#### Pass 3


# COUNT0: 49205073
# COUNT1: 1
# COUNT2: lps
# elapsed: 10.001374
# pid: 1696584
# status: 0

#### Pass 4


# COUNT0: 48688843
# COUNT1: 1
# COUNT2: lps
# elapsed: 10.001323
# pid: 1696593
# status: 0

#### Pass 5


# COUNT0: 48688358
# COUNT1: 1
# COUNT2: lps
# elapsed: 10.001340
# pid: 1696602
# status: 0

#### Pass 6


# COUNT0: 49502970
# COUNT1: 1
# COUNT2: lps
# elapsed: 10.001326
# pid: 1696611
# status: 0

#### Pass 7


# COUNT0: 48974721
# COUNT1: 1
# COUNT2: lps
# elapsed: 10.001331
# pid: 1696620
# status: 0

#### Pass 8


# COUNT0: 48718398
# COUNT1: 1
# COUNT2: lps
# elapsed: 10.001364
# pid: 1696629
# status: 0

#### Pass 9


# COUNT0: 48976279
# COUNT1: 1
# COUNT2: lps
# elapsed: 10.001325
# pid: 1696638
# status: 0

#### Pass 10


# COUNT0: 49433562
# COUNT1: 1
# COUNT2: lps
# elapsed: 10.001363
# pid: 1696648
# status: 0

*Dump score:   48196997.0
*Dump score:   48458496.0
*Dump score:   48688358.0
Count score:   48688843.0
Count score:   48718398.0
Count score:   48974721.0
Count score:   48976279.0
Count score:   49205073.0
Count score:   49433562.0
Count score:   49502970.0

>>>> Results of 1 copy
>>>> score: 4906390.51045734
>>>> time: 10.0013437142857
>>>> iterations: 7


########################################################
Pipe-based Context Switching -- 1 copy
==> "/mnt/host0/unixbench/UnixBench/pgms/context1" 10 2>&1 >> "/mnt/host0/unixbench/UnixBench/results/uarf-2025-06-04-07.log"

#### Pass 1


# COUNT0: 920905
# COUNT1: 1
# COUNT2: lps
# elapsed: 10.001368
# pid: 1696657
# status: 0

#### Pass 2


# COUNT0: 928095
# COUNT1: 1
# COUNT2: lps
# elapsed: 10.001333
# pid: 1696667
# status: 0

#### Pass 3


# COUNT0: 909540
# COUNT1: 1
# COUNT2: lps
# elapsed: 10.001321
# pid: 1696677
# status: 0

#### Pass 4


# COUNT0: 912451
# COUNT1: 1
# COUNT2: lps
# elapsed: 10.001278
# pid: 1696687
# status: 0

#### Pass 5


# COUNT0: 913070
# COUNT1: 1
# COUNT2: lps
# elapsed: 10.001410
# pid: 1696697
# status: 0

#### Pass 6


# COUNT0: 918622
# COUNT1: 1
# COUNT2: lps
# elapsed: 10.001232
# pid: 1696707
# status: 0

#### Pass 7


# COUNT0: 920683
# COUNT1: 1
# COUNT2: lps
# elapsed: 10.001256
# pid: 1696717
# status: 0

#### Pass 8


# COUNT0: 919537
# COUNT1: 1
# COUNT2: lps
# elapsed: 10.001326
# pid: 1696727
# status: 0

#### Pass 9


# COUNT0: 955430
# COUNT1: 1
# COUNT2: lps
# elapsed: 10.001369
# pid: 1696737
# status: 0

#### Pass 10


# COUNT0: 916913
# COUNT1: 1
# COUNT2: lps
# elapsed: 10.001291
# pid: 1696747
# status: 0

*Dump score:     909540.0
*Dump score:     912451.0
*Dump score:     913070.0
Count score:     916913.0
Count score:     918622.0
Count score:     919537.0
Count score:     920683.0
Count score:     920905.0
Count score:     928095.0
Count score:     955430.0

>>>> Results of 1 copy
>>>> score: 92553.5632452009
>>>> time: 10.0013107142857
>>>> iterations: 7


########################################################
Process Creation -- 1 copy
==> "/mnt/host0/unixbench/UnixBench/pgms/spawn" 30 2>&1 >> "/mnt/host0/unixbench/UnixBench/results/uarf-2025-06-04-07.log"

#### Pass 1


# COUNT0: 768415
# COUNT1: 1
# COUNT2: lps
# elapsed: 30.001479
# pid: 1696757
# status: 0

#### Pass 2


# COUNT0: 813774
# COUNT1: 1
# COUNT2: lps
# elapsed: 30.001454
# pid: 2465182
# status: 0

#### Pass 3


# COUNT0: 778079
# COUNT1: 1
# COUNT2: lps
# elapsed: 30.001509
# pid: 3278966
# status: 0

*Dump score:     768415.0
Count score:     778079.0
Count score:     813774.0

>>>> Results of 1 copy
>>>> score: 26522.902632656
>>>> time: 30.0014815
>>>> iterations: 2


########################################################
System Call Overhead -- 1 copy
==> "/mnt/host0/unixbench/UnixBench/pgms/syscall" 10 2>&1 >> "/mnt/host0/unixbench/UnixBench/results/uarf-2025-06-04-07.log"

#### Pass 1


# COUNT0: 45531576
# COUNT1: 1
# COUNT2: lps
# elapsed: 10.001389
# pid: 4057056
# status: 0

#### Pass 2


# COUNT0: 45492580
# COUNT1: 1
# COUNT2: lps
# elapsed: 10.001300
# pid: 4057065
# status: 0

#### Pass 3


# COUNT0: 44369235
# COUNT1: 1
# COUNT2: lps
# elapsed: 10.001332
# pid: 4057074
# status: 0

#### Pass 4


# COUNT0: 44515963
# COUNT1: 1
# COUNT2: lps
# elapsed: 10.001277
# pid: 4057083
# status: 0

#### Pass 5


# COUNT0: 45272762
# COUNT1: 1
# COUNT2: lps
# elapsed: 10.001380
# pid: 4057092
# status: 0

#### Pass 6


# COUNT0: 43769274
# COUNT1: 1
# COUNT2: lps
# elapsed: 10.001350
# pid: 4057101
# status: 0

#### Pass 7


# COUNT0: 44176266
# COUNT1: 1
# COUNT2: lps
# elapsed: 10.001326
# pid: 4057110
# status: 0

#### Pass 8


# COUNT0: 44982658
# COUNT1: 1
# COUNT2: lps
# elapsed: 10.001354
# pid: 4057120
# status: 0

#### Pass 9


# COUNT0: 45101284
# COUNT1: 1
# COUNT2: lps
# elapsed: 10.001294
# pid: 4057129
# status: 0

#### Pass 10


# COUNT0: 44811319
# COUNT1: 1
# COUNT2: lps
# elapsed: 10.001428
# pid: 4057138
# status: 0

*Dump score:   43769274.0
*Dump score:   44176266.0
*Dump score:   44369235.0
Count score:   44515963.0
Count score:   44811319.0
Count score:   44982658.0
Count score:   45101284.0
Count score:   45272762.0
Count score:   45492580.0
Count score:   45531576.0

>>>> Results of 1 copy
>>>> score: 4509381.12218441
>>>> time: 10.001346
>>>> iterations: 7


########################################################
Shell Scripts (1 concurrent) -- 1 copy
==> "/mnt/host0/unixbench/UnixBench/pgms/looper" 60 "/mnt/host0/unixbench/UnixBench/pgms/multi.sh" 1 2>&1 >> "/mnt/host0/unixbench/UnixBench/results/uarf-2025-06-04-07.log"

#### Pass 1


# COUNT0: 10076
# COUNT1: 60
# COUNT2: lpm
# elapsed: 60.004857
# pid: 4057147
# status: 0

#### Pass 2


# COUNT0: 10074
# COUNT1: 60
# COUNT2: lpm
# elapsed: 60.004589
# pid: 4147849
# status: 0

#### Pass 3


# COUNT0: 10062
# COUNT1: 60
# COUNT2: lpm
# elapsed: 60.001717
# pid: 44529
# status: 0

*Dump score:      10062.0
Count score:      10074.0
Count score:      10076.0

>>>> Results of 1 copy
>>>> score: 10074.2069424075
>>>> time: 60.004723
>>>> iterations: 2


########################################################
Shell Scripts (8 concurrent) -- 1 copy
==> "/mnt/host0/unixbench/UnixBench/pgms/looper" 60 "/mnt/host0/unixbench/UnixBench/pgms/multi.sh" 8 2>&1 >> "/mnt/host0/unixbench/UnixBench/results/uarf-2025-06-04-07.log"

#### Pass 1


# COUNT0: 1972
# COUNT1: 60
# COUNT2: lpm
# elapsed: 60.023400
# pid: 135105
# status: 0

#### Pass 2


# COUNT0: 1972
# COUNT1: 60
# COUNT2: lpm
# elapsed: 60.017952
# pid: 263359
# status: 0

#### Pass 3


# COUNT0: 1970
# COUNT1: 60
# COUNT2: lpm
# elapsed: 60.026273
# pid: 391614
# status: 0

*Dump score:       1970.0
Count score:       1972.0
Count score:       1972.0

>>>> Results of 1 copy
>>>> score: 1971.32068492288
>>>> time: 60.020676
>>>> iterations: 2


########################################################
Dhrystone 2 using register variables -- 2 copies
==> "/mnt/host0/unixbench/UnixBench/pgms/dhry2reg" 10 2>&1 >> "/mnt/host0/unixbench/UnixBench/results/uarf-2025-06-04-07.log"

#### Pass 1


# COUNT0: 704680647
# COUNT1: 1
# COUNT2: lps
# elapsed: 10.001630
# pid: 519738
# status: 0

# COUNT0: 704571176
# COUNT1: 1
# COUNT2: lps
# elapsed: 10.001502
# pid: 519740
# status: 0

#### Pass 2


# COUNT0: 713117100
# COUNT1: 1
# COUNT2: lps
# elapsed: 10.001613
# pid: 519750
# status: 0

# COUNT0: 713600269
# COUNT1: 1
# COUNT2: lps
# elapsed: 10.001475
# pid: 519752
# status: 0

#### Pass 3


# COUNT0: 713227025
# COUNT1: 1
# COUNT2: lps
# elapsed: 10.002201
# pid: 519762
# status: 0

# COUNT0: 713294768
# COUNT1: 1
# COUNT2: lps
# elapsed: 10.001494
# pid: 519764
# status: 0

#### Pass 4


# COUNT0: 705563528
# COUNT1: 1
# COUNT2: lps
# elapsed: 10.001612
# pid: 519774
# status: 0

# COUNT0: 705722589
# COUNT1: 1
# COUNT2: lps
# elapsed: 10.001501
# pid: 519776
# status: 0

#### Pass 5


# COUNT0: 706560605
# COUNT1: 1
# COUNT2: lps
# elapsed: 10.001864
# pid: 519786
# status: 0

# COUNT0: 706380627
# COUNT1: 1
# COUNT2: lps
# elapsed: 10.001506
# pid: 519788
# status: 0

#### Pass 6


# COUNT0: 706845064
# COUNT1: 1
# COUNT2: lps
# elapsed: 10.001658
# pid: 519798
# status: 0

# COUNT0: 707429277
# COUNT1: 1
# COUNT2: lps
# elapsed: 10.001534
# pid: 519800
# status: 0

#### Pass 7


# COUNT0: 707781613
# COUNT1: 1
# COUNT2: lps
# elapsed: 10.001692
# pid: 519810
# status: 0

# COUNT0: 707506947
# COUNT1: 1
# COUNT2: lps
# elapsed: 10.002032
# pid: 519812
# status: 0

#### Pass 8


# COUNT0: 694523472
# COUNT1: 1
# COUNT2: lps
# elapsed: 10.001700
# pid: 519822
# status: 0

# COUNT0: 694519849
# COUNT1: 1
# COUNT2: lps
# elapsed: 10.001523
# pid: 519824
# status: 0

#### Pass 9


# COUNT0: 707349160
# COUNT1: 1
# COUNT2: lps
# elapsed: 10.002299
# pid: 519834
# status: 0

# COUNT0: 707310577
# COUNT1: 1
# COUNT2: lps
# elapsed: 10.001607
# pid: 519836
# status: 0

#### Pass 10


# COUNT0: 697402921
# COUNT1: 1
# COUNT2: lps
# elapsed: 10.001680
# pid: 519846
# status: 0

# COUNT0: 698199480
# COUNT1: 1
# COUNT2: lps
# elapsed: 10.001473
# pid: 519847
# status: 0

*Dump score: 1389043321.0
*Dump score: 1395602401.0
*Dump score: 1409251823.0
Count score: 1411286117.0
Count score: 1412941232.0
Count score: 1414274341.0
Count score: 1414659737.0
Count score: 1415288560.0
Count score: 1426521793.0
Count score: 1426717369.0

>>>> Sum of 2 copies
>>>> score: 141712781.662121
>>>> time: 10.0017205714286
>>>> iterations: 7


########################################################
Double-Precision Whetstone -- 2 copies
==> "/mnt/host0/unixbench/UnixBench/pgms/whetstone-double"  2>&1 >> "/mnt/host0/unixbench/UnixBench/results/uarf-2025-06-04-07.log"

#### Pass 1

Calibrate
       0.00 Seconds          1   Passes (x 100)
       0.00 Seconds          5   Passes (x 100)
       0.02 Seconds         25   Passes (x 100)
       0.12 Seconds        125   Passes (x 100)
       0.57 Seconds        625   Passes (x 100)

Use 10880  passes (x 100)

          Double Precision C/C++ Whetstone Benchmark

Loop content                  Result              MFLOPS      MOPS   Seconds

N1 floating point     -1.12398255667392033      2626.476              0.080
N2 floating point     -1.12187079889294417      3330.429              0.439
N3 if then else        1.00000000000000000               12945.691    0.087
N4 fixed point        12.00000000000000000                   0.000   -0.000
N5 sin,cos etc.        0.49902937281518261                 260.083    3.480
N6 floating point      0.99999987890802811      1463.090              4.011
N7 assignments         3.00000000000000000                5775.117    0.348
N8 exp,sqrt etc.       0.75100163018453958                 266.777    1.517

MWIPS                                          10920.950              9.963

Calibrate
       0.00 Seconds          1   Passes (x 100)
       0.00 Seconds          5   Passes (x 100)
       0.02 Seconds         25   Passes (x 100)
       0.12 Seconds        125   Passes (x 100)
       0.57 Seconds        625   Passes (x 100)

Use 10898  passes (x 100)

          Double Precision C/C++ Whetstone Benchmark

Loop content                  Result              MFLOPS      MOPS   Seconds

N1 floating point     -1.12398255667392033      2627.515              0.080
N2 floating point     -1.12187079889294417      3330.653              0.440
N3 if then else        1.00000000000000000               12951.180    0.087
N4 fixed point        12.00000000000000000               33508573262.605    0.000
N5 sin,cos etc.        0.49902937281518261                 259.772    3.490
N6 floating point      0.99999987890802811      1463.450              4.017
N7 assignments         3.00000000000000000                5732.020    0.351
N8 exp,sqrt etc.       0.75100163018453958                 266.953    1.519

MWIPS                                          10915.790              9.984


# COUNT0: 10915.790
# COUNT1: 0
# COUNT2: MWIPS
# TIME: 9.984
# elapsed: 11.471289
# pid: 519858
# status: 0

# COUNT0: 10920.950
# COUNT1: 0
# COUNT2: MWIPS
# TIME: 9.963
# elapsed: 11.449971
# pid: 519860
# status: 0

#### Pass 2

Calibrate
       0.00 Seconds          1   Passes (x 100)
       0.00 Seconds          5   Passes (x 100)
       0.02 Seconds         25   Passes (x 100)
       0.12 Seconds        125   Passes (x 100)
       0.57 Seconds        625   Passes (x 100)

Use 10899  passes (x 100)

          Double Precision C/C++ Whetstone Benchmark

Loop content                  Result              MFLOPS      MOPS   Seconds

N1 floating point     -1.12398255667392033      2620.460              0.080
N2 floating point     -1.12187079889294417      3330.019              0.440
N3 if then else        1.00000000000000000               12948.920    0.087
N4 fixed point        12.00000000000000000               66312176113.936    0.000
N5 sin,cos etc.        0.49902937281518261                 260.182    3.485
N6 floating point      0.99999987890802811      1462.650              4.019
N7 assignments         3.00000000000000000                5878.883    0.343
N8 exp,sqrt etc.       0.75100163018453958                 266.661    1.520

MWIPS                                          10926.855              9.975

Calibrate
       0.00 Seconds          1   Passes (x 100)
       0.00 Seconds          5   Passes (x 100)
       0.02 Seconds         25   Passes (x 100)
       0.12 Seconds        125   Passes (x 100)
       0.57 Seconds        625   Passes (x 100)

Use 10897  passes (x 100)

          Double Precision C/C++ Whetstone Benchmark

Loop content                  Result              MFLOPS      MOPS   Seconds

N1 floating point     -1.12398255667392033      2621.336              0.080
N2 floating point     -1.12187079889294417      3329.734              0.440
N3 if then else        1.00000000000000000               12950.136    0.087
N4 fixed point        12.00000000000000000               42261116842.469    0.000
N5 sin,cos etc.        0.49902937281518261                 260.212    3.484
N6 floating point      0.99999987890802811      1462.835              4.018
N7 assignments         3.00000000000000000                5757.563    0.350
N8 exp,sqrt etc.       0.75100163018453958                 266.722    1.520

MWIPS                                          10920.318              9.979


# COUNT0: 10926.855
# COUNT1: 0
# COUNT2: MWIPS
# TIME: 9.975
# elapsed: 11.463909
# pid: 519870
# status: 0

# COUNT0: 10920.318
# COUNT1: 0
# COUNT2: MWIPS
# TIME: 9.979
# elapsed: 11.467504
# pid: 519872
# status: 0

#### Pass 3

Calibrate
       0.00 Seconds          1   Passes (x 100)
       0.00 Seconds          5   Passes (x 100)
       0.02 Seconds         25   Passes (x 100)
       0.12 Seconds        125   Passes (x 100)
       0.57 Seconds        625   Passes (x 100)

Use 10877  passes (x 100)

          Double Precision C/C++ Whetstone Benchmark

Loop content                  Result              MFLOPS      MOPS   Seconds

N1 floating point     -1.12398255667392033      2609.058              0.080
N2 floating point     -1.12187079889294417      3323.063              0.440
N3 if then else        1.00000000000000000               12954.022    0.087
N4 fixed point        12.00000000000000000                   0.000   -0.000
N5 sin,cos etc.        0.49902937281518261                 259.988    3.481
N6 floating point      0.99999987890802811      1465.886              4.002
N7 assignments         3.00000000000000000                5770.558    0.348
N8 exp,sqrt etc.       0.75100163018453958                 266.754    1.517

MWIPS                                          10925.912              9.955

Calibrate
       0.00 Seconds          1   Passes (x 100)
       0.00 Seconds          5   Passes (x 100)
       0.02 Seconds         25   Passes (x 100)
       0.12 Seconds        125   Passes (x 100)
       0.57 Seconds        625   Passes (x 100)

Use 10888  passes (x 100)

          Double Precision C/C++ Whetstone Benchmark

Loop content                  Result              MFLOPS      MOPS   Seconds

N1 floating point     -1.12398255667392033      2608.991              0.080
N2 floating point     -1.12187079889294417      3323.056              0.440
N3 if then else        1.00000000000000000               12956.092    0.087
N4 fixed point        12.00000000000000000                   0.000   -0.000
N5 sin,cos etc.        0.49902937281518261                 260.024    3.484
N6 floating point      0.99999987890802811      1462.972              4.014
N7 assignments         3.00000000000000000                5813.646    0.346
N8 exp,sqrt etc.       0.75100163018453958                 266.892    1.518

MWIPS                                          10921.401              9.969


# COUNT0: 10925.912
# COUNT1: 0
# COUNT2: MWIPS
# TIME: 9.955
# elapsed: 11.447739
# pid: 519882
# status: 0

# COUNT0: 10921.401
# COUNT1: 0
# COUNT2: MWIPS
# TIME: 9.969
# elapsed: 11.462059
# pid: 519884
# status: 0

#### Pass 4

Calibrate
       0.00 Seconds          1   Passes (x 100)
       0.01 Seconds          5   Passes (x 100)
       0.02 Seconds         25   Passes (x 100)
       0.12 Seconds        125   Passes (x 100)
       0.58 Seconds        625   Passes (x 100)

Use 10821  passes (x 100)

          Double Precision C/C++ Whetstone Benchmark

Loop content                  Result              MFLOPS      MOPS   Seconds

N1 floating point     -1.12398255667392033      2653.757              0.078
N2 floating point     -1.12187079889294417      3339.271              0.436
N3 if then else        1.00000000000000000               12953.975    0.086
N4 fixed point        12.00000000000000000               71874834882.824    0.000
N5 sin,cos etc.        0.49902937281518261                 259.866    3.464
N6 floating point      0.99999987890802811      1464.903              3.984
N7 assignments         3.00000000000000000                5528.763    0.362
N8 exp,sqrt etc.       0.75100163018453958                 266.756    1.509

MWIPS                                          10908.321              9.920

Calibrate
       0.00 Seconds          1   Passes (x 100)
       0.01 Seconds          5   Passes (x 100)
       0.02 Seconds         25   Passes (x 100)
       0.12 Seconds        125   Passes (x 100)
       0.58 Seconds        625   Passes (x 100)

Use 10868  passes (x 100)

          Double Precision C/C++ Whetstone Benchmark

Loop content                  Result              MFLOPS      MOPS   Seconds

N1 floating point     -1.12398255667392033      2653.739              0.079
N2 floating point     -1.12187079889294417      3339.024              0.437
N3 if then else        1.00000000000000000               12959.276    0.087
N4 fixed point        12.00000000000000000               35231979713.915    0.000
N5 sin,cos etc.        0.49902937281518261                 259.399    3.486
N6 floating point      0.99999987890802811      1463.451              4.006
N7 assignments         3.00000000000000000                5745.381    0.350
N8 exp,sqrt etc.       0.75100163018453958                 267.049    1.514

MWIPS                                          10913.933              9.958


# COUNT0: 10913.933
# COUNT1: 0
# COUNT2: MWIPS
# TIME: 9.958
# elapsed: 11.440709
# pid: 519894
# status: 0

# COUNT0: 10908.321
# COUNT1: 0
# COUNT2: MWIPS
# TIME: 9.920
# elapsed: 11.404120
# pid: 519896
# status: 0

#### Pass 5

Calibrate
       0.00 Seconds          1   Passes (x 100)
       0.00 Seconds          5   Passes (x 100)
       0.02 Seconds         25   Passes (x 100)
       0.12 Seconds        125   Passes (x 100)
       0.57 Seconds        625   Passes (x 100)

Use 10872  passes (x 100)

          Double Precision C/C++ Whetstone Benchmark

Loop content                  Result              MFLOPS      MOPS   Seconds

N1 floating point     -1.12398255667392033      2647.157              0.079
N2 floating point     -1.12187079889294417      3337.323              0.438
N3 if then else        1.00000000000000000               12957.028    0.087
N4 fixed point        12.00000000000000000               32669552275.374    0.000
N5 sin,cos etc.        0.49902937281518261                 260.050    3.478
N6 floating point      0.99999987890802811      1462.780              4.009
N7 assignments         3.00000000000000000                5660.632    0.355
N8 exp,sqrt etc.       0.75100163018453958                 266.728    1.516

MWIPS                                          10913.274              9.962

Calibrate
       0.00 Seconds          1   Passes (x 100)
       0.00 Seconds          5   Passes (x 100)
       0.02 Seconds         25   Passes (x 100)
       0.12 Seconds        125   Passes (x 100)
       0.57 Seconds        625   Passes (x 100)

Use 10900  passes (x 100)

          Double Precision C/C++ Whetstone Benchmark

Loop content                  Result              MFLOPS      MOPS   Seconds

N1 floating point     -1.12398255667392033      2647.445              0.079
N2 floating point     -1.12187079889294417      3337.777              0.439
N3 if then else        1.00000000000000000               12960.674    0.087
N4 fixed point        12.00000000000000000               83278256577.753    0.000
N5 sin,cos etc.        0.49902937281518261                 259.597    3.493
N6 floating point      0.99999987890802811      1465.346              4.012
N7 assignments         3.00000000000000000                5847.424    0.344
N8 exp,sqrt etc.       0.75100163018453958                 266.820    1.520

MWIPS                                          10927.421              9.975


# COUNT0: 10913.274
# COUNT1: 0
# COUNT2: MWIPS
# TIME: 9.962
# elapsed: 11.443660
# pid: 519906
# status: 0

# COUNT0: 10927.421
# COUNT1: 0
# COUNT2: MWIPS
# TIME: 9.975
# elapsed: 11.456220
# pid: 519908
# status: 0

#### Pass 6

Calibrate
       0.00 Seconds          1   Passes (x 100)
       0.00 Seconds          5   Passes (x 100)
       0.02 Seconds         25   Passes (x 100)
       0.12 Seconds        125   Passes (x 100)
       0.57 Seconds        625   Passes (x 100)

Use 10871  passes (x 100)

          Double Precision C/C++ Whetstone Benchmark

Loop content                  Result              MFLOPS      MOPS   Seconds

N1 floating point     -1.12398255667392033      2640.833              0.079
N2 floating point     -1.12187079889294417      3333.940              0.438
N3 if then else        1.00000000000000000               12961.646    0.087
N4 fixed point        12.00000000000000000                   0.000   -0.000
N5 sin,cos etc.        0.49902937281518261                 260.151    3.477
N6 floating point      0.99999987890802811      1463.588              4.006
N7 assignments         3.00000000000000000                5696.027    0.353
N8 exp,sqrt etc.       0.75100163018453958                 266.548    1.517

MWIPS                                          10917.814              9.957

Calibrate
       0.00 Seconds          1   Passes (x 100)
       0.00 Seconds          5   Passes (x 100)
       0.02 Seconds         25   Passes (x 100)
       0.12 Seconds        125   Passes (x 100)
       0.57 Seconds        625   Passes (x 100)

Use 10897  passes (x 100)

          Double Precision C/C++ Whetstone Benchmark

Loop content                  Result              MFLOPS      MOPS   Seconds

N1 floating point     -1.12398255667392033      2640.950              0.079
N2 floating point     -1.12187079889294417      3334.404              0.439
N3 if then else        1.00000000000000000               12968.149    0.087
N4 fixed point        12.00000000000000000                   0.000   -0.000
N5 sin,cos etc.        0.49902937281518261                 259.292    3.497
N6 floating point      0.99999987890802811      1463.550              4.016
N7 assignments         3.00000000000000000                5654.547    0.356
N8 exp,sqrt etc.       0.75100163018453958                 266.907    1.519

MWIPS                                          10904.595              9.993


# COUNT0: 10904.595
# COUNT1: 0
# COUNT2: MWIPS
# TIME: 9.993
# elapsed: 11.476736
# pid: 519918
# status: 0

# COUNT0: 10917.814
# COUNT1: 0
# COUNT2: MWIPS
# TIME: 9.957
# elapsed: 11.440223
# pid: 519920
# status: 0

#### Pass 7

Calibrate
       0.00 Seconds          1   Passes (x 100)
       0.00 Seconds          5   Passes (x 100)
       0.02 Seconds         25   Passes (x 100)
       0.12 Seconds        125   Passes (x 100)
       0.58 Seconds        625   Passes (x 100)

Use 10857  passes (x 100)

          Double Precision C/C++ Whetstone Benchmark

Loop content                  Result              MFLOPS      MOPS   Seconds

N1 floating point     -1.12398255667392033      2630.940              0.079
N2 floating point     -1.12187079889294417      3332.133              0.438
N3 if then else        1.00000000000000000               12963.609    0.087
N4 fixed point        12.00000000000000000               150625112200.203    0.000
N5 sin,cos etc.        0.49902937281518261                 260.067    3.473
N6 floating point      0.99999987890802811      1463.113              4.003
N7 assignments         3.00000000000000000                5656.840    0.355
N8 exp,sqrt etc.       0.75100163018453958                 266.605    1.515

MWIPS                                          10912.255              9.949

Calibrate
       0.00 Seconds          1   Passes (x 100)
       0.00 Seconds          5   Passes (x 100)
       0.02 Seconds         25   Passes (x 100)
       0.12 Seconds        125   Passes (x 100)
       0.57 Seconds        625   Passes (x 100)

Use 10890  passes (x 100)

          Double Precision C/C++ Whetstone Benchmark

Loop content                  Result              MFLOPS      MOPS   Seconds

N1 floating point     -1.12398255667392033      2630.941              0.079
N2 floating point     -1.12187079889294417      3332.270              0.439
N3 if then else        1.00000000000000000               12968.893    0.087
N4 fixed point        12.00000000000000000               49117636630.469    0.000
N5 sin,cos etc.        0.49902937281518261                 259.335    3.494
N6 floating point      0.99999987890802811      1463.005              4.015
N7 assignments         3.00000000000000000                5656.490    0.356
N8 exp,sqrt etc.       0.75100163018453958                 266.978    1.517

MWIPS                                          10903.554              9.988


# COUNT0: 10903.554
# COUNT1: 0
# COUNT2: MWIPS
# TIME: 9.988
# elapsed: 11.473990
# pid: 519930
# status: 0

# COUNT0: 10912.255
# COUNT1: 0
# COUNT2: MWIPS
# TIME: 9.949
# elapsed: 11.435416
# pid: 519932
# status: 0

#### Pass 8

Calibrate
       0.00 Seconds          1   Passes (x 100)
       0.00 Seconds          5   Passes (x 100)
       0.02 Seconds         25   Passes (x 100)
       0.12 Seconds        125   Passes (x 100)
       0.57 Seconds        625   Passes (x 100)

Use 10890  passes (x 100)

          Double Precision C/C++ Whetstone Benchmark

Loop content                  Result              MFLOPS      MOPS   Seconds

N1 floating point     -1.12398255667392033      2627.585              0.080
N2 floating point     -1.12187079889294417      3329.836              0.440
N3 if then else        1.00000000000000000               12938.840    0.087
N4 fixed point        12.00000000000000000                   0.000   -0.000
N5 sin,cos etc.        0.49902937281518261                 259.929    3.486
N6 floating point      0.99999987890802811      1462.803              4.016
N7 assignments         3.00000000000000000                5858.351    0.344
N8 exp,sqrt etc.       0.75100163018453958                 266.727    1.519

MWIPS                                          10922.835              9.970

Calibrate
       0.00 Seconds          1   Passes (x 100)
       0.00 Seconds          5   Passes (x 100)
       0.02 Seconds         25   Passes (x 100)
       0.12 Seconds        125   Passes (x 100)
       0.57 Seconds        625   Passes (x 100)

Use 10893  passes (x 100)

          Double Precision C/C++ Whetstone Benchmark

Loop content                  Result              MFLOPS      MOPS   Seconds

N1 floating point     -1.12398255667392033      2627.632              0.080
N2 floating point     -1.12187079889294417      3329.784              0.440
N3 if then else        1.00000000000000000               12939.269    0.087
N4 fixed point        12.00000000000000000               87397336793.008    0.000
N5 sin,cos etc.        0.49902937281518261                 259.762    3.489
N6 floating point      0.99999987890802811      1463.098              4.016
N7 assignments         3.00000000000000000                5753.705    0.350
N8 exp,sqrt etc.       0.75100163018453958                 266.837    1.519

MWIPS                                          10915.112              9.980


# COUNT0: 10922.835
# COUNT1: 0
# COUNT2: MWIPS
# TIME: 9.970
# elapsed: 11.457819
# pid: 519943
# status: 0

# COUNT0: 10915.112
# COUNT1: 0
# COUNT2: MWIPS
# TIME: 9.980
# elapsed: 11.467238
# pid: 519945
# status: 0

#### Pass 9

Calibrate
       0.00 Seconds          1   Passes (x 100)
       0.00 Seconds          5   Passes (x 100)
       0.02 Seconds         25   Passes (x 100)
       0.12 Seconds        125   Passes (x 100)
       0.58 Seconds        625   Passes (x 100)

Use 10844  passes (x 100)

          Double Precision C/C++ Whetstone Benchmark

Loop content                  Result              MFLOPS      MOPS   Seconds

N1 floating point     -1.12398255667392033      2621.163              0.079
N2 floating point     -1.12187079889294417      3326.274              0.438
N3 if then else        1.00000000000000000               12981.041    0.086
N4 fixed point        12.00000000000000000                   0.000   -0.000
N5 sin,cos etc.        0.49902937281518261                 259.700    3.474
N6 floating point      0.99999987890802811      1462.149              4.000
N7 assignments         3.00000000000000000                5559.097    0.360
N8 exp,sqrt etc.       0.75100163018453958                 266.693    1.513

MWIPS                                          10896.679              9.952

Calibrate
       0.00 Seconds          1   Passes (x 100)
       0.00 Seconds          5   Passes (x 100)
       0.02 Seconds         25   Passes (x 100)
       0.12 Seconds        125   Passes (x 100)
       0.57 Seconds        625   Passes (x 100)

Use 10893  passes (x 100)

          Double Precision C/C++ Whetstone Benchmark

Loop content                  Result              MFLOPS      MOPS   Seconds

N1 floating point     -1.12398255667392033      2621.155              0.080
N2 floating point     -1.12187079889294417      3328.860              0.440
N3 if then else        1.00000000000000000               12978.461    0.087
N4 fixed point        12.00000000000000000                   0.000   -0.000
N5 sin,cos etc.        0.49902937281518261                 258.976    3.500
N6 floating point      0.99999987890802811      1461.732              4.020
N7 assignments         3.00000000000000000                5671.839    0.355
N8 exp,sqrt etc.       0.75100163018453958                 267.151    1.517

MWIPS                                          10895.819              9.997


# COUNT0: 10895.819
# COUNT1: 0
# COUNT2: MWIPS
# TIME: 9.997
# elapsed: 11.487007
# pid: 519955
# status: 0

# COUNT0: 10896.679
# COUNT1: 0
# COUNT2: MWIPS
# TIME: 9.952
# elapsed: 11.440316
# pid: 519957
# status: 0

#### Pass 10

Calibrate
       0.00 Seconds          1   Passes (x 100)
       0.00 Seconds          5   Passes (x 100)
       0.02 Seconds         25   Passes (x 100)
       0.12 Seconds        125   Passes (x 100)
       0.57 Seconds        625   Passes (x 100)

Use 10885  passes (x 100)

          Double Precision C/C++ Whetstone Benchmark

Loop content                  Result              MFLOPS      MOPS   Seconds

N1 floating point     -1.12398255667392033      2611.685              0.080
N2 floating point     -1.12187079889294417      3325.152              0.440
N3 if then else        1.00000000000000000               12965.184    0.087
N4 fixed point        12.00000000000000000               245582724046.096    0.000
N5 sin,cos etc.        0.49902937281518261                 260.106    3.482
N6 floating point      0.99999987890802811      1464.574              4.009
N7 assignments         3.00000000000000000                5806.072    0.346
N8 exp,sqrt etc.       0.75100163018453958                 266.762    1.518

MWIPS                                          10926.568              9.962

Calibrate
       0.00 Seconds          1   Passes (x 100)
       0.00 Seconds          5   Passes (x 100)
       0.02 Seconds         25   Passes (x 100)
       0.12 Seconds        125   Passes (x 100)
       0.57 Seconds        625   Passes (x 100)

Use 10895  passes (x 100)

          Double Precision C/C++ Whetstone Benchmark

Loop content                  Result              MFLOPS      MOPS   Seconds

N1 floating point     -1.12398255667392033      2611.620              0.080
N2 floating point     -1.12187079889294417      3323.101              0.441
N3 if then else        1.00000000000000000               12966.354    0.087
N4 fixed point        12.00000000000000000               3627655419656.992    0.000
N5 sin,cos etc.        0.49902937281518261                 259.804    3.489
N6 floating point      0.99999987890802811      1465.229              4.011
N7 assignments         3.00000000000000000                5767.441    0.349
N8 exp,sqrt etc.       0.75100163018453958                 266.799    1.519

MWIPS                                          10921.495              9.976


# COUNT0: 10921.495
# COUNT1: 0
# COUNT2: MWIPS
# TIME: 9.976
# elapsed: 11.467830
# pid: 519967
# status: 0

# COUNT0: 10926.568
# COUNT1: 0
# COUNT2: MWIPS
# TIME: 9.962
# elapsed: 11.453921
# pid: 519969
# status: 0

*Dump score:      21792.5
*Dump score:      21815.8
*Dump score:      21822.3
Count score:      21822.4
Count score:      21836.7
Count score:      21837.9
Count score:      21840.7
Count score:      21847.2
Count score:      21847.3
Count score:      21848.1

>>>> Sum of 2 copies
>>>> score: 21840.0469530824
>>>> time: 9.97142857142857
>>>> iterations: 7


########################################################
Execl Throughput -- 2 copies
==> "/mnt/host0/unixbench/UnixBench/pgms/execl" 30 2>&1 >> "/mnt/host0/unixbench/UnixBench/results/uarf-2025-06-04-07.log"

#### Pass 1


# COUNT0: 74033
# COUNT1: 1
# COUNT2: lps
# elapsed: 29.518636
# pid: 519979
# status: 0

# COUNT0: 73893
# COUNT1: 1
# COUNT2: lps
# elapsed: 29.519081
# pid: 519981
# status: 0

#### Pass 2


# COUNT0: 74705
# COUNT1: 1
# COUNT2: lps
# elapsed: 29.992941
# pid: 519991
# status: 0

# COUNT0: 75083
# COUNT1: 1
# COUNT2: lps
# elapsed: 29.992280
# pid: 519993
# status: 0

#### Pass 3


# COUNT0: 74885
# COUNT1: 1
# COUNT2: lps
# elapsed: 29.991825
# pid: 520003
# status: 0

# COUNT0: 75346
# COUNT1: 1
# COUNT2: lps
# elapsed: 29.992314
# pid: 520005
# status: 0

*Dump score:     147926.0
Count score:     149788.0
Count score:     150231.0

>>>> Sum of 2 copies
>>>> score: 5001.58828806073
>>>> time: 29.99234
>>>> iterations: 2


########################################################
File Copy 1024 bufsize 2000 maxblocks -- 2 copies
==> "/mnt/host0/unixbench/UnixBench/pgms/fstime" -c -t 30 -d "/mnt/host0/unixbench/UnixBench/tmp" -b 1024 -m 2000 2>&1 >> "/mnt/host0/unixbench/UnixBench/results/uarf-2025-06-04-07.log"

#### Pass 1

Write done: 344000 in 2.0104, score 42776
Read done: 326368 in 2.0000, score 40795
Copy done: 2718700 in 30.0000, score 22655
Write done: 360000 in 2.0254, score 44435
Read done: 327364 in 2.0000, score 40920
Copy done: 2709712 in 30.0000, score 22580

# COUNT0: 22580
# COUNT1: 0
# COUNT2: KBps
# TIME: 30.0
# elapsed: 45.031917
# pid: 520015
# status: 0

# COUNT0: 22655
# COUNT1: 0
# COUNT2: KBps
# TIME: 30.0
# elapsed: 45.017702
# pid: 520017
# status: 0

#### Pass 2

Write done: 320000 in 2.0232, score 39540
Read done: 325968 in 2.0000, score 40745
Copy done: 2641964 in 30.0001, score 22016
Write done: 312000 in 2.0286, score 38450
Read done: 326524 in 2.0000, score 40814
Copy done: 2648172 in 30.0000, score 22068

# COUNT0: 22016
# COUNT1: 0
# COUNT2: KBps
# TIME: 30.0
# elapsed: 45.030526
# pid: 520027
# status: 0

# COUNT0: 22068
# COUNT1: 0
# COUNT2: KBps
# TIME: 30.0
# elapsed: 45.034372
# pid: 520029
# status: 0

#### Pass 3

Write done: 352000 in 2.0109, score 43760
Read done: 426476 in 2.0000, score 53308
Copy done: 2846296 in 30.0000, score 23719
Write done: 352000 in 2.0138, score 43698
Read done: 427240 in 2.0000, score 53404
Copy done: 2854380 in 30.0000, score 23786

# COUNT0: 23786
# COUNT1: 0
# COUNT2: KBps
# TIME: 30.0
# elapsed: 45.019093
# pid: 520039
# status: 0

# COUNT0: 23719
# COUNT1: 0
# COUNT2: KBps
# TIME: 30.0
# elapsed: 45.018046
# pid: 520041
# status: 0

*Dump score:      44084.0
Count score:      45235.0
Count score:      47505.0

>>>> Sum of 2 copies
>>>> score: 46356.1072028271
>>>> time: 30
>>>> iterations: 2


########################################################
File Copy 256 bufsize 500 maxblocks -- 2 copies
==> "/mnt/host0/unixbench/UnixBench/pgms/fstime" -c -t 30 -d "/mnt/host0/unixbench/UnixBench/tmp" -b 256 -m 500 2>&1 >> "/mnt/host0/unixbench/UnixBench/results/uarf-2025-06-04-07.log"

#### Pass 1

Write done: 104000 in 2.0133, score 12914
Read done: 104184 in 2.0000, score 13022
Copy done: 658024 in 30.0000, score 5483
Write done: 104000 in 2.0169, score 12891
Read done: 103137 in 2.0000, score 12892
Copy done: 661651 in 30.0000, score 5513

# COUNT0: 5483
# COUNT1: 0
# COUNT2: KBps
# TIME: 30.0
# elapsed: 45.020008
# pid: 520051
# status: 0

# COUNT0: 5513
# COUNT1: 0
# COUNT2: KBps
# TIME: 30.0
# elapsed: 45.022818
# pid: 520053
# status: 0

#### Pass 2

Write done: 86000 in 2.0201, score 10643
Read done: 82303 in 2.0000, score 10287
Copy done: 712927 in 30.0001, score 5941
Write done: 86000 in 2.0244, score 10620
Read done: 82009 in 2.0000, score 10251
Copy done: 710314 in 30.0000, score 5919

# COUNT0: 5919
# COUNT1: 0
# COUNT2: KBps
# TIME: 30.0
# elapsed: 45.030761
# pid: 520064
# status: 0

# COUNT0: 5941
# COUNT1: 0
# COUNT2: KBps
# TIME: 30.0
# elapsed: 45.026920
# pid: 520066
# status: 0

#### Pass 3

Write done: 92000 in 2.0286, score 11338
Read done: 104656 in 2.0000, score 13081
Copy done: 731280 in 30.0000, score 6093
Write done: 90000 in 2.0299, score 11084
Read done: 103141 in 2.0000, score 12892
Copy done: 731138 in 30.0000, score 6092

# COUNT0: 6093
# COUNT1: 0
# COUNT2: KBps
# TIME: 30.0
# elapsed: 45.036029
# pid: 520076
# status: 0

# COUNT0: 6092
# COUNT1: 0
# COUNT2: KBps
# TIME: 30.0
# elapsed: 45.035867
# pid: 520078
# status: 0

*Dump score:      10996.0
Count score:      11860.0
Count score:      12185.0

>>>> Sum of 2 copies
>>>> score: 12021.4017485483
>>>> time: 30
>>>> iterations: 2


########################################################
File Copy 4096 bufsize 8000 maxblocks -- 2 copies
==> "/mnt/host0/unixbench/UnixBench/pgms/fstime" -c -t 30 -d "/mnt/host0/unixbench/UnixBench/tmp" -b 4096 -m 8000 2>&1 >> "/mnt/host0/unixbench/UnixBench/results/uarf-2025-06-04-07.log"

#### Pass 1

Write done: 1472000 in 2.0390, score 180481
Read done: 1517696 in 2.0000, score 189709
Copy done: 10943904 in 30.0000, score 91199
Write done: 1472000 in 2.0420, score 180213
Read done: 1518352 in 2.0000, score 189791
Copy done: 10915616 in 30.0000, score 90963

# COUNT0: 91199
# COUNT1: 0
# COUNT2: KBps
# TIME: 30.0
# elapsed: 45.047674
# pid: 520088
# status: 0

# COUNT0: 90963
# COUNT1: 0
# COUNT2: KBps
# TIME: 30.0
# elapsed: 45.048431
# pid: 520090
# status: 0

#### Pass 2

Write done: 1376000 in 2.0235, score 170001
Read done: 1680384 in 2.0000, score 210043
Copy done: 10321120 in 30.0000, score 86009
Write done: 1376000 in 2.0271, score 169702
Read done: 1683024 in 2.0000, score 210376
Copy done: 10301504 in 30.0001, score 85845

# COUNT0: 86009
# COUNT1: 0
# COUNT2: KBps
# TIME: 30.0
# elapsed: 45.032002
# pid: 520100
# status: 0

# COUNT0: 85845
# COUNT1: 0
# COUNT2: KBps
# TIME: 30.0
# elapsed: 45.033719
# pid: 520102
# status: 0

#### Pass 3

Write done: 1280000 in 2.0285, score 157752
Read done: 1683232 in 2.0000, score 210399
Copy done: 10931504 in 30.0000, score 91095
Write done: 1280000 in 2.0348, score 157261
Read done: 1682272 in 2.0000, score 210282
Copy done: 10938112 in 30.0000, score 91150

# COUNT0: 91150
# COUNT1: 0
# COUNT2: KBps
# TIME: 30.0
# elapsed: 45.042372
# pid: 520112
# status: 0

# COUNT0: 91095
# COUNT1: 0
# COUNT2: KBps
# TIME: 30.0
# elapsed: 45.037340
# pid: 520114
# status: 0

*Dump score:     171854.0
Count score:     182162.0
Count score:     182245.0

>>>> Sum of 2 copies
>>>> score: 182203.495273829
>>>> time: 30
>>>> iterations: 2


########################################################
Pipe Throughput -- 2 copies
==> "/mnt/host0/unixbench/UnixBench/pgms/pipe" 10 2>&1 >> "/mnt/host0/unixbench/UnixBench/results/uarf-2025-06-04-07.log"

#### Pass 1


# COUNT0: 34956081
# COUNT1: 1
# COUNT2: lps
# elapsed: 10.001699
# pid: 520124
# status: 0

# COUNT0: 34946864
# COUNT1: 1
# COUNT2: lps
# elapsed: 10.001560
# pid: 520126
# status: 0

#### Pass 2


# COUNT0: 34581875
# COUNT1: 1
# COUNT2: lps
# elapsed: 10.001594
# pid: 520136
# status: 0

# COUNT0: 33432770
# COUNT1: 1
# COUNT2: lps
# elapsed: 10.001455
# pid: 520138
# status: 0

#### Pass 3


# COUNT0: 35233604
# COUNT1: 1
# COUNT2: lps
# elapsed: 10.001719
# pid: 520148
# status: 0

# COUNT0: 35250573
# COUNT1: 1
# COUNT2: lps
# elapsed: 10.001620
# pid: 520150
# status: 0

#### Pass 4


# COUNT0: 35110234
# COUNT1: 1
# COUNT2: lps
# elapsed: 10.001685
# pid: 520160
# status: 0

# COUNT0: 35117173
# COUNT1: 1
# COUNT2: lps
# elapsed: 10.001549
# pid: 520162
# status: 0

#### Pass 5


# COUNT0: 35306134
# COUNT1: 1
# COUNT2: lps
# elapsed: 10.001669
# pid: 520172
# status: 0

# COUNT0: 35309469
# COUNT1: 1
# COUNT2: lps
# elapsed: 10.001501
# pid: 520174
# status: 0

#### Pass 6


# COUNT0: 34711579
# COUNT1: 1
# COUNT2: lps
# elapsed: 10.002166
# pid: 520184
# status: 0

# COUNT0: 34725488
# COUNT1: 1
# COUNT2: lps
# elapsed: 10.001491
# pid: 520186
# status: 0

#### Pass 7


# COUNT0: 35201142
# COUNT1: 1
# COUNT2: lps
# elapsed: 10.001592
# pid: 520197
# status: 0

# COUNT0: 35205469
# COUNT1: 1
# COUNT2: lps
# elapsed: 10.001475
# pid: 520199
# status: 0

#### Pass 8


# COUNT0: 35417195
# COUNT1: 1
# COUNT2: lps
# elapsed: 10.001701
# pid: 520209
# status: 0

# COUNT0: 35418610
# COUNT1: 1
# COUNT2: lps
# elapsed: 10.001550
# pid: 520211
# status: 0

#### Pass 9


# COUNT0: 35130004
# COUNT1: 1
# COUNT2: lps
# elapsed: 10.002201
# pid: 520221
# status: 0

# COUNT0: 35130019
# COUNT1: 1
# COUNT2: lps
# elapsed: 10.001520
# pid: 520223
# status: 0

#### Pass 10


# COUNT0: 34726797
# COUNT1: 1
# COUNT2: lps
# elapsed: 10.001713
# pid: 520233
# status: 0

# COUNT0: 34731924
# COUNT1: 1
# COUNT2: lps
# elapsed: 10.001507
# pid: 520235
# status: 0

*Dump score:   68014645.0
*Dump score:   69437067.0
*Dump score:   69458721.0
Count score:   69902945.0
Count score:   70227407.0
Count score:   70260023.0
Count score:   70406611.0
Count score:   70484177.0
Count score:   70615603.0
Count score:   70835805.0

>>>> Sum of 2 copies
>>>> score: 7037823.70315909
>>>> time: 10.0016457857143
>>>> iterations: 7


########################################################
Pipe-based Context Switching -- 2 copies
==> "/mnt/host0/unixbench/UnixBench/pgms/context1" 10 2>&1 >> "/mnt/host0/unixbench/UnixBench/results/uarf-2025-06-04-07.log"

#### Pass 1


# COUNT0: 4751436
# COUNT1: 1
# COUNT2: lps
# elapsed: 10.001667
# pid: 520245
# status: 0

# COUNT0: 4722470
# COUNT1: 1
# COUNT2: lps
# elapsed: 10.001669
# pid: 520247
# status: 0

#### Pass 2


# COUNT0: 4706890
# COUNT1: 1
# COUNT2: lps
# elapsed: 10.001613
# pid: 520259
# status: 0

# COUNT0: 4731214
# COUNT1: 1
# COUNT2: lps
# elapsed: 10.001605
# pid: 520261
# status: 0

#### Pass 3


# COUNT0: 4792042
# COUNT1: 1
# COUNT2: lps
# elapsed: 10.001688
# pid: 520273
# status: 0

# COUNT0: 4777154
# COUNT1: 1
# COUNT2: lps
# elapsed: 10.001540
# pid: 520275
# status: 0

#### Pass 4


# COUNT0: 4725187
# COUNT1: 1
# COUNT2: lps
# elapsed: 10.001747
# pid: 520287
# status: 0

# COUNT0: 4719866
# COUNT1: 1
# COUNT2: lps
# elapsed: 10.001611
# pid: 520289
# status: 0

#### Pass 5


# COUNT0: 4791874
# COUNT1: 1
# COUNT2: lps
# elapsed: 10.002219
# pid: 520301
# status: 0

# COUNT0: 4804716
# COUNT1: 1
# COUNT2: lps
# elapsed: 10.001434
# pid: 520303
# status: 0

#### Pass 6


# COUNT0: 4784194
# COUNT1: 1
# COUNT2: lps
# elapsed: 10.001680
# pid: 520315
# status: 0

# COUNT0: 4775447
# COUNT1: 1
# COUNT2: lps
# elapsed: 10.001530
# pid: 520317
# status: 0

#### Pass 7


# COUNT0: 4782642
# COUNT1: 1
# COUNT2: lps
# elapsed: 10.001836
# pid: 520329
# status: 0

# COUNT0: 4780638
# COUNT1: 1
# COUNT2: lps
# elapsed: 10.001459
# pid: 520331
# status: 0

#### Pass 8


# COUNT0: 4743483
# COUNT1: 1
# COUNT2: lps
# elapsed: 10.001544
# pid: 520343
# status: 0

# COUNT0: 4719796
# COUNT1: 1
# COUNT2: lps
# elapsed: 10.001386
# pid: 520345
# status: 0

#### Pass 9


# COUNT0: 4781527
# COUNT1: 1
# COUNT2: lps
# elapsed: 10.001698
# pid: 520357
# status: 0

# COUNT0: 4740198
# COUNT1: 1
# COUNT2: lps
# elapsed: 10.001581
# pid: 520359
# status: 0

#### Pass 10


# COUNT0: 4751495
# COUNT1: 1
# COUNT2: lps
# elapsed: 10.001747
# pid: 520371
# status: 0

# COUNT0: 4652299
# COUNT1: 1
# COUNT2: lps
# elapsed: 10.002201
# pid: 520373
# status: 0

*Dump score:    9403794.0
*Dump score:    9438104.0
*Dump score:    9445053.0
Count score:    9463279.0
Count score:    9473906.0
Count score:    9521725.0
Count score:    9559641.0
Count score:    9563280.0
Count score:    9569196.0
Count score:    9596590.0

>>>> Sum of 2 copies
>>>> score: 953369.662541086
>>>> time: 10.0016379285714
>>>> iterations: 7


########################################################
Process Creation -- 2 copies
==> "/mnt/host0/unixbench/UnixBench/pgms/spawn" 30 2>&1 >> "/mnt/host0/unixbench/UnixBench/results/uarf-2025-06-04-07.log"

#### Pass 1


# COUNT0: 885107
# COUNT1: 1
# COUNT2: lps
# elapsed: 30.002373
# pid: 520385
# status: 0

# COUNT0: 867842
# COUNT1: 1
# COUNT2: lps
# elapsed: 30.001547
# pid: 520387
# status: 0

#### Pass 2


# COUNT0: 854104
# COUNT1: 1
# COUNT2: lps
# elapsed: 30.001663
# pid: 2273352
# status: 0

# COUNT0: 889351
# COUNT1: 1
# COUNT2: lps
# elapsed: 30.002171
# pid: 2273354
# status: 0

#### Pass 3


# COUNT0: 883688
# COUNT1: 1
# COUNT2: lps
# elapsed: 30.001659
# pid: 4016822
# status: 0

# COUNT0: 865564
# COUNT1: 1
# COUNT2: lps
# elapsed: 30.001632
# pid: 4016824
# status: 0

*Dump score:    1743455.0
Count score:    1749252.0
Count score:    1752949.0

>>>> Sum of 2 copies
>>>> score: 58366.4768066399
>>>> time: 30.00180275
>>>> iterations: 2


########################################################
System Call Overhead -- 2 copies
==> "/mnt/host0/unixbench/UnixBench/pgms/syscall" 10 2>&1 >> "/mnt/host0/unixbench/UnixBench/results/uarf-2025-06-04-07.log"

#### Pass 1


# COUNT0: 37677688
# COUNT1: 1
# COUNT2: lps
# elapsed: 10.001590
# pid: 1572087
# status: 0

# COUNT0: 37053393
# COUNT1: 1
# COUNT2: lps
# elapsed: 10.001972
# pid: 1572089
# status: 0

#### Pass 2


# COUNT0: 36924514
# COUNT1: 1
# COUNT2: lps
# elapsed: 10.001656
# pid: 1572099
# status: 0

# COUNT0: 37428473
# COUNT1: 1
# COUNT2: lps
# elapsed: 10.001503
# pid: 1572101
# status: 0

#### Pass 3


# COUNT0: 38008825
# COUNT1: 1
# COUNT2: lps
# elapsed: 10.002278
# pid: 1572111
# status: 0

# COUNT0: 37899156
# COUNT1: 1
# COUNT2: lps
# elapsed: 10.001626
# pid: 1572113
# status: 0

#### Pass 4


# COUNT0: 38112859
# COUNT1: 1
# COUNT2: lps
# elapsed: 10.001624
# pid: 1572123
# status: 0

# COUNT0: 38111895
# COUNT1: 1
# COUNT2: lps
# elapsed: 10.001477
# pid: 1572125
# status: 0

#### Pass 5


# COUNT0: 38098109
# COUNT1: 1
# COUNT2: lps
# elapsed: 10.001716
# pid: 1572136
# status: 0

# COUNT0: 38124243
# COUNT1: 1
# COUNT2: lps
# elapsed: 10.001496
# pid: 1572138
# status: 0

#### Pass 6


# COUNT0: 38154983
# COUNT1: 1
# COUNT2: lps
# elapsed: 10.001645
# pid: 1572148
# status: 0

# COUNT0: 38150237
# COUNT1: 1
# COUNT2: lps
# elapsed: 10.001473
# pid: 1572150
# status: 0

#### Pass 7


# COUNT0: 38038121
# COUNT1: 1
# COUNT2: lps
# elapsed: 10.001628
# pid: 1572160
# status: 0

# COUNT0: 38036372
# COUNT1: 1
# COUNT2: lps
# elapsed: 10.001500
# pid: 1572162
# status: 0

#### Pass 8


# COUNT0: 38083530
# COUNT1: 1
# COUNT2: lps
# elapsed: 10.001654
# pid: 1572172
# status: 0

# COUNT0: 38096184
# COUNT1: 1
# COUNT2: lps
# elapsed: 10.001458
# pid: 1572174
# status: 0

#### Pass 9


# COUNT0: 37998538
# COUNT1: 1
# COUNT2: lps
# elapsed: 10.001657
# pid: 1572184
# status: 0

# COUNT0: 37945552
# COUNT1: 1
# COUNT2: lps
# elapsed: 10.001465
# pid: 1572186
# status: 0

#### Pass 10


# COUNT0: 37980286
# COUNT1: 1
# COUNT2: lps
# elapsed: 10.001692
# pid: 1572196
# status: 0

# COUNT0: 38046895
# COUNT1: 1
# COUNT2: lps
# elapsed: 10.001500
# pid: 1572198
# status: 0

*Dump score:   74352987.0
*Dump score:   74731081.0
*Dump score:   75907981.0
Count score:   75944090.0
Count score:   76027181.0
Count score:   76074493.0
Count score:   76179714.0
Count score:   76222352.0
Count score:   76224754.0
Count score:   76305220.0

>>>> Sum of 2 copies
>>>> score: 7612763.93387838
>>>> time: 10.0015703571429
>>>> iterations: 7


########################################################
Shell Scripts (1 concurrent) -- 2 copies
==> "/mnt/host0/unixbench/UnixBench/pgms/looper" 60 "/mnt/host0/unixbench/UnixBench/pgms/multi.sh" 1 2>&1 >> "/mnt/host0/unixbench/UnixBench/results/uarf-2025-06-04-07.log"

#### Pass 1


# COUNT0: 6206
# COUNT1: 60
# COUNT2: lpm
# elapsed: 60.006934
# pid: 1572208
# status: 0

# COUNT0: 6199
# COUNT1: 60
# COUNT2: lpm
# elapsed: 60.008233
# pid: 1572210
# status: 0

#### Pass 2


# COUNT0: 6199
# COUNT1: 60
# COUNT2: lpm
# elapsed: 60.007354
# pid: 1683883
# status: 0

# COUNT0: 6189
# COUNT1: 60
# COUNT2: lpm
# elapsed: 60.004649
# pid: 1683885
# status: 0

#### Pass 3


# COUNT0: 6184
# COUNT1: 60
# COUNT2: lpm
# elapsed: 60.008884
# pid: 1795408
# status: 0

# COUNT0: 6184
# COUNT1: 60
# COUNT2: lpm
# elapsed: 60.010108
# pid: 1795410
# status: 0

*Dump score:      12368.0
Count score:      12388.0
Count score:      12405.0

>>>> Sum of 2 copies
>>>> score: 12395.0938590304
>>>> time: 60.0067925
>>>> iterations: 2


########################################################
Shell Scripts (8 concurrent) -- 2 copies
==> "/mnt/host0/unixbench/UnixBench/pgms/looper" 60 "/mnt/host0/unixbench/UnixBench/pgms/multi.sh" 8 2>&1 >> "/mnt/host0/unixbench/UnixBench/results/uarf-2025-06-04-07.log"

#### Pass 1


# COUNT0: 1018
# COUNT1: 60
# COUNT2: lpm
# elapsed: 60.014867
# pid: 1906750
# status: 0

# COUNT0: 1018
# COUNT1: 60
# COUNT2: lpm
# elapsed: 60.015743
# pid: 1906752
# status: 0

#### Pass 2


# COUNT0: 1018
# COUNT1: 60
# COUNT2: lpm
# elapsed: 60.023952
# pid: 2039236
# status: 0

# COUNT0: 1018
# COUNT1: 60
# COUNT2: lpm
# elapsed: 60.022926
# pid: 2039238
# status: 0

#### Pass 3


# COUNT0: 1018
# COUNT1: 60
# COUNT2: lpm
# elapsed: 60.018362
# pid: 2171718
# status: 0

# COUNT0: 1018
# COUNT1: 60
# COUNT2: lpm
# elapsed: 60.019321
# pid: 2171720
# status: 0

*Dump score:       2036.0
Count score:       2036.0
Count score:       2036.0

>>>> Sum of 2 copies
>>>> score: 2035.2828950062
>>>> time: 60.02114025
>>>> iterations: 2

