
########################################################
Dhrystone 2 using register variables -- 1 copy
==> "/mnt/host0/unixbench/UnixBench/pgms/dhry2reg" 10 2>&1 >> "/mnt/host0/unixbench/UnixBench/results/uarf-2025-06-05-01.log"

#### Pass 1


# COUNT0: 988946802
# COUNT1: 1
# COUNT2: lps
# elapsed: 10.001248
# pid: 405
# status: 0

#### Pass 2


# COUNT0: 971413204
# COUNT1: 1
# COUNT2: lps
# elapsed: 10.001367
# pid: 418
# status: 0

#### Pass 3


# COUNT0: 991605340
# COUNT1: 1
# COUNT2: lps
# elapsed: 10.001336
# pid: 431
# status: 0

#### Pass 4


# COUNT0: 995234231
# COUNT1: 1
# COUNT2: lps
# elapsed: 10.001340
# pid: 440
# status: 0

#### Pass 5


# COUNT0: 990540710
# COUNT1: 1
# COUNT2: lps
# elapsed: 10.001304
# pid: 449
# status: 0

#### Pass 6


# COUNT0: 992195397
# COUNT1: 1
# COUNT2: lps
# elapsed: 10.001329
# pid: 458
# status: 0

#### Pass 7


# COUNT0: 956485130
# COUNT1: 1
# COUNT2: lps
# elapsed: 10.001348
# pid: 467
# status: 0

#### Pass 8


# COUNT0: 985752074
# COUNT1: 1
# COUNT2: lps
# elapsed: 10.001323
# pid: 476
# status: 0

#### Pass 9


# COUNT0: 992444764
# COUNT1: 1
# COUNT2: lps
# elapsed: 10.001413
# pid: 485
# status: 0

#### Pass 10


# COUNT0: 987335765
# COUNT1: 1
# COUNT2: lps
# elapsed: 10.001303
# pid: 494
# status: 0

*Dump score:  956485130.0
*Dump score:  971413204.0
*Dump score:  985752074.0
Count score:  987335765.0
Count score:  988946802.0
Count score:  990540710.0
Count score:  991605340.0
Count score:  992195397.0
Count score:  992444764.0
Count score:  995234231.0

>>>> Results of 1 copy
>>>> score: 99105201.7199216
>>>> time: 10.0013247142857
>>>> iterations: 7


########################################################
Double-Precision Whetstone -- 1 copy
==> "/mnt/host0/unixbench/UnixBench/pgms/whetstone-double"  2>&1 >> "/mnt/host0/unixbench/UnixBench/results/uarf-2025-06-05-01.log"

#### Pass 1

Calibrate
       0.00 Seconds          1   Passes (x 100)
       0.00 Seconds          5   Passes (x 100)
       0.02 Seconds         25   Passes (x 100)
       0.11 Seconds        125   Passes (x 100)
       0.54 Seconds        625   Passes (x 100)

Use 11534  passes (x 100)

          Double Precision C/C++ Whetstone Benchmark

Loop content                  Result              MFLOPS      MOPS   Seconds

N1 floating point     -1.12398255667392033      2729.483              0.081
N2 floating point     -1.12187079889294417      3388.230              0.458
N3 if then else        1.00000000000000000               16203.182    0.074
N4 fixed point        12.00000000000000000                   0.000   -0.000
N5 sin,cos etc.        0.49902937281518261                 300.972    3.188
N6 floating point      0.99999987890802811      1474.841              4.218
N7 assignments         3.00000000000000000                5408.483    0.394
N8 exp,sqrt etc.       0.75100163018453958                 285.572    1.502

MWIPS                                          11632.041              9.916


# COUNT0: 11632.041
# COUNT1: 0
# COUNT2: MWIPS
# TIME: 9.916
# elapsed: 11.375405
# pid: 503
# status: 0

#### Pass 2

Calibrate
       0.00 Seconds          1   Passes (x 100)
       0.00 Seconds          5   Passes (x 100)
       0.02 Seconds         25   Passes (x 100)
       0.11 Seconds        125   Passes (x 100)
       0.54 Seconds        625   Passes (x 100)

Use 11535  passes (x 100)

          Double Precision C/C++ Whetstone Benchmark

Loop content                  Result              MFLOPS      MOPS   Seconds

N1 floating point     -1.12398255667392033      2729.289              0.081
N2 floating point     -1.12187079889294417      3388.806              0.457
N3 if then else        1.00000000000000000               16208.964    0.074
N4 fixed point        12.00000000000000000               120326778073.080    0.000
N5 sin,cos etc.        0.49902937281518261                 301.231    3.186
N6 floating point      0.99999987890802811      1475.467              4.217
N7 assignments         3.00000000000000000                5408.445    0.394
N8 exp,sqrt etc.       0.75100163018453958                 285.620    1.502

MWIPS                                          11637.765              9.912


# COUNT0: 11637.765
# COUNT1: 0
# COUNT2: MWIPS
# TIME: 9.912
# elapsed: 11.371348
# pid: 512
# status: 0

#### Pass 3

Calibrate
       0.00 Seconds          1   Passes (x 100)
       0.00 Seconds          5   Passes (x 100)
       0.02 Seconds         25   Passes (x 100)
       0.11 Seconds        125   Passes (x 100)
       0.54 Seconds        625   Passes (x 100)

Use 11536  passes (x 100)

          Double Precision C/C++ Whetstone Benchmark

Loop content                  Result              MFLOPS      MOPS   Seconds

N1 floating point     -1.12398255667392033      2729.943              0.081
N2 floating point     -1.12187079889294417      3388.543              0.458
N3 if then else        1.00000000000000000               16206.631    0.074
N4 fixed point        12.00000000000000000               147368407441.638    0.000
N5 sin,cos etc.        0.49902937281518261                 301.067    3.188
N6 floating point      0.99999987890802811      1474.678              4.220
N7 assignments         3.00000000000000000                5404.841    0.394
N8 exp,sqrt etc.       0.75100163018453958                 285.518    1.503

MWIPS                                          11632.120              9.917


# COUNT0: 11632.120
# COUNT1: 0
# COUNT2: MWIPS
# TIME: 9.917
# elapsed: 11.376774
# pid: 521
# status: 0

#### Pass 4

Calibrate
       0.00 Seconds          1   Passes (x 100)
       0.00 Seconds          5   Passes (x 100)
       0.02 Seconds         25   Passes (x 100)
       0.11 Seconds        125   Passes (x 100)
       0.54 Seconds        625   Passes (x 100)

Use 11531  passes (x 100)

          Double Precision C/C++ Whetstone Benchmark

Loop content                  Result              MFLOPS      MOPS   Seconds

N1 floating point     -1.12398255667392033      2729.415              0.081
N2 floating point     -1.12187079889294417      3388.608              0.457
N3 if then else        1.00000000000000000               16204.670    0.074
N4 fixed point        12.00000000000000000               1608406181252.083    0.000
N5 sin,cos etc.        0.49902937281518261                 300.897    3.188
N6 floating point      0.99999987890802811      1474.999              4.217
N7 assignments         3.00000000000000000                5408.365    0.394
N8 exp,sqrt etc.       0.75100163018453958                 285.583    1.502

MWIPS                                          11631.769              9.913


# COUNT0: 11631.769
# COUNT1: 0
# COUNT2: MWIPS
# TIME: 9.913
# elapsed: 11.372799
# pid: 530
# status: 0

#### Pass 5

Calibrate
       0.00 Seconds          1   Passes (x 100)
       0.00 Seconds          5   Passes (x 100)
       0.02 Seconds         25   Passes (x 100)
       0.11 Seconds        125   Passes (x 100)
       0.54 Seconds        625   Passes (x 100)

Use 11534  passes (x 100)

          Double Precision C/C++ Whetstone Benchmark

Loop content                  Result              MFLOPS      MOPS   Seconds

N1 floating point     -1.12398255667392033      2729.681              0.081
N2 floating point     -1.12187079889294417      3387.964              0.458
N3 if then else        1.00000000000000000               16204.041    0.074
N4 fixed point        12.00000000000000000               216067202785.394    0.000
N5 sin,cos etc.        0.49902937281518261                 301.058    3.188
N6 floating point      0.99999987890802811      1474.383              4.220
N7 assignments         3.00000000000000000                5406.797    0.394
N8 exp,sqrt etc.       0.75100163018453958                 285.482    1.503

MWIPS                                          11630.852              9.917


# COUNT0: 11630.852
# COUNT1: 0
# COUNT2: MWIPS
# TIME: 9.917
# elapsed: 11.376277
# pid: 539
# status: 0

#### Pass 6

Calibrate
       0.00 Seconds          1   Passes (x 100)
       0.00 Seconds          5   Passes (x 100)
       0.02 Seconds         25   Passes (x 100)
       0.11 Seconds        125   Passes (x 100)
       0.54 Seconds        625   Passes (x 100)

Use 11537  passes (x 100)

          Double Precision C/C++ Whetstone Benchmark

Loop content                  Result              MFLOPS      MOPS   Seconds

N1 floating point     -1.12398255667392033      2729.265              0.081
N2 floating point     -1.12187079889294417      3387.556              0.458
N3 if then else        1.00000000000000000               16212.226    0.074
N4 fixed point        12.00000000000000000                   0.000   -0.000
N5 sin,cos etc.        0.49902937281518261                 301.247    3.186
N6 floating point      0.99999987890802811      1474.680              4.220
N7 assignments         3.00000000000000000                5406.859    0.394
N8 exp,sqrt etc.       0.75100163018453958                 285.568    1.503

MWIPS                                          11634.686              9.916


# COUNT0: 11634.686
# COUNT1: 0
# COUNT2: MWIPS
# TIME: 9.916
# elapsed: 11.375549
# pid: 548
# status: 0

#### Pass 7

Calibrate
       0.00 Seconds          1   Passes (x 100)
       0.00 Seconds          5   Passes (x 100)
       0.02 Seconds         25   Passes (x 100)
       0.11 Seconds        125   Passes (x 100)
       0.54 Seconds        625   Passes (x 100)

Use 11535  passes (x 100)

          Double Precision C/C++ Whetstone Benchmark

Loop content                  Result              MFLOPS      MOPS   Seconds

N1 floating point     -1.12398255667392033      2729.965              0.081
N2 floating point     -1.12187079889294417      3388.198              0.458
N3 if then else        1.00000000000000000               16203.721    0.074
N4 fixed point        12.00000000000000000               35626375505.309    0.000
N5 sin,cos etc.        0.49902937281518261                 301.093    3.187
N6 floating point      0.99999987890802811      1474.689              4.219
N7 assignments         3.00000000000000000                5407.703    0.394
N8 exp,sqrt etc.       0.75100163018453958                 285.555    1.503

MWIPS                                          11632.883              9.916


# COUNT0: 11632.883
# COUNT1: 0
# COUNT2: MWIPS
# TIME: 9.916
# elapsed: 11.375225
# pid: 557
# status: 0

#### Pass 8

Calibrate
       0.00 Seconds          1   Passes (x 100)
       0.00 Seconds          5   Passes (x 100)
       0.02 Seconds         25   Passes (x 100)
       0.11 Seconds        125   Passes (x 100)
       0.54 Seconds        625   Passes (x 100)

Use 11535  passes (x 100)

          Double Precision C/C++ Whetstone Benchmark

Loop content                  Result              MFLOPS      MOPS   Seconds

N1 floating point     -1.12398255667392033      2729.161              0.081
N2 floating point     -1.12187079889294417      3387.496              0.458
N3 if then else        1.00000000000000000               16204.365    0.074
N4 fixed point        12.00000000000000000                   0.000   -0.000
N5 sin,cos etc.        0.49902937281518261                 301.054    3.188
N6 floating point      0.99999987890802811      1474.384              4.220
N7 assignments         3.00000000000000000                5406.798    0.394
N8 exp,sqrt etc.       0.75100163018453958                 280.203    1.531

MWIPS                                          11597.604              9.946


# COUNT0: 11597.604
# COUNT1: 0
# COUNT2: MWIPS
# TIME: 9.946
# elapsed: 11.405554
# pid: 566
# status: 0

#### Pass 9

Calibrate
       0.00 Seconds          1   Passes (x 100)
       0.00 Seconds          5   Passes (x 100)
       0.02 Seconds         25   Passes (x 100)
       0.11 Seconds        125   Passes (x 100)
       0.54 Seconds        625   Passes (x 100)

Use 11533  passes (x 100)

          Double Precision C/C++ Whetstone Benchmark

Loop content                  Result              MFLOPS      MOPS   Seconds

N1 floating point     -1.12398255667392033      2729.291              0.081
N2 floating point     -1.12187079889294417      3386.412              0.458
N3 if then else        1.00000000000000000               16198.915    0.074
N4 fixed point        12.00000000000000000                   0.000   -0.000
N5 sin,cos etc.        0.49902937281518261                 301.000    3.188
N6 floating point      0.99999987890802811      1474.373              4.219
N7 assignments         3.00000000000000000                5406.410    0.394
N8 exp,sqrt etc.       0.75100163018453958                 276.565    1.551

MWIPS                                          11573.224              9.965


# COUNT0: 11573.224
# COUNT1: 0
# COUNT2: MWIPS
# TIME: 9.965
# elapsed: 11.424962
# pid: 575
# status: 0

#### Pass 10

Calibrate
       0.00 Seconds          1   Passes (x 100)
       0.00 Seconds          5   Passes (x 100)
       0.02 Seconds         25   Passes (x 100)
       0.11 Seconds        125   Passes (x 100)
       0.54 Seconds        625   Passes (x 100)

Use 11526  passes (x 100)

          Double Precision C/C++ Whetstone Benchmark

Loop content                  Result              MFLOPS      MOPS   Seconds

N1 floating point     -1.12398255667392033      2728.673              0.081
N2 floating point     -1.12187079889294417      3385.843              0.458
N3 if then else        1.00000000000000000               16206.230    0.074
N4 fixed point        12.00000000000000000                   0.000   -0.000
N5 sin,cos etc.        0.49902937281518261                 300.886    3.187
N6 floating point      0.99999987890802811      1473.728              4.219
N7 assignments         3.00000000000000000                5404.033    0.394
N8 exp,sqrt etc.       0.75100163018453958                 285.368    1.503

MWIPS                                          11625.209              9.915


# COUNT0: 11625.209
# COUNT1: 0
# COUNT2: MWIPS
# TIME: 9.915
# elapsed: 11.374558
# pid: 584
# status: 0

*Dump score:      11573.2
*Dump score:      11597.6
*Dump score:      11625.2
Count score:      11630.9
Count score:      11631.8
Count score:      11632.0
Count score:      11632.1
Count score:      11632.9
Count score:      11634.7
Count score:      11637.8

>>>> Results of 1 copy
>>>> score: 11633.1592247075
>>>> time: 9.91528571428571
>>>> iterations: 7


########################################################
Execl Throughput -- 1 copy
==> "/mnt/host0/unixbench/UnixBench/pgms/execl" 30 2>&1 >> "/mnt/host0/unixbench/UnixBench/results/uarf-2025-06-05-01.log"

#### Pass 1


# COUNT0: 105470
# COUNT1: 1
# COUNT2: lps
# elapsed: 29.172884
# pid: 593
# status: 0

#### Pass 2


# COUNT0: 108164
# COUNT1: 1
# COUNT2: lps
# elapsed: 29.991609
# pid: 603
# status: 0

#### Pass 3


# COUNT0: 107935
# COUNT1: 1
# COUNT2: lps
# elapsed: 29.994118
# pid: 613
# status: 0

*Dump score:     105470.0
Count score:     107935.0
Count score:     108164.0

>>>> Results of 1 copy
>>>> score: 3602.50495677752
>>>> time: 29.9928635
>>>> iterations: 2


########################################################
File Copy 1024 bufsize 2000 maxblocks -- 1 copy
==> "/mnt/host0/unixbench/UnixBench/pgms/fstime" -c -t 30 -d "/mnt/host0/unixbench/UnixBench/tmp" -b 1024 -m 2000 2>&1 >> "/mnt/host0/unixbench/UnixBench/results/uarf-2025-06-05-01.log"

#### Pass 1

Write done: 488000 in 2.0274, score 60174
Read done: 480600 in 2.0000, score 60074
Copy done: 3541072 in 30.0000, score 29508

# COUNT0: 29508
# COUNT1: 0
# COUNT2: KBps
# TIME: 30.0
# elapsed: 45.032859
# pid: 622
# status: 0

#### Pass 2

Write done: 504000 in 2.0129, score 62595
Read done: 473736 in 2.0000, score 59216
Copy done: 3553248 in 30.0000, score 29610

# COUNT0: 29610
# COUNT1: 0
# COUNT2: KBps
# TIME: 30.0
# elapsed: 45.019139
# pid: 631
# status: 0

#### Pass 3

Write done: 488000 in 2.0270, score 60186
Read done: 474604 in 2.0000, score 59324
Copy done: 3559764 in 30.0000, score 29664

# COUNT0: 29664
# COUNT1: 0
# COUNT2: KBps
# TIME: 30.0
# elapsed: 45.033302
# pid: 640
# status: 0

*Dump score:      29508.0
Count score:      29610.0
Count score:      29664.0

>>>> Results of 1 copy
>>>> score: 29636.9877011818
>>>> time: 30
>>>> iterations: 2


########################################################
File Copy 256 bufsize 500 maxblocks -- 1 copy
==> "/mnt/host0/unixbench/UnixBench/pgms/fstime" -c -t 30 -d "/mnt/host0/unixbench/UnixBench/tmp" -b 256 -m 500 2>&1 >> "/mnt/host0/unixbench/UnixBench/results/uarf-2025-06-05-01.log"

#### Pass 1

Write done: 122000 in 2.0104, score 15171
Read done: 118942 in 2.0000, score 14867
Copy done: 886025 in 30.0000, score 7383

# COUNT0: 7383
# COUNT1: 0
# COUNT2: KBps
# TIME: 30.0
# elapsed: 45.016218
# pid: 649
# status: 0

#### Pass 2

Write done: 122000 in 2.0163, score 15126
Read done: 118641 in 2.0000, score 14829
Copy done: 886409 in 30.0000, score 7386

# COUNT0: 7386
# COUNT1: 0
# COUNT2: KBps
# TIME: 30.0
# elapsed: 45.022548
# pid: 658
# status: 0

#### Pass 3

Write done: 126000 in 2.0045, score 15714
Read done: 121963 in 2.0000, score 15245
Copy done: 886920 in 30.0001, score 7390

# COUNT0: 7390
# COUNT1: 0
# COUNT2: KBps
# TIME: 30.0
# elapsed: 45.010030
# pid: 667
# status: 0

*Dump score:       7383.0
Count score:       7386.0
Count score:       7390.0

>>>> Results of 1 copy
>>>> score: 7387.99972929074
>>>> time: 30
>>>> iterations: 2


########################################################
File Copy 4096 bufsize 8000 maxblocks -- 1 copy
==> "/mnt/host0/unixbench/UnixBench/pgms/fstime" -c -t 30 -d "/mnt/host0/unixbench/UnixBench/tmp" -b 4096 -m 8000 2>&1 >> "/mnt/host0/unixbench/UnixBench/results/uarf-2025-06-05-01.log"

#### Pass 1

Write done: 2240000 in 2.0174, score 277581
Read done: 1880688 in 2.0000, score 235082
Copy done: 14020448 in 30.0000, score 116836

# COUNT0: 116836
# COUNT1: 0
# COUNT2: KBps
# TIME: 30.0
# elapsed: 45.024686
# pid: 677
# status: 0

#### Pass 2

Write done: 1920000 in 2.0222, score 237361
Read done: 1852544 in 2.0000, score 231564
Copy done: 14056240 in 30.0000, score 117135

# COUNT0: 117135
# COUNT1: 0
# COUNT2: KBps
# TIME: 30.0
# elapsed: 45.029355
# pid: 686
# status: 0

#### Pass 3

Write done: 1888000 in 2.0215, score 233485
Read done: 1878544 in 2.0000, score 234814
Copy done: 14020048 in 30.0000, score 116833

# COUNT0: 116833
# COUNT1: 0
# COUNT2: KBps
# TIME: 30.0
# elapsed: 45.028609
# pid: 695
# status: 0

*Dump score:     116833.0
Count score:     116836.0
Count score:     117135.0

>>>> Results of 1 copy
>>>> score: 116985.404474233
>>>> time: 30
>>>> iterations: 2


########################################################
Pipe Throughput -- 1 copy
==> "/mnt/host0/unixbench/UnixBench/pgms/pipe" 10 2>&1 >> "/mnt/host0/unixbench/UnixBench/results/uarf-2025-06-05-01.log"

#### Pass 1


# COUNT0: 49308258
# COUNT1: 1
# COUNT2: lps
# elapsed: 10.001398
# pid: 704
# status: 0

#### Pass 2


# COUNT0: 48506782
# COUNT1: 1
# COUNT2: lps
# elapsed: 10.001310
# pid: 713
# status: 0

#### Pass 3


# COUNT0: 46521328
# COUNT1: 1
# COUNT2: lps
# elapsed: 10.001335
# pid: 722
# status: 0

#### Pass 4


# COUNT0: 49256892
# COUNT1: 1
# COUNT2: lps
# elapsed: 10.001320
# pid: 731
# status: 0

#### Pass 5


# COUNT0: 48666384
# COUNT1: 1
# COUNT2: lps
# elapsed: 10.001379
# pid: 740
# status: 0

#### Pass 6


# COUNT0: 48364519
# COUNT1: 1
# COUNT2: lps
# elapsed: 10.001385
# pid: 749
# status: 0

#### Pass 7


# COUNT0: 48772760
# COUNT1: 1
# COUNT2: lps
# elapsed: 10.001370
# pid: 758
# status: 0

#### Pass 8


# COUNT0: 48831338
# COUNT1: 1
# COUNT2: lps
# elapsed: 10.001418
# pid: 770
# status: 0

#### Pass 9


# COUNT0: 48064084
# COUNT1: 1
# COUNT2: lps
# elapsed: 10.001354
# pid: 779
# status: 0

#### Pass 10


# COUNT0: 49298783
# COUNT1: 1
# COUNT2: lps
# elapsed: 10.001334
# pid: 788
# status: 0

*Dump score:   46521328.0
*Dump score:   48064084.0
*Dump score:   48364519.0
Count score:   48506782.0
Count score:   48666384.0
Count score:   48772760.0
Count score:   48831338.0
Count score:   49256892.0
Count score:   49298783.0
Count score:   49308258.0

>>>> Results of 1 copy
>>>> score: 4894110.75257789
>>>> time: 10.0013612857143
>>>> iterations: 7


########################################################
Pipe-based Context Switching -- 1 copy
==> "/mnt/host0/unixbench/UnixBench/pgms/context1" 10 2>&1 >> "/mnt/host0/unixbench/UnixBench/results/uarf-2025-06-05-01.log"

#### Pass 1


# COUNT0: 906591
# COUNT1: 1
# COUNT2: lps
# elapsed: 10.001363
# pid: 797
# status: 0

#### Pass 2


# COUNT0: 906927
# COUNT1: 1
# COUNT2: lps
# elapsed: 10.001297
# pid: 807
# status: 0

#### Pass 3


# COUNT0: 909648
# COUNT1: 1
# COUNT2: lps
# elapsed: 10.001302
# pid: 817
# status: 0

#### Pass 4


# COUNT0: 912943
# COUNT1: 1
# COUNT2: lps
# elapsed: 10.001307
# pid: 827
# status: 0

#### Pass 5


# COUNT0: 906230
# COUNT1: 1
# COUNT2: lps
# elapsed: 10.001355
# pid: 838
# status: 0

#### Pass 6


# COUNT0: 908511
# COUNT1: 1
# COUNT2: lps
# elapsed: 10.001322
# pid: 848
# status: 0

#### Pass 7


# COUNT0: 908326
# COUNT1: 1
# COUNT2: lps
# elapsed: 10.001337
# pid: 858
# status: 0

#### Pass 8


# COUNT0: 907879
# COUNT1: 1
# COUNT2: lps
# elapsed: 10.001296
# pid: 868
# status: 0

#### Pass 9


# COUNT0: 914950
# COUNT1: 1
# COUNT2: lps
# elapsed: 10.001367
# pid: 878
# status: 0

#### Pass 10


# COUNT0: 908519
# COUNT1: 1
# COUNT2: lps
# elapsed: 10.001285
# pid: 888
# status: 0

*Dump score:     906230.0
*Dump score:     906591.0
*Dump score:     906927.0
Count score:     907879.0
Count score:     908326.0
Count score:     908511.0
Count score:     908519.0
Count score:     909648.0
Count score:     912943.0
Count score:     914950.0

>>>> Results of 1 copy
>>>> score: 90998.7532218777
>>>> time: 10.0013165714286
>>>> iterations: 7


########################################################
Process Creation -- 1 copy
==> "/mnt/host0/unixbench/UnixBench/pgms/spawn" 30 2>&1 >> "/mnt/host0/unixbench/UnixBench/results/uarf-2025-06-05-01.log"

#### Pass 1


# COUNT0: 756945
# COUNT1: 1
# COUNT2: lps
# elapsed: 30.001498
# pid: 898
# status: 0

#### Pass 2


# COUNT0: 769945
# COUNT1: 1
# COUNT2: lps
# elapsed: 30.001390
# pid: 757853
# status: 0

#### Pass 3


# COUNT0: 789726
# COUNT1: 1
# COUNT2: lps
# elapsed: 30.001566
# pid: 1527808
# status: 0

*Dump score:     756945.0
Count score:     769945.0
Count score:     789726.0

>>>> Results of 1 copy
>>>> score: 25991.1454312207
>>>> time: 30.001478
>>>> iterations: 2


########################################################
System Call Overhead -- 1 copy
==> "/mnt/host0/unixbench/UnixBench/pgms/syscall" 10 2>&1 >> "/mnt/host0/unixbench/UnixBench/results/uarf-2025-06-05-01.log"

#### Pass 1


# COUNT0: 44922739
# COUNT1: 1
# COUNT2: lps
# elapsed: 10.001340
# pid: 2317544
# status: 0

#### Pass 2


# COUNT0: 44216408
# COUNT1: 1
# COUNT2: lps
# elapsed: 10.001322
# pid: 2317553
# status: 0

#### Pass 3


# COUNT0: 45526752
# COUNT1: 1
# COUNT2: lps
# elapsed: 10.001313
# pid: 2317562
# status: 0

#### Pass 4


# COUNT0: 44895960
# COUNT1: 1
# COUNT2: lps
# elapsed: 10.001407
# pid: 2317572
# status: 0

#### Pass 5


# COUNT0: 44074368
# COUNT1: 1
# COUNT2: lps
# elapsed: 10.001409
# pid: 2317581
# status: 0

#### Pass 6


# COUNT0: 45120899
# COUNT1: 1
# COUNT2: lps
# elapsed: 10.001367
# pid: 2317590
# status: 0

#### Pass 7


# COUNT0: 44778523
# COUNT1: 1
# COUNT2: lps
# elapsed: 10.001291
# pid: 2317599
# status: 0

#### Pass 8


# COUNT0: 46099662
# COUNT1: 1
# COUNT2: lps
# elapsed: 10.001413
# pid: 2317608
# status: 0

#### Pass 9


# COUNT0: 45116903
# COUNT1: 1
# COUNT2: lps
# elapsed: 10.001321
# pid: 2317617
# status: 0

#### Pass 10


# COUNT0: 45031072
# COUNT1: 1
# COUNT2: lps
# elapsed: 10.001338
# pid: 2317626
# status: 0

*Dump score:   44074368.0
*Dump score:   44216408.0
*Dump score:   44778523.0
Count score:   44895960.0
Count score:   44922739.0
Count score:   45031072.0
Count score:   45116903.0
Count score:   45120899.0
Count score:   45526752.0
Count score:   46099662.0

>>>> Results of 1 copy
>>>> score: 4523697.21673569
>>>> time: 10.001357
>>>> iterations: 7


########################################################
Shell Scripts (1 concurrent) -- 1 copy
==> "/mnt/host0/unixbench/UnixBench/pgms/looper" 60 "/mnt/host0/unixbench/UnixBench/pgms/multi.sh" 1 2>&1 >> "/mnt/host0/unixbench/UnixBench/results/uarf-2025-06-05-01.log"

#### Pass 1


# COUNT0: 10031
# COUNT1: 60
# COUNT2: lpm
# elapsed: 60.005896
# pid: 2317635
# status: 0

#### Pass 2


# COUNT0: 9988
# COUNT1: 60
# COUNT2: lpm
# elapsed: 60.001537
# pid: 2407933
# status: 0

#### Pass 3


# COUNT0: 9998
# COUNT1: 60
# COUNT2: lpm
# elapsed: 60.001883
# pid: 2497843
# status: 0

*Dump score:       9988.0
Count score:       9998.0
Count score:      10031.0

>>>> Results of 1 copy
>>>> score: 10013.8372657987
>>>> time: 60.0038895
>>>> iterations: 2


########################################################
Shell Scripts (8 concurrent) -- 1 copy
==> "/mnt/host0/unixbench/UnixBench/pgms/looper" 60 "/mnt/host0/unixbench/UnixBench/pgms/multi.sh" 8 2>&1 >> "/mnt/host0/unixbench/UnixBench/results/uarf-2025-06-05-01.log"

#### Pass 1


# COUNT0: 1959
# COUNT1: 60
# COUNT2: lpm
# elapsed: 60.030444
# pid: 2587843
# status: 0

#### Pass 2


# COUNT0: 1961
# COUNT1: 60
# COUNT2: lpm
# elapsed: 60.012953
# pid: 2715252
# status: 0

#### Pass 3


# COUNT0: 1958
# COUNT1: 60
# COUNT2: lpm
# elapsed: 60.003650
# pid: 2842791
# status: 0

*Dump score:       1958.0
Count score:       1959.0
Count score:       1961.0

>>>> Results of 1 copy
>>>> score: 1959.29120436684
>>>> time: 60.0216985
>>>> iterations: 2


########################################################
Dhrystone 2 using register variables -- 2 copies
==> "/mnt/host0/unixbench/UnixBench/pgms/dhry2reg" 10 2>&1 >> "/mnt/host0/unixbench/UnixBench/results/uarf-2025-06-05-01.log"

#### Pass 1


# COUNT0: 703859874
# COUNT1: 1
# COUNT2: lps
# elapsed: 10.001795
# pid: 2970136
# status: 0

# COUNT0: 704213967
# COUNT1: 1
# COUNT2: lps
# elapsed: 10.002245
# pid: 2970138
# status: 0

#### Pass 2


# COUNT0: 715913796
# COUNT1: 1
# COUNT2: lps
# elapsed: 10.001790
# pid: 2970148
# status: 0

# COUNT0: 715993043
# COUNT1: 1
# COUNT2: lps
# elapsed: 10.001459
# pid: 2970150
# status: 0

#### Pass 3


# COUNT0: 716420110
# COUNT1: 1
# COUNT2: lps
# elapsed: 10.001868
# pid: 2970160
# status: 0

# COUNT0: 716684744
# COUNT1: 1
# COUNT2: lps
# elapsed: 10.001710
# pid: 2970162
# status: 0

#### Pass 4


# COUNT0: 702687952
# COUNT1: 1
# COUNT2: lps
# elapsed: 10.001774
# pid: 2970172
# status: 0

# COUNT0: 703308565
# COUNT1: 1
# COUNT2: lps
# elapsed: 10.001567
# pid: 2970174
# status: 0

#### Pass 5


# COUNT0: 708770416
# COUNT1: 1
# COUNT2: lps
# elapsed: 10.002355
# pid: 2970184
# status: 0

# COUNT0: 709018922
# COUNT1: 1
# COUNT2: lps
# elapsed: 10.001572
# pid: 2970186
# status: 0

#### Pass 6


# COUNT0: 703397716
# COUNT1: 1
# COUNT2: lps
# elapsed: 10.001708
# pid: 2970196
# status: 0

# COUNT0: 703996900
# COUNT1: 1
# COUNT2: lps
# elapsed: 10.001707
# pid: 2970198
# status: 0

#### Pass 7


# COUNT0: 717792208
# COUNT1: 1
# COUNT2: lps
# elapsed: 10.001715
# pid: 2970208
# status: 0

# COUNT0: 717404136
# COUNT1: 1
# COUNT2: lps
# elapsed: 10.001527
# pid: 2970210
# status: 0

#### Pass 8


# COUNT0: 714705467
# COUNT1: 1
# COUNT2: lps
# elapsed: 10.001703
# pid: 2970220
# status: 0

# COUNT0: 715362728
# COUNT1: 1
# COUNT2: lps
# elapsed: 10.001477
# pid: 2970222
# status: 0

#### Pass 9


# COUNT0: 711715795
# COUNT1: 1
# COUNT2: lps
# elapsed: 10.001632
# pid: 2970232
# status: 0

# COUNT0: 711788507
# COUNT1: 1
# COUNT2: lps
# elapsed: 10.001512
# pid: 2970234
# status: 0

#### Pass 10


# COUNT0: 719207239
# COUNT1: 1
# COUNT2: lps
# elapsed: 10.001646
# pid: 2970244
# status: 0

# COUNT0: 718975636
# COUNT1: 1
# COUNT2: lps
# elapsed: 10.002134
# pid: 2970246
# status: 0

*Dump score: 1405996517.0
*Dump score: 1407394616.0
*Dump score: 1408073841.0
Count score: 1417789338.0
Count score: 1423504302.0
Count score: 1430068195.0
Count score: 1431906839.0
Count score: 1433104854.0
Count score: 1435196344.0
Count score: 1438182875.0

>>>> Sum of 2 copies
>>>> score: 142970362.174258
>>>> time: 10.0017214285714
>>>> iterations: 7


########################################################
Double-Precision Whetstone -- 2 copies
==> "/mnt/host0/unixbench/UnixBench/pgms/whetstone-double"  2>&1 >> "/mnt/host0/unixbench/UnixBench/results/uarf-2025-06-05-01.log"

#### Pass 1

Calibrate
       0.00 Seconds          1   Passes (x 100)
       0.00 Seconds          5   Passes (x 100)
       0.02 Seconds         25   Passes (x 100)
       0.12 Seconds        125   Passes (x 100)
       0.57 Seconds        625   Passes (x 100)

Use 10878  passes (x 100)

          Double Precision C/C++ Whetstone Benchmark

Loop content                  Result              MFLOPS      MOPS   Seconds

N1 floating point     -1.12398255667392033      2646.410              0.079
N2 floating point     -1.12187079889294417      3338.098              0.438
N3 if then else        1.00000000000000000               12934.367    0.087
N4 fixed point        12.00000000000000000               103676680463.203    0.000
N5 sin,cos etc.        0.49902937281518261                 260.001    3.481
N6 floating point      0.99999987890802811      1464.049              4.008
N7 assignments         3.00000000000000000                5791.587    0.347
N8 exp,sqrt etc.       0.75100163018453958                 266.586    1.518

MWIPS                                          10924.197              9.958

Calibrate
       0.00 Seconds          1   Passes (x 100)
       0.00 Seconds          5   Passes (x 100)
       0.02 Seconds         25   Passes (x 100)
       0.12 Seconds        125   Passes (x 100)
       0.57 Seconds        625   Passes (x 100)

Use 10891  passes (x 100)

          Double Precision C/C++ Whetstone Benchmark

Loop content                  Result              MFLOPS      MOPS   Seconds

N1 floating point     -1.12398255667392033      2646.541              0.079
N2 floating point     -1.12187079889294417      3338.185              0.438
N3 if then else        1.00000000000000000               12936.894    0.087
N4 fixed point        12.00000000000000000               86807744593.825    0.000
N5 sin,cos etc.        0.49902937281518261                 259.730    3.489
N6 floating point      0.99999987890802811      1464.321              4.012
N7 assignments         3.00000000000000000                5740.052    0.351
N8 exp,sqrt etc.       0.75100163018453958                 266.712    1.519

MWIPS                                          10918.443              9.975


# COUNT0: 10918.443
# COUNT1: 0
# COUNT2: MWIPS
# TIME: 9.975
# elapsed: 11.456703
# pid: 2970256
# status: 0

# COUNT0: 10924.197
# COUNT1: 0
# COUNT2: MWIPS
# TIME: 9.958
# elapsed: 11.439703
# pid: 2970258
# status: 0

#### Pass 2

Calibrate
       0.00 Seconds          1   Passes (x 100)
       0.00 Seconds          5   Passes (x 100)
       0.02 Seconds         25   Passes (x 100)
       0.12 Seconds        125   Passes (x 100)
       0.58 Seconds        625   Passes (x 100)

Use 10859  passes (x 100)

          Double Precision C/C++ Whetstone Benchmark

Loop content                  Result              MFLOPS      MOPS   Seconds

N1 floating point     -1.12398255667392033      2642.394              0.079
N2 floating point     -1.12187079889294417      3336.647              0.437
N3 if then else        1.00000000000000000               12939.433    0.087
N4 fixed point        12.00000000000000000                   0.000   -0.000
N5 sin,cos etc.        0.49902937281518261                 259.820    3.477
N6 floating point      0.99999987890802811      1463.864              4.001
N7 assignments         3.00000000000000000                5691.773    0.353
N8 exp,sqrt etc.       0.75100163018453958                 266.554    1.515

MWIPS                                          10913.802              9.950

Calibrate
       0.00 Seconds          1   Passes (x 100)
       0.00 Seconds          5   Passes (x 100)
       0.02 Seconds         25   Passes (x 100)
       0.12 Seconds        125   Passes (x 100)
       0.57 Seconds        625   Passes (x 100)

Use 10874  passes (x 100)

          Double Precision C/C++ Whetstone Benchmark

Loop content                  Result              MFLOPS      MOPS   Seconds

N1 floating point     -1.12398255667392033      2642.504              0.079
N2 floating point     -1.12187079889294417      3336.740              0.438
N3 if then else        1.00000000000000000               12940.622    0.087
N4 fixed point        12.00000000000000000                   0.000   -0.000
N5 sin,cos etc.        0.49902937281518261                 259.783    3.483
N6 floating point      0.99999987890802811      1463.602              4.008
N7 assignments         3.00000000000000000                5891.330    0.341
N8 exp,sqrt etc.       0.75100163018453958                 266.560    1.518

MWIPS                                          10925.658              9.953


# COUNT0: 10913.802
# COUNT1: 0
# COUNT2: MWIPS
# TIME: 9.950
# elapsed: 11.433107
# pid: 2970268
# status: 0

# COUNT0: 10925.658
# COUNT1: 0
# COUNT2: MWIPS
# TIME: 9.953
# elapsed: 11.435757
# pid: 2970270
# status: 0

#### Pass 3

Calibrate
       0.00 Seconds          1   Passes (x 100)
       0.00 Seconds          5   Passes (x 100)
       0.02 Seconds         25   Passes (x 100)
       0.12 Seconds        125   Passes (x 100)
       0.57 Seconds        625   Passes (x 100)

Use 10871  passes (x 100)

          Double Precision C/C++ Whetstone Benchmark

Loop content                  Result              MFLOPS      MOPS   Seconds

N1 floating point     -1.12398255667392033      2638.996              0.079
N2 floating point     -1.12187079889294417      3334.282              0.438
N3 if then else        1.00000000000000000               12933.798    0.087
N4 fixed point        12.00000000000000000               38186011261.930    0.000
N5 sin,cos etc.        0.49902937281518261                 259.179    3.490
N6 floating point      0.99999987890802811      1464.142              4.005
N7 assignments         3.00000000000000000                5892.798    0.341
N8 exp,sqrt etc.       0.75100163018453958                 266.487    1.518

MWIPS                                          10917.492              9.957

Calibrate
       0.00 Seconds          1   Passes (x 100)
       0.00 Seconds          5   Passes (x 100)
       0.02 Seconds         25   Passes (x 100)
       0.12 Seconds        125   Passes (x 100)
       0.57 Seconds        625   Passes (x 100)

Use 10874  passes (x 100)

          Double Precision C/C++ Whetstone Benchmark

Loop content                  Result              MFLOPS      MOPS   Seconds

N1 floating point     -1.12398255667392033      2638.930              0.079
N2 floating point     -1.12187079889294417      3334.083              0.438
N3 if then else        1.00000000000000000               12934.083    0.087
N4 fixed point        12.00000000000000000                   0.000   -0.000
N5 sin,cos etc.        0.49902937281518261                 260.036    3.479
N6 floating point      0.99999987890802811      1464.068              4.006
N7 assignments         3.00000000000000000                5700.882    0.352
N8 exp,sqrt etc.       0.75100163018453958                 266.399    1.518

MWIPS                                          10916.718              9.961


# COUNT0: 10917.492
# COUNT1: 0
# COUNT2: MWIPS
# TIME: 9.957
# elapsed: 11.441740
# pid: 2970280
# status: 0

# COUNT0: 10916.718
# COUNT1: 0
# COUNT2: MWIPS
# TIME: 9.961
# elapsed: 11.444827
# pid: 2970282
# status: 0

#### Pass 4

Calibrate
       0.00 Seconds          1   Passes (x 100)
       0.00 Seconds          5   Passes (x 100)
       0.02 Seconds         25   Passes (x 100)
       0.12 Seconds        125   Passes (x 100)
       0.57 Seconds        625   Passes (x 100)

Use 10872  passes (x 100)

          Double Precision C/C++ Whetstone Benchmark

Loop content                  Result              MFLOPS      MOPS   Seconds

N1 floating point     -1.12398255667392033      2635.324              0.079
N2 floating point     -1.12187079889294417      3332.095              0.439
N3 if then else        1.00000000000000000               12946.416    0.087
N4 fixed point        12.00000000000000000               67541325377.788    0.000
N5 sin,cos etc.        0.49902937281518261                 259.856    3.481
N6 floating point      0.99999987890802811      1463.507              4.007
N7 assignments         3.00000000000000000                5613.817    0.358
N8 exp,sqrt etc.       0.75100163018453958                 266.420    1.518

MWIPS                                          10906.225              9.969

Calibrate
       0.00 Seconds          1   Passes (x 100)
       0.00 Seconds          5   Passes (x 100)
       0.02 Seconds         25   Passes (x 100)
       0.12 Seconds        125   Passes (x 100)
       0.57 Seconds        625   Passes (x 100)

Use 10896  passes (x 100)

          Double Precision C/C++ Whetstone Benchmark

Loop content                  Result              MFLOPS      MOPS   Seconds

N1 floating point     -1.12398255667392033      2635.293              0.079
N2 floating point     -1.12187079889294417      3332.345              0.439
N3 if then else        1.00000000000000000               12953.699    0.087
N4 fixed point        12.00000000000000000                   0.000   -0.000
N5 sin,cos etc.        0.49902937281518261                 259.265    3.497
N6 floating point      0.99999987890802811      1463.550              4.016
N7 assignments         3.00000000000000000                5826.284    0.346
N8 exp,sqrt etc.       0.75100163018453958                 266.575    1.521

MWIPS                                          10913.014              9.984


# COUNT0: 10913.014
# COUNT1: 0
# COUNT2: MWIPS
# TIME: 9.984
# elapsed: 11.469849
# pid: 2970292
# status: 0

# COUNT0: 10906.225
# COUNT1: 0
# COUNT2: MWIPS
# TIME: 9.969
# elapsed: 11.453429
# pid: 2970294
# status: 0

#### Pass 5

Calibrate
       0.00 Seconds          1   Passes (x 100)
       0.00 Seconds          5   Passes (x 100)
       0.02 Seconds         25   Passes (x 100)
       0.12 Seconds        125   Passes (x 100)
       0.57 Seconds        625   Passes (x 100)

Use 10870  passes (x 100)

          Double Precision C/C++ Whetstone Benchmark

Loop content                  Result              MFLOPS      MOPS   Seconds

N1 floating point     -1.12398255667392033      2632.267              0.079
N2 floating point     -1.12187079889294417      3329.309              0.439
N3 if then else        1.00000000000000000               12908.564    0.087
N4 fixed point        12.00000000000000000               43311819250.669    0.000
N5 sin,cos etc.        0.49902937281518261                 259.863    3.480
N6 floating point      0.99999987890802811      1463.563              4.006
N7 assignments         3.00000000000000000                5734.674    0.350
N8 exp,sqrt etc.       0.75100163018453958                 266.475    1.517

MWIPS                                          10914.319              9.959

Calibrate
       0.00 Seconds          1   Passes (x 100)
       0.00 Seconds          5   Passes (x 100)
       0.02 Seconds         25   Passes (x 100)
       0.12 Seconds        125   Passes (x 100)
       0.57 Seconds        625   Passes (x 100)

Use 10882  passes (x 100)

          Double Precision C/C++ Whetstone Benchmark

Loop content                  Result              MFLOPS      MOPS   Seconds

N1 floating point     -1.12398255667392033      2632.393              0.079
N2 floating point     -1.12187079889294417      3329.685              0.439
N3 if then else        1.00000000000000000               12905.173    0.087
N4 fixed point        12.00000000000000000                   0.000   -0.000
N5 sin,cos etc.        0.49902937281518261                 259.607    3.488
N6 floating point      0.99999987890802811      1463.473              4.011
N7 assignments         3.00000000000000000                5812.693    0.346
N8 exp,sqrt etc.       0.75100163018453958                 266.533    1.519

MWIPS                                          10915.839              9.969


# COUNT0: 10915.839
# COUNT1: 0
# COUNT2: MWIPS
# TIME: 9.969
# elapsed: 11.455372
# pid: 2970304
# status: 0

# COUNT0: 10914.319
# COUNT1: 0
# COUNT2: MWIPS
# TIME: 9.959
# elapsed: 11.445148
# pid: 2970306
# status: 0

#### Pass 6

Calibrate
       0.00 Seconds          1   Passes (x 100)
       0.00 Seconds          5   Passes (x 100)
       0.02 Seconds         25   Passes (x 100)
       0.12 Seconds        125   Passes (x 100)
       0.57 Seconds        625   Passes (x 100)

Use 10877  passes (x 100)

          Double Precision C/C++ Whetstone Benchmark

Loop content                  Result              MFLOPS      MOPS   Seconds

N1 floating point     -1.12398255667392033      2629.014              0.079
N2 floating point     -1.12187079889294417      3328.883              0.439
N3 if then else        1.00000000000000000               12941.971    0.087
N4 fixed point        12.00000000000000000                   0.000   -0.000
N5 sin,cos etc.        0.49902937281518261                 260.180    3.478
N6 floating point      0.99999987890802811      1463.564              4.009
N7 assignments         3.00000000000000000                5671.002    0.354
N8 exp,sqrt etc.       0.75100163018453958                 266.490    1.518

MWIPS                                          10914.830              9.965

Calibrate
       0.00 Seconds          1   Passes (x 100)
       0.00 Seconds          5   Passes (x 100)
       0.02 Seconds         25   Passes (x 100)
       0.12 Seconds        125   Passes (x 100)
       0.57 Seconds        625   Passes (x 100)

Use 10886  passes (x 100)

          Double Precision C/C++ Whetstone Benchmark

Loop content                  Result              MFLOPS      MOPS   Seconds

N1 floating point     -1.12398255667392033      2629.194              0.079
N2 floating point     -1.12187079889294417      3328.560              0.440
N3 if then else        1.00000000000000000               12944.798    0.087
N4 fixed point        12.00000000000000000               35451781879.865    0.000
N5 sin,cos etc.        0.49902937281518261                 259.309    3.493
N6 floating point      0.99999987890802811      1463.365              4.013
N7 assignments         3.00000000000000000                5849.524    0.344
N8 exp,sqrt etc.       0.75100163018453958                 266.548    1.519

MWIPS                                          10913.630              9.975


# COUNT0: 10914.830
# COUNT1: 0
# COUNT2: MWIPS
# TIME: 9.965
# elapsed: 11.452232
# pid: 2970316
# status: 0

# COUNT0: 10913.630
# COUNT1: 0
# COUNT2: MWIPS
# TIME: 9.975
# elapsed: 11.461551
# pid: 2970318
# status: 0

#### Pass 7

Calibrate
       0.00 Seconds          1   Passes (x 100)
       0.00 Seconds          5   Passes (x 100)
       0.02 Seconds         25   Passes (x 100)
       0.12 Seconds        125   Passes (x 100)
       0.58 Seconds        625   Passes (x 100)

Use 10808  passes (x 100)

          Double Precision C/C++ Whetstone Benchmark

Loop content                  Result              MFLOPS      MOPS   Seconds

N1 floating point     -1.12398255667392033      2623.620              0.079
N2 floating point     -1.12187079889294417      3327.985              0.436
N3 if then else        1.00000000000000000               12961.044    0.086
N4 fixed point        12.00000000000000000                   0.000   -0.000
N5 sin,cos etc.        0.49902937281518261                 258.785    3.475
N6 floating point      0.99999987890802811      1462.854              3.985
N7 assignments         3.00000000000000000                5454.561    0.366
N8 exp,sqrt etc.       0.75100163018453958                 266.446    1.509

MWIPS                                          10876.452              9.937

Calibrate
       0.00 Seconds          1   Passes (x 100)
       0.00 Seconds          5   Passes (x 100)
       0.02 Seconds         25   Passes (x 100)
       0.12 Seconds        125   Passes (x 100)
       0.57 Seconds        625   Passes (x 100)

Use 10877  passes (x 100)

          Double Precision C/C++ Whetstone Benchmark

Loop content                  Result              MFLOPS      MOPS   Seconds

N1 floating point     -1.12398255667392033      2623.918              0.080
N2 floating point     -1.12187079889294417      3329.375              0.439
N3 if then else        1.00000000000000000               12995.461    0.087
N4 fixed point        12.00000000000000000               37132967487.991    0.000
N5 sin,cos etc.        0.49902937281518261                 258.794    3.497
N6 floating point      0.99999987890802811      1462.709              4.011
N7 assignments         3.00000000000000000                5761.326    0.349
N8 exp,sqrt etc.       0.75100163018453958                 266.900    1.516

MWIPS                                          10900.813              9.978


# COUNT0: 10900.813
# COUNT1: 0
# COUNT2: MWIPS
# TIME: 9.978
# elapsed: 11.466563
# pid: 2970328
# status: 0

# COUNT0: 10876.452
# COUNT1: 0
# COUNT2: MWIPS
# TIME: 9.937
# elapsed: 11.424964
# pid: 2970330
# status: 0

#### Pass 8

Calibrate
       0.00 Seconds          1   Passes (x 100)
       0.00 Seconds          5   Passes (x 100)
       0.02 Seconds         25   Passes (x 100)
       0.12 Seconds        125   Passes (x 100)
       0.57 Seconds        625   Passes (x 100)

Use 10885  passes (x 100)

          Double Precision C/C++ Whetstone Benchmark

Loop content                  Result              MFLOPS      MOPS   Seconds

N1 floating point     -1.12398255667392033      2621.546              0.080
N2 floating point     -1.12187079889294417      3325.576              0.440
N3 if then else        1.00000000000000000               12930.510    0.087
N4 fixed point        12.00000000000000000                   0.000   -0.000
N5 sin,cos etc.        0.49902937281518261                 259.721    3.487
N6 floating point      0.99999987890802811      1463.045              4.013
N7 assignments         3.00000000000000000                5870.820    0.343
N8 exp,sqrt etc.       0.75100163018453958                 266.468    1.520

MWIPS                                          10918.806              9.969

Calibrate
       0.00 Seconds          1   Passes (x 100)
       0.00 Seconds          5   Passes (x 100)
       0.02 Seconds         25   Passes (x 100)
       0.12 Seconds        125   Passes (x 100)
       0.57 Seconds        625   Passes (x 100)

Use 10879  passes (x 100)

          Double Precision C/C++ Whetstone Benchmark

Loop content                  Result              MFLOPS      MOPS   Seconds

N1 floating point     -1.12398255667392033      2621.311              0.080
N2 floating point     -1.12187079889294417      3325.028              0.440
N3 if then else        1.00000000000000000               12929.332    0.087
N4 fixed point        12.00000000000000000                   0.000   -0.000
N5 sin,cos etc.        0.49902937281518261                 259.906    3.483
N6 floating point      0.99999987890802811      1462.542              4.012
N7 assignments         3.00000000000000000                5757.006    0.349
N8 exp,sqrt etc.       0.75100163018453958                 266.443    1.519

MWIPS                                          10912.346              9.969


# COUNT0: 10918.806
# COUNT1: 0
# COUNT2: MWIPS
# TIME: 9.969
# elapsed: 11.458302
# pid: 2970340
# status: 0

# COUNT0: 10912.346
# COUNT1: 0
# COUNT2: MWIPS
# TIME: 9.969
# elapsed: 11.458878
# pid: 2970342
# status: 0

#### Pass 9

Calibrate
       0.00 Seconds          1   Passes (x 100)
       0.00 Seconds          5   Passes (x 100)
       0.02 Seconds         25   Passes (x 100)
       0.12 Seconds        125   Passes (x 100)
       0.58 Seconds        625   Passes (x 100)

Use 10852  passes (x 100)

          Double Precision C/C++ Whetstone Benchmark

Loop content                  Result              MFLOPS      MOPS   Seconds

N1 floating point     -1.12398255667392033      2616.776              0.080
N2 floating point     -1.12187079889294417      3325.638              0.439
N3 if then else        1.00000000000000000               12950.783    0.087
N4 fixed point        12.00000000000000000                   0.000   -0.000
N5 sin,cos etc.        0.49902937281518261                 259.957    3.473
N6 floating point      0.99999987890802811      1462.295              4.003
N7 assignments         3.00000000000000000                5667.498    0.354
N8 exp,sqrt etc.       0.75100163018453958                 266.513    1.515

MWIPS                                          10906.856              9.950

Calibrate
       0.00 Seconds          1   Passes (x 100)
       0.00 Seconds          5   Passes (x 100)
       0.02 Seconds         25   Passes (x 100)
       0.12 Seconds        125   Passes (x 100)
       0.57 Seconds        625   Passes (x 100)

Use 10886  passes (x 100)

          Double Precision C/C++ Whetstone Benchmark

Loop content                  Result              MFLOPS      MOPS   Seconds

N1 floating point     -1.12398255667392033      2617.037              0.080
N2 floating point     -1.12187079889294417      3325.752              0.440
N3 if then else        1.00000000000000000               12955.644    0.087
N4 fixed point        12.00000000000000000                   0.000   -0.000
N5 sin,cos etc.        0.49902937281518261                 259.054    3.496
N6 floating point      0.99999987890802811      1462.249              4.016
N7 assignments         3.00000000000000000                5681.800    0.354
N8 exp,sqrt etc.       0.75100163018453958                 266.874    1.517

MWIPS                                          10896.739              9.990


# COUNT0: 10896.739
# COUNT1: 0
# COUNT2: MWIPS
# TIME: 9.990
# elapsed: 11.480321
# pid: 2970352
# status: 0

# COUNT0: 10906.856
# COUNT1: 0
# COUNT2: MWIPS
# TIME: 9.950
# elapsed: 11.439527
# pid: 2970354
# status: 0

#### Pass 10

Calibrate
       0.00 Seconds          1   Passes (x 100)
       0.00 Seconds          5   Passes (x 100)
       0.02 Seconds         25   Passes (x 100)
       0.12 Seconds        125   Passes (x 100)
       0.57 Seconds        625   Passes (x 100)

Use 10872  passes (x 100)

          Double Precision C/C++ Whetstone Benchmark

Loop content                  Result              MFLOPS      MOPS   Seconds

N1 floating point     -1.12398255667392033      2631.224              0.079
N2 floating point     -1.12187079889294417      3335.570              0.438
N3 if then else        1.00000000000000000               12968.062    0.087
N4 fixed point        12.00000000000000000                   0.000   -0.000
N5 sin,cos etc.        0.49902937281518261                 259.881    3.481
N6 floating point      0.99999987890802811      1464.408              4.005
N7 assignments         3.00000000000000000                5689.147    0.353
N8 exp,sqrt etc.       0.75100163018453958                 266.483    1.518

MWIPS                                          10915.403              9.960

Calibrate
       0.00 Seconds          1   Passes (x 100)
       0.00 Seconds          5   Passes (x 100)
       0.02 Seconds         25   Passes (x 100)
       0.12 Seconds        125   Passes (x 100)
       0.57 Seconds        625   Passes (x 100)

Use 10896  passes (x 100)

          Double Precision C/C++ Whetstone Benchmark

Loop content                  Result              MFLOPS      MOPS   Seconds

N1 floating point     -1.12398255667392033      2630.993              0.080
N2 floating point     -1.12187079889294417      3335.906              0.439
N3 if then else        1.00000000000000000               12971.294    0.087
N4 fixed point        12.00000000000000000               34531054501.590    0.000
N5 sin,cos etc.        0.49902937281518261                 259.036    3.500
N6 floating point      0.99999987890802811      1465.439              4.011
N7 assignments         3.00000000000000000                5760.296    0.350
N8 exp,sqrt etc.       0.75100163018453958                 266.693    1.520

MWIPS                                          10912.204              9.985


# COUNT0: 10915.403
# COUNT1: 0
# COUNT2: MWIPS
# TIME: 9.960
# elapsed: 11.446763
# pid: 2970364
# status: 0

# COUNT0: 10912.204
# COUNT1: 0
# COUNT2: MWIPS
# TIME: 9.985
# elapsed: 11.471979
# pid: 2970366
# status: 0

*Dump score:      21777.3
*Dump score:      21803.6
*Dump score:      21819.2
Count score:      21827.6
Count score:      21828.5
Count score:      21830.2
Count score:      21831.2
Count score:      21834.2
Count score:      21839.5
Count score:      21842.6

>>>> Sum of 2 copies
>>>> score: 21833.3832150664
>>>> time: 9.96464285714285
>>>> iterations: 7


########################################################
Execl Throughput -- 2 copies
==> "/mnt/host0/unixbench/UnixBench/pgms/execl" 30 2>&1 >> "/mnt/host0/unixbench/UnixBench/results/uarf-2025-06-05-01.log"

#### Pass 1


# COUNT0: 73626
# COUNT1: 1
# COUNT2: lps
# elapsed: 29.549274
# pid: 2970376
# status: 0

# COUNT0: 73520
# COUNT1: 1
# COUNT2: lps
# elapsed: 29.548872
# pid: 2970378
# status: 0

#### Pass 2


# COUNT0: 74669
# COUNT1: 1
# COUNT2: lps
# elapsed: 29.992233
# pid: 2970389
# status: 0

# COUNT0: 74966
# COUNT1: 1
# COUNT2: lps
# elapsed: 29.992060
# pid: 2970391
# status: 0

#### Pass 3


# COUNT0: 74560
# COUNT1: 1
# COUNT2: lps
# elapsed: 29.991382
# pid: 2970401
# status: 0

# COUNT0: 74632
# COUNT1: 1
# COUNT2: lps
# elapsed: 29.991562
# pid: 2970403
# status: 0

*Dump score:     147146.0
Count score:     149192.0
Count score:     149635.0

>>>> Sum of 2 copies
>>>> score: 4981.80468477633
>>>> time: 29.99180925
>>>> iterations: 2


########################################################
File Copy 1024 bufsize 2000 maxblocks -- 2 copies
==> "/mnt/host0/unixbench/UnixBench/pgms/fstime" -c -t 30 -d "/mnt/host0/unixbench/UnixBench/tmp" -b 1024 -m 2000 2>&1 >> "/mnt/host0/unixbench/UnixBench/results/uarf-2025-06-05-01.log"

#### Pass 1

Write done: 440000 in 2.0230, score 54375
Read done: 438732 in 2.0000, score 54840
Copy done: 2791388 in 30.0000, score 23261
Write done: 440000 in 2.0279, score 54242
Read done: 437620 in 2.0000, score 54702
Copy done: 2786944 in 30.0000, score 23224

# COUNT0: 23224
# COUNT1: 0
# COUNT2: KBps
# TIME: 30.0
# elapsed: 45.033792
# pid: 2970413
# status: 0

# COUNT0: 23261
# COUNT1: 0
# COUNT2: KBps
# TIME: 30.0
# elapsed: 45.029913
# pid: 2970415
# status: 0

#### Pass 2

Write done: 376000 in 2.0122, score 46714
Read done: 444604 in 2.0000, score 55574
Copy done: 2608648 in 30.0000, score 21738
Write done: 376000 in 2.0192, score 46553
Read done: 446028 in 2.0000, score 55752
Copy done: 2634760 in 30.0000, score 21956

# COUNT0: 21738
# COUNT1: 0
# COUNT2: KBps
# TIME: 30.0
# elapsed: 45.019290
# pid: 2970425
# status: 0

# COUNT0: 21956
# COUNT1: 0
# COUNT2: KBps
# TIME: 30.0
# elapsed: 45.025204
# pid: 2970427
# status: 0

#### Pass 3

Write done: 320000 in 2.0178, score 39646
Read done: 430328 in 2.0000, score 53790
Copy done: 2611588 in 30.0000, score 21763
Write done: 320000 in 2.0206, score 39592
Read done: 430288 in 2.0000, score 53785
Copy done: 2611724 in 30.0002, score 21764

# COUNT0: 21763
# COUNT1: 0
# COUNT2: KBps
# TIME: 30.0
# elapsed: 45.025223
# pid: 2970437
# status: 0

# COUNT0: 21764
# COUNT1: 0
# COUNT2: KBps
# TIME: 30.0
# elapsed: 45.026843
# pid: 2970439
# status: 0

*Dump score:      43527.0
Count score:      43694.0
Count score:      46485.0

>>>> Sum of 2 copies
>>>> score: 45067.8997735639
>>>> time: 30
>>>> iterations: 2


########################################################
File Copy 256 bufsize 500 maxblocks -- 2 copies
==> "/mnt/host0/unixbench/UnixBench/pgms/fstime" -c -t 30 -d "/mnt/host0/unixbench/UnixBench/tmp" -b 256 -m 500 2>&1 >> "/mnt/host0/unixbench/UnixBench/results/uarf-2025-06-05-01.log"

#### Pass 1

Write done: 80000 in 2.0309, score 9847
Read done: 99786 in 2.0000, score 12473
Copy done: 680950 in 30.0000, score 5674
Write done: 80000 in 2.0311, score 9846
Read done: 100342 in 2.0000, score 12542
Copy done: 680590 in 30.0000, score 5671

# COUNT0: 5671
# COUNT1: 0
# COUNT2: KBps
# TIME: 30.0
# elapsed: 45.037994
# pid: 2970449
# status: 0

# COUNT0: 5674
# COUNT1: 0
# COUNT2: KBps
# TIME: 30.0
# elapsed: 45.038448
# pid: 2970451
# status: 0

#### Pass 2

Write done: 86000 in 2.0161, score 10664
Read done: 105065 in 2.0000, score 13132
Copy done: 684958 in 30.0000, score 5707
Write done: 86000 in 2.0253, score 10615
Read done: 105725 in 2.0000, score 13215
Copy done: 684658 in 30.0000, score 5705

# COUNT0: 5705
# COUNT1: 0
# COUNT2: KBps
# TIME: 30.0
# elapsed: 45.031321
# pid: 2970461
# status: 0

# COUNT0: 5707
# COUNT1: 0
# COUNT2: KBps
# TIME: 30.0
# elapsed: 45.022416
# pid: 2970463
# status: 0

#### Pass 3

Write done: 92000 in 2.0104, score 11440
Read done: 105540 in 2.0000, score 13192
Copy done: 709505 in 30.0000, score 5912
Write done: 90000 in 2.0263, score 11103
Read done: 105672 in 2.0000, score 13208
Copy done: 709309 in 30.0001, score 5910

# COUNT0: 5910
# COUNT1: 0
# COUNT2: KBps
# TIME: 30.0
# elapsed: 45.032306
# pid: 2970473
# status: 0

# COUNT0: 5912
# COUNT1: 0
# COUNT2: KBps
# TIME: 30.0
# elapsed: 45.016832
# pid: 2970475
# status: 0

*Dump score:      11345.0
Count score:      11412.0
Count score:      11822.0

>>>> Sum of 2 copies
>>>> score: 11615.191087537
>>>> time: 30
>>>> iterations: 2


########################################################
File Copy 4096 bufsize 8000 maxblocks -- 2 copies
==> "/mnt/host0/unixbench/UnixBench/pgms/fstime" -c -t 30 -d "/mnt/host0/unixbench/UnixBench/tmp" -b 4096 -m 8000 2>&1 >> "/mnt/host0/unixbench/UnixBench/results/uarf-2025-06-05-01.log"

#### Pass 1

Write done: 1728000 in 2.0267, score 213152
Read done: 1709104 in 2.0000, score 213635
Copy done: 11120752 in 30.0000, score 92672
Write done: 1728000 in 2.0287, score 212949
Read done: 1706400 in 2.0000, score 213299
Copy done: 11153024 in 30.0007, score 92939

# COUNT0: 92939
# COUNT1: 0
# COUNT2: KBps
# TIME: 30.0
# elapsed: 45.036197
# pid: 2970486
# status: 0

# COUNT0: 92672
# COUNT1: 0
# COUNT2: KBps
# TIME: 30.0
# elapsed: 45.034141
# pid: 2970488
# status: 0

#### Pass 2

Write done: 1728000 in 2.0077, score 215173
Read done: 1267200 in 2.0000, score 158396
Copy done: 10880464 in 30.0000, score 90670
Write done: 1728000 in 2.0132, score 214585
Read done: 1277552 in 2.0000, score 159692
Copy done: 10922304 in 30.0000, score 91019

# COUNT0: 91019
# COUNT1: 0
# COUNT2: KBps
# TIME: 30.0
# elapsed: 45.019610
# pid: 2970498
# status: 0

# COUNT0: 90670
# COUNT1: 0
# COUNT2: KBps
# TIME: 30.0
# elapsed: 45.016005
# pid: 2970500
# status: 0

#### Pass 3

Write done: 1344000 in 2.0298, score 165532
Read done: 1586352 in 2.0000, score 198291
Copy done: 10057888 in 30.0000, score 83815
Write done: 1344000 in 2.0360, score 165028
Read done: 1542928 in 2.0000, score 192864
Copy done: 10050368 in 30.0000, score 83752

# COUNT0: 83815
# COUNT1: 0
# COUNT2: KBps
# TIME: 30.0
# elapsed: 45.038186
# pid: 2970513
# status: 0

# COUNT0: 83752
# COUNT1: 0
# COUNT2: KBps
# TIME: 30.0
# elapsed: 45.043468
# pid: 2970515
# status: 0

*Dump score:     167567.0
Count score:     181689.0
Count score:     185611.0

>>>> Sum of 2 copies
>>>> score: 183639.530001032
>>>> time: 30
>>>> iterations: 2


########################################################
Pipe Throughput -- 2 copies
==> "/mnt/host0/unixbench/UnixBench/pgms/pipe" 10 2>&1 >> "/mnt/host0/unixbench/UnixBench/results/uarf-2025-06-05-01.log"

#### Pass 1


# COUNT0: 35146400
# COUNT1: 1
# COUNT2: lps
# elapsed: 10.001658
# pid: 2970525
# status: 0

# COUNT0: 35177785
# COUNT1: 1
# COUNT2: lps
# elapsed: 10.001437
# pid: 2970527
# status: 0

#### Pass 2


# COUNT0: 34976707
# COUNT1: 1
# COUNT2: lps
# elapsed: 10.001668
# pid: 2970537
# status: 0

# COUNT0: 34975812
# COUNT1: 1
# COUNT2: lps
# elapsed: 10.001449
# pid: 2970539
# status: 0

#### Pass 3


# COUNT0: 35357049
# COUNT1: 1
# COUNT2: lps
# elapsed: 10.001654
# pid: 2970549
# status: 0

# COUNT0: 35358424
# COUNT1: 1
# COUNT2: lps
# elapsed: 10.001520
# pid: 2970551
# status: 0

#### Pass 4


# COUNT0: 34518083
# COUNT1: 1
# COUNT2: lps
# elapsed: 10.002307
# pid: 2970561
# status: 0

# COUNT0: 34520376
# COUNT1: 1
# COUNT2: lps
# elapsed: 10.001588
# pid: 2970563
# status: 0

#### Pass 5


# COUNT0: 34640013
# COUNT1: 1
# COUNT2: lps
# elapsed: 10.001620
# pid: 2970573
# status: 0

# COUNT0: 34620255
# COUNT1: 1
# COUNT2: lps
# elapsed: 10.002144
# pid: 2970575
# status: 0

#### Pass 6


# COUNT0: 34976359
# COUNT1: 1
# COUNT2: lps
# elapsed: 10.001711
# pid: 2970585
# status: 0

# COUNT0: 34969625
# COUNT1: 1
# COUNT2: lps
# elapsed: 10.001576
# pid: 2970587
# status: 0

#### Pass 7


# COUNT0: 35128186
# COUNT1: 1
# COUNT2: lps
# elapsed: 10.001802
# pid: 2970597
# status: 0

# COUNT0: 35129826
# COUNT1: 1
# COUNT2: lps
# elapsed: 10.001608
# pid: 2970599
# status: 0

#### Pass 8


# COUNT0: 35092977
# COUNT1: 1
# COUNT2: lps
# elapsed: 10.001791
# pid: 2970609
# status: 0

# COUNT0: 35087554
# COUNT1: 1
# COUNT2: lps
# elapsed: 10.001605
# pid: 2970611
# status: 0

#### Pass 9


# COUNT0: 35307986
# COUNT1: 1
# COUNT2: lps
# elapsed: 10.001636
# pid: 2970621
# status: 0

# COUNT0: 35304223
# COUNT1: 1
# COUNT2: lps
# elapsed: 10.001674
# pid: 2970623
# status: 0

#### Pass 10


# COUNT0: 35025185
# COUNT1: 1
# COUNT2: lps
# elapsed: 10.001691
# pid: 2970633
# status: 0

# COUNT0: 35026964
# COUNT1: 1
# COUNT2: lps
# elapsed: 10.001481
# pid: 2970635
# status: 0

*Dump score:   69038459.0
*Dump score:   69260268.0
*Dump score:   69945984.0
Count score:   69952519.0
Count score:   70052149.0
Count score:   70180531.0
Count score:   70258012.0
Count score:   70324185.0
Count score:   70612209.0
Count score:   70715473.0

>>>> Sum of 2 copies
>>>> score: 7028743.7312634
>>>> time: 10.0016195714286
>>>> iterations: 7


########################################################
Pipe-based Context Switching -- 2 copies
==> "/mnt/host0/unixbench/UnixBench/pgms/context1" 10 2>&1 >> "/mnt/host0/unixbench/UnixBench/results/uarf-2025-06-05-01.log"

#### Pass 1


# COUNT0: 4755081
# COUNT1: 1
# COUNT2: lps
# elapsed: 10.001647
# pid: 2970645
# status: 0

# COUNT0: 4739667
# COUNT1: 1
# COUNT2: lps
# elapsed: 10.001915
# pid: 2970647
# status: 0

#### Pass 2


# COUNT0: 4788900
# COUNT1: 1
# COUNT2: lps
# elapsed: 10.001931
# pid: 2970660
# status: 0

# COUNT0: 4753093
# COUNT1: 1
# COUNT2: lps
# elapsed: 10.001647
# pid: 2970662
# status: 0

#### Pass 3


# COUNT0: 4762780
# COUNT1: 1
# COUNT2: lps
# elapsed: 10.001672
# pid: 2970674
# status: 0

# COUNT0: 4754728
# COUNT1: 1
# COUNT2: lps
# elapsed: 10.001501
# pid: 2970676
# status: 0

#### Pass 4


# COUNT0: 4798012
# COUNT1: 1
# COUNT2: lps
# elapsed: 10.001794
# pid: 2970688
# status: 0

# COUNT0: 4765612
# COUNT1: 1
# COUNT2: lps
# elapsed: 10.001482
# pid: 2970690
# status: 0

#### Pass 5


# COUNT0: 4726226
# COUNT1: 1
# COUNT2: lps
# elapsed: 10.001653
# pid: 2970702
# status: 0

# COUNT0: 4726511
# COUNT1: 1
# COUNT2: lps
# elapsed: 10.001519
# pid: 2970704
# status: 0

#### Pass 6


# COUNT0: 4752104
# COUNT1: 1
# COUNT2: lps
# elapsed: 10.001717
# pid: 2970716
# status: 0

# COUNT0: 4787523
# COUNT1: 1
# COUNT2: lps
# elapsed: 10.002012
# pid: 2970718
# status: 0

#### Pass 7


# COUNT0: 4766397
# COUNT1: 1
# COUNT2: lps
# elapsed: 10.002384
# pid: 2970730
# status: 0

# COUNT0: 4767614
# COUNT1: 1
# COUNT2: lps
# elapsed: 10.001575
# pid: 2970732
# status: 0

#### Pass 8


# COUNT0: 4736154
# COUNT1: 1
# COUNT2: lps
# elapsed: 10.001882
# pid: 2970744
# status: 0

# COUNT0: 4758637
# COUNT1: 1
# COUNT2: lps
# elapsed: 10.001402
# pid: 2970746
# status: 0

#### Pass 9


# COUNT0: 4739689
# COUNT1: 1
# COUNT2: lps
# elapsed: 10.001614
# pid: 2970758
# status: 0

# COUNT0: 4748748
# COUNT1: 1
# COUNT2: lps
# elapsed: 10.001422
# pid: 2970760
# status: 0

#### Pass 10


# COUNT0: 4715191
# COUNT1: 1
# COUNT2: lps
# elapsed: 10.001711
# pid: 2970773
# status: 0

# COUNT0: 4752969
# COUNT1: 1
# COUNT2: lps
# elapsed: 10.002103
# pid: 2970775
# status: 0

*Dump score:    9452737.0
*Dump score:    9468160.0
*Dump score:    9488437.0
Count score:    9494748.0
Count score:    9494791.0
Count score:    9517508.0
Count score:    9534011.0
Count score:    9539627.0
Count score:    9541993.0
Count score:    9563624.0

>>>> Sum of 2 copies
>>>> score: 952491.400602812
>>>> time: 10.0017543571429
>>>> iterations: 7


########################################################
Process Creation -- 2 copies
==> "/mnt/host0/unixbench/UnixBench/pgms/spawn" 30 2>&1 >> "/mnt/host0/unixbench/UnixBench/results/uarf-2025-06-05-01.log"

#### Pass 1


# COUNT0: 883943
# COUNT1: 1
# COUNT2: lps
# elapsed: 30.001804
# pid: 2970787
# status: 0

# COUNT0: 869686
# COUNT1: 1
# COUNT2: lps
# elapsed: 30.001584
# pid: 2970789
# status: 0

#### Pass 2


# COUNT0: 898788
# COUNT1: 1
# COUNT2: lps
# elapsed: 30.001797
# pid: 530428
# status: 0

# COUNT0: 845871
# COUNT1: 1
# COUNT2: lps
# elapsed: 30.002302
# pid: 530430
# status: 0

#### Pass 3


# COUNT0: 868354
# COUNT1: 1
# COUNT2: lps
# elapsed: 30.001774
# pid: 2275101
# status: 0

# COUNT0: 905490
# COUNT1: 1
# COUNT2: lps
# elapsed: 30.002182
# pid: 2275103
# status: 0

*Dump score:    1744659.0
Count score:    1753629.0
Count score:    1773844.0

>>>> Sum of 2 copies
>>>> score: 58786.6535267561
>>>> time: 30.001836
>>>> iterations: 2


########################################################
System Call Overhead -- 2 copies
==> "/mnt/host0/unixbench/UnixBench/pgms/syscall" 10 2>&1 >> "/mnt/host0/unixbench/UnixBench/results/uarf-2025-06-05-01.log"

#### Pass 1


# COUNT0: 37970378
# COUNT1: 1
# COUNT2: lps
# elapsed: 10.001654
# pid: 4048962
# status: 0

# COUNT0: 37969301
# COUNT1: 1
# COUNT2: lps
# elapsed: 10.001509
# pid: 4048964
# status: 0

#### Pass 2


# COUNT0: 37923934
# COUNT1: 1
# COUNT2: lps
# elapsed: 10.001625
# pid: 4048974
# status: 0

# COUNT0: 37922679
# COUNT1: 1
# COUNT2: lps
# elapsed: 10.001518
# pid: 4048976
# status: 0

#### Pass 3


# COUNT0: 37610750
# COUNT1: 1
# COUNT2: lps
# elapsed: 10.001655
# pid: 4048986
# status: 0

# COUNT0: 37824679
# COUNT1: 1
# COUNT2: lps
# elapsed: 10.001453
# pid: 4048988
# status: 0

#### Pass 4


# COUNT0: 37947837
# COUNT1: 1
# COUNT2: lps
# elapsed: 10.001633
# pid: 4048998
# status: 0

# COUNT0: 37987876
# COUNT1: 1
# COUNT2: lps
# elapsed: 10.001415
# pid: 4049000
# status: 0

#### Pass 5


# COUNT0: 37967762
# COUNT1: 1
# COUNT2: lps
# elapsed: 10.001986
# pid: 4049010
# status: 0

# COUNT0: 37969785
# COUNT1: 1
# COUNT2: lps
# elapsed: 10.001540
# pid: 4049012
# status: 0

#### Pass 6


# COUNT0: 37844125
# COUNT1: 1
# COUNT2: lps
# elapsed: 10.002259
# pid: 4049022
# status: 0

# COUNT0: 37843133
# COUNT1: 1
# COUNT2: lps
# elapsed: 10.001615
# pid: 4049024
# status: 0

#### Pass 7


# COUNT0: 38004198
# COUNT1: 1
# COUNT2: lps
# elapsed: 10.002183
# pid: 4049034
# status: 0

# COUNT0: 38011011
# COUNT1: 1
# COUNT2: lps
# elapsed: 10.001428
# pid: 4049036
# status: 0

#### Pass 8


# COUNT0: 37856428
# COUNT1: 1
# COUNT2: lps
# elapsed: 10.001697
# pid: 4049046
# status: 0

# COUNT0: 37849268
# COUNT1: 1
# COUNT2: lps
# elapsed: 10.001517
# pid: 4049048
# status: 0

#### Pass 9


# COUNT0: 37821892
# COUNT1: 1
# COUNT2: lps
# elapsed: 10.001692
# pid: 4049058
# status: 0

# COUNT0: 37451919
# COUNT1: 1
# COUNT2: lps
# elapsed: 10.001495
# pid: 4049060
# status: 0

#### Pass 10


# COUNT0: 38643195
# COUNT1: 1
# COUNT2: lps
# elapsed: 10.001607
# pid: 4049071
# status: 0

# COUNT0: 38641710
# COUNT1: 1
# COUNT2: lps
# elapsed: 10.001462
# pid: 4049073
# status: 0

*Dump score:   75273811.0
*Dump score:   75435429.0
*Dump score:   75687258.0
Count score:   75705696.0
Count score:   75846613.0
Count score:   75935713.0
Count score:   75937547.0
Count score:   75939679.0
Count score:   76015209.0
Count score:   77284905.0

>>>> Sum of 2 copies
>>>> score: 7608108.3563586
>>>> time: 10.0016267142857
>>>> iterations: 7


########################################################
Shell Scripts (1 concurrent) -- 2 copies
==> "/mnt/host0/unixbench/UnixBench/pgms/looper" 60 "/mnt/host0/unixbench/UnixBench/pgms/multi.sh" 1 2>&1 >> "/mnt/host0/unixbench/UnixBench/results/uarf-2025-06-05-01.log"

#### Pass 1


# COUNT0: 6145
# COUNT1: 60
# COUNT2: lpm
# elapsed: 60.007159
# pid: 4049083
# status: 0

# COUNT0: 6154
# COUNT1: 60
# COUNT2: lpm
# elapsed: 60.005758
# pid: 4049085
# status: 0

#### Pass 2


# COUNT0: 6148
# COUNT1: 60
# COUNT2: lpm
# elapsed: 60.001773
# pid: 4159804
# status: 0

# COUNT0: 6155
# COUNT1: 60
# COUNT2: lpm
# elapsed: 60.001531
# pid: 4159806
# status: 0

#### Pass 3


# COUNT0: 6141
# COUNT1: 60
# COUNT2: lpm
# elapsed: 60.008475
# pid: 76559
# status: 0

# COUNT0: 6143
# COUNT1: 60
# COUNT2: lpm
# elapsed: 60.006996
# pid: 76561
# status: 0

*Dump score:      12284.0
Count score:      12299.0
Count score:      12303.0

>>>> Sum of 2 copies
>>>> score: 12300.1685096386
>>>> time: 60.00405525
>>>> iterations: 2


########################################################
Shell Scripts (8 concurrent) -- 2 copies
==> "/mnt/host0/unixbench/UnixBench/pgms/looper" 60 "/mnt/host0/unixbench/UnixBench/pgms/multi.sh" 8 2>&1 >> "/mnt/host0/unixbench/UnixBench/results/uarf-2025-06-05-01.log"

#### Pass 1


# COUNT0: 1013
# COUNT1: 60
# COUNT2: lpm
# elapsed: 60.029983
# pid: 187145
# status: 0

# COUNT0: 1012
# COUNT1: 60
# COUNT2: lpm
# elapsed: 60.028881
# pid: 187147
# status: 0

#### Pass 2


# COUNT0: 1012
# COUNT1: 60
# COUNT2: lpm
# elapsed: 60.023675
# pid: 318912
# status: 0

# COUNT0: 1011
# COUNT1: 60
# COUNT2: lpm
# elapsed: 60.017821
# pid: 318914
# status: 0

#### Pass 3


# COUNT0: 1010
# COUNT1: 60
# COUNT2: lpm
# elapsed: 60.038018
# pid: 450550
# status: 0

# COUNT0: 1012
# COUNT1: 60
# COUNT2: lpm
# elapsed: 60.036963
# pid: 450552
# status: 0

*Dump score:       2022.0
Count score:       2023.0
Count score:       2025.0

>>>> Sum of 2 copies
>>>> score: 2023.15374280298
>>>> time: 60.02509
>>>> iterations: 2

