
########################################################
Dhrystone 2 using register variables -- 1 copy
==> "/mnt/host0/unixbench/UnixBench/pgms/dhry2reg" 10 2>&1 >> "/mnt/host0/unixbench/UnixBench/results/uarf-2025-06-04-13.log"

#### Pass 1


# COUNT0: 978184870
# COUNT1: 1
# COUNT2: lps
# elapsed: 10.003037
# pid: 993071
# status: 0

#### Pass 2


# COUNT0: 979982292
# COUNT1: 1
# COUNT2: lps
# elapsed: 10.002584
# pid: 993080
# status: 0

#### Pass 3


# COUNT0: 979856583
# COUNT1: 1
# COUNT2: lps
# elapsed: 10.002424
# pid: 993089
# status: 0

#### Pass 4


# COUNT0: 977678176
# COUNT1: 1
# COUNT2: lps
# elapsed: 10.002596
# pid: 993098
# status: 0

#### Pass 5


# COUNT0: 978324097
# COUNT1: 1
# COUNT2: lps
# elapsed: 10.002369
# pid: 993107
# status: 0

#### Pass 6


# COUNT0: 973400575
# COUNT1: 1
# COUNT2: lps
# elapsed: 10.002561
# pid: 993116
# status: 0

#### Pass 7


# COUNT0: 978242894
# COUNT1: 1
# COUNT2: lps
# elapsed: 10.002386
# pid: 993125
# status: 0

#### Pass 8


# COUNT0: 977422782
# COUNT1: 1
# COUNT2: lps
# elapsed: 10.002858
# pid: 993134
# status: 0

#### Pass 9


# COUNT0: 978972346
# COUNT1: 1
# COUNT2: lps
# elapsed: 10.002568
# pid: 993146
# status: 0

#### Pass 10


# COUNT0: 975912924
# COUNT1: 1
# COUNT2: lps
# elapsed: 10.002381
# pid: 993155
# status: 0

*Dump score:  973400575.0
*Dump score:  975912924.0
*Dump score:  977422782.0
Count score:  977678176.0
Count score:  978184870.0
Count score:  978242894.0
Count score:  978324097.0
Count score:  978972346.0
Count score:  979856583.0
Count score:  979982292.0

>>>> Results of 1 copy
>>>> score: 97849729.8132991
>>>> time: 10.0025662857143
>>>> iterations: 7


########################################################
Double-Precision Whetstone -- 1 copy
==> "/mnt/host0/unixbench/UnixBench/pgms/whetstone-double"  2>&1 >> "/mnt/host0/unixbench/UnixBench/results/uarf-2025-06-04-13.log"

#### Pass 1

Calibrate
       0.00 Seconds          1   Passes (x 100)
       0.00 Seconds          5   Passes (x 100)
       0.02 Seconds         25   Passes (x 100)
       0.11 Seconds        125   Passes (x 100)
       0.55 Seconds        625   Passes (x 100)

Use 11433  passes (x 100)

          Double Precision C/C++ Whetstone Benchmark

Loop content                  Result              MFLOPS      MOPS   Seconds

N1 floating point     -1.12398255667392033      2703.606              0.081
N2 floating point     -1.12187079889294417      3357.710              0.458
N3 if then else        1.00000000000000000               16056.932    0.074
N4 fixed point        12.00000000000000000               40609259966.564    0.000
N5 sin,cos etc.        0.49902937281518261                 298.494    3.187
N6 floating point      0.99999987890802811      1461.582              4.219
N7 assignments         3.00000000000000000                5360.716    0.394
N8 exp,sqrt etc.       0.75100163018453958                 282.895    1.503

MWIPS                                          11529.642              9.916


# COUNT0: 11529.642
# COUNT1: 0
# COUNT2: MWIPS
# TIME: 9.916
# elapsed: 11.383931
# pid: 993164
# status: 0

#### Pass 2

Calibrate
       0.00 Seconds          1   Passes (x 100)
       0.00 Seconds          5   Passes (x 100)
       0.02 Seconds         25   Passes (x 100)
       0.11 Seconds        125   Passes (x 100)
       0.55 Seconds        625   Passes (x 100)

Use 11420  passes (x 100)

          Double Precision C/C++ Whetstone Benchmark

Loop content                  Result              MFLOPS      MOPS   Seconds

N1 floating point     -1.12398255667392033      2702.479              0.081
N2 floating point     -1.12187079889294417      3356.752              0.457
N3 if then else        1.00000000000000000               16058.053    0.074
N4 fixed point        12.00000000000000000                   0.000   -0.000
N5 sin,cos etc.        0.49902937281518261                 298.343    3.185
N6 floating point      0.99999987890802811      1461.481              4.215
N7 assignments         3.00000000000000000                5359.488    0.394
N8 exp,sqrt etc.       0.75100163018453958                 283.003    1.501

MWIPS                                          11527.800              9.906


# COUNT0: 11527.800
# COUNT1: 0
# COUNT2: MWIPS
# TIME: 9.906
# elapsed: 11.374730
# pid: 993173
# status: 0

#### Pass 3

Calibrate
       0.00 Seconds          1   Passes (x 100)
       0.00 Seconds          5   Passes (x 100)
       0.02 Seconds         25   Passes (x 100)
       0.11 Seconds        125   Passes (x 100)
       0.55 Seconds        625   Passes (x 100)

Use 11433  passes (x 100)

          Double Precision C/C++ Whetstone Benchmark

Loop content                  Result              MFLOPS      MOPS   Seconds

N1 floating point     -1.12398255667392033      2704.975              0.081
N2 floating point     -1.12187079889294417      3357.886              0.458
N3 if then else        1.00000000000000000               16061.923    0.074
N4 fixed point        12.00000000000000000                   0.000   -0.000
N5 sin,cos etc.        0.49902937281518261                 298.456    3.187
N6 floating point      0.99999987890802811      1461.975              4.218
N7 assignments         3.00000000000000000                5360.660    0.394
N8 exp,sqrt etc.       0.75100163018453958                 283.099    1.502

MWIPS                                          11531.841              9.914


# COUNT0: 11531.841
# COUNT1: 0
# COUNT2: MWIPS
# TIME: 9.914
# elapsed: 11.381876
# pid: 993182
# status: 0

#### Pass 4

Calibrate
       0.00 Seconds          1   Passes (x 100)
       0.00 Seconds          5   Passes (x 100)
       0.02 Seconds         25   Passes (x 100)
       0.11 Seconds        125   Passes (x 100)
       0.55 Seconds        625   Passes (x 100)

Use 11429  passes (x 100)

          Double Precision C/C++ Whetstone Benchmark

Loop content                  Result              MFLOPS      MOPS   Seconds

N1 floating point     -1.12398255667392033      2705.316              0.081
N2 floating point     -1.12187079889294417      3356.917              0.458
N3 if then else        1.00000000000000000               16062.855    0.074
N4 fixed point        12.00000000000000000                   0.000   -0.000
N5 sin,cos etc.        0.49902937281518261                 298.377    3.187
N6 floating point      0.99999987890802811      1461.855              4.217
N7 assignments         3.00000000000000000                5360.880    0.394
N8 exp,sqrt etc.       0.75100163018453958                 283.019    1.502

MWIPS                                          11529.847              9.913


# COUNT0: 11529.847
# COUNT1: 0
# COUNT2: MWIPS
# TIME: 9.913
# elapsed: 11.380039
# pid: 993191
# status: 0

#### Pass 5

Calibrate
       0.00 Seconds          1   Passes (x 100)
       0.00 Seconds          5   Passes (x 100)
       0.02 Seconds         25   Passes (x 100)
       0.11 Seconds        125   Passes (x 100)
       0.55 Seconds        625   Passes (x 100)

Use 11431  passes (x 100)

          Double Precision C/C++ Whetstone Benchmark

Loop content                  Result              MFLOPS      MOPS   Seconds

N1 floating point     -1.12398255667392033      2705.886              0.081
N2 floating point     -1.12187079889294417      3358.061              0.458
N3 if then else        1.00000000000000000               16049.110    0.074
N4 fixed point        12.00000000000000000               32014615429.551    0.000
N5 sin,cos etc.        0.49902937281518261                 298.681    3.184
N6 floating point      0.99999987890802811      1462.075              4.217
N7 assignments         3.00000000000000000                5361.926    0.394
N8 exp,sqrt etc.       0.75100163018453958                 283.131    1.502

MWIPS                                          11535.266              9.910


# COUNT0: 11535.266
# COUNT1: 0
# COUNT2: MWIPS
# TIME: 9.910
# elapsed: 11.376891
# pid: 993201
# status: 0

#### Pass 6

Calibrate
       0.00 Seconds          1   Passes (x 100)
       0.00 Seconds          5   Passes (x 100)
       0.02 Seconds         25   Passes (x 100)
       0.11 Seconds        125   Passes (x 100)
       0.55 Seconds        625   Passes (x 100)

Use 11417  passes (x 100)

          Double Precision C/C++ Whetstone Benchmark

Loop content                  Result              MFLOPS      MOPS   Seconds

N1 floating point     -1.12398255667392033      2705.647              0.081
N2 floating point     -1.12187079889294417      3358.052              0.457
N3 if then else        1.00000000000000000               16057.787    0.074
N4 fixed point        12.00000000000000000               41096900792.853    0.000
N5 sin,cos etc.        0.49902937281518261                 298.374    3.184
N6 floating point      0.99999987890802811      1461.746              4.213
N7 assignments         3.00000000000000000                5361.239    0.394
N8 exp,sqrt etc.       0.75100163018453958                 283.037    1.501

MWIPS                                          11529.744              9.902


# COUNT0: 11529.744
# COUNT1: 0
# COUNT2: MWIPS
# TIME: 9.902
# elapsed: 11.369065
# pid: 993210
# status: 0

#### Pass 7

Calibrate
       0.00 Seconds          1   Passes (x 100)
       0.00 Seconds          5   Passes (x 100)
       0.02 Seconds         25   Passes (x 100)
       0.11 Seconds        125   Passes (x 100)
       0.55 Seconds        625   Passes (x 100)

Use 11429  passes (x 100)

          Double Precision C/C++ Whetstone Benchmark

Loop content                  Result              MFLOPS      MOPS   Seconds

N1 floating point     -1.12398255667392033      2705.732              0.081
N2 floating point     -1.12187079889294417      3358.170              0.457
N3 if then else        1.00000000000000000               16055.431    0.074
N4 fixed point        12.00000000000000000               572666120236.586    0.000
N5 sin,cos etc.        0.49902937281518261                 298.450    3.186
N6 floating point      0.99999987890802811      1461.737              4.217
N7 assignments         3.00000000000000000                5360.432    0.394
N8 exp,sqrt etc.       0.75100163018453958                 283.078    1.502

MWIPS                                          11530.856              9.912


# COUNT0: 11530.856
# COUNT1: 0
# COUNT2: MWIPS
# TIME: 9.912
# elapsed: 11.379033
# pid: 993219
# status: 0

#### Pass 8

Calibrate
       0.00 Seconds          1   Passes (x 100)
       0.00 Seconds          5   Passes (x 100)
       0.02 Seconds         25   Passes (x 100)
       0.11 Seconds        125   Passes (x 100)
       0.55 Seconds        625   Passes (x 100)

Use 11419  passes (x 100)

          Double Precision C/C++ Whetstone Benchmark

Loop content                  Result              MFLOPS      MOPS   Seconds

N1 floating point     -1.12398255667392033      2705.661              0.081
N2 floating point     -1.12187079889294417      3357.471              0.457
N3 if then else        1.00000000000000000               16044.259    0.074
N4 fixed point        12.00000000000000000                   0.000   -0.000
N5 sin,cos etc.        0.49902937281518261                 298.419    3.184
N6 floating point      0.99999987890802811      1461.757              4.214
N7 assignments         3.00000000000000000                5361.441    0.394
N8 exp,sqrt etc.       0.75100163018453958                 283.013    1.501

MWIPS                                          11530.052              9.904


# COUNT0: 11530.052
# COUNT1: 0
# COUNT2: MWIPS
# TIME: 9.904
# elapsed: 11.370667
# pid: 993228
# status: 0

#### Pass 9

Calibrate
       0.00 Seconds          1   Passes (x 100)
       0.00 Seconds          5   Passes (x 100)
       0.02 Seconds         25   Passes (x 100)
       0.11 Seconds        125   Passes (x 100)
       0.55 Seconds        625   Passes (x 100)

Use 11425  passes (x 100)

          Double Precision C/C++ Whetstone Benchmark

Loop content                  Result              MFLOPS      MOPS   Seconds

N1 floating point     -1.12398255667392033      2705.656              0.081
N2 floating point     -1.12187079889294417      3357.810              0.457
N3 if then else        1.00000000000000000               16059.641    0.074
N4 fixed point        12.00000000000000000                   0.000   -0.000
N5 sin,cos etc.        0.49902937281518261                 298.345    3.186
N6 floating point      0.99999987890802811      1461.835              4.216
N7 assignments         3.00000000000000000                5360.337    0.394
N8 exp,sqrt etc.       0.75100163018453958                 283.018    1.502

MWIPS                                          11529.470              9.909


# COUNT0: 11529.470
# COUNT1: 0
# COUNT2: MWIPS
# TIME: 9.909
# elapsed: 11.376645
# pid: 993237
# status: 0

#### Pass 10

Calibrate
       0.00 Seconds          1   Passes (x 100)
       0.00 Seconds          5   Passes (x 100)
       0.02 Seconds         25   Passes (x 100)
       0.11 Seconds        125   Passes (x 100)
       0.55 Seconds        625   Passes (x 100)

Use 11424  passes (x 100)

          Double Precision C/C++ Whetstone Benchmark

Loop content                  Result              MFLOPS      MOPS   Seconds

N1 floating point     -1.12398255667392033      2706.200              0.081
N2 floating point     -1.12187079889294417      3357.546              0.457
N3 if then else        1.00000000000000000               16064.150    0.074
N4 fixed point        12.00000000000000000                   0.000   -0.000
N5 sin,cos etc.        0.49902937281518261                 298.361    3.186
N6 floating point      0.99999987890802811      1461.646              4.216
N7 assignments         3.00000000000000000                5359.637    0.394
N8 exp,sqrt etc.       0.75100163018453958                 283.004    1.502

MWIPS                                          11528.881              9.909


# COUNT0: 11528.881
# COUNT1: 0
# COUNT2: MWIPS
# TIME: 9.909
# elapsed: 11.376232
# pid: 993246
# status: 0

*Dump score:      11527.8
*Dump score:      11528.9
*Dump score:      11529.5
Count score:      11529.6
Count score:      11529.7
Count score:      11529.8
Count score:      11530.1
Count score:      11530.9
Count score:      11531.8
Count score:      11535.3

>>>> Results of 1 copy
>>>> score: 11531.0352764117
>>>> time: 9.91014285714286
>>>> iterations: 7


########################################################
Execl Throughput -- 1 copy
==> "/mnt/host0/unixbench/UnixBench/pgms/execl" 30 2>&1 >> "/mnt/host0/unixbench/UnixBench/results/uarf-2025-06-04-13.log"

#### Pass 1


# COUNT0: 52272
# COUNT1: 1
# COUNT2: lps
# elapsed: 29.499902
# pid: 993255
# status: 0

#### Pass 2


# COUNT0: 53947
# COUNT1: 1
# COUNT2: lps
# elapsed: 29.989965
# pid: 993265
# status: 0

#### Pass 3


# COUNT0: 53543
# COUNT1: 1
# COUNT2: lps
# elapsed: 29.990314
# pid: 993274
# status: 0

*Dump score:      52272.0
Count score:      53543.0
Count score:      53947.0

>>>> Results of 1 copy
>>>> score: 1792.07637204101
>>>> time: 29.9901395
>>>> iterations: 2


########################################################
File Copy 1024 bufsize 2000 maxblocks -- 1 copy
==> "/mnt/host0/unixbench/UnixBench/pgms/fstime" -c -t 30 -d "/mnt/host0/unixbench/UnixBench/tmp" -b 1024 -m 2000 2>&1 >> "/mnt/host0/unixbench/UnixBench/results/uarf-2025-06-04-13.log"

#### Pass 1

Write done: 144000 in 2.1059, score 17095
Read done: 138464 in 2.0001, score 17307
Copy done: 1117456 in 30.0001, score 9312

# COUNT0: 9312
# COUNT1: 0
# COUNT2: KBps
# TIME: 30.0
# elapsed: 45.115609
# pid: 993283
# status: 0

#### Pass 2

Write done: 184000 in 2.1066, score 21835
Read done: 151044 in 2.0001, score 18879
Copy done: 1036740 in 30.0001, score 8639

# COUNT0: 8639
# COUNT1: 0
# COUNT2: KBps
# TIME: 30.0
# elapsed: 45.116000
# pid: 993292
# status: 0

#### Pass 3

Write done: 200000 in 2.0223, score 24724
Read done: 150216 in 2.0000, score 18776
Copy done: 1088700 in 30.0001, score 9072

# COUNT0: 9072
# COUNT1: 0
# COUNT2: KBps
# TIME: 30.0
# elapsed: 45.031750
# pid: 993301
# status: 0

*Dump score:       8639.0
Count score:       9072.0
Count score:       9312.0

>>>> Results of 1 copy
>>>> score: 9191.21667680618
>>>> time: 30
>>>> iterations: 2


########################################################
File Copy 256 bufsize 500 maxblocks -- 1 copy
==> "/mnt/host0/unixbench/UnixBench/pgms/fstime" -c -t 30 -d "/mnt/host0/unixbench/UnixBench/tmp" -b 256 -m 500 2>&1 >> "/mnt/host0/unixbench/UnixBench/results/uarf-2025-06-04-13.log"

#### Pass 1

Write done: 38000 in 2.0645, score 4601
Read done: 39645 in 2.0000, score 4955
Copy done: 259528 in 30.0001, score 2162

# COUNT0: 2162
# COUNT1: 0
# COUNT2: KBps
# TIME: 30.0
# elapsed: 45.074716
# pid: 993311
# status: 0

#### Pass 2

Write done: 38000 in 2.0802, score 4566
Read done: 46266 in 2.0001, score 5783
Copy done: 291347 in 30.0000, score 2427

# COUNT0: 2427
# COUNT1: 0
# COUNT2: KBps
# TIME: 30.0
# elapsed: 45.089679
# pid: 993320
# status: 0

#### Pass 3

Write done: 46000 in 2.0541, score 5598
Read done: 35012 in 2.0001, score 4376
Copy done: 267189 in 30.0001, score 2226

# COUNT0: 2226
# COUNT1: 0
# COUNT2: KBps
# TIME: 30.0
# elapsed: 45.063935
# pid: 993329
# status: 0

*Dump score:       2162.0
Count score:       2226.0
Count score:       2427.0

>>>> Results of 1 copy
>>>> score: 2324.32829006576
>>>> time: 30
>>>> iterations: 2


########################################################
File Copy 4096 bufsize 8000 maxblocks -- 1 copy
==> "/mnt/host0/unixbench/UnixBench/pgms/fstime" -c -t 30 -d "/mnt/host0/unixbench/UnixBench/tmp" -b 4096 -m 8000 2>&1 >> "/mnt/host0/unixbench/UnixBench/results/uarf-2025-06-04-13.log"

#### Pass 1

Write done: 544000 in 2.0023, score 67922
Read done: 545472 in 2.0000, score 68182
Copy done: 4059216 in 30.0001, score 33826

# COUNT0: 33826
# COUNT1: 0
# COUNT2: KBps
# TIME: 30.0
# elapsed: 45.013804
# pid: 993338
# status: 0

#### Pass 2

Write done: 672000 in 2.0068, score 83713
Read done: 551504 in 2.0001, score 68935
Copy done: 4118704 in 30.0001, score 34322

# COUNT0: 34322
# COUNT1: 0
# COUNT2: KBps
# TIME: 30.0
# elapsed: 45.018004
# pid: 993347
# status: 0

#### Pass 3

Write done: 640000 in 2.1098, score 75835
Read done: 551488 in 2.0000, score 68934
Copy done: 4206880 in 30.0001, score 35057

# COUNT0: 35057
# COUNT1: 0
# COUNT2: KBps
# TIME: 30.0
# elapsed: 45.120738
# pid: 993356
# status: 0

*Dump score:      33826.0
Count score:      34322.0
Count score:      35057.0

>>>> Results of 1 copy
>>>> score: 34687.5533008599
>>>> time: 30
>>>> iterations: 2


########################################################
Pipe Throughput -- 1 copy
==> "/mnt/host0/unixbench/UnixBench/pgms/pipe" 10 2>&1 >> "/mnt/host0/unixbench/UnixBench/results/uarf-2025-06-04-13.log"

#### Pass 1


# COUNT0: 48953497
# COUNT1: 1
# COUNT2: lps
# elapsed: 10.002299
# pid: 993365
# status: 0

#### Pass 2


# COUNT0: 47321752
# COUNT1: 1
# COUNT2: lps
# elapsed: 10.002505
# pid: 993374
# status: 0

#### Pass 3


# COUNT0: 48473853
# COUNT1: 1
# COUNT2: lps
# elapsed: 10.002302
# pid: 993383
# status: 0

#### Pass 4


# COUNT0: 48513788
# COUNT1: 1
# COUNT2: lps
# elapsed: 10.002566
# pid: 993393
# status: 0

#### Pass 5


# COUNT0: 49148978
# COUNT1: 1
# COUNT2: lps
# elapsed: 10.002373
# pid: 993402
# status: 0

#### Pass 6


# COUNT0: 49062564
# COUNT1: 1
# COUNT2: lps
# elapsed: 10.002603
# pid: 993411
# status: 0

#### Pass 7


# COUNT0: 48746217
# COUNT1: 1
# COUNT2: lps
# elapsed: 10.002565
# pid: 993420
# status: 0

#### Pass 8


# COUNT0: 48540428
# COUNT1: 1
# COUNT2: lps
# elapsed: 10.002386
# pid: 993429
# status: 0

#### Pass 9


# COUNT0: 48672515
# COUNT1: 1
# COUNT2: lps
# elapsed: 10.002554
# pid: 993438
# status: 0

#### Pass 10


# COUNT0: 48825907
# COUNT1: 1
# COUNT2: lps
# elapsed: 10.002375
# pid: 993447
# status: 0

*Dump score:   47321752.0
*Dump score:   48473853.0
*Dump score:   48513788.0
Count score:   48540428.0
Count score:   48672515.0
Count score:   48746217.0
Count score:   48825907.0
Count score:   48953497.0
Count score:   49062564.0
Count score:   49148978.0

>>>> Results of 1 copy
>>>> score: 4883763.12324645
>>>> time: 10.0024507142857
>>>> iterations: 7


########################################################
Pipe-based Context Switching -- 1 copy
==> "/mnt/host0/unixbench/UnixBench/pgms/context1" 10 2>&1 >> "/mnt/host0/unixbench/UnixBench/results/uarf-2025-06-04-13.log"

#### Pass 1


# COUNT0: 246167
# COUNT1: 1
# COUNT2: lps
# elapsed: 10.002218
# pid: 993456
# status: 0

#### Pass 2


# COUNT0: 246444
# COUNT1: 1
# COUNT2: lps
# elapsed: 10.002402
# pid: 993466
# status: 0

#### Pass 3


# COUNT0: 246733
# COUNT1: 1
# COUNT2: lps
# elapsed: 10.002281
# pid: 993476
# status: 0

#### Pass 4


# COUNT0: 245991
# COUNT1: 1
# COUNT2: lps
# elapsed: 10.002231
# pid: 993486
# status: 0

#### Pass 5


# COUNT0: 248057
# COUNT1: 1
# COUNT2: lps
# elapsed: 10.002264
# pid: 993496
# status: 0

#### Pass 6


# COUNT0: 269910
# COUNT1: 1
# COUNT2: lps
# elapsed: 10.002348
# pid: 993506
# status: 0

#### Pass 7


# COUNT0: 246646
# COUNT1: 1
# COUNT2: lps
# elapsed: 10.002356
# pid: 993516
# status: 0

#### Pass 8


# COUNT0: 245606
# COUNT1: 1
# COUNT2: lps
# elapsed: 10.002380
# pid: 993526
# status: 0

#### Pass 9


# COUNT0: 245679
# COUNT1: 1
# COUNT2: lps
# elapsed: 10.002175
# pid: 993536
# status: 0

#### Pass 10


# COUNT0: 249655
# COUNT1: 1
# COUNT2: lps
# elapsed: 10.002156
# pid: 993546
# status: 0

*Dump score:     245606.0
*Dump score:     245679.0
*Dump score:     245991.0
Count score:     246167.0
Count score:     246444.0
Count score:     246646.0
Count score:     246733.0
Count score:     248057.0
Count score:     249655.0
Count score:     269910.0

>>>> Results of 1 copy
>>>> score: 25033.6089889553
>>>> time: 10.0022892857143
>>>> iterations: 7


########################################################
Process Creation -- 1 copy
==> "/mnt/host0/unixbench/UnixBench/pgms/spawn" 30 2>&1 >> "/mnt/host0/unixbench/UnixBench/results/uarf-2025-06-04-13.log"

#### Pass 1


# COUNT0: 351798
# COUNT1: 1
# COUNT2: lps
# elapsed: 30.002428
# pid: 993556
# status: 0

#### Pass 2


# COUNT0: 355875
# COUNT1: 1
# COUNT2: lps
# elapsed: 30.002696
# pid: 1345364
# status: 0

#### Pass 3


# COUNT0: 355572
# COUNT1: 1
# COUNT2: lps
# elapsed: 30.002628
# pid: 1701249
# status: 0

*Dump score:     351798.0
Count score:     355572.0
Count score:     355875.0

>>>> Results of 1 copy
>>>> score: 11856.3968670135
>>>> time: 30.002662
>>>> iterations: 2


########################################################
System Call Overhead -- 1 copy
==> "/mnt/host0/unixbench/UnixBench/pgms/syscall" 10 2>&1 >> "/mnt/host0/unixbench/UnixBench/results/uarf-2025-06-04-13.log"

#### Pass 1


# COUNT0: 45284679
# COUNT1: 1
# COUNT2: lps
# elapsed: 10.002394
# pid: 2056832
# status: 0

#### Pass 2


# COUNT0: 45503337
# COUNT1: 1
# COUNT2: lps
# elapsed: 10.002563
# pid: 2056841
# status: 0

#### Pass 3


# COUNT0: 45955491
# COUNT1: 1
# COUNT2: lps
# elapsed: 10.002395
# pid: 2056850
# status: 0

#### Pass 4


# COUNT0: 45950112
# COUNT1: 1
# COUNT2: lps
# elapsed: 10.002512
# pid: 2056859
# status: 0

#### Pass 5


# COUNT0: 45849936
# COUNT1: 1
# COUNT2: lps
# elapsed: 10.002433
# pid: 2056868
# status: 0

#### Pass 6


# COUNT0: 45894440
# COUNT1: 1
# COUNT2: lps
# elapsed: 10.002519
# pid: 2056877
# status: 0

#### Pass 7


# COUNT0: 45400653
# COUNT1: 1
# COUNT2: lps
# elapsed: 10.002318
# pid: 2056886
# status: 0

#### Pass 8


# COUNT0: 46163680
# COUNT1: 1
# COUNT2: lps
# elapsed: 10.002543
# pid: 2056895
# status: 0

#### Pass 9


# COUNT0: 45322316
# COUNT1: 1
# COUNT2: lps
# elapsed: 10.002345
# pid: 2056904
# status: 0

#### Pass 10


# COUNT0: 46145642
# COUNT1: 1
# COUNT2: lps
# elapsed: 10.002569
# pid: 2056913
# status: 0

*Dump score:   45284679.0
*Dump score:   45322316.0
*Dump score:   45400653.0
Count score:   45503337.0
Count score:   45849936.0
Count score:   45894440.0
Count score:   45950112.0
Count score:   45955491.0
Count score:   46145642.0
Count score:   46163680.0

>>>> Results of 1 copy
>>>> score: 4591127.92660944
>>>> time: 10.0025048571429
>>>> iterations: 7


########################################################
Shell Scripts (1 concurrent) -- 1 copy
==> "/mnt/host0/unixbench/UnixBench/pgms/looper" 60 "/mnt/host0/unixbench/UnixBench/pgms/multi.sh" 1 2>&1 >> "/mnt/host0/unixbench/UnixBench/results/uarf-2025-06-04-13.log"

#### Pass 1


# COUNT0: 4908
# COUNT1: 60
# COUNT2: lpm
# elapsed: 60.004141
# pid: 2056922
# status: 0

#### Pass 2


# COUNT0: 4903
# COUNT1: 60
# COUNT2: lpm
# elapsed: 60.004478
# pid: 2101112
# status: 0

#### Pass 3


# COUNT0: 4908
# COUNT1: 60
# COUNT2: lpm
# elapsed: 60.011071
# pid: 2145257
# status: 0

*Dump score:       4903.0
Count score:       4908.0
Count score:       4908.0

>>>> Results of 1 copy
>>>> score: 4907.37791624165
>>>> time: 60.007606
>>>> iterations: 2


########################################################
Shell Scripts (8 concurrent) -- 1 copy
==> "/mnt/host0/unixbench/UnixBench/pgms/looper" 60 "/mnt/host0/unixbench/UnixBench/pgms/multi.sh" 8 2>&1 >> "/mnt/host0/unixbench/UnixBench/results/uarf-2025-06-04-13.log"

#### Pass 1


# COUNT0: 1056
# COUNT1: 60
# COUNT2: lpm
# elapsed: 60.005507
# pid: 2189447
# status: 0

#### Pass 2


# COUNT0: 1057
# COUNT1: 60
# COUNT2: lpm
# elapsed: 60.033341
# pid: 2258162
# status: 0

#### Pass 3


# COUNT0: 1056
# COUNT1: 60
# COUNT2: lpm
# elapsed: 60.024187
# pid: 2326941
# status: 0

*Dump score:       1056.0
Count score:       1056.0
Count score:       1057.0

>>>> Results of 1 copy
>>>> score: 1055.99364140413
>>>> time: 60.028764
>>>> iterations: 2


########################################################
Dhrystone 2 using register variables -- 2 copies
==> "/mnt/host0/unixbench/UnixBench/pgms/dhry2reg" 10 2>&1 >> "/mnt/host0/unixbench/UnixBench/results/uarf-2025-06-04-13.log"

#### Pass 1


# COUNT0: 712125066
# COUNT1: 1
# COUNT2: lps
# elapsed: 10.003003
# pid: 2395655
# status: 0

# COUNT0: 712130831
# COUNT1: 1
# COUNT2: lps
# elapsed: 10.002684
# pid: 2395657
# status: 0

#### Pass 2


# COUNT0: 712991513
# COUNT1: 1
# COUNT2: lps
# elapsed: 10.003327
# pid: 2395667
# status: 0

# COUNT0: 713136262
# COUNT1: 1
# COUNT2: lps
# elapsed: 10.002972
# pid: 2395669
# status: 0

#### Pass 3


# COUNT0: 711313433
# COUNT1: 1
# COUNT2: lps
# elapsed: 10.002989
# pid: 2395679
# status: 0

# COUNT0: 711838787
# COUNT1: 1
# COUNT2: lps
# elapsed: 10.002912
# pid: 2395681
# status: 0

#### Pass 4


# COUNT0: 710233441
# COUNT1: 1
# COUNT2: lps
# elapsed: 10.003090
# pid: 2395691
# status: 0

# COUNT0: 710068410
# COUNT1: 1
# COUNT2: lps
# elapsed: 10.003278
# pid: 2395693
# status: 0

#### Pass 5


# COUNT0: 713381319
# COUNT1: 1
# COUNT2: lps
# elapsed: 10.003279
# pid: 2395703
# status: 0

# COUNT0: 712950878
# COUNT1: 1
# COUNT2: lps
# elapsed: 10.002961
# pid: 2395705
# status: 0

#### Pass 6


# COUNT0: 712185858
# COUNT1: 1
# COUNT2: lps
# elapsed: 10.003213
# pid: 2395715
# status: 0

# COUNT0: 712198816
# COUNT1: 1
# COUNT2: lps
# elapsed: 10.003657
# pid: 2395717
# status: 0

#### Pass 7


# COUNT0: 713349975
# COUNT1: 1
# COUNT2: lps
# elapsed: 10.003401
# pid: 2395727
# status: 0

# COUNT0: 713472596
# COUNT1: 1
# COUNT2: lps
# elapsed: 10.002839
# pid: 2395729
# status: 0

#### Pass 8


# COUNT0: 712267086
# COUNT1: 1
# COUNT2: lps
# elapsed: 10.002881
# pid: 2395739
# status: 0

# COUNT0: 712257340
# COUNT1: 1
# COUNT2: lps
# elapsed: 10.002954
# pid: 2395741
# status: 0

#### Pass 9


# COUNT0: 711645346
# COUNT1: 1
# COUNT2: lps
# elapsed: 10.003251
# pid: 2395751
# status: 0

# COUNT0: 711840731
# COUNT1: 1
# COUNT2: lps
# elapsed: 10.002980
# pid: 2395753
# status: 0

#### Pass 10


# COUNT0: 713950992
# COUNT1: 1
# COUNT2: lps
# elapsed: 10.003218
# pid: 2395763
# status: 0

# COUNT0: 714138469
# COUNT1: 1
# COUNT2: lps
# elapsed: 10.002957
# pid: 2395765
# status: 0

*Dump score: 1420301851.0
*Dump score: 1423152220.0
*Dump score: 1423486077.0
Count score: 1424255897.0
Count score: 1424384674.0
Count score: 1424524426.0
Count score: 1426127775.0
Count score: 1426332197.0
Count score: 1426822571.0
Count score: 1428089461.0

>>>> Sum of 2 copies
>>>> score: 142534905.621689
>>>> time: 10.0030961428571
>>>> iterations: 7


########################################################
Double-Precision Whetstone -- 2 copies
==> "/mnt/host0/unixbench/UnixBench/pgms/whetstone-double"  2>&1 >> "/mnt/host0/unixbench/UnixBench/results/uarf-2025-06-04-13.log"

#### Pass 1

Calibrate
       0.00 Seconds          1   Passes (x 100)
       0.00 Seconds          5   Passes (x 100)
       0.02 Seconds         25   Passes (x 100)
       0.12 Seconds        125   Passes (x 100)
       0.58 Seconds        625   Passes (x 100)

Use 10753  passes (x 100)

          Double Precision C/C++ Whetstone Benchmark

Loop content                  Result              MFLOPS      MOPS   Seconds

N1 floating point     -1.12398255667392033      2630.784              0.078
N2 floating point     -1.12187079889294417      3307.919              0.437
N3 if then else        1.00000000000000000               12462.187    0.089
N4 fixed point        12.00000000000000000               37046596079.895    0.000
N5 sin,cos etc.        0.49902937281518261                 257.549    3.474
N6 floating point      0.99999987890802811      1452.292              3.994
N7 assignments         3.00000000000000000                5504.553    0.361
N8 exp,sqrt etc.       0.75100163018453958                 264.316    1.513

MWIPS                                          10810.769              9.947

Calibrate
       0.00 Seconds          1   Passes (x 100)
       0.00 Seconds          5   Passes (x 100)
       0.02 Seconds         25   Passes (x 100)
       0.12 Seconds        125   Passes (x 100)
       0.58 Seconds        625   Passes (x 100)

Use 10802  passes (x 100)

          Double Precision C/C++ Whetstone Benchmark

Loop content                  Result              MFLOPS      MOPS   Seconds

N1 floating point     -1.12398255667392033      2632.227              0.079
N2 floating point     -1.12187079889294417      3307.532              0.439
N3 if then else        1.00000000000000000               12168.905    0.092
N4 fixed point        12.00000000000000000                   0.000   -0.000
N5 sin,cos etc.        0.49902937281518261                 257.006    3.497
N6 floating point      0.99999987890802811      1453.288              4.009
N7 assignments         3.00000000000000000                5662.446    0.353
N8 exp,sqrt etc.       0.75100163018453958                 264.753    1.518

MWIPS                                          10817.069              9.986


# COUNT0: 10810.769
# COUNT1: 0
# COUNT2: MWIPS
# TIME: 9.947
# elapsed: 11.434817
# pid: 2395775
# status: 0

# COUNT0: 10817.069
# COUNT1: 0
# COUNT2: MWIPS
# TIME: 9.986
# elapsed: 11.473894
# pid: 2395777
# status: 0

#### Pass 2

Calibrate
       0.00 Seconds          1   Passes (x 100)
       0.00 Seconds          5   Passes (x 100)
       0.02 Seconds         25   Passes (x 100)
       0.12 Seconds        125   Passes (x 100)
       0.58 Seconds        625   Passes (x 100)

Use 10750  passes (x 100)

          Double Precision C/C++ Whetstone Benchmark

Loop content                  Result              MFLOPS      MOPS   Seconds

N1 floating point     -1.12398255667392033      2627.629              0.079
N2 floating point     -1.12187079889294417      3306.306              0.437
N3 if then else        1.00000000000000000               11872.294    0.094
N4 fixed point        12.00000000000000000                   0.000   -0.000
N5 sin,cos etc.        0.49902937281518261                 257.756    3.470
N6 floating point      0.99999987890802811      1451.203              3.996
N7 assignments         3.00000000000000000                5466.311    0.363
N8 exp,sqrt etc.       0.75100163018453958                 264.297    1.513

MWIPS                                          10802.524              9.951

Calibrate
       0.00 Seconds          1   Passes (x 100)
       0.00 Seconds          5   Passes (x 100)
       0.02 Seconds         25   Passes (x 100)
       0.12 Seconds        125   Passes (x 100)
       0.58 Seconds        625   Passes (x 100)

Use 10800  passes (x 100)

          Double Precision C/C++ Whetstone Benchmark

Loop content                  Result              MFLOPS      MOPS   Seconds

N1 floating point     -1.12398255667392033      2629.196              0.079
N2 floating point     -1.12187079889294417      3305.942              0.439
N3 if then else        1.00000000000000000               11891.622    0.094
N4 fixed point        12.00000000000000000               73801212703.936    0.000
N5 sin,cos etc.        0.49902937281518261                 256.881    3.498
N6 floating point      0.99999987890802811      1452.285              4.011
N7 assignments         3.00000000000000000                5692.967    0.351
N8 exp,sqrt etc.       0.75100163018453958                 264.715    1.518

MWIPS                                          10811.400              9.989


# COUNT0: 10802.524
# COUNT1: 0
# COUNT2: MWIPS
# TIME: 9.951
# elapsed: 11.440029
# pid: 2395788
# status: 0

# COUNT0: 10811.400
# COUNT1: 0
# COUNT2: MWIPS
# TIME: 9.989
# elapsed: 11.477633
# pid: 2395790
# status: 0

#### Pass 3

Calibrate
       0.00 Seconds          1   Passes (x 100)
       0.00 Seconds          5   Passes (x 100)
       0.02 Seconds         25   Passes (x 100)
       0.12 Seconds        125   Passes (x 100)
       0.58 Seconds        625   Passes (x 100)

Use 10759  passes (x 100)

          Double Precision C/C++ Whetstone Benchmark

Loop content                  Result              MFLOPS      MOPS   Seconds

N1 floating point     -1.12398255667392033      2624.053              0.079
N2 floating point     -1.12187079889294417      3301.784              0.438
N3 if then else        1.00000000000000000               11588.309    0.096
N4 fixed point        12.00000000000000000                   0.000   -0.000
N5 sin,cos etc.        0.49902937281518261                 257.680    3.474
N6 floating point      0.99999987890802811      1452.087              3.997
N7 assignments         3.00000000000000000                5608.276    0.355
N8 exp,sqrt etc.       0.75100163018453958                 264.260    1.515

MWIPS                                          10810.555              9.952

Calibrate
       0.00 Seconds          1   Passes (x 100)
       0.00 Seconds          5   Passes (x 100)
       0.02 Seconds         25   Passes (x 100)
       0.12 Seconds        125   Passes (x 100)
       0.58 Seconds        625   Passes (x 100)

Use 10797  passes (x 100)

          Double Precision C/C++ Whetstone Benchmark

Loop content                  Result              MFLOPS      MOPS   Seconds

N1 floating point     -1.12398255667392033      2625.809              0.079
N2 floating point     -1.12187079889294417      3301.836              0.439
N3 if then else        1.00000000000000000               12127.516    0.092
N4 fixed point        12.00000000000000000               53246903633.610    0.000
N5 sin,cos etc.        0.49902937281518261                 257.350    3.491
N6 floating point      0.99999987890802811      1450.097              4.016
N7 assignments         3.00000000000000000                5613.012    0.355
N8 exp,sqrt etc.       0.75100163018453958                 264.666    1.518

MWIPS                                          10807.308              9.990


# COUNT0: 10807.308
# COUNT1: 0
# COUNT2: MWIPS
# TIME: 9.990
# elapsed: 11.480077
# pid: 2395800
# status: 0

# COUNT0: 10810.555
# COUNT1: 0
# COUNT2: MWIPS
# TIME: 9.952
# elapsed: 11.441423
# pid: 2395802
# status: 0

#### Pass 4

Calibrate
       0.00 Seconds          1   Passes (x 100)
       0.00 Seconds          5   Passes (x 100)
       0.02 Seconds         25   Passes (x 100)
       0.12 Seconds        125   Passes (x 100)
       0.58 Seconds        625   Passes (x 100)

Use 10772  passes (x 100)

          Double Precision C/C++ Whetstone Benchmark

Loop content                  Result              MFLOPS      MOPS   Seconds

N1 floating point     -1.12398255667392033      2620.154              0.079
N2 floating point     -1.12187079889294417      3297.753              0.439
N3 if then else        1.00000000000000000               11739.263    0.095
N4 fixed point        12.00000000000000000                   0.000   -0.000
N5 sin,cos etc.        0.49902937281518261                 257.481    3.481
N6 floating point      0.99999987890802811      1449.316              4.009
N7 assignments         3.00000000000000000                5637.173    0.353
N8 exp,sqrt etc.       0.75100163018453958                 264.072    1.517

MWIPS                                          10800.778              9.973

Calibrate
       0.00 Seconds          1   Passes (x 100)
       0.00 Seconds          5   Passes (x 100)
       0.02 Seconds         25   Passes (x 100)
       0.12 Seconds        125   Passes (x 100)
       0.58 Seconds        625   Passes (x 100)

Use 10793  passes (x 100)

          Double Precision C/C++ Whetstone Benchmark

Loop content                  Result              MFLOPS      MOPS   Seconds

N1 floating point     -1.12398255667392033      2619.929              0.079
N2 floating point     -1.12187079889294417      3297.701              0.440
N3 if then else        1.00000000000000000               11812.281    0.095
N4 fixed point        12.00000000000000000               3125344874.519    0.000
N5 sin,cos etc.        0.49902937281518261                 257.032    3.494
N6 floating point      0.99999987890802811      1450.924              4.012
N7 assignments         3.00000000000000000                5773.163    0.345
N8 exp,sqrt etc.       0.75100163018453958                 264.261    1.519

MWIPS                                          10809.819              9.984


# COUNT0: 10809.819
# COUNT1: 0
# COUNT2: MWIPS
# TIME: 9.984
# elapsed: 11.475719
# pid: 2395812
# status: 0

# COUNT0: 10800.778
# COUNT1: 0
# COUNT2: MWIPS
# TIME: 9.973
# elapsed: 11.464032
# pid: 2395814
# status: 0

#### Pass 5

Calibrate
       0.00 Seconds          1   Passes (x 100)
       0.01 Seconds          5   Passes (x 100)
       0.03 Seconds         25   Passes (x 100)
       0.13 Seconds        125   Passes (x 100)
       0.59 Seconds        625   Passes (x 100)

Use 10561  passes (x 100)

          Double Precision C/C++ Whetstone Benchmark

Loop content                  Result              MFLOPS      MOPS   Seconds

N1 floating point     -1.12398255667392033      2619.099              0.077
N2 floating point     -1.12187079889294417      3297.069              0.431
N3 if then else        1.00000000000000000               11657.243    0.094
N4 fixed point        12.00000000000000000               6813111316880.372    0.000
N5 sin,cos etc.        0.49902937281518261                 257.162    3.417
N6 floating point      0.99999987890802811      1450.631              3.927
N7 assignments         3.00000000000000000                5147.197    0.379
N8 exp,sqrt etc.       0.75100163018453958                 262.609    1.496

MWIPS                                          10753.834              9.821

Calibrate
       0.00 Seconds          1   Passes (x 100)
       0.00 Seconds          5   Passes (x 100)
       0.02 Seconds         25   Passes (x 100)
       0.12 Seconds        125   Passes (x 100)
       0.59 Seconds        625   Passes (x 100)

Use 10680  passes (x 100)

          Double Precision C/C++ Whetstone Benchmark

Loop content                  Result              MFLOPS      MOPS   Seconds

N1 floating point     -1.12398255667392033      2619.185              0.078
N2 floating point     -1.12187079889294417      3295.729              0.436
N3 if then else        1.00000000000000000               12031.351    0.092
N4 fixed point        12.00000000000000000               50684185484.912    0.000
N5 sin,cos etc.        0.49902937281518261                 255.520    3.478
N6 floating point      0.99999987890802811      1448.099              3.978
N7 assignments         3.00000000000000000                5419.817    0.364
N8 exp,sqrt etc.       0.75100163018453958                 265.153    1.498

MWIPS                                          10761.886              9.924


# COUNT0: 10753.834
# COUNT1: 0
# COUNT2: MWIPS
# TIME: 9.821
# elapsed: 11.325114
# pid: 2395824
# status: 0

# COUNT0: 10761.886
# COUNT1: 0
# COUNT2: MWIPS
# TIME: 9.924
# elapsed: 11.422218
# pid: 2395826
# status: 0

#### Pass 6

Calibrate
       0.00 Seconds          1   Passes (x 100)
       0.00 Seconds          5   Passes (x 100)
       0.02 Seconds         25   Passes (x 100)
       0.12 Seconds        125   Passes (x 100)
       0.58 Seconds        625   Passes (x 100)

Use 10724  passes (x 100)

          Double Precision C/C++ Whetstone Benchmark

Loop content                  Result              MFLOPS      MOPS   Seconds

N1 floating point     -1.12398255667392033      2614.839              0.079
N2 floating point     -1.12187079889294417      3292.139              0.438
N3 if then else        1.00000000000000000               11944.923    0.093
N4 fixed point        12.00000000000000000               40539194695.254    0.000
N5 sin,cos etc.        0.49902937281518261                 257.481    3.465
N6 floating point      0.99999987890802811      1450.620              3.988
N7 assignments         3.00000000000000000                5391.526    0.368
N8 exp,sqrt etc.       0.75100163018453958                 264.113    1.510

MWIPS                                          10788.328              9.940

Calibrate
       0.00 Seconds          1   Passes (x 100)
       0.00 Seconds          5   Passes (x 100)
       0.02 Seconds         25   Passes (x 100)
       0.12 Seconds        125   Passes (x 100)
       0.58 Seconds        625   Passes (x 100)

Use 10785  passes (x 100)

          Double Precision C/C++ Whetstone Benchmark

Loop content                  Result              MFLOPS      MOPS   Seconds

N1 floating point     -1.12398255667392033      2614.786              0.079
N2 floating point     -1.12187079889294417      3292.770              0.440
N3 if then else        1.00000000000000000               12069.633    0.092
N4 fixed point        12.00000000000000000               52709234498.707    0.000
N5 sin,cos etc.        0.49902937281518261                 256.491    3.498
N6 floating point      0.99999987890802811      1448.727              4.016
N7 assignments         3.00000000000000000                5582.917    0.357
N8 exp,sqrt etc.       0.75100163018453958                 264.847    1.515

MWIPS                                          10787.492              9.998


# COUNT0: 10787.492
# COUNT1: 0
# COUNT2: MWIPS
# TIME: 9.998
# elapsed: 11.490973
# pid: 2395836
# status: 0

# COUNT0: 10788.328
# COUNT1: 0
# COUNT2: MWIPS
# TIME: 9.940
# elapsed: 11.432382
# pid: 2395838
# status: 0

#### Pass 7

Calibrate
       0.00 Seconds          1   Passes (x 100)
       0.00 Seconds          5   Passes (x 100)
       0.02 Seconds         25   Passes (x 100)
       0.12 Seconds        125   Passes (x 100)
       0.58 Seconds        625   Passes (x 100)

Use 10740  passes (x 100)

          Double Precision C/C++ Whetstone Benchmark

Loop content                  Result              MFLOPS      MOPS   Seconds

N1 floating point     -1.12398255667392033      2609.970              0.079
N2 floating point     -1.12187079889294417      3284.898              0.439
N3 if then else        1.00000000000000000               12140.041    0.092
N4 fixed point        12.00000000000000000               85703453838.078    0.000
N5 sin,cos etc.        0.49902937281518261                 257.740    3.467
N6 floating point      0.99999987890802811      1453.525              3.986
N7 assignments         3.00000000000000000                5436.499    0.365
N8 exp,sqrt etc.       0.75100163018453958                 264.212    1.512

MWIPS                                          10805.106              9.940

Calibrate
       0.00 Seconds          1   Passes (x 100)
       0.00 Seconds          5   Passes (x 100)
       0.02 Seconds         25   Passes (x 100)
       0.12 Seconds        125   Passes (x 100)
       0.58 Seconds        625   Passes (x 100)

Use 10787  passes (x 100)

          Double Precision C/C++ Whetstone Benchmark

Loop content                  Result              MFLOPS      MOPS   Seconds

N1 floating point     -1.12398255667392033      2608.979              0.079
N2 floating point     -1.12187079889294417      3285.359              0.441
N3 if then else        1.00000000000000000               12379.739    0.090
N4 fixed point        12.00000000000000000               30757609847.373    0.000
N5 sin,cos etc.        0.49902937281518261                 256.445    3.500
N6 floating point      0.99999987890802811      1451.260              4.009
N7 assignments         3.00000000000000000                5578.919    0.357
N8 exp,sqrt etc.       0.75100163018453958                 264.777    1.516

MWIPS                                          10794.924              9.993


# COUNT0: 10794.924
# COUNT1: 0
# COUNT2: MWIPS
# TIME: 9.993
# elapsed: 11.487543
# pid: 2395848
# status: 0

# COUNT0: 10805.106
# COUNT1: 0
# COUNT2: MWIPS
# TIME: 9.940
# elapsed: 11.433661
# pid: 2395850
# status: 0

#### Pass 8

Calibrate
       0.00 Seconds          1   Passes (x 100)
       0.00 Seconds          5   Passes (x 100)
       0.02 Seconds         25   Passes (x 100)
       0.12 Seconds        125   Passes (x 100)
       0.58 Seconds        625   Passes (x 100)

Use 10794  passes (x 100)

          Double Precision C/C++ Whetstone Benchmark

Loop content                  Result              MFLOPS      MOPS   Seconds

N1 floating point     -1.12398255667392033      2631.566              0.079
N2 floating point     -1.12187079889294417      3307.698              0.439
N3 if then else        1.00000000000000000               12460.165    0.090
N4 fixed point        12.00000000000000000                   0.000   -0.000
N5 sin,cos etc.        0.49902937281518261                 257.768    3.484
N6 floating point      0.99999987890802811      1451.129              4.012
N7 assignments         3.00000000000000000                5646.335    0.353
N8 exp,sqrt etc.       0.75100163018453958                 264.388    1.519

MWIPS                                          10820.781              9.975

Calibrate
       0.00 Seconds          1   Passes (x 100)
       0.00 Seconds          5   Passes (x 100)
       0.02 Seconds         25   Passes (x 100)
       0.12 Seconds        125   Passes (x 100)
       0.58 Seconds        625   Passes (x 100)

Use 10807  passes (x 100)

          Double Precision C/C++ Whetstone Benchmark

Loop content                  Result              MFLOPS      MOPS   Seconds

N1 floating point     -1.12398255667392033      2631.869              0.079
N2 floating point     -1.12187079889294417      3308.469              0.439
N3 if then else        1.00000000000000000               11836.876    0.094
N4 fixed point        12.00000000000000000               244624980752.005    0.000
N5 sin,cos etc.        0.49902937281518261                 257.164    3.496
N6 floating point      0.99999987890802811      1453.998              4.009
N7 assignments         3.00000000000000000                5807.578    0.344
N8 exp,sqrt etc.       0.75100163018453958                 264.365    1.521

MWIPS                                          10825.987              9.982


# COUNT0: 10825.987
# COUNT1: 0
# COUNT2: MWIPS
# TIME: 9.982
# elapsed: 11.471253
# pid: 2395860
# status: 0

# COUNT0: 10820.781
# COUNT1: 0
# COUNT2: MWIPS
# TIME: 9.975
# elapsed: 11.463042
# pid: 2395862
# status: 0

#### Pass 9

Calibrate
       0.00 Seconds          1   Passes (x 100)
       0.00 Seconds          5   Passes (x 100)
       0.02 Seconds         25   Passes (x 100)
       0.12 Seconds        125   Passes (x 100)
       0.58 Seconds        625   Passes (x 100)

Use 10790  passes (x 100)

          Double Precision C/C++ Whetstone Benchmark

Loop content                  Result              MFLOPS      MOPS   Seconds

N1 floating point     -1.12398255667392033      2627.459              0.079
N2 floating point     -1.12187079889294417      3299.034              0.440
N3 if then else        1.00000000000000000               12329.333    0.091
N4 fixed point        12.00000000000000000               75841687567.428    0.000
N5 sin,cos etc.        0.49902937281518261                 257.630    3.485
N6 floating point      0.99999987890802811      1451.073              4.011
N7 assignments         3.00000000000000000                5674.130    0.351
N8 exp,sqrt etc.       0.75100163018453958                 264.251    1.519

MWIPS                                          10817.190              9.975

Calibrate
       0.00 Seconds          1   Passes (x 100)
       0.00 Seconds          5   Passes (x 100)
       0.02 Seconds         25   Passes (x 100)
       0.12 Seconds        125   Passes (x 100)
       0.58 Seconds        625   Passes (x 100)

Use 10802  passes (x 100)

          Double Precision C/C++ Whetstone Benchmark

Loop content                  Result              MFLOPS      MOPS   Seconds

N1 floating point     -1.12398255667392033      2627.189              0.079
N2 floating point     -1.12187079889294417      3303.432              0.439
N3 if then else        1.00000000000000000               11859.385    0.094
N4 fixed point        12.00000000000000000               50360151836.144    0.000
N5 sin,cos etc.        0.49902937281518261                 257.462    3.491
N6 floating point      0.99999987890802811      1452.477              4.011
N7 assignments         3.00000000000000000                5824.012    0.343
N8 exp,sqrt etc.       0.75100163018453958                 264.350    1.520

MWIPS                                          10826.101              9.978


# COUNT0: 10817.190
# COUNT1: 0
# COUNT2: MWIPS
# TIME: 9.975
# elapsed: 11.464168
# pid: 2395872
# status: 0

# COUNT0: 10826.101
# COUNT1: 0
# COUNT2: MWIPS
# TIME: 9.978
# elapsed: 11.467130
# pid: 2395874
# status: 0

#### Pass 10

Calibrate
       0.00 Seconds          1   Passes (x 100)
       0.00 Seconds          5   Passes (x 100)
       0.02 Seconds         25   Passes (x 100)
       0.12 Seconds        125   Passes (x 100)
       0.58 Seconds        625   Passes (x 100)

Use 10723  passes (x 100)

          Double Precision C/C++ Whetstone Benchmark

Loop content                  Result              MFLOPS      MOPS   Seconds

N1 floating point     -1.12398255667392033      2625.097              0.078
N2 floating point     -1.12187079889294417      3295.702              0.437
N3 if then else        1.00000000000000000               11711.652    0.095
N4 fixed point        12.00000000000000000               93798258248.298    0.000
N5 sin,cos etc.        0.49902937281518261                 257.723    3.462
N6 floating point      0.99999987890802811      1451.769              3.984
N7 assignments         3.00000000000000000                5402.691    0.367
N8 exp,sqrt etc.       0.75100163018453958                 263.888    1.512

MWIPS                                          10793.545              9.935

Calibrate
       0.00 Seconds          1   Passes (x 100)
       0.00 Seconds          5   Passes (x 100)
       0.02 Seconds         25   Passes (x 100)
       0.12 Seconds        125   Passes (x 100)
       0.58 Seconds        625   Passes (x 100)

Use 10785  passes (x 100)

          Double Precision C/C++ Whetstone Benchmark

Loop content                  Result              MFLOPS      MOPS   Seconds

N1 floating point     -1.12398255667392033      2624.806              0.079
N2 floating point     -1.12187079889294417      3300.508              0.439
N3 if then else        1.00000000000000000               11868.147    0.094
N4 fixed point        12.00000000000000000                   0.000   -0.000
N5 sin,cos etc.        0.49902937281518261                 256.516    3.498
N6 floating point      0.99999987890802811      1449.956              4.012
N7 assignments         3.00000000000000000                5536.424    0.360
N8 exp,sqrt etc.       0.75100163018453958                 264.883    1.515

MWIPS                                          10788.266              9.997


# COUNT0: 10793.545
# COUNT1: 0
# COUNT2: MWIPS
# TIME: 9.935
# elapsed: 11.423870
# pid: 2395884
# status: 0

# COUNT0: 10788.266
# COUNT1: 0
# COUNT2: MWIPS
# TIME: 9.997
# elapsed: 11.486675
# pid: 2395886
# status: 0

*Dump score:      21515.7
*Dump score:      21575.8
*Dump score:      21581.8
Count score:      21600.0
Count score:      21610.6
Count score:      21613.9
Count score:      21617.9
Count score:      21627.8
Count score:      21643.3
Count score:      21646.8

>>>> Sum of 2 copies
>>>> score: 21622.8956584922
>>>> time: 9.9725
>>>> iterations: 7


########################################################
Execl Throughput -- 2 copies
==> "/mnt/host0/unixbench/UnixBench/pgms/execl" 30 2>&1 >> "/mnt/host0/unixbench/UnixBench/results/uarf-2025-06-04-13.log"

#### Pass 1


# COUNT0: 37275
# COUNT1: 1
# COUNT2: lps
# elapsed: 29.524155
# pid: 2395896
# status: 0

# COUNT0: 37361
# COUNT1: 1
# COUNT2: lps
# elapsed: 29.524060
# pid: 2395898
# status: 0

#### Pass 2


# COUNT0: 37747
# COUNT1: 1
# COUNT2: lps
# elapsed: 29.984230
# pid: 2395908
# status: 0

# COUNT0: 37832
# COUNT1: 1
# COUNT2: lps
# elapsed: 29.984672
# pid: 2395910
# status: 0

#### Pass 3


# COUNT0: 38003
# COUNT1: 1
# COUNT2: lps
# elapsed: 29.987487
# pid: 2395920
# status: 0

# COUNT0: 38099
# COUNT1: 1
# COUNT2: lps
# elapsed: 29.987701
# pid: 2395922
# status: 0

*Dump score:      74636.0
Count score:      75579.0
Count score:      76102.0

>>>> Sum of 2 copies
>>>> score: 2529.18002957671
>>>> time: 29.9860225
>>>> iterations: 2


########################################################
File Copy 1024 bufsize 2000 maxblocks -- 2 copies
==> "/mnt/host0/unixbench/UnixBench/pgms/fstime" -c -t 30 -d "/mnt/host0/unixbench/UnixBench/tmp" -b 1024 -m 2000 2>&1 >> "/mnt/host0/unixbench/UnixBench/results/uarf-2025-06-04-13.log"

#### Pass 1

Write done: 120000 in 2.0397, score 14707
Read done: 120116 in 2.0000, score 15014
Copy done: 872852 in 30.0001, score 7273
Write done: 120000 in 2.0585, score 14573
Read done: 118460 in 2.0000, score 14807
Copy done: 874840 in 30.0001, score 7290

# COUNT0: 7290
# COUNT1: 0
# COUNT2: KBps
# TIME: 30.0
# elapsed: 45.070453
# pid: 2395932
# status: 0

# COUNT0: 7273
# COUNT1: 0
# COUNT2: KBps
# TIME: 30.0
# elapsed: 45.051806
# pid: 2395934
# status: 0

#### Pass 2

Write done: 120000 in 2.0541, score 14605
Read done: 118800 in 2.0001, score 14849
Copy done: 858324 in 30.0001, score 7152
Write done: 120000 in 2.0847, score 14390
Read done: 119956 in 2.0000, score 14994
Copy done: 862280 in 30.0002, score 7185

# COUNT0: 7152
# COUNT1: 0
# COUNT2: KBps
# TIME: 30.0
# elapsed: 45.065366
# pid: 2395944
# status: 0

# COUNT0: 7185
# COUNT1: 0
# COUNT2: KBps
# TIME: 30.0
# elapsed: 45.094727
# pid: 2395946
# status: 0

#### Pass 3

Write done: 120000 in 2.0867, score 14376
Read done: 117404 in 2.0001, score 14674
Copy done: 859488 in 30.0001, score 7162
Write done: 120000 in 2.0952, score 14318
Read done: 119440 in 2.0000, score 14929
Copy done: 860400 in 30.0001, score 7169

# COUNT0: 7169
# COUNT1: 0
# COUNT2: KBps
# TIME: 30.0
# elapsed: 45.105800
# pid: 2395957
# status: 0

# COUNT0: 7162
# COUNT1: 0
# COUNT2: KBps
# TIME: 30.0
# elapsed: 45.098005
# pid: 2395959
# status: 0

*Dump score:      14331.0
Count score:      14337.0
Count score:      14563.0

>>>> Sum of 2 copies
>>>> score: 14449.5581593348
>>>> time: 30
>>>> iterations: 2


########################################################
File Copy 256 bufsize 500 maxblocks -- 2 copies
==> "/mnt/host0/unixbench/UnixBench/pgms/fstime" -c -t 30 -d "/mnt/host0/unixbench/UnixBench/tmp" -b 256 -m 500 2>&1 >> "/mnt/host0/unixbench/UnixBench/results/uarf-2025-06-04-13.log"

#### Pass 1

Write done: 30000 in 2.0884, score 3591
Read done: 28042 in 2.0001, score 3505
Copy done: 218197 in 30.0002, score 1818
Write done: 30000 in 2.1020, score 3568
Read done: 29044 in 2.0000, score 3630
Copy done: 216402 in 30.0001, score 1803

# COUNT0: 1803
# COUNT1: 0
# COUNT2: KBps
# TIME: 30.0
# elapsed: 45.112649
# pid: 2395969
# status: 0

# COUNT0: 1818
# COUNT1: 0
# COUNT2: KBps
# TIME: 30.0
# elapsed: 45.100032
# pid: 2395971
# status: 0

#### Pass 2

Write done: 26000 in 2.0182, score 3220
Read done: 30102 in 2.0000, score 3762
Copy done: 217402 in 30.0001, score 1811
Write done: 30000 in 2.0716, score 3620
Read done: 30300 in 2.0000, score 3787
Copy done: 217137 in 30.0000, score 1809

# COUNT0: 1809
# COUNT1: 0
# COUNT2: KBps
# TIME: 30.0
# elapsed: 45.081337
# pid: 2395981
# status: 0

# COUNT0: 1811
# COUNT1: 0
# COUNT2: KBps
# TIME: 30.0
# elapsed: 45.028791
# pid: 2395983
# status: 0

#### Pass 3

Write done: 30000 in 2.0496, score 3659
Read done: 29791 in 2.0000, score 3723
Copy done: 214444 in 30.0001, score 1787
Write done: 30000 in 2.0642, score 3633
Read done: 29497 in 2.0001, score 3687
Copy done: 213916 in 30.0001, score 1782

# COUNT0: 1782
# COUNT1: 0
# COUNT2: KBps
# TIME: 30.0
# elapsed: 45.075056
# pid: 2395993
# status: 0

# COUNT0: 1787
# COUNT1: 0
# COUNT2: KBps
# TIME: 30.0
# elapsed: 45.060843
# pid: 2395995
# status: 0

*Dump score:       3569.0
Count score:       3620.0
Count score:       3621.0

>>>> Sum of 2 copies
>>>> score: 3620.49996547438
>>>> time: 30
>>>> iterations: 2


########################################################
File Copy 4096 bufsize 8000 maxblocks -- 2 copies
==> "/mnt/host0/unixbench/UnixBench/pgms/fstime" -c -t 30 -d "/mnt/host0/unixbench/UnixBench/tmp" -b 4096 -m 8000 2>&1 >> "/mnt/host0/unixbench/UnixBench/results/uarf-2025-06-04-13.log"

#### Pass 1

Write done: 448000 in 2.0685, score 54146
Read done: 463488 in 2.0001, score 57933
Copy done: 3411664 in 30.0001, score 28430
Write done: 448000 in 2.0923, score 53529
Read done: 464112 in 2.0001, score 58012
Copy done: 3406672 in 30.0001, score 28388

# COUNT0: 28388
# COUNT1: 0
# COUNT2: KBps
# TIME: 30.0
# elapsed: 45.103506
# pid: 2396005
# status: 0

# COUNT0: 28430
# COUNT1: 0
# COUNT2: KBps
# TIME: 30.0
# elapsed: 45.080406
# pid: 2396007
# status: 0

#### Pass 2

Write done: 480000 in 2.1037, score 57041
Read done: 466560 in 2.0000, score 58318
Copy done: 3388688 in 30.0001, score 28239
Write done: 480000 in 2.1099, score 56875
Read done: 458400 in 2.0000, score 57299
Copy done: 3397456 in 30.0000, score 28312

# COUNT0: 28312
# COUNT1: 0
# COUNT2: KBps
# TIME: 30.0
# elapsed: 45.121088
# pid: 2396017
# status: 0

# COUNT0: 28239
# COUNT1: 0
# COUNT2: KBps
# TIME: 30.0
# elapsed: 45.116283
# pid: 2396019
# status: 0

#### Pass 3

Write done: 448000 in 2.0100, score 55721
Read done: 460224 in 2.0001, score 57525
Copy done: 3401536 in 30.0001, score 28346
Write done: 480000 in 2.0774, score 57765
Read done: 461888 in 2.0001, score 57734
Copy done: 3400688 in 30.0001, score 28338

# COUNT0: 28338
# COUNT1: 0
# COUNT2: KBps
# TIME: 30.0
# elapsed: 45.088932
# pid: 2396029
# status: 0

# COUNT0: 28346
# COUNT1: 0
# COUNT2: KBps
# TIME: 30.0
# elapsed: 45.022613
# pid: 2396031
# status: 0

*Dump score:      56551.0
Count score:      56684.0
Count score:      56818.0

>>>> Sum of 2 copies
>>>> score: 56750.9604500224
>>>> time: 30
>>>> iterations: 2


########################################################
Pipe Throughput -- 2 copies
==> "/mnt/host0/unixbench/UnixBench/pgms/pipe" 10 2>&1 >> "/mnt/host0/unixbench/UnixBench/results/uarf-2025-06-04-13.log"

#### Pass 1


# COUNT0: 35002617
# COUNT1: 1
# COUNT2: lps
# elapsed: 10.002886
# pid: 2396042
# status: 0

# COUNT0: 34990933
# COUNT1: 1
# COUNT2: lps
# elapsed: 10.002961
# pid: 2396044
# status: 0

#### Pass 2


# COUNT0: 34997136
# COUNT1: 1
# COUNT2: lps
# elapsed: 10.002959
# pid: 2396054
# status: 0

# COUNT0: 34989132
# COUNT1: 1
# COUNT2: lps
# elapsed: 10.003303
# pid: 2396056
# status: 0

#### Pass 3


# COUNT0: 34997139
# COUNT1: 1
# COUNT2: lps
# elapsed: 10.003101
# pid: 2396066
# status: 0

# COUNT0: 34992244
# COUNT1: 1
# COUNT2: lps
# elapsed: 10.002747
# pid: 2396068
# status: 0

#### Pass 4


# COUNT0: 35019956
# COUNT1: 1
# COUNT2: lps
# elapsed: 10.003387
# pid: 2396078
# status: 0

# COUNT0: 34851587
# COUNT1: 1
# COUNT2: lps
# elapsed: 10.002831
# pid: 2396080
# status: 0

#### Pass 5


# COUNT0: 35172830
# COUNT1: 1
# COUNT2: lps
# elapsed: 10.002891
# pid: 2396090
# status: 0

# COUNT0: 35152207
# COUNT1: 1
# COUNT2: lps
# elapsed: 10.003220
# pid: 2396092
# status: 0

#### Pass 6


# COUNT0: 35009474
# COUNT1: 1
# COUNT2: lps
# elapsed: 10.003065
# pid: 2396102
# status: 0

# COUNT0: 35007009
# COUNT1: 1
# COUNT2: lps
# elapsed: 10.002697
# pid: 2396104
# status: 0

#### Pass 7


# COUNT0: 34996290
# COUNT1: 1
# COUNT2: lps
# elapsed: 10.003175
# pid: 2396114
# status: 0

# COUNT0: 34993399
# COUNT1: 1
# COUNT2: lps
# elapsed: 10.002836
# pid: 2396116
# status: 0

#### Pass 8


# COUNT0: 35195552
# COUNT1: 1
# COUNT2: lps
# elapsed: 10.002927
# pid: 2396126
# status: 0

# COUNT0: 35194624
# COUNT1: 1
# COUNT2: lps
# elapsed: 10.002826
# pid: 2396128
# status: 0

#### Pass 9


# COUNT0: 34938132
# COUNT1: 1
# COUNT2: lps
# elapsed: 10.002822
# pid: 2396138
# status: 0

# COUNT0: 34954552
# COUNT1: 1
# COUNT2: lps
# elapsed: 10.002754
# pid: 2396140
# status: 0

#### Pass 10


# COUNT0: 34688130
# COUNT1: 1
# COUNT2: lps
# elapsed: 10.003657
# pid: 2396150
# status: 0

# COUNT0: 32602247
# COUNT1: 1
# COUNT2: lps
# elapsed: 10.002905
# pid: 2396152
# status: 0

*Dump score:   67290377.0
*Dump score:   69871543.0
*Dump score:   69892684.0
Count score:   69986268.0
Count score:   69989383.0
Count score:   69989689.0
Count score:   69993550.0
Count score:   70016483.0
Count score:   70325037.0
Count score:   70390176.0

>>>> Sum of 2 copies
>>>> score: 7007764.12833941
>>>> time: 10.002971
>>>> iterations: 7


########################################################
Pipe-based Context Switching -- 2 copies
==> "/mnt/host0/unixbench/UnixBench/pgms/context1" 10 2>&1 >> "/mnt/host0/unixbench/UnixBench/results/uarf-2025-06-04-13.log"

#### Pass 1


# COUNT0: 4727476
# COUNT1: 1
# COUNT2: lps
# elapsed: 10.003000
# pid: 2396162
# status: 0

# COUNT0: 4720674
# COUNT1: 1
# COUNT2: lps
# elapsed: 10.003012
# pid: 2396164
# status: 0

#### Pass 2


# COUNT0: 4743550
# COUNT1: 1
# COUNT2: lps
# elapsed: 10.002751
# pid: 2396176
# status: 0

# COUNT0: 4744320
# COUNT1: 1
# COUNT2: lps
# elapsed: 10.002737
# pid: 2396178
# status: 0

#### Pass 3


# COUNT0: 4735001
# COUNT1: 1
# COUNT2: lps
# elapsed: 10.003009
# pid: 2396190
# status: 0

# COUNT0: 4723157
# COUNT1: 1
# COUNT2: lps
# elapsed: 10.002704
# pid: 2396192
# status: 0

#### Pass 4


# COUNT0: 4706545
# COUNT1: 1
# COUNT2: lps
# elapsed: 10.003207
# pid: 2396204
# status: 0

# COUNT0: 4718821
# COUNT1: 1
# COUNT2: lps
# elapsed: 10.003560
# pid: 2396206
# status: 0

#### Pass 5


# COUNT0: 4727198
# COUNT1: 1
# COUNT2: lps
# elapsed: 10.002736
# pid: 2396218
# status: 0

# COUNT0: 4725768
# COUNT1: 1
# COUNT2: lps
# elapsed: 10.002664
# pid: 2396220
# status: 0

#### Pass 6


# COUNT0: 4728944
# COUNT1: 1
# COUNT2: lps
# elapsed: 10.002931
# pid: 2396232
# status: 0

# COUNT0: 4725110
# COUNT1: 1
# COUNT2: lps
# elapsed: 10.002747
# pid: 2396234
# status: 0

#### Pass 7


# COUNT0: 4748929
# COUNT1: 1
# COUNT2: lps
# elapsed: 10.003113
# pid: 2396246
# status: 0

# COUNT0: 4741139
# COUNT1: 1
# COUNT2: lps
# elapsed: 10.002879
# pid: 2396248
# status: 0

#### Pass 8


# COUNT0: 4727405
# COUNT1: 1
# COUNT2: lps
# elapsed: 10.002945
# pid: 2396260
# status: 0

# COUNT0: 4739500
# COUNT1: 1
# COUNT2: lps
# elapsed: 10.002947
# pid: 2396262
# status: 0

#### Pass 9


# COUNT0: 4727890
# COUNT1: 1
# COUNT2: lps
# elapsed: 10.002953
# pid: 2396274
# status: 0

# COUNT0: 4729424
# COUNT1: 1
# COUNT2: lps
# elapsed: 10.002765
# pid: 2396276
# status: 0

#### Pass 10


# COUNT0: 4687955
# COUNT1: 1
# COUNT2: lps
# elapsed: 10.002942
# pid: 2396288
# status: 0

# COUNT0: 4701099
# COUNT1: 1
# COUNT2: lps
# elapsed: 10.002628
# pid: 2396290
# status: 0

*Dump score:    9389054.0
*Dump score:    9425366.0
*Dump score:    9448150.0
Count score:    9452966.0
Count score:    9454054.0
Count score:    9457314.0
Count score:    9458158.0
Count score:    9466905.0
Count score:    9487870.0
Count score:    9490068.0

>>>> Sum of 2 copies
>>>> score: 946405.483363307
>>>> time: 10.0028486428571
>>>> iterations: 7


########################################################
Process Creation -- 2 copies
==> "/mnt/host0/unixbench/UnixBench/pgms/spawn" 30 2>&1 >> "/mnt/host0/unixbench/UnixBench/results/uarf-2025-06-04-13.log"

#### Pass 1


# COUNT0: 838677
# COUNT1: 1
# COUNT2: lps
# elapsed: 30.003106
# pid: 2396302
# status: 0

# COUNT0: 844713
# COUNT1: 1
# COUNT2: lps
# elapsed: 30.003340
# pid: 2396304
# status: 0

#### Pass 2


# COUNT0: 789215
# COUNT1: 1
# COUNT2: lps
# elapsed: 30.002731
# pid: 4079708
# status: 0

# COUNT0: 789344
# COUNT1: 1
# COUNT2: lps
# elapsed: 30.002891
# pid: 4079710
# status: 0

#### Pass 3


# COUNT0: 823878
# COUNT1: 1
# COUNT2: lps
# elapsed: 30.003208
# pid: 1464282
# status: 0

# COUNT0: 801942
# COUNT1: 1
# COUNT2: lps
# elapsed: 30.002636
# pid: 1464284
# status: 0

*Dump score:    1578559.0
Count score:    1625820.0
Count score:    1683390.0

>>>> Sum of 2 copies
>>>> score: 55139.506001261
>>>> time: 30.0030725
>>>> iterations: 2


########################################################
System Call Overhead -- 2 copies
==> "/mnt/host0/unixbench/UnixBench/pgms/syscall" 10 2>&1 >> "/mnt/host0/unixbench/UnixBench/results/uarf-2025-06-04-13.log"

#### Pass 1


# COUNT0: 38557216
# COUNT1: 1
# COUNT2: lps
# elapsed: 10.003142
# pid: 3090117
# status: 0

# COUNT0: 38542577
# COUNT1: 1
# COUNT2: lps
# elapsed: 10.002790
# pid: 3090119
# status: 0

#### Pass 2


# COUNT0: 38568260
# COUNT1: 1
# COUNT2: lps
# elapsed: 10.002955
# pid: 3090129
# status: 0

# COUNT0: 38576294
# COUNT1: 1
# COUNT2: lps
# elapsed: 10.002755
# pid: 3090131
# status: 0

#### Pass 3


# COUNT0: 37014407
# COUNT1: 1
# COUNT2: lps
# elapsed: 10.003133
# pid: 3090141
# status: 0

# COUNT0: 38014280
# COUNT1: 1
# COUNT2: lps
# elapsed: 10.003062
# pid: 3090143
# status: 0

#### Pass 4


# COUNT0: 38500334
# COUNT1: 1
# COUNT2: lps
# elapsed: 10.003239
# pid: 3090153
# status: 0

# COUNT0: 38477801
# COUNT1: 1
# COUNT2: lps
# elapsed: 10.002861
# pid: 3090155
# status: 0

#### Pass 5


# COUNT0: 38560662
# COUNT1: 1
# COUNT2: lps
# elapsed: 10.002847
# pid: 3090165
# status: 0

# COUNT0: 38530877
# COUNT1: 1
# COUNT2: lps
# elapsed: 10.002856
# pid: 3090167
# status: 0

#### Pass 6


# COUNT0: 38547068
# COUNT1: 1
# COUNT2: lps
# elapsed: 10.002899
# pid: 3090177
# status: 0

# COUNT0: 38535855
# COUNT1: 1
# COUNT2: lps
# elapsed: 10.002850
# pid: 3090179
# status: 0

#### Pass 7


# COUNT0: 38593413
# COUNT1: 1
# COUNT2: lps
# elapsed: 10.002881
# pid: 3090189
# status: 0

# COUNT0: 38563991
# COUNT1: 1
# COUNT2: lps
# elapsed: 10.002886
# pid: 3090191
# status: 0

#### Pass 8


# COUNT0: 38628415
# COUNT1: 1
# COUNT2: lps
# elapsed: 10.003150
# pid: 3090201
# status: 0

# COUNT0: 38574444
# COUNT1: 1
# COUNT2: lps
# elapsed: 10.002838
# pid: 3090203
# status: 0

#### Pass 9


# COUNT0: 38513908
# COUNT1: 1
# COUNT2: lps
# elapsed: 10.002857
# pid: 3090213
# status: 0

# COUNT0: 38545073
# COUNT1: 1
# COUNT2: lps
# elapsed: 10.002713
# pid: 3090215
# status: 0

#### Pass 10


# COUNT0: 38504315
# COUNT1: 1
# COUNT2: lps
# elapsed: 10.003159
# pid: 3090225
# status: 0

# COUNT0: 38554177
# COUNT1: 1
# COUNT2: lps
# elapsed: 10.002949
# pid: 3090227
# status: 0

*Dump score:   75028687.0
*Dump score:   76978135.0
*Dump score:   77058492.0
Count score:   77058981.0
Count score:   77082923.0
Count score:   77091539.0
Count score:   77099793.0
Count score:   77144554.0
Count score:   77157404.0
Count score:   77202859.0

>>>> Sum of 2 copies
>>>> score: 7709744.92143274
>>>> time: 10.0028870714286
>>>> iterations: 7


########################################################
Shell Scripts (1 concurrent) -- 2 copies
==> "/mnt/host0/unixbench/UnixBench/pgms/looper" 60 "/mnt/host0/unixbench/UnixBench/pgms/multi.sh" 1 2>&1 >> "/mnt/host0/unixbench/UnixBench/results/uarf-2025-06-04-13.log"

#### Pass 1


# COUNT0: 3211
# COUNT1: 60
# COUNT2: lpm
# elapsed: 60.015543
# pid: 3090237
# status: 0

# COUNT0: 3204
# COUNT1: 60
# COUNT2: lpm
# elapsed: 60.004869
# pid: 3090239
# status: 0

#### Pass 2


# COUNT0: 3207
# COUNT1: 60
# COUNT2: lpm
# elapsed: 60.006020
# pid: 3148002
# status: 0

# COUNT0: 3211
# COUNT1: 60
# COUNT2: lpm
# elapsed: 60.011749
# pid: 3148004
# status: 0

#### Pass 3


# COUNT0: 3212
# COUNT1: 60
# COUNT2: lpm
# elapsed: 60.007928
# pid: 3205794
# status: 0

# COUNT0: 3212
# COUNT1: 60
# COUNT2: lpm
# elapsed: 60.009575
# pid: 3205796
# status: 0

*Dump score:       6415.0
Count score:       6418.0
Count score:       6424.0

>>>> Sum of 2 copies
>>>> score: 6420.05576498289
>>>> time: 60.008818
>>>> iterations: 2


########################################################
Shell Scripts (8 concurrent) -- 2 copies
==> "/mnt/host0/unixbench/UnixBench/pgms/looper" 60 "/mnt/host0/unixbench/UnixBench/pgms/multi.sh" 8 2>&1 >> "/mnt/host0/unixbench/UnixBench/results/uarf-2025-06-04-13.log"

#### Pass 1


# COUNT0: 561
# COUNT1: 60
# COUNT2: lpm
# elapsed: 60.101317
# pid: 3263641
# status: 0

# COUNT0: 561
# COUNT1: 60
# COUNT2: lpm
# elapsed: 60.102682
# pid: 3263643
# status: 0

#### Pass 2


# COUNT0: 560
# COUNT1: 60
# COUNT2: lpm
# elapsed: 60.040476
# pid: 3336713
# status: 0

# COUNT0: 560
# COUNT1: 60
# COUNT2: lpm
# elapsed: 60.039953
# pid: 3336715
# status: 0

#### Pass 3


# COUNT0: 560
# COUNT1: 60
# COUNT2: lpm
# elapsed: 60.027014
# pid: 3409655
# status: 0

# COUNT0: 560
# COUNT1: 60
# COUNT2: lpm
# elapsed: 60.025221
# pid: 3409657
# status: 0

*Dump score:       1120.0
Count score:       1120.0
Count score:       1122.0

>>>> Sum of 2 copies
>>>> score: 1119.80422796466
>>>> time: 60.0640585
>>>> iterations: 2

