
########################################################
Dhrystone 2 using register variables -- 1 copy
==> "/mnt/host0/unixbench/UnixBench/pgms/dhry2reg" 10 2>&1 >> "/mnt/host0/unixbench/UnixBench/results/uarf-2025-06-04-12.log"

#### Pass 1


# COUNT0: 973117553
# COUNT1: 1
# COUNT2: lps
# elapsed: 10.002496
# pid: 2572816
# status: 0

#### Pass 2


# COUNT0: 976887433
# COUNT1: 1
# COUNT2: lps
# elapsed: 10.002398
# pid: 2572825
# status: 0

#### Pass 3


# COUNT0: 965977695
# COUNT1: 1
# COUNT2: lps
# elapsed: 10.002594
# pid: 2572834
# status: 0

#### Pass 4


# COUNT0: 982278944
# COUNT1: 1
# COUNT2: lps
# elapsed: 10.002430
# pid: 2572843
# status: 0

#### Pass 5


# COUNT0: 978436557
# COUNT1: 1
# COUNT2: lps
# elapsed: 10.002596
# pid: 2572852
# status: 0

#### Pass 6


# COUNT0: 977805245
# COUNT1: 1
# COUNT2: lps
# elapsed: 10.002392
# pid: 2572861
# status: 0

#### Pass 7


# COUNT0: 980762942
# COUNT1: 1
# COUNT2: lps
# elapsed: 10.002525
# pid: 2572870
# status: 0

#### Pass 8


# COUNT0: 975904562
# COUNT1: 1
# COUNT2: lps
# elapsed: 10.002426
# pid: 2572879
# status: 0

#### Pass 9


# COUNT0: 978703330
# COUNT1: 1
# COUNT2: lps
# elapsed: 10.002609
# pid: 2572888
# status: 0

#### Pass 10


# COUNT0: 978357111
# COUNT1: 1
# COUNT2: lps
# elapsed: 10.002404
# pid: 2572897
# status: 0

*Dump score:  965977695.0
*Dump score:  973117553.0
*Dump score:  975904562.0
Count score:  976887433.0
Count score:  977805245.0
Count score:  978357111.0
Count score:  978436557.0
Count score:  978703330.0
Count score:  980762942.0
Count score:  982278944.0

>>>> Results of 1 copy
>>>> score: 97878892.5816885
>>>> time: 10.0024791428571
>>>> iterations: 7


########################################################
Double-Precision Whetstone -- 1 copy
==> "/mnt/host0/unixbench/UnixBench/pgms/whetstone-double"  2>&1 >> "/mnt/host0/unixbench/UnixBench/results/uarf-2025-06-04-12.log"

#### Pass 1

Calibrate
       0.00 Seconds          1   Passes (x 100)
       0.00 Seconds          5   Passes (x 100)
       0.02 Seconds         25   Passes (x 100)
       0.11 Seconds        125   Passes (x 100)
       0.55 Seconds        625   Passes (x 100)

Use 11429  passes (x 100)

          Double Precision C/C++ Whetstone Benchmark

Loop content                  Result              MFLOPS      MOPS   Seconds

N1 floating point     -1.12398255667392033      2703.586              0.081
N2 floating point     -1.12187079889294417      3357.907              0.457
N3 if then else        1.00000000000000000               16055.468    0.074
N4 fixed point        12.00000000000000000               132923065366.155    0.000
N5 sin,cos etc.        0.49902937281518261                 298.440    3.186
N6 floating point      0.99999987890802811      1461.848              4.217
N7 assignments         3.00000000000000000                5349.894    0.395
N8 exp,sqrt etc.       0.75100163018453958                 283.115    1.502

MWIPS                                          11530.317              9.912


# COUNT0: 11530.317
# COUNT1: 0
# COUNT2: MWIPS
# TIME: 9.912
# elapsed: 11.379861
# pid: 2572906
# status: 0

#### Pass 2

Calibrate
       0.00 Seconds          1   Passes (x 100)
       0.00 Seconds          5   Passes (x 100)
       0.02 Seconds         25   Passes (x 100)
       0.11 Seconds        125   Passes (x 100)
       0.55 Seconds        625   Passes (x 100)

Use 11436  passes (x 100)

          Double Precision C/C++ Whetstone Benchmark

Loop content                  Result              MFLOPS      MOPS   Seconds

N1 floating point     -1.12398255667392033      2704.262              0.081
N2 floating point     -1.12187079889294417      3357.526              0.458
N3 if then else        1.00000000000000000               16067.668    0.074
N4 fixed point        12.00000000000000000                   0.000   -0.000
N5 sin,cos etc.        0.49902937281518261                 298.837    3.184
N6 floating point      0.99999987890802811      1462.309              4.218
N7 assignments         3.00000000000000000                5359.959    0.394
N8 exp,sqrt etc.       0.75100163018453958                 283.161    1.502

MWIPS                                          11537.960              9.912


# COUNT0: 11537.960
# COUNT1: 0
# COUNT2: MWIPS
# TIME: 9.912
# elapsed: 11.379410
# pid: 2572915
# status: 0

#### Pass 3

Calibrate
       0.00 Seconds          1   Passes (x 100)
       0.00 Seconds          5   Passes (x 100)
       0.02 Seconds         25   Passes (x 100)
       0.11 Seconds        125   Passes (x 100)
       0.55 Seconds        625   Passes (x 100)

Use 11429  passes (x 100)

          Double Precision C/C++ Whetstone Benchmark

Loop content                  Result              MFLOPS      MOPS   Seconds

N1 floating point     -1.12398255667392033      2704.922              0.081
N2 floating point     -1.12187079889294417      3358.288              0.457
N3 if then else        1.00000000000000000               16062.403    0.074
N4 fixed point        12.00000000000000000               150759387377.543    0.000
N5 sin,cos etc.        0.49902937281518261                 298.209    3.189
N6 floating point      0.99999987890802811      1462.006              4.217
N7 assignments         3.00000000000000000                5361.219    0.394
N8 exp,sqrt etc.       0.75100163018453958                 283.151    1.502

MWIPS                                          11529.312              9.913


# COUNT0: 11529.312
# COUNT1: 0
# COUNT2: MWIPS
# TIME: 9.913
# elapsed: 11.380560
# pid: 2572925
# status: 0

#### Pass 4

Calibrate
       0.00 Seconds          1   Passes (x 100)
       0.00 Seconds          5   Passes (x 100)
       0.02 Seconds         25   Passes (x 100)
       0.11 Seconds        125   Passes (x 100)
       0.55 Seconds        625   Passes (x 100)

Use 11433  passes (x 100)

          Double Precision C/C++ Whetstone Benchmark

Loop content                  Result              MFLOPS      MOPS   Seconds

N1 floating point     -1.12398255667392033      2703.905              0.081
N2 floating point     -1.12187079889294417      3358.354              0.458
N3 if then else        1.00000000000000000               16050.407    0.074
N4 fixed point        12.00000000000000000               72733750095.159    0.000
N5 sin,cos etc.        0.49902937281518261                 298.510    3.187
N6 floating point      0.99999987890802811      1461.538              4.220
N7 assignments         3.00000000000000000                5361.518    0.394
N8 exp,sqrt etc.       0.75100163018453958                 283.189    1.502

MWIPS                                          11531.655              9.914


# COUNT0: 11531.655
# COUNT1: 0
# COUNT2: MWIPS
# TIME: 9.914
# elapsed: 11.382119
# pid: 2572934
# status: 0

#### Pass 5

Calibrate
       0.00 Seconds          1   Passes (x 100)
       0.00 Seconds          5   Passes (x 100)
       0.02 Seconds         25   Passes (x 100)
       0.11 Seconds        125   Passes (x 100)
       0.55 Seconds        625   Passes (x 100)

Use 11434  passes (x 100)

          Double Precision C/C++ Whetstone Benchmark

Loop content                  Result              MFLOPS      MOPS   Seconds

N1 floating point     -1.12398255667392033      2703.886              0.081
N2 floating point     -1.12187079889294417      3358.340              0.458
N3 if then else        1.00000000000000000               16056.379    0.074
N4 fixed point        12.00000000000000000               46529010800.416    0.000
N5 sin,cos etc.        0.49902937281518261                 298.577    3.186
N6 floating point      0.99999987890802811      1461.835              4.219
N7 assignments         3.00000000000000000                5361.196    0.394
N8 exp,sqrt etc.       0.75100163018453958                 283.232    1.502

MWIPS                                          11533.753              9.914


# COUNT0: 11533.753
# COUNT1: 0
# COUNT2: MWIPS
# TIME: 9.914
# elapsed: 11.381115
# pid: 2572943
# status: 0

#### Pass 6

Calibrate
       0.00 Seconds          1   Passes (x 100)
       0.00 Seconds          5   Passes (x 100)
       0.02 Seconds         25   Passes (x 100)
       0.11 Seconds        125   Passes (x 100)
       0.55 Seconds        625   Passes (x 100)

Use 11434  passes (x 100)

          Double Precision C/C++ Whetstone Benchmark

Loop content                  Result              MFLOPS      MOPS   Seconds

N1 floating point     -1.12398255667392033      2704.072              0.081
N2 floating point     -1.12187079889294417      3358.715              0.458
N3 if then else        1.00000000000000000               16057.893    0.074
N4 fixed point        12.00000000000000000                   0.000   -0.000
N5 sin,cos etc.        0.49902937281518261                 298.503    3.187
N6 floating point      0.99999987890802811      1461.721              4.219
N7 assignments         3.00000000000000000                5362.258    0.394
N8 exp,sqrt etc.       0.75100163018453958                 283.341    1.501

MWIPS                                          11533.276              9.914


# COUNT0: 11533.276
# COUNT1: 0
# COUNT2: MWIPS
# TIME: 9.914
# elapsed: 11.381506
# pid: 2572952
# status: 0

#### Pass 7

Calibrate
       0.00 Seconds          1   Passes (x 100)
       0.00 Seconds          5   Passes (x 100)
       0.02 Seconds         25   Passes (x 100)
       0.11 Seconds        125   Passes (x 100)
       0.55 Seconds        625   Passes (x 100)

Use 11433  passes (x 100)

          Double Precision C/C++ Whetstone Benchmark

Loop content                  Result              MFLOPS      MOPS   Seconds

N1 floating point     -1.12398255667392033      2704.932              0.081
N2 floating point     -1.12187079889294417      3357.481              0.458
N3 if then else        1.00000000000000000               16054.297    0.074
N4 fixed point        12.00000000000000000                   0.000   -0.000
N5 sin,cos etc.        0.49902937281518261                 298.571    3.186
N6 floating point      0.99999987890802811      1461.950              4.218
N7 assignments         3.00000000000000000                5360.947    0.394
N8 exp,sqrt etc.       0.75100163018453958                 283.029    1.503

MWIPS                                          11532.678              9.914


# COUNT0: 11532.678
# COUNT1: 0
# COUNT2: MWIPS
# TIME: 9.914
# elapsed: 11.381220
# pid: 2572961
# status: 0

#### Pass 8

Calibrate
       0.00 Seconds          1   Passes (x 100)
       0.00 Seconds          5   Passes (x 100)
       0.02 Seconds         25   Passes (x 100)
       0.11 Seconds        125   Passes (x 100)
       0.55 Seconds        625   Passes (x 100)

Use 11430  passes (x 100)

          Double Precision C/C++ Whetstone Benchmark

Loop content                  Result              MFLOPS      MOPS   Seconds

N1 floating point     -1.12398255667392033      2703.869              0.081
N2 floating point     -1.12187079889294417      3357.958              0.457
N3 if then else        1.00000000000000000               16055.551    0.074
N4 fixed point        12.00000000000000000               37573104186.654    0.000
N5 sin,cos etc.        0.49902937281518261                 298.228    3.189
N6 floating point      0.99999987890802811      1461.875              4.217
N7 assignments         3.00000000000000000                5360.751    0.394
N8 exp,sqrt etc.       0.75100163018453958                 282.948    1.503

MWIPS                                          11527.688              9.915


# COUNT0: 11527.688
# COUNT1: 0
# COUNT2: MWIPS
# TIME: 9.915
# elapsed: 11.382939
# pid: 2572970
# status: 0

#### Pass 9

Calibrate
       0.00 Seconds          1   Passes (x 100)
       0.00 Seconds          5   Passes (x 100)
       0.02 Seconds         25   Passes (x 100)
       0.11 Seconds        125   Passes (x 100)
       0.55 Seconds        625   Passes (x 100)

Use 11426  passes (x 100)

          Double Precision C/C++ Whetstone Benchmark

Loop content                  Result              MFLOPS      MOPS   Seconds

N1 floating point     -1.12398255667392033      2703.902              0.081
N2 floating point     -1.12187079889294417      3357.348              0.457
N3 if then else        1.00000000000000000               16065.213    0.074
N4 fixed point        12.00000000000000000               68211832545.191    0.000
N5 sin,cos etc.        0.49902937281518261                 298.343    3.186
N6 floating point      0.99999987890802811      1462.091              4.215
N7 assignments         3.00000000000000000                5360.521    0.394
N8 exp,sqrt etc.       0.75100163018453958                 283.018    1.502

MWIPS                                          11530.212              9.910


# COUNT0: 11530.212
# COUNT1: 0
# COUNT2: MWIPS
# TIME: 9.910
# elapsed: 11.377566
# pid: 2572979
# status: 0

#### Pass 10

Calibrate
       0.00 Seconds          1   Passes (x 100)
       0.00 Seconds          5   Passes (x 100)
       0.02 Seconds         25   Passes (x 100)
       0.11 Seconds        125   Passes (x 100)
       0.55 Seconds        625   Passes (x 100)

Use 11436  passes (x 100)

          Double Precision C/C++ Whetstone Benchmark

Loop content                  Result              MFLOPS      MOPS   Seconds

N1 floating point     -1.12398255667392033      2704.275              0.081
N2 floating point     -1.12187079889294417      3358.723              0.458
N3 if then else        1.00000000000000000               16057.458    0.074
N4 fixed point        12.00000000000000000               221882481693.708    0.000
N5 sin,cos etc.        0.49902937281518261                 298.675    3.186
N6 floating point      0.99999987890802811      1462.158              4.219
N7 assignments         3.00000000000000000                5362.952    0.394
N8 exp,sqrt etc.       0.75100163018453958                 283.074    1.503

MWIPS                                          11535.304              9.914


# COUNT0: 11535.304
# COUNT1: 0
# COUNT2: MWIPS
# TIME: 9.914
# elapsed: 11.381420
# pid: 2572989
# status: 0

*Dump score:      11527.7
*Dump score:      11529.3
*Dump score:      11530.2
Count score:      11530.3
Count score:      11531.7
Count score:      11532.7
Count score:      11533.3
Count score:      11533.8
Count score:      11535.3
Count score:      11538.0

>>>> Results of 1 copy
>>>> score: 11533.5630538409
>>>> time: 9.91342857142857
>>>> iterations: 7


########################################################
Execl Throughput -- 1 copy
==> "/mnt/host0/unixbench/UnixBench/pgms/execl" 30 2>&1 >> "/mnt/host0/unixbench/UnixBench/results/uarf-2025-06-04-12.log"

#### Pass 1


# COUNT0: 52745
# COUNT1: 1
# COUNT2: lps
# elapsed: 29.470858
# pid: 2572998
# status: 0

#### Pass 2


# COUNT0: 54029
# COUNT1: 1
# COUNT2: lps
# elapsed: 29.990617
# pid: 2573007
# status: 0

#### Pass 3


# COUNT0: 52410
# COUNT1: 1
# COUNT2: lps
# elapsed: 29.990303
# pid: 2573016
# status: 0

*Dump score:      52410.0
Count score:      52745.0
Count score:      54029.0

>>>> Results of 1 copy
>>>> score: 1795.62243434667
>>>> time: 29.7307375
>>>> iterations: 2


########################################################
File Copy 1024 bufsize 2000 maxblocks -- 1 copy
==> "/mnt/host0/unixbench/UnixBench/pgms/fstime" -c -t 30 -d "/mnt/host0/unixbench/UnixBench/tmp" -b 1024 -m 2000 2>&1 >> "/mnt/host0/unixbench/UnixBench/results/uarf-2025-06-04-12.log"

#### Pass 1

Write done: 160000 in 2.0181, score 19820
Read done: 136492 in 2.0001, score 17060
Copy done: 1056932 in 30.0001, score 8807

# COUNT0: 8807
# COUNT1: 0
# COUNT2: KBps
# TIME: 30.0
# elapsed: 45.027658
# pid: 2573025
# status: 0

#### Pass 2

Write done: 200000 in 2.0873, score 23954
Read done: 137800 in 2.0001, score 17224
Copy done: 1065556 in 30.0001, score 8879

# COUNT0: 8879
# COUNT1: 0
# COUNT2: KBps
# TIME: 30.0
# elapsed: 45.096493
# pid: 2573034
# status: 0

#### Pass 3

Write done: 144000 in 2.1070, score 17085
Read done: 163548 in 2.0000, score 20443
Copy done: 1050980 in 30.0001, score 8758

# COUNT0: 8758
# COUNT1: 0
# COUNT2: KBps
# TIME: 30.0
# elapsed: 45.117570
# pid: 2573043
# status: 0

*Dump score:       8758.0
Count score:       8807.0
Count score:       8879.0

>>>> Results of 1 copy
>>>> score: 8842.92672139717
>>>> time: 30
>>>> iterations: 2


########################################################
File Copy 256 bufsize 500 maxblocks -- 1 copy
==> "/mnt/host0/unixbench/UnixBench/pgms/fstime" -c -t 30 -d "/mnt/host0/unixbench/UnixBench/tmp" -b 256 -m 500 2>&1 >> "/mnt/host0/unixbench/UnixBench/results/uarf-2025-06-04-12.log"

#### Pass 1

Write done: 44000 in 2.0808, score 5286
Read done: 35207 in 2.0000, score 4400
Copy done: 268161 in 30.0001, score 2234

# COUNT0: 2234
# COUNT1: 0
# COUNT2: KBps
# TIME: 30.0
# elapsed: 45.090250
# pid: 2573052
# status: 0

#### Pass 2

Write done: 42000 in 2.0549, score 5109
Read done: 34837 in 2.0001, score 4354
Copy done: 255922 in 30.0001, score 2132

# COUNT0: 2132
# COUNT1: 0
# COUNT2: KBps
# TIME: 30.0
# elapsed: 45.064371
# pid: 2573061
# status: 0

#### Pass 3

Write done: 50000 in 2.0417, score 6122
Read done: 35148 in 2.0000, score 4393
Copy done: 264661 in 30.0001, score 2205

# COUNT0: 2205
# COUNT1: 0
# COUNT2: KBps
# TIME: 30.0
# elapsed: 45.051126
# pid: 2573071
# status: 0

*Dump score:       2132.0
Count score:       2205.0
Count score:       2234.0

>>>> Results of 1 copy
>>>> score: 2219.45263522338
>>>> time: 30
>>>> iterations: 2


########################################################
File Copy 4096 bufsize 8000 maxblocks -- 1 copy
==> "/mnt/host0/unixbench/UnixBench/pgms/fstime" -c -t 30 -d "/mnt/host0/unixbench/UnixBench/tmp" -b 4096 -m 8000 2>&1 >> "/mnt/host0/unixbench/UnixBench/results/uarf-2025-06-04-12.log"

#### Pass 1

Write done: 544000 in 2.0504, score 66329
Read done: 542320 in 2.0001, score 67787
Copy done: 3978944 in 30.0000, score 33157

# COUNT0: 33157
# COUNT1: 0
# COUNT2: KBps
# TIME: 30.0
# elapsed: 45.061676
# pid: 2573080
# status: 0

#### Pass 2

Write done: 544000 in 2.0585, score 66068
Read done: 543616 in 2.0000, score 67950
Copy done: 4076960 in 30.0001, score 33974

# COUNT0: 33974
# COUNT1: 0
# COUNT2: KBps
# TIME: 30.0
# elapsed: 45.068862
# pid: 2573089
# status: 0

#### Pass 3

Write done: 544000 in 2.0240, score 67193
Read done: 551680 in 2.0000, score 68958
Copy done: 4348464 in 30.0001, score 36237

# COUNT0: 36237
# COUNT1: 0
# COUNT2: KBps
# TIME: 30.0
# elapsed: 45.034966
# pid: 2573098
# status: 0

*Dump score:      33157.0
Count score:      33974.0
Count score:      36237.0

>>>> Results of 1 copy
>>>> score: 35087.2603376211
>>>> time: 30
>>>> iterations: 2


########################################################
Pipe Throughput -- 1 copy
==> "/mnt/host0/unixbench/UnixBench/pgms/pipe" 10 2>&1 >> "/mnt/host0/unixbench/UnixBench/results/uarf-2025-06-04-12.log"

#### Pass 1


# COUNT0: 48192728
# COUNT1: 1
# COUNT2: lps
# elapsed: 10.002319
# pid: 2573107
# status: 0

#### Pass 2


# COUNT0: 48994748
# COUNT1: 1
# COUNT2: lps
# elapsed: 10.002599
# pid: 2573116
# status: 0

#### Pass 3


# COUNT0: 48869739
# COUNT1: 1
# COUNT2: lps
# elapsed: 10.002584
# pid: 2573125
# status: 0

#### Pass 4


# COUNT0: 48740535
# COUNT1: 1
# COUNT2: lps
# elapsed: 10.002345
# pid: 2573134
# status: 0

#### Pass 5


# COUNT0: 48727975
# COUNT1: 1
# COUNT2: lps
# elapsed: 10.002548
# pid: 2573143
# status: 0

#### Pass 6


# COUNT0: 48573831
# COUNT1: 1
# COUNT2: lps
# elapsed: 10.002378
# pid: 2573152
# status: 0

#### Pass 7


# COUNT0: 48848530
# COUNT1: 1
# COUNT2: lps
# elapsed: 10.002582
# pid: 2573161
# status: 0

#### Pass 8


# COUNT0: 48786547
# COUNT1: 1
# COUNT2: lps
# elapsed: 10.002430
# pid: 2573170
# status: 0

#### Pass 9


# COUNT0: 48567869
# COUNT1: 1
# COUNT2: lps
# elapsed: 10.002494
# pid: 2573180
# status: 0

#### Pass 10


# COUNT0: 48923481
# COUNT1: 1
# COUNT2: lps
# elapsed: 10.002530
# pid: 2573189
# status: 0

*Dump score:   48192728.0
*Dump score:   48567869.0
*Dump score:   48573831.0
Count score:   48727975.0
Count score:   48740535.0
Count score:   48786547.0
Count score:   48848530.0
Count score:   48869739.0
Count score:   48923481.0
Count score:   48994748.0

>>>> Results of 1 copy
>>>> score: 4882927.75287736
>>>> time: 10.0025168571429
>>>> iterations: 7


########################################################
Pipe-based Context Switching -- 1 copy
==> "/mnt/host0/unixbench/UnixBench/pgms/context1" 10 2>&1 >> "/mnt/host0/unixbench/UnixBench/results/uarf-2025-06-04-12.log"

#### Pass 1


# COUNT0: 245384
# COUNT1: 1
# COUNT2: lps
# elapsed: 10.002237
# pid: 2573198
# status: 0

#### Pass 2


# COUNT0: 248278
# COUNT1: 1
# COUNT2: lps
# elapsed: 10.002156
# pid: 2573208
# status: 0

#### Pass 3


# COUNT0: 245144
# COUNT1: 1
# COUNT2: lps
# elapsed: 10.002379
# pid: 2573218
# status: 0

#### Pass 4


# COUNT0: 247261
# COUNT1: 1
# COUNT2: lps
# elapsed: 10.002247
# pid: 2573228
# status: 0

#### Pass 5


# COUNT0: 246366
# COUNT1: 1
# COUNT2: lps
# elapsed: 10.002324
# pid: 2573238
# status: 0

#### Pass 6


# COUNT0: 247238
# COUNT1: 1
# COUNT2: lps
# elapsed: 10.002148
# pid: 2573248
# status: 0

#### Pass 7


# COUNT0: 244580
# COUNT1: 1
# COUNT2: lps
# elapsed: 10.002296
# pid: 2573258
# status: 0

#### Pass 8


# COUNT0: 244687
# COUNT1: 1
# COUNT2: lps
# elapsed: 10.002424
# pid: 2573268
# status: 0

#### Pass 9


# COUNT0: 245029
# COUNT1: 1
# COUNT2: lps
# elapsed: 10.002427
# pid: 2573278
# status: 0

#### Pass 10


# COUNT0: 246956
# COUNT1: 1
# COUNT2: lps
# elapsed: 10.002277
# pid: 2573288
# status: 0

*Dump score:     244580.0
*Dump score:     244687.0
*Dump score:     245029.0
Count score:     245144.0
Count score:     245384.0
Count score:     246366.0
Count score:     246956.0
Count score:     247238.0
Count score:     247261.0
Count score:     248278.0

>>>> Results of 1 copy
>>>> score: 24660.3303222168
>>>> time: 10.0022525714286
>>>> iterations: 7


########################################################
Process Creation -- 1 copy
==> "/mnt/host0/unixbench/UnixBench/pgms/spawn" 30 2>&1 >> "/mnt/host0/unixbench/UnixBench/results/uarf-2025-06-04-12.log"

#### Pass 1


# COUNT0: 357085
# COUNT1: 1
# COUNT2: lps
# elapsed: 30.002507
# pid: 2573298
# status: 0

#### Pass 2


# COUNT0: 357920
# COUNT1: 1
# COUNT2: lps
# elapsed: 30.002412
# pid: 2930393
# status: 0

#### Pass 3


# COUNT0: 353449
# COUNT1: 1
# COUNT2: lps
# elapsed: 30.002567
# pid: 3288323
# status: 0

*Dump score:     353449.0
Count score:     357085.0
Count score:     357920.0

>>>> Results of 1 copy
>>>> score: 11915.7649797712
>>>> time: 30.0024595
>>>> iterations: 2


########################################################
System Call Overhead -- 1 copy
==> "/mnt/host0/unixbench/UnixBench/pgms/syscall" 10 2>&1 >> "/mnt/host0/unixbench/UnixBench/results/uarf-2025-06-04-12.log"

#### Pass 1


# COUNT0: 45358681
# COUNT1: 1
# COUNT2: lps
# elapsed: 10.002589
# pid: 3641782
# status: 0

#### Pass 2


# COUNT0: 44901971
# COUNT1: 1
# COUNT2: lps
# elapsed: 10.002519
# pid: 3641791
# status: 0

#### Pass 3


# COUNT0: 45347625
# COUNT1: 1
# COUNT2: lps
# elapsed: 10.002544
# pid: 3641800
# status: 0

#### Pass 4


# COUNT0: 45635761
# COUNT1: 1
# COUNT2: lps
# elapsed: 10.002428
# pid: 3641809
# status: 0

#### Pass 5


# COUNT0: 45329520
# COUNT1: 1
# COUNT2: lps
# elapsed: 10.002569
# pid: 3641818
# status: 0

#### Pass 6


# COUNT0: 44444123
# COUNT1: 1
# COUNT2: lps
# elapsed: 10.002388
# pid: 3641827
# status: 0

#### Pass 7


# COUNT0: 45608202
# COUNT1: 1
# COUNT2: lps
# elapsed: 10.002516
# pid: 3641837
# status: 0

#### Pass 8


# COUNT0: 45252079
# COUNT1: 1
# COUNT2: lps
# elapsed: 10.002380
# pid: 3641846
# status: 0

#### Pass 9


# COUNT0: 45201568
# COUNT1: 1
# COUNT2: lps
# elapsed: 10.002623
# pid: 3641855
# status: 0

#### Pass 10


# COUNT0: 45867338
# COUNT1: 1
# COUNT2: lps
# elapsed: 10.002769
# pid: 3641864
# status: 0

*Dump score:   44444123.0
*Dump score:   44901971.0
*Dump score:   45201568.0
Count score:   45252079.0
Count score:   45329520.0
Count score:   45347625.0
Count score:   45358681.0
Count score:   45608202.0
Count score:   45635761.0
Count score:   45867338.0

>>>> Results of 1 copy
>>>> score: 4547357.48001871
>>>> time: 10.0025421428571
>>>> iterations: 7


########################################################
Shell Scripts (1 concurrent) -- 1 copy
==> "/mnt/host0/unixbench/UnixBench/pgms/looper" 60 "/mnt/host0/unixbench/UnixBench/pgms/multi.sh" 1 2>&1 >> "/mnt/host0/unixbench/UnixBench/results/uarf-2025-06-04-12.log"

#### Pass 1


# COUNT0: 4900
# COUNT1: 60
# COUNT2: lpm
# elapsed: 60.002841
# pid: 3641873
# status: 0

#### Pass 2


# COUNT0: 4898
# COUNT1: 60
# COUNT2: lpm
# elapsed: 60.013231
# pid: 3685991
# status: 0

#### Pass 3


# COUNT0: 4895
# COUNT1: 60
# COUNT2: lpm
# elapsed: 60.012614
# pid: 3730091
# status: 0

*Dump score:       4895.0
Count score:       4898.0
Count score:       4900.0

>>>> Results of 1 copy
>>>> score: 4898.34386477492
>>>> time: 60.008036
>>>> iterations: 2


########################################################
Shell Scripts (8 concurrent) -- 1 copy
==> "/mnt/host0/unixbench/UnixBench/pgms/looper" 60 "/mnt/host0/unixbench/UnixBench/pgms/multi.sh" 8 2>&1 >> "/mnt/host0/unixbench/UnixBench/results/uarf-2025-06-04-12.log"

#### Pass 1


# COUNT0: 1055
# COUNT1: 60
# COUNT2: lpm
# elapsed: 60.007778
# pid: 3774164
# status: 0

#### Pass 2


# COUNT0: 1054
# COUNT1: 60
# COUNT2: lpm
# elapsed: 60.043817
# pid: 3842813
# status: 0

#### Pass 3


# COUNT0: 1056
# COUNT1: 60
# COUNT2: lpm
# elapsed: 60.032391
# pid: 3911398
# status: 0

*Dump score:       1054.0
Count score:       1055.0
Count score:       1056.0

>>>> Results of 1 copy
>>>> score: 1055.14670219432
>>>> time: 60.0200845
>>>> iterations: 2


########################################################
Dhrystone 2 using register variables -- 2 copies
==> "/mnt/host0/unixbench/UnixBench/pgms/dhry2reg" 10 2>&1 >> "/mnt/host0/unixbench/UnixBench/results/uarf-2025-06-04-12.log"

#### Pass 1


# COUNT0: 712179228
# COUNT1: 1
# COUNT2: lps
# elapsed: 10.002949
# pid: 3980112
# status: 0

# COUNT0: 712587505
# COUNT1: 1
# COUNT2: lps
# elapsed: 10.003072
# pid: 3980114
# status: 0

#### Pass 2


# COUNT0: 713710324
# COUNT1: 1
# COUNT2: lps
# elapsed: 10.002916
# pid: 3980124
# status: 0

# COUNT0: 713550298
# COUNT1: 1
# COUNT2: lps
# elapsed: 10.002986
# pid: 3980126
# status: 0

#### Pass 3


# COUNT0: 712924759
# COUNT1: 1
# COUNT2: lps
# elapsed: 10.003088
# pid: 3980136
# status: 0

# COUNT0: 712560355
# COUNT1: 1
# COUNT2: lps
# elapsed: 10.002770
# pid: 3980138
# status: 0

#### Pass 4


# COUNT0: 711997739
# COUNT1: 1
# COUNT2: lps
# elapsed: 10.003264
# pid: 3980148
# status: 0

# COUNT0: 712287162
# COUNT1: 1
# COUNT2: lps
# elapsed: 10.002916
# pid: 3980150
# status: 0

#### Pass 5


# COUNT0: 711841349
# COUNT1: 1
# COUNT2: lps
# elapsed: 10.002867
# pid: 3980160
# status: 0

# COUNT0: 712006079
# COUNT1: 1
# COUNT2: lps
# elapsed: 10.003255
# pid: 3980162
# status: 0

#### Pass 6


# COUNT0: 711982663
# COUNT1: 1
# COUNT2: lps
# elapsed: 10.002909
# pid: 3980172
# status: 0

# COUNT0: 712224502
# COUNT1: 1
# COUNT2: lps
# elapsed: 10.002873
# pid: 3980174
# status: 0

#### Pass 7


# COUNT0: 711127689
# COUNT1: 1
# COUNT2: lps
# elapsed: 10.003246
# pid: 3980184
# status: 0

# COUNT0: 711211496
# COUNT1: 1
# COUNT2: lps
# elapsed: 10.002919
# pid: 3980186
# status: 0

#### Pass 8


# COUNT0: 712490568
# COUNT1: 1
# COUNT2: lps
# elapsed: 10.003507
# pid: 3980196
# status: 0

# COUNT0: 712503351
# COUNT1: 1
# COUNT2: lps
# elapsed: 10.002720
# pid: 3980198
# status: 0

#### Pass 9


# COUNT0: 712452741
# COUNT1: 1
# COUNT2: lps
# elapsed: 10.003200
# pid: 3980208
# status: 0

# COUNT0: 712012651
# COUNT1: 1
# COUNT2: lps
# elapsed: 10.002893
# pid: 3980210
# status: 0

#### Pass 10


# COUNT0: 713287572
# COUNT1: 1
# COUNT2: lps
# elapsed: 10.003205
# pid: 3980220
# status: 0

# COUNT0: 713411208
# COUNT1: 1
# COUNT2: lps
# elapsed: 10.002898
# pid: 3980222
# status: 0

*Dump score: 1422339185.0
*Dump score: 1423847428.0
*Dump score: 1424207165.0
Count score: 1424284901.0
Count score: 1424465392.0
Count score: 1424766733.0
Count score: 1424993919.0
Count score: 1425485114.0
Count score: 1426698780.0
Count score: 1427260622.0

>>>> Sum of 2 copies
>>>> score: 142499041.056969
>>>> time: 10.0030274285714
>>>> iterations: 7


########################################################
Double-Precision Whetstone -- 2 copies
==> "/mnt/host0/unixbench/UnixBench/pgms/whetstone-double"  2>&1 >> "/mnt/host0/unixbench/UnixBench/results/uarf-2025-06-04-12.log"

#### Pass 1

Calibrate
       0.00 Seconds          1   Passes (x 100)
       0.00 Seconds          5   Passes (x 100)
       0.02 Seconds         25   Passes (x 100)
       0.12 Seconds        125   Passes (x 100)
       0.58 Seconds        625   Passes (x 100)

Use 10769  passes (x 100)

          Double Precision C/C++ Whetstone Benchmark

Loop content                  Result              MFLOPS      MOPS   Seconds

N1 floating point     -1.12398255667392033      2628.315              0.079
N2 floating point     -1.12187079889294417      3298.541              0.439
N3 if then else        1.00000000000000000               11751.961    0.095
N4 fixed point        12.00000000000000000                   0.000   -0.000
N5 sin,cos etc.        0.49902937281518261                 257.489    3.480
N6 floating point      0.99999987890802811      1452.984              3.998
N7 assignments         3.00000000000000000                5578.743    0.357
N8 exp,sqrt etc.       0.75100163018453958                 264.407    1.515

MWIPS                                          10810.439              9.962

Calibrate
       0.00 Seconds          1   Passes (x 100)
       0.00 Seconds          5   Passes (x 100)
       0.02 Seconds         25   Passes (x 100)
       0.12 Seconds        125   Passes (x 100)
       0.58 Seconds        625   Passes (x 100)

Use 10797  passes (x 100)

          Double Precision C/C++ Whetstone Benchmark

Loop content                  Result              MFLOPS      MOPS   Seconds

N1 floating point     -1.12398255667392033      2628.053              0.079
N2 floating point     -1.12187079889294417      3302.963              0.439
N3 if then else        1.00000000000000000               11955.582    0.093
N4 fixed point        12.00000000000000000                   0.000   -0.000
N5 sin,cos etc.        0.49902937281518261                 256.878    3.497
N6 floating point      0.99999987890802811      1450.664              4.015
N7 assignments         3.00000000000000000                5645.811    0.353
N8 exp,sqrt etc.       0.75100163018453958                 264.666    1.518

MWIPS                                          10803.117              9.994


# COUNT0: 10803.117
# COUNT1: 0
# COUNT2: MWIPS
# TIME: 9.994
# elapsed: 11.483400
# pid: 3980232
# status: 0

# COUNT0: 10810.439
# COUNT1: 0
# COUNT2: MWIPS
# TIME: 9.962
# elapsed: 11.449801
# pid: 3980234
# status: 0

#### Pass 2

Calibrate
       0.00 Seconds          1   Passes (x 100)
       0.00 Seconds          5   Passes (x 100)
       0.02 Seconds         25   Passes (x 100)
       0.12 Seconds        125   Passes (x 100)
       0.58 Seconds        625   Passes (x 100)

Use 10726  passes (x 100)

          Double Precision C/C++ Whetstone Benchmark

Loop content                  Result              MFLOPS      MOPS   Seconds

N1 floating point     -1.12398255667392033      2622.390              0.079
N2 floating point     -1.12187079889294417      3301.698              0.437
N3 if then else        1.00000000000000000               11423.908    0.097
N4 fixed point        12.00000000000000000               34554592844.516    0.000
N5 sin,cos etc.        0.49902937281518261                 257.687    3.463
N6 floating point      0.99999987890802811      1452.202              3.984
N7 assignments         3.00000000000000000                5367.661    0.369
N8 exp,sqrt etc.       0.75100163018453958                 264.185    1.510

MWIPS                                          10791.734              9.939

Calibrate
       0.00 Seconds          1   Passes (x 100)
       0.00 Seconds          5   Passes (x 100)
       0.02 Seconds         25   Passes (x 100)
       0.12 Seconds        125   Passes (x 100)
       0.58 Seconds        625   Passes (x 100)

Use 10786  passes (x 100)

          Double Precision C/C++ Whetstone Benchmark

Loop content                  Result              MFLOPS      MOPS   Seconds

N1 floating point     -1.12398255667392033      2623.985              0.079
N2 floating point     -1.12187079889294417      3301.799              0.439
N3 if then else        1.00000000000000000               11966.217    0.093
N4 fixed point        12.00000000000000000                   0.000   -0.000
N5 sin,cos etc.        0.49902937281518261                 256.245    3.502
N6 floating point      0.99999987890802811      1449.632              4.013
N7 assignments         3.00000000000000000                5585.782    0.357
N8 exp,sqrt etc.       0.75100163018453958                 264.855    1.515

MWIPS                                          10787.555              9.999


# COUNT0: 10791.734
# COUNT1: 0
# COUNT2: MWIPS
# TIME: 9.939
# elapsed: 11.429061
# pid: 3980244
# status: 0

# COUNT0: 10787.555
# COUNT1: 0
# COUNT2: MWIPS
# TIME: 9.999
# elapsed: 11.488519
# pid: 3980246
# status: 0

#### Pass 3

Calibrate
       0.00 Seconds          1   Passes (x 100)
       0.00 Seconds          5   Passes (x 100)
       0.02 Seconds         25   Passes (x 100)
       0.12 Seconds        125   Passes (x 100)
       0.58 Seconds        625   Passes (x 100)

Use 10767  passes (x 100)

          Double Precision C/C++ Whetstone Benchmark

Loop content                  Result              MFLOPS      MOPS   Seconds

N1 floating point     -1.12398255667392033      2616.647              0.079
N2 floating point     -1.12187079889294417      3297.854              0.439
N3 if then else        1.00000000000000000               11811.553    0.094
N4 fixed point        12.00000000000000000                   0.000   -0.000
N5 sin,cos etc.        0.49902937281518261                 257.735    3.476
N6 floating point      0.99999987890802811      1451.425              4.001
N7 assignments         3.00000000000000000                5625.332    0.354
N8 exp,sqrt etc.       0.75100163018453958                 264.350    1.515

MWIPS                                          10812.274              9.958

Calibrate
       0.00 Seconds          1   Passes (x 100)
       0.00 Seconds          5   Passes (x 100)
       0.02 Seconds         25   Passes (x 100)
       0.12 Seconds        125   Passes (x 100)
       0.58 Seconds        625   Passes (x 100)

Use 10794  passes (x 100)

          Double Precision C/C++ Whetstone Benchmark

Loop content                  Result              MFLOPS      MOPS   Seconds

N1 floating point     -1.12398255667392033      2618.225              0.079
N2 floating point     -1.12187079889294417      3297.534              0.440
N3 if then else        1.00000000000000000               12195.616    0.092
N4 fixed point        12.00000000000000000               29841919661.269    0.000
N5 sin,cos etc.        0.49902937281518261                 257.254    3.491
N6 floating point      0.99999987890802811      1449.485              4.017
N7 assignments         3.00000000000000000                5654.899    0.353
N8 exp,sqrt etc.       0.75100163018453958                 264.565    1.518

MWIPS                                          10805.982              9.989


# COUNT0: 10812.274
# COUNT1: 0
# COUNT2: MWIPS
# TIME: 9.958
# elapsed: 11.450286
# pid: 3980256
# status: 0

# COUNT0: 10805.982
# COUNT1: 0
# COUNT2: MWIPS
# TIME: 9.989
# elapsed: 11.480506
# pid: 3980258
# status: 0

#### Pass 4

Calibrate
       0.00 Seconds          1   Passes (x 100)
       0.00 Seconds          5   Passes (x 100)
       0.02 Seconds         25   Passes (x 100)
       0.12 Seconds        125   Passes (x 100)
       0.58 Seconds        625   Passes (x 100)

Use 10752  passes (x 100)

          Double Precision C/C++ Whetstone Benchmark

Loop content                  Result              MFLOPS      MOPS   Seconds

N1 floating point     -1.12398255667392033      2616.512              0.079
N2 floating point     -1.12187079889294417      3294.467              0.439
N3 if then else        1.00000000000000000               11922.488    0.093
N4 fixed point        12.00000000000000000               371796595655.571    0.000
N5 sin,cos etc.        0.49902937281518261                 257.515    3.474
N6 floating point      0.99999987890802811      1449.398              4.001
N7 assignments         3.00000000000000000                5633.582    0.353
N8 exp,sqrt etc.       0.75100163018453958                 264.169    1.514

MWIPS                                          10802.879              9.953

Calibrate
       0.00 Seconds          1   Passes (x 100)
       0.00 Seconds          5   Passes (x 100)
       0.02 Seconds         25   Passes (x 100)
       0.12 Seconds        125   Passes (x 100)
       0.58 Seconds        625   Passes (x 100)

Use 10779  passes (x 100)

          Double Precision C/C++ Whetstone Benchmark

Loop content                  Result              MFLOPS      MOPS   Seconds

N1 floating point     -1.12398255667392033      2614.864              0.079
N2 floating point     -1.12187079889294417      3294.861              0.440
N3 if then else        1.00000000000000000               11883.781    0.094
N4 fixed point        12.00000000000000000                   0.000   -0.000
N5 sin,cos etc.        0.49902937281518261                 257.281    3.486
N6 floating point      0.99999987890802811      1450.760              4.008
N7 assignments         3.00000000000000000                5759.006    0.346
N8 exp,sqrt etc.       0.75100163018453958                 264.351    1.517

MWIPS                                          10812.682              9.969


# COUNT0: 10802.879
# COUNT1: 0
# COUNT2: MWIPS
# TIME: 9.953
# elapsed: 11.445585
# pid: 3980268
# status: 0

# COUNT0: 10812.682
# COUNT1: 0
# COUNT2: MWIPS
# TIME: 9.969
# elapsed: 11.461134
# pid: 3980270
# status: 0

#### Pass 5

Calibrate
       0.00 Seconds          1   Passes (x 100)
       0.00 Seconds          5   Passes (x 100)
       0.02 Seconds         25   Passes (x 100)
       0.12 Seconds        125   Passes (x 100)
       0.58 Seconds        625   Passes (x 100)

Use 10776  passes (x 100)

          Double Precision C/C++ Whetstone Benchmark

Loop content                  Result              MFLOPS      MOPS   Seconds

N1 floating point     -1.12398255667392033      2611.315              0.079
N2 floating point     -1.12187079889294417      3291.077              0.440
N3 if then else        1.00000000000000000               11992.387    0.093
N4 fixed point        12.00000000000000000                   0.000   -0.000
N5 sin,cos etc.        0.49902937281518261                 257.502    3.482
N6 floating point      0.99999987890802811      1449.793              4.009
N7 assignments         3.00000000000000000                5686.187    0.350
N8 exp,sqrt etc.       0.75100163018453958                 264.213    1.517

MWIPS                                          10807.613              9.971

Calibrate
       0.00 Seconds          1   Passes (x 100)
       0.00 Seconds          5   Passes (x 100)
       0.02 Seconds         25   Passes (x 100)
       0.12 Seconds        125   Passes (x 100)
       0.58 Seconds        625   Passes (x 100)

Use 10783  passes (x 100)

          Double Precision C/C++ Whetstone Benchmark

Loop content                  Result              MFLOPS      MOPS   Seconds

N1 floating point     -1.12398255667392033      2612.975              0.079
N2 floating point     -1.12187079889294417      3290.634              0.440
N3 if then else        1.00000000000000000               11886.295    0.094
N4 fixed point        12.00000000000000000                   0.000   -0.000
N5 sin,cos etc.        0.49902937281518261                 256.984    3.491
N6 floating point      0.99999987890802811      1451.249              4.008
N7 assignments         3.00000000000000000                5813.480    0.343
N8 exp,sqrt etc.       0.75100163018453958                 264.302    1.518

MWIPS                                          10812.322              9.973


# COUNT0: 10812.322
# COUNT1: 0
# COUNT2: MWIPS
# TIME: 9.973
# elapsed: 11.467185
# pid: 3980280
# status: 0

# COUNT0: 10807.613
# COUNT1: 0
# COUNT2: MWIPS
# TIME: 9.971
# elapsed: 11.464887
# pid: 3980282
# status: 0

#### Pass 6

Calibrate
       0.00 Seconds          1   Passes (x 100)
       0.00 Seconds          5   Passes (x 100)
       0.02 Seconds         25   Passes (x 100)
       0.12 Seconds        125   Passes (x 100)
       0.58 Seconds        625   Passes (x 100)

Use 10723  passes (x 100)

          Double Precision C/C++ Whetstone Benchmark

Loop content                  Result              MFLOPS      MOPS   Seconds

N1 floating point     -1.12398255667392033      2626.976              0.078
N2 floating point     -1.12187079889294417      3310.154              0.435
N3 if then else        1.00000000000000000               12402.959    0.089
N4 fixed point        12.00000000000000000                   0.000   -0.000
N5 sin,cos etc.        0.49902937281518261                 257.310    3.467
N6 floating point      0.99999987890802811      1452.968              3.981
N7 assignments         3.00000000000000000                5352.810    0.370
N8 exp,sqrt etc.       0.75100163018453958                 264.162    1.510

MWIPS                                          10796.943              9.932

Calibrate
       0.00 Seconds          1   Passes (x 100)
       0.00 Seconds          5   Passes (x 100)
       0.02 Seconds         25   Passes (x 100)
       0.12 Seconds        125   Passes (x 100)
       0.58 Seconds        625   Passes (x 100)

Use 10794  passes (x 100)

          Double Precision C/C++ Whetstone Benchmark

Loop content                  Result              MFLOPS      MOPS   Seconds

N1 floating point     -1.12398255667392033      2628.696              0.079
N2 floating point     -1.12187079889294417      3310.279              0.438
N3 if then else        1.00000000000000000               12646.489    0.088
N4 fixed point        12.00000000000000000                   0.000   -0.000
N5 sin,cos etc.        0.49902937281518261                 256.385    3.503
N6 floating point      0.99999987890802811      1452.704              4.008
N7 assignments         3.00000000000000000                5653.534    0.353
N8 exp,sqrt etc.       0.75100163018453958                 264.736    1.517

MWIPS                                          10809.481              9.986


# COUNT0: 10809.481
# COUNT1: 0
# COUNT2: MWIPS
# TIME: 9.986
# elapsed: 11.475285
# pid: 3980292
# status: 0

# COUNT0: 10796.943
# COUNT1: 0
# COUNT2: MWIPS
# TIME: 9.932
# elapsed: 11.420773
# pid: 3980294
# status: 0

#### Pass 7

Calibrate
       0.00 Seconds          1   Passes (x 100)
       0.00 Seconds          5   Passes (x 100)
       0.02 Seconds         25   Passes (x 100)
       0.12 Seconds        125   Passes (x 100)
       0.58 Seconds        625   Passes (x 100)

Use 10754  passes (x 100)

          Double Precision C/C++ Whetstone Benchmark

Loop content                  Result              MFLOPS      MOPS   Seconds

N1 floating point     -1.12398255667392033      2632.958              0.078
N2 floating point     -1.12187079889294417      3306.349              0.437
N3 if then else        1.00000000000000000               12406.521    0.090
N4 fixed point        12.00000000000000000                   0.000   -0.000
N5 sin,cos etc.        0.49902937281518261                 257.117    3.480
N6 floating point      0.99999987890802811      1451.592              3.996
N7 assignments         3.00000000000000000                5627.992    0.353
N8 exp,sqrt etc.       0.75100163018453958                 264.259    1.514

MWIPS                                          10809.986              9.948

Calibrate
       0.00 Seconds          1   Passes (x 100)
       0.00 Seconds          5   Passes (x 100)
       0.02 Seconds         25   Passes (x 100)
       0.12 Seconds        125   Passes (x 100)
       0.58 Seconds        625   Passes (x 100)

Use 10775  passes (x 100)

          Double Precision C/C++ Whetstone Benchmark

Loop content                  Result              MFLOPS      MOPS   Seconds

N1 floating point     -1.12398255667392033      2633.254              0.079
N2 floating point     -1.12187079889294417      3306.822              0.438
N3 if then else        1.00000000000000000               11831.860    0.094
N4 fixed point        12.00000000000000000                   0.000   -0.000
N5 sin,cos etc.        0.49902937281518261                 256.767    3.491
N6 floating point      0.99999987890802811      1453.542              3.999
N7 assignments         3.00000000000000000                5762.301    0.346
N8 exp,sqrt etc.       0.75100163018453958                 264.290    1.517

MWIPS                                          10815.128              9.963


# COUNT0: 10815.128
# COUNT1: 0
# COUNT2: MWIPS
# TIME: 9.963
# elapsed: 11.450402
# pid: 3980305
# status: 0

# COUNT0: 10809.986
# COUNT1: 0
# COUNT2: MWIPS
# TIME: 9.948
# elapsed: 11.435590
# pid: 3980307
# status: 0

#### Pass 8

Calibrate
       0.00 Seconds          1   Passes (x 100)
       0.00 Seconds          5   Passes (x 100)
       0.02 Seconds         25   Passes (x 100)
       0.12 Seconds        125   Passes (x 100)
       0.58 Seconds        625   Passes (x 100)

Use 10779  passes (x 100)

          Double Precision C/C++ Whetstone Benchmark

Loop content                  Result              MFLOPS      MOPS   Seconds

N1 floating point     -1.12398255667392033      2626.662              0.079
N2 floating point     -1.12187079889294417      3303.938              0.438
N3 if then else        1.00000000000000000               11936.058    0.093
N4 fixed point        12.00000000000000000               385649838571.844    0.000
N5 sin,cos etc.        0.49902937281518261                 257.642    3.481
N6 floating point      0.99999987890802811      1450.849              4.007
N7 assignments         3.00000000000000000                5597.310    0.356
N8 exp,sqrt etc.       0.75100163018453958                 264.293    1.517

MWIPS                                          10809.184              9.972

Calibrate
       0.00 Seconds          1   Passes (x 100)
       0.00 Seconds          5   Passes (x 100)
       0.02 Seconds         25   Passes (x 100)
       0.12 Seconds        125   Passes (x 100)
       0.58 Seconds        625   Passes (x 100)

Use 10794  passes (x 100)

          Double Precision C/C++ Whetstone Benchmark

Loop content                  Result              MFLOPS      MOPS   Seconds

N1 floating point     -1.12398255667392033      2626.880              0.079
N2 floating point     -1.12187079889294417      3304.504              0.439
N3 if then else        1.00000000000000000               11602.952    0.096
N4 fixed point        12.00000000000000000               39244384322.907    0.000
N5 sin,cos etc.        0.49902937281518261                 256.901    3.496
N6 floating point      0.99999987890802811      1452.414              4.009
N7 assignments         3.00000000000000000                5815.219    0.343
N8 exp,sqrt etc.       0.75100163018453958                 264.274    1.519

MWIPS                                          10814.508              9.981


# COUNT0: 10809.184
# COUNT1: 0
# COUNT2: MWIPS
# TIME: 9.972
# elapsed: 11.461336
# pid: 3980317
# status: 0

# COUNT0: 10814.508
# COUNT1: 0
# COUNT2: MWIPS
# TIME: 9.981
# elapsed: 11.470325
# pid: 3980319
# status: 0

#### Pass 9

Calibrate
       0.00 Seconds          1   Passes (x 100)
       0.00 Seconds          5   Passes (x 100)
       0.02 Seconds         25   Passes (x 100)
       0.12 Seconds        125   Passes (x 100)
       0.58 Seconds        625   Passes (x 100)

Use 10769  passes (x 100)

          Double Precision C/C++ Whetstone Benchmark

Loop content                  Result              MFLOPS      MOPS   Seconds

N1 floating point     -1.12398255667392033      2622.867              0.079
N2 floating point     -1.12187079889294417      3300.496              0.439
N3 if then else        1.00000000000000000               11879.738    0.094
N4 fixed point        12.00000000000000000               1443594232129.405    0.000
N5 sin,cos etc.        0.49902937281518261                 257.692    3.477
N6 floating point      0.99999987890802811      1451.624              4.002
N7 assignments         3.00000000000000000                5717.644    0.348
N8 exp,sqrt etc.       0.75100163018453958                 264.256    1.516

MWIPS                                          10819.038              9.954

Calibrate
       0.00 Seconds          1   Passes (x 100)
       0.00 Seconds          5   Passes (x 100)
       0.02 Seconds         25   Passes (x 100)
       0.12 Seconds        125   Passes (x 100)
       0.58 Seconds        625   Passes (x 100)

Use 10777  passes (x 100)

          Double Precision C/C++ Whetstone Benchmark

Loop content                  Result              MFLOPS      MOPS   Seconds

N1 floating point     -1.12398255667392033      2623.122              0.079
N2 floating point     -1.12187079889294417      3300.713              0.439
N3 if then else        1.00000000000000000               11881.586    0.094
N4 fixed point        12.00000000000000000                   0.000   -0.000
N5 sin,cos etc.        0.49902937281518261                 257.214    3.486
N6 floating point      0.99999987890802811      1450.517              4.008
N7 assignments         3.00000000000000000                5677.492    0.351
N8 exp,sqrt etc.       0.75100163018453958                 264.311    1.517

MWIPS                                          10806.432              9.973


# COUNT0: 10819.038
# COUNT1: 0
# COUNT2: MWIPS
# TIME: 9.954
# elapsed: 11.444568
# pid: 3980329
# status: 0

# COUNT0: 10806.432
# COUNT1: 0
# COUNT2: MWIPS
# TIME: 9.973
# elapsed: 11.463205
# pid: 3980331
# status: 0

#### Pass 10

Calibrate
       0.00 Seconds          1   Passes (x 100)
       0.00 Seconds          5   Passes (x 100)
       0.02 Seconds         25   Passes (x 100)
       0.12 Seconds        125   Passes (x 100)
       0.59 Seconds        625   Passes (x 100)

Use 10679  passes (x 100)

          Double Precision C/C++ Whetstone Benchmark

Loop content                  Result              MFLOPS      MOPS   Seconds

N1 floating point     -1.12398255667392033      2619.265              0.078
N2 floating point     -1.12187079889294417      3296.011              0.435
N3 if then else        1.00000000000000000               11495.456    0.096
N4 fixed point        12.00000000000000000               36945797055.133    0.000
N5 sin,cos etc.        0.49902937281518261                 257.510    3.450
N6 floating point      0.99999987890802811      1450.807              3.970
N7 assignments         3.00000000000000000                5272.832    0.374
N8 exp,sqrt etc.       0.75100163018453958                 263.192    1.509

MWIPS                                          10771.365              9.914

Calibrate
       0.00 Seconds          1   Passes (x 100)
       0.00 Seconds          5   Passes (x 100)
       0.02 Seconds         25   Passes (x 100)
       0.12 Seconds        125   Passes (x 100)
       0.58 Seconds        625   Passes (x 100)

Use 10767  passes (x 100)

          Double Precision C/C++ Whetstone Benchmark

Loop content                  Result              MFLOPS      MOPS   Seconds

N1 floating point     -1.12398255667392033      2619.143              0.079
N2 floating point     -1.12187079889294417      3296.959              0.439
N3 if then else        1.00000000000000000               12153.021    0.092
N4 fixed point        12.00000000000000000                   0.000   -0.000
N5 sin,cos etc.        0.49902937281518261                 256.082    3.498
N6 floating point      0.99999987890802811      1448.618              4.009
N7 assignments         3.00000000000000000                5483.375    0.363
N8 exp,sqrt etc.       0.75100163018453958                 265.095    1.511

MWIPS                                          10777.122              9.991


# COUNT0: 10771.365
# COUNT1: 0
# COUNT2: MWIPS
# TIME: 9.914
# elapsed: 11.404365
# pid: 3980341
# status: 0

# COUNT0: 10777.122
# COUNT1: 0
# COUNT2: MWIPS
# TIME: 9.991
# elapsed: 11.481687
# pid: 3980343
# status: 0

*Dump score:      21548.5
*Dump score:      21579.3
*Dump score:      21606.4
Count score:      21613.6
Count score:      21615.6
Count score:      21618.3
Count score:      21619.9
Count score:      21623.7
Count score:      21625.1
Count score:      21625.5

>>>> Sum of 2 copies
>>>> score: 21620.2258442456
>>>> time: 9.96857142857143
>>>> iterations: 7


########################################################
Execl Throughput -- 2 copies
==> "/mnt/host0/unixbench/UnixBench/pgms/execl" 30 2>&1 >> "/mnt/host0/unixbench/UnixBench/results/uarf-2025-06-04-12.log"

#### Pass 1


# COUNT0: 37938
# COUNT1: 1
# COUNT2: lps
# elapsed: 29.515654
# pid: 3980353
# status: 0

# COUNT0: 37938
# COUNT1: 1
# COUNT2: lps
# elapsed: 29.515958
# pid: 3980355
# status: 0

#### Pass 2


# COUNT0: 38609
# COUNT1: 1
# COUNT2: lps
# elapsed: 29.986173
# pid: 3980365
# status: 0

# COUNT0: 38607
# COUNT1: 1
# COUNT2: lps
# elapsed: 29.985916
# pid: 3980367
# status: 0

#### Pass 3


# COUNT0: 38687
# COUNT1: 1
# COUNT2: lps
# elapsed: 29.987308
# pid: 3980377
# status: 0

# COUNT0: 38626
# COUNT1: 1
# COUNT2: lps
# elapsed: 29.986983
# pid: 3980379
# status: 0

*Dump score:      75876.0
Count score:      77216.0
Count score:      77313.0

>>>> Sum of 2 copies
>>>> score: 2576.63415239231
>>>> time: 29.986595
>>>> iterations: 2


########################################################
File Copy 1024 bufsize 2000 maxblocks -- 2 copies
==> "/mnt/host0/unixbench/UnixBench/pgms/fstime" -c -t 30 -d "/mnt/host0/unixbench/UnixBench/tmp" -b 1024 -m 2000 2>&1 >> "/mnt/host0/unixbench/UnixBench/results/uarf-2025-06-04-12.log"

#### Pass 1

Write done: 120000 in 2.0461, score 14661
Read done: 126500 in 2.0000, score 15812
Copy done: 863088 in 30.0000, score 7192
Write done: 120000 in 2.0562, score 14589
Read done: 127332 in 2.0001, score 15915
Copy done: 862308 in 30.0000, score 7185

# COUNT0: 7185
# COUNT1: 0
# COUNT2: KBps
# TIME: 30.0
# elapsed: 45.067161
# pid: 3980389
# status: 0

# COUNT0: 7192
# COUNT1: 0
# COUNT2: KBps
# TIME: 30.0
# elapsed: 45.058248
# pid: 3980391
# status: 0

#### Pass 2

Write done: 120000 in 2.0349, score 14742
Read done: 124240 in 2.0000, score 15529
Copy done: 870728 in 30.0001, score 7256
Write done: 120000 in 2.0378, score 14721
Read done: 124512 in 2.0000, score 15563
Copy done: 870728 in 30.0000, score 7256

# COUNT0: 7256
# COUNT1: 0
# COUNT2: KBps
# TIME: 30.0
# elapsed: 45.048413
# pid: 3980401
# status: 0

# COUNT0: 7256
# COUNT1: 0
# COUNT2: KBps
# TIME: 30.0
# elapsed: 45.046509
# pid: 3980403
# status: 0

#### Pass 3

Write done: 120000 in 2.0449, score 14670
Read done: 105392 in 2.0001, score 13173
Copy done: 874528 in 30.0001, score 7287
Write done: 120000 in 2.0439, score 14678
Read done: 107416 in 2.0001, score 13426
Copy done: 875068 in 30.0001, score 7292

# COUNT0: 7287
# COUNT1: 0
# COUNT2: KBps
# TIME: 30.0
# elapsed: 45.055262
# pid: 3980413
# status: 0

# COUNT0: 7292
# COUNT1: 0
# COUNT2: KBps
# TIME: 30.0
# elapsed: 45.055562
# pid: 3980415
# status: 0

*Dump score:      14377.0
Count score:      14512.0
Count score:      14579.0

>>>> Sum of 2 copies
>>>> score: 14545.4614227257
>>>> time: 30
>>>> iterations: 2


########################################################
File Copy 256 bufsize 500 maxblocks -- 2 copies
==> "/mnt/host0/unixbench/UnixBench/pgms/fstime" -c -t 30 -d "/mnt/host0/unixbench/UnixBench/tmp" -b 256 -m 500 2>&1 >> "/mnt/host0/unixbench/UnixBench/results/uarf-2025-06-04-12.log"

#### Pass 1

Write done: 30000 in 2.0772, score 3610
Read done: 31559 in 2.0000, score 3944
Copy done: 220376 in 30.0001, score 1836
Write done: 30000 in 2.0808, score 3604
Read done: 31867 in 2.0001, score 3983
Copy done: 220457 in 30.0004, score 1837

# COUNT0: 1837
# COUNT1: 0
# COUNT2: KBps
# TIME: 30.0
# elapsed: 45.090362
# pid: 3980425
# status: 0

# COUNT0: 1836
# COUNT1: 0
# COUNT2: KBps
# TIME: 30.0
# elapsed: 45.088452
# pid: 3980427
# status: 0

#### Pass 2

Write done: 28000 in 2.0944, score 3342
Read done: 31283 in 2.0000, score 3910
Copy done: 220422 in 30.0001, score 1836
Write done: 28000 in 2.1154, score 3309
Read done: 30725 in 2.0001, score 3840
Copy done: 220540 in 30.0001, score 1837

# COUNT0: 1837
# COUNT1: 0
# COUNT2: KBps
# TIME: 30.0
# elapsed: 45.126196
# pid: 3980438
# status: 0

# COUNT0: 1836
# COUNT1: 0
# COUNT2: KBps
# TIME: 30.0
# elapsed: 45.105717
# pid: 3980440
# status: 0

#### Pass 3

Write done: 30000 in 2.0191, score 3714
Read done: 28951 in 2.0001, score 3618
Copy done: 219964 in 30.0001, score 1833
Write done: 30000 in 2.0200, score 3712
Read done: 28449 in 2.0001, score 3556
Copy done: 220109 in 30.0001, score 1834

# COUNT0: 1833
# COUNT1: 0
# COUNT2: KBps
# TIME: 30.0
# elapsed: 45.030299
# pid: 3980450
# status: 0

# COUNT0: 1834
# COUNT1: 0
# COUNT2: KBps
# TIME: 30.0
# elapsed: 45.030677
# pid: 3980452
# status: 0

*Dump score:       3667.0
Count score:       3673.0
Count score:       3673.0

>>>> Sum of 2 copies
>>>> score: 3673
>>>> time: 30
>>>> iterations: 2


########################################################
File Copy 4096 bufsize 8000 maxblocks -- 2 copies
==> "/mnt/host0/unixbench/UnixBench/pgms/fstime" -c -t 30 -d "/mnt/host0/unixbench/UnixBench/tmp" -b 4096 -m 8000 2>&1 >> "/mnt/host0/unixbench/UnixBench/results/uarf-2025-06-04-12.log"

#### Pass 1

Write done: 416000 in 2.0040, score 51896
Read done: 484768 in 2.0000, score 60594
Copy done: 3362992 in 30.0000, score 28024
Write done: 416000 in 2.0065, score 51831
Read done: 484048 in 2.0000, score 60504
Copy done: 3368624 in 30.0001, score 28071

# COUNT0: 28071
# COUNT1: 0
# COUNT2: KBps
# TIME: 30.0
# elapsed: 45.017275
# pid: 3980462
# status: 0

# COUNT0: 28024
# COUNT1: 0
# COUNT2: KBps
# TIME: 30.0
# elapsed: 45.016472
# pid: 3980464
# status: 0

#### Pass 2

Write done: 416000 in 2.0067, score 51825
Read done: 488896 in 2.0001, score 61108
Copy done: 3291856 in 30.0001, score 27432
Write done: 448000 in 2.0674, score 54175
Read done: 491312 in 2.0001, score 61412
Copy done: 3291536 in 30.0000, score 27429

# COUNT0: 27429
# COUNT1: 0
# COUNT2: KBps
# TIME: 30.0
# elapsed: 45.079213
# pid: 3980474
# status: 0

# COUNT0: 27432
# COUNT1: 0
# COUNT2: KBps
# TIME: 30.0
# elapsed: 45.020118
# pid: 3980476
# status: 0

#### Pass 3

Write done: 448000 in 2.1058, score 53185
Read done: 483760 in 2.0000, score 60469
Copy done: 3347840 in 30.0002, score 27898
Write done: 448000 in 2.1060, score 53182
Read done: 482976 in 2.0000, score 60371
Copy done: 3345424 in 30.0000, score 27878

# COUNT0: 27878
# COUNT1: 0
# COUNT2: KBps
# TIME: 30.0
# elapsed: 45.119024
# pid: 3980486
# status: 0

# COUNT0: 27898
# COUNT1: 0
# COUNT2: KBps
# TIME: 30.0
# elapsed: 45.118138
# pid: 3980488
# status: 0

*Dump score:      54861.0
Count score:      55776.0
Count score:      56095.0

>>>> Sum of 2 copies
>>>> score: 55935.2725925243
>>>> time: 30
>>>> iterations: 2


########################################################
Pipe Throughput -- 2 copies
==> "/mnt/host0/unixbench/UnixBench/pgms/pipe" 10 2>&1 >> "/mnt/host0/unixbench/UnixBench/results/uarf-2025-06-04-12.log"

#### Pass 1


# COUNT0: 35062287
# COUNT1: 1
# COUNT2: lps
# elapsed: 10.002787
# pid: 3980499
# status: 0

# COUNT0: 35124705
# COUNT1: 1
# COUNT2: lps
# elapsed: 10.003027
# pid: 3980501
# status: 0

#### Pass 2


# COUNT0: 35038456
# COUNT1: 1
# COUNT2: lps
# elapsed: 10.002757
# pid: 3980511
# status: 0

# COUNT0: 35029229
# COUNT1: 1
# COUNT2: lps
# elapsed: 10.002711
# pid: 3980513
# status: 0

#### Pass 3


# COUNT0: 34902280
# COUNT1: 1
# COUNT2: lps
# elapsed: 10.003016
# pid: 3980523
# status: 0

# COUNT0: 34886710
# COUNT1: 1
# COUNT2: lps
# elapsed: 10.003225
# pid: 3980525
# status: 0

#### Pass 4


# COUNT0: 34308187
# COUNT1: 1
# COUNT2: lps
# elapsed: 10.003060
# pid: 3980535
# status: 0

# COUNT0: 34331097
# COUNT1: 1
# COUNT2: lps
# elapsed: 10.002752
# pid: 3980537
# status: 0

#### Pass 5


# COUNT0: 33650768
# COUNT1: 1
# COUNT2: lps
# elapsed: 10.003097
# pid: 3980547
# status: 0

# COUNT0: 34466141
# COUNT1: 1
# COUNT2: lps
# elapsed: 10.002849
# pid: 3980549
# status: 0

#### Pass 6


# COUNT0: 34312028
# COUNT1: 1
# COUNT2: lps
# elapsed: 10.003019
# pid: 3980560
# status: 0

# COUNT0: 34547932
# COUNT1: 1
# COUNT2: lps
# elapsed: 10.003060
# pid: 3980562
# status: 0

#### Pass 7


# COUNT0: 34820704
# COUNT1: 1
# COUNT2: lps
# elapsed: 10.003039
# pid: 3980572
# status: 0

# COUNT0: 34817095
# COUNT1: 1
# COUNT2: lps
# elapsed: 10.002729
# pid: 3980574
# status: 0

#### Pass 8


# COUNT0: 35027036
# COUNT1: 1
# COUNT2: lps
# elapsed: 10.003222
# pid: 3980584
# status: 0

# COUNT0: 35022123
# COUNT1: 1
# COUNT2: lps
# elapsed: 10.002854
# pid: 3980586
# status: 0

#### Pass 9


# COUNT0: 34987169
# COUNT1: 1
# COUNT2: lps
# elapsed: 10.002887
# pid: 3980596
# status: 0

# COUNT0: 34995943
# COUNT1: 1
# COUNT2: lps
# elapsed: 10.002923
# pid: 3980598
# status: 0

#### Pass 10


# COUNT0: 35148206
# COUNT1: 1
# COUNT2: lps
# elapsed: 10.003210
# pid: 3980608
# status: 0

# COUNT0: 35160971
# COUNT1: 1
# COUNT2: lps
# elapsed: 10.002986
# pid: 3980610
# status: 0

*Dump score:   68116909.0
*Dump score:   68639284.0
*Dump score:   68859960.0
Count score:   69637799.0
Count score:   69788990.0
Count score:   69983112.0
Count score:   70049159.0
Count score:   70067685.0
Count score:   70186992.0
Count score:   70309177.0

>>>> Sum of 2 copies
>>>> score: 6998227.20808798
>>>> time: 10.0029552142857
>>>> iterations: 7


########################################################
Pipe-based Context Switching -- 2 copies
==> "/mnt/host0/unixbench/UnixBench/pgms/context1" 10 2>&1 >> "/mnt/host0/unixbench/UnixBench/results/uarf-2025-06-04-12.log"

#### Pass 1


# COUNT0: 4740483
# COUNT1: 1
# COUNT2: lps
# elapsed: 10.003151
# pid: 3980620
# status: 0

# COUNT0: 4739104
# COUNT1: 1
# COUNT2: lps
# elapsed: 10.002788
# pid: 3980622
# status: 0

#### Pass 2


# COUNT0: 4760390
# COUNT1: 1
# COUNT2: lps
# elapsed: 10.003049
# pid: 3980634
# status: 0

# COUNT0: 4764479
# COUNT1: 1
# COUNT2: lps
# elapsed: 10.002878
# pid: 3980636
# status: 0

#### Pass 3


# COUNT0: 4704226
# COUNT1: 1
# COUNT2: lps
# elapsed: 10.003046
# pid: 3980648
# status: 0

# COUNT0: 4707210
# COUNT1: 1
# COUNT2: lps
# elapsed: 10.002940
# pid: 3980650
# status: 0

#### Pass 4


# COUNT0: 4748500
# COUNT1: 1
# COUNT2: lps
# elapsed: 10.002770
# pid: 3980662
# status: 0

# COUNT0: 4747578
# COUNT1: 1
# COUNT2: lps
# elapsed: 10.003311
# pid: 3980664
# status: 0

#### Pass 5


# COUNT0: 4745795
# COUNT1: 1
# COUNT2: lps
# elapsed: 10.003089
# pid: 3980676
# status: 0

# COUNT0: 4745454
# COUNT1: 1
# COUNT2: lps
# elapsed: 10.003481
# pid: 3980678
# status: 0

#### Pass 6


# COUNT0: 4769949
# COUNT1: 1
# COUNT2: lps
# elapsed: 10.003063
# pid: 3980690
# status: 0

# COUNT0: 4771753
# COUNT1: 1
# COUNT2: lps
# elapsed: 10.003537
# pid: 3980692
# status: 0

#### Pass 7


# COUNT0: 4726414
# COUNT1: 1
# COUNT2: lps
# elapsed: 10.002953
# pid: 3980704
# status: 0

# COUNT0: 4705377
# COUNT1: 1
# COUNT2: lps
# elapsed: 10.002562
# pid: 3980706
# status: 0

#### Pass 8


# COUNT0: 4732499
# COUNT1: 1
# COUNT2: lps
# elapsed: 10.003672
# pid: 3980718
# status: 0

# COUNT0: 4738333
# COUNT1: 1
# COUNT2: lps
# elapsed: 10.002815
# pid: 3980720
# status: 0

#### Pass 9


# COUNT0: 4728957
# COUNT1: 1
# COUNT2: lps
# elapsed: 10.002963
# pid: 3980732
# status: 0

# COUNT0: 4729277
# COUNT1: 1
# COUNT2: lps
# elapsed: 10.002759
# pid: 3980734
# status: 0

#### Pass 10


# COUNT0: 4756658
# COUNT1: 1
# COUNT2: lps
# elapsed: 10.003399
# pid: 3980746
# status: 0

# COUNT0: 4753879
# COUNT1: 1
# COUNT2: lps
# elapsed: 10.002860
# pid: 3980748
# status: 0

*Dump score:    9411436.0
*Dump score:    9431791.0
*Dump score:    9458234.0
Count score:    9470832.0
Count score:    9479587.0
Count score:    9491249.0
Count score:    9496078.0
Count score:    9510537.0
Count score:    9524869.0
Count score:    9541702.0

>>>> Sum of 2 copies
>>>> score: 949911.733725006
>>>> time: 10.0031330714286
>>>> iterations: 7


########################################################
Process Creation -- 2 copies
==> "/mnt/host0/unixbench/UnixBench/pgms/spawn" 30 2>&1 >> "/mnt/host0/unixbench/UnixBench/results/uarf-2025-06-04-12.log"

#### Pass 1


# COUNT0: 829787
# COUNT1: 1
# COUNT2: lps
# elapsed: 30.003381
# pid: 3980760
# status: 0

# COUNT0: 862573
# COUNT1: 1
# COUNT2: lps
# elapsed: 30.003057
# pid: 3980762
# status: 0

#### Pass 2


# COUNT0: 857151
# COUNT1: 1
# COUNT2: lps
# elapsed: 30.003695
# pid: 1479131
# status: 0

# COUNT0: 836040
# COUNT1: 1
# COUNT2: lps
# elapsed: 30.003114
# pid: 1479133
# status: 0

#### Pass 3


# COUNT0: 811435
# COUNT1: 1
# COUNT2: lps
# elapsed: 30.003180
# pid: 3172339
# status: 0

# COUNT0: 810642
# COUNT1: 1
# COUNT2: lps
# elapsed: 30.003017
# pid: 3172341
# status: 0

*Dump score:    1622077.0
Count score:    1692360.0
Count score:    1693191.0

>>>> Sum of 2 copies
>>>> score: 56419.6200446052
>>>> time: 30.00331175
>>>> iterations: 2


########################################################
System Call Overhead -- 2 copies
==> "/mnt/host0/unixbench/UnixBench/pgms/syscall" 10 2>&1 >> "/mnt/host0/unixbench/UnixBench/results/uarf-2025-06-04-12.log"

#### Pass 1


# COUNT0: 38425436
# COUNT1: 1
# COUNT2: lps
# elapsed: 10.002856
# pid: 600431
# status: 0

# COUNT0: 38478249
# COUNT1: 1
# COUNT2: lps
# elapsed: 10.002859
# pid: 600433
# status: 0

#### Pass 2


# COUNT0: 38246031
# COUNT1: 1
# COUNT2: lps
# elapsed: 10.002976
# pid: 600443
# status: 0

# COUNT0: 38404099
# COUNT1: 1
# COUNT2: lps
# elapsed: 10.002834
# pid: 600445
# status: 0

#### Pass 3


# COUNT0: 38482292
# COUNT1: 1
# COUNT2: lps
# elapsed: 10.003151
# pid: 600455
# status: 0

# COUNT0: 38417456
# COUNT1: 1
# COUNT2: lps
# elapsed: 10.002777
# pid: 600457
# status: 0

#### Pass 4


# COUNT0: 38509277
# COUNT1: 1
# COUNT2: lps
# elapsed: 10.003763
# pid: 600468
# status: 0

# COUNT0: 38489585
# COUNT1: 1
# COUNT2: lps
# elapsed: 10.002966
# pid: 600470
# status: 0

#### Pass 5


# COUNT0: 38562997
# COUNT1: 1
# COUNT2: lps
# elapsed: 10.003599
# pid: 600480
# status: 0

# COUNT0: 38524083
# COUNT1: 1
# COUNT2: lps
# elapsed: 10.002765
# pid: 600482
# status: 0

#### Pass 6


# COUNT0: 38599291
# COUNT1: 1
# COUNT2: lps
# elapsed: 10.002960
# pid: 600492
# status: 0

# COUNT0: 38562444
# COUNT1: 1
# COUNT2: lps
# elapsed: 10.002877
# pid: 600494
# status: 0

#### Pass 7


# COUNT0: 38606368
# COUNT1: 1
# COUNT2: lps
# elapsed: 10.003047
# pid: 600504
# status: 0

# COUNT0: 38599663
# COUNT1: 1
# COUNT2: lps
# elapsed: 10.003034
# pid: 600506
# status: 0

#### Pass 8


# COUNT0: 38460536
# COUNT1: 1
# COUNT2: lps
# elapsed: 10.003041
# pid: 600516
# status: 0

# COUNT0: 38474067
# COUNT1: 1
# COUNT2: lps
# elapsed: 10.003546
# pid: 600518
# status: 0

#### Pass 9


# COUNT0: 38420531
# COUNT1: 1
# COUNT2: lps
# elapsed: 10.002985
# pid: 600528
# status: 0

# COUNT0: 38392250
# COUNT1: 1
# COUNT2: lps
# elapsed: 10.002630
# pid: 600530
# status: 0

#### Pass 10


# COUNT0: 38533334
# COUNT1: 1
# COUNT2: lps
# elapsed: 10.003690
# pid: 600540
# status: 0

# COUNT0: 38564548
# COUNT1: 1
# COUNT2: lps
# elapsed: 10.002910
# pid: 600542
# status: 0

*Dump score:   76650130.0
*Dump score:   76812781.0
*Dump score:   76899748.0
Count score:   76903685.0
Count score:   76934603.0
Count score:   76998862.0
Count score:   77087080.0
Count score:   77097882.0
Count score:   77161735.0
Count score:   77206031.0

>>>> Sum of 2 copies
>>>> score: 7703146.29024366
>>>> time: 10.0031366428571
>>>> iterations: 7


########################################################
Shell Scripts (1 concurrent) -- 2 copies
==> "/mnt/host0/unixbench/UnixBench/pgms/looper" 60 "/mnt/host0/unixbench/UnixBench/pgms/multi.sh" 1 2>&1 >> "/mnt/host0/unixbench/UnixBench/results/uarf-2025-06-04-12.log"

#### Pass 1


# COUNT0: 3221
# COUNT1: 60
# COUNT2: lpm
# elapsed: 60.013147
# pid: 600552
# status: 0

# COUNT0: 3226
# COUNT1: 60
# COUNT2: lpm
# elapsed: 60.012537
# pid: 600554
# status: 0

#### Pass 2


# COUNT0: 3223
# COUNT1: 60
# COUNT2: lpm
# elapsed: 60.006727
# pid: 658605
# status: 0

# COUNT0: 3221
# COUNT1: 60
# COUNT2: lpm
# elapsed: 60.004512
# pid: 658607
# status: 0

#### Pass 3


# COUNT0: 3216
# COUNT1: 60
# COUNT2: lpm
# elapsed: 60.011002
# pid: 716631
# status: 0

# COUNT0: 3218
# COUNT1: 60
# COUNT2: lpm
# elapsed: 60.008079
# pid: 716633
# status: 0

*Dump score:       6434.0
Count score:       6444.0
Count score:       6447.0

>>>> Sum of 2 copies
>>>> score: 6444.50837636896
>>>> time: 60.00923075
>>>> iterations: 2


########################################################
Shell Scripts (8 concurrent) -- 2 copies
==> "/mnt/host0/unixbench/UnixBench/pgms/looper" 60 "/mnt/host0/unixbench/UnixBench/pgms/multi.sh" 8 2>&1 >> "/mnt/host0/unixbench/UnixBench/results/uarf-2025-06-04-12.log"

#### Pass 1


# COUNT0: 558
# COUNT1: 60
# COUNT2: lpm
# elapsed: 60.006723
# pid: 774567
# status: 0

# COUNT0: 558
# COUNT1: 60
# COUNT2: lpm
# elapsed: 60.007764
# pid: 774569
# status: 0

#### Pass 2


# COUNT0: 559
# COUNT1: 60
# COUNT2: lpm
# elapsed: 60.027649
# pid: 847250
# status: 0

# COUNT0: 559
# COUNT1: 60
# COUNT2: lpm
# elapsed: 60.024315
# pid: 847252
# status: 0

#### Pass 3


# COUNT0: 559
# COUNT1: 60
# COUNT2: lpm
# elapsed: 60.091120
# pid: 920062
# status: 0

# COUNT0: 559
# COUNT1: 60
# COUNT2: lpm
# elapsed: 60.089610
# pid: 920064
# status: 0

*Dump score:       1116.0
Count score:       1118.0
Count score:       1118.0

>>>> Sum of 2 copies
>>>> score: 1116.91724417994
>>>> time: 60.0581735
>>>> iterations: 2

