
########################################################
Dhrystone 2 using register variables -- 1 copy
==> "/mnt/host0/unixbench/UnixBench/pgms/dhry2reg" 10 2>&1 >> "/mnt/host0/unixbench/UnixBench/results/uarf-2025-06-03-01.log"

#### Pass 1


# COUNT0: 988222368
# COUNT1: 1
# COUNT2: lps
# elapsed: 10.001259
# pid: 405
# status: 0

#### Pass 2


# COUNT0: 981922395
# COUNT1: 1
# COUNT2: lps
# elapsed: 10.001344
# pid: 418
# status: 0

#### Pass 3


# COUNT0: 993100456
# COUNT1: 1
# COUNT2: lps
# elapsed: 10.001426
# pid: 430
# status: 0

#### Pass 4


# COUNT0: 999273620
# COUNT1: 1
# COUNT2: lps
# elapsed: 10.001325
# pid: 439
# status: 0

#### Pass 5


# COUNT0: 987445784
# COUNT1: 1
# COUNT2: lps
# elapsed: 10.001279
# pid: 448
# status: 0

#### Pass 6


# COUNT0: 993834709
# COUNT1: 1
# COUNT2: lps
# elapsed: 10.001450
# pid: 457
# status: 0

#### Pass 7


# COUNT0: 985058628
# COUNT1: 1
# COUNT2: lps
# elapsed: 10.001277
# pid: 466
# status: 0

#### Pass 8


# COUNT0: 990889462
# COUNT1: 1
# COUNT2: lps
# elapsed: 10.001312
# pid: 475
# status: 0

#### Pass 9


# COUNT0: 990302173
# COUNT1: 1
# COUNT2: lps
# elapsed: 10.001287
# pid: 484
# status: 0

#### Pass 10


# COUNT0: 973156998
# COUNT1: 1
# COUNT2: lps
# elapsed: 10.001290
# pid: 493
# status: 0

*Dump score:  973156998.0
*Dump score:  981922395.0
*Dump score:  985058628.0
Count score:  987445784.0
Count score:  988222368.0
Count score:  990302173.0
Count score:  990889462.0
Count score:  993100456.0
Count score:  993834709.0
Count score:  999273620.0

>>>> Results of 1 copy
>>>> score: 99172770.7294447
>>>> time: 10.001334
>>>> iterations: 7


########################################################
Double-Precision Whetstone -- 1 copy
==> "/mnt/host0/unixbench/UnixBench/pgms/whetstone-double"  2>&1 >> "/mnt/host0/unixbench/UnixBench/results/uarf-2025-06-03-01.log"

#### Pass 1

Calibrate
       0.00 Seconds          1   Passes (x 100)
       0.00 Seconds          5   Passes (x 100)
       0.02 Seconds         25   Passes (x 100)
       0.11 Seconds        125   Passes (x 100)
       0.54 Seconds        625   Passes (x 100)

Use 11536  passes (x 100)

          Double Precision C/C++ Whetstone Benchmark

Loop content                  Result              MFLOPS      MOPS   Seconds

N1 floating point     -1.12398255667392033      2729.368              0.081
N2 floating point     -1.12187079889294417      3387.485              0.458
N3 if then else        1.00000000000000000               16215.251    0.074
N4 fixed point        12.00000000000000000               36253211517.605    0.000
N5 sin,cos etc.        0.49902937281518261                 301.183    3.187
N6 floating point      0.99999987890802811      1475.270              4.218
N7 assignments         3.00000000000000000                5406.429    0.394
N8 exp,sqrt etc.       0.75100163018453958                 285.688    1.502

MWIPS                                          11636.591              9.914


# COUNT0: 11636.591
# COUNT1: 0
# COUNT2: MWIPS
# TIME: 9.914
# elapsed: 11.373166
# pid: 502
# status: 0

#### Pass 2

Calibrate
       0.00 Seconds          1   Passes (x 100)
       0.00 Seconds          5   Passes (x 100)
       0.02 Seconds         25   Passes (x 100)
       0.11 Seconds        125   Passes (x 100)
       0.54 Seconds        625   Passes (x 100)

Use 11534  passes (x 100)

          Double Precision C/C++ Whetstone Benchmark

Loop content                  Result              MFLOPS      MOPS   Seconds

N1 floating point     -1.12398255667392033      2729.110              0.081
N2 floating point     -1.12187079889294417      3387.565              0.458
N3 if then else        1.00000000000000000               16213.300    0.074
N4 fixed point        12.00000000000000000                   0.000   -0.000
N5 sin,cos etc.        0.49902937281518261                 301.196    3.186
N6 floating point      0.99999987890802811      1475.379              4.217
N7 assignments         3.00000000000000000                5408.632    0.394
N8 exp,sqrt etc.       0.75100163018453958                 285.572    1.502

MWIPS                                          11636.578              9.912


# COUNT0: 11636.578
# COUNT1: 0
# COUNT2: MWIPS
# TIME: 9.912
# elapsed: 11.371383
# pid: 511
# status: 0

#### Pass 3

Calibrate
       0.00 Seconds          1   Passes (x 100)
       0.00 Seconds          5   Passes (x 100)
       0.02 Seconds         25   Passes (x 100)
       0.11 Seconds        125   Passes (x 100)
       0.54 Seconds        625   Passes (x 100)

Use 11535  passes (x 100)

          Double Precision C/C++ Whetstone Benchmark

Loop content                  Result              MFLOPS      MOPS   Seconds

N1 floating point     -1.12398255667392033      2729.353              0.081
N2 floating point     -1.12187079889294417      3388.042              0.458
N3 if then else        1.00000000000000000               16211.206    0.074
N4 fixed point        12.00000000000000000               42454393632.245    0.000
N5 sin,cos etc.        0.49902937281518261                 301.098    3.187
N6 floating point      0.99999987890802811      1475.290              4.217
N7 assignments         3.00000000000000000                5407.814    0.394
N8 exp,sqrt etc.       0.75100163018453958                 285.702    1.502

MWIPS                                          11635.874              9.913


# COUNT0: 11635.874
# COUNT1: 0
# COUNT2: MWIPS
# TIME: 9.913
# elapsed: 11.372748
# pid: 520
# status: 0

#### Pass 4

Calibrate
       0.00 Seconds          1   Passes (x 100)
       0.00 Seconds          5   Passes (x 100)
       0.02 Seconds         25   Passes (x 100)
       0.11 Seconds        125   Passes (x 100)
       0.54 Seconds        625   Passes (x 100)

Use 11537  passes (x 100)

          Double Precision C/C++ Whetstone Benchmark

Loop content                  Result              MFLOPS      MOPS   Seconds

N1 floating point     -1.12398255667392033      2728.696              0.081
N2 floating point     -1.12187079889294417      3386.794              0.458
N3 if then else        1.00000000000000000               16210.709    0.074
N4 fixed point        12.00000000000000000                   0.000   -0.000
N5 sin,cos etc.        0.49902937281518261                 301.226    3.187
N6 floating point      0.99999987890802811      1475.274              4.218
N7 assignments         3.00000000000000000                5408.133    0.394
N8 exp,sqrt etc.       0.75100163018453958                 285.742    1.502

MWIPS                                          11637.458              9.914


# COUNT0: 11637.458
# COUNT1: 0
# COUNT2: MWIPS
# TIME: 9.914
# elapsed: 11.373461
# pid: 529
# status: 0

#### Pass 5

Calibrate
       0.00 Seconds          1   Passes (x 100)
       0.00 Seconds          5   Passes (x 100)
       0.02 Seconds         25   Passes (x 100)
       0.11 Seconds        125   Passes (x 100)
       0.54 Seconds        625   Passes (x 100)

Use 11535  passes (x 100)

          Double Precision C/C++ Whetstone Benchmark

Loop content                  Result              MFLOPS      MOPS   Seconds

N1 floating point     -1.12398255667392033      2728.701              0.081
N2 floating point     -1.12187079889294417      3387.370              0.458
N3 if then else        1.00000000000000000               16211.396    0.074
N4 fixed point        12.00000000000000000               132072486955.869    0.000
N5 sin,cos etc.        0.49902937281518261                 300.997    3.188
N6 floating point      0.99999987890802811      1475.258              4.218
N7 assignments         3.00000000000000000                5407.305    0.394
N8 exp,sqrt etc.       0.75100163018453958                 285.736    1.502

MWIPS                                          11634.545              9.914


# COUNT0: 11634.545
# COUNT1: 0
# COUNT2: MWIPS
# TIME: 9.914
# elapsed: 11.374127
# pid: 538
# status: 0

#### Pass 6

Calibrate
       0.00 Seconds          1   Passes (x 100)
       0.00 Seconds          5   Passes (x 100)
       0.02 Seconds         25   Passes (x 100)
       0.11 Seconds        125   Passes (x 100)
       0.54 Seconds        625   Passes (x 100)

Use 11537  passes (x 100)

          Double Precision C/C++ Whetstone Benchmark

Loop content                  Result              MFLOPS      MOPS   Seconds

N1 floating point     -1.12398255667392033      2729.053              0.081
N2 floating point     -1.12187079889294417      3387.179              0.458
N3 if then else        1.00000000000000000               16206.305    0.074
N4 fixed point        12.00000000000000000                   0.000   -0.000
N5 sin,cos etc.        0.49902937281518261                 301.052    3.188
N6 floating point      0.99999987890802811      1475.837              4.217
N7 assignments         3.00000000000000000                5412.416    0.394
N8 exp,sqrt etc.       0.75100163018453958                 285.940    1.501

MWIPS                                          11638.823              9.913


# COUNT0: 11638.823
# COUNT1: 0
# COUNT2: MWIPS
# TIME: 9.913
# elapsed: 11.372183
# pid: 547
# status: 0

#### Pass 7

Calibrate
       0.00 Seconds          1   Passes (x 100)
       0.00 Seconds          5   Passes (x 100)
       0.02 Seconds         25   Passes (x 100)
       0.11 Seconds        125   Passes (x 100)
       0.54 Seconds        625   Passes (x 100)

Use 11539  passes (x 100)

          Double Precision C/C++ Whetstone Benchmark

Loop content                  Result              MFLOPS      MOPS   Seconds

N1 floating point     -1.12398255667392033      2729.213              0.081
N2 floating point     -1.12187079889294417      3387.294              0.458
N3 if then else        1.00000000000000000               16211.718    0.074
N4 fixed point        12.00000000000000000               68727429695.568    0.000
N5 sin,cos etc.        0.49902937281518261                 301.184    3.188
N6 floating point      0.99999987890802811      1475.632              4.218
N7 assignments         3.00000000000000000                5407.165    0.394
N8 exp,sqrt etc.       0.75100163018453958                 285.719    1.502

MWIPS                                          11638.015              9.915


# COUNT0: 11638.015
# COUNT1: 0
# COUNT2: MWIPS
# TIME: 9.915
# elapsed: 11.374505
# pid: 556
# status: 0

#### Pass 8

Calibrate
       0.00 Seconds          1   Passes (x 100)
       0.00 Seconds          5   Passes (x 100)
       0.02 Seconds         25   Passes (x 100)
       0.11 Seconds        125   Passes (x 100)
       0.54 Seconds        625   Passes (x 100)

Use 11536  passes (x 100)

          Double Precision C/C++ Whetstone Benchmark

Loop content                  Result              MFLOPS      MOPS   Seconds

N1 floating point     -1.12398255667392033      2728.286              0.081
N2 floating point     -1.12187079889294417      3387.114              0.458
N3 if then else        1.00000000000000000               16210.391    0.074
N4 fixed point        12.00000000000000000                   0.000   -0.000
N5 sin,cos etc.        0.49902937281518261                 301.150    3.187
N6 floating point      0.99999987890802811      1475.403              4.218
N7 assignments         3.00000000000000000                5408.378    0.394
N8 exp,sqrt etc.       0.75100163018453958                 285.665    1.502

MWIPS                                          11636.526              9.914


# COUNT0: 11636.526
# COUNT1: 0
# COUNT2: MWIPS
# TIME: 9.914
# elapsed: 11.373518
# pid: 565
# status: 0

#### Pass 9

Calibrate
       0.00 Seconds          1   Passes (x 100)
       0.00 Seconds          5   Passes (x 100)
       0.02 Seconds         25   Passes (x 100)
       0.11 Seconds        125   Passes (x 100)
       0.54 Seconds        625   Passes (x 100)

Use 11534  passes (x 100)

          Double Precision C/C++ Whetstone Benchmark

Loop content                  Result              MFLOPS      MOPS   Seconds

N1 floating point     -1.12398255667392033      2728.807              0.081
N2 floating point     -1.12187079889294417      3387.476              0.458
N3 if then else        1.00000000000000000               16215.294    0.074
N4 fixed point        12.00000000000000000                   0.000   -0.000
N5 sin,cos etc.        0.49902937281518261                 301.124    3.187
N6 floating point      0.99999987890802811      1475.145              4.218
N7 assignments         3.00000000000000000                5406.561    0.394
N8 exp,sqrt etc.       0.75100163018453958                 285.429    1.503

MWIPS                                          11633.828              9.914


# COUNT0: 11633.828
# COUNT1: 0
# COUNT2: MWIPS
# TIME: 9.914
# elapsed: 11.373985
# pid: 574
# status: 0

#### Pass 10

Calibrate
       0.00 Seconds          1   Passes (x 100)
       0.00 Seconds          5   Passes (x 100)
       0.02 Seconds         25   Passes (x 100)
       0.11 Seconds        125   Passes (x 100)
       0.54 Seconds        625   Passes (x 100)

Use 11538  passes (x 100)

          Double Precision C/C++ Whetstone Benchmark

Loop content                  Result              MFLOPS      MOPS   Seconds

N1 floating point     -1.12398255667392033      2728.758              0.081
N2 floating point     -1.12187079889294417      3387.792              0.458
N3 if then else        1.00000000000000000               16212.521    0.074
N4 fixed point        12.00000000000000000               144883587949.129    0.000
N5 sin,cos etc.        0.49902937281518261                 301.061    3.189
N6 floating point      0.99999987890802811      1474.728              4.220
N7 assignments         3.00000000000000000                5407.656    0.394
N8 exp,sqrt etc.       0.75100163018453958                 285.407    1.504

MWIPS                                          11631.640              9.919


# COUNT0: 11631.640
# COUNT1: 0
# COUNT2: MWIPS
# TIME: 9.919
# elapsed: 11.379345
# pid: 583
# status: 0

*Dump score:      11631.6
*Dump score:      11633.8
*Dump score:      11634.5
Count score:      11635.9
Count score:      11636.5
Count score:      11636.6
Count score:      11636.6
Count score:      11637.5
Count score:      11638.0
Count score:      11638.8

>>>> Results of 1 copy
>>>> score: 11637.1235327951
>>>> time: 9.91357142857143
>>>> iterations: 7


########################################################
Execl Throughput -- 1 copy
==> "/mnt/host0/unixbench/UnixBench/pgms/execl" 30 2>&1 >> "/mnt/host0/unixbench/UnixBench/results/uarf-2025-06-03-01.log"

#### Pass 1


# COUNT0: 107299
# COUNT1: 1
# COUNT2: lps
# elapsed: 29.521407
# pid: 592
# status: 0

#### Pass 2


# COUNT0: 108551
# COUNT1: 1
# COUNT2: lps
# elapsed: 29.987467
# pid: 602
# status: 0

#### Pass 3


# COUNT0: 108124
# COUNT1: 1
# COUNT2: lps
# elapsed: 29.994018
# pid: 612
# status: 0

*Dump score:     107299.0
Count score:     108124.0
Count score:     108551.0

>>>> Results of 1 copy
>>>> score: 3612.35772253437
>>>> time: 29.9907425
>>>> iterations: 2


########################################################
File Copy 1024 bufsize 2000 maxblocks -- 1 copy
==> "/mnt/host0/unixbench/UnixBench/pgms/fstime" -c -t 30 -d "/mnt/host0/unixbench/UnixBench/tmp" -b 1024 -m 2000 2>&1 >> "/mnt/host0/unixbench/UnixBench/results/uarf-2025-06-03-01.log"

#### Pass 1

Write done: 480000 in 2.0225, score 59331
Read done: 474000 in 2.0000, score 59249
Copy done: 3547612 in 30.0000, score 29563

# COUNT0: 29563
# COUNT1: 0
# COUNT2: KBps
# TIME: 30.0
# elapsed: 45.029370
# pid: 621
# status: 0

#### Pass 2

Write done: 480000 in 2.0209, score 59378
Read done: 474564 in 2.0000, score 59319
Copy done: 3550960 in 30.0000, score 29591

# COUNT0: 29591
# COUNT1: 0
# COUNT2: KBps
# TIME: 30.0
# elapsed: 45.034178
# pid: 630
# status: 0

#### Pass 3

Write done: 480000 in 2.0028, score 59914
Read done: 475132 in 2.0000, score 59390
Copy done: 3554436 in 30.0000, score 29620

# COUNT0: 29620
# COUNT1: 0
# COUNT2: KBps
# TIME: 30.0
# elapsed: 45.008891
# pid: 642
# status: 0

*Dump score:      29563.0
Count score:      29591.0
Count score:      29620.0

>>>> Results of 1 copy
>>>> score: 29605.4964491393
>>>> time: 30
>>>> iterations: 2


########################################################
File Copy 256 bufsize 500 maxblocks -- 1 copy
==> "/mnt/host0/unixbench/UnixBench/pgms/fstime" -c -t 30 -d "/mnt/host0/unixbench/UnixBench/tmp" -b 256 -m 500 2>&1 >> "/mnt/host0/unixbench/UnixBench/results/uarf-2025-06-03-01.log"

#### Pass 1

Write done: 120000 in 2.0271, score 14799
Read done: 119398 in 2.0000, score 14924
Copy done: 892684 in 30.0000, score 7439

# COUNT0: 7439
# COUNT1: 0
# COUNT2: KBps
# TIME: 30.0
# elapsed: 45.033430
# pid: 651
# status: 0

#### Pass 2

Write done: 118000 in 2.0068, score 14700
Read done: 118280 in 2.0000, score 14784
Copy done: 892081 in 30.0000, score 7433

# COUNT0: 7433
# COUNT1: 0
# COUNT2: KBps
# TIME: 30.0
# elapsed: 45.012843
# pid: 660
# status: 0

#### Pass 3

Write done: 128000 in 2.0247, score 15805
Read done: 118233 in 2.0000, score 14778
Copy done: 888475 in 30.0000, score 7403

# COUNT0: 7403
# COUNT1: 0
# COUNT2: KBps
# TIME: 30.0
# elapsed: 45.030781
# pid: 669
# status: 0

*Dump score:       7403.0
Count score:       7433.0
Count score:       7439.0

>>>> Results of 1 copy
>>>> score: 7435.99939483591
>>>> time: 30
>>>> iterations: 2


########################################################
File Copy 4096 bufsize 8000 maxblocks -- 1 copy
==> "/mnt/host0/unixbench/UnixBench/pgms/fstime" -c -t 30 -d "/mnt/host0/unixbench/UnixBench/tmp" -b 4096 -m 8000 2>&1 >> "/mnt/host0/unixbench/UnixBench/results/uarf-2025-06-03-01.log"

#### Pass 1

Write done: 1888000 in 2.0096, score 234874
Read done: 1877024 in 2.0000, score 234626
Copy done: 14038448 in 30.0000, score 116986

# COUNT0: 116986
# COUNT1: 0
# COUNT2: KBps
# TIME: 30.0
# elapsed: 45.016744
# pid: 679
# status: 0

#### Pass 2

Write done: 1888000 in 2.0232, score 233298
Read done: 1880880 in 2.0000, score 235107
Copy done: 14058320 in 30.0000, score 117152

# COUNT0: 117152
# COUNT1: 0
# COUNT2: KBps
# TIME: 30.0
# elapsed: 45.030309
# pid: 688
# status: 0

#### Pass 3

Write done: 1888000 in 2.0160, score 234127
Read done: 1880208 in 2.0000, score 235024
Copy done: 14047696 in 30.0000, score 117064

# COUNT0: 117064
# COUNT1: 0
# COUNT2: KBps
# TIME: 30.0
# elapsed: 45.022188
# pid: 698
# status: 0

*Dump score:     116986.0
Count score:     117064.0
Count score:     117152.0

>>>> Results of 1 copy
>>>> score: 117107.991734126
>>>> time: 30
>>>> iterations: 2


########################################################
Pipe Throughput -- 1 copy
==> "/mnt/host0/unixbench/UnixBench/pgms/pipe" 10 2>&1 >> "/mnt/host0/unixbench/UnixBench/results/uarf-2025-06-03-01.log"

#### Pass 1


# COUNT0: 48830342
# COUNT1: 1
# COUNT2: lps
# elapsed: 10.001297
# pid: 707
# status: 0

#### Pass 2


# COUNT0: 49128986
# COUNT1: 1
# COUNT2: lps
# elapsed: 10.001317
# pid: 716
# status: 0

#### Pass 3


# COUNT0: 48493235
# COUNT1: 1
# COUNT2: lps
# elapsed: 10.001291
# pid: 725
# status: 0

#### Pass 4


# COUNT0: 48203566
# COUNT1: 1
# COUNT2: lps
# elapsed: 10.001383
# pid: 734
# status: 0

#### Pass 5


# COUNT0: 47713543
# COUNT1: 1
# COUNT2: lps
# elapsed: 10.001348
# pid: 743
# status: 0

#### Pass 6


# COUNT0: 48667717
# COUNT1: 1
# COUNT2: lps
# elapsed: 10.001415
# pid: 752
# status: 0

#### Pass 7


# COUNT0: 48935786
# COUNT1: 1
# COUNT2: lps
# elapsed: 10.001338
# pid: 761
# status: 0

#### Pass 8


# COUNT0: 48063305
# COUNT1: 1
# COUNT2: lps
# elapsed: 10.001364
# pid: 770
# status: 0

#### Pass 9


# COUNT0: 48805880
# COUNT1: 1
# COUNT2: lps
# elapsed: 10.001406
# pid: 779
# status: 0

#### Pass 10


# COUNT0: 48088708
# COUNT1: 1
# COUNT2: lps
# elapsed: 10.001322
# pid: 788
# status: 0

*Dump score:   47713543.0
*Dump score:   48063305.0
*Dump score:   48088708.0
Count score:   48203566.0
Count score:   48493235.0
Count score:   48667717.0
Count score:   48805880.0
Count score:   48830342.0
Count score:   48935786.0
Count score:   49128986.0

>>>> Results of 1 copy
>>>> score: 4871625.60499498
>>>> time: 10.0013495714286
>>>> iterations: 7


########################################################
Pipe-based Context Switching -- 1 copy
==> "/mnt/host0/unixbench/UnixBench/pgms/context1" 10 2>&1 >> "/mnt/host0/unixbench/UnixBench/results/uarf-2025-06-03-01.log"

#### Pass 1


# COUNT0: 918946
# COUNT1: 1
# COUNT2: lps
# elapsed: 10.001246
# pid: 799
# status: 0

#### Pass 2


# COUNT0: 923539
# COUNT1: 1
# COUNT2: lps
# elapsed: 10.001283
# pid: 809
# status: 0

#### Pass 3


# COUNT0: 925474
# COUNT1: 1
# COUNT2: lps
# elapsed: 10.001217
# pid: 819
# status: 0

#### Pass 4


# COUNT0: 922194
# COUNT1: 1
# COUNT2: lps
# elapsed: 10.001293
# pid: 829
# status: 0

#### Pass 5


# COUNT0: 927396
# COUNT1: 1
# COUNT2: lps
# elapsed: 10.001278
# pid: 840
# status: 0

#### Pass 6


# COUNT0: 909197
# COUNT1: 1
# COUNT2: lps
# elapsed: 10.001344
# pid: 850
# status: 0

#### Pass 7


# COUNT0: 916964
# COUNT1: 1
# COUNT2: lps
# elapsed: 10.001277
# pid: 860
# status: 0

#### Pass 8


# COUNT0: 917564
# COUNT1: 1
# COUNT2: lps
# elapsed: 10.001290
# pid: 870
# status: 0

#### Pass 9


# COUNT0: 927105
# COUNT1: 1
# COUNT2: lps
# elapsed: 10.001279
# pid: 880
# status: 0

#### Pass 10


# COUNT0: 920574
# COUNT1: 1
# COUNT2: lps
# elapsed: 10.001208
# pid: 890
# status: 0

*Dump score:     909197.0
*Dump score:     916964.0
*Dump score:     917564.0
Count score:     918946.0
Count score:     920574.0
Count score:     922194.0
Count score:     923539.0
Count score:     925474.0
Count score:     927105.0
Count score:     927396.0

>>>> Results of 1 copy
>>>> score: 92348.2978177806
>>>> time: 10.0012577142857
>>>> iterations: 7


########################################################
Process Creation -- 1 copy
==> "/mnt/host0/unixbench/UnixBench/pgms/spawn" 30 2>&1 >> "/mnt/host0/unixbench/UnixBench/results/uarf-2025-06-03-01.log"

#### Pass 1


# COUNT0: 763237
# COUNT1: 1
# COUNT2: lps
# elapsed: 30.001435
# pid: 900
# status: 0

#### Pass 2


# COUNT0: 787277
# COUNT1: 1
# COUNT2: lps
# elapsed: 30.001520
# pid: 764147
# status: 0

#### Pass 3


# COUNT0: 753657
# COUNT1: 1
# COUNT2: lps
# elapsed: 30.001369
# pid: 1551434
# status: 0

*Dump score:     753657.0
Count score:     763237.0
Count score:     787277.0

>>>> Results of 1 copy
>>>> score: 25837.5212400529
>>>> time: 30.0014775
>>>> iterations: 2


########################################################
System Call Overhead -- 1 copy
==> "/mnt/host0/unixbench/UnixBench/pgms/syscall" 10 2>&1 >> "/mnt/host0/unixbench/UnixBench/results/uarf-2025-06-03-01.log"

#### Pass 1


# COUNT0: 45116676
# COUNT1: 1
# COUNT2: lps
# elapsed: 10.001357
# pid: 2305101
# status: 0

#### Pass 2


# COUNT0: 44168343
# COUNT1: 1
# COUNT2: lps
# elapsed: 10.001409
# pid: 2305110
# status: 0

#### Pass 3


# COUNT0: 44887255
# COUNT1: 1
# COUNT2: lps
# elapsed: 10.001335
# pid: 2305119
# status: 0

#### Pass 4


# COUNT0: 44481058
# COUNT1: 1
# COUNT2: lps
# elapsed: 10.001405
# pid: 2305128
# status: 0

#### Pass 5


# COUNT0: 44666588
# COUNT1: 1
# COUNT2: lps
# elapsed: 10.001337
# pid: 2305137
# status: 0

#### Pass 6


# COUNT0: 44797217
# COUNT1: 1
# COUNT2: lps
# elapsed: 10.001412
# pid: 2305147
# status: 0

#### Pass 7


# COUNT0: 44548410
# COUNT1: 1
# COUNT2: lps
# elapsed: 10.001330
# pid: 2305156
# status: 0

#### Pass 8


# COUNT0: 45443574
# COUNT1: 1
# COUNT2: lps
# elapsed: 10.001274
# pid: 2305165
# status: 0

#### Pass 9


# COUNT0: 45316686
# COUNT1: 1
# COUNT2: lps
# elapsed: 10.001391
# pid: 2305174
# status: 0

#### Pass 10


# COUNT0: 43703879
# COUNT1: 1
# COUNT2: lps
# elapsed: 10.001370
# pid: 2305183
# status: 0

*Dump score:   43703879.0
*Dump score:   44168343.0
*Dump score:   44481058.0
Count score:   44548410.0
Count score:   44666588.0
Count score:   44797217.0
Count score:   44887255.0
Count score:   45116676.0
Count score:   45316686.0
Count score:   45443574.0

>>>> Results of 1 copy
>>>> score: 4496093.01927149
>>>> time: 10.001348
>>>> iterations: 7


########################################################
Shell Scripts (1 concurrent) -- 1 copy
==> "/mnt/host0/unixbench/UnixBench/pgms/looper" 60 "/mnt/host0/unixbench/UnixBench/pgms/multi.sh" 1 2>&1 >> "/mnt/host0/unixbench/UnixBench/results/uarf-2025-06-03-01.log"

#### Pass 1


# COUNT0: 10068
# COUNT1: 60
# COUNT2: lpm
# elapsed: 60.002736
# pid: 2305192
# status: 0

#### Pass 2


# COUNT0: 10065
# COUNT1: 60
# COUNT2: lpm
# elapsed: 60.002848
# pid: 2395823
# status: 0

#### Pass 3


# COUNT0: 10038
# COUNT1: 60
# COUNT2: lpm
# elapsed: 60.004691
# pid: 2486426
# status: 0

*Dump score:      10038.0
Count score:      10065.0
Count score:      10068.0

>>>> Results of 1 copy
>>>> score: 10066.0314822493
>>>> time: 60.002792
>>>> iterations: 2


########################################################
Shell Scripts (8 concurrent) -- 1 copy
==> "/mnt/host0/unixbench/UnixBench/pgms/looper" 60 "/mnt/host0/unixbench/UnixBench/pgms/multi.sh" 8 2>&1 >> "/mnt/host0/unixbench/UnixBench/results/uarf-2025-06-03-01.log"

#### Pass 1


# COUNT0: 1979
# COUNT1: 60
# COUNT2: lpm
# elapsed: 60.015456
# pid: 2576786
# status: 0

#### Pass 2


# COUNT0: 1977
# COUNT1: 60
# COUNT2: lpm
# elapsed: 60.007463
# pid: 2705495
# status: 0

#### Pass 3


# COUNT0: 1977
# COUNT1: 60
# COUNT2: lpm
# elapsed: 60.019368
# pid: 2834074
# status: 0

*Dump score:       1977.0
Count score:       1977.0
Count score:       1979.0

>>>> Results of 1 copy
>>>> score: 1977.42589927389
>>>> time: 60.017412
>>>> iterations: 2


########################################################
Dhrystone 2 using register variables -- 2 copies
==> "/mnt/host0/unixbench/UnixBench/pgms/dhry2reg" 10 2>&1 >> "/mnt/host0/unixbench/UnixBench/results/uarf-2025-06-03-01.log"

#### Pass 1


# COUNT0: 716733808
# COUNT1: 1
# COUNT2: lps
# elapsed: 10.001821
# pid: 2962654
# status: 0

# COUNT0: 717007643
# COUNT1: 1
# COUNT2: lps
# elapsed: 10.001601
# pid: 2962656
# status: 0

#### Pass 2


# COUNT0: 716254515
# COUNT1: 1
# COUNT2: lps
# elapsed: 10.001961
# pid: 2962666
# status: 0

# COUNT0: 715157028
# COUNT1: 1
# COUNT2: lps
# elapsed: 10.001577
# pid: 2962668
# status: 0

#### Pass 3


# COUNT0: 717118979
# COUNT1: 1
# COUNT2: lps
# elapsed: 10.002288
# pid: 2962678
# status: 0

# COUNT0: 717399664
# COUNT1: 1
# COUNT2: lps
# elapsed: 10.001596
# pid: 2962680
# status: 0

#### Pass 4


# COUNT0: 701893679
# COUNT1: 1
# COUNT2: lps
# elapsed: 10.001761
# pid: 2962690
# status: 0

# COUNT0: 702722376
# COUNT1: 1
# COUNT2: lps
# elapsed: 10.001586
# pid: 2962692
# status: 0

#### Pass 5


# COUNT0: 717171283
# COUNT1: 1
# COUNT2: lps
# elapsed: 10.002299
# pid: 2962702
# status: 0

# COUNT0: 717369814
# COUNT1: 1
# COUNT2: lps
# elapsed: 10.001532
# pid: 2962704
# status: 0

#### Pass 6


# COUNT0: 704213410
# COUNT1: 1
# COUNT2: lps
# elapsed: 10.001720
# pid: 2962714
# status: 0

# COUNT0: 703135886
# COUNT1: 1
# COUNT2: lps
# elapsed: 10.002167
# pid: 2962716
# status: 0

#### Pass 7


# COUNT0: 717138382
# COUNT1: 1
# COUNT2: lps
# elapsed: 10.001692
# pid: 2962726
# status: 0

# COUNT0: 717034380
# COUNT1: 1
# COUNT2: lps
# elapsed: 10.001568
# pid: 2962728
# status: 0

#### Pass 8


# COUNT0: 715397837
# COUNT1: 1
# COUNT2: lps
# elapsed: 10.001603
# pid: 2962738
# status: 0

# COUNT0: 715439749
# COUNT1: 1
# COUNT2: lps
# elapsed: 10.001469
# pid: 2962740
# status: 0

#### Pass 9


# COUNT0: 718760175
# COUNT1: 1
# COUNT2: lps
# elapsed: 10.001767
# pid: 2962750
# status: 0

# COUNT0: 718453803
# COUNT1: 1
# COUNT2: lps
# elapsed: 10.001502
# pid: 2962752
# status: 0

#### Pass 10


# COUNT0: 718518638
# COUNT1: 1
# COUNT2: lps
# elapsed: 10.001750
# pid: 2962762
# status: 0

# COUNT0: 718165838
# COUNT1: 1
# COUNT2: lps
# elapsed: 10.002111
# pid: 2962764
# status: 0

*Dump score: 1404616055.0
*Dump score: 1407349296.0
*Dump score: 1430837586.0
Count score: 1431411543.0
Count score: 1433741451.0
Count score: 1434172762.0
Count score: 1434518643.0
Count score: 1434541097.0
Count score: 1436684476.0
Count score: 1437213978.0

>>>> Sum of 2 copies
>>>> score: 143435408.324748
>>>> time: 10.0017903571429
>>>> iterations: 7


########################################################
Double-Precision Whetstone -- 2 copies
==> "/mnt/host0/unixbench/UnixBench/pgms/whetstone-double"  2>&1 >> "/mnt/host0/unixbench/UnixBench/results/uarf-2025-06-03-01.log"

#### Pass 1

Calibrate
       0.00 Seconds          1   Passes (x 100)
       0.01 Seconds          5   Passes (x 100)
       0.03 Seconds         25   Passes (x 100)
       0.13 Seconds        125   Passes (x 100)
       0.63 Seconds        625   Passes (x 100)

Use 9855  passes (x 100)

          Double Precision C/C++ Whetstone Benchmark

Loop content                  Result              MFLOPS      MOPS   Seconds

N1 floating point     -1.12398255667392033      2625.447              0.072
N2 floating point     -1.12187079889294417      3330.757              0.398
N3 if then else        1.00000000000000000               13174.642    0.077
N4 fixed point        12.00000000000000000               38400349362.614    0.000
N5 sin,cos etc.        0.49902937281518261                 260.323    3.150
N6 floating point      0.99999987890802811      1461.310              3.638
N7 assignments         3.00000000000000000                3513.302    0.518
N8 exp,sqrt etc.       0.75100163018453958                 250.521    1.463

MWIPS                                          10578.257              9.316

Calibrate
       0.00 Seconds          1   Passes (x 100)
       0.00 Seconds          5   Passes (x 100)
       0.02 Seconds         25   Passes (x 100)
       0.12 Seconds        125   Passes (x 100)
       0.60 Seconds        625   Passes (x 100)

Use 10402  passes (x 100)

          Double Precision C/C++ Whetstone Benchmark

Loop content                  Result              MFLOPS      MOPS   Seconds

N1 floating point     -1.12398255667392033      2627.227              0.076
N2 floating point     -1.12187079889294417      3331.448              0.420
N3 if then else        1.00000000000000000               13259.044    0.081
N4 fixed point        12.00000000000000000                   0.000   -0.000
N5 sin,cos etc.        0.49902937281518261                 249.945    3.463
N6 floating point      0.99999987890802811      1456.036              3.854
N7 assignments         3.00000000000000000                4473.543    0.430
N8 exp,sqrt etc.       0.75100163018453958                 272.143    1.422

MWIPS                                          10674.757              9.744


# COUNT0: 10674.757
# COUNT1: 0
# COUNT2: MWIPS
# TIME: 9.744
# elapsed: 11.235268
# pid: 2962774
# status: 0

# COUNT0: 10578.257
# COUNT1: 0
# COUNT2: MWIPS
# TIME: 9.316
# elapsed: 10.814878
# pid: 2962776
# status: 0

#### Pass 2

Calibrate
       0.00 Seconds          1   Passes (x 100)
       0.00 Seconds          5   Passes (x 100)
       0.02 Seconds         25   Passes (x 100)
       0.12 Seconds        125   Passes (x 100)
       0.57 Seconds        625   Passes (x 100)

Use 10881  passes (x 100)

          Double Precision C/C++ Whetstone Benchmark

Loop content                  Result              MFLOPS      MOPS   Seconds

N1 floating point     -1.12398255667392033      2616.349              0.080
N2 floating point     -1.12187079889294417      3326.131              0.440
N3 if then else        1.00000000000000000               12941.371    0.087
N4 fixed point        12.00000000000000000                   0.000   -0.000
N5 sin,cos etc.        0.49902937281518261                 260.006    3.482
N6 floating point      0.99999987890802811      1462.477              4.013
N7 assignments         3.00000000000000000                5843.080    0.344
N8 exp,sqrt etc.       0.75100163018453958                 266.700    1.518

MWIPS                                          10920.936              9.963

Calibrate
       0.00 Seconds          1   Passes (x 100)
       0.00 Seconds          5   Passes (x 100)
       0.02 Seconds         25   Passes (x 100)
       0.12 Seconds        125   Passes (x 100)
       0.57 Seconds        625   Passes (x 100)

Use 10888  passes (x 100)

          Double Precision C/C++ Whetstone Benchmark

Loop content                  Result              MFLOPS      MOPS   Seconds

N1 floating point     -1.12398255667392033      2616.465              0.080
N2 floating point     -1.12187079889294417      3326.212              0.440
N3 if then else        1.00000000000000000               12943.439    0.087
N4 fixed point        12.00000000000000000                   0.000   -0.000
N5 sin,cos etc.        0.49902937281518261                 260.054    3.483
N6 floating point      0.99999987890802811      1462.876              4.015
N7 assignments         3.00000000000000000                5813.527    0.346
N8 exp,sqrt etc.       0.75100163018453958                 266.745    1.518

MWIPS                                          10921.237              9.970


# COUNT0: 10920.936
# COUNT1: 0
# COUNT2: MWIPS
# TIME: 9.963
# elapsed: 11.454116
# pid: 2962786
# status: 0

# COUNT0: 10921.237
# COUNT1: 0
# COUNT2: MWIPS
# TIME: 9.970
# elapsed: 11.460261
# pid: 2962788
# status: 0

#### Pass 3

Calibrate
       0.00 Seconds          1   Passes (x 100)
       0.00 Seconds          5   Passes (x 100)
       0.02 Seconds         25   Passes (x 100)
       0.12 Seconds        125   Passes (x 100)
       0.57 Seconds        625   Passes (x 100)

Use 10881  passes (x 100)

          Double Precision C/C++ Whetstone Benchmark

Loop content                  Result              MFLOPS      MOPS   Seconds

N1 floating point     -1.12398255667392033      2658.478              0.079
N2 floating point     -1.12187079889294417      3343.232              0.437
N3 if then else        1.00000000000000000               12949.565    0.087
N4 fixed point        12.00000000000000000               35502705085.638    0.000
N5 sin,cos etc.        0.49902937281518261                 260.085    3.481
N6 floating point      0.99999987890802811      1463.044              4.012
N7 assignments         3.00000000000000000                5865.426    0.343
N8 exp,sqrt etc.       0.75100163018453958                 266.643    1.518

MWIPS                                          10928.799              9.956

Calibrate
       0.00 Seconds          1   Passes (x 100)
       0.00 Seconds          5   Passes (x 100)
       0.02 Seconds         25   Passes (x 100)
       0.12 Seconds        125   Passes (x 100)
       0.57 Seconds        625   Passes (x 100)

Use 10885  passes (x 100)

          Double Precision C/C++ Whetstone Benchmark

Loop content                  Result              MFLOPS      MOPS   Seconds

N1 floating point     -1.12398255667392033      2658.532              0.079
N2 floating point     -1.12187079889294417      3341.244              0.438
N3 if then else        1.00000000000000000               12951.183    0.087
N4 fixed point        12.00000000000000000                   0.000   -0.000
N5 sin,cos etc.        0.49902937281518261                 259.614    3.488
N6 floating point      0.99999987890802811      1467.875              4.000
N7 assignments         3.00000000000000000                5768.624    0.349
N8 exp,sqrt etc.       0.75100163018453958                 266.642    1.519

MWIPS                                          10929.777              9.959


# COUNT0: 10928.799
# COUNT1: 0
# COUNT2: MWIPS
# TIME: 9.956
# elapsed: 11.434892
# pid: 2962798
# status: 0

# COUNT0: 10929.777
# COUNT1: 0
# COUNT2: MWIPS
# TIME: 9.959
# elapsed: 11.437712
# pid: 2962800
# status: 0

#### Pass 4

Calibrate
       0.00 Seconds          1   Passes (x 100)
       0.00 Seconds          5   Passes (x 100)
       0.02 Seconds         25   Passes (x 100)
       0.12 Seconds        125   Passes (x 100)
       0.58 Seconds        625   Passes (x 100)

Use 10858  passes (x 100)

          Double Precision C/C++ Whetstone Benchmark

Loop content                  Result              MFLOPS      MOPS   Seconds

N1 floating point     -1.12398255667392033      2652.417              0.079
N2 floating point     -1.12187079889294417      3340.899              0.437
N3 if then else        1.00000000000000000               12944.210    0.087
N4 fixed point        12.00000000000000000                   0.000   -0.000
N5 sin,cos etc.        0.49902937281518261                 260.016    3.474
N6 floating point      0.99999987890802811      1465.275              3.997
N7 assignments         3.00000000000000000                5650.574    0.355
N8 exp,sqrt etc.       0.75100163018453958                 266.596    1.515

MWIPS                                          10919.329              9.944

Calibrate
       0.00 Seconds          1   Passes (x 100)
       0.00 Seconds          5   Passes (x 100)
       0.02 Seconds         25   Passes (x 100)
       0.12 Seconds        125   Passes (x 100)
       0.57 Seconds        625   Passes (x 100)

Use 10877  passes (x 100)

          Double Precision C/C++ Whetstone Benchmark

Loop content                  Result              MFLOPS      MOPS   Seconds

N1 floating point     -1.12398255667392033      2652.522              0.079
N2 floating point     -1.12187079889294417      3341.201              0.438
N3 if then else        1.00000000000000000               12948.678    0.087
N4 fixed point        12.00000000000000000               46663145156.905    0.000
N5 sin,cos etc.        0.49902937281518261                 259.565    3.486
N6 floating point      0.99999987890802811      1464.886              4.005
N7 assignments         3.00000000000000000                5832.728    0.345
N8 exp,sqrt etc.       0.75100163018453958                 266.689    1.517

MWIPS                                          10924.374              9.957


# COUNT0: 10919.329
# COUNT1: 0
# COUNT2: MWIPS
# TIME: 9.944
# elapsed: 11.423993
# pid: 2962810
# status: 0

# COUNT0: 10924.374
# COUNT1: 0
# COUNT2: MWIPS
# TIME: 9.957
# elapsed: 11.436439
# pid: 2962812
# status: 0

#### Pass 5

Calibrate
       0.00 Seconds          1   Passes (x 100)
       0.00 Seconds          5   Passes (x 100)
       0.02 Seconds         25   Passes (x 100)
       0.12 Seconds        125   Passes (x 100)
       0.58 Seconds        625   Passes (x 100)

Use 10861  passes (x 100)

          Double Precision C/C++ Whetstone Benchmark

Loop content                  Result              MFLOPS      MOPS   Seconds

N1 floating point     -1.12398255667392033      2646.789              0.079
N2 floating point     -1.12187079889294417      3338.505              0.437
N3 if then else        1.00000000000000000               12963.446    0.087
N4 fixed point        12.00000000000000000               67149668910.667    0.000
N5 sin,cos etc.        0.49902937281518261                 260.010    3.475
N6 floating point      0.99999987890802811      1464.488              4.000
N7 assignments         3.00000000000000000                5600.671    0.358
N8 exp,sqrt etc.       0.75100163018453958                 266.622    1.515

MWIPS                                          10913.186              9.952

Calibrate
       0.00 Seconds          1   Passes (x 100)
       0.00 Seconds          5   Passes (x 100)
       0.02 Seconds         25   Passes (x 100)
       0.12 Seconds        125   Passes (x 100)
       0.57 Seconds        625   Passes (x 100)

Use 10896  passes (x 100)

          Double Precision C/C++ Whetstone Benchmark

Loop content                  Result              MFLOPS      MOPS   Seconds

N1 floating point     -1.12398255667392033      2646.574              0.079
N2 floating point     -1.12187079889294417      3338.605              0.439
N3 if then else        1.00000000000000000               12969.938    0.087
N4 fixed point        12.00000000000000000                   0.000   -0.000
N5 sin,cos etc.        0.49902937281518261                 259.143    3.498
N6 floating point      0.99999987890802811      1463.928              4.015
N7 assignments         3.00000000000000000                5692.453    0.354
N8 exp,sqrt etc.       0.75100163018453958                 266.900    1.519

MWIPS                                          10906.893              9.990


# COUNT0: 10906.893
# COUNT1: 0
# COUNT2: MWIPS
# TIME: 9.990
# elapsed: 11.472489
# pid: 2962822
# status: 0

# COUNT0: 10913.186
# COUNT1: 0
# COUNT2: MWIPS
# TIME: 9.952
# elapsed: 11.434254
# pid: 2962824
# status: 0

#### Pass 6

Calibrate
       0.00 Seconds          1   Passes (x 100)
       0.00 Seconds          5   Passes (x 100)
       0.02 Seconds         25   Passes (x 100)
       0.12 Seconds        125   Passes (x 100)
       0.57 Seconds        625   Passes (x 100)

Use 10874  passes (x 100)

          Double Precision C/C++ Whetstone Benchmark

Loop content                  Result              MFLOPS      MOPS   Seconds

N1 floating point     -1.12398255667392033      2640.118              0.079
N2 floating point     -1.12187079889294417      3334.912              0.438
N3 if then else        1.00000000000000000               12940.755    0.087
N4 fixed point        12.00000000000000000               50925842327.340    0.000
N5 sin,cos etc.        0.49902937281518261                 260.065    3.479
N6 floating point      0.99999987890802811      1464.545              4.005
N7 assignments         3.00000000000000000                5690.454    0.353
N8 exp,sqrt etc.       0.75100163018453958                 266.595    1.517

MWIPS                                          10919.294              9.959

Calibrate
       0.00 Seconds          1   Passes (x 100)
       0.00 Seconds          5   Passes (x 100)
       0.02 Seconds         25   Passes (x 100)
       0.12 Seconds        125   Passes (x 100)
       0.57 Seconds        625   Passes (x 100)

Use 10892  passes (x 100)

          Double Precision C/C++ Whetstone Benchmark

Loop content                  Result              MFLOPS      MOPS   Seconds

N1 floating point     -1.12398255667392033      2640.205              0.079
N2 floating point     -1.12187079889294417      3336.185              0.439
N3 if then else        1.00000000000000000               12901.381    0.087
N4 fixed point        12.00000000000000000                   0.000   -0.000
N5 sin,cos etc.        0.49902937281518261                 259.699    3.489
N6 floating point      0.99999987890802811      1464.239              4.012
N7 assignments         3.00000000000000000                5814.569    0.346
N8 exp,sqrt etc.       0.75100163018453958                 266.701    1.519

MWIPS                                          10921.831              9.973


# COUNT0: 10919.294
# COUNT1: 0
# COUNT2: MWIPS
# TIME: 9.959
# elapsed: 11.442447
# pid: 2962834
# status: 0

# COUNT0: 10921.831
# COUNT1: 0
# COUNT2: MWIPS
# TIME: 9.973
# elapsed: 11.456333
# pid: 2962836
# status: 0

#### Pass 7

Calibrate
       0.00 Seconds          1   Passes (x 100)
       0.00 Seconds          5   Passes (x 100)
       0.02 Seconds         25   Passes (x 100)
       0.12 Seconds        125   Passes (x 100)
       0.57 Seconds        625   Passes (x 100)

Use 10882  passes (x 100)

          Double Precision C/C++ Whetstone Benchmark

Loop content                  Result              MFLOPS      MOPS   Seconds

N1 floating point     -1.12398255667392033      2632.994              0.079
N2 floating point     -1.12187079889294417      3331.126              0.439
N3 if then else        1.00000000000000000               12951.639    0.087
N4 fixed point        12.00000000000000000               33016794225.484    0.000
N5 sin,cos etc.        0.49902937281518261                 260.060    3.481
N6 floating point      0.99999987890802811      1463.947              4.010
N7 assignments         3.00000000000000000                5766.010    0.349
N8 exp,sqrt etc.       0.75100163018453958                 266.593    1.518

MWIPS                                          10921.794              9.964

Calibrate
       0.00 Seconds          1   Passes (x 100)
       0.00 Seconds          5   Passes (x 100)
       0.02 Seconds         25   Passes (x 100)
       0.12 Seconds        125   Passes (x 100)
       0.57 Seconds        625   Passes (x 100)

Use 10899  passes (x 100)

          Double Precision C/C++ Whetstone Benchmark

Loop content                  Result              MFLOPS      MOPS   Seconds

N1 floating point     -1.12398255667392033      2633.115              0.079
N2 floating point     -1.12187079889294417      3332.156              0.440
N3 if then else        1.00000000000000000               12954.878    0.087
N4 fixed point        12.00000000000000000                   0.000   -0.000
N5 sin,cos etc.        0.49902937281518261                 259.589    3.493
N6 floating point      0.99999987890802811      1464.124              4.015
N7 assignments         3.00000000000000000                5695.972    0.354
N8 exp,sqrt etc.       0.75100163018453958                 266.844    1.519

MWIPS                                          10912.450              9.988


# COUNT0: 10912.450
# COUNT1: 0
# COUNT2: MWIPS
# TIME: 9.988
# elapsed: 11.473766
# pid: 2962846
# status: 0

# COUNT0: 10921.794
# COUNT1: 0
# COUNT2: MWIPS
# TIME: 9.964
# elapsed: 11.449028
# pid: 2962848
# status: 0

#### Pass 8

Calibrate
       0.00 Seconds          1   Passes (x 100)
       0.00 Seconds          5   Passes (x 100)
       0.02 Seconds         25   Passes (x 100)
       0.12 Seconds        125   Passes (x 100)
       0.58 Seconds        625   Passes (x 100)

Use 10851  passes (x 100)

          Double Precision C/C++ Whetstone Benchmark

Loop content                  Result              MFLOPS      MOPS   Seconds

N1 floating point     -1.12398255667392033      2628.687              0.079
N2 floating point     -1.12187079889294417      3329.037              0.438
N3 if then else        1.00000000000000000               12974.257    0.087
N4 fixed point        12.00000000000000000               175141751661.632    0.000
N5 sin,cos etc.        0.49902937281518261                 260.043    3.472
N6 floating point      0.99999987890802811      1463.662              3.999
N7 assignments         3.00000000000000000                5578.298    0.359
N8 exp,sqrt etc.       0.75100163018453958                 266.623    1.514

MWIPS                                          10907.741              9.948

Calibrate
       0.00 Seconds          1   Passes (x 100)
       0.00 Seconds          5   Passes (x 100)
       0.02 Seconds         25   Passes (x 100)
       0.12 Seconds        125   Passes (x 100)
       0.57 Seconds        625   Passes (x 100)

Use 10893  passes (x 100)

          Double Precision C/C++ Whetstone Benchmark

Loop content                  Result              MFLOPS      MOPS   Seconds

N1 floating point     -1.12398255667392033      2628.613              0.080
N2 floating point     -1.12187079889294417      3329.898              0.440
N3 if then else        1.00000000000000000               12979.509    0.087
N4 fixed point        12.00000000000000000               33270209710.057    0.000
N5 sin,cos etc.        0.49902937281518261                 259.103    3.498
N6 floating point      0.99999987890802811      1463.484              4.015
N7 assignments         3.00000000000000000                5655.967    0.356
N8 exp,sqrt etc.       0.75100163018453958                 267.039    1.517

MWIPS                                          10901.571              9.992


# COUNT0: 10907.741
# COUNT1: 0
# COUNT2: MWIPS
# TIME: 9.948
# elapsed: 11.434453
# pid: 2962858
# status: 0

# COUNT0: 10901.571
# COUNT1: 0
# COUNT2: MWIPS
# TIME: 9.992
# elapsed: 11.478950
# pid: 2962860
# status: 0

#### Pass 9

Calibrate
       0.00 Seconds          1   Passes (x 100)
       0.00 Seconds          5   Passes (x 100)
       0.02 Seconds         25   Passes (x 100)
       0.12 Seconds        125   Passes (x 100)
       0.58 Seconds        625   Passes (x 100)

Use 10853  passes (x 100)

          Double Precision C/C++ Whetstone Benchmark

Loop content                  Result              MFLOPS      MOPS   Seconds

N1 floating point     -1.12398255667392033      2622.804              0.079
N2 floating point     -1.12187079889294417      3327.555              0.438
N3 if then else        1.00000000000000000               12977.264    0.087
N4 fixed point        12.00000000000000000               32181498099.642    0.000
N5 sin,cos etc.        0.49902937281518261                 260.116    3.471
N6 floating point      0.99999987890802811      1462.993              4.001
N7 assignments         3.00000000000000000                5542.081    0.362
N8 exp,sqrt etc.       0.75100163018453958                 266.696    1.514

MWIPS                                          10904.312              9.953

Calibrate
       0.00 Seconds          1   Passes (x 100)
       0.00 Seconds          5   Passes (x 100)
       0.02 Seconds         25   Passes (x 100)
       0.12 Seconds        125   Passes (x 100)
       0.57 Seconds        625   Passes (x 100)

Use 10897  passes (x 100)

          Double Precision C/C++ Whetstone Benchmark

Loop content                  Result              MFLOPS      MOPS   Seconds

N1 floating point     -1.12398255667392033      2623.291              0.080
N2 floating point     -1.12187079889294417      3326.353              0.440
N3 if then else        1.00000000000000000               12986.046    0.087
N4 fixed point        12.00000000000000000               56309367922.118    0.000
N5 sin,cos etc.        0.49902937281518261                 259.031    3.500
N6 floating point      0.99999987890802811      1462.075              4.020
N7 assignments         3.00000000000000000                5657.725    0.356
N8 exp,sqrt etc.       0.75100163018453958                 267.099    1.518

MWIPS                                          10896.145             10.001


# COUNT0: 10896.145
# COUNT1: 0
# COUNT2: MWIPS
# TIME: 10.001
# elapsed: 11.489537
# pid: 2962870
# status: 0

# COUNT0: 10904.312
# COUNT1: 0
# COUNT2: MWIPS
# TIME: 9.953
# elapsed: 11.440890
# pid: 2962872
# status: 0

#### Pass 10

Calibrate
       0.00 Seconds          1   Passes (x 100)
       0.00 Seconds          5   Passes (x 100)
       0.02 Seconds         25   Passes (x 100)
       0.12 Seconds        125   Passes (x 100)
       0.58 Seconds        625   Passes (x 100)

Use 10822  passes (x 100)

          Double Precision C/C++ Whetstone Benchmark

Loop content                  Result              MFLOPS      MOPS   Seconds

N1 floating point     -1.12398255667392033      2610.824              0.080
N2 floating point     -1.12187079889294417      3325.158              0.437
N3 if then else        1.00000000000000000               12993.165    0.086
N4 fixed point        12.00000000000000000               66077385233.992    0.000
N5 sin,cos etc.        0.49902937281518261                 260.277    3.459
N6 floating point      0.99999987890802811      1462.483              3.991
N7 assignments         3.00000000000000000                5482.601    0.365
N8 exp,sqrt etc.       0.75100163018453958                 266.724    1.509

MWIPS                                          10900.369              9.928

Calibrate
       0.00 Seconds          1   Passes (x 100)
       0.00 Seconds          5   Passes (x 100)
       0.02 Seconds         25   Passes (x 100)
       0.12 Seconds        125   Passes (x 100)
       0.57 Seconds        625   Passes (x 100)

Use 10889  passes (x 100)

          Double Precision C/C++ Whetstone Benchmark

Loop content                  Result              MFLOPS      MOPS   Seconds

N1 floating point     -1.12398255667392033      2610.987              0.080
N2 floating point     -1.12187079889294417      3326.329              0.440
N3 if then else        1.00000000000000000               12999.561    0.087
N4 fixed point        12.00000000000000000               144374290060.038    0.000
N5 sin,cos etc.        0.49902937281518261                 258.676    3.502
N6 floating point      0.99999987890802811      1467.926              4.001
N7 assignments         3.00000000000000000                5673.016    0.355
N8 exp,sqrt etc.       0.75100163018453958                 267.214    1.516

MWIPS                                          10909.832              9.981


# COUNT0: 10909.832
# COUNT1: 0
# COUNT2: MWIPS
# TIME: 9.981
# elapsed: 11.473421
# pid: 2962882
# status: 0

# COUNT0: 10900.369
# COUNT1: 0
# COUNT2: MWIPS
# TIME: 9.928
# elapsed: 11.419485
# pid: 2962884
# status: 0

*Dump score:      21253.0
*Dump score:      21800.5
*Dump score:      21809.3
Count score:      21810.2
Count score:      21820.1
Count score:      21834.2
Count score:      21841.1
Count score:      21842.2
Count score:      21843.7
Count score:      21858.6

>>>> Sum of 2 copies
>>>> score: 21835.7236267797
>>>> time: 9.96314285714286
>>>> iterations: 7


########################################################
Execl Throughput -- 2 copies
==> "/mnt/host0/unixbench/UnixBench/pgms/execl" 30 2>&1 >> "/mnt/host0/unixbench/UnixBench/results/uarf-2025-06-03-01.log"

#### Pass 1


# COUNT0: 74316
# COUNT1: 1
# COUNT2: lps
# elapsed: 29.736687
# pid: 2962894
# status: 0

# COUNT0: 74268
# COUNT1: 1
# COUNT2: lps
# elapsed: 29.736648
# pid: 2962896
# status: 0

#### Pass 2


# COUNT0: 75091
# COUNT1: 1
# COUNT2: lps
# elapsed: 29.992956
# pid: 2962907
# status: 0

# COUNT0: 74717
# COUNT1: 1
# COUNT2: lps
# elapsed: 29.992622
# pid: 2962909
# status: 0

#### Pass 3


# COUNT0: 75159
# COUNT1: 1
# COUNT2: lps
# elapsed: 29.992744
# pid: 2962919
# status: 0

# COUNT0: 75223
# COUNT1: 1
# COUNT2: lps
# elapsed: 29.993219
# pid: 2962921
# status: 0

*Dump score:     148584.0
Count score:     149808.0
Count score:     150382.0

>>>> Sum of 2 copies
>>>> score: 5004.34434232927
>>>> time: 29.99288525
>>>> iterations: 2


########################################################
File Copy 1024 bufsize 2000 maxblocks -- 2 copies
==> "/mnt/host0/unixbench/UnixBench/pgms/fstime" -c -t 30 -d "/mnt/host0/unixbench/UnixBench/tmp" -b 1024 -m 2000 2>&1 >> "/mnt/host0/unixbench/UnixBench/results/uarf-2025-06-03-01.log"

#### Pass 1

Write done: 408000 in 2.0247, score 50378
Read done: 436456 in 2.0000, score 54556
Copy done: 2625980 in 30.0001, score 21883
Write done: 400000 in 2.0323, score 49205
Read done: 434264 in 2.0000, score 54282
Copy done: 2615312 in 30.0000, score 21794

# COUNT0: 21883
# COUNT1: 0
# COUNT2: KBps
# TIME: 30.0
# elapsed: 45.031571
# pid: 2962931
# status: 0

# COUNT0: 21794
# COUNT1: 0
# COUNT2: KBps
# TIME: 30.0
# elapsed: 45.038233
# pid: 2962933
# status: 0

#### Pass 2

Write done: 392000 in 2.0301, score 48274
Read done: 427200 in 2.0000, score 53399
Copy done: 2713060 in 30.0000, score 22608
Write done: 376000 in 2.0293, score 46320
Read done: 427828 in 2.0000, score 53477
Copy done: 2705028 in 30.0000, score 22541

# COUNT0: 22541
# COUNT1: 0
# COUNT2: KBps
# TIME: 30.0
# elapsed: 45.036982
# pid: 2962943
# status: 0

# COUNT0: 22608
# COUNT1: 0
# COUNT2: KBps
# TIME: 30.0
# elapsed: 45.037091
# pid: 2962945
# status: 0

#### Pass 3

Write done: 416000 in 2.0262, score 51327
Read done: 382300 in 2.0000, score 47786
Copy done: 2697540 in 30.0001, score 22479
Write done: 416000 in 2.0316, score 51191
Read done: 385008 in 2.0000, score 48125
Copy done: 2708252 in 30.0000, score 22568

# COUNT0: 22568
# COUNT1: 0
# COUNT2: KBps
# TIME: 30.0
# elapsed: 45.037928
# pid: 2962955
# status: 0

# COUNT0: 22479
# COUNT1: 0
# COUNT2: KBps
# TIME: 30.0
# elapsed: 45.033626
# pid: 2962957
# status: 0

*Dump score:      43677.0
Count score:      45047.0
Count score:      45149.0

>>>> Sum of 2 copies
>>>> score: 45097.9711627918
>>>> time: 30
>>>> iterations: 2


########################################################
File Copy 256 bufsize 500 maxblocks -- 2 copies
==> "/mnt/host0/unixbench/UnixBench/pgms/fstime" -c -t 30 -d "/mnt/host0/unixbench/UnixBench/tmp" -b 256 -m 500 2>&1 >> "/mnt/host0/unixbench/UnixBench/results/uarf-2025-06-03-01.log"

#### Pass 1

Write done: 88000 in 2.0213, score 10884
Read done: 85493 in 2.0000, score 10686
Copy done: 699579 in 30.0000, score 5829
Write done: 88000 in 2.0270, score 10853
Read done: 86002 in 2.0000, score 10750
Copy done: 698900 in 30.0000, score 5824

# COUNT0: 5829
# COUNT1: 0
# COUNT2: KBps
# TIME: 30.0
# elapsed: 45.030069
# pid: 2962967
# status: 0

# COUNT0: 5824
# COUNT1: 0
# COUNT2: KBps
# TIME: 30.0
# elapsed: 45.032500
# pid: 2962969
# status: 0

#### Pass 2

Write done: 106000 in 2.0012, score 13242
Read done: 106677 in 2.0000, score 13334
Copy done: 629106 in 30.0000, score 5242
Write done: 106000 in 2.0085, score 13194
Read done: 105151 in 2.0000, score 13143
Copy done: 627105 in 30.0000, score 5225

# COUNT0: 5225
# COUNT1: 0
# COUNT2: KBps
# TIME: 30.0
# elapsed: 45.014295
# pid: 2962979
# status: 0

# COUNT0: 5242
# COUNT1: 0
# COUNT2: KBps
# TIME: 30.0
# elapsed: 45.008118
# pid: 2962981
# status: 0

#### Pass 3

Write done: 100000 in 2.0023, score 12485
Read done: 106034 in 2.0000, score 13254
Copy done: 695958 in 30.0000, score 5799
Write done: 102000 in 2.0257, score 12588
Read done: 106092 in 2.0000, score 13261
Copy done: 693525 in 30.0000, score 5779

# COUNT0: 5799
# COUNT1: 0
# COUNT2: KBps
# TIME: 30.0
# elapsed: 45.009378
# pid: 2962991
# status: 0

# COUNT0: 5779
# COUNT1: 0
# COUNT2: KBps
# TIME: 30.0
# elapsed: 45.031559
# pid: 2962993
# status: 0

*Dump score:      10467.0
Count score:      11578.0
Count score:      11653.0

>>>> Sum of 2 copies
>>>> score: 11615.4394665032
>>>> time: 30
>>>> iterations: 2


########################################################
File Copy 4096 bufsize 8000 maxblocks -- 2 copies
==> "/mnt/host0/unixbench/UnixBench/pgms/fstime" -c -t 30 -d "/mnt/host0/unixbench/UnixBench/tmp" -b 4096 -m 8000 2>&1 >> "/mnt/host0/unixbench/UnixBench/results/uarf-2025-06-03-01.log"

#### Pass 1

Write done: 1728000 in 2.0200, score 213857
Read done: 1230784 in 2.0000, score 153845
Copy done: 10518944 in 30.0000, score 87657
Write done: 1728000 in 2.0200, score 213866
Read done: 1227120 in 2.0000, score 153387
Copy done: 10580224 in 30.0000, score 88168

# COUNT0: 87657
# COUNT1: 0
# COUNT2: KBps
# TIME: 30.0
# elapsed: 45.028390
# pid: 2963004
# status: 0

# COUNT0: 88168
# COUNT1: 0
# COUNT2: KBps
# TIME: 30.0
# elapsed: 45.029123
# pid: 2963006
# status: 0

#### Pass 2

Write done: 1536000 in 2.0042, score 191601
Read done: 1447456 in 2.0000, score 180928
Copy done: 10670048 in 30.0001, score 88916
Write done: 1568000 in 2.0334, score 192782
Read done: 1441552 in 2.0000, score 180192
Copy done: 10647520 in 30.0000, score 88729

# COUNT0: 88729
# COUNT1: 0
# COUNT2: KBps
# TIME: 30.0
# elapsed: 45.040292
# pid: 2963016
# status: 0

# COUNT0: 88916
# COUNT1: 0
# COUNT2: KBps
# TIME: 30.0
# elapsed: 45.012585
# pid: 2963018
# status: 0

#### Pass 3

Write done: 1632000 in 2.0133, score 202651
Read done: 1671632 in 2.0000, score 208952
Copy done: 10322736 in 30.0001, score 86022
Write done: 1632000 in 2.0156, score 202420
Read done: 1688176 in 2.0000, score 211018
Copy done: 10350864 in 30.0002, score 86256

# COUNT0: 86256
# COUNT1: 0
# COUNT2: KBps
# TIME: 30.0
# elapsed: 45.023244
# pid: 2963028
# status: 0

# COUNT0: 86022
# COUNT1: 0
# COUNT2: KBps
# TIME: 30.0
# elapsed: 45.021530
# pid: 2963030
# status: 0

*Dump score:     172278.0
Count score:     175825.0
Count score:     177645.0

>>>> Sum of 2 copies
>>>> score: 176732.657211394
>>>> time: 30
>>>> iterations: 2


########################################################
Pipe Throughput -- 2 copies
==> "/mnt/host0/unixbench/UnixBench/pgms/pipe" 10 2>&1 >> "/mnt/host0/unixbench/UnixBench/results/uarf-2025-06-03-01.log"

#### Pass 1


# COUNT0: 34872943
# COUNT1: 1
# COUNT2: lps
# elapsed: 10.001770
# pid: 2963040
# status: 0

# COUNT0: 34795994
# COUNT1: 1
# COUNT2: lps
# elapsed: 10.001467
# pid: 2963042
# status: 0

#### Pass 2


# COUNT0: 35059026
# COUNT1: 1
# COUNT2: lps
# elapsed: 10.002199
# pid: 2963052
# status: 0

# COUNT0: 35058187
# COUNT1: 1
# COUNT2: lps
# elapsed: 10.001466
# pid: 2963054
# status: 0

#### Pass 3


# COUNT0: 35110448
# COUNT1: 1
# COUNT2: lps
# elapsed: 10.001618
# pid: 2963064
# status: 0

# COUNT0: 35124707
# COUNT1: 1
# COUNT2: lps
# elapsed: 10.001992
# pid: 2963066
# status: 0

#### Pass 4


# COUNT0: 34518565
# COUNT1: 1
# COUNT2: lps
# elapsed: 10.002270
# pid: 2963076
# status: 0

# COUNT0: 33610811
# COUNT1: 1
# COUNT2: lps
# elapsed: 10.001519
# pid: 2963078
# status: 0

#### Pass 5


# COUNT0: 35096114
# COUNT1: 1
# COUNT2: lps
# elapsed: 10.001637
# pid: 2963088
# status: 0

# COUNT0: 35038987
# COUNT1: 1
# COUNT2: lps
# elapsed: 10.001495
# pid: 2963090
# status: 0

#### Pass 6


# COUNT0: 35018775
# COUNT1: 1
# COUNT2: lps
# elapsed: 10.001686
# pid: 2963100
# status: 0

# COUNT0: 35025287
# COUNT1: 1
# COUNT2: lps
# elapsed: 10.002000
# pid: 2963102
# status: 0

#### Pass 7


# COUNT0: 34769165
# COUNT1: 1
# COUNT2: lps
# elapsed: 10.001742
# pid: 2963112
# status: 0

# COUNT0: 34784810
# COUNT1: 1
# COUNT2: lps
# elapsed: 10.001534
# pid: 2963114
# status: 0

#### Pass 8


# COUNT0: 34736914
# COUNT1: 1
# COUNT2: lps
# elapsed: 10.001668
# pid: 2963124
# status: 0

# COUNT0: 33271779
# COUNT1: 1
# COUNT2: lps
# elapsed: 10.001459
# pid: 2963126
# status: 0

#### Pass 9


# COUNT0: 33200905
# COUNT1: 1
# COUNT2: lps
# elapsed: 10.001709
# pid: 2963136
# status: 0

# COUNT0: 33197111
# COUNT1: 1
# COUNT2: lps
# elapsed: 10.001462
# pid: 2963138
# status: 0

#### Pass 10


# COUNT0: 35160877
# COUNT1: 1
# COUNT2: lps
# elapsed: 10.001714
# pid: 2963148
# status: 0

# COUNT0: 35148238
# COUNT1: 1
# COUNT2: lps
# elapsed: 10.002105
# pid: 2963150
# status: 0

*Dump score:   66398016.0
*Dump score:   68008693.0
*Dump score:   68129376.0
Count score:   69553975.0
Count score:   69668937.0
Count score:   70044062.0
Count score:   70117213.0
Count score:   70135101.0
Count score:   70235155.0
Count score:   70309115.0

>>>> Sum of 2 copies
>>>> score: 6999636.42200586
>>>> time: 10.0017446428571
>>>> iterations: 7


########################################################
Pipe-based Context Switching -- 2 copies
==> "/mnt/host0/unixbench/UnixBench/pgms/context1" 10 2>&1 >> "/mnt/host0/unixbench/UnixBench/results/uarf-2025-06-03-01.log"

#### Pass 1


# COUNT0: 4726076
# COUNT1: 1
# COUNT2: lps
# elapsed: 10.002007
# pid: 2963160
# status: 0

# COUNT0: 4727929
# COUNT1: 1
# COUNT2: lps
# elapsed: 10.001436
# pid: 2963162
# status: 0

#### Pass 2


# COUNT0: 4709354
# COUNT1: 1
# COUNT2: lps
# elapsed: 10.001828
# pid: 2963175
# status: 0

# COUNT0: 4717311
# COUNT1: 1
# COUNT2: lps
# elapsed: 10.001515
# pid: 2963177
# status: 0

#### Pass 3


# COUNT0: 4748943
# COUNT1: 1
# COUNT2: lps
# elapsed: 10.001669
# pid: 2963189
# status: 0

# COUNT0: 4741002
# COUNT1: 1
# COUNT2: lps
# elapsed: 10.001488
# pid: 2963191
# status: 0

#### Pass 4


# COUNT0: 4700017
# COUNT1: 1
# COUNT2: lps
# elapsed: 10.001955
# pid: 2963203
# status: 0

# COUNT0: 4695010
# COUNT1: 1
# COUNT2: lps
# elapsed: 10.001650
# pid: 2963205
# status: 0

#### Pass 5


# COUNT0: 4737818
# COUNT1: 1
# COUNT2: lps
# elapsed: 10.001779
# pid: 2963217
# status: 0

# COUNT0: 4706562
# COUNT1: 1
# COUNT2: lps
# elapsed: 10.001544
# pid: 2963219
# status: 0

#### Pass 6


# COUNT0: 4777323
# COUNT1: 1
# COUNT2: lps
# elapsed: 10.001657
# pid: 2963231
# status: 0

# COUNT0: 4754061
# COUNT1: 1
# COUNT2: lps
# elapsed: 10.001437
# pid: 2963233
# status: 0

#### Pass 7


# COUNT0: 4721488
# COUNT1: 1
# COUNT2: lps
# elapsed: 10.001619
# pid: 2963245
# status: 0

# COUNT0: 4750922
# COUNT1: 1
# COUNT2: lps
# elapsed: 10.001504
# pid: 2963247
# status: 0

#### Pass 8


# COUNT0: 4758358
# COUNT1: 1
# COUNT2: lps
# elapsed: 10.001770
# pid: 2963259
# status: 0

# COUNT0: 4728368
# COUNT1: 1
# COUNT2: lps
# elapsed: 10.001711
# pid: 2963261
# status: 0

#### Pass 9


# COUNT0: 4732969
# COUNT1: 1
# COUNT2: lps
# elapsed: 10.001642
# pid: 2963273
# status: 0

# COUNT0: 4677817
# COUNT1: 1
# COUNT2: lps
# elapsed: 10.001512
# pid: 2963275
# status: 0

#### Pass 10


# COUNT0: 4709170
# COUNT1: 1
# COUNT2: lps
# elapsed: 10.001995
# pid: 2963287
# status: 0

# COUNT0: 4711762
# COUNT1: 1
# COUNT2: lps
# elapsed: 10.001542
# pid: 2963289
# status: 0

*Dump score:    9395027.0
*Dump score:    9410786.0
*Dump score:    9420932.0
Count score:    9426665.0
Count score:    9444380.0
Count score:    9454005.0
Count score:    9472410.0
Count score:    9486726.0
Count score:    9489945.0
Count score:    9531384.0

>>>> Sum of 2 copies
>>>> score: 947060.867967862
>>>> time: 10.0016402857143
>>>> iterations: 7


########################################################
Process Creation -- 2 copies
==> "/mnt/host0/unixbench/UnixBench/pgms/spawn" 30 2>&1 >> "/mnt/host0/unixbench/UnixBench/results/uarf-2025-06-03-01.log"

#### Pass 1


# COUNT0: 845152
# COUNT1: 1
# COUNT2: lps
# elapsed: 30.001738
# pid: 2963301
# status: 0

# COUNT0: 856690
# COUNT1: 1
# COUNT2: lps
# elapsed: 30.001514
# pid: 2963303
# status: 0

#### Pass 2


# COUNT0: 866938
# COUNT1: 1
# COUNT2: lps
# elapsed: 30.001772
# pid: 471155
# status: 0

# COUNT0: 842487
# COUNT1: 1
# COUNT2: lps
# elapsed: 30.001905
# pid: 471157
# status: 0

#### Pass 3


# COUNT0: 849458
# COUNT1: 1
# COUNT2: lps
# elapsed: 30.001671
# pid: 2180594
# status: 0

# COUNT0: 855333
# COUNT1: 1
# COUNT2: lps
# elapsed: 30.001560
# pid: 2180596
# status: 0

*Dump score:    1701842.0
Count score:    1704791.0
Count score:    1709425.0

>>>> Sum of 2 copies
>>>> score: 56900.2720282791
>>>> time: 30.001727
>>>> iterations: 2


########################################################
System Call Overhead -- 2 copies
==> "/mnt/host0/unixbench/UnixBench/pgms/syscall" 10 2>&1 >> "/mnt/host0/unixbench/UnixBench/results/uarf-2025-06-03-01.log"

#### Pass 1


# COUNT0: 38216192
# COUNT1: 1
# COUNT2: lps
# elapsed: 10.001607
# pid: 3885401
# status: 0

# COUNT0: 38220848
# COUNT1: 1
# COUNT2: lps
# elapsed: 10.001480
# pid: 3885403
# status: 0

#### Pass 2


# COUNT0: 38094039
# COUNT1: 1
# COUNT2: lps
# elapsed: 10.001556
# pid: 3885413
# status: 0

# COUNT0: 38094993
# COUNT1: 1
# COUNT2: lps
# elapsed: 10.001896
# pid: 3885415
# status: 0

#### Pass 3


# COUNT0: 38154316
# COUNT1: 1
# COUNT2: lps
# elapsed: 10.001717
# pid: 3885425
# status: 0

# COUNT0: 38202961
# COUNT1: 1
# COUNT2: lps
# elapsed: 10.001506
# pid: 3885427
# status: 0

#### Pass 4


# COUNT0: 38050693
# COUNT1: 1
# COUNT2: lps
# elapsed: 10.001725
# pid: 3885437
# status: 0

# COUNT0: 38043781
# COUNT1: 1
# COUNT2: lps
# elapsed: 10.001537
# pid: 3885439
# status: 0

#### Pass 5


# COUNT0: 37960986
# COUNT1: 1
# COUNT2: lps
# elapsed: 10.001696
# pid: 3885449
# status: 0

# COUNT0: 37957833
# COUNT1: 1
# COUNT2: lps
# elapsed: 10.001509
# pid: 3885451
# status: 0

#### Pass 6


# COUNT0: 37649190
# COUNT1: 1
# COUNT2: lps
# elapsed: 10.001812
# pid: 3885461
# status: 0

# COUNT0: 37826698
# COUNT1: 1
# COUNT2: lps
# elapsed: 10.001505
# pid: 3885463
# status: 0

#### Pass 7


# COUNT0: 37645117
# COUNT1: 1
# COUNT2: lps
# elapsed: 10.001683
# pid: 3885473
# status: 0

# COUNT0: 37234260
# COUNT1: 1
# COUNT2: lps
# elapsed: 10.001458
# pid: 3885475
# status: 0

#### Pass 8


# COUNT0: 38146266
# COUNT1: 1
# COUNT2: lps
# elapsed: 10.001654
# pid: 3885485
# status: 0

# COUNT0: 37944910
# COUNT1: 1
# COUNT2: lps
# elapsed: 10.002035
# pid: 3885487
# status: 0

#### Pass 9


# COUNT0: 38073812
# COUNT1: 1
# COUNT2: lps
# elapsed: 10.001696
# pid: 3885497
# status: 0

# COUNT0: 38086417
# COUNT1: 1
# COUNT2: lps
# elapsed: 10.001578
# pid: 3885499
# status: 0

#### Pass 10


# COUNT0: 38081609
# COUNT1: 1
# COUNT2: lps
# elapsed: 10.001812
# pid: 3885510
# status: 0

# COUNT0: 38091427
# COUNT1: 1
# COUNT2: lps
# elapsed: 10.001656
# pid: 3885512
# status: 0

*Dump score:   74879377.0
*Dump score:   75475888.0
*Dump score:   75918819.0
Count score:   76091176.0
Count score:   76094474.0
Count score:   76160229.0
Count score:   76173036.0
Count score:   76189032.0
Count score:   76357277.0
Count score:   76437040.0

>>>> Sum of 2 copies
>>>> score: 7620174.44605046
>>>> time: 10.0016753571429
>>>> iterations: 7


########################################################
Shell Scripts (1 concurrent) -- 2 copies
==> "/mnt/host0/unixbench/UnixBench/pgms/looper" 60 "/mnt/host0/unixbench/UnixBench/pgms/multi.sh" 1 2>&1 >> "/mnt/host0/unixbench/UnixBench/results/uarf-2025-06-03-01.log"

#### Pass 1


# COUNT0: 6199
# COUNT1: 60
# COUNT2: lpm
# elapsed: 60.002757
# pid: 3885522
# status: 0

# COUNT0: 6203
# COUNT1: 60
# COUNT2: lpm
# elapsed: 60.006664
# pid: 3885524
# status: 0

#### Pass 2


# COUNT0: 6200
# COUNT1: 60
# COUNT2: lpm
# elapsed: 60.006989
# pid: 3997170
# status: 0

# COUNT0: 6205
# COUNT1: 60
# COUNT2: lpm
# elapsed: 60.008140
# pid: 3997172
# status: 0

#### Pass 3


# COUNT0: 6180
# COUNT1: 60
# COUNT2: lpm
# elapsed: 60.007983
# pid: 4108845
# status: 0

# COUNT0: 6184
# COUNT1: 60
# COUNT2: lpm
# elapsed: 60.008827
# pid: 4108847
# status: 0

*Dump score:      12364.0
Count score:      12402.0
Count score:      12405.0

>>>> Sum of 2 copies
>>>> score: 12402.2312679003
>>>> time: 60.0061375
>>>> iterations: 2


########################################################
Shell Scripts (8 concurrent) -- 2 copies
==> "/mnt/host0/unixbench/UnixBench/pgms/looper" 60 "/mnt/host0/unixbench/UnixBench/pgms/multi.sh" 8 2>&1 >> "/mnt/host0/unixbench/UnixBench/results/uarf-2025-06-03-01.log"

#### Pass 1


# COUNT0: 1020
# COUNT1: 60
# COUNT2: lpm
# elapsed: 60.025917
# pid: 26148
# status: 0

# COUNT0: 1019
# COUNT1: 60
# COUNT2: lpm
# elapsed: 60.023850
# pid: 26150
# status: 0

#### Pass 2


# COUNT0: 1020
# COUNT1: 60
# COUNT2: lpm
# elapsed: 60.030351
# pid: 158825
# status: 0

# COUNT0: 1020
# COUNT1: 60
# COUNT2: lpm
# elapsed: 60.031007
# pid: 158827
# status: 0

#### Pass 3


# COUNT0: 1020
# COUNT1: 60
# COUNT2: lpm
# elapsed: 60.027322
# pid: 291568
# status: 0

# COUNT0: 1020
# COUNT1: 60
# COUNT2: lpm
# elapsed: 60.026153
# pid: 291570
# status: 0

*Dump score:       2039.0
Count score:       2040.0
Count score:       2040.0

>>>> Sum of 2 copies
>>>> score: 2039.02438740155
>>>> time: 60.02870825
>>>> iterations: 2

