
########################################################
Dhrystone 2 using register variables -- 1 copy
==> "/mnt/host0/unixbench/UnixBench/pgms/dhry2reg" 10 2>&1 >> "/mnt/host0/unixbench/UnixBench/results/uarf-2025-06-04-06.log"

#### Pass 1


# COUNT0: 990079919
# COUNT1: 1
# COUNT2: lps
# elapsed: 10.001331
# pid: 1086072
# status: 0

#### Pass 2


# COUNT0: 986154590
# COUNT1: 1
# COUNT2: lps
# elapsed: 10.001384
# pid: 1086082
# status: 0

#### Pass 3


# COUNT0: 987372392
# COUNT1: 1
# COUNT2: lps
# elapsed: 10.001367
# pid: 1086091
# status: 0

#### Pass 4


# COUNT0: 986365650
# COUNT1: 1
# COUNT2: lps
# elapsed: 10.001357
# pid: 1086100
# status: 0

#### Pass 5


# COUNT0: 971112965
# COUNT1: 1
# COUNT2: lps
# elapsed: 10.001309
# pid: 1086109
# status: 0

#### Pass 6


# COUNT0: 967872115
# COUNT1: 1
# COUNT2: lps
# elapsed: 10.001383
# pid: 1086118
# status: 0

#### Pass 7


# COUNT0: 982714356
# COUNT1: 1
# COUNT2: lps
# elapsed: 10.001344
# pid: 1086127
# status: 0

#### Pass 8


# COUNT0: 986525556
# COUNT1: 1
# COUNT2: lps
# elapsed: 10.001405
# pid: 1086136
# status: 0

#### Pass 9


# COUNT0: 987927927
# COUNT1: 1
# COUNT2: lps
# elapsed: 10.001329
# pid: 1086145
# status: 0

#### Pass 10


# COUNT0: 984516903
# COUNT1: 1
# COUNT2: lps
# elapsed: 10.001301
# pid: 1086154
# status: 0

*Dump score:  967872115.0
*Dump score:  971112965.0
*Dump score:  982714356.0
Count score:  984516903.0
Count score:  986154590.0
Count score:  986365650.0
Count score:  986525556.0
Count score:  987372392.0
Count score:  987927927.0
Count score:  990079919.0

>>>> Results of 1 copy
>>>> score: 98685698.2632796
>>>> time: 10.0013534285714
>>>> iterations: 7


########################################################
Double-Precision Whetstone -- 1 copy
==> "/mnt/host0/unixbench/UnixBench/pgms/whetstone-double"  2>&1 >> "/mnt/host0/unixbench/UnixBench/results/uarf-2025-06-04-06.log"

#### Pass 1

Calibrate
       0.00 Seconds          1   Passes (x 100)
       0.00 Seconds          5   Passes (x 100)
       0.02 Seconds         25   Passes (x 100)
       0.11 Seconds        125   Passes (x 100)
       0.54 Seconds        625   Passes (x 100)

Use 11530  passes (x 100)

          Double Precision C/C++ Whetstone Benchmark

Loop content                  Result              MFLOPS      MOPS   Seconds

N1 floating point     -1.12398255667392033      2728.974              0.081
N2 floating point     -1.12187079889294417      3387.195              0.457
N3 if then else        1.00000000000000000               16202.640    0.074
N4 fixed point        12.00000000000000000               46507127862.209    0.000
N5 sin,cos etc.        0.49902937281518261                 301.104    3.186
N6 floating point      0.99999987890802811      1474.532              4.218
N7 assignments         3.00000000000000000                5407.595    0.394
N8 exp,sqrt etc.       0.75100163018453958                 285.636    1.502

MWIPS                                          11632.784              9.912


# COUNT0: 11632.784
# COUNT1: 0
# COUNT2: MWIPS
# TIME: 9.912
# elapsed: 11.371410
# pid: 1086163
# status: 0

#### Pass 2

Calibrate
       0.00 Seconds          1   Passes (x 100)
       0.00 Seconds          5   Passes (x 100)
       0.02 Seconds         25   Passes (x 100)
       0.11 Seconds        125   Passes (x 100)
       0.54 Seconds        625   Passes (x 100)

Use 11532  passes (x 100)

          Double Precision C/C++ Whetstone Benchmark

Loop content                  Result              MFLOPS      MOPS   Seconds

N1 floating point     -1.12398255667392033      2729.175              0.081
N2 floating point     -1.12187079889294417      3387.281              0.458
N3 if then else        1.00000000000000000               16202.566    0.074
N4 fixed point        12.00000000000000000                   0.000   -0.000
N5 sin,cos etc.        0.49902937281518261                 301.113    3.186
N6 floating point      0.99999987890802811      1474.401              4.219
N7 assignments         3.00000000000000000                5405.336    0.394
N8 exp,sqrt etc.       0.75100163018453958                 285.531    1.502

MWIPS                                          11631.636              9.914


# COUNT0: 11631.636
# COUNT1: 0
# COUNT2: MWIPS
# TIME: 9.914
# elapsed: 11.373984
# pid: 1086172
# status: 0

#### Pass 3

Calibrate
       0.00 Seconds          1   Passes (x 100)
       0.00 Seconds          5   Passes (x 100)
       0.02 Seconds         25   Passes (x 100)
       0.11 Seconds        125   Passes (x 100)
       0.54 Seconds        625   Passes (x 100)

Use 11531  passes (x 100)

          Double Precision C/C++ Whetstone Benchmark

Loop content                  Result              MFLOPS      MOPS   Seconds

N1 floating point     -1.12398255667392033      2728.178              0.081
N2 floating point     -1.12187079889294417      3387.141              0.458
N3 if then else        1.00000000000000000               16204.890    0.074
N4 fixed point        12.00000000000000000               1344882000647.183    0.000
N5 sin,cos etc.        0.49902937281518261                 301.035    3.187
N6 floating point      0.99999987890802811      1474.218              4.219
N7 assignments         3.00000000000000000                5405.936    0.394
N8 exp,sqrt etc.       0.75100163018453958                 285.498    1.502

MWIPS                                          11629.858              9.915


# COUNT0: 11629.858
# COUNT1: 0
# COUNT2: MWIPS
# TIME: 9.915
# elapsed: 11.374759
# pid: 1086181
# status: 0

#### Pass 4

Calibrate
       0.00 Seconds          1   Passes (x 100)
       0.00 Seconds          5   Passes (x 100)
       0.02 Seconds         25   Passes (x 100)
       0.11 Seconds        125   Passes (x 100)
       0.54 Seconds        625   Passes (x 100)

Use 11528  passes (x 100)

          Double Precision C/C++ Whetstone Benchmark

Loop content                  Result              MFLOPS      MOPS   Seconds

N1 floating point     -1.12398255667392033      2728.878              0.081
N2 floating point     -1.12187079889294417      3386.971              0.457
N3 if then else        1.00000000000000000               16210.609    0.074
N4 fixed point        12.00000000000000000               34330956680.076    0.000
N5 sin,cos etc.        0.49902937281518261                 301.052    3.186
N6 floating point      0.99999987890802811      1474.527              4.217
N7 assignments         3.00000000000000000                5406.011    0.394
N8 exp,sqrt etc.       0.75100163018453958                 285.593    1.502

MWIPS                                          11631.725              9.911


# COUNT0: 11631.725
# COUNT1: 0
# COUNT2: MWIPS
# TIME: 9.911
# elapsed: 11.370428
# pid: 1086190
# status: 0

#### Pass 5

Calibrate
       0.00 Seconds          1   Passes (x 100)
       0.00 Seconds          5   Passes (x 100)
       0.02 Seconds         25   Passes (x 100)
       0.11 Seconds        125   Passes (x 100)
       0.54 Seconds        625   Passes (x 100)

Use 11530  passes (x 100)

          Double Precision C/C++ Whetstone Benchmark

Loop content                  Result              MFLOPS      MOPS   Seconds

N1 floating point     -1.12398255667392033      2727.891              0.081
N2 floating point     -1.12187079889294417      3386.559              0.458
N3 if then else        1.00000000000000000               16207.016    0.074
N4 fixed point        12.00000000000000000                   0.000   -0.000
N5 sin,cos etc.        0.49902937281518261                 301.050    3.186
N6 floating point      0.99999987890802811      1474.924              4.217
N7 assignments         3.00000000000000000                5405.854    0.394
N8 exp,sqrt etc.       0.75100163018453958                 285.490    1.502

MWIPS                                          11632.269              9.912


# COUNT0: 11632.269
# COUNT1: 0
# COUNT2: MWIPS
# TIME: 9.912
# elapsed: 11.371918
# pid: 1086199
# status: 0

#### Pass 6

Calibrate
       0.00 Seconds          1   Passes (x 100)
       0.00 Seconds          5   Passes (x 100)
       0.02 Seconds         25   Passes (x 100)
       0.11 Seconds        125   Passes (x 100)
       0.54 Seconds        625   Passes (x 100)

Use 11530  passes (x 100)

          Double Precision C/C++ Whetstone Benchmark

Loop content                  Result              MFLOPS      MOPS   Seconds

N1 floating point     -1.12398255667392033      2729.246              0.081
N2 floating point     -1.12187079889294417      3387.123              0.458
N3 if then else        1.00000000000000000               16206.573    0.074
N4 fixed point        12.00000000000000000                   0.000   -0.000
N5 sin,cos etc.        0.49902937281518261                 301.045    3.187
N6 floating point      0.99999987890802811      1474.426              4.218
N7 assignments         3.00000000000000000                5406.307    0.394
N8 exp,sqrt etc.       0.75100163018453958                 285.558    1.502

MWIPS                                          11631.117              9.913


# COUNT0: 11631.117
# COUNT1: 0
# COUNT2: MWIPS
# TIME: 9.913
# elapsed: 11.372710
# pid: 1086208
# status: 0

#### Pass 7

Calibrate
       0.00 Seconds          1   Passes (x 100)
       0.00 Seconds          5   Passes (x 100)
       0.02 Seconds         25   Passes (x 100)
       0.11 Seconds        125   Passes (x 100)
       0.54 Seconds        625   Passes (x 100)

Use 11529  passes (x 100)

          Double Precision C/C++ Whetstone Benchmark

Loop content                  Result              MFLOPS      MOPS   Seconds

N1 floating point     -1.12398255667392033      2728.058              0.081
N2 floating point     -1.12187079889294417      3386.673              0.458
N3 if then else        1.00000000000000000               16204.933    0.074
N4 fixed point        12.00000000000000000               129843331925.781    0.000
N5 sin,cos etc.        0.49902937281518261                 301.100    3.186
N6 floating point      0.99999987890802811      1474.346              4.218
N7 assignments         3.00000000000000000                5406.113    0.394
N8 exp,sqrt etc.       0.75100163018453958                 285.519    1.502

MWIPS                                          11631.159              9.912


# COUNT0: 11631.159
# COUNT1: 0
# COUNT2: MWIPS
# TIME: 9.912
# elapsed: 11.371943
# pid: 1086217
# status: 0

#### Pass 8

Calibrate
       0.00 Seconds          1   Passes (x 100)
       0.00 Seconds          5   Passes (x 100)
       0.02 Seconds         25   Passes (x 100)
       0.11 Seconds        125   Passes (x 100)
       0.54 Seconds        625   Passes (x 100)

Use 11531  passes (x 100)

          Double Precision C/C++ Whetstone Benchmark

Loop content                  Result              MFLOPS      MOPS   Seconds

N1 floating point     -1.12398255667392033      2728.891              0.081
N2 floating point     -1.12187079889294417      3386.682              0.458
N3 if then else        1.00000000000000000               16206.685    0.074
N4 fixed point        12.00000000000000000               42960497412.896    0.000
N5 sin,cos etc.        0.49902937281518261                 301.128    3.186
N6 floating point      0.99999987890802811      1474.566              4.218
N7 assignments         3.00000000000000000                5406.404    0.394
N8 exp,sqrt etc.       0.75100163018453958                 285.544    1.502

MWIPS                                          11632.457              9.913


# COUNT0: 11632.457
# COUNT1: 0
# COUNT2: MWIPS
# TIME: 9.913
# elapsed: 11.372535
# pid: 1086226
# status: 0

#### Pass 9

Calibrate
       0.00 Seconds          1   Passes (x 100)
       0.00 Seconds          5   Passes (x 100)
       0.02 Seconds         25   Passes (x 100)
       0.11 Seconds        125   Passes (x 100)
       0.54 Seconds        625   Passes (x 100)

Use 11532  passes (x 100)

          Double Precision C/C++ Whetstone Benchmark

Loop content                  Result              MFLOPS      MOPS   Seconds

N1 floating point     -1.12398255667392033      2728.556              0.081
N2 floating point     -1.12187079889294417      3387.725              0.458
N3 if then else        1.00000000000000000               16208.075    0.074
N4 fixed point        12.00000000000000000                   0.000   -0.000
N5 sin,cos etc.        0.49902937281518261                 301.038    3.187
N6 floating point      0.99999987890802811      1474.328              4.219
N7 assignments         3.00000000000000000                5406.037    0.394
N8 exp,sqrt etc.       0.75100163018453958                 285.540    1.502

MWIPS                                          11630.657              9.915


# COUNT0: 11630.657
# COUNT1: 0
# COUNT2: MWIPS
# TIME: 9.915
# elapsed: 11.374965
# pid: 1086235
# status: 0

#### Pass 10

Calibrate
       0.00 Seconds          1   Passes (x 100)
       0.00 Seconds          5   Passes (x 100)
       0.02 Seconds         25   Passes (x 100)
       0.11 Seconds        125   Passes (x 100)
       0.54 Seconds        625   Passes (x 100)

Use 11524  passes (x 100)

          Double Precision C/C++ Whetstone Benchmark

Loop content                  Result              MFLOPS      MOPS   Seconds

N1 floating point     -1.12398255667392033      2728.624              0.081
N2 floating point     -1.12187079889294417      3386.307              0.457
N3 if then else        1.00000000000000000               16206.943    0.074
N4 fixed point        12.00000000000000000                   0.000   -0.000
N5 sin,cos etc.        0.49902937281518261                 300.964    3.186
N6 floating point      0.99999987890802811      1474.380              4.216
N7 assignments         3.00000000000000000                5406.030    0.394
N8 exp,sqrt etc.       0.75100163018453958                 285.465    1.502

MWIPS                                          11629.214              9.910


# COUNT0: 11629.214
# COUNT1: 0
# COUNT2: MWIPS
# TIME: 9.910
# elapsed: 11.369157
# pid: 1086244
# status: 0

*Dump score:      11629.2
*Dump score:      11629.9
*Dump score:      11630.7
Count score:      11631.1
Count score:      11631.2
Count score:      11631.6
Count score:      11631.7
Count score:      11632.3
Count score:      11632.5
Count score:      11632.8

>>>> Results of 1 copy
>>>> score: 11631.878127585
>>>> time: 9.91242857142857
>>>> iterations: 7


########################################################
Execl Throughput -- 1 copy
==> "/mnt/host0/unixbench/UnixBench/pgms/execl" 30 2>&1 >> "/mnt/host0/unixbench/UnixBench/results/uarf-2025-06-04-06.log"

#### Pass 1


# COUNT0: 104036
# COUNT1: 1
# COUNT2: lps
# elapsed: 29.130663
# pid: 1086253
# status: 0

#### Pass 2


# COUNT0: 107600
# COUNT1: 1
# COUNT2: lps
# elapsed: 29.992625
# pid: 1086263
# status: 0

#### Pass 3


# COUNT0: 107519
# COUNT1: 1
# COUNT2: lps
# elapsed: 29.994475
# pid: 1086273
# status: 0

*Dump score:     104036.0
Count score:     107519.0
Count score:     107600.0

>>>> Results of 1 copy
>>>> score: 3586.08742300596
>>>> time: 29.99355
>>>> iterations: 2


########################################################
File Copy 1024 bufsize 2000 maxblocks -- 1 copy
==> "/mnt/host0/unixbench/UnixBench/pgms/fstime" -c -t 30 -d "/mnt/host0/unixbench/UnixBench/tmp" -b 1024 -m 2000 2>&1 >> "/mnt/host0/unixbench/UnixBench/results/uarf-2025-06-04-06.log"

#### Pass 1

Write done: 472000 in 2.0052, score 58846
Read done: 469360 in 2.0000, score 58669
Copy done: 3527952 in 30.0000, score 29399

# COUNT0: 29399
# COUNT1: 0
# COUNT2: KBps
# TIME: 30.0
# elapsed: 45.011484
# pid: 1086282
# status: 0

#### Pass 2

Write done: 472000 in 2.0002, score 58993
Read done: 476588 in 2.0000, score 59572
Copy done: 3518932 in 30.0000, score 29324

# COUNT0: 29324
# COUNT1: 0
# COUNT2: KBps
# TIME: 30.0
# elapsed: 45.007081
# pid: 1086291
# status: 0

#### Pass 3

Write done: 480000 in 2.0237, score 59295
Read done: 469220 in 2.0000, score 58651
Copy done: 3534828 in 30.0000, score 29456

# COUNT0: 29456
# COUNT1: 0
# COUNT2: KBps
# TIME: 30.0
# elapsed: 45.029793
# pid: 1086300
# status: 0

*Dump score:      29324.0
Count score:      29399.0
Count score:      29456.0

>>>> Results of 1 copy
>>>> score: 29427.4861991302
>>>> time: 30
>>>> iterations: 2


########################################################
File Copy 256 bufsize 500 maxblocks -- 1 copy
==> "/mnt/host0/unixbench/UnixBench/pgms/fstime" -c -t 30 -d "/mnt/host0/unixbench/UnixBench/tmp" -b 256 -m 500 2>&1 >> "/mnt/host0/unixbench/UnixBench/results/uarf-2025-06-04-06.log"

#### Pass 1

Write done: 118000 in 2.0083, score 14689
Read done: 117672 in 2.0000, score 14708
Copy done: 882190 in 30.0000, score 7351

# COUNT0: 7351
# COUNT1: 0
# COUNT2: KBps
# TIME: 30.0
# elapsed: 45.014614
# pid: 1086309
# status: 0

#### Pass 2

Write done: 120000 in 2.0109, score 14918
Read done: 118062 in 2.0000, score 14757
Copy done: 884707 in 30.0000, score 7372

# COUNT0: 7372
# COUNT1: 0
# COUNT2: KBps
# TIME: 30.0
# elapsed: 45.017395
# pid: 1086318
# status: 0

#### Pass 3

Write done: 120000 in 2.0004, score 14997
Read done: 117850 in 2.0000, score 14731
Copy done: 880972 in 30.0000, score 7341

# COUNT0: 7341
# COUNT1: 0
# COUNT2: KBps
# TIME: 30.0
# elapsed: 45.006571
# pid: 1086327
# status: 0

*Dump score:       7341.0
Count score:       7351.0
Count score:       7372.0

>>>> Results of 1 copy
>>>> score: 7361.49251171254
>>>> time: 30
>>>> iterations: 2


########################################################
File Copy 4096 bufsize 8000 maxblocks -- 1 copy
==> "/mnt/host0/unixbench/UnixBench/pgms/fstime" -c -t 30 -d "/mnt/host0/unixbench/UnixBench/tmp" -b 4096 -m 8000 2>&1 >> "/mnt/host0/unixbench/UnixBench/results/uarf-2025-06-04-06.log"

#### Pass 1

Write done: 1856000 in 2.0124, score 230566
Read done: 1878288 in 2.0000, score 234783
Copy done: 13911056 in 30.0000, score 115925

# COUNT0: 115925
# COUNT1: 0
# COUNT2: KBps
# TIME: 30.0
# elapsed: 45.019339
# pid: 1086337
# status: 0

#### Pass 2

Write done: 2016000 in 2.0107, score 250653
Read done: 1857072 in 2.0000, score 232131
Copy done: 14101312 in 30.0000, score 117510

# COUNT0: 117510
# COUNT1: 0
# COUNT2: KBps
# TIME: 30.0
# elapsed: 45.018165
# pid: 1086346
# status: 0

#### Pass 3

Write done: 1856000 in 2.0085, score 231021
Read done: 1855376 in 2.0000, score 231919
Copy done: 13872128 in 30.0000, score 115600

# COUNT0: 115600
# COUNT1: 0
# COUNT2: KBps
# TIME: 30.0
# elapsed: 45.015865
# pid: 1086355
# status: 0

*Dump score:     115600.0
Count score:     115925.0
Count score:     117510.0

>>>> Results of 1 copy
>>>> score: 116714.809471635
>>>> time: 30
>>>> iterations: 2


########################################################
Pipe Throughput -- 1 copy
==> "/mnt/host0/unixbench/UnixBench/pgms/pipe" 10 2>&1 >> "/mnt/host0/unixbench/UnixBench/results/uarf-2025-06-04-06.log"

#### Pass 1


# COUNT0: 48708394
# COUNT1: 1
# COUNT2: lps
# elapsed: 10.001337
# pid: 1086364
# status: 0

#### Pass 2


# COUNT0: 48123484
# COUNT1: 1
# COUNT2: lps
# elapsed: 10.001277
# pid: 1086373
# status: 0

#### Pass 3


# COUNT0: 48940033
# COUNT1: 1
# COUNT2: lps
# elapsed: 10.001367
# pid: 1086382
# status: 0

#### Pass 4


# COUNT0: 47688165
# COUNT1: 1
# COUNT2: lps
# elapsed: 10.001387
# pid: 1086391
# status: 0

#### Pass 5


# COUNT0: 49260005
# COUNT1: 1
# COUNT2: lps
# elapsed: 10.001338
# pid: 1086400
# status: 0

#### Pass 6


# COUNT0: 48711622
# COUNT1: 1
# COUNT2: lps
# elapsed: 10.001317
# pid: 1086409
# status: 0

#### Pass 7


# COUNT0: 49455241
# COUNT1: 1
# COUNT2: lps
# elapsed: 10.001360
# pid: 1086418
# status: 0

#### Pass 8


# COUNT0: 48457900
# COUNT1: 1
# COUNT2: lps
# elapsed: 10.001305
# pid: 1086427
# status: 0

#### Pass 9


# COUNT0: 48512304
# COUNT1: 1
# COUNT2: lps
# elapsed: 10.001352
# pid: 1086436
# status: 0

#### Pass 10


# COUNT0: 48442521
# COUNT1: 1
# COUNT2: lps
# elapsed: 10.001379
# pid: 1086445
# status: 0

*Dump score:   47688165.0
*Dump score:   48123484.0
*Dump score:   48442521.0
Count score:   48457900.0
Count score:   48512304.0
Count score:   48708394.0
Count score:   48711622.0
Count score:   48940033.0
Count score:   49260005.0
Count score:   49455241.0

>>>> Results of 1 copy
>>>> score: 4885586.19150069
>>>> time: 10.0013394285714
>>>> iterations: 7


########################################################
Pipe-based Context Switching -- 1 copy
==> "/mnt/host0/unixbench/UnixBench/pgms/context1" 10 2>&1 >> "/mnt/host0/unixbench/UnixBench/results/uarf-2025-06-04-06.log"

#### Pass 1


# COUNT0: 920824
# COUNT1: 1
# COUNT2: lps
# elapsed: 10.001239
# pid: 1086454
# status: 0

#### Pass 2


# COUNT0: 930609
# COUNT1: 1
# COUNT2: lps
# elapsed: 10.001326
# pid: 1086464
# status: 0

#### Pass 3


# COUNT0: 926259
# COUNT1: 1
# COUNT2: lps
# elapsed: 10.001304
# pid: 1086474
# status: 0

#### Pass 4


# COUNT0: 914467
# COUNT1: 1
# COUNT2: lps
# elapsed: 10.001284
# pid: 1086484
# status: 0

#### Pass 5


# COUNT0: 915799
# COUNT1: 1
# COUNT2: lps
# elapsed: 10.001342
# pid: 1086495
# status: 0

#### Pass 6


# COUNT0: 912227
# COUNT1: 1
# COUNT2: lps
# elapsed: 10.001333
# pid: 1086505
# status: 0

#### Pass 7


# COUNT0: 918093
# COUNT1: 1
# COUNT2: lps
# elapsed: 10.001275
# pid: 1086515
# status: 0

#### Pass 8


# COUNT0: 919198
# COUNT1: 1
# COUNT2: lps
# elapsed: 10.001413
# pid: 1086525
# status: 0

#### Pass 9


# COUNT0: 927194
# COUNT1: 1
# COUNT2: lps
# elapsed: 10.001288
# pid: 1086535
# status: 0

#### Pass 10


# COUNT0: 920544
# COUNT1: 1
# COUNT2: lps
# elapsed: 10.001328
# pid: 1086545
# status: 0

*Dump score:     912227.0
*Dump score:     914467.0
*Dump score:     915799.0
Count score:     918093.0
Count score:     919198.0
Count score:     920544.0
Count score:     920824.0
Count score:     926259.0
Count score:     927194.0
Count score:     930609.0

>>>> Results of 1 copy
>>>> score: 92311.4460110089
>>>> time: 10.0013104285714
>>>> iterations: 7


########################################################
Process Creation -- 1 copy
==> "/mnt/host0/unixbench/UnixBench/pgms/spawn" 30 2>&1 >> "/mnt/host0/unixbench/UnixBench/results/uarf-2025-06-04-06.log"

#### Pass 1


# COUNT0: 763003
# COUNT1: 1
# COUNT2: lps
# elapsed: 30.001455
# pid: 1086555
# status: 0

#### Pass 2


# COUNT0: 777146
# COUNT1: 1
# COUNT2: lps
# elapsed: 30.001499
# pid: 1849568
# status: 0

#### Pass 3


# COUNT0: 783662
# COUNT1: 1
# COUNT2: lps
# elapsed: 30.001393
# pid: 2626724
# status: 0

*Dump score:     763003.0
Count score:     777146.0
Count score:     783662.0

>>>> Results of 1 copy
>>>> score: 26011.9861984752
>>>> time: 30.001446
>>>> iterations: 2


########################################################
System Call Overhead -- 1 copy
==> "/mnt/host0/unixbench/UnixBench/pgms/syscall" 10 2>&1 >> "/mnt/host0/unixbench/UnixBench/results/uarf-2025-06-04-06.log"

#### Pass 1


# COUNT0: 45020605
# COUNT1: 1
# COUNT2: lps
# elapsed: 10.001369
# pid: 3410397
# status: 0

#### Pass 2


# COUNT0: 44368486
# COUNT1: 1
# COUNT2: lps
# elapsed: 10.001305
# pid: 3410406
# status: 0

#### Pass 3


# COUNT0: 44168013
# COUNT1: 1
# COUNT2: lps
# elapsed: 10.001338
# pid: 3410415
# status: 0

#### Pass 4


# COUNT0: 44699992
# COUNT1: 1
# COUNT2: lps
# elapsed: 10.001326
# pid: 3410424
# status: 0

#### Pass 5


# COUNT0: 44823572
# COUNT1: 1
# COUNT2: lps
# elapsed: 10.001362
# pid: 3410433
# status: 0

#### Pass 6


# COUNT0: 44581930
# COUNT1: 1
# COUNT2: lps
# elapsed: 10.001319
# pid: 3410442
# status: 0

#### Pass 7


# COUNT0: 45040897
# COUNT1: 1
# COUNT2: lps
# elapsed: 10.001274
# pid: 3410451
# status: 0

#### Pass 8


# COUNT0: 44707946
# COUNT1: 1
# COUNT2: lps
# elapsed: 10.001308
# pid: 3410460
# status: 0

#### Pass 9


# COUNT0: 45114136
# COUNT1: 1
# COUNT2: lps
# elapsed: 10.001295
# pid: 3410469
# status: 0

#### Pass 10


# COUNT0: 45384348
# COUNT1: 1
# COUNT2: lps
# elapsed: 10.001316
# pid: 3410478
# status: 0

*Dump score:   44168013.0
*Dump score:   44368486.0
*Dump score:   44581930.0
Count score:   44699992.0
Count score:   44707946.0
Count score:   44823572.0
Count score:   45020605.0
Count score:   45040897.0
Count score:   45114136.0
Count score:   45384348.0

>>>> Results of 1 copy
>>>> score: 4496369.61874236
>>>> time: 10.0013214285714
>>>> iterations: 7


########################################################
Shell Scripts (1 concurrent) -- 1 copy
==> "/mnt/host0/unixbench/UnixBench/pgms/looper" 60 "/mnt/host0/unixbench/UnixBench/pgms/multi.sh" 1 2>&1 >> "/mnt/host0/unixbench/UnixBench/results/uarf-2025-06-04-06.log"

#### Pass 1


# COUNT0: 10013
# COUNT1: 60
# COUNT2: lpm
# elapsed: 60.004024
# pid: 3410487
# status: 0

#### Pass 2


# COUNT0: 10025
# COUNT1: 60
# COUNT2: lpm
# elapsed: 60.005283
# pid: 3500623
# status: 0

#### Pass 3


# COUNT0: 10014
# COUNT1: 60
# COUNT2: lpm
# elapsed: 60.006641
# pid: 3590866
# status: 0

*Dump score:      10013.0
Count score:      10014.0
Count score:      10025.0

>>>> Results of 1 copy
>>>> score: 10018.5029858383
>>>> time: 60.005962
>>>> iterations: 2


########################################################
Shell Scripts (8 concurrent) -- 1 copy
==> "/mnt/host0/unixbench/UnixBench/pgms/looper" 60 "/mnt/host0/unixbench/UnixBench/pgms/multi.sh" 8 2>&1 >> "/mnt/host0/unixbench/UnixBench/results/uarf-2025-06-04-06.log"

#### Pass 1


# COUNT0: 1969
# COUNT1: 60
# COUNT2: lpm
# elapsed: 60.011912
# pid: 3681010
# status: 0

#### Pass 2


# COUNT0: 1970
# COUNT1: 60
# COUNT2: lpm
# elapsed: 60.002086
# pid: 3809069
# status: 0

#### Pass 3


# COUNT0: 1967
# COUNT1: 60
# COUNT2: lpm
# elapsed: 60.004412
# pid: 3937193
# status: 0

*Dump score:       1967.0
Count score:       1969.0
Count score:       1970.0

>>>> Results of 1 copy
>>>> score: 1969.27022776113
>>>> time: 60.006999
>>>> iterations: 2


########################################################
Dhrystone 2 using register variables -- 2 copies
==> "/mnt/host0/unixbench/UnixBench/pgms/dhry2reg" 10 2>&1 >> "/mnt/host0/unixbench/UnixBench/results/uarf-2025-06-04-06.log"

#### Pass 1


# COUNT0: 708601802
# COUNT1: 1
# COUNT2: lps
# elapsed: 10.001702
# pid: 4065123
# status: 0

# COUNT0: 708621290
# COUNT1: 1
# COUNT2: lps
# elapsed: 10.001503
# pid: 4065125
# status: 0

#### Pass 2


# COUNT0: 712664610
# COUNT1: 1
# COUNT2: lps
# elapsed: 10.001902
# pid: 4065135
# status: 0

# COUNT0: 712202539
# COUNT1: 1
# COUNT2: lps
# elapsed: 10.001516
# pid: 4065137
# status: 0

#### Pass 3


# COUNT0: 705108808
# COUNT1: 1
# COUNT2: lps
# elapsed: 10.001709
# pid: 4065147
# status: 0

# COUNT0: 705188895
# COUNT1: 1
# COUNT2: lps
# elapsed: 10.001568
# pid: 4065149
# status: 0

#### Pass 4


# COUNT0: 703564894
# COUNT1: 1
# COUNT2: lps
# elapsed: 10.001717
# pid: 4065159
# status: 0

# COUNT0: 704132427
# COUNT1: 1
# COUNT2: lps
# elapsed: 10.001572
# pid: 4065161
# status: 0

#### Pass 5


# COUNT0: 710386770
# COUNT1: 1
# COUNT2: lps
# elapsed: 10.002285
# pid: 4065171
# status: 0

# COUNT0: 710623648
# COUNT1: 1
# COUNT2: lps
# elapsed: 10.001564
# pid: 4065173
# status: 0

#### Pass 6


# COUNT0: 704925186
# COUNT1: 1
# COUNT2: lps
# elapsed: 10.002288
# pid: 4065183
# status: 0

# COUNT0: 705095869
# COUNT1: 1
# COUNT2: lps
# elapsed: 10.001578
# pid: 4065185
# status: 0

#### Pass 7


# COUNT0: 706730001
# COUNT1: 1
# COUNT2: lps
# elapsed: 10.001675
# pid: 4065195
# status: 0

# COUNT0: 707431955
# COUNT1: 1
# COUNT2: lps
# elapsed: 10.002055
# pid: 4065197
# status: 0

#### Pass 8


# COUNT0: 704964246
# COUNT1: 1
# COUNT2: lps
# elapsed: 10.001593
# pid: 4065207
# status: 0

# COUNT0: 705049528
# COUNT1: 1
# COUNT2: lps
# elapsed: 10.001464
# pid: 4065209
# status: 0

#### Pass 9


# COUNT0: 707699398
# COUNT1: 1
# COUNT2: lps
# elapsed: 10.001694
# pid: 4065219
# status: 0

# COUNT0: 707066717
# COUNT1: 1
# COUNT2: lps
# elapsed: 10.001515
# pid: 4065221
# status: 0

#### Pass 10


# COUNT0: 708724725
# COUNT1: 1
# COUNT2: lps
# elapsed: 10.001706
# pid: 4065231
# status: 0

# COUNT0: 709175353
# COUNT1: 1
# COUNT2: lps
# elapsed: 10.001528
# pid: 4065233
# status: 0

*Dump score: 1407697321.0
*Dump score: 1410013774.0
*Dump score: 1410021055.0
Count score: 1410297703.0
Count score: 1414161956.0
Count score: 1414766115.0
Count score: 1417223092.0
Count score: 1417900078.0
Count score: 1421010418.0
Count score: 1424867149.0

>>>> Sum of 2 copies
>>>> score: 141692622.292286
>>>> time: 10.0017087142857
>>>> iterations: 7


########################################################
Double-Precision Whetstone -- 2 copies
==> "/mnt/host0/unixbench/UnixBench/pgms/whetstone-double"  2>&1 >> "/mnt/host0/unixbench/UnixBench/results/uarf-2025-06-04-06.log"

#### Pass 1

Calibrate
       0.00 Seconds          1   Passes (x 100)
       0.00 Seconds          5   Passes (x 100)
       0.02 Seconds         25   Passes (x 100)
       0.12 Seconds        125   Passes (x 100)
       0.57 Seconds        625   Passes (x 100)

Use 10884  passes (x 100)

          Double Precision C/C++ Whetstone Benchmark

Loop content                  Result              MFLOPS      MOPS   Seconds

N1 floating point     -1.12398255667392033      2638.476              0.079
N2 floating point     -1.12187079889294417      3333.196              0.439
N3 if then else        1.00000000000000000               12948.937    0.087
N4 fixed point        12.00000000000000000               81379049758.249    0.000
N5 sin,cos etc.        0.49902937281518261                 259.889    3.484
N6 floating point      0.99999987890802811      1463.713              4.011
N7 assignments         3.00000000000000000                5827.859    0.345
N8 exp,sqrt etc.       0.75100163018453958                 266.753    1.518

MWIPS                                          10924.104              9.963

Calibrate
       0.00 Seconds          1   Passes (x 100)
       0.00 Seconds          5   Passes (x 100)
       0.02 Seconds         25   Passes (x 100)
       0.12 Seconds        125   Passes (x 100)
       0.57 Seconds        625   Passes (x 100)

Use 10891  passes (x 100)

          Double Precision C/C++ Whetstone Benchmark

Loop content                  Result              MFLOPS      MOPS   Seconds

N1 floating point     -1.12398255667392033      2638.357              0.079
N2 floating point     -1.12187079889294417      3333.463              0.439
N3 if then else        1.00000000000000000               12949.836    0.087
N4 fixed point        12.00000000000000000                   0.000   -0.000
N5 sin,cos etc.        0.49902937281518261                 259.942    3.486
N6 floating point      0.99999987890802811      1463.435              4.014
N7 assignments         3.00000000000000000                5754.757    0.350
N8 exp,sqrt etc.       0.75100163018453958                 266.875    1.518

MWIPS                                          10920.038              9.973


# COUNT0: 10920.038
# COUNT1: 0
# COUNT2: MWIPS
# TIME: 9.973
# elapsed: 11.457994
# pid: 4065243
# status: 0

# COUNT0: 10924.104
# COUNT1: 0
# COUNT2: MWIPS
# TIME: 9.963
# elapsed: 11.447089
# pid: 4065245
# status: 0

#### Pass 2

Calibrate
       0.00 Seconds          1   Passes (x 100)
       0.00 Seconds          5   Passes (x 100)
       0.02 Seconds         25   Passes (x 100)
       0.12 Seconds        125   Passes (x 100)
       0.57 Seconds        625   Passes (x 100)

Use 10874  passes (x 100)

          Double Precision C/C++ Whetstone Benchmark

Loop content                  Result              MFLOPS      MOPS   Seconds

N1 floating point     -1.12398255667392033      2631.586              0.079
N2 floating point     -1.12187079889294417      3331.317              0.439
N3 if then else        1.00000000000000000               12946.858    0.087
N4 fixed point        12.00000000000000000               47935322008.376    0.000
N5 sin,cos etc.        0.49902937281518261                 260.046    3.479
N6 floating point      0.99999987890802811      1462.865              4.010
N7 assignments         3.00000000000000000                5778.006    0.348
N8 exp,sqrt etc.       0.75100163018453958                 266.749    1.516

MWIPS                                          10920.054              9.958

Calibrate
       0.00 Seconds          1   Passes (x 100)
       0.00 Seconds          5   Passes (x 100)
       0.02 Seconds         25   Passes (x 100)
       0.12 Seconds        125   Passes (x 100)
       0.57 Seconds        625   Passes (x 100)

Use 10889  passes (x 100)

          Double Precision C/C++ Whetstone Benchmark

Loop content                  Result              MFLOPS      MOPS   Seconds

N1 floating point     -1.12398255667392033      2631.707              0.079
N2 floating point     -1.12187079889294417      3331.516              0.439
N3 if then else        1.00000000000000000               12952.379    0.087
N4 fixed point        12.00000000000000000               46358170767.465    0.000
N5 sin,cos etc.        0.49902937281518261                 259.693    3.489
N6 floating point      0.99999987890802811      1462.874              4.015
N7 assignments         3.00000000000000000                5718.952    0.352
N8 exp,sqrt etc.       0.75100163018453958                 266.965    1.517

MWIPS                                          10912.373              9.979


# COUNT0: 10912.373
# COUNT1: 0
# COUNT2: MWIPS
# TIME: 9.979
# elapsed: 11.464493
# pid: 4065255
# status: 0

# COUNT0: 10920.054
# COUNT1: 0
# COUNT2: MWIPS
# TIME: 9.958
# elapsed: 11.443653
# pid: 4065257
# status: 0

#### Pass 3

Calibrate
       0.00 Seconds          1   Passes (x 100)
       0.00 Seconds          5   Passes (x 100)
       0.02 Seconds         25   Passes (x 100)
       0.12 Seconds        125   Passes (x 100)
       0.58 Seconds        625   Passes (x 100)

Use 10815  passes (x 100)

          Double Precision C/C++ Whetstone Benchmark

Loop content                  Result              MFLOPS      MOPS   Seconds

N1 floating point     -1.12398255667392033      2623.730              0.079
N2 floating point     -1.12187079889294417      3326.802              0.437
N3 if then else        1.00000000000000000               13005.904    0.086
N4 fixed point        12.00000000000000000                   0.000   -0.000
N5 sin,cos etc.        0.49902937281518261                 260.144    3.459
N6 floating point      0.99999987890802811      1462.117              3.990
N7 assignments         3.00000000000000000                5342.140    0.374
N8 exp,sqrt etc.       0.75100163018453958                 263.819    1.525

MWIPS                                          10869.403              9.950

Calibrate
       0.00 Seconds          1   Passes (x 100)
       0.00 Seconds          5   Passes (x 100)
       0.02 Seconds         25   Passes (x 100)
       0.12 Seconds        125   Passes (x 100)
       0.57 Seconds        625   Passes (x 100)

Use 10895  passes (x 100)

          Double Precision C/C++ Whetstone Benchmark

Loop content                  Result              MFLOPS      MOPS   Seconds

N1 floating point     -1.12398255667392033      2623.994              0.080
N2 floating point     -1.12187079889294417      3327.829              0.440
N3 if then else        1.00000000000000000               13017.568    0.087
N4 fixed point        12.00000000000000000               71063076189.794    0.000
N5 sin,cos etc.        0.49902937281518261                 258.314    3.509
N6 floating point      0.99999987890802811      1461.686              4.021
N7 assignments         3.00000000000000000                5534.241    0.364
N8 exp,sqrt etc.       0.75100163018453958                 266.311    1.522

MWIPS                                          10871.365             10.022


# COUNT0: 10869.403
# COUNT1: 0
# COUNT2: MWIPS
# TIME: 9.950
# elapsed: 11.437870
# pid: 4065267
# status: 0

# COUNT0: 10871.365
# COUNT1: 0
# COUNT2: MWIPS
# TIME: 10.022
# elapsed: 11.510609
# pid: 4065269
# status: 0

#### Pass 4

Calibrate
       0.00 Seconds          1   Passes (x 100)
       0.00 Seconds          5   Passes (x 100)
       0.02 Seconds         25   Passes (x 100)
       0.12 Seconds        125   Passes (x 100)
       0.58 Seconds        625   Passes (x 100)

Use 10853  passes (x 100)

          Double Precision C/C++ Whetstone Benchmark

Loop content                  Result              MFLOPS      MOPS   Seconds

N1 floating point     -1.12398255667392033      2614.272              0.080
N2 floating point     -1.12187079889294417      3324.733              0.439
N3 if then else        1.00000000000000000               12965.263    0.087
N4 fixed point        12.00000000000000000               107818859291.414    0.000
N5 sin,cos etc.        0.49902937281518261                 260.314    3.469
N6 floating point      0.99999987890802811      1461.778              4.005
N7 assignments         3.00000000000000000                5573.032    0.360
N8 exp,sqrt etc.       0.75100163018453958                 266.823    1.513

MWIPS                                          10905.772              9.952

Calibrate
       0.00 Seconds          1   Passes (x 100)
       0.00 Seconds          5   Passes (x 100)
       0.02 Seconds         25   Passes (x 100)
       0.12 Seconds        125   Passes (x 100)
       0.57 Seconds        625   Passes (x 100)

Use 10888  passes (x 100)

          Double Precision C/C++ Whetstone Benchmark

Loop content                  Result              MFLOPS      MOPS   Seconds

N1 floating point     -1.12398255667392033      2614.525              0.080
N2 floating point     -1.12187079889294417      3325.351              0.440
N3 if then else        1.00000000000000000               12972.340    0.087
N4 fixed point        12.00000000000000000               196993982460.587    0.000
N5 sin,cos etc.        0.49902937281518261                 258.832    3.500
N6 floating point      0.99999987890802811      1461.389              4.019
N7 assignments         3.00000000000000000                5672.398    0.355
N8 exp,sqrt etc.       0.75100163018453958                 267.260    1.516

MWIPS                                          10892.616              9.996


# COUNT0: 10905.772
# COUNT1: 0
# COUNT2: MWIPS
# TIME: 9.952
# elapsed: 11.442254
# pid: 4065279
# status: 0

# COUNT0: 10892.616
# COUNT1: 0
# COUNT2: MWIPS
# TIME: 9.996
# elapsed: 11.486766
# pid: 4065281
# status: 0

#### Pass 5

Calibrate
       0.00 Seconds          1   Passes (x 100)
       0.00 Seconds          5   Passes (x 100)
       0.02 Seconds         25   Passes (x 100)
       0.12 Seconds        125   Passes (x 100)
       0.58 Seconds        625   Passes (x 100)

Use 10864  passes (x 100)

          Double Precision C/C++ Whetstone Benchmark

Loop content                  Result              MFLOPS      MOPS   Seconds

N1 floating point     -1.12398255667392033      2655.819              0.079
N2 floating point     -1.12187079889294417      3339.658              0.437
N3 if then else        1.00000000000000000               12968.984    0.087
N4 fixed point        12.00000000000000000                   0.000   -0.000
N5 sin,cos etc.        0.49902937281518261                 260.018    3.476
N6 floating point      0.99999987890802811      1463.524              4.004
N7 assignments         3.00000000000000000                5559.526    0.361
N8 exp,sqrt etc.       0.75100163018453958                 266.734    1.515

MWIPS                                          10908.715              9.959

Calibrate
       0.00 Seconds          1   Passes (x 100)
       0.00 Seconds          5   Passes (x 100)
       0.02 Seconds         25   Passes (x 100)
       0.12 Seconds        125   Passes (x 100)
       0.57 Seconds        625   Passes (x 100)

Use 10905  passes (x 100)

          Double Precision C/C++ Whetstone Benchmark

Loop content                  Result              MFLOPS      MOPS   Seconds

N1 floating point     -1.12398255667392033      2655.994              0.079
N2 floating point     -1.12187079889294417      3340.183              0.439
N3 if then else        1.00000000000000000               12975.430    0.087
N4 fixed point        12.00000000000000000                   0.000   -0.000
N5 sin,cos etc.        0.49902937281518261                 259.280    3.499
N6 floating point      0.99999987890802811      1464.882              4.015
N7 assignments         3.00000000000000000                5781.513    0.349
N8 exp,sqrt etc.       0.75100163018453958                 266.967    1.520

MWIPS                                          10918.702              9.987


# COUNT0: 10918.702
# COUNT1: 0
# COUNT2: MWIPS
# TIME: 9.987
# elapsed: 11.467170
# pid: 4065291
# status: 0

# COUNT0: 10908.715
# COUNT1: 0
# COUNT2: MWIPS
# TIME: 9.959
# elapsed: 11.438080
# pid: 4065293
# status: 0

#### Pass 6

Calibrate
       0.00 Seconds          1   Passes (x 100)
       0.00 Seconds          5   Passes (x 100)
       0.02 Seconds         25   Passes (x 100)
       0.12 Seconds        125   Passes (x 100)
       0.57 Seconds        625   Passes (x 100)

Use 10877  passes (x 100)

          Double Precision C/C++ Whetstone Benchmark

Loop content                  Result              MFLOPS      MOPS   Seconds

N1 floating point     -1.12398255667392033      2650.029              0.079
N2 floating point     -1.12187079889294417      3337.256              0.438
N3 if then else        1.00000000000000000               12944.646    0.087
N4 fixed point        12.00000000000000000                   0.000   -0.000
N5 sin,cos etc.        0.49902937281518261                 260.156    3.479
N6 floating point      0.99999987890802811      1464.360              4.007
N7 assignments         3.00000000000000000                5661.213    0.355
N8 exp,sqrt etc.       0.75100163018453958                 266.737    1.517

MWIPS                                          10919.651              9.961

Calibrate
       0.00 Seconds          1   Passes (x 100)
       0.00 Seconds          5   Passes (x 100)
       0.02 Seconds         25   Passes (x 100)
       0.12 Seconds        125   Passes (x 100)
       0.57 Seconds        625   Passes (x 100)

Use 10892  passes (x 100)

          Double Precision C/C++ Whetstone Benchmark

Loop content                  Result              MFLOPS      MOPS   Seconds

N1 floating point     -1.12398255667392033      2649.920              0.079
N2 floating point     -1.12187079889294417      3335.121              0.439
N3 if then else        1.00000000000000000               12947.456    0.087
N4 fixed point        12.00000000000000000                   0.000   -0.000
N5 sin,cos etc.        0.49902937281518261                 259.715    3.489
N6 floating point      0.99999987890802811      1463.640              4.014
N7 assignments         3.00000000000000000                5862.378    0.343
N8 exp,sqrt etc.       0.75100163018453958                 266.747    1.519

MWIPS                                          10924.159              9.971


# COUNT0: 10924.159
# COUNT1: 0
# COUNT2: MWIPS
# TIME: 9.971
# elapsed: 11.451444
# pid: 4065303
# status: 0

# COUNT0: 10919.651
# COUNT1: 0
# COUNT2: MWIPS
# TIME: 9.961
# elapsed: 11.442149
# pid: 4065305
# status: 0

#### Pass 7

Calibrate
       0.00 Seconds          1   Passes (x 100)
       0.00 Seconds          5   Passes (x 100)
       0.02 Seconds         25   Passes (x 100)
       0.12 Seconds        125   Passes (x 100)
       0.57 Seconds        625   Passes (x 100)

Use 10876  passes (x 100)

          Double Precision C/C++ Whetstone Benchmark

Loop content                  Result              MFLOPS      MOPS   Seconds

N1 floating point     -1.12398255667392033      2641.876              0.079
N2 floating point     -1.12187079889294417      3332.340              0.439
N3 if then else        1.00000000000000000               12936.322    0.087
N4 fixed point        12.00000000000000000               29391595974.794    0.000
N5 sin,cos etc.        0.49902937281518261                 259.899    3.482
N6 floating point      0.99999987890802811      1463.472              4.009
N7 assignments         3.00000000000000000                5781.677    0.348
N8 exp,sqrt etc.       0.75100163018453958                 266.707    1.517

MWIPS                                          10920.101              9.960

Calibrate
       0.00 Seconds          1   Passes (x 100)
       0.00 Seconds          5   Passes (x 100)
       0.02 Seconds         25   Passes (x 100)
       0.12 Seconds        125   Passes (x 100)
       0.57 Seconds        625   Passes (x 100)

Use 10874  passes (x 100)

          Double Precision C/C++ Whetstone Benchmark

Loop content                  Result              MFLOPS      MOPS   Seconds

N1 floating point     -1.12398255667392033      2641.735              0.079
N2 floating point     -1.12187079889294417      3334.290              0.438
N3 if then else        1.00000000000000000               12935.708    0.087
N4 fixed point        12.00000000000000000               1467196808798.835    0.000
N5 sin,cos etc.        0.49902937281518261                 258.784    3.496
N6 floating point      0.99999987890802811      1463.534              4.008
N7 assignments         3.00000000000000000                5736.392    0.350
N8 exp,sqrt etc.       0.75100163018453958                 266.827    1.516

MWIPS                                          10901.888              9.974


# COUNT0: 10901.888
# COUNT1: 0
# COUNT2: MWIPS
# TIME: 9.974
# elapsed: 11.457962
# pid: 4065315
# status: 0

# COUNT0: 10920.101
# COUNT1: 0
# COUNT2: MWIPS
# TIME: 9.960
# elapsed: 11.442651
# pid: 4065317
# status: 0

#### Pass 8

Calibrate
       0.00 Seconds          1   Passes (x 100)
       0.00 Seconds          5   Passes (x 100)
       0.02 Seconds         25   Passes (x 100)
       0.12 Seconds        125   Passes (x 100)
       0.57 Seconds        625   Passes (x 100)

Use 10885  passes (x 100)

          Double Precision C/C++ Whetstone Benchmark

Loop content                  Result              MFLOPS      MOPS   Seconds

N1 floating point     -1.12398255667392033      2635.288              0.079
N2 floating point     -1.12187079889294417      3329.844              0.439
N3 if then else        1.00000000000000000               12939.874    0.087
N4 fixed point        12.00000000000000000                   0.000   -0.000
N5 sin,cos etc.        0.49902937281518261                 260.014    3.483
N6 floating point      0.99999987890802811      1463.172              4.013
N7 assignments         3.00000000000000000                5700.843    0.353
N8 exp,sqrt etc.       0.75100163018453958                 266.674    1.518

MWIPS                                          10914.740              9.973

Calibrate
       0.00 Seconds          1   Passes (x 100)
       0.00 Seconds          5   Passes (x 100)
       0.02 Seconds         25   Passes (x 100)
       0.12 Seconds        125   Passes (x 100)
       0.57 Seconds        625   Passes (x 100)

Use 10898  passes (x 100)

          Double Precision C/C++ Whetstone Benchmark

Loop content                  Result              MFLOPS      MOPS   Seconds

N1 floating point     -1.12398255667392033      2635.189              0.079
N2 floating point     -1.12187079889294417      3331.889              0.440
N3 if then else        1.00000000000000000               12943.440    0.087
N4 fixed point        12.00000000000000000                   0.000   -0.000
N5 sin,cos etc.        0.49902937281518261                 259.858    3.489
N6 floating point      0.99999987890802811      1463.398              4.017
N7 assignments         3.00000000000000000                5889.776    0.342
N8 exp,sqrt etc.       0.75100163018453958                 266.683    1.520

MWIPS                                          10925.896              9.974


# COUNT0: 10914.740
# COUNT1: 0
# COUNT2: MWIPS
# TIME: 9.973
# elapsed: 11.457736
# pid: 4065327
# status: 0

# COUNT0: 10925.896
# COUNT1: 0
# COUNT2: MWIPS
# TIME: 9.974
# elapsed: 11.459517
# pid: 4065329
# status: 0

#### Pass 9

Calibrate
       0.00 Seconds          1   Passes (x 100)
       0.00 Seconds          5   Passes (x 100)
       0.02 Seconds         25   Passes (x 100)
       0.12 Seconds        125   Passes (x 100)
       0.57 Seconds        625   Passes (x 100)

Use 10893  passes (x 100)

          Double Precision C/C++ Whetstone Benchmark

Loop content                  Result              MFLOPS      MOPS   Seconds

N1 floating point     -1.12398255667392033      2630.471              0.080
N2 floating point     -1.12187079889294417      3325.805              0.440
N3 if then else        1.00000000000000000               12937.948    0.087
N4 fixed point        12.00000000000000000                   0.000   -0.000
N5 sin,cos etc.        0.49902937281518261                 260.110    3.484
N6 floating point      0.99999987890802811      1462.766              4.017
N7 assignments         3.00000000000000000                5844.821    0.344
N8 exp,sqrt etc.       0.75100163018453958                 266.745    1.519

MWIPS                                          10924.135              9.971

Calibrate
       0.00 Seconds          1   Passes (x 100)
       0.00 Seconds          5   Passes (x 100)
       0.02 Seconds         25   Passes (x 100)
       0.12 Seconds        125   Passes (x 100)
       0.57 Seconds        625   Passes (x 100)

Use 10896  passes (x 100)

          Double Precision C/C++ Whetstone Benchmark

Loop content                  Result              MFLOPS      MOPS   Seconds

N1 floating point     -1.12398255667392033      2630.209              0.080
N2 floating point     -1.12187079889294417      3327.574              0.440
N3 if then else        1.00000000000000000               12936.897    0.087
N4 fixed point        12.00000000000000000               187289999327.193    0.000
N5 sin,cos etc.        0.49902937281518261                 259.708    3.491
N6 floating point      0.99999987890802811      1462.765              4.018
N7 assignments         3.00000000000000000                5713.063    0.352
N8 exp,sqrt etc.       0.75100163018453958                 266.847    1.519

MWIPS                                          10910.404              9.987


# COUNT0: 10910.404
# COUNT1: 0
# COUNT2: MWIPS
# TIME: 9.987
# elapsed: 11.473220
# pid: 4065339
# status: 0

# COUNT0: 10924.135
# COUNT1: 0
# COUNT2: MWIPS
# TIME: 9.971
# elapsed: 11.457896
# pid: 4065341
# status: 0

#### Pass 10

Calibrate
       0.00 Seconds          1   Passes (x 100)
       0.00 Seconds          5   Passes (x 100)
       0.02 Seconds         25   Passes (x 100)
       0.12 Seconds        125   Passes (x 100)
       0.58 Seconds        625   Passes (x 100)

Use 10851  passes (x 100)

          Double Precision C/C++ Whetstone Benchmark

Loop content                  Result              MFLOPS      MOPS   Seconds

N1 floating point     -1.12398255667392033      2620.003              0.080
N2 floating point     -1.12187079889294417      3326.652              0.438
N3 if then else        1.00000000000000000               12969.318    0.087
N4 fixed point        12.00000000000000000                   0.000   -0.000
N5 sin,cos etc.        0.49902937281518261                 260.066    3.471
N6 floating point      0.99999987890802811      1462.290              4.003
N7 assignments         3.00000000000000000                5586.317    0.359
N8 exp,sqrt etc.       0.75100163018453958                 266.695    1.514

MWIPS                                          10904.317              9.951

Calibrate
       0.00 Seconds          1   Passes (x 100)
       0.00 Seconds          5   Passes (x 100)
       0.02 Seconds         25   Passes (x 100)
       0.12 Seconds        125   Passes (x 100)
       0.57 Seconds        625   Passes (x 100)

Use 10895  passes (x 100)

          Double Precision C/C++ Whetstone Benchmark

Loop content                  Result              MFLOPS      MOPS   Seconds

N1 floating point     -1.12398255667392033      2621.262              0.080
N2 floating point     -1.12187079889294417      3327.118              0.440
N3 if then else        1.00000000000000000               12976.653    0.087
N4 fixed point        12.00000000000000000                   0.000   -0.000
N5 sin,cos etc.        0.49902937281518261                 259.398    3.494
N6 floating point      0.99999987890802811      1461.805              4.020
N7 assignments         3.00000000000000000                5665.584    0.355
N8 exp,sqrt etc.       0.75100163018453958                 267.086    1.517

MWIPS                                          10901.159              9.994


# COUNT0: 10904.317
# COUNT1: 0
# COUNT2: MWIPS
# TIME: 9.951
# elapsed: 11.440004
# pid: 4065351
# status: 0

# COUNT0: 10901.159
# COUNT1: 0
# COUNT2: MWIPS
# TIME: 9.994
# elapsed: 11.483413
# pid: 4065353
# status: 0

*Dump score:      21740.8
*Dump score:      21798.4
*Dump score:      21805.5
Count score:      21822.0
Count score:      21827.4
Count score:      21832.4
Count score:      21834.5
Count score:      21840.6
Count score:      21843.8
Count score:      21844.1

>>>> Sum of 2 copies
>>>> score: 21834.9928901543
>>>> time: 9.97071428571429
>>>> iterations: 7


########################################################
Execl Throughput -- 2 copies
==> "/mnt/host0/unixbench/UnixBench/pgms/execl" 30 2>&1 >> "/mnt/host0/unixbench/UnixBench/results/uarf-2025-06-04-06.log"

#### Pass 1


# COUNT0: 73504
# COUNT1: 1
# COUNT2: lps
# elapsed: 29.553696
# pid: 4065363
# status: 0

# COUNT0: 74240
# COUNT1: 1
# COUNT2: lps
# elapsed: 29.553461
# pid: 4065365
# status: 0

#### Pass 2


# COUNT0: 74698
# COUNT1: 1
# COUNT2: lps
# elapsed: 29.993073
# pid: 4065376
# status: 0

# COUNT0: 74850
# COUNT1: 1
# COUNT2: lps
# elapsed: 29.992379
# pid: 4065378
# status: 0

#### Pass 3


# COUNT0: 74712
# COUNT1: 1
# COUNT2: lps
# elapsed: 29.992772
# pid: 4065388
# status: 0

# COUNT0: 74641
# COUNT1: 1
# COUNT2: lps
# elapsed: 29.993305
# pid: 4065390
# status: 0

*Dump score:     147744.0
Count score:     149353.0
Count score:     149548.0

>>>> Sum of 2 copies
>>>> score: 4982.86449939355
>>>> time: 29.99288225
>>>> iterations: 2


########################################################
File Copy 1024 bufsize 2000 maxblocks -- 2 copies
==> "/mnt/host0/unixbench/UnixBench/pgms/fstime" -c -t 30 -d "/mnt/host0/unixbench/UnixBench/tmp" -b 1024 -m 2000 2>&1 >> "/mnt/host0/unixbench/UnixBench/results/uarf-2025-06-04-06.log"

#### Pass 1

Write done: 416000 in 2.0227, score 51417
Read done: 371556 in 2.0000, score 46443
Copy done: 2812320 in 30.0000, score 23435
Write done: 416000 in 2.0241, score 51381
Read done: 371988 in 2.0000, score 46498
Copy done: 2818636 in 30.0000, score 23488

# COUNT0: 23435
# COUNT1: 0
# COUNT2: KBps
# TIME: 30.0
# elapsed: 45.030261
# pid: 4065400
# status: 0

# COUNT0: 23488
# COUNT1: 0
# COUNT2: KBps
# TIME: 30.0
# elapsed: 45.030926
# pid: 4065402
# status: 0

#### Pass 2

Write done: 352000 in 2.0199, score 43565
Read done: 345856 in 2.0000, score 43231
Copy done: 2787536 in 30.0001, score 23229
Write done: 352000 in 2.0221, score 43518
Read done: 346956 in 2.0000, score 43369
Copy done: 2791324 in 30.0000, score 23261

# COUNT0: 23261
# COUNT1: 0
# COUNT2: KBps
# TIME: 30.0
# elapsed: 45.027859
# pid: 4065412
# status: 0

# COUNT0: 23229
# COUNT1: 0
# COUNT2: KBps
# TIME: 30.0
# elapsed: 45.027869
# pid: 4065414
# status: 0

#### Pass 3

Write done: 416000 in 2.0376, score 51039
Read done: 414036 in 2.0000, score 51753
Copy done: 2836088 in 30.0000, score 23634
Write done: 416000 in 2.0457, score 50838
Read done: 414628 in 2.0000, score 51827
Copy done: 2817364 in 30.0000, score 23478

# COUNT0: 23478
# COUNT1: 0
# COUNT2: KBps
# TIME: 30.0
# elapsed: 45.052118
# pid: 4065424
# status: 0

# COUNT0: 23634
# COUNT1: 0
# COUNT2: KBps
# TIME: 30.0
# elapsed: 45.045047
# pid: 4065426
# status: 0

*Dump score:      46490.0
Count score:      46923.0
Count score:      47112.0

>>>> Sum of 2 copies
>>>> score: 47017.4050326047
>>>> time: 30
>>>> iterations: 2


########################################################
File Copy 256 bufsize 500 maxblocks -- 2 copies
==> "/mnt/host0/unixbench/UnixBench/pgms/fstime" -c -t 30 -d "/mnt/host0/unixbench/UnixBench/tmp" -b 256 -m 500 2>&1 >> "/mnt/host0/unixbench/UnixBench/results/uarf-2025-06-04-06.log"

#### Pass 1

Write done: 86000 in 2.0336, score 10572
Read done: 90115 in 2.0000, score 11264
Copy done: 691146 in 30.0001, score 5759
Write done: 86000 in 2.0324, score 10578
Read done: 89620 in 2.0000, score 11202
Copy done: 690545 in 30.0000, score 5754

# COUNT0: 5759
# COUNT1: 0
# COUNT2: KBps
# TIME: 30.0
# elapsed: 45.039420
# pid: 4065436
# status: 0

# COUNT0: 5754
# COUNT1: 0
# COUNT2: KBps
# TIME: 30.0
# elapsed: 45.039337
# pid: 4065438
# status: 0

#### Pass 2

Write done: 84000 in 2.0046, score 10475
Read done: 106717 in 2.0000, score 13339
Copy done: 706691 in 30.0000, score 5889
Write done: 84000 in 2.0174, score 10409
Read done: 107104 in 2.0000, score 13387
Copy done: 704367 in 30.0000, score 5869

# COUNT0: 5869
# COUNT1: 0
# COUNT2: KBps
# TIME: 30.0
# elapsed: 45.024388
# pid: 4065448
# status: 0

# COUNT0: 5889
# COUNT1: 0
# COUNT2: KBps
# TIME: 30.0
# elapsed: 45.012526
# pid: 4065450
# status: 0

#### Pass 3

Write done: 96000 in 2.0011, score 11993
Read done: 105081 in 2.0000, score 13134
Copy done: 655169 in 30.0000, score 5459
Write done: 98000 in 2.0328, score 12052
Read done: 105571 in 2.0000, score 13196
Copy done: 652323 in 30.0001, score 5436

# COUNT0: 5459
# COUNT1: 0
# COUNT2: KBps
# TIME: 30.0
# elapsed: 45.008129
# pid: 4065460
# status: 0

# COUNT0: 5436
# COUNT1: 0
# COUNT2: KBps
# TIME: 30.0
# elapsed: 45.038688
# pid: 4065462
# status: 0

*Dump score:      10895.0
Count score:      11513.0
Count score:      11758.0

>>>> Sum of 2 copies
>>>> score: 11634.8551344656
>>>> time: 30
>>>> iterations: 2


########################################################
File Copy 4096 bufsize 8000 maxblocks -- 2 copies
==> "/mnt/host0/unixbench/UnixBench/pgms/fstime" -c -t 30 -d "/mnt/host0/unixbench/UnixBench/tmp" -b 4096 -m 8000 2>&1 >> "/mnt/host0/unixbench/UnixBench/results/uarf-2025-06-04-06.log"

#### Pass 1

Write done: 1408000 in 2.0212, score 174156
Read done: 1679088 in 2.0000, score 209883
Copy done: 10510336 in 30.0000, score 87585
Write done: 1440000 in 2.0409, score 176393
Read done: 1674656 in 2.0000, score 209329
Copy done: 10649456 in 30.0000, score 88745

# COUNT0: 87585
# COUNT1: 0
# COUNT2: KBps
# TIME: 30.0
# elapsed: 45.029260
# pid: 4065473
# status: 0

# COUNT0: 88745
# COUNT1: 0
# COUNT2: KBps
# TIME: 30.0
# elapsed: 45.047756
# pid: 4065474
# status: 0

#### Pass 2

Write done: 1440000 in 2.0024, score 179780
Read done: 1359088 in 2.0000, score 169883
Copy done: 10489024 in 30.0000, score 87408
Write done: 1440000 in 2.0052, score 179529
Read done: 1360848 in 2.0000, score 170105
Copy done: 10522464 in 30.0006, score 87685

# COUNT0: 87685
# COUNT1: 0
# COUNT2: KBps
# TIME: 30.0
# elapsed: 45.012264
# pid: 4065485
# status: 0

# COUNT0: 87408
# COUNT1: 0
# COUNT2: KBps
# TIME: 30.0
# elapsed: 45.011265
# pid: 4065487
# status: 0

#### Pass 3

Write done: 1440000 in 2.0039, score 179648
Read done: 1635088 in 2.0000, score 204382
Copy done: 10714336 in 30.0000, score 89286
Write done: 1440000 in 2.0140, score 178746
Read done: 1628736 in 2.0000, score 203589
Copy done: 10728208 in 30.0000, score 89401

# COUNT0: 89401
# COUNT1: 0
# COUNT2: KBps
# TIME: 30.0
# elapsed: 45.021474
# pid: 4065497
# status: 0

# COUNT0: 89286
# COUNT1: 0
# COUNT2: KBps
# TIME: 30.0
# elapsed: 45.012754
# pid: 4065499
# status: 0

*Dump score:     175093.0
Count score:     176330.0
Count score:     178687.0

>>>> Sum of 2 copies
>>>> score: 177504.587856202
>>>> time: 30
>>>> iterations: 2


########################################################
Pipe Throughput -- 2 copies
==> "/mnt/host0/unixbench/UnixBench/pgms/pipe" 10 2>&1 >> "/mnt/host0/unixbench/UnixBench/results/uarf-2025-06-04-06.log"

#### Pass 1


# COUNT0: 34983355
# COUNT1: 1
# COUNT2: lps
# elapsed: 10.001652
# pid: 4065509
# status: 0

# COUNT0: 34973018
# COUNT1: 1
# COUNT2: lps
# elapsed: 10.001456
# pid: 4065511
# status: 0

#### Pass 2


# COUNT0: 35214584
# COUNT1: 1
# COUNT2: lps
# elapsed: 10.001763
# pid: 4065521
# status: 0

# COUNT0: 35231553
# COUNT1: 1
# COUNT2: lps
# elapsed: 10.001573
# pid: 4065523
# status: 0

#### Pass 3


# COUNT0: 35083116
# COUNT1: 1
# COUNT2: lps
# elapsed: 10.001744
# pid: 4065533
# status: 0

# COUNT0: 35083137
# COUNT1: 1
# COUNT2: lps
# elapsed: 10.001503
# pid: 4065535
# status: 0

#### Pass 4


# COUNT0: 35425875
# COUNT1: 1
# COUNT2: lps
# elapsed: 10.001812
# pid: 4065545
# status: 0

# COUNT0: 35426120
# COUNT1: 1
# COUNT2: lps
# elapsed: 10.001648
# pid: 4065547
# status: 0

#### Pass 5


# COUNT0: 35208497
# COUNT1: 1
# COUNT2: lps
# elapsed: 10.002216
# pid: 4065557
# status: 0

# COUNT0: 35199893
# COUNT1: 1
# COUNT2: lps
# elapsed: 10.001547
# pid: 4065559
# status: 0

#### Pass 6


# COUNT0: 35039033
# COUNT1: 1
# COUNT2: lps
# elapsed: 10.001741
# pid: 4065569
# status: 0

# COUNT0: 35026088
# COUNT1: 1
# COUNT2: lps
# elapsed: 10.001507
# pid: 4065571
# status: 0

#### Pass 7


# COUNT0: 35249825
# COUNT1: 1
# COUNT2: lps
# elapsed: 10.001621
# pid: 4065581
# status: 0

# COUNT0: 35252047
# COUNT1: 1
# COUNT2: lps
# elapsed: 10.001438
# pid: 4065583
# status: 0

#### Pass 8


# COUNT0: 35145343
# COUNT1: 1
# COUNT2: lps
# elapsed: 10.001691
# pid: 4065593
# status: 0

# COUNT0: 35105501
# COUNT1: 1
# COUNT2: lps
# elapsed: 10.001526
# pid: 4065595
# status: 0

#### Pass 9


# COUNT0: 34897449
# COUNT1: 1
# COUNT2: lps
# elapsed: 10.001765
# pid: 4065605
# status: 0

# COUNT0: 34905968
# COUNT1: 1
# COUNT2: lps
# elapsed: 10.001560
# pid: 4065607
# status: 0

#### Pass 10


# COUNT0: 34724486
# COUNT1: 1
# COUNT2: lps
# elapsed: 10.001732
# pid: 4065617
# status: 0

# COUNT0: 34722986
# COUNT1: 1
# COUNT2: lps
# elapsed: 10.001678
# pid: 4065619
# status: 0

*Dump score:   69447472.0
*Dump score:   69803417.0
*Dump score:   69956373.0
Count score:   70065121.0
Count score:   70166253.0
Count score:   70250844.0
Count score:   70408390.0
Count score:   70446137.0
Count score:   70501872.0
Count score:   70851995.0

>>>> Sum of 2 copies
>>>> score: 7037223.64839432
>>>> time: 10.0016664285714
>>>> iterations: 7


########################################################
Pipe-based Context Switching -- 2 copies
==> "/mnt/host0/unixbench/UnixBench/pgms/context1" 10 2>&1 >> "/mnt/host0/unixbench/UnixBench/results/uarf-2025-06-04-06.log"

#### Pass 1


# COUNT0: 4725980
# COUNT1: 1
# COUNT2: lps
# elapsed: 10.001599
# pid: 4065629
# status: 0

# COUNT0: 4702876
# COUNT1: 1
# COUNT2: lps
# elapsed: 10.002033
# pid: 4065631
# status: 0

#### Pass 2


# COUNT0: 4758754
# COUNT1: 1
# COUNT2: lps
# elapsed: 10.001570
# pid: 4065643
# status: 0

# COUNT0: 4740954
# COUNT1: 1
# COUNT2: lps
# elapsed: 10.001427
# pid: 4065645
# status: 0

#### Pass 3


# COUNT0: 4721781
# COUNT1: 1
# COUNT2: lps
# elapsed: 10.001619
# pid: 4065658
# status: 0

# COUNT0: 4723198
# COUNT1: 1
# COUNT2: lps
# elapsed: 10.001455
# pid: 4065660
# status: 0

#### Pass 4


# COUNT0: 4784986
# COUNT1: 1
# COUNT2: lps
# elapsed: 10.001682
# pid: 4065672
# status: 0

# COUNT0: 4754554
# COUNT1: 1
# COUNT2: lps
# elapsed: 10.001456
# pid: 4065674
# status: 0

#### Pass 5


# COUNT0: 4784483
# COUNT1: 1
# COUNT2: lps
# elapsed: 10.001541
# pid: 4065686
# status: 0

# COUNT0: 4720164
# COUNT1: 1
# COUNT2: lps
# elapsed: 10.001420
# pid: 4065688
# status: 0

#### Pass 6


# COUNT0: 4770965
# COUNT1: 1
# COUNT2: lps
# elapsed: 10.001735
# pid: 4065700
# status: 0

# COUNT0: 4791381
# COUNT1: 1
# COUNT2: lps
# elapsed: 10.001739
# pid: 4065702
# status: 0

#### Pass 7


# COUNT0: 4741360
# COUNT1: 1
# COUNT2: lps
# elapsed: 10.001679
# pid: 4065714
# status: 0

# COUNT0: 4736653
# COUNT1: 1
# COUNT2: lps
# elapsed: 10.001649
# pid: 4065716
# status: 0

#### Pass 8


# COUNT0: 4785857
# COUNT1: 1
# COUNT2: lps
# elapsed: 10.001658
# pid: 4065728
# status: 0

# COUNT0: 4785824
# COUNT1: 1
# COUNT2: lps
# elapsed: 10.001489
# pid: 4065730
# status: 0

#### Pass 9


# COUNT0: 4791420
# COUNT1: 1
# COUNT2: lps
# elapsed: 10.001874
# pid: 4065742
# status: 0

# COUNT0: 4754622
# COUNT1: 1
# COUNT2: lps
# elapsed: 10.001449
# pid: 4065743
# status: 0

#### Pass 10


# COUNT0: 4730084
# COUNT1: 1
# COUNT2: lps
# elapsed: 10.001594
# pid: 4065756
# status: 0

# COUNT0: 4715461
# COUNT1: 1
# COUNT2: lps
# elapsed: 10.001768
# pid: 4065758
# status: 0

*Dump score:    9428856.0
*Dump score:    9444979.0
*Dump score:    9445545.0
Count score:    9478013.0
Count score:    9499708.0
Count score:    9504647.0
Count score:    9539540.0
Count score:    9546042.0
Count score:    9562346.0
Count score:    9571681.0

>>>> Sum of 2 copies
>>>> score: 952727.628159419
>>>> time: 10.0015977142857
>>>> iterations: 7


########################################################
Process Creation -- 2 copies
==> "/mnt/host0/unixbench/UnixBench/pgms/spawn" 30 2>&1 >> "/mnt/host0/unixbench/UnixBench/results/uarf-2025-06-04-06.log"

#### Pass 1


# COUNT0: 922685
# COUNT1: 1
# COUNT2: lps
# elapsed: 30.001665
# pid: 4065770
# status: 0

# COUNT0: 895916
# COUNT1: 1
# COUNT2: lps
# elapsed: 30.001489
# pid: 4065772
# status: 0

#### Pass 2


# COUNT0: 877964
# COUNT1: 1
# COUNT2: lps
# elapsed: 30.001641
# pid: 1690385
# status: 0

# COUNT0: 853997
# COUNT1: 1
# COUNT2: lps
# elapsed: 30.001572
# pid: 1690387
# status: 0

#### Pass 3


# COUNT0: 869208
# COUNT1: 1
# COUNT2: lps
# elapsed: 30.001715
# pid: 3422360
# status: 0

# COUNT0: 867217
# COUNT1: 1
# COUNT2: lps
# elapsed: 30.001750
# pid: 3422362
# status: 0

*Dump score:    1731961.0
Count score:    1736425.0
Count score:    1818601.0

>>>> Sum of 2 copies
>>>> score: 59231.3346615534
>>>> time: 30.00165475
>>>> iterations: 2


########################################################
System Call Overhead -- 2 copies
==> "/mnt/host0/unixbench/UnixBench/pgms/syscall" 10 2>&1 >> "/mnt/host0/unixbench/UnixBench/results/uarf-2025-06-04-06.log"

#### Pass 1


# COUNT0: 37946575
# COUNT1: 1
# COUNT2: lps
# elapsed: 10.001620
# pid: 964799
# status: 0

# COUNT0: 37990223
# COUNT1: 1
# COUNT2: lps
# elapsed: 10.001462
# pid: 964801
# status: 0

#### Pass 2


# COUNT0: 37992587
# COUNT1: 1
# COUNT2: lps
# elapsed: 10.001685
# pid: 964811
# status: 0

# COUNT0: 37849299
# COUNT1: 1
# COUNT2: lps
# elapsed: 10.001489
# pid: 964813
# status: 0

#### Pass 3


# COUNT0: 37959971
# COUNT1: 1
# COUNT2: lps
# elapsed: 10.001674
# pid: 964823
# status: 0

# COUNT0: 37955872
# COUNT1: 1
# COUNT2: lps
# elapsed: 10.002050
# pid: 964825
# status: 0

#### Pass 4


# COUNT0: 37974603
# COUNT1: 1
# COUNT2: lps
# elapsed: 10.001739
# pid: 964835
# status: 0

# COUNT0: 37935778
# COUNT1: 1
# COUNT2: lps
# elapsed: 10.001577
# pid: 964837
# status: 0

#### Pass 5


# COUNT0: 37953324
# COUNT1: 1
# COUNT2: lps
# elapsed: 10.001604
# pid: 964847
# status: 0

# COUNT0: 37921202
# COUNT1: 1
# COUNT2: lps
# elapsed: 10.001442
# pid: 964849
# status: 0

#### Pass 6


# COUNT0: 37962234
# COUNT1: 1
# COUNT2: lps
# elapsed: 10.001835
# pid: 964859
# status: 0

# COUNT0: 37966443
# COUNT1: 1
# COUNT2: lps
# elapsed: 10.001462
# pid: 964861
# status: 0

#### Pass 7


# COUNT0: 38079709
# COUNT1: 1
# COUNT2: lps
# elapsed: 10.001630
# pid: 964871
# status: 0

# COUNT0: 38082561
# COUNT1: 1
# COUNT2: lps
# elapsed: 10.001519
# pid: 964873
# status: 0

#### Pass 8


# COUNT0: 38058054
# COUNT1: 1
# COUNT2: lps
# elapsed: 10.001701
# pid: 964883
# status: 0

# COUNT0: 38054829
# COUNT1: 1
# COUNT2: lps
# elapsed: 10.001524
# pid: 964885
# status: 0

#### Pass 9


# COUNT0: 37952062
# COUNT1: 1
# COUNT2: lps
# elapsed: 10.001704
# pid: 964895
# status: 0

# COUNT0: 37959891
# COUNT1: 1
# COUNT2: lps
# elapsed: 10.001550
# pid: 964897
# status: 0

#### Pass 10


# COUNT0: 38129899
# COUNT1: 1
# COUNT2: lps
# elapsed: 10.001675
# pid: 964911
# status: 0

# COUNT0: 38127398
# COUNT1: 1
# COUNT2: lps
# elapsed: 10.001607
# pid: 964913
# status: 0

*Dump score:   75841886.0
*Dump score:   75874526.0
*Dump score:   75910381.0
Count score:   75911953.0
Count score:   75915843.0
Count score:   75928677.0
Count score:   75936798.0
Count score:   76112883.0
Count score:   76162270.0
Count score:   76257297.0

>>>> Sum of 2 copies
>>>> score: 7601963.5402334
>>>> time: 10.0016437857143
>>>> iterations: 7


########################################################
Shell Scripts (1 concurrent) -- 2 copies
==> "/mnt/host0/unixbench/UnixBench/pgms/looper" 60 "/mnt/host0/unixbench/UnixBench/pgms/multi.sh" 1 2>&1 >> "/mnt/host0/unixbench/UnixBench/results/uarf-2025-06-04-06.log"

#### Pass 1


# COUNT0: 6187
# COUNT1: 60
# COUNT2: lpm
# elapsed: 60.009855
# pid: 964923
# status: 0

# COUNT0: 6179
# COUNT1: 60
# COUNT2: lpm
# elapsed: 60.008657
# pid: 964925
# status: 0

#### Pass 2


# COUNT0: 6187
# COUNT1: 60
# COUNT2: lpm
# elapsed: 60.006122
# pid: 1076247
# status: 0

# COUNT0: 6191
# COUNT1: 60
# COUNT2: lpm
# elapsed: 60.004593
# pid: 1076249
# status: 0

#### Pass 3


# COUNT0: 6183
# COUNT1: 60
# COUNT2: lpm
# elapsed: 60.007599
# pid: 1187682
# status: 0

# COUNT0: 6186
# COUNT1: 60
# COUNT2: lpm
# elapsed: 60.001899
# pid: 1187684
# status: 0

*Dump score:      12366.0
Count score:      12369.0
Count score:      12378.0

>>>> Sum of 2 copies
>>>> score: 12372.4571632253
>>>> time: 60.00505325
>>>> iterations: 2


########################################################
Shell Scripts (8 concurrent) -- 2 copies
==> "/mnt/host0/unixbench/UnixBench/pgms/looper" 60 "/mnt/host0/unixbench/UnixBench/pgms/multi.sh" 8 2>&1 >> "/mnt/host0/unixbench/UnixBench/results/uarf-2025-06-04-06.log"

#### Pass 1


# COUNT0: 1016
# COUNT1: 60
# COUNT2: lpm
# elapsed: 60.003180
# pid: 1299033
# status: 0

# COUNT0: 1017
# COUNT1: 60
# COUNT2: lpm
# elapsed: 60.004826
# pid: 1299035
# status: 0

#### Pass 2


# COUNT0: 1017
# COUNT1: 60
# COUNT2: lpm
# elapsed: 60.044440
# pid: 1431320
# status: 0

# COUNT0: 1017
# COUNT1: 60
# COUNT2: lpm
# elapsed: 60.043227
# pid: 1431322
# status: 0

#### Pass 3


# COUNT0: 1017
# COUNT1: 60
# COUNT2: lpm
# elapsed: 60.043589
# pid: 1563674
# status: 0

# COUNT0: 1017
# COUNT1: 60
# COUNT2: lpm
# elapsed: 60.045744
# pid: 1563676
# status: 0

*Dump score:       2033.0
Count score:       2034.0
Count score:       2034.0

>>>> Sum of 2 copies
>>>> score: 2032.50103053891
>>>> time: 60.04425
>>>> iterations: 2

