
########################################################
Dhrystone 2 using register variables -- 1 copy
==> "/mnt/host0/unixbench/UnixBench/pgms/dhry2reg" 10 2>&1 >> "/mnt/host0/unixbench/UnixBench/results/uarf-2025-06-02-02.log"

#### Pass 1


# COUNT0: 479600441
# COUNT1: 1
# COUNT2: lps
# elapsed: 10.007104
# pid: 3719416
# status: 0

#### Pass 2


# COUNT0: 479574898
# COUNT1: 1
# COUNT2: lps
# elapsed: 10.007743
# pid: 3719425
# status: 0

#### Pass 3


# COUNT0: 479598183
# COUNT1: 1
# COUNT2: lps
# elapsed: 10.005989
# pid: 3719434
# status: 0

#### Pass 4


# COUNT0: 479490429
# COUNT1: 1
# COUNT2: lps
# elapsed: 10.007718
# pid: 3719443
# status: 0

#### Pass 5


# COUNT0: 479451575
# COUNT1: 1
# COUNT2: lps
# elapsed: 10.007353
# pid: 3719452
# status: 0

#### Pass 6


# COUNT0: 479458298
# COUNT1: 1
# COUNT2: lps
# elapsed: 10.007260
# pid: 3719462
# status: 0

#### Pass 7


# COUNT0: 479448389
# COUNT1: 1
# COUNT2: lps
# elapsed: 10.007592
# pid: 3719471
# status: 0

#### Pass 8


# COUNT0: 479466824
# COUNT1: 1
# COUNT2: lps
# elapsed: 10.008020
# pid: 3719480
# status: 0

#### Pass 9


# COUNT0: 474730105
# COUNT1: 1
# COUNT2: lps
# elapsed: 10.007274
# pid: 3719489
# status: 0

#### Pass 10


# COUNT0: 479354287
# COUNT1: 1
# COUNT2: lps
# elapsed: 10.007921
# pid: 3719498
# status: 0

*Dump score:  474730105.0
*Dump score:  479354287.0
*Dump score:  479448389.0
Count score:  479451575.0
Count score:  479458298.0
Count score:  479466824.0
Count score:  479490429.0
Count score:  479574898.0
Count score:  479598183.0
Count score:  479600441.0

>>>> Results of 1 copy
>>>> score: 47916969.9918112
>>>> time: 10.0073124285714
>>>> iterations: 7


########################################################
Double-Precision Whetstone -- 1 copy
==> "/mnt/host0/unixbench/UnixBench/pgms/whetstone-double"  2>&1 >> "/mnt/host0/unixbench/UnixBench/results/uarf-2025-06-02-02.log"

#### Pass 1

Calibrate
       0.00 Seconds          1   Passes (x 100)
       0.01 Seconds          5   Passes (x 100)
       0.03 Seconds         25   Passes (x 100)
       0.16 Seconds        125   Passes (x 100)
       0.80 Seconds        625   Passes (x 100)

Use 7799  passes (x 100)

          Double Precision C/C++ Whetstone Benchmark

Loop content                  Result              MFLOPS      MOPS   Seconds

N1 floating point     -1.12398255667392033      1791.021              0.084
N2 floating point     -1.12187079889294417      2254.357              0.465
N3 if then else        1.00000000000000000                5399.565    0.149
N4 fixed point        12.00000000000000000                   0.000   -0.000
N5 sin,cos etc.        0.49902937281518261                 192.203    3.376
N6 floating point      0.99999987890802811      1079.243              3.898
N7 assignments         3.00000000000000000                5390.309    0.267
N8 exp,sqrt etc.       0.75100163018453958                 172.088    1.686

MWIPS                                           7857.747              9.925


# COUNT0: 7857.747
# COUNT1: 0
# COUNT2: MWIPS
# TIME: 9.925
# elapsed: 11.764257
# pid: 3719507
# status: 0

#### Pass 2

Calibrate
       0.00 Seconds          1   Passes (x 100)
       0.01 Seconds          5   Passes (x 100)
       0.03 Seconds         25   Passes (x 100)
       0.16 Seconds        125   Passes (x 100)
       0.80 Seconds        625   Passes (x 100)

Use 7800  passes (x 100)

          Double Precision C/C++ Whetstone Benchmark

Loop content                  Result              MFLOPS      MOPS   Seconds

N1 floating point     -1.12398255667392033      1791.212              0.084
N2 floating point     -1.12187079889294417      2256.766              0.465
N3 if then else        1.00000000000000000                5397.904    0.150
N4 fixed point        12.00000000000000000                   0.000   -0.000
N5 sin,cos etc.        0.49902937281518261                 192.268    3.375
N6 floating point      0.99999987890802811      1079.540              3.897
N7 assignments         3.00000000000000000                5382.021    0.268
N8 exp,sqrt etc.       0.75100163018453958                 172.193    1.685

MWIPS                                           7860.361              9.923


# COUNT0: 7860.361
# COUNT1: 0
# COUNT2: MWIPS
# TIME: 9.923
# elapsed: 11.762040
# pid: 3719516
# status: 0

#### Pass 3

Calibrate
       0.00 Seconds          1   Passes (x 100)
       0.01 Seconds          5   Passes (x 100)
       0.03 Seconds         25   Passes (x 100)
       0.16 Seconds        125   Passes (x 100)
       0.80 Seconds        625   Passes (x 100)

Use 7791  passes (x 100)

          Double Precision C/C++ Whetstone Benchmark

Loop content                  Result              MFLOPS      MOPS   Seconds

N1 floating point     -1.12398255667392033      1790.704              0.084
N2 floating point     -1.12187079889294417      2256.874              0.464
N3 if then else        1.00000000000000000                5397.311    0.149
N4 fixed point        12.00000000000000000               58592406779.249    0.000
N5 sin,cos etc.        0.49902937281518261                 192.257    3.372
N6 floating point      0.99999987890802811      1078.934              3.895
N7 assignments         3.00000000000000000                5389.131    0.267
N8 exp,sqrt etc.       0.75100163018453958                 172.175    1.683

MWIPS                                           7858.591              9.914


# COUNT0: 7858.591
# COUNT1: 0
# COUNT2: MWIPS
# TIME: 9.914
# elapsed: 11.753173
# pid: 3719525
# status: 0

#### Pass 4

Calibrate
       0.00 Seconds          1   Passes (x 100)
       0.01 Seconds          5   Passes (x 100)
       0.03 Seconds         25   Passes (x 100)
       0.16 Seconds        125   Passes (x 100)
       0.80 Seconds        625   Passes (x 100)

Use 7795  passes (x 100)

          Double Precision C/C++ Whetstone Benchmark

Loop content                  Result              MFLOPS      MOPS   Seconds

N1 floating point     -1.12398255667392033      1791.437              0.084
N2 floating point     -1.12187079889294417      2257.040              0.464
N3 if then else        1.00000000000000000                5398.600    0.149
N4 fixed point        12.00000000000000000               298550527276.704    0.000
N5 sin,cos etc.        0.49902937281518261                 192.209    3.374
N6 floating point      0.99999987890802811      1078.927              3.897
N7 assignments         3.00000000000000000                5391.555    0.267
N8 exp,sqrt etc.       0.75100163018453958                 172.122    1.685

MWIPS                                           7857.663              9.920


# COUNT0: 7857.663
# COUNT1: 0
# COUNT2: MWIPS
# TIME: 9.920
# elapsed: 11.758768
# pid: 3719534
# status: 0

#### Pass 5

Calibrate
       0.00 Seconds          1   Passes (x 100)
       0.01 Seconds          5   Passes (x 100)
       0.03 Seconds         25   Passes (x 100)
       0.16 Seconds        125   Passes (x 100)
       0.80 Seconds        625   Passes (x 100)

Use 7791  passes (x 100)

          Double Precision C/C++ Whetstone Benchmark

Loop content                  Result              MFLOPS      MOPS   Seconds

N1 floating point     -1.12398255667392033      1791.661              0.083
N2 floating point     -1.12187079889294417      2257.058              0.464
N3 if then else        1.00000000000000000                5392.575    0.150
N4 fixed point        12.00000000000000000                   0.000   -0.000
N5 sin,cos etc.        0.49902937281518261                 192.228    3.372
N6 floating point      0.99999987890802811      1079.155              3.894
N7 assignments         3.00000000000000000                5391.635    0.267
N8 exp,sqrt etc.       0.75100163018453958                 172.110    1.684

MWIPS                                           7858.386              9.914


# COUNT0: 7858.386
# COUNT1: 0
# COUNT2: MWIPS
# TIME: 9.914
# elapsed: 11.753023
# pid: 3719543
# status: 0

#### Pass 6

Calibrate
       0.00 Seconds          1   Passes (x 100)
       0.01 Seconds          5   Passes (x 100)
       0.03 Seconds         25   Passes (x 100)
       0.16 Seconds        125   Passes (x 100)
       0.80 Seconds        625   Passes (x 100)

Use 7799  passes (x 100)

          Double Precision C/C++ Whetstone Benchmark

Loop content                  Result              MFLOPS      MOPS   Seconds

N1 floating point     -1.12398255667392033      1791.259              0.084
N2 floating point     -1.12187079889294417      2255.715              0.465
N3 if then else        1.00000000000000000                5398.912    0.150
N4 fixed point        12.00000000000000000               46748348358.756    0.000
N5 sin,cos etc.        0.49902937281518261                 192.289    3.374
N6 floating point      0.99999987890802811      1079.243              3.898
N7 assignments         3.00000000000000000                5391.175    0.267
N8 exp,sqrt etc.       0.75100163018453958                 172.121    1.686

MWIPS                                           7859.451              9.923


# COUNT0: 7859.451
# COUNT1: 0
# COUNT2: MWIPS
# TIME: 9.923
# elapsed: 11.762751
# pid: 3719552
# status: 0

#### Pass 7

Calibrate
       0.00 Seconds          1   Passes (x 100)
       0.01 Seconds          5   Passes (x 100)
       0.03 Seconds         25   Passes (x 100)
       0.16 Seconds        125   Passes (x 100)
       0.80 Seconds        625   Passes (x 100)

Use 7802  passes (x 100)

          Double Precision C/C++ Whetstone Benchmark

Loop content                  Result              MFLOPS      MOPS   Seconds

N1 floating point     -1.12398255667392033      1790.896              0.084
N2 floating point     -1.12187079889294417      2256.831              0.465
N3 if then else        1.00000000000000000                5399.328    0.150
N4 fixed point        12.00000000000000000               66145066329.482    0.000
N5 sin,cos etc.        0.49902937281518261                 192.107    3.379
N6 floating point      0.99999987890802811      1079.204              3.900
N7 assignments         3.00000000000000000                5379.765    0.268
N8 exp,sqrt etc.       0.75100163018453958                 172.127    1.686

MWIPS                                           7856.585              9.931


# COUNT0: 7856.585
# COUNT1: 0
# COUNT2: MWIPS
# TIME: 9.931
# elapsed: 11.769446
# pid: 3719561
# status: 0

#### Pass 8

Calibrate
       0.00 Seconds          1   Passes (x 100)
       0.01 Seconds          5   Passes (x 100)
       0.03 Seconds         25   Passes (x 100)
       0.16 Seconds        125   Passes (x 100)
       0.80 Seconds        625   Passes (x 100)

Use 7776  passes (x 100)

          Double Precision C/C++ Whetstone Benchmark

Loop content                  Result              MFLOPS      MOPS   Seconds

N1 floating point     -1.12398255667392033      1790.362              0.083
N2 floating point     -1.12187079889294417      2257.203              0.463
N3 if then else        1.00000000000000000                5400.001    0.149
N4 fixed point        12.00000000000000000               23110639189.339    0.000
N5 sin,cos etc.        0.49902937281518261                 190.745    3.392
N6 floating point      0.99999987890802811      1078.995              3.887
N7 assignments         3.00000000000000000                5390.377    0.267
N8 exp,sqrt etc.       0.75100163018453958                 172.067    1.681

MWIPS                                           7836.955              9.922


# COUNT0: 7836.955
# COUNT1: 0
# COUNT2: MWIPS
# TIME: 9.922
# elapsed: 11.761732
# pid: 3719570
# status: 0

#### Pass 9

Calibrate
       0.00 Seconds          1   Passes (x 100)
       0.01 Seconds          5   Passes (x 100)
       0.03 Seconds         25   Passes (x 100)
       0.16 Seconds        125   Passes (x 100)
       0.80 Seconds        625   Passes (x 100)

Use 7798  passes (x 100)

          Double Precision C/C++ Whetstone Benchmark

Loop content                  Result              MFLOPS      MOPS   Seconds

N1 floating point     -1.12398255667392033      1791.648              0.084
N2 floating point     -1.12187079889294417      2257.505              0.464
N3 if then else        1.00000000000000000                5398.106    0.150
N4 fixed point        12.00000000000000000               117589962367.367    0.000
N5 sin,cos etc.        0.49902937281518261                 192.127    3.377
N6 floating point      0.99999987890802811      1079.168              3.898
N7 assignments         3.00000000000000000                5391.128    0.267
N8 exp,sqrt etc.       0.75100163018453958                 172.102    1.686

MWIPS                                           7857.123              9.925


# COUNT0: 7857.123
# COUNT1: 0
# COUNT2: MWIPS
# TIME: 9.925
# elapsed: 11.763208
# pid: 3719579
# status: 0

#### Pass 10

Calibrate
       0.00 Seconds          1   Passes (x 100)
       0.01 Seconds          5   Passes (x 100)
       0.03 Seconds         25   Passes (x 100)
       0.16 Seconds        125   Passes (x 100)
       0.80 Seconds        625   Passes (x 100)

Use 7790  passes (x 100)

          Double Precision C/C++ Whetstone Benchmark

Loop content                  Result              MFLOPS      MOPS   Seconds

N1 floating point     -1.12398255667392033      1791.813              0.083
N2 floating point     -1.12187079889294417      2256.822              0.464
N3 if then else        1.00000000000000000                5385.478    0.150
N4 fixed point        12.00000000000000000               22996642482.207    0.000
N5 sin,cos etc.        0.49902937281518261                 192.345    3.370
N6 floating point      0.99999987890802811      1079.150              3.894
N7 assignments         3.00000000000000000                5392.516    0.267
N8 exp,sqrt etc.       0.75100163018453958                 172.096    1.684

MWIPS                                           7859.734              9.911


# COUNT0: 7859.734
# COUNT1: 0
# COUNT2: MWIPS
# TIME: 9.911
# elapsed: 11.749722
# pid: 3719588
# status: 0

*Dump score:       7837.0
*Dump score:       7856.6
*Dump score:       7857.1
Count score:       7857.7
Count score:       7857.7
Count score:       7858.4
Count score:       7858.6
Count score:       7859.5
Count score:       7859.7
Count score:       7860.4

>>>> Results of 1 copy
>>>> score: 7858.84751386303
>>>> time: 9.91857142857143
>>>> iterations: 7


########################################################
Execl Throughput -- 1 copy
==> "/mnt/host0/unixbench/UnixBench/pgms/execl" 30 2>&1 >> "/mnt/host0/unixbench/UnixBench/results/uarf-2025-06-02-02.log"

#### Pass 1


# COUNT0: 40022
# COUNT1: 1
# COUNT2: lps
# elapsed: 29.333936
# pid: 3719597
# status: 0

#### Pass 2


# COUNT0: 41663
# COUNT1: 1
# COUNT2: lps
# elapsed: 29.980392
# pid: 3719607
# status: 0

#### Pass 3


# COUNT0: 41499
# COUNT1: 1
# COUNT2: lps
# elapsed: 29.984372
# pid: 3719616
# status: 0

*Dump score:      40022.0
Count score:      41499.0
Count score:      41663.0

>>>> Results of 1 copy
>>>> score: 1386.84508913511
>>>> time: 29.982382
>>>> iterations: 2


########################################################
File Copy 1024 bufsize 2000 maxblocks -- 1 copy
==> "/mnt/host0/unixbench/UnixBench/pgms/fstime" -c -t 30 -d "/mnt/host0/unixbench/UnixBench/tmp" -b 1024 -m 2000 2>&1 >> "/mnt/host0/unixbench/UnixBench/results/uarf-2025-06-02-02.log"

#### Pass 1

Write done: 152000 in 2.0522, score 18516
Read done: 152220 in 2.0000, score 19027
Copy done: 1193764 in 30.0001, score 9948

# COUNT0: 9948
# COUNT1: 0
# COUNT2: KBps
# TIME: 30.0
# elapsed: 45.067792
# pid: 3719625
# status: 0

#### Pass 2

Write done: 160000 in 2.0178, score 19823
Read done: 192032 in 2.0000, score 24003
Copy done: 1115508 in 30.0001, score 9295

# COUNT0: 9295
# COUNT1: 0
# COUNT2: KBps
# TIME: 30.0
# elapsed: 45.032767
# pid: 3719635
# status: 0

#### Pass 3

Write done: 152000 in 2.0722, score 18337
Read done: 150392 in 2.0000, score 18798
Copy done: 1140684 in 30.0001, score 9505

# COUNT0: 9505
# COUNT1: 0
# COUNT2: KBps
# TIME: 30.0
# elapsed: 45.085914
# pid: 3719644
# status: 0

*Dump score:       9295.0
Count score:       9505.0
Count score:       9948.0

>>>> Results of 1 copy
>>>> score: 9723.97758121644
>>>> time: 30
>>>> iterations: 2


########################################################
File Copy 256 bufsize 500 maxblocks -- 1 copy
==> "/mnt/host0/unixbench/UnixBench/pgms/fstime" -c -t 30 -d "/mnt/host0/unixbench/UnixBench/tmp" -b 256 -m 500 2>&1 >> "/mnt/host0/unixbench/UnixBench/results/uarf-2025-06-02-02.log"

#### Pass 1

Write done: 38000 in 2.0547, score 4623
Read done: 37912 in 2.0000, score 4738
Copy done: 280383 in 30.0000, score 2336

# COUNT0: 2336
# COUNT1: 0
# COUNT2: KBps
# TIME: 30.0
# elapsed: 45.068663
# pid: 3719653
# status: 0

#### Pass 2

Write done: 38000 in 2.0516, score 4630
Read done: 49139 in 2.0001, score 6142
Copy done: 283420 in 30.0001, score 2361

# COUNT0: 2361
# COUNT1: 0
# COUNT2: KBps
# TIME: 30.0
# elapsed: 45.066691
# pid: 3719662
# status: 0

#### Pass 3

Write done: 48000 in 2.0721, score 5791
Read done: 37543 in 2.0000, score 4692
Copy done: 286275 in 30.0001, score 2385

# COUNT0: 2385
# COUNT1: 0
# COUNT2: KBps
# TIME: 30.0
# elapsed: 45.087034
# pid: 3719671
# status: 0

*Dump score:       2336.0
Count score:       2361.0
Count score:       2385.0

>>>> Results of 1 copy
>>>> score: 2372.96965846595
>>>> time: 30
>>>> iterations: 2


########################################################
File Copy 4096 bufsize 8000 maxblocks -- 1 copy
==> "/mnt/host0/unixbench/UnixBench/pgms/fstime" -c -t 30 -d "/mnt/host0/unixbench/UnixBench/tmp" -b 4096 -m 8000 2>&1 >> "/mnt/host0/unixbench/UnixBench/results/uarf-2025-06-02-02.log"

#### Pass 1

Write done: 608000 in 2.0696, score 73444
Read done: 590032 in 2.0000, score 73752
Copy done: 4417840 in 30.0000, score 36815

# COUNT0: 36815
# COUNT1: 0
# COUNT2: KBps
# TIME: 30.0
# elapsed: 45.087105
# pid: 3719680
# status: 0

#### Pass 2

Write done: 832000 in 2.0228, score 102828
Read done: 646416 in 2.0000, score 80800
Copy done: 4436960 in 30.0000, score 36974

# COUNT0: 36974
# COUNT1: 0
# COUNT2: KBps
# TIME: 30.0
# elapsed: 45.057917
# pid: 3719689
# status: 0

#### Pass 3

Write done: 736000 in 2.0243, score 90893
Read done: 633280 in 2.0000, score 79158
Copy done: 4355888 in 30.0001, score 36298

# COUNT0: 36298
# COUNT1: 0
# COUNT2: KBps
# TIME: 30.0
# elapsed: 45.042265
# pid: 3719702
# status: 0

*Dump score:      36298.0
Count score:      36815.0
Count score:      36974.0

>>>> Results of 1 copy
>>>> score: 36894.41434689
>>>> time: 30
>>>> iterations: 2


########################################################
Pipe Throughput -- 1 copy
==> "/mnt/host0/unixbench/UnixBench/pgms/pipe" 10 2>&1 >> "/mnt/host0/unixbench/UnixBench/results/uarf-2025-06-02-02.log"

#### Pass 1


# COUNT0: 24565228
# COUNT1: 1
# COUNT2: lps
# elapsed: 10.007895
# pid: 3719711
# status: 0

#### Pass 2


# COUNT0: 24735264
# COUNT1: 1
# COUNT2: lps
# elapsed: 10.007101
# pid: 3719720
# status: 0

#### Pass 3


# COUNT0: 24714534
# COUNT1: 1
# COUNT2: lps
# elapsed: 10.007457
# pid: 3719729
# status: 0

#### Pass 4


# COUNT0: 24737712
# COUNT1: 1
# COUNT2: lps
# elapsed: 10.007549
# pid: 3719738
# status: 0

#### Pass 5


# COUNT0: 24709602
# COUNT1: 1
# COUNT2: lps
# elapsed: 10.007519
# pid: 3719747
# status: 0

#### Pass 6


# COUNT0: 24593726
# COUNT1: 1
# COUNT2: lps
# elapsed: 10.007647
# pid: 3719756
# status: 0

#### Pass 7


# COUNT0: 24722950
# COUNT1: 1
# COUNT2: lps
# elapsed: 10.007278
# pid: 3719765
# status: 0

#### Pass 8


# COUNT0: 24876714
# COUNT1: 1
# COUNT2: lps
# elapsed: 10.007667
# pid: 3719774
# status: 0

#### Pass 9


# COUNT0: 24627433
# COUNT1: 1
# COUNT2: lps
# elapsed: 10.006618
# pid: 3719783
# status: 0

#### Pass 10


# COUNT0: 24744138
# COUNT1: 1
# COUNT2: lps
# elapsed: 10.007423
# pid: 3719792
# status: 0

*Dump score:   24565228.0
*Dump score:   24593726.0
*Dump score:   24627433.0
Count score:   24709602.0
Count score:   24714534.0
Count score:   24722950.0
Count score:   24735264.0
Count score:   24737712.0
Count score:   24744138.0
Count score:   24876714.0

>>>> Results of 1 copy
>>>> score: 2473027.52936114
>>>> time: 10.0074277142857
>>>> iterations: 7


########################################################
Pipe-based Context Switching -- 1 copy
==> "/mnt/host0/unixbench/UnixBench/pgms/context1" 10 2>&1 >> "/mnt/host0/unixbench/UnixBench/results/uarf-2025-06-02-02.log"

#### Pass 1


# COUNT0: 368075
# COUNT1: 1
# COUNT2: lps
# elapsed: 10.005972
# pid: 3719801
# status: 0

#### Pass 2


# COUNT0: 364026
# COUNT1: 1
# COUNT2: lps
# elapsed: 10.007712
# pid: 3719811
# status: 0

#### Pass 3


# COUNT0: 363560
# COUNT1: 1
# COUNT2: lps
# elapsed: 10.007041
# pid: 3719821
# status: 0

#### Pass 4


# COUNT0: 364331
# COUNT1: 1
# COUNT2: lps
# elapsed: 10.007382
# pid: 3719831
# status: 0

#### Pass 5


# COUNT0: 367717
# COUNT1: 1
# COUNT2: lps
# elapsed: 10.007403
# pid: 3719841
# status: 0

#### Pass 6


# COUNT0: 368516
# COUNT1: 1
# COUNT2: lps
# elapsed: 10.007479
# pid: 3719851
# status: 0

#### Pass 7


# COUNT0: 368536
# COUNT1: 1
# COUNT2: lps
# elapsed: 10.005656
# pid: 3719861
# status: 0

#### Pass 8


# COUNT0: 366688
# COUNT1: 1
# COUNT2: lps
# elapsed: 10.007157
# pid: 3719872
# status: 0

#### Pass 9


# COUNT0: 364572
# COUNT1: 1
# COUNT2: lps
# elapsed: 10.007282
# pid: 3719882
# status: 0

#### Pass 10


# COUNT0: 362004
# COUNT1: 1
# COUNT2: lps
# elapsed: 10.006797
# pid: 3719893
# status: 0

*Dump score:     362004.0
*Dump score:     363560.0
*Dump score:     364026.0
Count score:     364331.0
Count score:     364572.0
Count score:     366688.0
Count score:     367717.0
Count score:     368075.0
Count score:     368516.0
Count score:     368536.0

>>>> Results of 1 copy
>>>> score: 36666.2343939309
>>>> time: 10.0069044285714
>>>> iterations: 7


########################################################
Process Creation -- 1 copy
==> "/mnt/host0/unixbench/UnixBench/pgms/spawn" 30 2>&1 >> "/mnt/host0/unixbench/UnixBench/results/uarf-2025-06-02-02.log"

#### Pass 1


# COUNT0: 319031
# COUNT1: 1
# COUNT2: lps
# elapsed: 30.007734
# pid: 3719903
# status: 0

#### Pass 2


# COUNT0: 314921
# COUNT1: 1
# COUNT2: lps
# elapsed: 30.007605
# pid: 4038944
# status: 0

#### Pass 3


# COUNT0: 329410
# COUNT1: 1
# COUNT2: lps
# elapsed: 30.007589
# pid: 159871
# status: 0

*Dump score:     314921.0
Count score:     319031.0
Count score:     329410.0

>>>> Results of 1 copy
>>>> score: 10803.2065597165
>>>> time: 30.0076615
>>>> iterations: 2


########################################################
System Call Overhead -- 1 copy
==> "/mnt/host0/unixbench/UnixBench/pgms/syscall" 10 2>&1 >> "/mnt/host0/unixbench/UnixBench/results/uarf-2025-06-02-02.log"

#### Pass 1


# COUNT0: 30802396
# COUNT1: 1
# COUNT2: lps
# elapsed: 10.007631
# pid: 489291
# status: 0

#### Pass 2


# COUNT0: 30895155
# COUNT1: 1
# COUNT2: lps
# elapsed: 10.005697
# pid: 489300
# status: 0

#### Pass 3


# COUNT0: 30789211
# COUNT1: 1
# COUNT2: lps
# elapsed: 10.007657
# pid: 489309
# status: 0

#### Pass 4


# COUNT0: 30786313
# COUNT1: 1
# COUNT2: lps
# elapsed: 10.007626
# pid: 489318
# status: 0

#### Pass 5


# COUNT0: 30764973
# COUNT1: 1
# COUNT2: lps
# elapsed: 10.007538
# pid: 489327
# status: 0

#### Pass 6


# COUNT0: 30785691
# COUNT1: 1
# COUNT2: lps
# elapsed: 10.007187
# pid: 489336
# status: 0

#### Pass 7


# COUNT0: 30797038
# COUNT1: 1
# COUNT2: lps
# elapsed: 10.007605
# pid: 489345
# status: 0

#### Pass 8


# COUNT0: 30791082
# COUNT1: 1
# COUNT2: lps
# elapsed: 10.007642
# pid: 489354
# status: 0

#### Pass 9


# COUNT0: 30786478
# COUNT1: 1
# COUNT2: lps
# elapsed: 10.007390
# pid: 489363
# status: 0

#### Pass 10


# COUNT0: 30784782
# COUNT1: 1
# COUNT2: lps
# elapsed: 10.007625
# pid: 489372
# status: 0

*Dump score:   30764973.0
*Dump score:   30784782.0
*Dump score:   30785691.0
Count score:   30786313.0
Count score:   30786478.0
Count score:   30789211.0
Count score:   30791082.0
Count score:   30797038.0
Count score:   30802396.0
Count score:   30895155.0

>>>> Results of 1 copy
>>>> score: 3078425.13531445
>>>> time: 10.0073211428571
>>>> iterations: 7


########################################################
Shell Scripts (1 concurrent) -- 1 copy
==> "/mnt/host0/unixbench/UnixBench/pgms/looper" 60 "/mnt/host0/unixbench/UnixBench/pgms/multi.sh" 1 2>&1 >> "/mnt/host0/unixbench/UnixBench/results/uarf-2025-06-02-02.log"

#### Pass 1


# COUNT0: 3461
# COUNT1: 60
# COUNT2: lpm
# elapsed: 60.016101
# pid: 489381
# status: 0

#### Pass 2


# COUNT0: 3455
# COUNT1: 60
# COUNT2: lpm
# elapsed: 60.013293
# pid: 520548
# status: 0

#### Pass 3


# COUNT0: 3466
# COUNT1: 60
# COUNT2: lpm
# elapsed: 60.013942
# pid: 551662
# status: 0

*Dump score:       3455.0
Count score:       3461.0
Count score:       3466.0

>>>> Results of 1 copy
>>>> score: 3462.63219946727
>>>> time: 60.0150215
>>>> iterations: 2


########################################################
Shell Scripts (8 concurrent) -- 1 copy
==> "/mnt/host0/unixbench/UnixBench/pgms/looper" 60 "/mnt/host0/unixbench/UnixBench/pgms/multi.sh" 8 2>&1 >> "/mnt/host0/unixbench/UnixBench/results/uarf-2025-06-02-02.log"

#### Pass 1


# COUNT0: 707
# COUNT1: 60
# COUNT2: lpm
# elapsed: 60.081523
# pid: 582874
# status: 0

#### Pass 2


# COUNT0: 706
# COUNT1: 60
# COUNT2: lpm
# elapsed: 60.035442
# pid: 628903
# status: 0

#### Pass 3


# COUNT0: 704
# COUNT1: 60
# COUNT2: lpm
# elapsed: 60.052182
# pid: 674867
# status: 0

*Dump score:        704.0
Count score:        706.0
Count score:        707.0

>>>> Results of 1 copy
>>>> score: 705.811914306503
>>>> time: 60.0584825
>>>> iterations: 2


########################################################
Dhrystone 2 using register variables -- 2 copies
==> "/mnt/host0/unixbench/UnixBench/pgms/dhry2reg" 10 2>&1 >> "/mnt/host0/unixbench/UnixBench/results/uarf-2025-06-02-02.log"

#### Pass 1


# COUNT0: 321701562
# COUNT1: 1
# COUNT2: lps
# elapsed: 10.008605
# pid: 720701
# status: 0

# COUNT0: 321776946
# COUNT1: 1
# COUNT2: lps
# elapsed: 10.008844
# pid: 720703
# status: 0

#### Pass 2


# COUNT0: 321752978
# COUNT1: 1
# COUNT2: lps
# elapsed: 10.008630
# pid: 720713
# status: 0

# COUNT0: 321661165
# COUNT1: 1
# COUNT2: lps
# elapsed: 10.007709
# pid: 720715
# status: 0

#### Pass 3


# COUNT0: 321529690
# COUNT1: 1
# COUNT2: lps
# elapsed: 10.006613
# pid: 720726
# status: 0

# COUNT0: 321613202
# COUNT1: 1
# COUNT2: lps
# elapsed: 10.006078
# pid: 720728
# status: 0

#### Pass 4


# COUNT0: 322813949
# COUNT1: 1
# COUNT2: lps
# elapsed: 10.008135
# pid: 720738
# status: 0

# COUNT0: 322888281
# COUNT1: 1
# COUNT2: lps
# elapsed: 10.008667
# pid: 720740
# status: 0

#### Pass 5


# COUNT0: 323008894
# COUNT1: 1
# COUNT2: lps
# elapsed: 10.007819
# pid: 720750
# status: 0

# COUNT0: 323102672
# COUNT1: 1
# COUNT2: lps
# elapsed: 10.007293
# pid: 720752
# status: 0

#### Pass 6


# COUNT0: 320641919
# COUNT1: 1
# COUNT2: lps
# elapsed: 10.008555
# pid: 720762
# status: 0

# COUNT0: 320736737
# COUNT1: 1
# COUNT2: lps
# elapsed: 10.008292
# pid: 720764
# status: 0

#### Pass 7


# COUNT0: 321109485
# COUNT1: 1
# COUNT2: lps
# elapsed: 10.008329
# pid: 720774
# status: 0

# COUNT0: 321195308
# COUNT1: 1
# COUNT2: lps
# elapsed: 10.007849
# pid: 720776
# status: 0

#### Pass 8


# COUNT0: 322700174
# COUNT1: 1
# COUNT2: lps
# elapsed: 10.009370
# pid: 720786
# status: 0

# COUNT0: 322629817
# COUNT1: 1
# COUNT2: lps
# elapsed: 10.007418
# pid: 720787
# status: 0

#### Pass 9


# COUNT0: 321615286
# COUNT1: 1
# COUNT2: lps
# elapsed: 10.007930
# pid: 720798
# status: 0

# COUNT0: 321727581
# COUNT1: 1
# COUNT2: lps
# elapsed: 10.007379
# pid: 720800
# status: 0

#### Pass 10


# COUNT0: 321676731
# COUNT1: 1
# COUNT2: lps
# elapsed: 10.009098
# pid: 720810
# status: 0

# COUNT0: 321595746
# COUNT1: 1
# COUNT2: lps
# elapsed: 10.007729
# pid: 720812
# status: 0

*Dump score:  641378656.0
*Dump score:  642304793.0
*Dump score:  643142892.0
Count score:  643272477.0
Count score:  643342867.0
Count score:  643414143.0
Count score:  643478508.0
Count score:  645329991.0
Count score:  645702230.0
Count score:  646111566.0

>>>> Sum of 2 copies
>>>> score: 64385059.4837651
>>>> time: 10.0081875714286
>>>> iterations: 7


########################################################
Double-Precision Whetstone -- 2 copies
==> "/mnt/host0/unixbench/UnixBench/pgms/whetstone-double"  2>&1 >> "/mnt/host0/unixbench/UnixBench/results/uarf-2025-06-02-02.log"

#### Pass 1

Calibrate
       0.00 Seconds          1   Passes (x 100)
       0.01 Seconds          5   Passes (x 100)
       0.04 Seconds         25   Passes (x 100)
       0.19 Seconds        125   Passes (x 100)
       0.94 Seconds        625   Passes (x 100)

Use 6648  passes (x 100)

          Double Precision C/C++ Whetstone Benchmark

Loop content                  Result              MFLOPS      MOPS   Seconds

N1 floating point     -1.12398255667392033      1746.780              0.073
N2 floating point     -1.12187079889294417      2222.422              0.402
N3 if then else        1.00000000000000000                5378.598    0.128
N4 fixed point        12.00000000000000000               17588138423.462    0.000
N5 sin,cos etc.        0.49902937281518261                 146.927    3.765
N6 floating point      0.99999987890802811      1073.471              3.341
N7 assignments         3.00000000000000000                2687.958    0.457
N8 exp,sqrt etc.       0.75100163018453958                 149.695    1.652

MWIPS                                           6771.776              9.817

Calibrate
       0.00 Seconds          1   Passes (x 100)
       0.01 Seconds          5   Passes (x 100)
       0.04 Seconds         25   Passes (x 100)
       0.19 Seconds        125   Passes (x 100)
       0.94 Seconds        625   Passes (x 100)

Use 6648  passes (x 100)

          Double Precision C/C++ Whetstone Benchmark

Loop content                  Result              MFLOPS      MOPS   Seconds

N1 floating point     -1.12398255667392033      1746.764              0.073
N2 floating point     -1.12187079889294417      2219.788              0.403
N3 if then else        1.00000000000000000                5379.570    0.128
N4 fixed point        12.00000000000000000               48735882144.032    0.000
N5 sin,cos etc.        0.49902937281518261                 146.890    3.766
N6 floating point      0.99999987890802811      1073.228              3.341
N7 assignments         3.00000000000000000                2688.235    0.457
N8 exp,sqrt etc.       0.75100163018453958                 149.652    1.653

MWIPS                                           6769.995              9.820


# COUNT0: 6771.776
# COUNT1: 0
# COUNT2: MWIPS
# TIME: 9.817
# elapsed: 11.739655
# pid: 720822
# status: 0

# COUNT0: 6769.995
# COUNT1: 0
# COUNT2: MWIPS
# TIME: 9.820
# elapsed: 11.741660
# pid: 720824
# status: 0

#### Pass 2

Calibrate
       0.00 Seconds          1   Passes (x 100)
       0.01 Seconds          5   Passes (x 100)
       0.04 Seconds         25   Passes (x 100)
       0.19 Seconds        125   Passes (x 100)
       0.94 Seconds        625   Passes (x 100)

Use 6643  passes (x 100)

          Double Precision C/C++ Whetstone Benchmark

Loop content                  Result              MFLOPS      MOPS   Seconds

N1 floating point     -1.12398255667392033      1746.317              0.073
N2 floating point     -1.12187079889294417      2222.718              0.402
N3 if then else        1.00000000000000000                5379.686    0.128
N4 fixed point        12.00000000000000000               20081568418.640    0.000
N5 sin,cos etc.        0.49902937281518261                 146.849    3.764
N6 floating point      0.99999987890802811      1073.021              3.339
N7 assignments         3.00000000000000000                2687.007    0.457
N8 exp,sqrt etc.       0.75100163018453958                 150.111    1.646

MWIPS                                           6772.530              9.809

Calibrate
       0.00 Seconds          1   Passes (x 100)
       0.01 Seconds          5   Passes (x 100)
       0.04 Seconds         25   Passes (x 100)
       0.19 Seconds        125   Passes (x 100)
       0.94 Seconds        625   Passes (x 100)

Use 6644  passes (x 100)

          Double Precision C/C++ Whetstone Benchmark

Loop content                  Result              MFLOPS      MOPS   Seconds

N1 floating point     -1.12398255667392033      1745.101              0.073
N2 floating point     -1.12187079889294417      2222.572              0.402
N3 if then else        1.00000000000000000                5380.071    0.128
N4 fixed point        12.00000000000000000                   0.000   -0.000
N5 sin,cos etc.        0.49902937281518261                 146.792    3.766
N6 floating point      0.99999987890802811      1072.932              3.340
N7 assignments         3.00000000000000000                2685.519    0.457
N8 exp,sqrt etc.       0.75100163018453958                 150.105    1.647

MWIPS                                           6771.056              9.812


# COUNT0: 6772.530
# COUNT1: 0
# COUNT2: MWIPS
# TIME: 9.809
# elapsed: 11.732327
# pid: 720834
# status: 0

# COUNT0: 6771.056
# COUNT1: 0
# COUNT2: MWIPS
# TIME: 9.812
# elapsed: 11.735248
# pid: 720836
# status: 0

#### Pass 3

Calibrate
       0.00 Seconds          1   Passes (x 100)
       0.01 Seconds          5   Passes (x 100)
       0.04 Seconds         25   Passes (x 100)
       0.19 Seconds        125   Passes (x 100)
       0.94 Seconds        625   Passes (x 100)

Use 6642  passes (x 100)

          Double Precision C/C++ Whetstone Benchmark

Loop content                  Result              MFLOPS      MOPS   Seconds

N1 floating point     -1.12398255667392033      1746.846              0.073
N2 floating point     -1.12187079889294417      2223.701              0.401
N3 if then else        1.00000000000000000                5380.770    0.128
N4 fixed point        12.00000000000000000                   0.000   -0.000
N5 sin,cos etc.        0.49902937281518261                 146.825    3.764
N6 floating point      0.99999987890802811      1073.287              3.338
N7 assignments         3.00000000000000000                2687.950    0.457
N8 exp,sqrt etc.       0.75100163018453958                 149.499    1.653

MWIPS                                           6768.290              9.813

Calibrate
       0.00 Seconds          1   Passes (x 100)
       0.01 Seconds          5   Passes (x 100)
       0.04 Seconds         25   Passes (x 100)
       0.19 Seconds        125   Passes (x 100)
       0.94 Seconds        625   Passes (x 100)

Use 6642  passes (x 100)

          Double Precision C/C++ Whetstone Benchmark

Loop content                  Result              MFLOPS      MOPS   Seconds

N1 floating point     -1.12398255667392033      1745.651              0.073
N2 floating point     -1.12187079889294417      2223.801              0.401
N3 if then else        1.00000000000000000                5380.639    0.128
N4 fixed point        12.00000000000000000                   0.000   -0.000
N5 sin,cos etc.        0.49902937281518261                 146.800    3.764
N6 floating point      0.99999987890802811      1072.991              3.339
N7 assignments         3.00000000000000000                2688.651    0.457
N8 exp,sqrt etc.       0.75100163018453958                 149.456    1.653

MWIPS                                           6766.942              9.815


# COUNT0: 6768.290
# COUNT1: 0
# COUNT2: MWIPS
# TIME: 9.813
# elapsed: 11.738855
# pid: 720846
# status: 0

# COUNT0: 6766.942
# COUNT1: 0
# COUNT2: MWIPS
# TIME: 9.815
# elapsed: 11.738718
# pid: 720848
# status: 0

#### Pass 4

Calibrate
       0.00 Seconds          1   Passes (x 100)
       0.01 Seconds          5   Passes (x 100)
       0.04 Seconds         25   Passes (x 100)
       0.19 Seconds        125   Passes (x 100)
       0.94 Seconds        625   Passes (x 100)

Use 6647  passes (x 100)

          Double Precision C/C++ Whetstone Benchmark

Loop content                  Result              MFLOPS      MOPS   Seconds

N1 floating point     -1.12398255667392033      1747.266              0.073
N2 floating point     -1.12187079889294417      2223.509              0.402
N3 if then else        1.00000000000000000                5379.768    0.128
N4 fixed point        12.00000000000000000               49395107324.801    0.000
N5 sin,cos etc.        0.49902937281518261                 146.803    3.767
N6 floating point      0.99999987890802811      1073.179              3.341
N7 assignments         3.00000000000000000                2688.590    0.457
N8 exp,sqrt etc.       0.75100163018453958                 149.552    1.653

MWIPS                                           6768.111              9.821

Calibrate
       0.00 Seconds          1   Passes (x 100)
       0.01 Seconds          5   Passes (x 100)
       0.04 Seconds         25   Passes (x 100)
       0.19 Seconds        125   Passes (x 100)
       0.94 Seconds        625   Passes (x 100)

Use 6651  passes (x 100)

          Double Precision C/C++ Whetstone Benchmark

Loop content                  Result              MFLOPS      MOPS   Seconds

N1 floating point     -1.12398255667392033      1747.298              0.073
N2 floating point     -1.12187079889294417      2223.414              0.402
N3 if then else        1.00000000000000000                5381.021    0.128
N4 fixed point        12.00000000000000000               144833520291.035    0.000
N5 sin,cos etc.        0.49902937281518261                 146.857    3.768
N6 floating point      0.99999987890802811      1073.563              3.342
N7 assignments         3.00000000000000000                2688.719    0.457
N8 exp,sqrt etc.       0.75100163018453958                 149.618    1.654

MWIPS                                           6770.429              9.824


# COUNT0: 6770.429
# COUNT1: 0
# COUNT2: MWIPS
# TIME: 9.824
# elapsed: 11.746325
# pid: 720858
# status: 0

# COUNT0: 6768.111
# COUNT1: 0
# COUNT2: MWIPS
# TIME: 9.821
# elapsed: 11.743593
# pid: 720860
# status: 0

#### Pass 5

Calibrate
       0.00 Seconds          1   Passes (x 100)
       0.01 Seconds          5   Passes (x 100)
       0.04 Seconds         25   Passes (x 100)
       0.19 Seconds        125   Passes (x 100)
       0.94 Seconds        625   Passes (x 100)

Use 6650  passes (x 100)

          Double Precision C/C++ Whetstone Benchmark

Loop content                  Result              MFLOPS      MOPS   Seconds

N1 floating point     -1.12398255667392033      1746.694              0.073
N2 floating point     -1.12187079889294417      2222.836              0.402
N3 if then else        1.00000000000000000                5374.205    0.128
N4 fixed point        12.00000000000000000               2253657274.072    0.000
N5 sin,cos etc.        0.49902937281518261                 146.828    3.768
N6 floating point      0.99999987890802811      1073.325              3.342
N7 assignments         3.00000000000000000                2687.839    0.457
N8 exp,sqrt etc.       0.75100163018453958                 150.067    1.648

MWIPS                                           6772.517              9.819

Calibrate
       0.00 Seconds          1   Passes (x 100)
       0.01 Seconds          5   Passes (x 100)
       0.04 Seconds         25   Passes (x 100)
       0.19 Seconds        125   Passes (x 100)
       0.94 Seconds        625   Passes (x 100)

Use 6656  passes (x 100)

          Double Precision C/C++ Whetstone Benchmark

Loop content                  Result              MFLOPS      MOPS   Seconds

N1 floating point     -1.12398255667392033      1746.605              0.073
N2 floating point     -1.12187079889294417      2223.017              0.402
N3 if then else        1.00000000000000000                5376.961    0.128
N4 fixed point        12.00000000000000000               34856772941.441    0.000
N5 sin,cos etc.        0.49902937281518261                 146.866    3.771
N6 floating point      0.99999987890802811      1073.719              3.344
N7 assignments         3.00000000000000000                2689.434    0.457
N8 exp,sqrt etc.       0.75100163018453958                 150.139    1.649

MWIPS                                           6774.820              9.825


# COUNT0: 6772.517
# COUNT1: 0
# COUNT2: MWIPS
# TIME: 9.819
# elapsed: 11.740661
# pid: 720870
# status: 0

# COUNT0: 6774.820
# COUNT1: 0
# COUNT2: MWIPS
# TIME: 9.825
# elapsed: 11.744865
# pid: 720872
# status: 0

#### Pass 6

Calibrate
       0.00 Seconds          1   Passes (x 100)
       0.01 Seconds          5   Passes (x 100)
       0.04 Seconds         25   Passes (x 100)
       0.19 Seconds        125   Passes (x 100)
       0.94 Seconds        625   Passes (x 100)

Use 6657  passes (x 100)

          Double Precision C/C++ Whetstone Benchmark

Loop content                  Result              MFLOPS      MOPS   Seconds

N1 floating point     -1.12398255667392033      1746.826              0.073
N2 floating point     -1.12187079889294417      2222.588              0.403
N3 if then else        1.00000000000000000                5382.855    0.128
N4 fixed point        12.00000000000000000               44983974912.429    0.000
N5 sin,cos etc.        0.49902937281518261                 146.901    3.770
N6 floating point      0.99999987890802811      1073.598              3.345
N7 assignments         3.00000000000000000                2690.044    0.457
N8 exp,sqrt etc.       0.75100163018453958                 149.320    1.658

MWIPS                                           6769.070              9.834

Calibrate
       0.00 Seconds          1   Passes (x 100)
       0.01 Seconds          5   Passes (x 100)
       0.04 Seconds         25   Passes (x 100)
       0.19 Seconds        125   Passes (x 100)
       0.94 Seconds        625   Passes (x 100)

Use 6655  passes (x 100)

          Double Precision C/C++ Whetstone Benchmark

Loop content                  Result              MFLOPS      MOPS   Seconds

N1 floating point     -1.12398255667392033      1746.793              0.073
N2 floating point     -1.12187079889294417      2219.963              0.403
N3 if then else        1.00000000000000000                5382.709    0.128
N4 fixed point        12.00000000000000000               43325371966.381    0.000
N5 sin,cos etc.        0.49902937281518261                 146.833    3.771
N6 floating point      0.99999987890802811      1073.386              3.344
N7 assignments         3.00000000000000000                2689.448    0.457
N8 exp,sqrt etc.       0.75100163018453958                 149.257    1.659

MWIPS                                           6766.536              9.835


# COUNT0: 6766.536
# COUNT1: 0
# COUNT2: MWIPS
# TIME: 9.835
# elapsed: 11.757470
# pid: 720882
# status: 0

# COUNT0: 6769.070
# COUNT1: 0
# COUNT2: MWIPS
# TIME: 9.834
# elapsed: 11.755779
# pid: 720884
# status: 0

#### Pass 7

Calibrate
       0.00 Seconds          1   Passes (x 100)
       0.01 Seconds          5   Passes (x 100)
       0.04 Seconds         25   Passes (x 100)
       0.19 Seconds        125   Passes (x 100)
       0.94 Seconds        625   Passes (x 100)

Use 6639  passes (x 100)

          Double Precision C/C++ Whetstone Benchmark

Loop content                  Result              MFLOPS      MOPS   Seconds

N1 floating point     -1.12398255667392033      1746.564              0.073
N2 floating point     -1.12187079889294417      2223.173              0.401
N3 if then else        1.00000000000000000                5378.003    0.128
N4 fixed point        12.00000000000000000               36803021794.667    0.000
N5 sin,cos etc.        0.49902937281518261                 146.898    3.760
N6 floating point      0.99999987890802811      1073.380              3.336
N7 assignments         3.00000000000000000                2687.919    0.456
N8 exp,sqrt etc.       0.75100163018453958                 149.668    1.650

MWIPS                                           6770.946              9.805

Calibrate
       0.00 Seconds          1   Passes (x 100)
       0.01 Seconds          5   Passes (x 100)
       0.04 Seconds         25   Passes (x 100)
       0.19 Seconds        125   Passes (x 100)
       0.94 Seconds        625   Passes (x 100)

Use 6639  passes (x 100)

          Double Precision C/C++ Whetstone Benchmark

Loop content                  Result              MFLOPS      MOPS   Seconds

N1 floating point     -1.12398255667392033      1745.204              0.073
N2 floating point     -1.12187079889294417      2223.311              0.401
N3 if then else        1.00000000000000000                5378.969    0.128
N4 fixed point        12.00000000000000000                   0.000   -0.000
N5 sin,cos etc.        0.49902937281518261                 146.845    3.762
N6 floating point      0.99999987890802811      1073.402              3.336
N7 assignments         3.00000000000000000                2685.730    0.457
N8 exp,sqrt etc.       0.75100163018453958                 149.662    1.650

MWIPS                                           6769.744              9.807


# COUNT0: 6770.946
# COUNT1: 0
# COUNT2: MWIPS
# TIME: 9.805
# elapsed: 11.729222
# pid: 720894
# status: 0

# COUNT0: 6769.744
# COUNT1: 0
# COUNT2: MWIPS
# TIME: 9.807
# elapsed: 11.732418
# pid: 720896
# status: 0

#### Pass 8

Calibrate
       0.00 Seconds          1   Passes (x 100)
       0.01 Seconds          5   Passes (x 100)
       0.04 Seconds         25   Passes (x 100)
       0.19 Seconds        125   Passes (x 100)
       0.94 Seconds        625   Passes (x 100)

Use 6639  passes (x 100)

          Double Precision C/C++ Whetstone Benchmark

Loop content                  Result              MFLOPS      MOPS   Seconds

N1 floating point     -1.12398255667392033      1746.801              0.073
N2 floating point     -1.12187079889294417      2223.351              0.401
N3 if then else        1.00000000000000000                5380.189    0.128
N4 fixed point        12.00000000000000000                   0.000   -0.000
N5 sin,cos etc.        0.49902937281518261                 146.870    3.761
N6 floating point      0.99999987890802811      1073.321              3.336
N7 assignments         3.00000000000000000                2688.732    0.456
N8 exp,sqrt etc.       0.75100163018453958                 149.998    1.646

MWIPS                                           6772.985              9.802

Calibrate
       0.00 Seconds          1   Passes (x 100)
       0.01 Seconds          5   Passes (x 100)
       0.04 Seconds         25   Passes (x 100)
       0.19 Seconds        125   Passes (x 100)
       0.94 Seconds        625   Passes (x 100)

Use 6639  passes (x 100)

          Double Precision C/C++ Whetstone Benchmark

Loop content                  Result              MFLOPS      MOPS   Seconds

N1 floating point     -1.12398255667392033      1745.634              0.073
N2 floating point     -1.12187079889294417      2223.296              0.401
N3 if then else        1.00000000000000000                5380.107    0.128
N4 fixed point        12.00000000000000000                   0.000   -0.000
N5 sin,cos etc.        0.49902937281518261                 146.794    3.763
N6 floating point      0.99999987890802811      1073.003              3.337
N7 assignments         3.00000000000000000                2689.917    0.456
N8 exp,sqrt etc.       0.75100163018453958                 149.943    1.647

MWIPS                                           6770.651              9.806


# COUNT0: 6772.985
# COUNT1: 0
# COUNT2: MWIPS
# TIME: 9.802
# elapsed: 11.725055
# pid: 720906
# status: 0

# COUNT0: 6770.651
# COUNT1: 0
# COUNT2: MWIPS
# TIME: 9.806
# elapsed: 11.728099
# pid: 720908
# status: 0

#### Pass 9

Calibrate
       0.00 Seconds          1   Passes (x 100)
       0.01 Seconds          5   Passes (x 100)
       0.04 Seconds         25   Passes (x 100)
       0.19 Seconds        125   Passes (x 100)
       0.94 Seconds        625   Passes (x 100)

Use 6647  passes (x 100)

          Double Precision C/C++ Whetstone Benchmark

Loop content                  Result              MFLOPS      MOPS   Seconds

N1 floating point     -1.12398255667392033      1746.742              0.073
N2 floating point     -1.12187079889294417      2223.226              0.402
N3 if then else        1.00000000000000000                5378.045    0.128
N4 fixed point        12.00000000000000000                   0.000   -0.000
N5 sin,cos etc.        0.49902937281518261                 146.935    3.764
N6 floating point      0.99999987890802811      1072.832              3.342
N7 assignments         3.00000000000000000                2687.484    0.457
N8 exp,sqrt etc.       0.75100163018453958                 150.050    1.648

MWIPS                                           6773.288              9.814

Calibrate
       0.00 Seconds          1   Passes (x 100)
       0.01 Seconds          5   Passes (x 100)
       0.04 Seconds         25   Passes (x 100)
       0.19 Seconds        125   Passes (x 100)
       0.94 Seconds        625   Passes (x 100)

Use 6652  passes (x 100)

          Double Precision C/C++ Whetstone Benchmark

Loop content                  Result              MFLOPS      MOPS   Seconds

N1 floating point     -1.12398255667392033      1746.789              0.073
N2 floating point     -1.12187079889294417      2223.162              0.402
N3 if then else        1.00000000000000000                5378.299    0.128
N4 fixed point        12.00000000000000000               127268601848.202    0.000
N5 sin,cos etc.        0.49902937281518261                 146.973    3.766
N6 floating point      0.99999987890802811      1073.189              3.343
N7 assignments         3.00000000000000000                2688.729    0.457
N8 exp,sqrt etc.       0.75100163018453958                 150.113    1.648

MWIPS                                           6775.356              9.818


# COUNT0: 6773.288
# COUNT1: 0
# COUNT2: MWIPS
# TIME: 9.814
# elapsed: 11.736447
# pid: 720918
# status: 0

# COUNT0: 6775.356
# COUNT1: 0
# COUNT2: MWIPS
# TIME: 9.818
# elapsed: 11.739403
# pid: 720920
# status: 0

#### Pass 10

Calibrate
       0.00 Seconds          1   Passes (x 100)
       0.01 Seconds          5   Passes (x 100)
       0.04 Seconds         25   Passes (x 100)
       0.19 Seconds        125   Passes (x 100)
       0.94 Seconds        625   Passes (x 100)

Use 6647  passes (x 100)

          Double Precision C/C++ Whetstone Benchmark

Loop content                  Result              MFLOPS      MOPS   Seconds

N1 floating point     -1.12398255667392033      1746.716              0.073
N2 floating point     -1.12187079889294417      2223.331              0.402
N3 if then else        1.00000000000000000                5350.814    0.129
N4 fixed point        12.00000000000000000               89921106257.461    0.000
N5 sin,cos etc.        0.49902937281518261                 146.770    3.768
N6 floating point      0.99999987890802811      1073.098              3.341
N7 assignments         3.00000000000000000                2686.843    0.457
N8 exp,sqrt etc.       0.75100163018453958                 150.073    1.648

MWIPS                                           6770.604              9.817

Calibrate
       0.00 Seconds          1   Passes (x 100)
       0.01 Seconds          5   Passes (x 100)
       0.04 Seconds         25   Passes (x 100)
       0.19 Seconds        125   Passes (x 100)
       0.94 Seconds        625   Passes (x 100)

Use 6652  passes (x 100)

          Double Precision C/C++ Whetstone Benchmark

Loop content                  Result              MFLOPS      MOPS   Seconds

N1 floating point     -1.12398255667392033      1746.873              0.073
N2 floating point     -1.12187079889294417      2223.272              0.402
N3 if then else        1.00000000000000000                5368.617    0.128
N4 fixed point        12.00000000000000000               141133423744.912    0.000
N5 sin,cos etc.        0.49902937281518261                 146.786    3.770
N6 floating point      0.99999987890802811      1073.426              3.343
N7 assignments         3.00000000000000000                2688.465    0.457
N8 exp,sqrt etc.       0.75100163018453958                 150.138    1.648

MWIPS                                           6772.559              9.822


# COUNT0: 6770.604
# COUNT1: 0
# COUNT2: MWIPS
# TIME: 9.817
# elapsed: 11.740540
# pid: 720930
# status: 0

# COUNT0: 6772.559
# COUNT1: 0
# COUNT2: MWIPS
# TIME: 9.822
# elapsed: 11.743702
# pid: 720932
# status: 0

*Dump score:      13535.2
*Dump score:      13535.6
*Dump score:      13538.5
Count score:      13540.7
Count score:      13541.8
Count score:      13543.2
Count score:      13543.6
Count score:      13543.6
Count score:      13547.3
Count score:      13548.6

>>>> Sum of 2 copies
>>>> score: 13544.1178816469
>>>> time: 9.81378571428571
>>>> iterations: 7


########################################################
Execl Throughput -- 2 copies
==> "/mnt/host0/unixbench/UnixBench/pgms/execl" 30 2>&1 >> "/mnt/host0/unixbench/UnixBench/results/uarf-2025-06-02-02.log"

#### Pass 1


# COUNT0: 27882
# COUNT1: 1
# COUNT2: lps
# elapsed: 29.083776
# pid: 720942
# status: 0

# COUNT0: 27867
# COUNT1: 1
# COUNT2: lps
# elapsed: 29.084134
# pid: 720944
# status: 0

#### Pass 2


# COUNT0: 28692
# COUNT1: 1
# COUNT2: lps
# elapsed: 29.978286
# pid: 720954
# status: 0

# COUNT0: 28662
# COUNT1: 1
# COUNT2: lps
# elapsed: 29.978519
# pid: 720956
# status: 0

#### Pass 3


# COUNT0: 28608
# COUNT1: 1
# COUNT2: lps
# elapsed: 29.978263
# pid: 720966
# status: 0

# COUNT0: 28608
# COUNT1: 1
# COUNT2: lps
# elapsed: 29.978224
# pid: 720968
# status: 0

*Dump score:      55749.0
Count score:      57216.0
Count score:      57354.0

>>>> Sum of 2 copies
>>>> score: 1910.87935255102
>>>> time: 29.978323
>>>> iterations: 2


########################################################
File Copy 1024 bufsize 2000 maxblocks -- 2 copies
==> "/mnt/host0/unixbench/UnixBench/pgms/fstime" -c -t 30 -d "/mnt/host0/unixbench/UnixBench/tmp" -b 1024 -m 2000 2>&1 >> "/mnt/host0/unixbench/UnixBench/results/uarf-2025-06-02-02.log"

#### Pass 1

Write done: 144000 in 2.0765, score 17337
Read done: 141368 in 2.0001, score 17670
Copy done: 1041232 in 30.0001, score 8676
Write done: 144000 in 2.0779, score 17324
Read done: 141492 in 2.0001, score 17686
Copy done: 1041236 in 30.0006, score 8676

# COUNT0: 8676
# COUNT1: 0
# COUNT2: KBps
# TIME: 30.0
# elapsed: 45.095033
# pid: 720979
# status: 0

# COUNT0: 8676
# COUNT1: 0
# COUNT2: KBps
# TIME: 30.0
# elapsed: 45.096168
# pid: 720981
# status: 0

#### Pass 2

Write done: 144000 in 2.0800, score 17307
Read done: 146504 in 2.0001, score 18312
Copy done: 1033192 in 30.0000, score 8609
Write done: 144000 in 2.0821, score 17290
Read done: 146540 in 2.0000, score 18317
Copy done: 1032648 in 30.0006, score 8605

# COUNT0: 8605
# COUNT1: 0
# COUNT2: KBps
# TIME: 30.0
# elapsed: 45.102445
# pid: 720991
# status: 0

# COUNT0: 8609
# COUNT1: 0
# COUNT2: KBps
# TIME: 30.0
# elapsed: 45.098804
# pid: 720993
# status: 0

#### Pass 3

Write done: 144000 in 2.0484, score 17574
Read done: 144296 in 2.0000, score 18036
Copy done: 1056120 in 30.0001, score 8800
Write done: 144000 in 2.0533, score 17533
Read done: 144472 in 2.0000, score 18058
Copy done: 1055844 in 30.0001, score 8798

# COUNT0: 8798
# COUNT1: 0
# COUNT2: KBps
# TIME: 30.0
# elapsed: 45.071362
# pid: 721003
# status: 0

# COUNT0: 8800
# COUNT1: 0
# COUNT2: KBps
# TIME: 30.0
# elapsed: 45.065924
# pid: 721005
# status: 0

*Dump score:      17214.0
Count score:      17352.0
Count score:      17598.0

>>>> Sum of 2 copies
>>>> score: 17474.567119102
>>>> time: 30
>>>> iterations: 2


########################################################
File Copy 256 bufsize 500 maxblocks -- 2 copies
==> "/mnt/host0/unixbench/UnixBench/pgms/fstime" -c -t 30 -d "/mnt/host0/unixbench/UnixBench/tmp" -b 256 -m 500 2>&1 >> "/mnt/host0/unixbench/UnixBench/results/uarf-2025-06-02-02.log"

#### Pass 1

Write done: 38000 in 2.0877, score 4550
Read done: 36012 in 2.0001, score 4501
Copy done: 269222 in 30.0001, score 2243
Write done: 38000 in 2.0898, score 4545
Read done: 36031 in 2.0001, score 4503
Copy done: 269222 in 30.0001, score 2243

# COUNT0: 2243
# COUNT1: 0
# COUNT2: KBps
# TIME: 30.0
# elapsed: 45.105196
# pid: 721015
# status: 0

# COUNT0: 2243
# COUNT1: 0
# COUNT2: KBps
# TIME: 30.0
# elapsed: 45.102544
# pid: 721017
# status: 0

#### Pass 2

Write done: 36000 in 2.0422, score 4406
Read done: 37632 in 2.0000, score 4703
Copy done: 263599 in 30.0001, score 2196
Write done: 36000 in 2.0434, score 4404
Read done: 37597 in 2.0001, score 4699
Copy done: 263585 in 30.0002, score 2196

# COUNT0: 2196
# COUNT1: 0
# COUNT2: KBps
# TIME: 30.0
# elapsed: 45.063450
# pid: 721027
# status: 0

# COUNT0: 2196
# COUNT1: 0
# COUNT2: KBps
# TIME: 30.0
# elapsed: 45.063586
# pid: 721029
# status: 0

#### Pass 3

Write done: 36000 in 2.0570, score 4375
Read done: 35559 in 2.0001, score 4444
Copy done: 261318 in 30.0001, score 2177
Write done: 36000 in 2.0588, score 4371
Read done: 35587 in 2.0000, score 4448
Copy done: 261336 in 30.0001, score 2177

# COUNT0: 2177
# COUNT1: 0
# COUNT2: KBps
# TIME: 30.0
# elapsed: 45.074271
# pid: 721039
# status: 0

# COUNT0: 2177
# COUNT1: 0
# COUNT2: KBps
# TIME: 30.0
# elapsed: 45.074784
# pid: 721041
# status: 0

*Dump score:       4354.0
Count score:       4392.0
Count score:       4486.0

>>>> Sum of 2 copies
>>>> score: 4438.75117572499
>>>> time: 30
>>>> iterations: 2


########################################################
File Copy 4096 bufsize 8000 maxblocks -- 2 copies
==> "/mnt/host0/unixbench/UnixBench/pgms/fstime" -c -t 30 -d "/mnt/host0/unixbench/UnixBench/tmp" -b 4096 -m 8000 2>&1 >> "/mnt/host0/unixbench/UnixBench/results/uarf-2025-06-02-02.log"

#### Pass 1

Write done: 544000 in 2.0451, score 66500
Read done: 568256 in 2.0001, score 71029
Copy done: 4064384 in 30.0000, score 33869
Write done: 544000 in 2.0531, score 66241
Read done: 570720 in 2.0000, score 71338
Copy done: 4063632 in 30.0000, score 33863

# COUNT0: 33863
# COUNT1: 0
# COUNT2: KBps
# TIME: 30.0
# elapsed: 45.072755
# pid: 721051
# status: 0

# COUNT0: 33869
# COUNT1: 0
# COUNT2: KBps
# TIME: 30.0
# elapsed: 45.066196
# pid: 721053
# status: 0

#### Pass 2

Write done: 544000 in 2.0738, score 65580
Read done: 575856 in 2.0001, score 71979
Copy done: 4020448 in 30.0001, score 33503
Write done: 544000 in 2.0788, score 65421
Read done: 576768 in 2.0000, score 72095
Copy done: 4017440 in 30.0001, score 33478

# COUNT0: 33503
# COUNT1: 0
# COUNT2: KBps
# TIME: 30.0
# elapsed: 45.097194
# pid: 721064
# status: 0

# COUNT0: 33478
# COUNT1: 0
# COUNT2: KBps
# TIME: 30.0
# elapsed: 45.098449
# pid: 721066
# status: 0

#### Pass 3

Write done: 576000 in 2.0839, score 69100
Read done: 561824 in 2.0001, score 70225
Copy done: 4073104 in 30.0001, score 33942
Write done: 576000 in 2.0867, score 69007
Read done: 562448 in 2.0000, score 70304
Copy done: 4073216 in 30.0002, score 33943

# COUNT0: 33943
# COUNT1: 0
# COUNT2: KBps
# TIME: 30.0
# elapsed: 45.108777
# pid: 721076
# status: 0

# COUNT0: 33942
# COUNT1: 0
# COUNT2: KBps
# TIME: 30.0
# elapsed: 45.104684
# pid: 721078
# status: 0

*Dump score:      66981.0
Count score:      67732.0
Count score:      67885.0

>>>> Sum of 2 copies
>>>> score: 67808.4568472104
>>>> time: 30
>>>> iterations: 2


########################################################
Pipe Throughput -- 2 copies
==> "/mnt/host0/unixbench/UnixBench/pgms/pipe" 10 2>&1 >> "/mnt/host0/unixbench/UnixBench/results/uarf-2025-06-02-02.log"

#### Pass 1


# COUNT0: 16777903
# COUNT1: 1
# COUNT2: lps
# elapsed: 10.008360
# pid: 721088
# status: 0

# COUNT0: 16846026
# COUNT1: 1
# COUNT2: lps
# elapsed: 10.007706
# pid: 721090
# status: 0

#### Pass 2


# COUNT0: 16941275
# COUNT1: 1
# COUNT2: lps
# elapsed: 10.008744
# pid: 721100
# status: 0

# COUNT0: 16957186
# COUNT1: 1
# COUNT2: lps
# elapsed: 10.007845
# pid: 721102
# status: 0

#### Pass 3


# COUNT0: 16945657
# COUNT1: 1
# COUNT2: lps
# elapsed: 10.008527
# pid: 721112
# status: 0

# COUNT0: 17055652
# COUNT1: 1
# COUNT2: lps
# elapsed: 10.007531
# pid: 721114
# status: 0

#### Pass 4


# COUNT0: 17217979
# COUNT1: 1
# COUNT2: lps
# elapsed: 10.008091
# pid: 721124
# status: 0

# COUNT0: 17237563
# COUNT1: 1
# COUNT2: lps
# elapsed: 10.007315
# pid: 721126
# status: 0

#### Pass 5


# COUNT0: 17128442
# COUNT1: 1
# COUNT2: lps
# elapsed: 10.008669
# pid: 721136
# status: 0

# COUNT0: 17125835
# COUNT1: 1
# COUNT2: lps
# elapsed: 10.007866
# pid: 721138
# status: 0

#### Pass 6


# COUNT0: 17044440
# COUNT1: 1
# COUNT2: lps
# elapsed: 10.012458
# pid: 721148
# status: 0

# COUNT0: 16999956
# COUNT1: 1
# COUNT2: lps
# elapsed: 10.010453
# pid: 721150
# status: 0

#### Pass 7


# COUNT0: 17034352
# COUNT1: 1
# COUNT2: lps
# elapsed: 10.008341
# pid: 721160
# status: 0

# COUNT0: 17039759
# COUNT1: 1
# COUNT2: lps
# elapsed: 10.008351
# pid: 721162
# status: 0

#### Pass 8


# COUNT0: 17162526
# COUNT1: 1
# COUNT2: lps
# elapsed: 10.008194
# pid: 721172
# status: 0

# COUNT0: 17103067
# COUNT1: 1
# COUNT2: lps
# elapsed: 10.008023
# pid: 721174
# status: 0

#### Pass 9


# COUNT0: 16888123
# COUNT1: 1
# COUNT2: lps
# elapsed: 10.006254
# pid: 721184
# status: 0

# COUNT0: 16857871
# COUNT1: 1
# COUNT2: lps
# elapsed: 10.005644
# pid: 721186
# status: 0

#### Pass 10


# COUNT0: 17095162
# COUNT1: 1
# COUNT2: lps
# elapsed: 10.008207
# pid: 721196
# status: 0

# COUNT0: 17110692
# COUNT1: 1
# COUNT2: lps
# elapsed: 10.007799
# pid: 721198
# status: 0

*Dump score:   33623929.0
*Dump score:   33745994.0
*Dump score:   33898461.0
Count score:   34001309.0
Count score:   34044396.0
Count score:   34074111.0
Count score:   34205854.0
Count score:   34254277.0
Count score:   34265593.0
Count score:   34455542.0

>>>> Sum of 2 copies
>>>> score: 3415632.04229055
>>>> time: 10.0085589285714
>>>> iterations: 7


########################################################
Pipe-based Context Switching -- 2 copies
==> "/mnt/host0/unixbench/UnixBench/pgms/context1" 10 2>&1 >> "/mnt/host0/unixbench/UnixBench/results/uarf-2025-06-02-02.log"

#### Pass 1


# COUNT0: 2540780
# COUNT1: 1
# COUNT2: lps
# elapsed: 10.008375
# pid: 721208
# status: 0

# COUNT0: 2552466
# COUNT1: 1
# COUNT2: lps
# elapsed: 10.007353
# pid: 721210
# status: 0

#### Pass 2


# COUNT0: 2543243
# COUNT1: 1
# COUNT2: lps
# elapsed: 10.008317
# pid: 721222
# status: 0

# COUNT0: 2536328
# COUNT1: 1
# COUNT2: lps
# elapsed: 10.008636
# pid: 721224
# status: 0

#### Pass 3


# COUNT0: 2505386
# COUNT1: 1
# COUNT2: lps
# elapsed: 10.008721
# pid: 721236
# status: 0

# COUNT0: 2508509
# COUNT1: 1
# COUNT2: lps
# elapsed: 10.007802
# pid: 721238
# status: 0

#### Pass 4


# COUNT0: 2521130
# COUNT1: 1
# COUNT2: lps
# elapsed: 10.008525
# pid: 721250
# status: 0

# COUNT0: 2507548
# COUNT1: 1
# COUNT2: lps
# elapsed: 10.007271
# pid: 721252
# status: 0

#### Pass 5


# COUNT0: 2544660
# COUNT1: 1
# COUNT2: lps
# elapsed: 10.008386
# pid: 721264
# status: 0

# COUNT0: 2530791
# COUNT1: 1
# COUNT2: lps
# elapsed: 10.007867
# pid: 721266
# status: 0

#### Pass 6


# COUNT0: 2520070
# COUNT1: 1
# COUNT2: lps
# elapsed: 10.008431
# pid: 721278
# status: 0

# COUNT0: 2511080
# COUNT1: 1
# COUNT2: lps
# elapsed: 10.007648
# pid: 721280
# status: 0

#### Pass 7


# COUNT0: 2523138
# COUNT1: 1
# COUNT2: lps
# elapsed: 10.008470
# pid: 721293
# status: 0

# COUNT0: 2511837
# COUNT1: 1
# COUNT2: lps
# elapsed: 10.007190
# pid: 721295
# status: 0

#### Pass 8


# COUNT0: 2528743
# COUNT1: 1
# COUNT2: lps
# elapsed: 10.008358
# pid: 721307
# status: 0

# COUNT0: 2536879
# COUNT1: 1
# COUNT2: lps
# elapsed: 10.007349
# pid: 721309
# status: 0

#### Pass 9


# COUNT0: 2510113
# COUNT1: 1
# COUNT2: lps
# elapsed: 10.008380
# pid: 721321
# status: 0

# COUNT0: 2537075
# COUNT1: 1
# COUNT2: lps
# elapsed: 10.007626
# pid: 721323
# status: 0

#### Pass 10


# COUNT0: 2554363
# COUNT1: 1
# COUNT2: lps
# elapsed: 10.007595
# pid: 721335
# status: 0

# COUNT0: 2529114
# COUNT1: 1
# COUNT2: lps
# elapsed: 10.006989
# pid: 721337
# status: 0

*Dump score:    5013895.0
*Dump score:    5028678.0
*Dump score:    5031150.0
Count score:    5034975.0
Count score:    5047188.0
Count score:    5065622.0
Count score:    5075451.0
Count score:    5079571.0
Count score:    5083477.0
Count score:    5093246.0

>>>> Sum of 2 copies
>>>> score: 506445.623456048
>>>> time: 10.0079207857143
>>>> iterations: 7


########################################################
Process Creation -- 2 copies
==> "/mnt/host0/unixbench/UnixBench/pgms/spawn" 30 2>&1 >> "/mnt/host0/unixbench/UnixBench/results/uarf-2025-06-02-02.log"

#### Pass 1


# COUNT0: 369912
# COUNT1: 1
# COUNT2: lps
# elapsed: 30.009364
# pid: 721349
# status: 0

# COUNT0: 369736
# COUNT1: 1
# COUNT2: lps
# elapsed: 30.007383
# pid: 721351
# status: 0

#### Pass 2


# COUNT0: 372778
# COUNT1: 1
# COUNT2: lps
# elapsed: 30.007558
# pid: 1461012
# status: 0

# COUNT0: 372500
# COUNT1: 1
# COUNT2: lps
# elapsed: 30.006852
# pid: 1461014
# status: 0

#### Pass 3


# COUNT0: 369531
# COUNT1: 1
# COUNT2: lps
# elapsed: 30.008326
# pid: 2206304
# status: 0

# COUNT0: 369584
# COUNT1: 1
# COUNT2: lps
# elapsed: 30.007374
# pid: 2206306
# status: 0

*Dump score:     739115.0
Count score:     739648.0
Count score:     745278.0

>>>> Sum of 2 copies
>>>> score: 24742.1646923614
>>>> time: 30.00778925
>>>> iterations: 2


########################################################
System Call Overhead -- 2 copies
==> "/mnt/host0/unixbench/UnixBench/pgms/syscall" 10 2>&1 >> "/mnt/host0/unixbench/UnixBench/results/uarf-2025-06-02-02.log"

#### Pass 1


# COUNT0: 20736037
# COUNT1: 1
# COUNT2: lps
# elapsed: 10.006906
# pid: 2945433
# status: 0

# COUNT0: 20733772
# COUNT1: 1
# COUNT2: lps
# elapsed: 10.006022
# pid: 2945435
# status: 0

#### Pass 2


# COUNT0: 20741632
# COUNT1: 1
# COUNT2: lps
# elapsed: 10.009337
# pid: 2945445
# status: 0

# COUNT0: 20718952
# COUNT1: 1
# COUNT2: lps
# elapsed: 10.007470
# pid: 2945447
# status: 0

#### Pass 3


# COUNT0: 20709685
# COUNT1: 1
# COUNT2: lps
# elapsed: 10.008052
# pid: 2945457
# status: 0

# COUNT0: 21061964
# COUNT1: 1
# COUNT2: lps
# elapsed: 10.007217
# pid: 2945459
# status: 0

#### Pass 4


# COUNT0: 20718572
# COUNT1: 1
# COUNT2: lps
# elapsed: 10.008081
# pid: 2945469
# status: 0

# COUNT0: 20733387
# COUNT1: 1
# COUNT2: lps
# elapsed: 10.008912
# pid: 2945471
# status: 0

#### Pass 5


# COUNT0: 22275369
# COUNT1: 1
# COUNT2: lps
# elapsed: 10.008143
# pid: 2945481
# status: 0

# COUNT0: 22281251
# COUNT1: 1
# COUNT2: lps
# elapsed: 10.007326
# pid: 2945483
# status: 0

#### Pass 6


# COUNT0: 20748464
# COUNT1: 1
# COUNT2: lps
# elapsed: 10.008449
# pid: 2945493
# status: 0

# COUNT0: 20722071
# COUNT1: 1
# COUNT2: lps
# elapsed: 10.007603
# pid: 2945495
# status: 0

#### Pass 7


# COUNT0: 20998219
# COUNT1: 1
# COUNT2: lps
# elapsed: 10.008518
# pid: 2945505
# status: 0

# COUNT0: 20983707
# COUNT1: 1
# COUNT2: lps
# elapsed: 10.007409
# pid: 2945507
# status: 0

#### Pass 8


# COUNT0: 20728252
# COUNT1: 1
# COUNT2: lps
# elapsed: 10.008434
# pid: 2945517
# status: 0

# COUNT0: 20772162
# COUNT1: 1
# COUNT2: lps
# elapsed: 10.008009
# pid: 2945519
# status: 0

#### Pass 9


# COUNT0: 20740285
# COUNT1: 1
# COUNT2: lps
# elapsed: 10.008005
# pid: 2945529
# status: 0

# COUNT0: 20731499
# COUNT1: 1
# COUNT2: lps
# elapsed: 10.007733
# pid: 2945531
# status: 0

#### Pass 10


# COUNT0: 21111148
# COUNT1: 1
# COUNT2: lps
# elapsed: 10.008078
# pid: 2945541
# status: 0

# COUNT0: 20634030
# COUNT1: 1
# COUNT2: lps
# elapsed: 10.007654
# pid: 2945543
# status: 0

*Dump score:   41451959.0
*Dump score:   41460584.0
*Dump score:   41469809.0
Count score:   41470535.0
Count score:   41471784.0
Count score:   41500414.0
Count score:   41745178.0
Count score:   41771649.0
Count score:   41981926.0
Count score:   44556620.0

>>>> Sum of 2 copies
>>>> score: 4202571.76533102
>>>> time: 10.0079021428571
>>>> iterations: 7


########################################################
Shell Scripts (1 concurrent) -- 2 copies
==> "/mnt/host0/unixbench/UnixBench/pgms/looper" 60 "/mnt/host0/unixbench/UnixBench/pgms/multi.sh" 1 2>&1 >> "/mnt/host0/unixbench/UnixBench/results/uarf-2025-06-02-02.log"

#### Pass 1


# COUNT0: 2204
# COUNT1: 60
# COUNT2: lpm
# elapsed: 60.023487
# pid: 2945553
# status: 0

# COUNT0: 2203
# COUNT1: 60
# COUNT2: lpm
# elapsed: 60.013922
# pid: 2945555
# status: 0

#### Pass 2


# COUNT0: 2202
# COUNT1: 60
# COUNT2: lpm
# elapsed: 60.027595
# pid: 2985247
# status: 0

# COUNT0: 2209
# COUNT1: 60
# COUNT2: lpm
# elapsed: 60.022890
# pid: 2985249
# status: 0

#### Pass 3


# COUNT0: 2211
# COUNT1: 60
# COUNT2: lpm
# elapsed: 60.026005
# pid: 3024976
# status: 0

# COUNT0: 2208
# COUNT1: 60
# COUNT2: lpm
# elapsed: 60.016054
# pid: 3024978
# status: 0

*Dump score:       4407.0
Count score:       4411.0
Count score:       4419.0

>>>> Sum of 2 copies
>>>> score: 4413.29642361301
>>>> time: 60.023136
>>>> iterations: 2


########################################################
Shell Scripts (8 concurrent) -- 2 copies
==> "/mnt/host0/unixbench/UnixBench/pgms/looper" 60 "/mnt/host0/unixbench/UnixBench/pgms/multi.sh" 8 2>&1 >> "/mnt/host0/unixbench/UnixBench/results/uarf-2025-06-02-02.log"

#### Pass 1


# COUNT0: 366
# COUNT1: 60
# COUNT2: lpm
# elapsed: 60.036926
# pid: 3064777
# status: 0

# COUNT0: 367
# COUNT1: 60
# COUNT2: lpm
# elapsed: 60.057084
# pid: 3064779
# status: 0

#### Pass 2


# COUNT0: 368
# COUNT1: 60
# COUNT2: lpm
# elapsed: 60.087761
# pid: 3112564
# status: 0

# COUNT0: 367
# COUNT1: 60
# COUNT2: lpm
# elapsed: 60.084201
# pid: 3112566
# status: 0

#### Pass 3


# COUNT0: 367
# COUNT1: 60
# COUNT2: lpm
# elapsed: 60.102074
# pid: 3160481
# status: 0

# COUNT0: 367
# COUNT1: 60
# COUNT2: lpm
# elapsed: 60.098468
# pid: 3160483
# status: 0

*Dump score:        733.0
Count score:        734.0
Count score:        735.0

>>>> Sum of 2 copies
>>>> score: 733.361584492674
>>>> time: 60.093126
>>>> iterations: 2

