
########################################################
Dhrystone 2 using register variables -- 1 copy
==> "/mnt/host0/unixbench/UnixBench/pgms/dhry2reg" 10 2>&1 >> "/mnt/host0/unixbench/UnixBench/results/uarf-2025-06-04-02.log"

#### Pass 1


# COUNT0: 853055439
# COUNT1: 1
# COUNT2: lps
# elapsed: 10.002879
# pid: 2525282
# status: 0

#### Pass 2


# COUNT0: 814359560
# COUNT1: 1
# COUNT2: lps
# elapsed: 10.002922
# pid: 2525291
# status: 0

#### Pass 3


# COUNT0: 805754169
# COUNT1: 1
# COUNT2: lps
# elapsed: 10.002919
# pid: 2525300
# status: 0

#### Pass 4


# COUNT0: 834668171
# COUNT1: 1
# COUNT2: lps
# elapsed: 10.003444
# pid: 2525309
# status: 0

#### Pass 5


# COUNT0: 835013539
# COUNT1: 1
# COUNT2: lps
# elapsed: 10.003963
# pid: 2525318
# status: 0

#### Pass 6


# COUNT0: 818019875
# COUNT1: 1
# COUNT2: lps
# elapsed: 10.003101
# pid: 2525327
# status: 0

#### Pass 7


# COUNT0: 817506846
# COUNT1: 1
# COUNT2: lps
# elapsed: 10.002888
# pid: 2525337
# status: 0

#### Pass 8


# COUNT0: 817172591
# COUNT1: 1
# COUNT2: lps
# elapsed: 10.003334
# pid: 2525346
# status: 0

#### Pass 9


# COUNT0: 810833100
# COUNT1: 1
# COUNT2: lps
# elapsed: 10.004071
# pid: 2525355
# status: 0

#### Pass 10


# COUNT0: 822273029
# COUNT1: 1
# COUNT2: lps
# elapsed: 10.003138
# pid: 2525364
# status: 0

*Dump score:  805754169.0
*Dump score:  810833100.0
*Dump score:  814359560.0
Count score:  817172591.0
Count score:  817506846.0
Count score:  818019875.0
Count score:  822273029.0
Count score:  834668171.0
Count score:  835013539.0
Count score:  853055439.0

>>>> Results of 1 copy
>>>> score: 82788279.2007556
>>>> time: 10.0032495714286
>>>> iterations: 7


########################################################
Double-Precision Whetstone -- 1 copy
==> "/mnt/host0/unixbench/UnixBench/pgms/whetstone-double"  2>&1 >> "/mnt/host0/unixbench/UnixBench/results/uarf-2025-06-04-02.log"

#### Pass 1

Calibrate
       0.00 Seconds          1   Passes (x 100)
       0.00 Seconds          5   Passes (x 100)
       0.02 Seconds         25   Passes (x 100)
       0.11 Seconds        125   Passes (x 100)
       0.52 Seconds        625   Passes (x 100)

Use 12026  passes (x 100)

          Double Precision C/C++ Whetstone Benchmark

Loop content                  Result              MFLOPS      MOPS   Seconds

N1 floating point     -1.12398255667392033      2651.509              0.087
N2 floating point     -1.12187079889294417      2967.807              0.545
N3 if then else        1.00000000000000000               16016.082    0.078
N4 fixed point        12.00000000000000000                   0.000   -0.000
N5 sin,cos etc.        0.49902937281518261                 355.512    2.814
N6 floating point      0.99999987890802811      1537.348              4.219
N7 assignments         3.00000000000000000                8071.726    0.275
N8 exp,sqrt etc.       0.75100163018453958                 241.049    1.856

MWIPS                                          12178.757              9.875


# COUNT0: 12178.757
# COUNT1: 0
# COUNT2: MWIPS
# TIME: 9.875
# elapsed: 11.364976
# pid: 2525373
# status: 0

#### Pass 2

Calibrate
       0.00 Seconds          1   Passes (x 100)
       0.00 Seconds          5   Passes (x 100)
       0.02 Seconds         25   Passes (x 100)
       0.11 Seconds        125   Passes (x 100)
       0.52 Seconds        625   Passes (x 100)

Use 12025  passes (x 100)

          Double Precision C/C++ Whetstone Benchmark

Loop content                  Result              MFLOPS      MOPS   Seconds

N1 floating point     -1.12398255667392033      2661.840              0.087
N2 floating point     -1.12187079889294417      2964.724              0.545
N3 if then else        1.00000000000000000               16029.224    0.078
N4 fixed point        12.00000000000000000               78732058548.185    0.000
N5 sin,cos etc.        0.49902937281518261                 355.076    2.818
N6 floating point      0.99999987890802811      1537.277              4.219
N7 assignments         3.00000000000000000                8065.929    0.276
N8 exp,sqrt etc.       0.75100163018453958                 241.053    1.856

MWIPS                                          12173.836              9.878


# COUNT0: 12173.836
# COUNT1: 0
# COUNT2: MWIPS
# TIME: 9.878
# elapsed: 11.364806
# pid: 2525382
# status: 0

#### Pass 3

Calibrate
       0.00 Seconds          1   Passes (x 100)
       0.00 Seconds          5   Passes (x 100)
       0.02 Seconds         25   Passes (x 100)
       0.11 Seconds        125   Passes (x 100)
       0.52 Seconds        625   Passes (x 100)

Use 12013  passes (x 100)

          Double Precision C/C++ Whetstone Benchmark

Loop content                  Result              MFLOPS      MOPS   Seconds

N1 floating point     -1.12398255667392033      2657.036              0.087
N2 floating point     -1.12187079889294417      2967.858              0.544
N3 if then else        1.00000000000000000               16035.936    0.078
N4 fixed point        12.00000000000000000                   0.000   -0.000
N5 sin,cos etc.        0.49902937281518261                 355.557    2.811
N6 floating point      0.99999987890802811      1537.624              4.214
N7 assignments         3.00000000000000000                8063.150    0.275
N8 exp,sqrt etc.       0.75100163018453958                 241.110    1.853

MWIPS                                          12180.695              9.862


# COUNT0: 12180.695
# COUNT1: 0
# COUNT2: MWIPS
# TIME: 9.862
# elapsed: 11.350476
# pid: 2525391
# status: 0

#### Pass 4

Calibrate
       0.00 Seconds          1   Passes (x 100)
       0.00 Seconds          5   Passes (x 100)
       0.02 Seconds         25   Passes (x 100)
       0.11 Seconds        125   Passes (x 100)
       0.52 Seconds        625   Passes (x 100)

Use 12030  passes (x 100)

          Double Precision C/C++ Whetstone Benchmark

Loop content                  Result              MFLOPS      MOPS   Seconds

N1 floating point     -1.12398255667392033      2656.985              0.087
N2 floating point     -1.12187079889294417      2968.679              0.545
N3 if then else        1.00000000000000000               16036.890    0.078
N4 fixed point        12.00000000000000000               386830828193.155    0.000
N5 sin,cos etc.        0.49902937281518261                 355.516    2.815
N6 floating point      0.99999987890802811      1537.284              4.221
N7 assignments         3.00000000000000000                8071.600    0.275
N8 exp,sqrt etc.       0.75100163018453958                 241.026    1.857

MWIPS                                          12178.900              9.878


# COUNT0: 12178.900
# COUNT1: 0
# COUNT2: MWIPS
# TIME: 9.878
# elapsed: 11.366546
# pid: 2525400
# status: 0

#### Pass 5

Calibrate
       0.00 Seconds          1   Passes (x 100)
       0.00 Seconds          5   Passes (x 100)
       0.02 Seconds         25   Passes (x 100)
       0.11 Seconds        125   Passes (x 100)
       0.52 Seconds        625   Passes (x 100)

Use 12027  passes (x 100)

          Double Precision C/C++ Whetstone Benchmark

Loop content                  Result              MFLOPS      MOPS   Seconds

N1 floating point     -1.12398255667392033      2660.249              0.087
N2 floating point     -1.12187079889294417      2957.292              0.547
N3 if then else        1.00000000000000000               16038.289    0.078
N4 fixed point        12.00000000000000000               34016093906.079    0.000
N5 sin,cos etc.        0.49902937281518261                 355.481    2.815
N6 floating point      0.99999987890802811      1537.407              4.220
N7 assignments         3.00000000000000000                8065.225    0.276
N8 exp,sqrt etc.       0.75100163018453958                 241.196    1.855

MWIPS                                          12177.866              9.876


# COUNT0: 12177.866
# COUNT1: 0
# COUNT2: MWIPS
# TIME: 9.876
# elapsed: 11.363062
# pid: 2525409
# status: 0

#### Pass 6

Calibrate
       0.00 Seconds          1   Passes (x 100)
       0.00 Seconds          5   Passes (x 100)
       0.02 Seconds         25   Passes (x 100)
       0.11 Seconds        125   Passes (x 100)
       0.52 Seconds        625   Passes (x 100)

Use 12025  passes (x 100)

          Double Precision C/C++ Whetstone Benchmark

Loop content                  Result              MFLOPS      MOPS   Seconds

N1 floating point     -1.12398255667392033      2656.783              0.087
N2 floating point     -1.12187079889294417      2967.778              0.545
N3 if then else        1.00000000000000000               16038.485    0.078
N4 fixed point        12.00000000000000000                   0.000   -0.000
N5 sin,cos etc.        0.49902937281518261                 355.441    2.815
N6 floating point      0.99999987890802811      1537.439              4.219
N7 assignments         3.00000000000000000                8074.255    0.275
N8 exp,sqrt etc.       0.75100163018453958                 240.961    1.856

MWIPS                                          12177.986              9.874


# COUNT0: 12177.986
# COUNT1: 0
# COUNT2: MWIPS
# TIME: 9.874
# elapsed: 11.362846
# pid: 2525418
# status: 0

#### Pass 7

Calibrate
       0.00 Seconds          1   Passes (x 100)
       0.00 Seconds          5   Passes (x 100)
       0.02 Seconds         25   Passes (x 100)
       0.11 Seconds        125   Passes (x 100)
       0.52 Seconds        625   Passes (x 100)

Use 12027  passes (x 100)

          Double Precision C/C++ Whetstone Benchmark

Loop content                  Result              MFLOPS      MOPS   Seconds

N1 floating point     -1.12398255667392033      2661.052              0.087
N2 floating point     -1.12187079889294417      2967.558              0.545
N3 if then else        1.00000000000000000               16016.196    0.078
N4 fixed point        12.00000000000000000                   0.000   -0.000
N5 sin,cos etc.        0.49902937281518261                 355.385    2.816
N6 floating point      0.99999987890802811      1537.499              4.219
N7 assignments         3.00000000000000000                8075.095    0.275
N8 exp,sqrt etc.       0.75100163018453958                 241.381    1.854

MWIPS                                          12181.647              9.873


# COUNT0: 12181.647
# COUNT1: 0
# COUNT2: MWIPS
# TIME: 9.873
# elapsed: 11.359483
# pid: 2525427
# status: 0

#### Pass 8

Calibrate
       0.00 Seconds          1   Passes (x 100)
       0.00 Seconds          5   Passes (x 100)
       0.02 Seconds         25   Passes (x 100)
       0.11 Seconds        125   Passes (x 100)
       0.52 Seconds        625   Passes (x 100)

Use 12025  passes (x 100)

          Double Precision C/C++ Whetstone Benchmark

Loop content                  Result              MFLOPS      MOPS   Seconds

N1 floating point     -1.12398255667392033      2661.932              0.087
N2 floating point     -1.12187079889294417      2968.356              0.544
N3 if then else        1.00000000000000000               16038.695    0.078
N4 fixed point        12.00000000000000000               580005091055.003    0.000
N5 sin,cos etc.        0.49902937281518261                 355.438    2.815
N6 floating point      0.99999987890802811      1537.656              4.218
N7 assignments         3.00000000000000000                8073.579    0.275
N8 exp,sqrt etc.       0.75100163018453958                 241.011    1.856

MWIPS                                          12179.471              9.873


# COUNT0: 12179.471
# COUNT1: 0
# COUNT2: MWIPS
# TIME: 9.873
# elapsed: 11.360539
# pid: 2525436
# status: 0

#### Pass 9

Calibrate
       0.00 Seconds          1   Passes (x 100)
       0.00 Seconds          5   Passes (x 100)
       0.02 Seconds         25   Passes (x 100)
       0.11 Seconds        125   Passes (x 100)
       0.52 Seconds        625   Passes (x 100)

Use 12026  passes (x 100)

          Double Precision C/C++ Whetstone Benchmark

Loop content                  Result              MFLOPS      MOPS   Seconds

N1 floating point     -1.12398255667392033      2658.793              0.087
N2 floating point     -1.12187079889294417      2968.859              0.544
N3 if then else        1.00000000000000000               16035.089    0.078
N4 fixed point        12.00000000000000000                   0.000   -0.000
N5 sin,cos etc.        0.49902937281518261                 355.496    2.815
N6 floating point      0.99999987890802811      1537.063              4.220
N7 assignments         3.00000000000000000                8073.253    0.275
N8 exp,sqrt etc.       0.75100163018453958                 241.044    1.856

MWIPS                                          12178.295              9.875


# COUNT0: 12178.295
# COUNT1: 0
# COUNT2: MWIPS
# TIME: 9.875
# elapsed: 11.362320
# pid: 2525445
# status: 0

#### Pass 10

Calibrate
       0.00 Seconds          1   Passes (x 100)
       0.00 Seconds          5   Passes (x 100)
       0.02 Seconds         25   Passes (x 100)
       0.11 Seconds        125   Passes (x 100)
       0.52 Seconds        625   Passes (x 100)

Use 12028  passes (x 100)

          Double Precision C/C++ Whetstone Benchmark

Loop content                  Result              MFLOPS      MOPS   Seconds

N1 floating point     -1.12398255667392033      2657.993              0.087
N2 floating point     -1.12187079889294417      2970.406              0.544
N3 if then else        1.00000000000000000               16033.202    0.078
N4 fixed point        12.00000000000000000                   0.000   -0.000
N5 sin,cos etc.        0.49902937281518261                 355.424    2.816
N6 floating point      0.99999987890802811      1537.888              4.219
N7 assignments         3.00000000000000000                8075.093    0.275
N8 exp,sqrt etc.       0.75100163018453958                 241.079    1.856

MWIPS                                          12181.091              9.874


# COUNT0: 12181.091
# COUNT1: 0
# COUNT2: MWIPS
# TIME: 9.874
# elapsed: 11.361450
# pid: 2525454
# status: 0

*Dump score:      12173.8
*Dump score:      12177.9
*Dump score:      12178.0
Count score:      12178.3
Count score:      12178.8
Count score:      12178.9
Count score:      12179.5
Count score:      12180.7
Count score:      12181.1
Count score:      12181.6

>>>> Results of 1 copy
>>>> score: 12179.8365119584
>>>> time: 9.87285714285714
>>>> iterations: 7


########################################################
Execl Throughput -- 1 copy
==> "/mnt/host0/unixbench/UnixBench/pgms/execl" 30 2>&1 >> "/mnt/host0/unixbench/UnixBench/results/uarf-2025-06-04-02.log"

#### Pass 1


# COUNT0: 89064
# COUNT1: 1
# COUNT2: lps
# elapsed: 29.598153
# pid: 2525463
# status: 0

#### Pass 2


# COUNT0: 92279
# COUNT1: 1
# COUNT2: lps
# elapsed: 29.982175
# pid: 2525473
# status: 0

#### Pass 3


# COUNT0: 91987
# COUNT1: 1
# COUNT2: lps
# elapsed: 29.989197
# pid: 2525482
# status: 0

*Dump score:      89064.0
Count score:      91987.0
Count score:      92279.0

>>>> Results of 1 copy
>>>> score: 3072.56218686812
>>>> time: 29.985686
>>>> iterations: 2


########################################################
File Copy 1024 bufsize 2000 maxblocks -- 1 copy
==> "/mnt/host0/unixbench/UnixBench/pgms/fstime" -c -t 30 -d "/mnt/host0/unixbench/UnixBench/tmp" -b 1024 -m 2000 2>&1 >> "/mnt/host0/unixbench/UnixBench/results/uarf-2025-06-04-02.log"

#### Pass 1

Write done: 424000 in 2.0178, score 52531
Read done: 422372 in 2.0000, score 52796
Copy done: 3135932 in 30.0000, score 26132

# COUNT0: 26132
# COUNT1: 0
# COUNT2: KBps
# TIME: 30.0
# elapsed: 45.027436
# pid: 2525491
# status: 0

#### Pass 2

Write done: 424000 in 2.0287, score 52251
Read done: 420696 in 2.0000, score 52586
Copy done: 3163364 in 30.0000, score 26361

# COUNT0: 26361
# COUNT1: 0
# COUNT2: KBps
# TIME: 30.0
# elapsed: 45.037439
# pid: 2525501
# status: 0

#### Pass 3

Write done: 424000 in 2.0230, score 52397
Read done: 427076 in 2.0000, score 53384
Copy done: 3153080 in 30.0000, score 26275

# COUNT0: 26275
# COUNT1: 0
# COUNT2: KBps
# TIME: 30.0
# elapsed: 45.032272
# pid: 2525510
# status: 0

*Dump score:      26132.0
Count score:      26275.0
Count score:      26361.0

>>>> Results of 1 copy
>>>> score: 26317.9648719273
>>>> time: 30
>>>> iterations: 2


########################################################
File Copy 256 bufsize 500 maxblocks -- 1 copy
==> "/mnt/host0/unixbench/UnixBench/pgms/fstime" -c -t 30 -d "/mnt/host0/unixbench/UnixBench/tmp" -b 256 -m 500 2>&1 >> "/mnt/host0/unixbench/UnixBench/results/uarf-2025-06-04-02.log"

#### Pass 1

Write done: 106000 in 2.0130, score 13164
Read done: 107186 in 2.0000, score 13398
Copy done: 788014 in 30.0000, score 6566

# COUNT0: 6566
# COUNT1: 0
# COUNT2: KBps
# TIME: 30.0
# elapsed: 45.021628
# pid: 2525519
# status: 0

#### Pass 2

Write done: 108000 in 2.0332, score 13279
Read done: 106266 in 2.0000, score 13283
Copy done: 787457 in 30.0000, score 6562

# COUNT0: 6562
# COUNT1: 0
# COUNT2: KBps
# TIME: 30.0
# elapsed: 45.041708
# pid: 2525528
# status: 0

#### Pass 3

Write done: 106000 in 2.0245, score 13089
Read done: 103880 in 2.0000, score 12984
Copy done: 785128 in 30.0000, score 6542

# COUNT0: 6542
# COUNT1: 0
# COUNT2: KBps
# TIME: 30.0
# elapsed: 45.033194
# pid: 2525537
# status: 0

*Dump score:       6542.0
Count score:       6562.0
Count score:       6566.0

>>>> Results of 1 copy
>>>> score: 6563.99969530772
>>>> time: 30
>>>> iterations: 2


########################################################
File Copy 4096 bufsize 8000 maxblocks -- 1 copy
==> "/mnt/host0/unixbench/UnixBench/pgms/fstime" -c -t 30 -d "/mnt/host0/unixbench/UnixBench/tmp" -b 4096 -m 8000 2>&1 >> "/mnt/host0/unixbench/UnixBench/results/uarf-2025-06-04-02.log"

#### Pass 1

Write done: 1664000 in 2.0110, score 206863
Read done: 1653344 in 2.0000, score 206667
Copy done: 12465360 in 30.0000, score 103877

# COUNT0: 103877
# COUNT1: 0
# COUNT2: KBps
# TIME: 30.0
# elapsed: 45.020852
# pid: 2525546
# status: 0

#### Pass 2

Write done: 1664000 in 2.0089, score 207077
Read done: 1662160 in 2.0000, score 207768
Copy done: 12451264 in 30.0000, score 103760

# COUNT0: 103760
# COUNT1: 0
# COUNT2: KBps
# TIME: 30.0
# elapsed: 45.019303
# pid: 2525555
# status: 0

#### Pass 3

Write done: 1664000 in 2.0028, score 207705
Read done: 1675584 in 2.0000, score 209445
Copy done: 12423328 in 30.0000, score 103527

# COUNT0: 103527
# COUNT1: 0
# COUNT2: KBps
# TIME: 30.0
# elapsed: 45.013476
# pid: 2525565
# status: 0

*Dump score:     103527.0
Count score:     103760.0
Count score:     103877.0

>>>> Results of 1 copy
>>>> score: 103818.48351811
>>>> time: 30
>>>> iterations: 2


########################################################
Pipe Throughput -- 1 copy
==> "/mnt/host0/unixbench/UnixBench/pgms/pipe" 10 2>&1 >> "/mnt/host0/unixbench/UnixBench/results/uarf-2025-06-04-02.log"

#### Pass 1


# COUNT0: 12831648
# COUNT1: 1
# COUNT2: lps
# elapsed: 10.003381
# pid: 2525574
# status: 0

#### Pass 2


# COUNT0: 12773978
# COUNT1: 1
# COUNT2: lps
# elapsed: 10.003224
# pid: 2525583
# status: 0

#### Pass 3


# COUNT0: 12695182
# COUNT1: 1
# COUNT2: lps
# elapsed: 10.003772
# pid: 2525592
# status: 0

#### Pass 4


# COUNT0: 12486573
# COUNT1: 1
# COUNT2: lps
# elapsed: 10.004123
# pid: 2525601
# status: 0

#### Pass 5


# COUNT0: 12482040
# COUNT1: 1
# COUNT2: lps
# elapsed: 10.003429
# pid: 2525610
# status: 0

#### Pass 6


# COUNT0: 12690596
# COUNT1: 1
# COUNT2: lps
# elapsed: 10.003897
# pid: 2525619
# status: 0

#### Pass 7


# COUNT0: 12646677
# COUNT1: 1
# COUNT2: lps
# elapsed: 10.004587
# pid: 2525628
# status: 0

#### Pass 8


# COUNT0: 12798009
# COUNT1: 1
# COUNT2: lps
# elapsed: 10.003310
# pid: 2525637
# status: 0

#### Pass 9


# COUNT0: 12734874
# COUNT1: 1
# COUNT2: lps
# elapsed: 10.003672
# pid: 2525646
# status: 0

#### Pass 10


# COUNT0: 12703108
# COUNT1: 1
# COUNT2: lps
# elapsed: 10.004132
# pid: 2525655
# status: 0

*Dump score:   12482040.0
*Dump score:   12486573.0
*Dump score:   12646677.0
Count score:   12690596.0
Count score:   12695182.0
Count score:   12703108.0
Count score:   12734874.0
Count score:   12773978.0
Count score:   12798009.0
Count score:   12831648.0

>>>> Results of 1 copy
>>>> score: 1274204.6166949
>>>> time: 10.0036268571429
>>>> iterations: 7


########################################################
Pipe-based Context Switching -- 1 copy
==> "/mnt/host0/unixbench/UnixBench/pgms/context1" 10 2>&1 >> "/mnt/host0/unixbench/UnixBench/results/uarf-2025-06-04-02.log"

#### Pass 1


# COUNT0: 1043994
# COUNT1: 1
# COUNT2: lps
# elapsed: 10.002567
# pid: 2525664
# status: 0

#### Pass 2


# COUNT0: 1039444
# COUNT1: 1
# COUNT2: lps
# elapsed: 10.003910
# pid: 2525674
# status: 0

#### Pass 3


# COUNT0: 1017740
# COUNT1: 1
# COUNT2: lps
# elapsed: 10.003013
# pid: 2525684
# status: 0

#### Pass 4


# COUNT0: 1058455
# COUNT1: 1
# COUNT2: lps
# elapsed: 10.003022
# pid: 2525694
# status: 0

#### Pass 5


# COUNT0: 1041708
# COUNT1: 1
# COUNT2: lps
# elapsed: 10.002979
# pid: 2525704
# status: 0

#### Pass 6


# COUNT0: 1060842
# COUNT1: 1
# COUNT2: lps
# elapsed: 10.002820
# pid: 2525714
# status: 0

#### Pass 7


# COUNT0: 1039895
# COUNT1: 1
# COUNT2: lps
# elapsed: 10.002525
# pid: 2525724
# status: 0

#### Pass 8


# COUNT0: 1037284
# COUNT1: 1
# COUNT2: lps
# elapsed: 10.003371
# pid: 2525734
# status: 0

#### Pass 9


# COUNT0: 1027507
# COUNT1: 1
# COUNT2: lps
# elapsed: 10.002794
# pid: 2525744
# status: 0

#### Pass 10


# COUNT0: 1043240
# COUNT1: 1
# COUNT2: lps
# elapsed: 10.003911
# pid: 2525755
# status: 0

*Dump score:    1017740.0
*Dump score:    1027507.0
*Dump score:    1037284.0
Count score:    1039444.0
Count score:    1039895.0
Count score:    1041708.0
Count score:    1043240.0
Count score:    1043994.0
Count score:    1058455.0
Count score:    1060842.0

>>>> Results of 1 copy
>>>> score: 104643.926135629
>>>> time: 10.0031048571429
>>>> iterations: 7


########################################################
Process Creation -- 1 copy
==> "/mnt/host0/unixbench/UnixBench/pgms/spawn" 30 2>&1 >> "/mnt/host0/unixbench/UnixBench/results/uarf-2025-06-04-02.log"

#### Pass 1


# COUNT0: 526208
# COUNT1: 1
# COUNT2: lps
# elapsed: 30.003482
# pid: 2525765
# status: 0

#### Pass 2


# COUNT0: 502055
# COUNT1: 1
# COUNT2: lps
# elapsed: 30.003112
# pid: 3051983
# status: 0

#### Pass 3


# COUNT0: 541979
# COUNT1: 1
# COUNT2: lps
# elapsed: 30.004235
# pid: 3554048
# status: 0

*Dump score:     502055.0
Count score:     526208.0
Count score:     541979.0

>>>> Results of 1 copy
>>>> score: 17798.8869347777
>>>> time: 30.0038585
>>>> iterations: 2


########################################################
System Call Overhead -- 1 copy
==> "/mnt/host0/unixbench/UnixBench/pgms/syscall" 10 2>&1 >> "/mnt/host0/unixbench/UnixBench/results/uarf-2025-06-04-02.log"

#### Pass 1


# COUNT0: 8336415
# COUNT1: 1
# COUNT2: lps
# elapsed: 10.004195
# pid: 4096037
# status: 0

#### Pass 2


# COUNT0: 8300080
# COUNT1: 1
# COUNT2: lps
# elapsed: 10.003186
# pid: 4096046
# status: 0

#### Pass 3


# COUNT0: 8222120
# COUNT1: 1
# COUNT2: lps
# elapsed: 10.002903
# pid: 4096055
# status: 0

#### Pass 4


# COUNT0: 8106673
# COUNT1: 1
# COUNT2: lps
# elapsed: 10.004034
# pid: 4096064
# status: 0

#### Pass 5


# COUNT0: 8364900
# COUNT1: 1
# COUNT2: lps
# elapsed: 10.003216
# pid: 4096073
# status: 0

#### Pass 6


# COUNT0: 8175944
# COUNT1: 1
# COUNT2: lps
# elapsed: 10.003260
# pid: 4096082
# status: 0

#### Pass 7


# COUNT0: 8270007
# COUNT1: 1
# COUNT2: lps
# elapsed: 10.003348
# pid: 4096091
# status: 0

#### Pass 8


# COUNT0: 7924423
# COUNT1: 1
# COUNT2: lps
# elapsed: 10.003508
# pid: 4096100
# status: 0

#### Pass 9


# COUNT0: 8207782
# COUNT1: 1
# COUNT2: lps
# elapsed: 10.002836
# pid: 4096109
# status: 0

#### Pass 10


# COUNT0: 8102389
# COUNT1: 1
# COUNT2: lps
# elapsed: 10.003155
# pid: 4096118
# status: 0

*Dump score:    7924423.0
*Dump score:    8102389.0
*Dump score:    8106673.0
Count score:    8175944.0
Count score:    8207782.0
Count score:    8222120.0
Count score:    8270007.0
Count score:    8300080.0
Count score:    8336415.0
Count score:    8364900.0

>>>> Results of 1 copy
>>>> score: 826521.609185309
>>>> time: 10.0032777142857
>>>> iterations: 7


########################################################
Shell Scripts (1 concurrent) -- 1 copy
==> "/mnt/host0/unixbench/UnixBench/pgms/looper" 60 "/mnt/host0/unixbench/UnixBench/pgms/multi.sh" 1 2>&1 >> "/mnt/host0/unixbench/UnixBench/results/uarf-2025-06-04-02.log"

#### Pass 1


# COUNT0: 8785
# COUNT1: 60
# COUNT2: lpm
# elapsed: 60.008576
# pid: 4096127
# status: 0

#### Pass 2


# COUNT0: 8797
# COUNT1: 60
# COUNT2: lpm
# elapsed: 60.013067
# pid: 4175210
# status: 0

#### Pass 3


# COUNT0: 8825
# COUNT1: 60
# COUNT2: lpm
# elapsed: 60.005360
# pid: 60399
# status: 0

*Dump score:       8785.0
Count score:       8797.0
Count score:       8825.0

>>>> Results of 1 copy
>>>> score: 8809.63610266166
>>>> time: 60.0092135
>>>> iterations: 2


########################################################
Shell Scripts (8 concurrent) -- 1 copy
==> "/mnt/host0/unixbench/UnixBench/pgms/looper" 60 "/mnt/host0/unixbench/UnixBench/pgms/multi.sh" 8 2>&1 >> "/mnt/host0/unixbench/UnixBench/results/uarf-2025-06-04-02.log"

#### Pass 1


# COUNT0: 1727
# COUNT1: 60
# COUNT2: lpm
# elapsed: 60.023094
# pid: 139842
# status: 0

#### Pass 2


# COUNT0: 1722
# COUNT1: 60
# COUNT2: lpm
# elapsed: 60.015297
# pid: 252171
# status: 0

#### Pass 3


# COUNT0: 1722
# COUNT1: 60
# COUNT2: lpm
# elapsed: 60.003623
# pid: 364178
# status: 0

*Dump score:       1722.0
Count score:       1722.0
Count score:       1727.0

>>>> Results of 1 copy
>>>> score: 1724.11435087798
>>>> time: 60.0133585
>>>> iterations: 2


########################################################
Dhrystone 2 using register variables -- 2 copies
==> "/mnt/host0/unixbench/UnixBench/pgms/dhry2reg" 10 2>&1 >> "/mnt/host0/unixbench/UnixBench/results/uarf-2025-06-04-02.log"

#### Pass 1


# COUNT0: 619709478
# COUNT1: 1
# COUNT2: lps
# elapsed: 10.003595
# pid: 476182
# status: 0

# COUNT0: 619906199
# COUNT1: 1
# COUNT2: lps
# elapsed: 10.002423
# pid: 476183
# status: 0

#### Pass 2


# COUNT0: 619635929
# COUNT1: 1
# COUNT2: lps
# elapsed: 10.003572
# pid: 476194
# status: 0

# COUNT0: 620402770
# COUNT1: 1
# COUNT2: lps
# elapsed: 10.002535
# pid: 476195
# status: 0

#### Pass 3


# COUNT0: 626792603
# COUNT1: 1
# COUNT2: lps
# elapsed: 10.004616
# pid: 476206
# status: 0

# COUNT0: 626334892
# COUNT1: 1
# COUNT2: lps
# elapsed: 10.003473
# pid: 476207
# status: 0

#### Pass 4


# COUNT0: 629505284
# COUNT1: 1
# COUNT2: lps
# elapsed: 10.003868
# pid: 476219
# status: 0

# COUNT0: 629496841
# COUNT1: 1
# COUNT2: lps
# elapsed: 10.002820
# pid: 476220
# status: 0

#### Pass 5


# COUNT0: 606952172
# COUNT1: 1
# COUNT2: lps
# elapsed: 10.004877
# pid: 476231
# status: 0

# COUNT0: 609959016
# COUNT1: 1
# COUNT2: lps
# elapsed: 10.003205
# pid: 476232
# status: 0

#### Pass 6


# COUNT0: 627157978
# COUNT1: 1
# COUNT2: lps
# elapsed: 10.003170
# pid: 476243
# status: 0

# COUNT0: 627335724
# COUNT1: 1
# COUNT2: lps
# elapsed: 10.002108
# pid: 476244
# status: 0

#### Pass 7


# COUNT0: 628152770
# COUNT1: 1
# COUNT2: lps
# elapsed: 10.004367
# pid: 476255
# status: 0

# COUNT0: 628102673
# COUNT1: 1
# COUNT2: lps
# elapsed: 10.003290
# pid: 476256
# status: 0

#### Pass 8


# COUNT0: 632664424
# COUNT1: 1
# COUNT2: lps
# elapsed: 10.004731
# pid: 476267
# status: 0

# COUNT0: 632780364
# COUNT1: 1
# COUNT2: lps
# elapsed: 10.003848
# pid: 476268
# status: 0

#### Pass 9


# COUNT0: 621307338
# COUNT1: 1
# COUNT2: lps
# elapsed: 10.003108
# pid: 476279
# status: 0

# COUNT0: 621664897
# COUNT1: 1
# COUNT2: lps
# elapsed: 10.002040
# pid: 476280
# status: 0

#### Pass 10


# COUNT0: 619873058
# COUNT1: 1
# COUNT2: lps
# elapsed: 10.003711
# pid: 476291
# status: 0

# COUNT0: 619253499
# COUNT1: 1
# COUNT2: lps
# elapsed: 10.002616
# pid: 476292
# status: 0

*Dump score: 1216911188.0
*Dump score: 1239126557.0
*Dump score: 1239615677.0
Count score: 1240038699.0
Count score: 1242972235.0
Count score: 1253127495.0
Count score: 1254493702.0
Count score: 1256255443.0
Count score: 1259002125.0
Count score: 1265444788.0

>>>> Sum of 2 copies
>>>> score: 125259543.19207
>>>> time: 10.0033961428571
>>>> iterations: 7


########################################################
Double-Precision Whetstone -- 2 copies
==> "/mnt/host0/unixbench/UnixBench/pgms/whetstone-double"  2>&1 >> "/mnt/host0/unixbench/UnixBench/results/uarf-2025-06-04-02.log"

#### Pass 1

Calibrate
       0.00 Seconds          1   Passes (x 100)
       0.00 Seconds          5   Passes (x 100)
       0.02 Seconds         25   Passes (x 100)
       0.11 Seconds        125   Passes (x 100)
       0.56 Seconds        625   Passes (x 100)

Use 11186  passes (x 100)

          Double Precision C/C++ Whetstone Benchmark

Loop content                  Result              MFLOPS      MOPS   Seconds

N1 floating point     -1.12398255667392033      2635.372              0.081
N2 floating point     -1.12187079889294417      2903.367              0.518
N3 if then else        1.00000000000000000               10703.575    0.108
N4 fixed point        12.00000000000000000               41682669101.004    0.000
N5 sin,cos etc.        0.49902937281518261                 295.571    3.149
N6 floating point      0.99999987890802811      1534.383              3.932
N7 assignments         3.00000000000000000                7929.167    0.261
N8 exp,sqrt etc.       0.75100163018453958                 225.425    1.846

MWIPS                                          11304.471              9.895

Calibrate
       0.00 Seconds          1   Passes (x 100)
       0.00 Seconds          5   Passes (x 100)
       0.02 Seconds         25   Passes (x 100)
       0.11 Seconds        125   Passes (x 100)
       0.56 Seconds        625   Passes (x 100)

Use 11186  passes (x 100)

          Double Precision C/C++ Whetstone Benchmark

Loop content                  Result              MFLOPS      MOPS   Seconds

N1 floating point     -1.12398255667392033      2635.423              0.081
N2 floating point     -1.12187079889294417      2901.289              0.518
N3 if then else        1.00000000000000000               10714.649    0.108
N4 fixed point        12.00000000000000000               495540743011.991    0.000
N5 sin,cos etc.        0.49902937281518261                 295.357    3.151
N6 floating point      0.99999987890802811      1534.001              3.933
N7 assignments         3.00000000000000000                7920.414    0.261
N8 exp,sqrt etc.       0.75100163018453958                 225.224    1.848

MWIPS                                          11298.249              9.901


# COUNT0: 11298.249
# COUNT1: 0
# COUNT2: MWIPS
# TIME: 9.901
# elapsed: 11.390337
# pid: 476303
# status: 0

# COUNT0: 11304.471
# COUNT1: 0
# COUNT2: MWIPS
# TIME: 9.895
# elapsed: 11.384028
# pid: 476304
# status: 0

#### Pass 2

Calibrate
       0.00 Seconds          1   Passes (x 100)
       0.00 Seconds          5   Passes (x 100)
       0.02 Seconds         25   Passes (x 100)
       0.11 Seconds        125   Passes (x 100)
       0.56 Seconds        625   Passes (x 100)

Use 11178  passes (x 100)

          Double Precision C/C++ Whetstone Benchmark

Loop content                  Result              MFLOPS      MOPS   Seconds

N1 floating point     -1.12398255667392033      2637.730              0.081
N2 floating point     -1.12187079889294417      2903.893              0.517
N3 if then else        1.00000000000000000               10677.941    0.108
N4 fixed point        12.00000000000000000                   0.000   -0.000
N5 sin,cos etc.        0.49902937281518261                 295.206    3.150
N6 floating point      0.99999987890802811      1535.367              3.927
N7 assignments         3.00000000000000000                7931.584    0.260
N8 exp,sqrt etc.       0.75100163018453958                 225.443    1.844

MWIPS                                          11303.063              9.889

Calibrate
       0.00 Seconds          1   Passes (x 100)
       0.00 Seconds          5   Passes (x 100)
       0.02 Seconds         25   Passes (x 100)
       0.11 Seconds        125   Passes (x 100)
       0.56 Seconds        625   Passes (x 100)

Use 11181  passes (x 100)

          Double Precision C/C++ Whetstone Benchmark

Loop content                  Result              MFLOPS      MOPS   Seconds

N1 floating point     -1.12398255667392033      2637.706              0.081
N2 floating point     -1.12187079889294417      2902.321              0.518
N3 if then else        1.00000000000000000               10693.830    0.108
N4 fixed point        12.00000000000000000                   0.000   -0.000
N5 sin,cos etc.        0.49902937281518261                 295.195    3.151
N6 floating point      0.99999987890802811      1535.272              3.928
N7 assignments         3.00000000000000000                7925.983    0.261
N8 exp,sqrt etc.       0.75100163018453958                 225.476    1.845

MWIPS                                          11302.620              9.892


# COUNT0: 11302.620
# COUNT1: 0
# COUNT2: MWIPS
# TIME: 9.892
# elapsed: 11.380605
# pid: 476315
# status: 0

# COUNT0: 11303.063
# COUNT1: 0
# COUNT2: MWIPS
# TIME: 9.889
# elapsed: 11.376564
# pid: 476316
# status: 0

#### Pass 3

Calibrate
       0.00 Seconds          1   Passes (x 100)
       0.00 Seconds          5   Passes (x 100)
       0.02 Seconds         25   Passes (x 100)
       0.11 Seconds        125   Passes (x 100)
       0.56 Seconds        625   Passes (x 100)

Use 11189  passes (x 100)

          Double Precision C/C++ Whetstone Benchmark

Loop content                  Result              MFLOPS      MOPS   Seconds

N1 floating point     -1.12398255667392033      2636.570              0.081
N2 floating point     -1.12187079889294417      2896.946              0.519
N3 if then else        1.00000000000000000               10679.585    0.108
N4 fixed point        12.00000000000000000                   0.000   -0.000
N5 sin,cos etc.        0.49902937281518261                 295.506    3.150
N6 floating point      0.99999987890802811      1533.178              3.936
N7 assignments         3.00000000000000000                7939.025    0.260
N8 exp,sqrt etc.       0.75100163018453958                 225.467    1.846

MWIPS                                          11299.375              9.902

Calibrate
       0.00 Seconds          1   Passes (x 100)
       0.00 Seconds          5   Passes (x 100)
       0.02 Seconds         25   Passes (x 100)
       0.11 Seconds        125   Passes (x 100)
       0.56 Seconds        625   Passes (x 100)

Use 11189  passes (x 100)

          Double Precision C/C++ Whetstone Benchmark

Loop content                  Result              MFLOPS      MOPS   Seconds

N1 floating point     -1.12398255667392033      2636.525              0.081
N2 floating point     -1.12187079889294417      2895.111              0.519
N3 if then else        1.00000000000000000               10697.341    0.108
N4 fixed point        12.00000000000000000               39282981013.137    0.000
N5 sin,cos etc.        0.49902937281518261                 295.472    3.151
N6 floating point      0.99999987890802811      1532.992              3.937
N7 assignments         3.00000000000000000                7936.864    0.261
N8 exp,sqrt etc.       0.75100163018453958                 225.211    1.848

MWIPS                                          11295.768              9.905


# COUNT0: 11299.375
# COUNT1: 0
# COUNT2: MWIPS
# TIME: 9.902
# elapsed: 11.392114
# pid: 476327
# status: 0

# COUNT0: 11295.768
# COUNT1: 0
# COUNT2: MWIPS
# TIME: 9.905
# elapsed: 11.393964
# pid: 476328
# status: 0

#### Pass 4

Calibrate
       0.00 Seconds          1   Passes (x 100)
       0.00 Seconds          5   Passes (x 100)
       0.02 Seconds         25   Passes (x 100)
       0.11 Seconds        125   Passes (x 100)
       0.56 Seconds        625   Passes (x 100)

Use 11159  passes (x 100)

          Double Precision C/C++ Whetstone Benchmark

Loop content                  Result              MFLOPS      MOPS   Seconds

N1 floating point     -1.12398255667392033      2636.993              0.081
N2 floating point     -1.12187079889294417      2903.475              0.517
N3 if then else        1.00000000000000000               10710.217    0.108
N4 fixed point        12.00000000000000000               81544996094.870    0.000
N5 sin,cos etc.        0.49902937281518261                 295.637    3.140
N6 floating point      0.99999987890802811      1534.930              3.921
N7 assignments         3.00000000000000000                7921.508    0.260
N8 exp,sqrt etc.       0.75100163018453958                 225.176    1.844

MWIPS                                          11304.421              9.871

Calibrate
       0.00 Seconds          1   Passes (x 100)
       0.00 Seconds          5   Passes (x 100)
       0.02 Seconds         25   Passes (x 100)
       0.11 Seconds        125   Passes (x 100)
       0.56 Seconds        625   Passes (x 100)

Use 11160  passes (x 100)

          Double Precision C/C++ Whetstone Benchmark

Loop content                  Result              MFLOPS      MOPS   Seconds

N1 floating point     -1.12398255667392033      2637.505              0.081
N2 floating point     -1.12187079889294417      2901.982              0.517
N3 if then else        1.00000000000000000               10702.521    0.108
N4 fixed point        12.00000000000000000               68201672623.017    0.000
N5 sin,cos etc.        0.49902937281518261                 295.639    3.141
N6 floating point      0.99999987890802811      1534.798              3.922
N7 assignments         3.00000000000000000                7919.692    0.260
N8 exp,sqrt etc.       0.75100163018453958                 225.275    1.843

MWIPS                                          11304.543              9.872


# COUNT0: 11304.543
# COUNT1: 0
# COUNT2: MWIPS
# TIME: 9.872
# elapsed: 11.358991
# pid: 476339
# status: 0

# COUNT0: 11304.421
# COUNT1: 0
# COUNT2: MWIPS
# TIME: 9.871
# elapsed: 11.357158
# pid: 476340
# status: 0

#### Pass 5

Calibrate
       0.00 Seconds          1   Passes (x 100)
       0.00 Seconds          5   Passes (x 100)
       0.02 Seconds         25   Passes (x 100)
       0.11 Seconds        125   Passes (x 100)
       0.56 Seconds        625   Passes (x 100)

Use 11181  passes (x 100)

          Double Precision C/C++ Whetstone Benchmark

Loop content                  Result              MFLOPS      MOPS   Seconds

N1 floating point     -1.12398255667392033      2635.578              0.081
N2 floating point     -1.12187079889294417      2901.778              0.518
N3 if then else        1.00000000000000000               10601.161    0.109
N4 fixed point        12.00000000000000000               46321246875.575    0.000
N5 sin,cos etc.        0.49902937281518261                 295.191    3.151
N6 floating point      0.99999987890802811      1533.476              3.933
N7 assignments         3.00000000000000000                7937.309    0.260
N8 exp,sqrt etc.       0.75100163018453958                 225.262    1.846

MWIPS                                          11294.469              9.900

Calibrate
       0.00 Seconds          1   Passes (x 100)
       0.00 Seconds          5   Passes (x 100)
       0.02 Seconds         25   Passes (x 100)
       0.11 Seconds        125   Passes (x 100)
       0.56 Seconds        625   Passes (x 100)

Use 11183  passes (x 100)

          Double Precision C/C++ Whetstone Benchmark

Loop content                  Result              MFLOPS      MOPS   Seconds

N1 floating point     -1.12398255667392033      2635.431              0.081
N2 floating point     -1.12187079889294417      2899.950              0.518
N3 if then else        1.00000000000000000               10617.657    0.109
N4 fixed point        12.00000000000000000               32843941127.455    0.000
N5 sin,cos etc.        0.49902937281518261                 295.153    3.152
N6 floating point      0.99999987890802811      1533.282              3.934
N7 assignments         3.00000000000000000                7931.938    0.261
N8 exp,sqrt etc.       0.75100163018453958                 225.460    1.845

MWIPS                                          11294.895              9.901


# COUNT0: 11294.895
# COUNT1: 0
# COUNT2: MWIPS
# TIME: 9.901
# elapsed: 11.389813
# pid: 476352
# status: 0

# COUNT0: 11294.469
# COUNT1: 0
# COUNT2: MWIPS
# TIME: 9.900
# elapsed: 11.387377
# pid: 476353
# status: 0

#### Pass 6

Calibrate
       0.00 Seconds          1   Passes (x 100)
       0.00 Seconds          5   Passes (x 100)
       0.02 Seconds         25   Passes (x 100)
       0.11 Seconds        125   Passes (x 100)
       0.56 Seconds        625   Passes (x 100)

Use 11186  passes (x 100)

          Double Precision C/C++ Whetstone Benchmark

Loop content                  Result              MFLOPS      MOPS   Seconds

N1 floating point     -1.12398255667392033      2637.543              0.081
N2 floating point     -1.12187079889294417      2903.429              0.518
N3 if then else        1.00000000000000000               10706.823    0.108
N4 fixed point        12.00000000000000000                   0.000   -0.000
N5 sin,cos etc.        0.49902937281518261                 295.614    3.148
N6 floating point      0.99999987890802811      1534.314              3.933
N7 assignments         3.00000000000000000                7911.109    0.261
N8 exp,sqrt etc.       0.75100163018453958                 225.486    1.845

MWIPS                                          11304.821              9.895

Calibrate
       0.00 Seconds          1   Passes (x 100)
       0.00 Seconds          5   Passes (x 100)
       0.02 Seconds         25   Passes (x 100)
       0.11 Seconds        125   Passes (x 100)
       0.56 Seconds        625   Passes (x 100)

Use 11186  passes (x 100)

          Double Precision C/C++ Whetstone Benchmark

Loop content                  Result              MFLOPS      MOPS   Seconds

N1 floating point     -1.12398255667392033      2637.112              0.081
N2 floating point     -1.12187079889294417      2903.743              0.518
N3 if then else        1.00000000000000000               10720.323    0.108
N4 fixed point        12.00000000000000000               63685048759.629    0.000
N5 sin,cos etc.        0.49902937281518261                 295.600    3.148
N6 floating point      0.99999987890802811      1534.186              3.933
N7 assignments         3.00000000000000000                7910.743    0.261
N8 exp,sqrt etc.       0.75100163018453958                 225.430    1.846

MWIPS                                          11303.936              9.896


# COUNT0: 11304.821
# COUNT1: 0
# COUNT2: MWIPS
# TIME: 9.895
# elapsed: 11.383207
# pid: 476364
# status: 0

# COUNT0: 11303.936
# COUNT1: 0
# COUNT2: MWIPS
# TIME: 9.896
# elapsed: 11.381983
# pid: 476365
# status: 0

#### Pass 7

Calibrate
       0.00 Seconds          1   Passes (x 100)
       0.00 Seconds          5   Passes (x 100)
       0.02 Seconds         25   Passes (x 100)
       0.11 Seconds        125   Passes (x 100)
       0.56 Seconds        625   Passes (x 100)

Use 11181  passes (x 100)

          Double Precision C/C++ Whetstone Benchmark

Loop content                  Result              MFLOPS      MOPS   Seconds

N1 floating point     -1.12398255667392033      2637.676              0.081
N2 floating point     -1.12187079889294417      2903.920              0.517
N3 if then else        1.00000000000000000               10699.562    0.108
N4 fixed point        12.00000000000000000               693149462392.254    0.000
N5 sin,cos etc.        0.49902937281518261                 295.489    3.148
N6 floating point      0.99999987890802811      1534.790              3.930
N7 assignments         3.00000000000000000                7928.482    0.261
N8 exp,sqrt etc.       0.75100163018453958                 225.504    1.844

MWIPS                                          11305.531              9.890

Calibrate
       0.00 Seconds          1   Passes (x 100)
       0.00 Seconds          5   Passes (x 100)
       0.02 Seconds         25   Passes (x 100)
       0.11 Seconds        125   Passes (x 100)
       0.56 Seconds        625   Passes (x 100)

Use 11184  passes (x 100)

          Double Precision C/C++ Whetstone Benchmark

Loop content                  Result              MFLOPS      MOPS   Seconds

N1 floating point     -1.12398255667392033      2636.590              0.081
N2 floating point     -1.12187079889294417      2903.948              0.518
N3 if then else        1.00000000000000000               10692.353    0.108
N4 fixed point        12.00000000000000000                   0.000   -0.000
N5 sin,cos etc.        0.49902937281518261                 295.441    3.150
N6 floating point      0.99999987890802811      1534.430              3.932
N7 assignments         3.00000000000000000                7919.545    0.261
N8 exp,sqrt etc.       0.75100163018453958                 225.293    1.847

MWIPS                                          11301.473              9.896


# COUNT0: 11305.531
# COUNT1: 0
# COUNT2: MWIPS
# TIME: 9.890
# elapsed: 11.378103
# pid: 476376
# status: 0

# COUNT0: 11301.473
# COUNT1: 0
# COUNT2: MWIPS
# TIME: 9.896
# elapsed: 11.383443
# pid: 476377
# status: 0

#### Pass 8

Calibrate
       0.00 Seconds          1   Passes (x 100)
       0.00 Seconds          5   Passes (x 100)
       0.02 Seconds         25   Passes (x 100)
       0.11 Seconds        125   Passes (x 100)
       0.56 Seconds        625   Passes (x 100)

Use 11186  passes (x 100)

          Double Precision C/C++ Whetstone Benchmark

Loop content                  Result              MFLOPS      MOPS   Seconds

N1 floating point     -1.12398255667392033      2637.504              0.081
N2 floating point     -1.12187079889294417      2903.452              0.518
N3 if then else        1.00000000000000000               10691.510    0.108
N4 fixed point        12.00000000000000000                   0.000   -0.000
N5 sin,cos etc.        0.49902937281518261                 295.584    3.149
N6 floating point      0.99999987890802811      1535.227              3.930
N7 assignments         3.00000000000000000                7939.580    0.260
N8 exp,sqrt etc.       0.75100163018453958                 225.466    1.846

MWIPS                                          11307.830              9.892

Calibrate
       0.00 Seconds          1   Passes (x 100)
       0.00 Seconds          5   Passes (x 100)
       0.02 Seconds         25   Passes (x 100)
       0.11 Seconds        125   Passes (x 100)
       0.56 Seconds        625   Passes (x 100)

Use 11187  passes (x 100)

          Double Precision C/C++ Whetstone Benchmark

Loop content                  Result              MFLOPS      MOPS   Seconds

N1 floating point     -1.12398255667392033      2636.549              0.081
N2 floating point     -1.12187079889294417      2903.936              0.518
N3 if then else        1.00000000000000000               10678.151    0.108
N4 fixed point        12.00000000000000000               205464981834.427    0.000
N5 sin,cos etc.        0.49902937281518261                 295.574    3.149
N6 floating point      0.99999987890802811      1535.064              3.931
N7 assignments         3.00000000000000000                7936.568    0.260
N8 exp,sqrt etc.       0.75100163018453958                 225.448    1.846

MWIPS                                          11306.867              9.894


# COUNT0: 11307.830
# COUNT1: 0
# COUNT2: MWIPS
# TIME: 9.892
# elapsed: 11.379540
# pid: 476388
# status: 0

# COUNT0: 11306.867
# COUNT1: 0
# COUNT2: MWIPS
# TIME: 9.894
# elapsed: 11.380283
# pid: 476389
# status: 0

#### Pass 9

Calibrate
       0.00 Seconds          1   Passes (x 100)
       0.00 Seconds          5   Passes (x 100)
       0.02 Seconds         25   Passes (x 100)
       0.11 Seconds        125   Passes (x 100)
       0.56 Seconds        625   Passes (x 100)

Use 11186  passes (x 100)

          Double Precision C/C++ Whetstone Benchmark

Loop content                  Result              MFLOPS      MOPS   Seconds

N1 floating point     -1.12398255667392033      2637.841              0.081
N2 floating point     -1.12187079889294417      2903.815              0.518
N3 if then else        1.00000000000000000               10670.706    0.108
N4 fixed point        12.00000000000000000               135517597781.821    0.000
N5 sin,cos etc.        0.49902937281518261                 295.595    3.148
N6 floating point      0.99999987890802811      1535.231              3.930
N7 assignments         3.00000000000000000                7937.814    0.260
N8 exp,sqrt etc.       0.75100163018453958                 225.421    1.846

MWIPS                                          11307.348              9.893

Calibrate
       0.00 Seconds          1   Passes (x 100)
       0.00 Seconds          5   Passes (x 100)
       0.02 Seconds         25   Passes (x 100)
       0.11 Seconds        125   Passes (x 100)
       0.56 Seconds        625   Passes (x 100)

Use 11187  passes (x 100)

          Double Precision C/C++ Whetstone Benchmark

Loop content                  Result              MFLOPS      MOPS   Seconds

N1 floating point     -1.12398255667392033      2637.044              0.081
N2 floating point     -1.12187079889294417      2904.031              0.518
N3 if then else        1.00000000000000000               10682.699    0.108
N4 fixed point        12.00000000000000000                   0.000   -0.000
N5 sin,cos etc.        0.49902937281518261                 295.581    3.149
N6 floating point      0.99999987890802811      1535.110              3.931
N7 assignments         3.00000000000000000                7934.074    0.261
N8 exp,sqrt etc.       0.75100163018453958                 225.351    1.847

MWIPS                                          11306.165              9.895


# COUNT0: 11306.165
# COUNT1: 0
# COUNT2: MWIPS
# TIME: 9.895
# elapsed: 11.382790
# pid: 476400
# status: 0

# COUNT0: 11307.348
# COUNT1: 0
# COUNT2: MWIPS
# TIME: 9.893
# elapsed: 11.379830
# pid: 476401
# status: 0

#### Pass 10

Calibrate
       0.00 Seconds          1   Passes (x 100)
       0.00 Seconds          5   Passes (x 100)
       0.02 Seconds         25   Passes (x 100)
       0.11 Seconds        125   Passes (x 100)
       0.56 Seconds        625   Passes (x 100)

Use 11189  passes (x 100)

          Double Precision C/C++ Whetstone Benchmark

Loop content                  Result              MFLOPS      MOPS   Seconds

N1 floating point     -1.12398255667392033      2637.285              0.081
N2 floating point     -1.12187079889294417      2903.855              0.518
N3 if then else        1.00000000000000000               10701.491    0.108
N4 fixed point        12.00000000000000000               32400607128.190    0.000
N5 sin,cos etc.        0.49902937281518261                 295.629    3.149
N6 floating point      0.99999987890802811      1535.103              3.932
N7 assignments         3.00000000000000000                7937.810    0.260
N8 exp,sqrt etc.       0.75100163018453958                 225.473    1.846

MWIPS                                          11308.199              9.895

Calibrate
       0.00 Seconds          1   Passes (x 100)
       0.00 Seconds          5   Passes (x 100)
       0.02 Seconds         25   Passes (x 100)
       0.11 Seconds        125   Passes (x 100)
       0.56 Seconds        625   Passes (x 100)

Use 11188  passes (x 100)

          Double Precision C/C++ Whetstone Benchmark

Loop content                  Result              MFLOPS      MOPS   Seconds

N1 floating point     -1.12398255667392033      2636.059              0.081
N2 floating point     -1.12187079889294417      2903.897              0.518
N3 if then else        1.00000000000000000               10695.097    0.108
N4 fixed point        12.00000000000000000                   0.000   -0.000
N5 sin,cos etc.        0.49902937281518261                 295.588    3.149
N6 floating point      0.99999987890802811      1534.804              3.932
N7 assignments         3.00000000000000000                7924.257    0.261
N8 exp,sqrt etc.       0.75100163018453958                 225.482    1.846

MWIPS                                          11306.298              9.895


# COUNT0: 11306.298
# COUNT1: 0
# COUNT2: MWIPS
# TIME: 9.895
# elapsed: 11.383539
# pid: 476412
# status: 0

# COUNT0: 11308.199
# COUNT1: 0
# COUNT2: MWIPS
# TIME: 9.895
# elapsed: 11.381529
# pid: 476413
# status: 0

*Dump score:      22589.4
*Dump score:      22595.1
*Dump score:      22602.7
Count score:      22605.7
Count score:      22607.0
Count score:      22608.8
Count score:      22609.0
Count score:      22613.5
Count score:      22614.5
Count score:      22614.7

>>>> Sum of 2 copies
>>>> score: 22610.4447363096
>>>> time: 9.89035714285714
>>>> iterations: 7


########################################################
Execl Throughput -- 2 copies
==> "/mnt/host0/unixbench/UnixBench/pgms/execl" 30 2>&1 >> "/mnt/host0/unixbench/UnixBench/results/uarf-2025-06-04-02.log"

#### Pass 1


# COUNT0: 65079
# COUNT1: 1
# COUNT2: lps
# elapsed: 29.822652
# pid: 476424
# status: 0

# COUNT0: 64730
# COUNT1: 1
# COUNT2: lps
# elapsed: 29.820544
# pid: 476425
# status: 0

#### Pass 2


# COUNT0: 65048
# COUNT1: 1
# COUNT2: lps
# elapsed: 29.986542
# pid: 476436
# status: 0

# COUNT0: 65544
# COUNT1: 1
# COUNT2: lps
# elapsed: 29.985360
# pid: 476437
# status: 0

#### Pass 3


# COUNT0: 65060
# COUNT1: 1
# COUNT2: lps
# elapsed: 29.986772
# pid: 476448
# status: 0

# COUNT0: 65255
# COUNT1: 1
# COUNT2: lps
# elapsed: 29.986610
# pid: 476449
# status: 0

*Dump score:     129809.0
Count score:     130315.0
Count score:     130592.0

>>>> Sum of 2 copies
>>>> score: 4350.43120123012
>>>> time: 29.986321
>>>> iterations: 2


########################################################
File Copy 1024 bufsize 2000 maxblocks -- 2 copies
==> "/mnt/host0/unixbench/UnixBench/pgms/fstime" -c -t 30 -d "/mnt/host0/unixbench/UnixBench/tmp" -b 1024 -m 2000 2>&1 >> "/mnt/host0/unixbench/UnixBench/results/uarf-2025-06-04-02.log"

#### Pass 1

Write done: 360000 in 2.0086, score 44808
Read done: 434296 in 2.0000, score 54286
Copy done: 2913308 in 30.0000, score 24277
Write done: 368000 in 2.0205, score 45533
Read done: 432972 in 2.0000, score 54121
Copy done: 2914156 in 30.0000, score 24284

# COUNT0: 24277
# COUNT1: 0
# COUNT2: KBps
# TIME: 30.0
# elapsed: 45.019037
# pid: 476461
# status: 0

# COUNT0: 24284
# COUNT1: 0
# COUNT2: KBps
# TIME: 30.0
# elapsed: 45.028788
# pid: 476462
# status: 0

#### Pass 2

Write done: 416000 in 2.0015, score 51962
Read done: 378816 in 2.0000, score 47351
Copy done: 2755676 in 30.0000, score 22963
Write done: 424000 in 2.0205, score 52462
Read done: 382564 in 2.0000, score 47820
Copy done: 2769940 in 30.0000, score 23082

# COUNT0: 22963
# COUNT1: 0
# COUNT2: KBps
# TIME: 30.0
# elapsed: 45.011819
# pid: 476473
# status: 0

# COUNT0: 23082
# COUNT1: 0
# COUNT2: KBps
# TIME: 30.0
# elapsed: 45.029006
# pid: 476474
# status: 0

#### Pass 3

Write done: 368000 in 2.0211, score 45518
Read done: 440772 in 2.0000, score 55095
Copy done: 2903260 in 30.0000, score 24193
Write done: 368000 in 2.0261, score 45407
Read done: 442456 in 2.0000, score 55306
Copy done: 2917384 in 30.0000, score 24311

# COUNT0: 24193
# COUNT1: 0
# COUNT2: KBps
# TIME: 30.0
# elapsed: 45.031967
# pid: 476485
# status: 0

# COUNT0: 24311
# COUNT1: 0
# COUNT2: KBps
# TIME: 30.0
# elapsed: 45.034706
# pid: 476486
# status: 0

*Dump score:      46045.0
Count score:      48504.0
Count score:      48561.0

>>>> Sum of 2 copies
>>>> score: 48532.4916318954
>>>> time: 30
>>>> iterations: 2


########################################################
File Copy 256 bufsize 500 maxblocks -- 2 copies
==> "/mnt/host0/unixbench/UnixBench/pgms/fstime" -c -t 30 -d "/mnt/host0/unixbench/UnixBench/tmp" -b 256 -m 500 2>&1 >> "/mnt/host0/unixbench/UnixBench/results/uarf-2025-06-04-02.log"

#### Pass 1

Write done: 102000 in 2.0039, score 12725
Read done: 110695 in 2.0000, score 13836
Copy done: 737029 in 30.0000, score 6141
Write done: 106000 in 2.0082, score 13195
Read done: 110651 in 2.0000, score 13831
Copy done: 732467 in 30.0000, score 6103

# COUNT0: 6103
# COUNT1: 0
# COUNT2: KBps
# TIME: 30.0
# elapsed: 45.017111
# pid: 476497
# status: 0

# COUNT0: 6141
# COUNT1: 0
# COUNT2: KBps
# TIME: 30.0
# elapsed: 45.012929
# pid: 476498
# status: 0

#### Pass 2

Write done: 94000 in 2.0088, score 11698
Read done: 108197 in 2.0000, score 13524
Copy done: 712050 in 30.0000, score 5933
Write done: 94000 in 2.0212, score 11626
Read done: 109068 in 2.0000, score 13633
Copy done: 714924 in 30.0005, score 5957

# COUNT0: 5957
# COUNT1: 0
# COUNT2: KBps
# TIME: 30.0
# elapsed: 45.030325
# pid: 476509
# status: 0

# COUNT0: 5933
# COUNT1: 0
# COUNT2: KBps
# TIME: 30.0
# elapsed: 45.017242
# pid: 476510
# status: 0

#### Pass 3

Write done: 106000 in 2.0018, score 13238
Read done: 100360 in 2.0000, score 12544
Copy done: 700170 in 30.0001, score 5834
Write done: 108000 in 2.0204, score 13363
Read done: 101248 in 2.0000, score 12655
Copy done: 700183 in 30.0000, score 5834

# COUNT0: 5834
# COUNT1: 0
# COUNT2: KBps
# TIME: 30.0
# elapsed: 45.028750
# pid: 476521
# status: 0

# COUNT0: 5834
# COUNT1: 0
# COUNT2: KBps
# TIME: 30.0
# elapsed: 45.010197
# pid: 476522
# status: 0

*Dump score:      11668.0
Count score:      11890.0
Count score:      12244.0

>>>> Sum of 2 copies
>>>> score: 12065.7018030448
>>>> time: 30
>>>> iterations: 2


########################################################
File Copy 4096 bufsize 8000 maxblocks -- 2 copies
==> "/mnt/host0/unixbench/UnixBench/pgms/fstime" -c -t 30 -d "/mnt/host0/unixbench/UnixBench/tmp" -b 4096 -m 8000 2>&1 >> "/mnt/host0/unixbench/UnixBench/results/uarf-2025-06-04-02.log"

#### Pass 1

Write done: 1472000 in 2.0039, score 183644
Read done: 1491296 in 2.0000, score 186409
Copy done: 9883728 in 30.0000, score 82364
Write done: 1504000 in 2.0264, score 185553
Read done: 1451344 in 2.0000, score 181416
Copy done: 9852160 in 30.0000, score 82101

# COUNT0: 82364
# COUNT1: 0
# COUNT2: KBps
# TIME: 30.0
# elapsed: 45.015314
# pid: 476533
# status: 0

# COUNT0: 82101
# COUNT1: 0
# COUNT2: KBps
# TIME: 30.0
# elapsed: 45.035620
# pid: 476534
# status: 0

#### Pass 2

Write done: 1536000 in 2.0106, score 190990
Read done: 1425984 in 2.0000, score 178245
Copy done: 9887200 in 30.0000, score 82393
Write done: 1536000 in 2.0267, score 189468
Read done: 1416320 in 2.0000, score 177038
Copy done: 9925120 in 30.0000, score 82709

# COUNT0: 82709
# COUNT1: 0
# COUNT2: KBps
# TIME: 30.0
# elapsed: 45.037510
# pid: 476546
# status: 0

# COUNT0: 82393
# COUNT1: 0
# COUNT2: KBps
# TIME: 30.0
# elapsed: 45.021675
# pid: 476547
# status: 0

#### Pass 3

Write done: 1504000 in 2.0209, score 186056
Read done: 1414896 in 2.0000, score 176859
Copy done: 10111808 in 30.0001, score 84264
Write done: 1504000 in 2.0293, score 185286
Read done: 1443664 in 2.0000, score 180456
Copy done: 10078720 in 30.0041, score 83977

# COUNT0: 84264
# COUNT1: 0
# COUNT2: KBps
# TIME: 30.0
# elapsed: 45.032661
# pid: 476558
# status: 0

# COUNT0: 83977
# COUNT1: 0
# COUNT2: KBps
# TIME: 30.0
# elapsed: 45.042732
# pid: 476559
# status: 0

*Dump score:     164465.0
Count score:     165102.0
Count score:     168241.0

>>>> Sum of 2 copies
>>>> score: 166664.110059725
>>>> time: 30
>>>> iterations: 2


########################################################
Pipe Throughput -- 2 copies
==> "/mnt/host0/unixbench/UnixBench/pgms/pipe" 10 2>&1 >> "/mnt/host0/unixbench/UnixBench/results/uarf-2025-06-04-02.log"

#### Pass 1


# COUNT0: 10550099
# COUNT1: 1
# COUNT2: lps
# elapsed: 10.003517
# pid: 476570
# status: 0

# COUNT0: 10548378
# COUNT1: 1
# COUNT2: lps
# elapsed: 10.002375
# pid: 476571
# status: 0

#### Pass 2


# COUNT0: 10213022
# COUNT1: 1
# COUNT2: lps
# elapsed: 10.004802
# pid: 476582
# status: 0

# COUNT0: 10212073
# COUNT1: 1
# COUNT2: lps
# elapsed: 10.003614
# pid: 476583
# status: 0

#### Pass 3


# COUNT0: 10549617
# COUNT1: 1
# COUNT2: lps
# elapsed: 10.004643
# pid: 476594
# status: 0

# COUNT0: 10546412
# COUNT1: 1
# COUNT2: lps
# elapsed: 10.003454
# pid: 476595
# status: 0

#### Pass 4


# COUNT0: 10310994
# COUNT1: 1
# COUNT2: lps
# elapsed: 10.004284
# pid: 476606
# status: 0

# COUNT0: 10328470
# COUNT1: 1
# COUNT2: lps
# elapsed: 10.003207
# pid: 476607
# status: 0

#### Pass 5


# COUNT0: 10425384
# COUNT1: 1
# COUNT2: lps
# elapsed: 10.004602
# pid: 476618
# status: 0

# COUNT0: 10428643
# COUNT1: 1
# COUNT2: lps
# elapsed: 10.003559
# pid: 476619
# status: 0

#### Pass 6


# COUNT0: 10440198
# COUNT1: 1
# COUNT2: lps
# elapsed: 10.004326
# pid: 476630
# status: 0

# COUNT0: 10437051
# COUNT1: 1
# COUNT2: lps
# elapsed: 10.003039
# pid: 476631
# status: 0

#### Pass 7


# COUNT0: 10522799
# COUNT1: 1
# COUNT2: lps
# elapsed: 10.003205
# pid: 476642
# status: 0

# COUNT0: 10518229
# COUNT1: 1
# COUNT2: lps
# elapsed: 10.002048
# pid: 476643
# status: 0

#### Pass 8


# COUNT0: 10405193
# COUNT1: 1
# COUNT2: lps
# elapsed: 10.003384
# pid: 476654
# status: 0

# COUNT0: 10401701
# COUNT1: 1
# COUNT2: lps
# elapsed: 10.002336
# pid: 476655
# status: 0

#### Pass 9


# COUNT0: 10549313
# COUNT1: 1
# COUNT2: lps
# elapsed: 10.003586
# pid: 476666
# status: 0

# COUNT0: 10552045
# COUNT1: 1
# COUNT2: lps
# elapsed: 10.002697
# pid: 476667
# status: 0

#### Pass 10


# COUNT0: 10386741
# COUNT1: 1
# COUNT2: lps
# elapsed: 10.004365
# pid: 476678
# status: 0

# COUNT0: 10382257
# COUNT1: 1
# COUNT2: lps
# elapsed: 10.002949
# pid: 476679
# status: 0

*Dump score:   20425095.0
*Dump score:   20639464.0
*Dump score:   20768998.0
Count score:   20806894.0
Count score:   20854027.0
Count score:   20877249.0
Count score:   21041028.0
Count score:   21096029.0
Count score:   21098477.0
Count score:   21101358.0

>>>> Sum of 2 copies
>>>> score: 2097479.58162812
>>>> time: 10.0033407857143
>>>> iterations: 7


########################################################
Pipe-based Context Switching -- 2 copies
==> "/mnt/host0/unixbench/UnixBench/pgms/context1" 10 2>&1 >> "/mnt/host0/unixbench/UnixBench/results/uarf-2025-06-04-02.log"

#### Pass 1


# COUNT0: 2739078
# COUNT1: 1
# COUNT2: lps
# elapsed: 10.003846
# pid: 476690
# status: 0

# COUNT0: 2760333
# COUNT1: 1
# COUNT2: lps
# elapsed: 10.002571
# pid: 476691
# status: 0

#### Pass 2


# COUNT0: 2745964
# COUNT1: 1
# COUNT2: lps
# elapsed: 10.003959
# pid: 476704
# status: 0

# COUNT0: 2728471
# COUNT1: 1
# COUNT2: lps
# elapsed: 10.003020
# pid: 476705
# status: 0

#### Pass 3


# COUNT0: 2729099
# COUNT1: 1
# COUNT2: lps
# elapsed: 10.003732
# pid: 476718
# status: 0

# COUNT0: 2744637
# COUNT1: 1
# COUNT2: lps
# elapsed: 10.002552
# pid: 476719
# status: 0

#### Pass 4


# COUNT0: 2744496
# COUNT1: 1
# COUNT2: lps
# elapsed: 10.004334
# pid: 476732
# status: 0

# COUNT0: 2705293
# COUNT1: 1
# COUNT2: lps
# elapsed: 10.003188
# pid: 476733
# status: 0

#### Pass 5


# COUNT0: 2746795
# COUNT1: 1
# COUNT2: lps
# elapsed: 10.004039
# pid: 476746
# status: 0

# COUNT0: 2765514
# COUNT1: 1
# COUNT2: lps
# elapsed: 10.003100
# pid: 476747
# status: 0

#### Pass 6


# COUNT0: 2774496
# COUNT1: 1
# COUNT2: lps
# elapsed: 10.005313
# pid: 476760
# status: 0

# COUNT0: 2740611
# COUNT1: 1
# COUNT2: lps
# elapsed: 10.003918
# pid: 476761
# status: 0

#### Pass 7


# COUNT0: 2738748
# COUNT1: 1
# COUNT2: lps
# elapsed: 10.004583
# pid: 476774
# status: 0

# COUNT0: 2744693
# COUNT1: 1
# COUNT2: lps
# elapsed: 10.003369
# pid: 476775
# status: 0

#### Pass 8


# COUNT0: 2742509
# COUNT1: 1
# COUNT2: lps
# elapsed: 10.002982
# pid: 476789
# status: 0

# COUNT0: 2699297
# COUNT1: 1
# COUNT2: lps
# elapsed: 10.002354
# pid: 476790
# status: 0

#### Pass 9


# COUNT0: 2744072
# COUNT1: 1
# COUNT2: lps
# elapsed: 10.004593
# pid: 476803
# status: 0

# COUNT0: 2731817
# COUNT1: 1
# COUNT2: lps
# elapsed: 10.003309
# pid: 476804
# status: 0

#### Pass 10


# COUNT0: 2771981
# COUNT1: 1
# COUNT2: lps
# elapsed: 10.003282
# pid: 476817
# status: 0

# COUNT0: 2709585
# COUNT1: 1
# COUNT2: lps
# elapsed: 10.002376
# pid: 476818
# status: 0

*Dump score:    5441806.0
*Dump score:    5449789.0
*Dump score:    5473736.0
Count score:    5474435.0
Count score:    5475889.0
Count score:    5481566.0
Count score:    5483441.0
Count score:    5499411.0
Count score:    5512309.0
Count score:    5515107.0

>>>> Sum of 2 copies
>>>> score: 548970.338602292
>>>> time: 10.0036627142857
>>>> iterations: 7


########################################################
Process Creation -- 2 copies
==> "/mnt/host0/unixbench/UnixBench/pgms/spawn" 30 2>&1 >> "/mnt/host0/unixbench/UnixBench/results/uarf-2025-06-04-02.log"

#### Pass 1


# COUNT0: 497981
# COUNT1: 1
# COUNT2: lps
# elapsed: 30.003994
# pid: 476831
# status: 0

# COUNT0: 497718
# COUNT1: 1
# COUNT2: lps
# elapsed: 30.002912
# pid: 476832
# status: 0

#### Pass 2


# COUNT0: 496486
# COUNT1: 1
# COUNT2: lps
# elapsed: 30.005189
# pid: 1472543
# status: 0

# COUNT0: 519212
# COUNT1: 1
# COUNT2: lps
# elapsed: 30.003966
# pid: 1472544
# status: 0

#### Pass 3


# COUNT0: 511462
# COUNT1: 1
# COUNT2: lps
# elapsed: 30.004412
# pid: 2488255
# status: 0

# COUNT0: 509047
# COUNT1: 1
# COUNT2: lps
# elapsed: 30.003108
# pid: 2488256
# status: 0

*Dump score:     995699.0
Count score:    1015698.0
Count score:    1020509.0

>>>> Sum of 2 copies
>>>> score: 33931.9734802302
>>>> time: 30.00416875
>>>> iterations: 2


########################################################
System Call Overhead -- 2 copies
==> "/mnt/host0/unixbench/UnixBench/pgms/syscall" 10 2>&1 >> "/mnt/host0/unixbench/UnixBench/results/uarf-2025-06-04-02.log"

#### Pass 1


# COUNT0: 6853434
# COUNT1: 1
# COUNT2: lps
# elapsed: 10.004750
# pid: 3508781
# status: 0

# COUNT0: 6865243
# COUNT1: 1
# COUNT2: lps
# elapsed: 10.003607
# pid: 3508782
# status: 0

#### Pass 2


# COUNT0: 6739236
# COUNT1: 1
# COUNT2: lps
# elapsed: 10.004548
# pid: 3508793
# status: 0

# COUNT0: 6742259
# COUNT1: 1
# COUNT2: lps
# elapsed: 10.003420
# pid: 3508794
# status: 0

#### Pass 3


# COUNT0: 6583441
# COUNT1: 1
# COUNT2: lps
# elapsed: 10.008209
# pid: 3508805
# status: 0

# COUNT0: 6683809
# COUNT1: 1
# COUNT2: lps
# elapsed: 10.007229
# pid: 3508806
# status: 0

#### Pass 4


# COUNT0: 6880715
# COUNT1: 1
# COUNT2: lps
# elapsed: 10.004595
# pid: 3508817
# status: 0

# COUNT0: 6853826
# COUNT1: 1
# COUNT2: lps
# elapsed: 10.003446
# pid: 3508818
# status: 0

#### Pass 5


# COUNT0: 6526394
# COUNT1: 1
# COUNT2: lps
# elapsed: 10.003564
# pid: 3508829
# status: 0

# COUNT0: 6525960
# COUNT1: 1
# COUNT2: lps
# elapsed: 10.002322
# pid: 3508830
# status: 0

#### Pass 6


# COUNT0: 6601885
# COUNT1: 1
# COUNT2: lps
# elapsed: 10.004391
# pid: 3508841
# status: 0

# COUNT0: 6662992
# COUNT1: 1
# COUNT2: lps
# elapsed: 10.003271
# pid: 3508842
# status: 0

#### Pass 7


# COUNT0: 6676925
# COUNT1: 1
# COUNT2: lps
# elapsed: 10.003488
# pid: 3508853
# status: 0

# COUNT0: 6674767
# COUNT1: 1
# COUNT2: lps
# elapsed: 10.002275
# pid: 3508854
# status: 0

#### Pass 8


# COUNT0: 6743929
# COUNT1: 1
# COUNT2: lps
# elapsed: 10.003603
# pid: 3508865
# status: 0

# COUNT0: 6753761
# COUNT1: 1
# COUNT2: lps
# elapsed: 10.002526
# pid: 3508866
# status: 0

#### Pass 9


# COUNT0: 6556356
# COUNT1: 1
# COUNT2: lps
# elapsed: 10.003734
# pid: 3508877
# status: 0

# COUNT0: 6540946
# COUNT1: 1
# COUNT2: lps
# elapsed: 10.002595
# pid: 3508878
# status: 0

#### Pass 10


# COUNT0: 6762925
# COUNT1: 1
# COUNT2: lps
# elapsed: 10.005038
# pid: 3508889
# status: 0

# COUNT0: 6737261
# COUNT1: 1
# COUNT2: lps
# elapsed: 10.003688
# pid: 3508890
# status: 0

*Dump score:   13052354.0
*Dump score:   13097302.0
*Dump score:   13264877.0
Count score:   13267250.0
Count score:   13351692.0
Count score:   13481495.0
Count score:   13497690.0
Count score:   13500186.0
Count score:   13718677.0
Count score:   13734541.0

>>>> Sum of 2 copies
>>>> score: 1350058.94972243
>>>> time: 10.0043158571429
>>>> iterations: 7


########################################################
Shell Scripts (1 concurrent) -- 2 copies
==> "/mnt/host0/unixbench/UnixBench/pgms/looper" 60 "/mnt/host0/unixbench/UnixBench/pgms/multi.sh" 1 2>&1 >> "/mnt/host0/unixbench/UnixBench/results/uarf-2025-06-04-02.log"

#### Pass 1


# COUNT0: 5499
# COUNT1: 60
# COUNT2: lpm
# elapsed: 60.005434
# pid: 3508901
# status: 0

# COUNT0: 5504
# COUNT1: 60
# COUNT2: lpm
# elapsed: 60.005905
# pid: 3508902
# status: 0

#### Pass 2


# COUNT0: 5487
# COUNT1: 60
# COUNT2: lpm
# elapsed: 60.008391
# pid: 3607959
# status: 0

# COUNT0: 5493
# COUNT1: 60
# COUNT2: lpm
# elapsed: 60.008452
# pid: 3607960
# status: 0

#### Pass 3


# COUNT0: 5513
# COUNT1: 60
# COUNT2: lpm
# elapsed: 60.014424
# pid: 3706809
# status: 0

# COUNT0: 5511
# COUNT1: 60
# COUNT2: lpm
# elapsed: 60.012044
# pid: 3706810
# status: 0

*Dump score:      10980.0
Count score:      11003.0
Count score:      11024.0

>>>> Sum of 2 copies
>>>> score: 11011.760343223
>>>> time: 60.00945175
>>>> iterations: 2


########################################################
Shell Scripts (8 concurrent) -- 2 copies
==> "/mnt/host0/unixbench/UnixBench/pgms/looper" 60 "/mnt/host0/unixbench/UnixBench/pgms/multi.sh" 8 2>&1 >> "/mnt/host0/unixbench/UnixBench/results/uarf-2025-06-04-02.log"

#### Pass 1


# COUNT0: 880
# COUNT1: 60
# COUNT2: lpm
# elapsed: 60.011475
# pid: 3806055
# status: 0

# COUNT0: 880
# COUNT1: 60
# COUNT2: lpm
# elapsed: 60.009028
# pid: 3806056
# status: 0

#### Pass 2


# COUNT0: 881
# COUNT1: 60
# COUNT2: lpm
# elapsed: 60.055435
# pid: 3920597
# status: 0

# COUNT0: 881
# COUNT1: 60
# COUNT2: lpm
# elapsed: 60.056223
# pid: 3920598
# status: 0

#### Pass 3


# COUNT0: 878
# COUNT1: 60
# COUNT2: lpm
# elapsed: 60.044581
# pid: 4035269
# status: 0

# COUNT0: 878
# COUNT1: 60
# COUNT2: lpm
# elapsed: 60.044269
# pid: 4035270
# status: 0

*Dump score:       1756.0
Count score:       1760.0
Count score:       1762.0

>>>> Sum of 2 copies
>>>> score: 1760.03064540717
>>>> time: 60.03304025
>>>> iterations: 2

