
########################################################
Dhrystone 2 using register variables -- 1 copy
==> "/mnt/host0/unixbench/UnixBench/pgms/dhry2reg" 10 2>&1 >> "/mnt/host0/unixbench/UnixBench/results/uarf-2025-06-04-06.log"

#### Pass 1


# COUNT0: 849902460
# COUNT1: 1
# COUNT2: lps
# elapsed: 10.003048
# pid: 722194
# status: 0

#### Pass 2


# COUNT0: 820199198
# COUNT1: 1
# COUNT2: lps
# elapsed: 10.003623
# pid: 722203
# status: 0

#### Pass 3


# COUNT0: 818994450
# COUNT1: 1
# COUNT2: lps
# elapsed: 10.003098
# pid: 722212
# status: 0

#### Pass 4


# COUNT0: 846860778
# COUNT1: 1
# COUNT2: lps
# elapsed: 10.004285
# pid: 722221
# status: 0

#### Pass 5


# COUNT0: 823657472
# COUNT1: 1
# COUNT2: lps
# elapsed: 10.004057
# pid: 722230
# status: 0

#### Pass 6


# COUNT0: 814297593
# COUNT1: 1
# COUNT2: lps
# elapsed: 10.003164
# pid: 722239
# status: 0

#### Pass 7


# COUNT0: 820843106
# COUNT1: 1
# COUNT2: lps
# elapsed: 10.004274
# pid: 722248
# status: 0

#### Pass 8


# COUNT0: 816687684
# COUNT1: 1
# COUNT2: lps
# elapsed: 10.003572
# pid: 722263
# status: 0

#### Pass 9


# COUNT0: 820901659
# COUNT1: 1
# COUNT2: lps
# elapsed: 10.003764
# pid: 722272
# status: 0

#### Pass 10


# COUNT0: 846088756
# COUNT1: 1
# COUNT2: lps
# elapsed: 10.003387
# pid: 722281
# status: 0

*Dump score:  814297593.0
*Dump score:  816687684.0
*Dump score:  818994450.0
Count score:  820199198.0
Count score:  820843106.0
Count score:  820901659.0
Count score:  823657472.0
Count score:  846088756.0
Count score:  846860778.0
Count score:  849902460.0

>>>> Results of 1 copy
>>>> score: 83221980.6176039
>>>> time: 10.0037768571429
>>>> iterations: 7


########################################################
Double-Precision Whetstone -- 1 copy
==> "/mnt/host0/unixbench/UnixBench/pgms/whetstone-double"  2>&1 >> "/mnt/host0/unixbench/UnixBench/results/uarf-2025-06-04-06.log"

#### Pass 1

Calibrate
       0.00 Seconds          1   Passes (x 100)
       0.00 Seconds          5   Passes (x 100)
       0.02 Seconds         25   Passes (x 100)
       0.11 Seconds        125   Passes (x 100)
       0.52 Seconds        625   Passes (x 100)

Use 12024  passes (x 100)

          Double Precision C/C++ Whetstone Benchmark

Loop content                  Result              MFLOPS      MOPS   Seconds

N1 floating point     -1.12398255667392033      2659.203              0.087
N2 floating point     -1.12187079889294417      2963.298              0.545
N3 if then else        1.00000000000000000               16037.784    0.078
N4 fixed point        12.00000000000000000                   0.000   -0.000
N5 sin,cos etc.        0.49902937281518261                 355.372    2.815
N6 floating point      0.99999987890802811      1536.898              4.220
N7 assignments         3.00000000000000000                8071.381    0.275
N8 exp,sqrt etc.       0.75100163018453958                 240.888    1.857

MWIPS                                          12173.733              9.877


# COUNT0: 12173.733
# COUNT1: 0
# COUNT2: MWIPS
# TIME: 9.877
# elapsed: 11.363883
# pid: 722290
# status: 0

#### Pass 2

Calibrate
       0.00 Seconds          1   Passes (x 100)
       0.00 Seconds          5   Passes (x 100)
       0.02 Seconds         25   Passes (x 100)
       0.11 Seconds        125   Passes (x 100)
       0.52 Seconds        625   Passes (x 100)

Use 12020  passes (x 100)

          Double Precision C/C++ Whetstone Benchmark

Loop content                  Result              MFLOPS      MOPS   Seconds

N1 floating point     -1.12398255667392033      2658.891              0.087
N2 floating point     -1.12187079889294417      2966.713              0.545
N3 if then else        1.00000000000000000               16034.905    0.078
N4 fixed point        12.00000000000000000               53512820919.938    0.000
N5 sin,cos etc.        0.49902937281518261                 355.515    2.813
N6 floating point      0.99999987890802811      1537.192              4.218
N7 assignments         3.00000000000000000                8070.691    0.275
N8 exp,sqrt etc.       0.75100163018453958                 240.800    1.857

MWIPS                                          12176.011              9.872


# COUNT0: 12176.011
# COUNT1: 0
# COUNT2: MWIPS
# TIME: 9.872
# elapsed: 11.358612
# pid: 722299
# status: 0

#### Pass 3

Calibrate
       0.00 Seconds          1   Passes (x 100)
       0.00 Seconds          5   Passes (x 100)
       0.02 Seconds         25   Passes (x 100)
       0.11 Seconds        125   Passes (x 100)
       0.52 Seconds        625   Passes (x 100)

Use 12024  passes (x 100)

          Double Precision C/C++ Whetstone Benchmark

Loop content                  Result              MFLOPS      MOPS   Seconds

N1 floating point     -1.12398255667392033      2661.701              0.087
N2 floating point     -1.12187079889294417      2968.120              0.544
N3 if then else        1.00000000000000000               16031.567    0.078
N4 fixed point        12.00000000000000000               78575982265.278    0.000
N5 sin,cos etc.        0.49902937281518261                 355.533    2.814
N6 floating point      0.99999987890802811      1536.669              4.221
N7 assignments         3.00000000000000000                8071.675    0.275
N8 exp,sqrt etc.       0.75100163018453958                 240.867    1.857

MWIPS                                          12175.500              9.876


# COUNT0: 12175.500
# COUNT1: 0
# COUNT2: MWIPS
# TIME: 9.876
# elapsed: 11.361761
# pid: 722308
# status: 0

#### Pass 4

Calibrate
       0.00 Seconds          1   Passes (x 100)
       0.00 Seconds          5   Passes (x 100)
       0.02 Seconds         25   Passes (x 100)
       0.11 Seconds        125   Passes (x 100)
       0.52 Seconds        625   Passes (x 100)

Use 12018  passes (x 100)

          Double Precision C/C++ Whetstone Benchmark

Loop content                  Result              MFLOPS      MOPS   Seconds

N1 floating point     -1.12398255667392033      2665.718              0.087
N2 floating point     -1.12187079889294417      2966.099              0.545
N3 if then else        1.00000000000000000               16034.346    0.078
N4 fixed point        12.00000000000000000               34864764159.122    0.000
N5 sin,cos etc.        0.49902937281518261                 355.315    2.814
N6 floating point      0.99999987890802811      1537.009              4.218
N7 assignments         3.00000000000000000                8071.810    0.275
N8 exp,sqrt etc.       0.75100163018453958                 240.857    1.856

MWIPS                                          12174.154              9.872


# COUNT0: 12174.154
# COUNT1: 0
# COUNT2: MWIPS
# TIME: 9.872
# elapsed: 11.356395
# pid: 722317
# status: 0

#### Pass 5

Calibrate
       0.00 Seconds          1   Passes (x 100)
       0.00 Seconds          5   Passes (x 100)
       0.02 Seconds         25   Passes (x 100)
       0.11 Seconds        125   Passes (x 100)
       0.52 Seconds        625   Passes (x 100)

Use 12015  passes (x 100)

          Double Precision C/C++ Whetstone Benchmark

Loop content                  Result              MFLOPS      MOPS   Seconds

N1 floating point     -1.12398255667392033      2655.845              0.087
N2 floating point     -1.12187079889294417      2965.920              0.544
N3 if then else        1.00000000000000000               16027.228    0.078
N4 fixed point        12.00000000000000000                   0.000   -0.000
N5 sin,cos etc.        0.49902937281518261                 355.286    2.814
N6 floating point      0.99999987890802811      1536.728              4.217
N7 assignments         3.00000000000000000                8069.822    0.275
N8 exp,sqrt etc.       0.75100163018453958                 240.858    1.856

MWIPS                                          12172.376              9.871


# COUNT0: 12172.376
# COUNT1: 0
# COUNT2: MWIPS
# TIME: 9.871
# elapsed: 11.359691
# pid: 722326
# status: 0

#### Pass 6

Calibrate
       0.00 Seconds          1   Passes (x 100)
       0.00 Seconds          5   Passes (x 100)
       0.02 Seconds         25   Passes (x 100)
       0.11 Seconds        125   Passes (x 100)
       0.52 Seconds        625   Passes (x 100)

Use 12023  passes (x 100)

          Double Precision C/C++ Whetstone Benchmark

Loop content                  Result              MFLOPS      MOPS   Seconds

N1 floating point     -1.12398255667392033      2655.803              0.087
N2 floating point     -1.12187079889294417      2966.729              0.545
N3 if then else        1.00000000000000000               16037.283    0.078
N4 fixed point        12.00000000000000000                   0.000   -0.000
N5 sin,cos etc.        0.49902937281518261                 355.285    2.816
N6 floating point      0.99999987890802811      1537.124              4.219
N7 assignments         3.00000000000000000                8071.358    0.275
N8 exp,sqrt etc.       0.75100163018453958                 240.940    1.856

MWIPS                                          12174.787              9.875


# COUNT0: 12174.787
# COUNT1: 0
# COUNT2: MWIPS
# TIME: 9.875
# elapsed: 11.363347
# pid: 722335
# status: 0

#### Pass 7

Calibrate
       0.00 Seconds          1   Passes (x 100)
       0.00 Seconds          5   Passes (x 100)
       0.02 Seconds         25   Passes (x 100)
       0.11 Seconds        125   Passes (x 100)
       0.52 Seconds        625   Passes (x 100)

Use 12021  passes (x 100)

          Double Precision C/C++ Whetstone Benchmark

Loop content                  Result              MFLOPS      MOPS   Seconds

N1 floating point     -1.12398255667392033      2661.964              0.087
N2 floating point     -1.12187079889294417      2966.633              0.545
N3 if then else        1.00000000000000000               16033.803    0.078
N4 fixed point        12.00000000000000000               39253338060.518    0.000
N5 sin,cos etc.        0.49902937281518261                 355.354    2.815
N6 floating point      0.99999987890802811      1536.704              4.220
N7 assignments         3.00000000000000000                8070.073    0.275
N8 exp,sqrt etc.       0.75100163018453958                 240.888    1.856

MWIPS                                          12173.696              9.875


# COUNT0: 12173.696
# COUNT1: 0
# COUNT2: MWIPS
# TIME: 9.875
# elapsed: 11.361673
# pid: 722345
# status: 0

#### Pass 8

Calibrate
       0.00 Seconds          1   Passes (x 100)
       0.00 Seconds          5   Passes (x 100)
       0.02 Seconds         25   Passes (x 100)
       0.11 Seconds        125   Passes (x 100)
       0.52 Seconds        625   Passes (x 100)

Use 12021  passes (x 100)

          Double Precision C/C++ Whetstone Benchmark

Loop content                  Result              MFLOPS      MOPS   Seconds

N1 floating point     -1.12398255667392033      2660.200              0.087
N2 floating point     -1.12187079889294417      2967.619              0.544
N3 if then else        1.00000000000000000               16035.445    0.078
N4 fixed point        12.00000000000000000                   0.000   -0.000
N5 sin,cos etc.        0.49902937281518261                 355.371    2.814
N6 floating point      0.99999987890802811      1536.835              4.219
N7 assignments         3.00000000000000000                8070.801    0.275
N8 exp,sqrt etc.       0.75100163018453958                 240.870    1.857

MWIPS                                          12174.327              9.874


# COUNT0: 12174.327
# COUNT1: 0
# COUNT2: MWIPS
# TIME: 9.874
# elapsed: 11.360239
# pid: 722354
# status: 0

#### Pass 9

Calibrate
       0.00 Seconds          1   Passes (x 100)
       0.00 Seconds          5   Passes (x 100)
       0.02 Seconds         25   Passes (x 100)
       0.11 Seconds        125   Passes (x 100)
       0.52 Seconds        625   Passes (x 100)

Use 12023  passes (x 100)

          Double Precision C/C++ Whetstone Benchmark

Loop content                  Result              MFLOPS      MOPS   Seconds

N1 floating point     -1.12398255667392033      2655.986              0.087
N2 floating point     -1.12187079889294417      2966.942              0.545
N3 if then else        1.00000000000000000               16031.678    0.078
N4 fixed point        12.00000000000000000               255613688627.895    0.000
N5 sin,cos etc.        0.49902937281518261                 355.309    2.815
N6 floating point      0.99999987890802811      1536.795              4.220
N7 assignments         3.00000000000000000                8070.858    0.275
N8 exp,sqrt etc.       0.75100163018453958                 240.838    1.857

MWIPS                                          12172.942              9.877


# COUNT0: 12172.942
# COUNT1: 0
# COUNT2: MWIPS
# TIME: 9.877
# elapsed: 11.364939
# pid: 722363
# status: 0

#### Pass 10

Calibrate
       0.00 Seconds          1   Passes (x 100)
       0.00 Seconds          5   Passes (x 100)
       0.02 Seconds         25   Passes (x 100)
       0.11 Seconds        125   Passes (x 100)
       0.52 Seconds        625   Passes (x 100)

Use 12022  passes (x 100)

          Double Precision C/C++ Whetstone Benchmark

Loop content                  Result              MFLOPS      MOPS   Seconds

N1 floating point     -1.12398255667392033      2656.196              0.087
N2 floating point     -1.12187079889294417      2968.106              0.544
N3 if then else        1.00000000000000000               16038.612    0.078
N4 fixed point        12.00000000000000000               79013129307.252    0.000
N5 sin,cos etc.        0.49902937281518261                 355.382    2.815
N6 floating point      0.99999987890802811      1537.220              4.218
N7 assignments         3.00000000000000000                8070.244    0.275
N8 exp,sqrt etc.       0.75100163018453958                 240.873    1.857

MWIPS                                          12175.708              9.874


# COUNT0: 12175.708
# COUNT1: 0
# COUNT2: MWIPS
# TIME: 9.874
# elapsed: 11.362114
# pid: 722372
# status: 0

*Dump score:      12172.4
*Dump score:      12172.9
*Dump score:      12173.7
Count score:      12173.7
Count score:      12174.2
Count score:      12174.3
Count score:      12174.8
Count score:      12175.5
Count score:      12175.7
Count score:      12176.0

>>>> Results of 1 copy
>>>> score: 12174.8885449938
>>>> time: 9.87428571428572
>>>> iterations: 7


########################################################
Execl Throughput -- 1 copy
==> "/mnt/host0/unixbench/UnixBench/pgms/execl" 30 2>&1 >> "/mnt/host0/unixbench/UnixBench/results/uarf-2025-06-04-06.log"

#### Pass 1


# COUNT0: 84669
# COUNT1: 1
# COUNT2: lps
# elapsed: 29.273119
# pid: 722381
# status: 0

#### Pass 2


# COUNT0: 92352
# COUNT1: 1
# COUNT2: lps
# elapsed: 29.981997
# pid: 722391
# status: 0

#### Pass 3


# COUNT0: 91490
# COUNT1: 1
# COUNT2: lps
# elapsed: 29.989225
# pid: 722400
# status: 0

*Dump score:      84669.0
Count score:      91490.0
Count score:      92352.0

>>>> Results of 1 copy
>>>> score: 3065.46997570791
>>>> time: 29.985611
>>>> iterations: 2


########################################################
File Copy 1024 bufsize 2000 maxblocks -- 1 copy
==> "/mnt/host0/unixbench/UnixBench/pgms/fstime" -c -t 30 -d "/mnt/host0/unixbench/UnixBench/tmp" -b 1024 -m 2000 2>&1 >> "/mnt/host0/unixbench/UnixBench/results/uarf-2025-06-04-06.log"

#### Pass 1

Write done: 464000 in 2.0152, score 57562
Read done: 449944 in 2.0000, score 56242
Copy done: 3400852 in 30.0001, score 28340

# COUNT0: 28340
# COUNT1: 0
# COUNT2: KBps
# TIME: 30.0
# elapsed: 45.023953
# pid: 722409
# status: 0

#### Pass 2

Write done: 448000 in 2.0354, score 55024
Read done: 416384 in 2.0000, score 52047
Copy done: 3779052 in 30.0000, score 31492

# COUNT0: 31492
# COUNT1: 0
# COUNT2: KBps
# TIME: 30.0
# elapsed: 45.044427
# pid: 722418
# status: 0

#### Pass 3

Write done: 440000 in 2.0170, score 54536
Read done: 485620 in 2.0000, score 60701
Copy done: 3597464 in 30.0000, score 29978

# COUNT0: 29978
# COUNT1: 0
# COUNT2: KBps
# TIME: 30.0
# elapsed: 45.026562
# pid: 722427
# status: 0

*Dump score:      28340.0
Count score:      29978.0
Count score:      31492.0

>>>> Results of 1 copy
>>>> score: 30725.6761683124
>>>> time: 30
>>>> iterations: 2


########################################################
File Copy 256 bufsize 500 maxblocks -- 1 copy
==> "/mnt/host0/unixbench/UnixBench/pgms/fstime" -c -t 30 -d "/mnt/host0/unixbench/UnixBench/tmp" -b 256 -m 500 2>&1 >> "/mnt/host0/unixbench/UnixBench/results/uarf-2025-06-04-06.log"

#### Pass 1

Write done: 114000 in 2.0097, score 14181
Read done: 115152 in 2.0000, score 14393
Copy done: 876050 in 30.0000, score 7300

# COUNT0: 7300
# COUNT1: 0
# COUNT2: KBps
# TIME: 30.0
# elapsed: 45.019434
# pid: 722436
# status: 0

#### Pass 2

Write done: 122000 in 2.0156, score 15131
Read done: 137659 in 2.0000, score 17207
Copy done: 881761 in 30.0000, score 7348

# COUNT0: 7348
# COUNT1: 0
# COUNT2: KBps
# TIME: 30.0
# elapsed: 45.023845
# pid: 722446
# status: 0

#### Pass 3

Write done: 108000 in 2.0003, score 13498
Read done: 135598 in 2.0000, score 16949
Copy done: 856049 in 30.0000, score 7133

# COUNT0: 7133
# COUNT1: 0
# COUNT2: KBps
# TIME: 30.0
# elapsed: 45.009268
# pid: 722455
# status: 0

*Dump score:       7133.0
Count score:       7300.0
Count score:       7348.0

>>>> Results of 1 copy
>>>> score: 7323.96067712
>>>> time: 30
>>>> iterations: 2


########################################################
File Copy 4096 bufsize 8000 maxblocks -- 1 copy
==> "/mnt/host0/unixbench/UnixBench/pgms/fstime" -c -t 30 -d "/mnt/host0/unixbench/UnixBench/tmp" -b 4096 -m 8000 2>&1 >> "/mnt/host0/unixbench/UnixBench/results/uarf-2025-06-04-06.log"

#### Pass 1

Write done: 2112000 in 2.0187, score 261559
Read done: 1853216 in 2.0000, score 231651
Copy done: 13709792 in 30.0000, score 114248

# COUNT0: 114248
# COUNT1: 0
# COUNT2: KBps
# TIME: 30.0
# elapsed: 45.028699
# pid: 722464
# status: 0

#### Pass 2

Write done: 1760000 in 2.0253, score 217256
Read done: 1653344 in 2.0000, score 206667
Copy done: 14005648 in 30.0000, score 116713

# COUNT0: 116713
# COUNT1: 0
# COUNT2: KBps
# TIME: 30.0
# elapsed: 45.035604
# pid: 722473
# status: 0

#### Pass 3

Write done: 2304000 in 2.0009, score 287876
Read done: 1980384 in 2.0000, score 247545
Copy done: 13538272 in 30.0000, score 112818

# COUNT0: 112818
# COUNT1: 0
# COUNT2: KBps
# TIME: 30.0
# elapsed: 45.011537
# pid: 722482
# status: 0

*Dump score:     112818.0
Count score:     114248.0
Count score:     116713.0

>>>> Results of 1 copy
>>>> score: 115473.922701188
>>>> time: 30
>>>> iterations: 2


########################################################
Pipe Throughput -- 1 copy
==> "/mnt/host0/unixbench/UnixBench/pgms/pipe" 10 2>&1 >> "/mnt/host0/unixbench/UnixBench/results/uarf-2025-06-04-06.log"

#### Pass 1


# COUNT0: 12723464
# COUNT1: 1
# COUNT2: lps
# elapsed: 10.003775
# pid: 722491
# status: 0

#### Pass 2


# COUNT0: 12693908
# COUNT1: 1
# COUNT2: lps
# elapsed: 10.003730
# pid: 722500
# status: 0

#### Pass 3


# COUNT0: 12425218
# COUNT1: 1
# COUNT2: lps
# elapsed: 10.003874
# pid: 722509
# status: 0

#### Pass 4


# COUNT0: 12857902
# COUNT1: 1
# COUNT2: lps
# elapsed: 10.003307
# pid: 722518
# status: 0

#### Pass 5


# COUNT0: 12849370
# COUNT1: 1
# COUNT2: lps
# elapsed: 10.002816
# pid: 722527
# status: 0

#### Pass 6


# COUNT0: 12415421
# COUNT1: 1
# COUNT2: lps
# elapsed: 10.004393
# pid: 722537
# status: 0

#### Pass 7


# COUNT0: 12611221
# COUNT1: 1
# COUNT2: lps
# elapsed: 10.002950
# pid: 722546
# status: 0

#### Pass 8


# COUNT0: 12553499
# COUNT1: 1
# COUNT2: lps
# elapsed: 10.003258
# pid: 722555
# status: 0

#### Pass 9


# COUNT0: 12608308
# COUNT1: 1
# COUNT2: lps
# elapsed: 10.003367
# pid: 722564
# status: 0

#### Pass 10


# COUNT0: 12363452
# COUNT1: 1
# COUNT2: lps
# elapsed: 10.003547
# pid: 722573
# status: 0

*Dump score:   12363452.0
*Dump score:   12415421.0
*Dump score:   12425218.0
Count score:   12553499.0
Count score:   12608308.0
Count score:   12611221.0
Count score:   12693908.0
Count score:   12723464.0
Count score:   12849370.0
Count score:   12857902.0

>>>> Results of 1 copy
>>>> score: 1269497.8847948
>>>> time: 10.0033147142857
>>>> iterations: 7


########################################################
Pipe-based Context Switching -- 1 copy
==> "/mnt/host0/unixbench/UnixBench/pgms/context1" 10 2>&1 >> "/mnt/host0/unixbench/UnixBench/results/uarf-2025-06-04-06.log"

#### Pass 1


# COUNT0: 902714
# COUNT1: 1
# COUNT2: lps
# elapsed: 10.003710
# pid: 722582
# status: 0

#### Pass 2


# COUNT0: 900788
# COUNT1: 1
# COUNT2: lps
# elapsed: 10.003010
# pid: 722592
# status: 0

#### Pass 3


# COUNT0: 901508
# COUNT1: 1
# COUNT2: lps
# elapsed: 10.003542
# pid: 722602
# status: 0

#### Pass 4


# COUNT0: 915456
# COUNT1: 1
# COUNT2: lps
# elapsed: 10.002856
# pid: 722612
# status: 0

#### Pass 5


# COUNT0: 901449
# COUNT1: 1
# COUNT2: lps
# elapsed: 10.004340
# pid: 722622
# status: 0

#### Pass 6


# COUNT0: 911935
# COUNT1: 1
# COUNT2: lps
# elapsed: 10.003495
# pid: 722632
# status: 0

#### Pass 7


# COUNT0: 907185
# COUNT1: 1
# COUNT2: lps
# elapsed: 10.003057
# pid: 722642
# status: 0

#### Pass 8


# COUNT0: 905898
# COUNT1: 1
# COUNT2: lps
# elapsed: 10.003322
# pid: 722652
# status: 0

#### Pass 9


# COUNT0: 908161
# COUNT1: 1
# COUNT2: lps
# elapsed: 10.003603
# pid: 722662
# status: 0

#### Pass 10


# COUNT0: 899459
# COUNT1: 1
# COUNT2: lps
# elapsed: 10.003989
# pid: 722672
# status: 0

*Dump score:     899459.0
*Dump score:     900788.0
*Dump score:     901449.0
Count score:     901508.0
Count score:     902714.0
Count score:     905898.0
Count score:     907185.0
Count score:     908161.0
Count score:     911935.0
Count score:     915456.0

>>>> Results of 1 copy
>>>> score: 90723.3939719497
>>>> time: 10.0033692857143
>>>> iterations: 7


########################################################
Process Creation -- 1 copy
==> "/mnt/host0/unixbench/UnixBench/pgms/spawn" 30 2>&1 >> "/mnt/host0/unixbench/UnixBench/results/uarf-2025-06-04-06.log"

#### Pass 1


# COUNT0: 509510
# COUNT1: 1
# COUNT2: lps
# elapsed: 30.003233
# pid: 722682
# status: 0

#### Pass 2


# COUNT0: 517725
# COUNT1: 1
# COUNT2: lps
# elapsed: 30.003722
# pid: 1232202
# status: 0

#### Pass 3


# COUNT0: 526924
# COUNT1: 1
# COUNT2: lps
# elapsed: 30.003046
# pid: 1749938
# status: 0

*Dump score:     509510.0
Count score:     517725.0
Count score:     526924.0

>>>> Results of 1 copy
>>>> score: 17408.1779720685
>>>> time: 30.003384
>>>> iterations: 2


########################################################
System Call Overhead -- 1 copy
==> "/mnt/host0/unixbench/UnixBench/pgms/syscall" 10 2>&1 >> "/mnt/host0/unixbench/UnixBench/results/uarf-2025-06-04-06.log"

#### Pass 1


# COUNT0: 8183074
# COUNT1: 1
# COUNT2: lps
# elapsed: 10.003384
# pid: 2276872
# status: 0

#### Pass 2


# COUNT0: 8157880
# COUNT1: 1
# COUNT2: lps
# elapsed: 10.003660
# pid: 2276881
# status: 0

#### Pass 3


# COUNT0: 8153493
# COUNT1: 1
# COUNT2: lps
# elapsed: 10.004429
# pid: 2276890
# status: 0

#### Pass 4


# COUNT0: 8100508
# COUNT1: 1
# COUNT2: lps
# elapsed: 10.004117
# pid: 2276900
# status: 0

#### Pass 5


# COUNT0: 8006986
# COUNT1: 1
# COUNT2: lps
# elapsed: 10.003198
# pid: 2276909
# status: 0

#### Pass 6


# COUNT0: 8195382
# COUNT1: 1
# COUNT2: lps
# elapsed: 10.004118
# pid: 2276918
# status: 0

#### Pass 7


# COUNT0: 7727198
# COUNT1: 1
# COUNT2: lps
# elapsed: 10.003684
# pid: 2276927
# status: 0

#### Pass 8


# COUNT0: 8103595
# COUNT1: 1
# COUNT2: lps
# elapsed: 10.003447
# pid: 2276936
# status: 0

#### Pass 9


# COUNT0: 7704160
# COUNT1: 1
# COUNT2: lps
# elapsed: 10.003496
# pid: 2276945
# status: 0

#### Pass 10


# COUNT0: 7921384
# COUNT1: 1
# COUNT2: lps
# elapsed: 10.003738
# pid: 2276954
# status: 0

*Dump score:    7704160.0
*Dump score:    7727198.0
*Dump score:    7921384.0
Count score:    8006986.0
Count score:    8100508.0
Count score:    8103595.0
Count score:    8153493.0
Count score:    8157880.0
Count score:    8183074.0
Count score:    8195382.0

>>>> Results of 1 copy
>>>> score: 812542.197325381
>>>> time: 10.0037647142857
>>>> iterations: 7


########################################################
Shell Scripts (1 concurrent) -- 1 copy
==> "/mnt/host0/unixbench/UnixBench/pgms/looper" 60 "/mnt/host0/unixbench/UnixBench/pgms/multi.sh" 1 2>&1 >> "/mnt/host0/unixbench/UnixBench/results/uarf-2025-06-04-06.log"

#### Pass 1


# COUNT0: 8446
# COUNT1: 60
# COUNT2: lpm
# elapsed: 60.008997
# pid: 2276963
# status: 0

#### Pass 2


# COUNT0: 8475
# COUNT1: 60
# COUNT2: lpm
# elapsed: 60.004506
# pid: 2352995
# status: 0

#### Pass 3


# COUNT0: 8444
# COUNT1: 60
# COUNT2: lpm
# elapsed: 60.014966
# pid: 2429288
# status: 0

*Dump score:       8444.0
Count score:       8446.0
Count score:       8475.0

>>>> Results of 1 copy
>>>> score: 8459.53567127456
>>>> time: 60.0067515
>>>> iterations: 2


########################################################
Shell Scripts (8 concurrent) -- 1 copy
==> "/mnt/host0/unixbench/UnixBench/pgms/looper" 60 "/mnt/host0/unixbench/UnixBench/pgms/multi.sh" 8 2>&1 >> "/mnt/host0/unixbench/UnixBench/results/uarf-2025-06-04-06.log"

#### Pass 1


# COUNT0: 1666
# COUNT1: 60
# COUNT2: lpm
# elapsed: 60.018070
# pid: 2505302
# status: 0

#### Pass 2


# COUNT0: 1663
# COUNT1: 60
# COUNT2: lpm
# elapsed: 60.028282
# pid: 2613712
# status: 0

#### Pass 3


# COUNT0: 1673
# COUNT1: 60
# COUNT2: lpm
# elapsed: 60.038265
# pid: 2721881
# status: 0

*Dump score:       1663.0
Count score:       1666.0
Count score:       1673.0

>>>> Results of 1 copy
>>>> score: 1668.71296364577
>>>> time: 60.0281675
>>>> iterations: 2


########################################################
Dhrystone 2 using register variables -- 2 copies
==> "/mnt/host0/unixbench/UnixBench/pgms/dhry2reg" 10 2>&1 >> "/mnt/host0/unixbench/UnixBench/results/uarf-2025-06-04-06.log"

#### Pass 1


# COUNT0: 619852806
# COUNT1: 1
# COUNT2: lps
# elapsed: 10.004470
# pid: 2830700
# status: 0

# COUNT0: 620038634
# COUNT1: 1
# COUNT2: lps
# elapsed: 10.002634
# pid: 2830701
# status: 0

#### Pass 2


# COUNT0: 628432796
# COUNT1: 1
# COUNT2: lps
# elapsed: 10.004974
# pid: 2830712
# status: 0

# COUNT0: 628962109
# COUNT1: 1
# COUNT2: lps
# elapsed: 10.003892
# pid: 2830713
# status: 0

#### Pass 3


# COUNT0: 624943845
# COUNT1: 1
# COUNT2: lps
# elapsed: 10.004147
# pid: 2830724
# status: 0

# COUNT0: 625047937
# COUNT1: 1
# COUNT2: lps
# elapsed: 10.002942
# pid: 2830725
# status: 0

#### Pass 4


# COUNT0: 622254857
# COUNT1: 1
# COUNT2: lps
# elapsed: 10.004452
# pid: 2830736
# status: 0

# COUNT0: 622526598
# COUNT1: 1
# COUNT2: lps
# elapsed: 10.003371
# pid: 2830737
# status: 0

#### Pass 5


# COUNT0: 630412885
# COUNT1: 1
# COUNT2: lps
# elapsed: 10.004420
# pid: 2830748
# status: 0

# COUNT0: 630395736
# COUNT1: 1
# COUNT2: lps
# elapsed: 10.003314
# pid: 2830749
# status: 0

#### Pass 6


# COUNT0: 628782940
# COUNT1: 1
# COUNT2: lps
# elapsed: 10.003784
# pid: 2830760
# status: 0

# COUNT0: 628732886
# COUNT1: 1
# COUNT2: lps
# elapsed: 10.003140
# pid: 2830761
# status: 0

#### Pass 7


# COUNT0: 630730377
# COUNT1: 1
# COUNT2: lps
# elapsed: 10.003547
# pid: 2830772
# status: 0

# COUNT0: 630679878
# COUNT1: 1
# COUNT2: lps
# elapsed: 10.002441
# pid: 2830773
# status: 0

#### Pass 8


# COUNT0: 609059807
# COUNT1: 1
# COUNT2: lps
# elapsed: 10.004275
# pid: 2830784
# status: 0

# COUNT0: 611685547
# COUNT1: 1
# COUNT2: lps
# elapsed: 10.003149
# pid: 2830785
# status: 0

#### Pass 9


# COUNT0: 620075485
# COUNT1: 1
# COUNT2: lps
# elapsed: 10.004857
# pid: 2830796
# status: 0

# COUNT0: 620094511
# COUNT1: 1
# COUNT2: lps
# elapsed: 10.003733
# pid: 2830797
# status: 0

#### Pass 10


# COUNT0: 620297236
# COUNT1: 1
# COUNT2: lps
# elapsed: 10.004011
# pid: 2830809
# status: 0

# COUNT0: 620317310
# COUNT1: 1
# COUNT2: lps
# elapsed: 10.002916
# pid: 2830810
# status: 0

*Dump score: 1220745354.0
*Dump score: 1239891440.0
*Dump score: 1240169996.0
Count score: 1240614546.0
Count score: 1244781455.0
Count score: 1249991782.0
Count score: 1257394905.0
Count score: 1257515826.0
Count score: 1260808621.0
Count score: 1261410255.0

>>>> Sum of 2 copies
>>>> score: 125273437.127009
>>>> time: 10.0036679285714
>>>> iterations: 7


########################################################
Double-Precision Whetstone -- 2 copies
==> "/mnt/host0/unixbench/UnixBench/pgms/whetstone-double"  2>&1 >> "/mnt/host0/unixbench/UnixBench/results/uarf-2025-06-04-06.log"

#### Pass 1

Calibrate
       0.00 Seconds          1   Passes (x 100)
       0.00 Seconds          5   Passes (x 100)
       0.02 Seconds         25   Passes (x 100)
       0.11 Seconds        125   Passes (x 100)
       0.56 Seconds        625   Passes (x 100)

Use 11166  passes (x 100)

          Double Precision C/C++ Whetstone Benchmark

Loop content                  Result              MFLOPS      MOPS   Seconds

N1 floating point     -1.12398255667392033      2636.405              0.081
N2 floating point     -1.12187079889294417      2902.469              0.517
N3 if then else        1.00000000000000000               10695.105    0.108
N4 fixed point        12.00000000000000000                   0.000   -0.000
N5 sin,cos etc.        0.49902937281518261                 294.533    3.154
N6 floating point      0.99999987890802811      1533.846              3.927
N7 assignments         3.00000000000000000                7932.181    0.260
N8 exp,sqrt etc.       0.75100163018453958                 225.054    1.846

MWIPS                                          11286.641              9.893

Calibrate
       0.00 Seconds          1   Passes (x 100)
       0.00 Seconds          5   Passes (x 100)
       0.02 Seconds         25   Passes (x 100)
       0.11 Seconds        125   Passes (x 100)
       0.56 Seconds        625   Passes (x 100)

Use 11171  passes (x 100)

          Double Precision C/C++ Whetstone Benchmark

Loop content                  Result              MFLOPS      MOPS   Seconds

N1 floating point     -1.12398255667392033      2636.447              0.081
N2 floating point     -1.12187079889294417      2902.579              0.517
N3 if then else        1.00000000000000000               10712.477    0.108
N4 fixed point        12.00000000000000000               109815395074.963    0.000
N5 sin,cos etc.        0.49902937281518261                 294.463    3.156
N6 floating point      0.99999987890802811      1533.955              3.928
N7 assignments         3.00000000000000000                7921.786    0.261
N8 exp,sqrt etc.       0.75100163018453958                 225.090    1.846

MWIPS                                          11286.283              9.898


# COUNT0: 11286.283
# COUNT1: 0
# COUNT2: MWIPS
# TIME: 9.898
# elapsed: 11.386778
# pid: 2830821
# status: 0

# COUNT0: 11286.641
# COUNT1: 0
# COUNT2: MWIPS
# TIME: 9.893
# elapsed: 11.384583
# pid: 2830822
# status: 0

#### Pass 2

Calibrate
       0.00 Seconds          1   Passes (x 100)
       0.00 Seconds          5   Passes (x 100)
       0.02 Seconds         25   Passes (x 100)
       0.11 Seconds        125   Passes (x 100)
       0.56 Seconds        625   Passes (x 100)

Use 11136  passes (x 100)

          Double Precision C/C++ Whetstone Benchmark

Loop content                  Result              MFLOPS      MOPS   Seconds

N1 floating point     -1.12398255667392033      2632.653              0.081
N2 floating point     -1.12187079889294417      2898.567              0.516
N3 if then else        1.00000000000000000               10701.620    0.108
N4 fixed point        12.00000000000000000               3563961959.471    0.000
N5 sin,cos etc.        0.49902937281518261                 294.626    3.145
N6 floating point      0.99999987890802811      1533.278              3.918
N7 assignments         3.00000000000000000                7903.695    0.260
N8 exp,sqrt etc.       0.75100163018453958                 225.073    1.841

MWIPS                                          11284.379              9.869

Calibrate
       0.00 Seconds          1   Passes (x 100)
       0.00 Seconds          5   Passes (x 100)
       0.02 Seconds         25   Passes (x 100)
       0.11 Seconds        125   Passes (x 100)
       0.56 Seconds        625   Passes (x 100)

Use 11153  passes (x 100)

          Double Precision C/C++ Whetstone Benchmark

Loop content                  Result              MFLOPS      MOPS   Seconds

N1 floating point     -1.12398255667392033      2632.698              0.081
N2 floating point     -1.12187079889294417      2898.928              0.517
N3 if then else        1.00000000000000000               10707.125    0.108
N4 fixed point        12.00000000000000000                   0.000   -0.000
N5 sin,cos etc.        0.49902937281518261                 294.598    3.150
N6 floating point      0.99999987890802811      1533.341              3.923
N7 assignments         3.00000000000000000                7877.037    0.262
N8 exp,sqrt etc.       0.75100163018453958                 225.100    1.843

MWIPS                                          11283.611              9.884


# COUNT0: 11284.379
# COUNT1: 0
# COUNT2: MWIPS
# TIME: 9.869
# elapsed: 11.358147
# pid: 2830833
# status: 0

# COUNT0: 11283.611
# COUNT1: 0
# COUNT2: MWIPS
# TIME: 9.884
# elapsed: 11.372789
# pid: 2830834
# status: 0

#### Pass 3

Calibrate
       0.00 Seconds          1   Passes (x 100)
       0.00 Seconds          5   Passes (x 100)
       0.02 Seconds         25   Passes (x 100)
       0.11 Seconds        125   Passes (x 100)
       0.56 Seconds        625   Passes (x 100)

Use 11167  passes (x 100)

          Double Precision C/C++ Whetstone Benchmark

Loop content                  Result              MFLOPS      MOPS   Seconds

N1 floating point     -1.12398255667392033      2634.820              0.081
N2 floating point     -1.12187079889294417      2901.792              0.517
N3 if then else        1.00000000000000000               10716.402    0.108
N4 fixed point        12.00000000000000000               64574165012.607    0.000
N5 sin,cos etc.        0.49902937281518261                 294.839    3.151
N6 floating point      0.99999987890802811      1534.027              3.927
N7 assignments         3.00000000000000000                7931.546    0.260
N8 exp,sqrt etc.       0.75100163018453958                 225.106    1.845

MWIPS                                          11291.421              9.890

Calibrate
       0.00 Seconds          1   Passes (x 100)
       0.00 Seconds          5   Passes (x 100)
       0.02 Seconds         25   Passes (x 100)
       0.11 Seconds        125   Passes (x 100)
       0.56 Seconds        625   Passes (x 100)

Use 11168  passes (x 100)

          Double Precision C/C++ Whetstone Benchmark

Loop content                  Result              MFLOPS      MOPS   Seconds

N1 floating point     -1.12398255667392033      2634.914              0.081
N2 floating point     -1.12187079889294417      2901.963              0.517
N3 if then else        1.00000000000000000               10696.126    0.108
N4 fixed point        12.00000000000000000                   0.000   -0.000
N5 sin,cos etc.        0.49902937281518261                 294.593    3.154
N6 floating point      0.99999987890802811      1533.957              3.927
N7 assignments         3.00000000000000000                7919.931    0.261
N8 exp,sqrt etc.       0.75100163018453958                 225.143    1.845

MWIPS                                          11287.936              9.894


# COUNT0: 11291.421
# COUNT1: 0
# COUNT2: MWIPS
# TIME: 9.890
# elapsed: 11.378003
# pid: 2830845
# status: 0

# COUNT0: 11287.936
# COUNT1: 0
# COUNT2: MWIPS
# TIME: 9.894
# elapsed: 11.380620
# pid: 2830846
# status: 0

#### Pass 4

Calibrate
       0.00 Seconds          1   Passes (x 100)
       0.00 Seconds          5   Passes (x 100)
       0.02 Seconds         25   Passes (x 100)
       0.11 Seconds        125   Passes (x 100)
       0.56 Seconds        625   Passes (x 100)

Use 11154  passes (x 100)

          Double Precision C/C++ Whetstone Benchmark

Loop content                  Result              MFLOPS      MOPS   Seconds

N1 floating point     -1.12398255667392033      2632.416              0.081
N2 floating point     -1.12187079889294417      2902.365              0.517
N3 if then else        1.00000000000000000               10700.338    0.108
N4 fixed point        12.00000000000000000               85061464370.192    0.000
N5 sin,cos etc.        0.49902937281518261                 294.731    3.149
N6 floating point      0.99999987890802811      1533.425              3.924
N7 assignments         3.00000000000000000                7917.628    0.260
N8 exp,sqrt etc.       0.75100163018453958                 224.962    1.844

MWIPS                                          11286.333              9.883

Calibrate
       0.00 Seconds          1   Passes (x 100)
       0.00 Seconds          5   Passes (x 100)
       0.02 Seconds         25   Passes (x 100)
       0.11 Seconds        125   Passes (x 100)
       0.56 Seconds        625   Passes (x 100)

Use 11157  passes (x 100)

          Double Precision C/C++ Whetstone Benchmark

Loop content                  Result              MFLOPS      MOPS   Seconds

N1 floating point     -1.12398255667392033      2632.153              0.081
N2 floating point     -1.12187079889294417      2902.224              0.517
N3 if then else        1.00000000000000000               10718.318    0.108
N4 fixed point        12.00000000000000000               155623868688.063    0.000
N5 sin,cos etc.        0.49902937281518261                 294.708    3.150
N6 floating point      0.99999987890802811      1533.364              3.925
N7 assignments         3.00000000000000000                7910.855    0.261
N8 exp,sqrt etc.       0.75100163018453958                 225.079    1.844

MWIPS                                          11286.886              9.885


# COUNT0: 11286.333
# COUNT1: 0
# COUNT2: MWIPS
# TIME: 9.883
# elapsed: 11.371803
# pid: 2830857
# status: 0

# COUNT0: 11286.886
# COUNT1: 0
# COUNT2: MWIPS
# TIME: 9.885
# elapsed: 11.373000
# pid: 2830858
# status: 0

#### Pass 5

Calibrate
       0.00 Seconds          1   Passes (x 100)
       0.00 Seconds          5   Passes (x 100)
       0.02 Seconds         25   Passes (x 100)
       0.11 Seconds        125   Passes (x 100)
       0.56 Seconds        625   Passes (x 100)

Use 11161  passes (x 100)

          Double Precision C/C++ Whetstone Benchmark

Loop content                  Result              MFLOPS      MOPS   Seconds

N1 floating point     -1.12398255667392033      2635.990              0.081
N2 floating point     -1.12187079889294417      2901.849              0.517
N3 if then else        1.00000000000000000               10697.944    0.108
N4 fixed point        12.00000000000000000               34533258836.821    0.000
N5 sin,cos etc.        0.49902937281518261                 294.700    3.151
N6 floating point      0.99999987890802811      1532.919              3.927
N7 assignments         3.00000000000000000                7928.782    0.260
N8 exp,sqrt etc.       0.75100163018453958                 224.937    1.846

MWIPS                                          11284.655              9.890

Calibrate
       0.00 Seconds          1   Passes (x 100)
       0.00 Seconds          5   Passes (x 100)
       0.02 Seconds         25   Passes (x 100)
       0.11 Seconds        125   Passes (x 100)
       0.56 Seconds        625   Passes (x 100)

Use 11166  passes (x 100)

          Double Precision C/C++ Whetstone Benchmark

Loop content                  Result              MFLOPS      MOPS   Seconds

N1 floating point     -1.12398255667392033      2635.667              0.081
N2 floating point     -1.12187079889294417      2901.645              0.517
N3 if then else        1.00000000000000000               10714.144    0.108
N4 fixed point        12.00000000000000000                   0.000   -0.000
N5 sin,cos etc.        0.49902937281518261                 294.606    3.153
N6 floating point      0.99999987890802811      1532.866              3.929
N7 assignments         3.00000000000000000                7917.572    0.261
N8 exp,sqrt etc.       0.75100163018453958                 225.048    1.846

MWIPS                                          11284.101              9.895


# COUNT0: 11284.101
# COUNT1: 0
# COUNT2: MWIPS
# TIME: 9.895
# elapsed: 11.384082
# pid: 2830870
# status: 0

# COUNT0: 11284.655
# COUNT1: 0
# COUNT2: MWIPS
# TIME: 9.890
# elapsed: 11.379035
# pid: 2830871
# status: 0

#### Pass 6

Calibrate
       0.00 Seconds          1   Passes (x 100)
       0.00 Seconds          5   Passes (x 100)
       0.02 Seconds         25   Passes (x 100)
       0.11 Seconds        125   Passes (x 100)
       0.56 Seconds        625   Passes (x 100)

Use 11164  passes (x 100)

          Double Precision C/C++ Whetstone Benchmark

Loop content                  Result              MFLOPS      MOPS   Seconds

N1 floating point     -1.12398255667392033      2634.469              0.081
N2 floating point     -1.12187079889294417      2901.827              0.517
N3 if then else        1.00000000000000000               10709.740    0.108
N4 fixed point        12.00000000000000000                   0.000   -0.000
N5 sin,cos etc.        0.49902937281518261                 294.772    3.151
N6 floating point      0.99999987890802811      1533.638              3.927
N7 assignments         3.00000000000000000                7939.976    0.260
N8 exp,sqrt etc.       0.75100163018453958                 225.062    1.845

MWIPS                                          11289.287              9.889

Calibrate
       0.00 Seconds          1   Passes (x 100)
       0.00 Seconds          5   Passes (x 100)
       0.02 Seconds         25   Passes (x 100)
       0.11 Seconds        125   Passes (x 100)
       0.56 Seconds        625   Passes (x 100)

Use 11167  passes (x 100)

          Double Precision C/C++ Whetstone Benchmark

Loop content                  Result              MFLOPS      MOPS   Seconds

N1 floating point     -1.12398255667392033      2634.070              0.081
N2 floating point     -1.12187079889294417      2901.215              0.517
N3 if then else        1.00000000000000000               10701.408    0.108
N4 fixed point        12.00000000000000000                   0.000   -0.000
N5 sin,cos etc.        0.49902937281518261                 294.708    3.153
N6 floating point      0.99999987890802811      1533.557              3.928
N7 assignments         3.00000000000000000                7930.813    0.260
N8 exp,sqrt etc.       0.75100163018453958                 225.102    1.845

MWIPS                                          11288.065              9.893


# COUNT0: 11289.287
# COUNT1: 0
# COUNT2: MWIPS
# TIME: 9.889
# elapsed: 11.378495
# pid: 2830882
# status: 0

# COUNT0: 11288.065
# COUNT1: 0
# COUNT2: MWIPS
# TIME: 9.893
# elapsed: 11.381283
# pid: 2830883
# status: 0

#### Pass 7

Calibrate
       0.00 Seconds          1   Passes (x 100)
       0.00 Seconds          5   Passes (x 100)
       0.02 Seconds         25   Passes (x 100)
       0.11 Seconds        125   Passes (x 100)
       0.56 Seconds        625   Passes (x 100)

Use 11154  passes (x 100)

          Double Precision C/C++ Whetstone Benchmark

Loop content                  Result              MFLOPS      MOPS   Seconds

N1 floating point     -1.12398255667392033      2635.442              0.081
N2 floating point     -1.12187079889294417      2899.860              0.517
N3 if then else        1.00000000000000000               10714.651    0.108
N4 fixed point        12.00000000000000000               29646116124.290    0.000
N5 sin,cos etc.        0.49902937281518261                 294.243    3.154
N6 floating point      0.99999987890802811      1533.879              3.922
N7 assignments         3.00000000000000000                7925.417    0.260
N8 exp,sqrt etc.       0.75100163018453958                 225.120    1.843

MWIPS                                          11283.223              9.885

Calibrate
       0.00 Seconds          1   Passes (x 100)
       0.00 Seconds          5   Passes (x 100)
       0.02 Seconds         25   Passes (x 100)
       0.11 Seconds        125   Passes (x 100)
       0.56 Seconds        625   Passes (x 100)

Use 11158  passes (x 100)

          Double Precision C/C++ Whetstone Benchmark

Loop content                  Result              MFLOPS      MOPS   Seconds

N1 floating point     -1.12398255667392033      2635.431              0.081
N2 floating point     -1.12187079889294417      2900.183              0.517
N3 if then else        1.00000000000000000               10707.367    0.108
N4 fixed point        12.00000000000000000               30356347056.549    0.000
N5 sin,cos etc.        0.49902937281518261                 294.179    3.156
N6 floating point      0.99999987890802811      1533.973              3.924
N7 assignments         3.00000000000000000                7918.641    0.260
N8 exp,sqrt etc.       0.75100163018453958                 225.132    1.844

MWIPS                                          11282.557              9.890


# COUNT0: 11283.223
# COUNT1: 0
# COUNT2: MWIPS
# TIME: 9.885
# elapsed: 11.374920
# pid: 2830894
# status: 0

# COUNT0: 11282.557
# COUNT1: 0
# COUNT2: MWIPS
# TIME: 9.890
# elapsed: 11.376729
# pid: 2830895
# status: 0

#### Pass 8

Calibrate
       0.00 Seconds          1   Passes (x 100)
       0.00 Seconds          5   Passes (x 100)
       0.02 Seconds         25   Passes (x 100)
       0.11 Seconds        125   Passes (x 100)
       0.56 Seconds        625   Passes (x 100)

Use 11169  passes (x 100)

          Double Precision C/C++ Whetstone Benchmark

Loop content                  Result              MFLOPS      MOPS   Seconds

N1 floating point     -1.12398255667392033      2635.720              0.081
N2 floating point     -1.12187079889294417      2895.465              0.518
N3 if then else        1.00000000000000000               10716.914    0.108
N4 fixed point        12.00000000000000000                   0.000   -0.000
N5 sin,cos etc.        0.49902937281518261                 294.720    3.153
N6 floating point      0.99999987890802811      1533.359              3.929
N7 assignments         3.00000000000000000                7932.934    0.260
N8 exp,sqrt etc.       0.75100163018453958                 225.111    1.846

MWIPS                                          11286.871              9.896

Calibrate
       0.00 Seconds          1   Passes (x 100)
       0.00 Seconds          5   Passes (x 100)
       0.02 Seconds         25   Passes (x 100)
       0.11 Seconds        125   Passes (x 100)
       0.56 Seconds        625   Passes (x 100)

Use 11170  passes (x 100)

          Double Precision C/C++ Whetstone Benchmark

Loop content                  Result              MFLOPS      MOPS   Seconds

N1 floating point     -1.12398255667392033      2635.716              0.081
N2 floating point     -1.12187079889294417      2895.295              0.519
N3 if then else        1.00000000000000000               10706.167    0.108
N4 fixed point        12.00000000000000000               3797310726.127    0.000
N5 sin,cos etc.        0.49902937281518261                 294.666    3.154
N6 floating point      0.99999987890802811      1533.308              3.929
N7 assignments         3.00000000000000000                7926.303    0.260
N8 exp,sqrt etc.       0.75100163018453958                 225.156    1.845

MWIPS                                          11286.068              9.897


# COUNT0: 11286.068
# COUNT1: 0
# COUNT2: MWIPS
# TIME: 9.897
# elapsed: 11.386009
# pid: 2830906
# status: 0

# COUNT0: 11286.871
# COUNT1: 0
# COUNT2: MWIPS
# TIME: 9.896
# elapsed: 11.383447
# pid: 2830907
# status: 0

#### Pass 9

Calibrate
       0.00 Seconds          1   Passes (x 100)
       0.00 Seconds          5   Passes (x 100)
       0.02 Seconds         25   Passes (x 100)
       0.11 Seconds        125   Passes (x 100)
       0.56 Seconds        625   Passes (x 100)

Use 11168  passes (x 100)

          Double Precision C/C++ Whetstone Benchmark

Loop content                  Result              MFLOPS      MOPS   Seconds

N1 floating point     -1.12398255667392033      2635.283              0.081
N2 floating point     -1.12187079889294417      2901.261              0.517
N3 if then else        1.00000000000000000               10701.170    0.108
N4 fixed point        12.00000000000000000               340044843317.334    0.000
N5 sin,cos etc.        0.49902937281518261                 294.663    3.153
N6 floating point      0.99999987890802811      1533.051              3.929
N7 assignments         3.00000000000000000                7930.032    0.260
N8 exp,sqrt etc.       0.75100163018453958                 225.010    1.846

MWIPS                                          11285.196              9.896

Calibrate
       0.00 Seconds          1   Passes (x 100)
       0.00 Seconds          5   Passes (x 100)
       0.02 Seconds         25   Passes (x 100)
       0.11 Seconds        125   Passes (x 100)
       0.56 Seconds        625   Passes (x 100)

Use 11171  passes (x 100)

          Double Precision C/C++ Whetstone Benchmark

Loop content                  Result              MFLOPS      MOPS   Seconds

N1 floating point     -1.12398255667392033      2635.246              0.081
N2 floating point     -1.12187079889294417      2901.311              0.517
N3 if then else        1.00000000000000000               10708.604    0.108
N4 fixed point        12.00000000000000000               147074189969.033    0.000
N5 sin,cos etc.        0.49902937281518261                 294.671    3.154
N6 floating point      0.99999987890802811      1533.143              3.930
N7 assignments         3.00000000000000000                7923.759    0.261
N8 exp,sqrt etc.       0.75100163018453958                 225.055    1.846

MWIPS                                          11285.853              9.898


# COUNT0: 11285.196
# COUNT1: 0
# COUNT2: MWIPS
# TIME: 9.896
# elapsed: 11.385585
# pid: 2830918
# status: 0

# COUNT0: 11285.853
# COUNT1: 0
# COUNT2: MWIPS
# TIME: 9.898
# elapsed: 11.386160
# pid: 2830919
# status: 0

#### Pass 10

Calibrate
       0.00 Seconds          1   Passes (x 100)
       0.00 Seconds          5   Passes (x 100)
       0.02 Seconds         25   Passes (x 100)
       0.11 Seconds        125   Passes (x 100)
       0.56 Seconds        625   Passes (x 100)

Use 11167  passes (x 100)

          Double Precision C/C++ Whetstone Benchmark

Loop content                  Result              MFLOPS      MOPS   Seconds

N1 floating point     -1.12398255667392033      2632.976              0.081
N2 floating point     -1.12187079889294417      2899.662              0.518
N3 if then else        1.00000000000000000               10656.331    0.108
N4 fixed point        12.00000000000000000                   0.000   -0.000
N5 sin,cos etc.        0.49902937281518261                 294.785    3.152
N6 floating point      0.99999987890802811      1533.469              3.928
N7 assignments         3.00000000000000000                7939.024    0.260
N8 exp,sqrt etc.       0.75100163018453958                 224.917    1.847

MWIPS                                          11286.456              9.894

Calibrate
       0.00 Seconds          1   Passes (x 100)
       0.00 Seconds          5   Passes (x 100)
       0.02 Seconds         25   Passes (x 100)
       0.11 Seconds        125   Passes (x 100)
       0.56 Seconds        625   Passes (x 100)

Use 11168  passes (x 100)

          Double Precision C/C++ Whetstone Benchmark

Loop content                  Result              MFLOPS      MOPS   Seconds

N1 floating point     -1.12398255667392033      2632.950              0.081
N2 floating point     -1.12187079889294417      2899.385              0.518
N3 if then else        1.00000000000000000               10627.001    0.109
N4 fixed point        12.00000000000000000                   0.000   -0.000
N5 sin,cos etc.        0.49902937281518261                 294.786    3.152
N6 floating point      0.99999987890802811      1533.400              3.929
N7 assignments         3.00000000000000000                7938.330    0.260
N8 exp,sqrt etc.       0.75100163018453958                 224.874    1.847

MWIPS                                          11285.430              9.896


# COUNT0: 11285.430
# COUNT1: 0
# COUNT2: MWIPS
# TIME: 9.896
# elapsed: 11.385940
# pid: 2830930
# status: 0

# COUNT0: 11286.456
# COUNT1: 0
# COUNT2: MWIPS
# TIME: 9.894
# elapsed: 11.384300
# pid: 2830931
# status: 0

*Dump score:      22565.8
*Dump score:      22568.0
*Dump score:      22568.8
Count score:      22571.0
Count score:      22571.9
Count score:      22572.9
Count score:      22572.9
Count score:      22573.2
Count score:      22577.4
Count score:      22579.4

>>>> Sum of 2 copies
>>>> score: 22574.1035373292
>>>> time: 9.893
>>>> iterations: 7


########################################################
Execl Throughput -- 2 copies
==> "/mnt/host0/unixbench/UnixBench/pgms/execl" 30 2>&1 >> "/mnt/host0/unixbench/UnixBench/results/uarf-2025-06-04-06.log"

#### Pass 1


# COUNT0: 62275
# COUNT1: 1
# COUNT2: lps
# elapsed: 29.773364
# pid: 2830942
# status: 0

# COUNT0: 62214
# COUNT1: 1
# COUNT2: lps
# elapsed: 29.771438
# pid: 2830943
# status: 0

#### Pass 2


# COUNT0: 63026
# COUNT1: 1
# COUNT2: lps
# elapsed: 29.985675
# pid: 2830954
# status: 0

# COUNT0: 62824
# COUNT1: 1
# COUNT2: lps
# elapsed: 29.984526
# pid: 2830955
# status: 0

#### Pass 3


# COUNT0: 63108
# COUNT1: 1
# COUNT2: lps
# elapsed: 29.985812
# pid: 2830966
# status: 0

# COUNT0: 63251
# COUNT1: 1
# COUNT2: lps
# elapsed: 29.984799
# pid: 2830967
# status: 0

*Dump score:     124489.0
Count score:     125850.0
Count score:     126359.0

>>>> Sum of 2 copies
>>>> score: 4205.54908995161
>>>> time: 29.985203
>>>> iterations: 2


########################################################
File Copy 1024 bufsize 2000 maxblocks -- 2 copies
==> "/mnt/host0/unixbench/UnixBench/pgms/fstime" -c -t 30 -d "/mnt/host0/unixbench/UnixBench/tmp" -b 1024 -m 2000 2>&1 >> "/mnt/host0/unixbench/UnixBench/results/uarf-2025-06-04-06.log"

#### Pass 1

Write done: 352000 in 2.0007, score 43984
Read done: 366852 in 2.0000, score 45855
Copy done: 2687760 in 30.0000, score 22397
Write done: 360000 in 2.0342, score 44243
Read done: 368000 in 2.0000, score 45999
Copy done: 2686800 in 30.0000, score 22389

# COUNT0: 22389
# COUNT1: 0
# COUNT2: KBps
# TIME: 30.0
# elapsed: 45.044732
# pid: 2830978
# status: 0

# COUNT0: 22397
# COUNT1: 0
# COUNT2: KBps
# TIME: 30.0
# elapsed: 45.010436
# pid: 2830979
# status: 0

#### Pass 2

Write done: 344000 in 2.0104, score 42777
Read done: 368252 in 2.0000, score 46030
Copy done: 2777596 in 30.0001, score 23146
Write done: 344000 in 2.0158, score 42663
Read done: 370048 in 2.0000, score 46255
Copy done: 2777344 in 30.0000, score 23144

# COUNT0: 23146
# COUNT1: 0
# COUNT2: KBps
# TIME: 30.0
# elapsed: 45.020898
# pid: 2830990
# status: 0

# COUNT0: 23144
# COUNT1: 0
# COUNT2: KBps
# TIME: 30.0
# elapsed: 45.024032
# pid: 2830992
# status: 0

#### Pass 3

Write done: 360000 in 2.0101, score 44773
Read done: 374888 in 2.0000, score 46860
Copy done: 2723572 in 30.0001, score 22696
Write done: 360000 in 2.0149, score 44667
Read done: 376052 in 2.0000, score 47005
Copy done: 2724880 in 30.0000, score 22707

# COUNT0: 22696
# COUNT1: 0
# COUNT2: KBps
# TIME: 30.0
# elapsed: 45.020570
# pid: 2831002
# status: 0

# COUNT0: 22707
# COUNT1: 0
# COUNT2: KBps
# TIME: 30.0
# elapsed: 45.023290
# pid: 2831003
# status: 0

*Dump score:      44786.0
Count score:      45403.0
Count score:      46290.0

>>>> Sum of 2 copies
>>>> score: 45844.354832411
>>>> time: 30
>>>> iterations: 2


########################################################
File Copy 256 bufsize 500 maxblocks -- 2 copies
==> "/mnt/host0/unixbench/UnixBench/pgms/fstime" -c -t 30 -d "/mnt/host0/unixbench/UnixBench/tmp" -b 256 -m 500 2>&1 >> "/mnt/host0/unixbench/UnixBench/results/uarf-2025-06-04-06.log"

#### Pass 1

Write done: 86000 in 2.0260, score 10612
Read done: 84484 in 2.0000, score 10560
Copy done: 684848 in 30.0000, score 5707
Write done: 86000 in 2.0267, score 10608
Read done: 84805 in 2.0000, score 10600
Copy done: 685735 in 30.0000, score 5714

# COUNT0: 5707
# COUNT1: 0
# COUNT2: KBps
# TIME: 30.0
# elapsed: 45.035614
# pid: 2831015
# status: 0

# COUNT0: 5714
# COUNT1: 0
# COUNT2: KBps
# TIME: 30.0
# elapsed: 45.035580
# pid: 2831016
# status: 0

#### Pass 2

Write done: 88000 in 2.0055, score 10969
Read done: 91128 in 2.0000, score 11390
Copy done: 685840 in 30.0000, score 5715
Write done: 90000 in 2.0365, score 11048
Read done: 91461 in 2.0000, score 11432
Copy done: 685805 in 30.0000, score 5715

# COUNT0: 5715
# COUNT1: 0
# COUNT2: KBps
# TIME: 30.0
# elapsed: 45.045839
# pid: 2831027
# status: 0

# COUNT0: 5715
# COUNT1: 0
# COUNT2: KBps
# TIME: 30.0
# elapsed: 45.014428
# pid: 2831028
# status: 0

#### Pass 3

Write done: 94000 in 2.0018, score 11739
Read done: 90987 in 2.0000, score 11373
Copy done: 679704 in 30.0000, score 5664
Write done: 94000 in 2.0015, score 11741
Read done: 90991 in 2.0000, score 11373
Copy done: 679400 in 30.0001, score 5661

# COUNT0: 5664
# COUNT1: 0
# COUNT2: KBps
# TIME: 30.0
# elapsed: 45.011373
# pid: 2831039
# status: 0

# COUNT0: 5661
# COUNT1: 0
# COUNT2: KBps
# TIME: 30.0
# elapsed: 45.011906
# pid: 2831040
# status: 0

*Dump score:      11325.0
Count score:      11421.0
Count score:      11430.0

>>>> Sum of 2 copies
>>>> score: 11425.4991138243
>>>> time: 30
>>>> iterations: 2


########################################################
File Copy 4096 bufsize 8000 maxblocks -- 2 copies
==> "/mnt/host0/unixbench/UnixBench/pgms/fstime" -c -t 30 -d "/mnt/host0/unixbench/UnixBench/tmp" -b 4096 -m 8000 2>&1 >> "/mnt/host0/unixbench/UnixBench/results/uarf-2025-06-04-06.log"

#### Pass 1

Write done: 1504000 in 2.0183, score 186297
Read done: 1377248 in 2.0000, score 172155
Copy done: 10439456 in 30.0000, score 86995
Write done: 1504000 in 2.0204, score 186103
Read done: 1374608 in 2.0000, score 171824
Copy done: 10459632 in 30.0000, score 87163

# COUNT0: 87163
# COUNT1: 0
# COUNT2: KBps
# TIME: 30.0
# elapsed: 45.030027
# pid: 2831051
# status: 0

# COUNT0: 86995
# COUNT1: 0
# COUNT2: KBps
# TIME: 30.0
# elapsed: 45.028763
# pid: 2831053
# status: 0

#### Pass 2

Write done: 1376000 in 2.0406, score 168577
Read done: 1315616 in 2.0000, score 164450
Copy done: 10510112 in 30.0000, score 87584
Write done: 1376000 in 2.0410, score 168547
Read done: 1318784 in 2.0002, score 164835
Copy done: 10494576 in 30.0000, score 87454

# COUNT0: 87454
# COUNT1: 0
# COUNT2: KBps
# TIME: 30.0
# elapsed: 45.053031
# pid: 2831063
# status: 0

# COUNT0: 87584
# COUNT1: 0
# COUNT2: KBps
# TIME: 30.0
# elapsed: 45.051442
# pid: 2831064
# status: 0

#### Pass 3

Write done: 1472000 in 2.0015, score 183861
Read done: 1264224 in 2.0000, score 158026
Copy done: 10378640 in 30.0001, score 86488
Write done: 1472000 in 2.0034, score 183686
Read done: 1263280 in 2.0000, score 157909
Copy done: 10401120 in 30.0000, score 86675

# COUNT0: 86675
# COUNT1: 0
# COUNT2: KBps
# TIME: 30.0
# elapsed: 45.013828
# pid: 2831075
# status: 0

# COUNT0: 86488
# COUNT1: 0
# COUNT2: KBps
# TIME: 30.0
# elapsed: 45.012710
# pid: 2831076
# status: 0

*Dump score:     173163.0
Count score:     174158.0
Count score:     175038.0

>>>> Sum of 2 copies
>>>> score: 174597.445582689
>>>> time: 30
>>>> iterations: 2


########################################################
Pipe Throughput -- 2 copies
==> "/mnt/host0/unixbench/UnixBench/pgms/pipe" 10 2>&1 >> "/mnt/host0/unixbench/UnixBench/results/uarf-2025-06-04-06.log"

#### Pass 1


# COUNT0: 10336606
# COUNT1: 1
# COUNT2: lps
# elapsed: 10.004357
# pid: 2831087
# status: 0

# COUNT0: 10337520
# COUNT1: 1
# COUNT2: lps
# elapsed: 10.003220
# pid: 2831088
# status: 0

#### Pass 2


# COUNT0: 10274772
# COUNT1: 1
# COUNT2: lps
# elapsed: 10.003823
# pid: 2831099
# status: 0

# COUNT0: 10274288
# COUNT1: 1
# COUNT2: lps
# elapsed: 10.002658
# pid: 2831100
# status: 0

#### Pass 3


# COUNT0: 10533426
# COUNT1: 1
# COUNT2: lps
# elapsed: 10.004992
# pid: 2831111
# status: 0

# COUNT0: 10536299
# COUNT1: 1
# COUNT2: lps
# elapsed: 10.003269
# pid: 2831112
# status: 0

#### Pass 4


# COUNT0: 10257579
# COUNT1: 1
# COUNT2: lps
# elapsed: 10.004770
# pid: 2831124
# status: 0

# COUNT0: 10253022
# COUNT1: 1
# COUNT2: lps
# elapsed: 10.003626
# pid: 2831125
# status: 0

#### Pass 5


# COUNT0: 10370476
# COUNT1: 1
# COUNT2: lps
# elapsed: 10.003419
# pid: 2831136
# status: 0

# COUNT0: 10375901
# COUNT1: 1
# COUNT2: lps
# elapsed: 10.002449
# pid: 2831137
# status: 0

#### Pass 6


# COUNT0: 10495259
# COUNT1: 1
# COUNT2: lps
# elapsed: 10.004273
# pid: 2831148
# status: 0

# COUNT0: 10490810
# COUNT1: 1
# COUNT2: lps
# elapsed: 10.003088
# pid: 2831149
# status: 0

#### Pass 7


# COUNT0: 10407087
# COUNT1: 1
# COUNT2: lps
# elapsed: 10.003302
# pid: 2831160
# status: 0

# COUNT0: 10407014
# COUNT1: 1
# COUNT2: lps
# elapsed: 10.002241
# pid: 2831161
# status: 0

#### Pass 8


# COUNT0: 10457713
# COUNT1: 1
# COUNT2: lps
# elapsed: 10.004482
# pid: 2831172
# status: 0

# COUNT0: 10454415
# COUNT1: 1
# COUNT2: lps
# elapsed: 10.003328
# pid: 2831173
# status: 0

#### Pass 9


# COUNT0: 10252579
# COUNT1: 1
# COUNT2: lps
# elapsed: 10.004372
# pid: 2831184
# status: 0

# COUNT0: 10251383
# COUNT1: 1
# COUNT2: lps
# elapsed: 10.003175
# pid: 2831185
# status: 0

#### Pass 10


# COUNT0: 10438482
# COUNT1: 1
# COUNT2: lps
# elapsed: 10.003615
# pid: 2831196
# status: 0

# COUNT0: 10437700
# COUNT1: 1
# COUNT2: lps
# elapsed: 10.002603
# pid: 2831197
# status: 0

*Dump score:   20503962.0
*Dump score:   20510601.0
*Dump score:   20549060.0
Count score:   20674126.0
Count score:   20746377.0
Count score:   20814101.0
Count score:   20876182.0
Count score:   20912128.0
Count score:   20986069.0
Count score:   21069725.0

>>>> Sum of 2 copies
>>>> score: 2086075.6491045
>>>> time: 10.0034741428571
>>>> iterations: 7


########################################################
Pipe-based Context Switching -- 2 copies
==> "/mnt/host0/unixbench/UnixBench/pgms/context1" 10 2>&1 >> "/mnt/host0/unixbench/UnixBench/results/uarf-2025-06-04-06.log"

#### Pass 1


# COUNT0: 2683434
# COUNT1: 1
# COUNT2: lps
# elapsed: 10.003508
# pid: 2831208
# status: 0

# COUNT0: 2713912
# COUNT1: 1
# COUNT2: lps
# elapsed: 10.002289
# pid: 2831209
# status: 0

#### Pass 2


# COUNT0: 2695028
# COUNT1: 1
# COUNT2: lps
# elapsed: 10.004087
# pid: 2831222
# status: 0

# COUNT0: 2727188
# COUNT1: 1
# COUNT2: lps
# elapsed: 10.003021
# pid: 2831223
# status: 0

#### Pass 3


# COUNT0: 2744813
# COUNT1: 1
# COUNT2: lps
# elapsed: 10.003949
# pid: 2831236
# status: 0

# COUNT0: 2744242
# COUNT1: 1
# COUNT2: lps
# elapsed: 10.002751
# pid: 2831237
# status: 0

#### Pass 4


# COUNT0: 2709553
# COUNT1: 1
# COUNT2: lps
# elapsed: 10.004096
# pid: 2831250
# status: 0

# COUNT0: 2744066
# COUNT1: 1
# COUNT2: lps
# elapsed: 10.002988
# pid: 2831252
# status: 0

#### Pass 5


# COUNT0: 2776475
# COUNT1: 1
# COUNT2: lps
# elapsed: 10.003829
# pid: 2831264
# status: 0

# COUNT0: 2765332
# COUNT1: 1
# COUNT2: lps
# elapsed: 10.003130
# pid: 2831265
# status: 0

#### Pass 6


# COUNT0: 2721704
# COUNT1: 1
# COUNT2: lps
# elapsed: 10.004502
# pid: 2831278
# status: 0

# COUNT0: 2669987
# COUNT1: 1
# COUNT2: lps
# elapsed: 10.002903
# pid: 2831279
# status: 0

#### Pass 7


# COUNT0: 2737973
# COUNT1: 1
# COUNT2: lps
# elapsed: 10.004385
# pid: 2831292
# status: 0

# COUNT0: 2733329
# COUNT1: 1
# COUNT2: lps
# elapsed: 10.003191
# pid: 2831293
# status: 0

#### Pass 8


# COUNT0: 2719741
# COUNT1: 1
# COUNT2: lps
# elapsed: 10.003859
# pid: 2831306
# status: 0

# COUNT0: 2701031
# COUNT1: 1
# COUNT2: lps
# elapsed: 10.002723
# pid: 2831307
# status: 0

#### Pass 9


# COUNT0: 2776685
# COUNT1: 1
# COUNT2: lps
# elapsed: 10.003618
# pid: 2831320
# status: 0

# COUNT0: 2725598
# COUNT1: 1
# COUNT2: lps
# elapsed: 10.002386
# pid: 2831321
# status: 0

#### Pass 10


# COUNT0: 2710471
# COUNT1: 1
# COUNT2: lps
# elapsed: 10.004388
# pid: 2831334
# status: 0

# COUNT0: 2687513
# COUNT1: 1
# COUNT2: lps
# elapsed: 10.003286
# pid: 2831335
# status: 0

*Dump score:    5391691.0
*Dump score:    5397346.0
*Dump score:    5397984.0
Count score:    5420772.0
Count score:    5422216.0
Count score:    5453619.0
Count score:    5471302.0
Count score:    5489055.0
Count score:    5502283.0
Count score:    5541807.0

>>>> Sum of 2 copies
>>>> score: 546955.315302005
>>>> time: 10.0034295
>>>> iterations: 7


########################################################
Process Creation -- 2 copies
==> "/mnt/host0/unixbench/UnixBench/pgms/spawn" 30 2>&1 >> "/mnt/host0/unixbench/UnixBench/results/uarf-2025-06-04-06.log"

#### Pass 1


# COUNT0: 535062
# COUNT1: 1
# COUNT2: lps
# elapsed: 30.004526
# pid: 2831348
# status: 0

# COUNT0: 516157
# COUNT1: 1
# COUNT2: lps
# elapsed: 30.003656
# pid: 2831349
# status: 0

#### Pass 2


# COUNT0: 515903
# COUNT1: 1
# COUNT2: lps
# elapsed: 30.004971
# pid: 3882581
# status: 0

# COUNT0: 506745
# COUNT1: 1
# COUNT2: lps
# elapsed: 30.003396
# pid: 3882582
# status: 0

#### Pass 3


# COUNT0: 494745
# COUNT1: 1
# COUNT2: lps
# elapsed: 30.003904
# pid: 711239
# status: 0

# COUNT0: 529650
# COUNT1: 1
# COUNT2: lps
# elapsed: 30.003191
# pid: 711240
# status: 0

*Dump score:    1022648.0
Count score:    1024395.0
Count score:    1051219.0

>>>> Sum of 2 copies
>>>> score: 34586.2746147193
>>>> time: 30.00381925
>>>> iterations: 2


########################################################
System Call Overhead -- 2 copies
==> "/mnt/host0/unixbench/UnixBench/pgms/syscall" 10 2>&1 >> "/mnt/host0/unixbench/UnixBench/results/uarf-2025-06-04-06.log"

#### Pass 1


# COUNT0: 6954789
# COUNT1: 1
# COUNT2: lps
# elapsed: 10.004598
# pid: 1735653
# status: 0

# COUNT0: 6943006
# COUNT1: 1
# COUNT2: lps
# elapsed: 10.003476
# pid: 1735654
# status: 0

#### Pass 2


# COUNT0: 6805905
# COUNT1: 1
# COUNT2: lps
# elapsed: 10.002952
# pid: 1735665
# status: 0

# COUNT0: 6792563
# COUNT1: 1
# COUNT2: lps
# elapsed: 10.001838
# pid: 1735666
# status: 0

#### Pass 3


# COUNT0: 6625301
# COUNT1: 1
# COUNT2: lps
# elapsed: 10.004138
# pid: 1735677
# status: 0

# COUNT0: 6627020
# COUNT1: 1
# COUNT2: lps
# elapsed: 10.002879
# pid: 1735678
# status: 0

#### Pass 4


# COUNT0: 7033013
# COUNT1: 1
# COUNT2: lps
# elapsed: 10.003833
# pid: 1735689
# status: 0

# COUNT0: 7033603
# COUNT1: 1
# COUNT2: lps
# elapsed: 10.002794
# pid: 1735690
# status: 0

#### Pass 5


# COUNT0: 6802533
# COUNT1: 1
# COUNT2: lps
# elapsed: 10.003529
# pid: 1735701
# status: 0

# COUNT0: 6809619
# COUNT1: 1
# COUNT2: lps
# elapsed: 10.002447
# pid: 1735702
# status: 0

#### Pass 6


# COUNT0: 6845334
# COUNT1: 1
# COUNT2: lps
# elapsed: 10.004117
# pid: 1735713
# status: 0

# COUNT0: 6747898
# COUNT1: 1
# COUNT2: lps
# elapsed: 10.002145
# pid: 1735714
# status: 0

#### Pass 7


# COUNT0: 6928117
# COUNT1: 1
# COUNT2: lps
# elapsed: 10.004577
# pid: 1735725
# status: 0

# COUNT0: 6939627
# COUNT1: 1
# COUNT2: lps
# elapsed: 10.003093
# pid: 1735726
# status: 0

#### Pass 8


# COUNT0: 6949289
# COUNT1: 1
# COUNT2: lps
# elapsed: 10.003698
# pid: 1735737
# status: 0

# COUNT0: 6924297
# COUNT1: 1
# COUNT2: lps
# elapsed: 10.002590
# pid: 1735738
# status: 0

#### Pass 9


# COUNT0: 6738419
# COUNT1: 1
# COUNT2: lps
# elapsed: 10.004012
# pid: 1735749
# status: 0

# COUNT0: 6742781
# COUNT1: 1
# COUNT2: lps
# elapsed: 10.003155
# pid: 1735750
# status: 0

#### Pass 10


# COUNT0: 6943824
# COUNT1: 1
# COUNT2: lps
# elapsed: 10.003954
# pid: 1735761
# status: 0

# COUNT0: 6898133
# COUNT1: 1
# COUNT2: lps
# elapsed: 10.002840
# pid: 1735762
# status: 0

*Dump score:   13252321.0
*Dump score:   13481200.0
*Dump score:   13593232.0
Count score:   13598468.0
Count score:   13612152.0
Count score:   13841957.0
Count score:   13867744.0
Count score:   13873586.0
Count score:   13897795.0
Count score:   14066616.0

>>>> Sum of 2 copies
>>>> score: 1381720.2628895
>>>> time: 10.0033013571429
>>>> iterations: 7


########################################################
Shell Scripts (1 concurrent) -- 2 copies
==> "/mnt/host0/unixbench/UnixBench/pgms/looper" 60 "/mnt/host0/unixbench/UnixBench/pgms/multi.sh" 1 2>&1 >> "/mnt/host0/unixbench/UnixBench/results/uarf-2025-06-04-06.log"

#### Pass 1


# COUNT0: 5272
# COUNT1: 60
# COUNT2: lpm
# elapsed: 60.007317
# pid: 1735773
# status: 0

# COUNT0: 5279
# COUNT1: 60
# COUNT2: lpm
# elapsed: 60.002934
# pid: 1735774
# status: 0

#### Pass 2


# COUNT0: 5286
# COUNT1: 60
# COUNT2: lpm
# elapsed: 60.016249
# pid: 1830762
# status: 0

# COUNT0: 5277
# COUNT1: 60
# COUNT2: lpm
# elapsed: 60.016541
# pid: 1830763
# status: 0

#### Pass 3


# COUNT0: 5268
# COUNT1: 60
# COUNT2: lpm
# elapsed: 60.011894
# pid: 1925859
# status: 0

# COUNT0: 5273
# COUNT1: 60
# COUNT2: lpm
# elapsed: 60.006700
# pid: 1925860
# status: 0

*Dump score:      10541.0
Count score:      10551.0
Count score:      10563.0

>>>> Sum of 2 copies
>>>> score: 10555.1054152899
>>>> time: 60.01076025
>>>> iterations: 2


########################################################
Shell Scripts (8 concurrent) -- 2 copies
==> "/mnt/host0/unixbench/UnixBench/pgms/looper" 60 "/mnt/host0/unixbench/UnixBench/pgms/multi.sh" 8 2>&1 >> "/mnt/host0/unixbench/UnixBench/results/uarf-2025-06-04-06.log"

#### Pass 1


# COUNT0: 855
# COUNT1: 60
# COUNT2: lpm
# elapsed: 60.048554
# pid: 2020758
# status: 0

# COUNT0: 855
# COUNT1: 60
# COUNT2: lpm
# elapsed: 60.045822
# pid: 2020759
# status: 0

#### Pass 2


# COUNT0: 854
# COUNT1: 60
# COUNT2: lpm
# elapsed: 60.040891
# pid: 2132054
# status: 0

# COUNT0: 854
# COUNT1: 60
# COUNT2: lpm
# elapsed: 60.040779
# pid: 2132055
# status: 0

#### Pass 3


# COUNT0: 858
# COUNT1: 60
# COUNT2: lpm
# elapsed: 60.007344
# pid: 2243216
# status: 0

# COUNT0: 858
# COUNT1: 60
# COUNT2: lpm
# elapsed: 60.005522
# pid: 2243217
# status: 0

*Dump score:       1708.0
Count score:       1710.0
Count score:       1716.0

>>>> Sum of 2 copies
>>>> score: 1712.23237496435
>>>> time: 60.0268105
>>>> iterations: 2

