
########################################################
Dhrystone 2 using register variables -- 1 copy
==> "/mnt/host0/unixbench/UnixBench/pgms/dhry2reg" 10 2>&1 >> "/mnt/host0/unixbench/UnixBench/results/uarf-2025-06-04-03.log"

#### Pass 1


# COUNT0: 818242855
# COUNT1: 1
# COUNT2: lps
# elapsed: 10.005964
# pid: 406
# status: 0

#### Pass 2


# COUNT0: 847010245
# COUNT1: 1
# COUNT2: lps
# elapsed: 10.003787
# pid: 419
# status: 0

#### Pass 3


# COUNT0: 845688540
# COUNT1: 1
# COUNT2: lps
# elapsed: 10.003451
# pid: 431
# status: 0

#### Pass 4


# COUNT0: 808632294
# COUNT1: 1
# COUNT2: lps
# elapsed: 10.003481
# pid: 440
# status: 0

#### Pass 5


# COUNT0: 823313728
# COUNT1: 1
# COUNT2: lps
# elapsed: 10.004899
# pid: 449
# status: 0

#### Pass 6


# COUNT0: 821694811
# COUNT1: 1
# COUNT2: lps
# elapsed: 10.003554
# pid: 458
# status: 0

#### Pass 7


# COUNT0: 821866663
# COUNT1: 1
# COUNT2: lps
# elapsed: 10.004308
# pid: 467
# status: 0

#### Pass 8


# COUNT0: 819221790
# COUNT1: 1
# COUNT2: lps
# elapsed: 10.004746
# pid: 476
# status: 0

#### Pass 9


# COUNT0: 819029995
# COUNT1: 1
# COUNT2: lps
# elapsed: 10.003661
# pid: 485
# status: 0

#### Pass 10


# COUNT0: 846643143
# COUNT1: 1
# COUNT2: lps
# elapsed: 10.003955
# pid: 494
# status: 0

*Dump score:  808632294.0
*Dump score:  818242855.0
*Dump score:  819029995.0
Count score:  819221790.0
Count score:  821694811.0
Count score:  821866663.0
Count score:  823313728.0
Count score:  845688540.0
Count score:  846643143.0
Count score:  847010245.0

>>>> Results of 1 copy
>>>> score: 83177255.3760037
>>>> time: 10.0041
>>>> iterations: 7


########################################################
Double-Precision Whetstone -- 1 copy
==> "/mnt/host0/unixbench/UnixBench/pgms/whetstone-double"  2>&1 >> "/mnt/host0/unixbench/UnixBench/results/uarf-2025-06-04-03.log"

#### Pass 1

Calibrate
       0.00 Seconds          1   Passes (x 100)
       0.00 Seconds          5   Passes (x 100)
       0.02 Seconds         25   Passes (x 100)
       0.11 Seconds        125   Passes (x 100)
       0.52 Seconds        625   Passes (x 100)

Use 12024  passes (x 100)

          Double Precision C/C++ Whetstone Benchmark

Loop content                  Result              MFLOPS      MOPS   Seconds

N1 floating point     -1.12398255667392033      2657.051              0.087
N2 floating point     -1.12187079889294417      2967.118              0.545
N3 if then else        1.00000000000000000               15985.041    0.078
N4 fixed point        12.00000000000000000                   0.000   -0.000
N5 sin,cos etc.        0.49902937281518261                 355.183    2.817
N6 floating point      0.99999987890802811      1537.086              4.220
N7 assignments         3.00000000000000000                8071.878    0.275
N8 exp,sqrt etc.       0.75100163018453958                 240.875    1.857

MWIPS                                          12172.895              9.878


# COUNT0: 12172.895
# COUNT1: 0
# COUNT2: MWIPS
# TIME: 9.878
# elapsed: 11.365801
# pid: 503
# status: 0

#### Pass 2

Calibrate
       0.00 Seconds          1   Passes (x 100)
       0.00 Seconds          5   Passes (x 100)
       0.02 Seconds         25   Passes (x 100)
       0.11 Seconds        125   Passes (x 100)
       0.52 Seconds        625   Passes (x 100)

Use 12022  passes (x 100)

          Double Precision C/C++ Whetstone Benchmark

Loop content                  Result              MFLOPS      MOPS   Seconds

N1 floating point     -1.12398255667392033      2662.440              0.087
N2 floating point     -1.12187079889294417      2966.003              0.545
N3 if then else        1.00000000000000000               16036.986    0.078
N4 fixed point        12.00000000000000000                   0.000   -0.000
N5 sin,cos etc.        0.49902937281518261                 355.415    2.814
N6 floating point      0.99999987890802811      1536.932              4.219
N7 assignments         3.00000000000000000                8071.447    0.275
N8 exp,sqrt etc.       0.75100163018453958                 240.866    1.857

MWIPS                                          12174.804              9.874


# COUNT0: 12174.804
# COUNT1: 0
# COUNT2: MWIPS
# TIME: 9.874
# elapsed: 11.360509
# pid: 512
# status: 0

#### Pass 3

Calibrate
       0.00 Seconds          1   Passes (x 100)
       0.00 Seconds          5   Passes (x 100)
       0.02 Seconds         25   Passes (x 100)
       0.11 Seconds        125   Passes (x 100)
       0.52 Seconds        625   Passes (x 100)

Use 12024  passes (x 100)

          Double Precision C/C++ Whetstone Benchmark

Loop content                  Result              MFLOPS      MOPS   Seconds

N1 floating point     -1.12398255667392033      2657.877              0.087
N2 floating point     -1.12187079889294417      2967.412              0.545
N3 if then else        1.00000000000000000               16036.117    0.078
N4 fixed point        12.00000000000000000               168514275158.736    0.000
N5 sin,cos etc.        0.49902937281518261                 355.350    2.815
N6 floating point      0.99999987890802811      1536.809              4.220
N7 assignments         3.00000000000000000                8050.822    0.276
N8 exp,sqrt etc.       0.75100163018453958                 240.696    1.858

MWIPS                                          12171.394              9.879


# COUNT0: 12171.394
# COUNT1: 0
# COUNT2: MWIPS
# TIME: 9.879
# elapsed: 11.366323
# pid: 521
# status: 0

#### Pass 4

Calibrate
       0.00 Seconds          1   Passes (x 100)
       0.00 Seconds          5   Passes (x 100)
       0.02 Seconds         25   Passes (x 100)
       0.11 Seconds        125   Passes (x 100)
       0.52 Seconds        625   Passes (x 100)

Use 12024  passes (x 100)

          Double Precision C/C++ Whetstone Benchmark

Loop content                  Result              MFLOPS      MOPS   Seconds

N1 floating point     -1.12398255667392033      2661.382              0.087
N2 floating point     -1.12187079889294417      2965.484              0.545
N3 if then else        1.00000000000000000               16036.727    0.078
N4 fixed point        12.00000000000000000               52038056182.172    0.000
N5 sin,cos etc.        0.49902937281518261                 355.285    2.816
N6 floating point      0.99999987890802811      1537.023              4.220
N7 assignments         3.00000000000000000                8071.554    0.275
N8 exp,sqrt etc.       0.75100163018453958                 240.854    1.857

MWIPS                                          12173.573              9.877


# COUNT0: 12173.573
# COUNT1: 0
# COUNT2: MWIPS
# TIME: 9.877
# elapsed: 11.363390
# pid: 530
# status: 0

#### Pass 5

Calibrate
       0.00 Seconds          1   Passes (x 100)
       0.00 Seconds          5   Passes (x 100)
       0.02 Seconds         25   Passes (x 100)
       0.11 Seconds        125   Passes (x 100)
       0.52 Seconds        625   Passes (x 100)

Use 12020  passes (x 100)

          Double Precision C/C++ Whetstone Benchmark

Loop content                  Result              MFLOPS      MOPS   Seconds

N1 floating point     -1.12398255667392033      2659.396              0.087
N2 floating point     -1.12187079889294417      2966.452              0.545
N3 if then else        1.00000000000000000               16033.702    0.078
N4 fixed point        12.00000000000000000               44928290877.602    0.000
N5 sin,cos etc.        0.49902937281518261                 355.215    2.815
N6 floating point      0.99999987890802811      1536.167              4.221
N7 assignments         3.00000000000000000                8066.089    0.275
N8 exp,sqrt etc.       0.75100163018453958                 240.744    1.857

MWIPS                                          12168.835              9.878


# COUNT0: 12168.835
# COUNT1: 0
# COUNT2: MWIPS
# TIME: 9.878
# elapsed: 11.364161
# pid: 539
# status: 0

#### Pass 6

Calibrate
       0.00 Seconds          1   Passes (x 100)
       0.00 Seconds          5   Passes (x 100)
       0.02 Seconds         25   Passes (x 100)
       0.11 Seconds        125   Passes (x 100)
       0.52 Seconds        625   Passes (x 100)

Use 12023  passes (x 100)

          Double Precision C/C++ Whetstone Benchmark

Loop content                  Result              MFLOPS      MOPS   Seconds

N1 floating point     -1.12398255667392033      2658.935              0.087
N2 floating point     -1.12187079889294417      2966.348              0.545
N3 if then else        1.00000000000000000               16024.263    0.078
N4 fixed point        12.00000000000000000                   0.000   -0.000
N5 sin,cos etc.        0.49902937281518261                 355.444    2.814
N6 floating point      0.99999987890802811      1536.871              4.220
N7 assignments         3.00000000000000000                8071.559    0.275
N8 exp,sqrt etc.       0.75100163018453958                 240.868    1.857

MWIPS                                          12174.766              9.875


# COUNT0: 12174.766
# COUNT1: 0
# COUNT2: MWIPS
# TIME: 9.875
# elapsed: 11.362765
# pid: 548
# status: 0

#### Pass 7

Calibrate
       0.00 Seconds          1   Passes (x 100)
       0.00 Seconds          5   Passes (x 100)
       0.02 Seconds         25   Passes (x 100)
       0.11 Seconds        125   Passes (x 100)
       0.52 Seconds        625   Passes (x 100)

Use 12022  passes (x 100)

          Double Precision C/C++ Whetstone Benchmark

Loop content                  Result              MFLOPS      MOPS   Seconds

N1 floating point     -1.12398255667392033      2658.457              0.087
N2 floating point     -1.12187079889294417      2966.924              0.545
N3 if then else        1.00000000000000000               16036.997    0.078
N4 fixed point        12.00000000000000000               73317648224.098    0.000
N5 sin,cos etc.        0.49902937281518261                 355.428    2.814
N6 floating point      0.99999987890802811      1536.910              4.219
N7 assignments         3.00000000000000000                8056.750    0.276
N8 exp,sqrt etc.       0.75100163018453958                 240.829    1.857

MWIPS                                          12173.930              9.875


# COUNT0: 12173.930
# COUNT1: 0
# COUNT2: MWIPS
# TIME: 9.875
# elapsed: 11.363400
# pid: 557
# status: 0

#### Pass 8

Calibrate
       0.00 Seconds          1   Passes (x 100)
       0.00 Seconds          5   Passes (x 100)
       0.02 Seconds         25   Passes (x 100)
       0.11 Seconds        125   Passes (x 100)
       0.52 Seconds        625   Passes (x 100)

Use 12024  passes (x 100)

          Double Precision C/C++ Whetstone Benchmark

Loop content                  Result              MFLOPS      MOPS   Seconds

N1 floating point     -1.12398255667392033      2657.996              0.087
N2 floating point     -1.12187079889294417      2967.869              0.545
N3 if then else        1.00000000000000000               16036.521    0.078
N4 fixed point        12.00000000000000000               57220269256.097    0.000
N5 sin,cos etc.        0.49902937281518261                 355.392    2.815
N6 floating point      0.99999987890802811      1536.846              4.220
N7 assignments         3.00000000000000000                8066.075    0.275
N8 exp,sqrt etc.       0.75100163018453958                 240.833    1.857

MWIPS                                          12173.988              9.877


# COUNT0: 12173.988
# COUNT1: 0
# COUNT2: MWIPS
# TIME: 9.877
# elapsed: 11.364403
# pid: 566
# status: 0

#### Pass 9

Calibrate
       0.00 Seconds          1   Passes (x 100)
       0.00 Seconds          5   Passes (x 100)
       0.02 Seconds         25   Passes (x 100)
       0.11 Seconds        125   Passes (x 100)
       0.52 Seconds        625   Passes (x 100)

Use 12023  passes (x 100)

          Double Precision C/C++ Whetstone Benchmark

Loop content                  Result              MFLOPS      MOPS   Seconds

N1 floating point     -1.12398255667392033      2655.708              0.087
N2 floating point     -1.12187079889294417      2966.565              0.545
N3 if then else        1.00000000000000000               16036.042    0.078
N4 fixed point        12.00000000000000000                   0.000   -0.000
N5 sin,cos etc.        0.49902937281518261                 355.465    2.814
N6 floating point      0.99999987890802811      1536.389              4.221
N7 assignments         3.00000000000000000                8067.601    0.275
N8 exp,sqrt etc.       0.75100163018453958                 240.728    1.858

MWIPS                                          12171.825              9.878


# COUNT0: 12171.825
# COUNT1: 0
# COUNT2: MWIPS
# TIME: 9.878
# elapsed: 11.365705
# pid: 575
# status: 0

#### Pass 10

Calibrate
       0.00 Seconds          1   Passes (x 100)
       0.00 Seconds          5   Passes (x 100)
       0.02 Seconds         25   Passes (x 100)
       0.11 Seconds        125   Passes (x 100)
       0.52 Seconds        625   Passes (x 100)

Use 12017  passes (x 100)

          Double Precision C/C++ Whetstone Benchmark

Loop content                  Result              MFLOPS      MOPS   Seconds

N1 floating point     -1.12398255667392033      2654.505              0.087
N2 floating point     -1.12187079889294417      2964.867              0.545
N3 if then else        1.00000000000000000               16036.522    0.078
N4 fixed point        12.00000000000000000                   0.000   -0.000
N5 sin,cos etc.        0.49902937281518261                 355.138    2.815
N6 floating point      0.99999987890802811      1536.043              4.220
N7 assignments         3.00000000000000000                8070.169    0.275
N8 exp,sqrt etc.       0.75100163018453958                 240.561    1.858

MWIPS                                          12165.566              9.878


# COUNT0: 12165.566
# COUNT1: 0
# COUNT2: MWIPS
# TIME: 9.878
# elapsed: 11.366311
# pid: 584
# status: 0

*Dump score:      12165.6
*Dump score:      12168.8
*Dump score:      12171.4
Count score:      12171.8
Count score:      12172.9
Count score:      12173.6
Count score:      12173.9
Count score:      12174.0
Count score:      12174.8
Count score:      12174.8

>>>> Results of 1 copy
>>>> score: 12173.6829608699
>>>> time: 9.87628571428571
>>>> iterations: 7


########################################################
Execl Throughput -- 1 copy
==> "/mnt/host0/unixbench/UnixBench/pgms/execl" 30 2>&1 >> "/mnt/host0/unixbench/UnixBench/results/uarf-2025-06-04-03.log"

#### Pass 1


# COUNT0: 88759
# COUNT1: 1
# COUNT2: lps
# elapsed: 29.256307
# pid: 593
# status: 0

#### Pass 2


# COUNT0: 91494
# COUNT1: 1
# COUNT2: lps
# elapsed: 29.980131
# pid: 603
# status: 0

#### Pass 3


# COUNT0: 91920
# COUNT1: 1
# COUNT2: lps
# elapsed: 29.987909
# pid: 613
# status: 0

*Dump score:      88759.0
Count score:      91494.0
Count score:      91920.0

>>>> Results of 1 copy
>>>> score: 3058.52095258107
>>>> time: 29.98402
>>>> iterations: 2


########################################################
File Copy 1024 bufsize 2000 maxblocks -- 1 copy
==> "/mnt/host0/unixbench/UnixBench/pgms/fstime" -c -t 30 -d "/mnt/host0/unixbench/UnixBench/tmp" -b 1024 -m 2000 2>&1 >> "/mnt/host0/unixbench/UnixBench/results/uarf-2025-06-04-03.log"

#### Pass 1

Write done: 520000 in 2.0151, score 64512
Read done: 473712 in 2.0000, score 59213
Copy done: 3574320 in 30.0001, score 29785

# COUNT0: 29785
# COUNT1: 0
# COUNT2: KBps
# TIME: 30.0
# elapsed: 45.024798
# pid: 622
# status: 0

#### Pass 2

Write done: 440000 in 2.0291, score 54211
Read done: 437452 in 2.0000, score 54680
Copy done: 3599964 in 30.0000, score 29999

# COUNT0: 29999
# COUNT1: 0
# COUNT2: KBps
# TIME: 30.0
# elapsed: 45.037491
# pid: 631
# status: 0

#### Pass 3

Write done: 424000 in 2.0347, score 52097
Read done: 514624 in 2.0000, score 64327
Copy done: 3450884 in 30.0000, score 28757

# COUNT0: 28757
# COUNT1: 0
# COUNT2: KBps
# TIME: 30.0
# elapsed: 45.044743
# pid: 640
# status: 0

*Dump score:      28757.0
Count score:      29785.0
Count score:      29999.0

>>>> Results of 1 copy
>>>> score: 29891.808493298
>>>> time: 30
>>>> iterations: 2


########################################################
File Copy 256 bufsize 500 maxblocks -- 1 copy
==> "/mnt/host0/unixbench/UnixBench/pgms/fstime" -c -t 30 -d "/mnt/host0/unixbench/UnixBench/tmp" -b 256 -m 500 2>&1 >> "/mnt/host0/unixbench/UnixBench/results/uarf-2025-06-04-03.log"

#### Pass 1

Write done: 106000 in 2.0103, score 13182
Read done: 128851 in 2.0000, score 16106
Copy done: 894510 in 30.0000, score 7454

# COUNT0: 7454
# COUNT1: 0
# COUNT2: KBps
# TIME: 30.0
# elapsed: 45.019097
# pid: 649
# status: 0

#### Pass 2

Write done: 130000 in 2.0083, score 16182
Read done: 129039 in 2.0000, score 16129
Copy done: 864467 in 30.0000, score 7203

# COUNT0: 7203
# COUNT1: 0
# COUNT2: KBps
# TIME: 30.0
# elapsed: 45.018513
# pid: 658
# status: 0

#### Pass 3

Write done: 104000 in 2.0050, score 12967
Read done: 120512 in 2.0000, score 15063
Copy done: 870156 in 30.0000, score 7251

# COUNT0: 7251
# COUNT1: 0
# COUNT2: KBps
# TIME: 30.0
# elapsed: 45.013442
# pid: 667
# status: 0

*Dump score:       7203.0
Count score:       7251.0
Count score:       7454.0

>>>> Results of 1 copy
>>>> score: 7351.79937158245
>>>> time: 30
>>>> iterations: 2


########################################################
File Copy 4096 bufsize 8000 maxblocks -- 1 copy
==> "/mnt/host0/unixbench/UnixBench/pgms/fstime" -c -t 30 -d "/mnt/host0/unixbench/UnixBench/tmp" -b 4096 -m 8000 2>&1 >> "/mnt/host0/unixbench/UnixBench/results/uarf-2025-06-04-03.log"

#### Pass 1

Write done: 1568000 in 2.0013, score 195870
Read done: 1700224 in 2.0000, score 212525
Copy done: 13958224 in 30.0000, score 116318

# COUNT0: 116318
# COUNT1: 0
# COUNT2: KBps
# TIME: 30.0
# elapsed: 45.010876
# pid: 677
# status: 0

#### Pass 2

Write done: 1568000 in 2.0010, score 195899
Read done: 1755024 in 2.0000, score 219377
Copy done: 13594032 in 30.0000, score 113283

# COUNT0: 113283
# COUNT1: 0
# COUNT2: KBps
# TIME: 30.0
# elapsed: 45.011614
# pid: 686
# status: 0

#### Pass 3

Write done: 1632000 in 2.0210, score 201881
Read done: 1568464 in 2.0000, score 196056
Copy done: 13887824 in 30.0000, score 115731

# COUNT0: 115731
# COUNT1: 0
# COUNT2: KBps
# TIME: 30.0
# elapsed: 45.030226
# pid: 695
# status: 0

*Dump score:     113283.0
Count score:     115731.0
Count score:     116318.0

>>>> Results of 1 copy
>>>> score: 116024.128775009
>>>> time: 30
>>>> iterations: 2


########################################################
Pipe Throughput -- 1 copy
==> "/mnt/host0/unixbench/UnixBench/pgms/pipe" 10 2>&1 >> "/mnt/host0/unixbench/UnixBench/results/uarf-2025-06-04-03.log"

#### Pass 1


# COUNT0: 12935061
# COUNT1: 1
# COUNT2: lps
# elapsed: 10.003227
# pid: 704
# status: 0

#### Pass 2


# COUNT0: 12596129
# COUNT1: 1
# COUNT2: lps
# elapsed: 10.003869
# pid: 713
# status: 0

#### Pass 3


# COUNT0: 12358440
# COUNT1: 1
# COUNT2: lps
# elapsed: 10.004059
# pid: 722
# status: 0

#### Pass 4


# COUNT0: 12822152
# COUNT1: 1
# COUNT2: lps
# elapsed: 10.003157
# pid: 731
# status: 0

#### Pass 5


# COUNT0: 12698612
# COUNT1: 1
# COUNT2: lps
# elapsed: 10.002941
# pid: 740
# status: 0

#### Pass 6


# COUNT0: 12723535
# COUNT1: 1
# COUNT2: lps
# elapsed: 10.004200
# pid: 749
# status: 0

#### Pass 7


# COUNT0: 12497729
# COUNT1: 1
# COUNT2: lps
# elapsed: 10.003469
# pid: 758
# status: 0

#### Pass 8


# COUNT0: 12582907
# COUNT1: 1
# COUNT2: lps
# elapsed: 10.003674
# pid: 770
# status: 0

#### Pass 9


# COUNT0: 12742363
# COUNT1: 1
# COUNT2: lps
# elapsed: 10.002719
# pid: 779
# status: 0

#### Pass 10


# COUNT0: 12674404
# COUNT1: 1
# COUNT2: lps
# elapsed: 10.003411
# pid: 788
# status: 0

*Dump score:   12358440.0
*Dump score:   12497729.0
*Dump score:   12582907.0
Count score:   12596129.0
Count score:   12674404.0
Count score:   12698612.0
Count score:   12723535.0
Count score:   12742363.0
Count score:   12822152.0
Count score:   12935061.0

>>>> Results of 1 copy
>>>> score: 1273706.93928945
>>>> time: 10.0033605714286
>>>> iterations: 7


########################################################
Pipe-based Context Switching -- 1 copy
==> "/mnt/host0/unixbench/UnixBench/pgms/context1" 10 2>&1 >> "/mnt/host0/unixbench/UnixBench/results/uarf-2025-06-04-03.log"

#### Pass 1


# COUNT0: 903885
# COUNT1: 1
# COUNT2: lps
# elapsed: 10.004233
# pid: 797
# status: 0

#### Pass 2


# COUNT0: 903370
# COUNT1: 1
# COUNT2: lps
# elapsed: 10.003455
# pid: 807
# status: 0

#### Pass 3


# COUNT0: 909332
# COUNT1: 1
# COUNT2: lps
# elapsed: 10.003611
# pid: 817
# status: 0

#### Pass 4


# COUNT0: 904765
# COUNT1: 1
# COUNT2: lps
# elapsed: 10.003708
# pid: 827
# status: 0

#### Pass 5


# COUNT0: 909430
# COUNT1: 1
# COUNT2: lps
# elapsed: 10.003029
# pid: 838
# status: 0

#### Pass 6


# COUNT0: 903271
# COUNT1: 1
# COUNT2: lps
# elapsed: 10.003003
# pid: 848
# status: 0

#### Pass 7


# COUNT0: 904379
# COUNT1: 1
# COUNT2: lps
# elapsed: 10.003937
# pid: 858
# status: 0

#### Pass 8


# COUNT0: 903499
# COUNT1: 1
# COUNT2: lps
# elapsed: 10.003272
# pid: 868
# status: 0

#### Pass 9


# COUNT0: 899591
# COUNT1: 1
# COUNT2: lps
# elapsed: 10.003225
# pid: 878
# status: 0

#### Pass 10


# COUNT0: 908810
# COUNT1: 1
# COUNT2: lps
# elapsed: 10.003318
# pid: 888
# status: 0

*Dump score:     899591.0
*Dump score:     903271.0
*Dump score:     903370.0
Count score:     903499.0
Count score:     903885.0
Count score:     904379.0
Count score:     904765.0
Count score:     908810.0
Count score:     909332.0
Count score:     909430.0

>>>> Results of 1 copy
>>>> score: 90597.1495497917
>>>> time: 10.0035868571429
>>>> iterations: 7


########################################################
Process Creation -- 1 copy
==> "/mnt/host0/unixbench/UnixBench/pgms/spawn" 30 2>&1 >> "/mnt/host0/unixbench/UnixBench/results/uarf-2025-06-04-03.log"

#### Pass 1


# COUNT0: 514242
# COUNT1: 1
# COUNT2: lps
# elapsed: 30.003358
# pid: 898
# status: 0

#### Pass 2


# COUNT0: 515247
# COUNT1: 1
# COUNT2: lps
# elapsed: 30.003621
# pid: 515150
# status: 0

#### Pass 3


# COUNT0: 539978
# COUNT1: 1
# COUNT2: lps
# elapsed: 30.004108
# pid: 1030407
# status: 0

*Dump score:     514242.0
Count score:     515247.0
Count score:     539978.0

>>>> Results of 1 copy
>>>> score: 17579.9879648366
>>>> time: 30.0038645
>>>> iterations: 2


########################################################
System Call Overhead -- 1 copy
==> "/mnt/host0/unixbench/UnixBench/pgms/syscall" 10 2>&1 >> "/mnt/host0/unixbench/UnixBench/results/uarf-2025-06-04-03.log"

#### Pass 1


# COUNT0: 8091229
# COUNT1: 1
# COUNT2: lps
# elapsed: 10.003250
# pid: 1570395
# status: 0

#### Pass 2


# COUNT0: 8172758
# COUNT1: 1
# COUNT2: lps
# elapsed: 10.003363
# pid: 1570404
# status: 0

#### Pass 3


# COUNT0: 8230711
# COUNT1: 1
# COUNT2: lps
# elapsed: 10.003515
# pid: 1570413
# status: 0

#### Pass 4


# COUNT0: 8076340
# COUNT1: 1
# COUNT2: lps
# elapsed: 10.003922
# pid: 1570423
# status: 0

#### Pass 5


# COUNT0: 8249787
# COUNT1: 1
# COUNT2: lps
# elapsed: 10.003825
# pid: 1570432
# status: 0

#### Pass 6


# COUNT0: 7972705
# COUNT1: 1
# COUNT2: lps
# elapsed: 10.003261
# pid: 1570441
# status: 0

#### Pass 7


# COUNT0: 7972199
# COUNT1: 1
# COUNT2: lps
# elapsed: 10.003197
# pid: 1570450
# status: 0

#### Pass 8


# COUNT0: 8033351
# COUNT1: 1
# COUNT2: lps
# elapsed: 10.003111
# pid: 1570459
# status: 0

#### Pass 9


# COUNT0: 8082068
# COUNT1: 1
# COUNT2: lps
# elapsed: 10.003363
# pid: 1570468
# status: 0

#### Pass 10


# COUNT0: 8067718
# COUNT1: 1
# COUNT2: lps
# elapsed: 10.003108
# pid: 1570477
# status: 0

*Dump score:    7972199.0
*Dump score:    7972705.0
*Dump score:    8033351.0
Count score:    8067718.0
Count score:    8076340.0
Count score:    8082068.0
Count score:    8091229.0
Count score:    8172758.0
Count score:    8230711.0
Count score:    8249787.0

>>>> Results of 1 copy
>>>> score: 813551.105181188
>>>> time: 10.003478
>>>> iterations: 7


########################################################
Shell Scripts (1 concurrent) -- 1 copy
==> "/mnt/host0/unixbench/UnixBench/pgms/looper" 60 "/mnt/host0/unixbench/UnixBench/pgms/multi.sh" 1 2>&1 >> "/mnt/host0/unixbench/UnixBench/results/uarf-2025-06-04-03.log"

#### Pass 1


# COUNT0: 8504
# COUNT1: 60
# COUNT2: lpm
# elapsed: 60.003527
# pid: 1570486
# status: 0

#### Pass 2


# COUNT0: 8497
# COUNT1: 60
# COUNT2: lpm
# elapsed: 60.004809
# pid: 1647041
# status: 0

#### Pass 3


# COUNT0: 8497
# COUNT1: 60
# COUNT2: lpm
# elapsed: 60.005772
# pid: 1723532
# status: 0

*Dump score:       8497.0
Count score:       8497.0
Count score:       8504.0

>>>> Results of 1 copy
>>>> score: 8499.84061412589
>>>> time: 60.0046495
>>>> iterations: 2


########################################################
Shell Scripts (8 concurrent) -- 1 copy
==> "/mnt/host0/unixbench/UnixBench/pgms/looper" 60 "/mnt/host0/unixbench/UnixBench/pgms/multi.sh" 8 2>&1 >> "/mnt/host0/unixbench/UnixBench/results/uarf-2025-06-04-03.log"

#### Pass 1


# COUNT0: 1672
# COUNT1: 60
# COUNT2: lpm
# elapsed: 60.022881
# pid: 1800023
# status: 0

#### Pass 2


# COUNT0: 1671
# COUNT1: 60
# COUNT2: lpm
# elapsed: 60.022507
# pid: 1908777
# status: 0

#### Pass 3


# COUNT0: 1670
# COUNT1: 60
# COUNT2: lpm
# elapsed: 60.006094
# pid: 2017466
# status: 0

*Dump score:       1670.0
Count score:       1671.0
Count score:       1672.0

>>>> Results of 1 copy
>>>> score: 1670.86794727173
>>>> time: 60.022694
>>>> iterations: 2


########################################################
Dhrystone 2 using register variables -- 2 copies
==> "/mnt/host0/unixbench/UnixBench/pgms/dhry2reg" 10 2>&1 >> "/mnt/host0/unixbench/UnixBench/results/uarf-2025-06-04-03.log"

#### Pass 1


# COUNT0: 619193200
# COUNT1: 1
# COUNT2: lps
# elapsed: 10.004238
# pid: 2126091
# status: 0

# COUNT0: 618885309
# COUNT1: 1
# COUNT2: lps
# elapsed: 10.003169
# pid: 2126092
# status: 0

#### Pass 2


# COUNT0: 619589972
# COUNT1: 1
# COUNT2: lps
# elapsed: 10.004449
# pid: 2126103
# status: 0

# COUNT0: 619806907
# COUNT1: 1
# COUNT2: lps
# elapsed: 10.003756
# pid: 2126104
# status: 0

#### Pass 3


# COUNT0: 628175970
# COUNT1: 1
# COUNT2: lps
# elapsed: 10.004031
# pid: 2126115
# status: 0

# COUNT0: 628445352
# COUNT1: 1
# COUNT2: lps
# elapsed: 10.002378
# pid: 2126116
# status: 0

#### Pass 4


# COUNT0: 611799852
# COUNT1: 1
# COUNT2: lps
# elapsed: 10.004256
# pid: 2126127
# status: 0

# COUNT0: 611778361
# COUNT1: 1
# COUNT2: lps
# elapsed: 10.003243
# pid: 2126128
# status: 0

#### Pass 5


# COUNT0: 627225382
# COUNT1: 1
# COUNT2: lps
# elapsed: 10.004502
# pid: 2126139
# status: 0

# COUNT0: 627583836
# COUNT1: 1
# COUNT2: lps
# elapsed: 10.002514
# pid: 2126140
# status: 0

#### Pass 6


# COUNT0: 608082891
# COUNT1: 1
# COUNT2: lps
# elapsed: 10.004678
# pid: 2126151
# status: 0

# COUNT0: 609830594
# COUNT1: 1
# COUNT2: lps
# elapsed: 10.003215
# pid: 2126153
# status: 0

#### Pass 7


# COUNT0: 627727133
# COUNT1: 1
# COUNT2: lps
# elapsed: 10.003990
# pid: 2126163
# status: 0

# COUNT0: 627624048
# COUNT1: 1
# COUNT2: lps
# elapsed: 10.002672
# pid: 2126165
# status: 0

#### Pass 8


# COUNT0: 619648773
# COUNT1: 1
# COUNT2: lps
# elapsed: 10.003209
# pid: 2126175
# status: 0

# COUNT0: 618709005
# COUNT1: 1
# COUNT2: lps
# elapsed: 10.002134
# pid: 2126176
# status: 0

#### Pass 9


# COUNT0: 629101812
# COUNT1: 1
# COUNT2: lps
# elapsed: 10.004887
# pid: 2126187
# status: 0

# COUNT0: 628447594
# COUNT1: 1
# COUNT2: lps
# elapsed: 10.003742
# pid: 2126188
# status: 0

#### Pass 10


# COUNT0: 614458311
# COUNT1: 1
# COUNT2: lps
# elapsed: 10.004767
# pid: 2126199
# status: 0

# COUNT0: 612619785
# COUNT1: 1
# COUNT2: lps
# elapsed: 10.003548
# pid: 2126200
# status: 0

*Dump score: 1217913485.0
*Dump score: 1223578213.0
*Dump score: 1227078096.0
Count score: 1238078509.0
Count score: 1238357778.0
Count score: 1239396879.0
Count score: 1254809218.0
Count score: 1255351181.0
Count score: 1256621322.0
Count score: 1257549406.0

>>>> Sum of 2 copies
>>>> score: 124812178.285571
>>>> time: 10.0035479285714
>>>> iterations: 7


########################################################
Double-Precision Whetstone -- 2 copies
==> "/mnt/host0/unixbench/UnixBench/pgms/whetstone-double"  2>&1 >> "/mnt/host0/unixbench/UnixBench/results/uarf-2025-06-04-03.log"

#### Pass 1

Calibrate
       0.00 Seconds          1   Passes (x 100)
       0.00 Seconds          5   Passes (x 100)
       0.02 Seconds         25   Passes (x 100)
       0.11 Seconds        125   Passes (x 100)
       0.56 Seconds        625   Passes (x 100)

Use 11162  passes (x 100)

          Double Precision C/C++ Whetstone Benchmark

Loop content                  Result              MFLOPS      MOPS   Seconds

N1 floating point     -1.12398255667392033      2634.813              0.081
N2 floating point     -1.12187079889294417      2902.020              0.517
N3 if then else        1.00000000000000000               10706.642    0.108
N4 fixed point        12.00000000000000000               40718596721.119    0.000
N5 sin,cos etc.        0.49902937281518261                 294.841    3.150
N6 floating point      0.99999987890802811      1533.977              3.925
N7 assignments         3.00000000000000000                7932.906    0.260
N8 exp,sqrt etc.       0.75100163018453958                 224.918    1.846

MWIPS                                          11289.528              9.887

Calibrate
       0.00 Seconds          1   Passes (x 100)
       0.00 Seconds          5   Passes (x 100)
       0.02 Seconds         25   Passes (x 100)
       0.11 Seconds        125   Passes (x 100)
       0.56 Seconds        625   Passes (x 100)

Use 11162  passes (x 100)

          Double Precision C/C++ Whetstone Benchmark

Loop content                  Result              MFLOPS      MOPS   Seconds

N1 floating point     -1.12398255667392033      2634.560              0.081
N2 floating point     -1.12187079889294417      2902.272              0.517
N3 if then else        1.00000000000000000               10718.541    0.108
N4 fixed point        12.00000000000000000               273341089549.892    0.000
N5 sin,cos etc.        0.49902937281518261                 294.796    3.150
N6 floating point      0.99999987890802811      1533.835              3.925
N7 assignments         3.00000000000000000                7931.810    0.260
N8 exp,sqrt etc.       0.75100163018453958                 224.920    1.846

MWIPS                                          11288.722              9.888


# COUNT0: 11288.722
# COUNT1: 0
# COUNT2: MWIPS
# TIME: 9.888
# elapsed: 11.376763
# pid: 2126211
# status: 0

# COUNT0: 11289.528
# COUNT1: 0
# COUNT2: MWIPS
# TIME: 9.887
# elapsed: 11.374737
# pid: 2126212
# status: 0

#### Pass 2

Calibrate
       0.00 Seconds          1   Passes (x 100)
       0.00 Seconds          5   Passes (x 100)
       0.02 Seconds         25   Passes (x 100)
       0.11 Seconds        125   Passes (x 100)
       0.56 Seconds        625   Passes (x 100)

Use 11171  passes (x 100)

          Double Precision C/C++ Whetstone Benchmark

Loop content                  Result              MFLOPS      MOPS   Seconds

N1 floating point     -1.12398255667392033      2633.777              0.081
N2 floating point     -1.12187079889294417      2901.026              0.518
N3 if then else        1.00000000000000000               10714.767    0.108
N4 fixed point        12.00000000000000000                   0.000   -0.000
N5 sin,cos etc.        0.49902937281518261                 294.695    3.154
N6 floating point      0.99999987890802811      1533.538              3.929
N7 assignments         3.00000000000000000                7932.255    0.260
N8 exp,sqrt etc.       0.75100163018453958                 225.165    1.846

MWIPS                                          11288.612              9.896

Calibrate
       0.00 Seconds          1   Passes (x 100)
       0.00 Seconds          5   Passes (x 100)
       0.02 Seconds         25   Passes (x 100)
       0.11 Seconds        125   Passes (x 100)
       0.56 Seconds        625   Passes (x 100)

Use 11173  passes (x 100)

          Double Precision C/C++ Whetstone Benchmark

Loop content                  Result              MFLOPS      MOPS   Seconds

N1 floating point     -1.12398255667392033      2635.277              0.081
N2 floating point     -1.12187079889294417      2901.119              0.518
N3 if then else        1.00000000000000000               10695.962    0.108
N4 fixed point        12.00000000000000000                   0.000   -0.000
N5 sin,cos etc.        0.49902937281518261                 294.661    3.155
N6 floating point      0.99999987890802811      1533.473              3.930
N7 assignments         3.00000000000000000                7928.037    0.260
N8 exp,sqrt etc.       0.75100163018453958                 225.126    1.846

MWIPS                                          11287.328              9.899


# COUNT0: 11287.328
# COUNT1: 0
# COUNT2: MWIPS
# TIME: 9.899
# elapsed: 11.387891
# pid: 2126223
# status: 0

# COUNT0: 11288.612
# COUNT1: 0
# COUNT2: MWIPS
# TIME: 9.896
# elapsed: 11.384411
# pid: 2126224
# status: 0

#### Pass 3

Calibrate
       0.00 Seconds          1   Passes (x 100)
       0.00 Seconds          5   Passes (x 100)
       0.02 Seconds         25   Passes (x 100)
       0.11 Seconds        125   Passes (x 100)
       0.56 Seconds        625   Passes (x 100)

Use 11174  passes (x 100)

          Double Precision C/C++ Whetstone Benchmark

Loop content                  Result              MFLOPS      MOPS   Seconds

N1 floating point     -1.12398255667392033      2635.536              0.081
N2 floating point     -1.12187079889294417      2902.057              0.517
N3 if then else        1.00000000000000000               10698.620    0.108
N4 fixed point        12.00000000000000000               38919229171.529    0.000
N5 sin,cos etc.        0.49902937281518261                 294.632    3.155
N6 floating point      0.99999987890802811      1533.567              3.930
N7 assignments         3.00000000000000000                8009.722    0.258
N8 exp,sqrt etc.       0.75100163018453958                 225.136    1.846

MWIPS                                          11290.611              9.897

Calibrate
       0.00 Seconds          1   Passes (x 100)
       0.00 Seconds          5   Passes (x 100)
       0.02 Seconds         25   Passes (x 100)
       0.11 Seconds        125   Passes (x 100)
       0.56 Seconds        625   Passes (x 100)

Use 11174  passes (x 100)

          Double Precision C/C++ Whetstone Benchmark

Loop content                  Result              MFLOPS      MOPS   Seconds

N1 floating point     -1.12398255667392033      2635.173              0.081
N2 floating point     -1.12187079889294417      2902.243              0.517
N3 if then else        1.00000000000000000               10707.722    0.108
N4 fixed point        12.00000000000000000                   0.000   -0.000
N5 sin,cos etc.        0.49902937281518261                 294.698    3.155
N6 floating point      0.99999987890802811      1533.621              3.930
N7 assignments         3.00000000000000000                8011.873    0.258
N8 exp,sqrt etc.       0.75100163018453958                 225.041    1.847

MWIPS                                          11290.896              9.896


# COUNT0: 11290.896
# COUNT1: 0
# COUNT2: MWIPS
# TIME: 9.896
# elapsed: 11.385576
# pid: 2126235
# status: 0

# COUNT0: 11290.611
# COUNT1: 0
# COUNT2: MWIPS
# TIME: 9.897
# elapsed: 11.384243
# pid: 2126236
# status: 0

#### Pass 4

Calibrate
       0.00 Seconds          1   Passes (x 100)
       0.00 Seconds          5   Passes (x 100)
       0.02 Seconds         25   Passes (x 100)
       0.11 Seconds        125   Passes (x 100)
       0.56 Seconds        625   Passes (x 100)

Use 11168  passes (x 100)

          Double Precision C/C++ Whetstone Benchmark

Loop content                  Result              MFLOPS      MOPS   Seconds

N1 floating point     -1.12398255667392033      2634.820              0.081
N2 floating point     -1.12187079889294417      2901.890              0.517
N3 if then else        1.00000000000000000               10703.171    0.108
N4 fixed point        12.00000000000000000               67848853757.968    0.000
N5 sin,cos etc.        0.49902937281518261                 294.736    3.153
N6 floating point      0.99999987890802811      1533.814              3.927
N7 assignments         3.00000000000000000                7929.423    0.260
N8 exp,sqrt etc.       0.75100163018453958                 224.939    1.847

MWIPS                                          11287.776              9.894

Calibrate
       0.00 Seconds          1   Passes (x 100)
       0.00 Seconds          5   Passes (x 100)
       0.02 Seconds         25   Passes (x 100)
       0.11 Seconds        125   Passes (x 100)
       0.56 Seconds        625   Passes (x 100)

Use 11167  passes (x 100)

          Double Precision C/C++ Whetstone Benchmark

Loop content                  Result              MFLOPS      MOPS   Seconds

N1 floating point     -1.12398255667392033      2634.354              0.081
N2 floating point     -1.12187079889294417      2902.011              0.517
N3 if then else        1.00000000000000000               10717.377    0.108
N4 fixed point        12.00000000000000000               67842780781.018    0.000
N5 sin,cos etc.        0.49902937281518261                 294.726    3.152
N6 floating point      0.99999987890802811      1533.721              3.927
N7 assignments         3.00000000000000000                7930.814    0.260
N8 exp,sqrt etc.       0.75100163018453958                 224.930    1.847

MWIPS                                          11287.517              9.893


# COUNT0: 11287.517
# COUNT1: 0
# COUNT2: MWIPS
# TIME: 9.893
# elapsed: 11.383200
# pid: 2126247
# status: 0

# COUNT0: 11287.776
# COUNT1: 0
# COUNT2: MWIPS
# TIME: 9.894
# elapsed: 11.382037
# pid: 2126248
# status: 0

#### Pass 5

Calibrate
       0.00 Seconds          1   Passes (x 100)
       0.00 Seconds          5   Passes (x 100)
       0.02 Seconds         25   Passes (x 100)
       0.11 Seconds        125   Passes (x 100)
       0.56 Seconds        625   Passes (x 100)

Use 11168  passes (x 100)

          Double Precision C/C++ Whetstone Benchmark

Loop content                  Result              MFLOPS      MOPS   Seconds

N1 floating point     -1.12398255667392033      2628.457              0.082
N2 floating point     -1.12187079889294417      2900.700              0.517
N3 if then else        1.00000000000000000               10668.583    0.108
N4 fixed point        12.00000000000000000                   0.000   -0.000
N5 sin,cos etc.        0.49902937281518261                 294.634    3.154
N6 floating point      0.99999987890802811      1534.001              3.927
N7 assignments         3.00000000000000000                7941.538    0.260
N8 exp,sqrt etc.       0.75100163018453958                 225.130    1.845

MWIPS                                          11288.451              9.893

Calibrate
       0.00 Seconds          1   Passes (x 100)
       0.00 Seconds          5   Passes (x 100)
       0.02 Seconds         25   Passes (x 100)
       0.11 Seconds        125   Passes (x 100)
       0.56 Seconds        625   Passes (x 100)

Use 11170  passes (x 100)

          Double Precision C/C++ Whetstone Benchmark

Loop content                  Result              MFLOPS      MOPS   Seconds

N1 floating point     -1.12398255667392033      2633.202              0.081
N2 floating point     -1.12187079889294417      2900.609              0.518
N3 if then else        1.00000000000000000               10636.333    0.109
N4 fixed point        12.00000000000000000                   0.000   -0.000
N5 sin,cos etc.        0.49902937281518261                 294.672    3.154
N6 floating point      0.99999987890802811      1533.902              3.928
N7 assignments         3.00000000000000000                7941.675    0.260
N8 exp,sqrt etc.       0.75100163018453958                 225.092    1.846

MWIPS                                          11288.048              9.895


# COUNT0: 11288.048
# COUNT1: 0
# COUNT2: MWIPS
# TIME: 9.895
# elapsed: 11.384250
# pid: 2126259
# status: 0

# COUNT0: 11288.451
# COUNT1: 0
# COUNT2: MWIPS
# TIME: 9.893
# elapsed: 11.382252
# pid: 2126260
# status: 0

#### Pass 6

Calibrate
       0.00 Seconds          1   Passes (x 100)
       0.00 Seconds          5   Passes (x 100)
       0.02 Seconds         25   Passes (x 100)
       0.11 Seconds        125   Passes (x 100)
       0.56 Seconds        625   Passes (x 100)

Use 11160  passes (x 100)

          Double Precision C/C++ Whetstone Benchmark

Loop content                  Result              MFLOPS      MOPS   Seconds

N1 floating point     -1.12398255667392033      2633.172              0.081
N2 floating point     -1.12187079889294417      2899.312              0.517
N3 if then else        1.00000000000000000               10712.247    0.108
N4 fixed point        12.00000000000000000               52384095078.693    0.000
N5 sin,cos etc.        0.49902937281518261                 294.644    3.151
N6 floating point      0.99999987890802811      1533.605              3.925
N7 assignments         3.00000000000000000                7934.625    0.260
N8 exp,sqrt etc.       0.75100163018453958                 225.075    1.845

MWIPS                                          11287.027              9.887

Calibrate
       0.00 Seconds          1   Passes (x 100)
       0.00 Seconds          5   Passes (x 100)
       0.02 Seconds         25   Passes (x 100)
       0.11 Seconds        125   Passes (x 100)
       0.56 Seconds        625   Passes (x 100)

Use 11161  passes (x 100)

          Double Precision C/C++ Whetstone Benchmark

Loop content                  Result              MFLOPS      MOPS   Seconds

N1 floating point     -1.12398255667392033      2632.512              0.081
N2 floating point     -1.12187079889294417      2899.291              0.517
N3 if then else        1.00000000000000000               10702.806    0.108
N4 fixed point        12.00000000000000000               66075681916.175    0.000
N5 sin,cos etc.        0.49902937281518261                 294.645    3.152
N6 floating point      0.99999987890802811      1533.508              3.926
N7 assignments         3.00000000000000000                7931.526    0.260
N8 exp,sqrt etc.       0.75100163018453958                 225.052    1.845

MWIPS                                          11286.295              9.889


# COUNT0: 11287.027
# COUNT1: 0
# COUNT2: MWIPS
# TIME: 9.887
# elapsed: 11.376675
# pid: 2126271
# status: 0

# COUNT0: 11286.295
# COUNT1: 0
# COUNT2: MWIPS
# TIME: 9.889
# elapsed: 11.377075
# pid: 2126272
# status: 0

#### Pass 7

Calibrate
       0.00 Seconds          1   Passes (x 100)
       0.00 Seconds          5   Passes (x 100)
       0.02 Seconds         25   Passes (x 100)
       0.11 Seconds        125   Passes (x 100)
       0.56 Seconds        625   Passes (x 100)

Use 11150  passes (x 100)

          Double Precision C/C++ Whetstone Benchmark

Loop content                  Result              MFLOPS      MOPS   Seconds

N1 floating point     -1.12398255667392033      2632.488              0.081
N2 floating point     -1.12187079889294417      2901.571              0.516
N3 if then else        1.00000000000000000               10686.116    0.108
N4 fixed point        12.00000000000000000               29924444014.983    0.000
N5 sin,cos etc.        0.49902937281518261                 294.541    3.150
N6 floating point      0.99999987890802811      1533.761              3.921
N7 assignments         3.00000000000000000                7932.826    0.260
N8 exp,sqrt etc.       0.75100163018453958                 225.179    1.842

MWIPS                                          11287.264              9.878

Calibrate
       0.00 Seconds          1   Passes (x 100)
       0.00 Seconds          5   Passes (x 100)
       0.02 Seconds         25   Passes (x 100)
       0.11 Seconds        125   Passes (x 100)
       0.56 Seconds        625   Passes (x 100)

Use 11155  passes (x 100)

          Double Precision C/C++ Whetstone Benchmark

Loop content                  Result              MFLOPS      MOPS   Seconds

N1 floating point     -1.12398255667392033      2632.908              0.081
N2 floating point     -1.12187079889294417      2902.136              0.517
N3 if then else        1.00000000000000000               10679.131    0.108
N4 fixed point        12.00000000000000000                   0.000   -0.000
N5 sin,cos etc.        0.49902937281518261                 294.532    3.151
N6 floating point      0.99999987890802811      1533.888              3.923
N7 assignments         3.00000000000000000                7926.771    0.260
N8 exp,sqrt etc.       0.75100163018453958                 225.087    1.844

MWIPS                                          11286.492              9.883


# COUNT0: 11287.264
# COUNT1: 0
# COUNT2: MWIPS
# TIME: 9.878
# elapsed: 11.369601
# pid: 2126283
# status: 0

# COUNT0: 11286.492
# COUNT1: 0
# COUNT2: MWIPS
# TIME: 9.883
# elapsed: 11.371485
# pid: 2126284
# status: 0

#### Pass 8

Calibrate
       0.00 Seconds          1   Passes (x 100)
       0.00 Seconds          5   Passes (x 100)
       0.02 Seconds         25   Passes (x 100)
       0.11 Seconds        125   Passes (x 100)
       0.56 Seconds        625   Passes (x 100)

Use 11160  passes (x 100)

          Double Precision C/C++ Whetstone Benchmark

Loop content                  Result              MFLOPS      MOPS   Seconds

N1 floating point     -1.12398255667392033      2634.137              0.081
N2 floating point     -1.12187079889294417      2899.088              0.517
N3 if then else        1.00000000000000000               10703.520    0.108
N4 fixed point        12.00000000000000000                   0.000   -0.000
N5 sin,cos etc.        0.49902937281518261                 294.604    3.152
N6 floating point      0.99999987890802811      1533.486              3.926
N7 assignments         3.00000000000000000                7927.703    0.260
N8 exp,sqrt etc.       0.75100163018453958                 225.142    1.844

MWIPS                                          11286.441              9.888

Calibrate
       0.00 Seconds          1   Passes (x 100)
       0.00 Seconds          5   Passes (x 100)
       0.02 Seconds         25   Passes (x 100)
       0.11 Seconds        125   Passes (x 100)
       0.56 Seconds        625   Passes (x 100)

Use 11165  passes (x 100)

          Double Precision C/C++ Whetstone Benchmark

Loop content                  Result              MFLOPS      MOPS   Seconds

N1 floating point     -1.12398255667392033      2633.831              0.081
N2 floating point     -1.12187079889294417      2899.114              0.518
N3 if then else        1.00000000000000000               10714.779    0.108
N4 fixed point        12.00000000000000000               47730064268.367    0.000
N5 sin,cos etc.        0.49902937281518261                 294.592    3.153
N6 floating point      0.99999987890802811      1533.591              3.927
N7 assignments         3.00000000000000000                7921.177    0.260
N8 exp,sqrt etc.       0.75100163018453958                 225.133    1.845

MWIPS                                          11286.407              9.892


# COUNT0: 11286.407
# COUNT1: 0
# COUNT2: MWIPS
# TIME: 9.892
# elapsed: 11.381333
# pid: 2126295
# status: 0

# COUNT0: 11286.441
# COUNT1: 0
# COUNT2: MWIPS
# TIME: 9.888
# elapsed: 11.375734
# pid: 2126296
# status: 0

#### Pass 9

Calibrate
       0.00 Seconds          1   Passes (x 100)
       0.00 Seconds          5   Passes (x 100)
       0.02 Seconds         25   Passes (x 100)
       0.11 Seconds        125   Passes (x 100)
       0.56 Seconds        625   Passes (x 100)

Use 11147  passes (x 100)

          Double Precision C/C++ Whetstone Benchmark

Loop content                  Result              MFLOPS      MOPS   Seconds

N1 floating point     -1.12398255667392033      2635.474              0.081
N2 floating point     -1.12187079889294417      2901.437              0.516
N3 if then else        1.00000000000000000               10716.471    0.108
N4 fixed point        12.00000000000000000                   0.000   -0.000
N5 sin,cos etc.        0.49902937281518261                 293.869    3.156
N6 floating point      0.99999987890802811      1533.972              3.920
N7 assignments         3.00000000000000000                7925.691    0.260
N8 exp,sqrt etc.       0.75100163018453958                 225.152    1.842

MWIPS                                          11279.561              9.882

Calibrate
       0.00 Seconds          1   Passes (x 100)
       0.00 Seconds          5   Passes (x 100)
       0.02 Seconds         25   Passes (x 100)
       0.11 Seconds        125   Passes (x 100)
       0.56 Seconds        625   Passes (x 100)

Use 11152  passes (x 100)

          Double Precision C/C++ Whetstone Benchmark

Loop content                  Result              MFLOPS      MOPS   Seconds

N1 floating point     -1.12398255667392033      2635.693              0.081
N2 floating point     -1.12187079889294417      2901.957              0.516
N3 if then else        1.00000000000000000               10711.225    0.108
N4 fixed point        12.00000000000000000               186413045701.922    0.000
N5 sin,cos etc.        0.49902937281518261                 293.863    3.157
N6 floating point      0.99999987890802811      1534.046              3.921
N7 assignments         3.00000000000000000                7920.103    0.260
N8 exp,sqrt etc.       0.75100163018453958                 225.111    1.843

MWIPS                                          11279.169              9.887


# COUNT0: 11279.169
# COUNT1: 0
# COUNT2: MWIPS
# TIME: 9.887
# elapsed: 11.375308
# pid: 2126307
# status: 0

# COUNT0: 11279.561
# COUNT1: 0
# COUNT2: MWIPS
# TIME: 9.882
# elapsed: 11.369672
# pid: 2126308
# status: 0

#### Pass 10

Calibrate
       0.00 Seconds          1   Passes (x 100)
       0.00 Seconds          5   Passes (x 100)
       0.02 Seconds         25   Passes (x 100)
       0.11 Seconds        125   Passes (x 100)
       0.56 Seconds        625   Passes (x 100)

Use 11150  passes (x 100)

          Double Precision C/C++ Whetstone Benchmark

Loop content                  Result              MFLOPS      MOPS   Seconds

N1 floating point     -1.12398255667392033      2632.055              0.081
N2 floating point     -1.12187079889294417      2901.673              0.516
N3 if then else        1.00000000000000000               10717.956    0.108
N4 fixed point        12.00000000000000000               54197980480.736    0.000
N5 sin,cos etc.        0.49902937281518261                 294.770    3.147
N6 floating point      0.99999987890802811      1533.763              3.921
N7 assignments         3.00000000000000000                7933.162    0.260
N8 exp,sqrt etc.       0.75100163018453958                 225.142    1.842

MWIPS                                          11290.107              9.876

Calibrate
       0.00 Seconds          1   Passes (x 100)
       0.00 Seconds          5   Passes (x 100)
       0.02 Seconds         25   Passes (x 100)
       0.11 Seconds        125   Passes (x 100)
       0.56 Seconds        625   Passes (x 100)

Use 11152  passes (x 100)

          Double Precision C/C++ Whetstone Benchmark

Loop content                  Result              MFLOPS      MOPS   Seconds

N1 floating point     -1.12398255667392033      2631.993              0.081
N2 floating point     -1.12187079889294417      2901.834              0.517
N3 if then else        1.00000000000000000               10712.030    0.108
N4 fixed point        12.00000000000000000                   0.000   -0.000
N5 sin,cos etc.        0.49902937281518261                 294.739    3.148
N6 floating point      0.99999987890802811      1533.650              3.922
N7 assignments         3.00000000000000000                7929.363    0.260
N8 exp,sqrt etc.       0.75100163018453958                 225.092    1.843

MWIPS                                          11288.748              9.879


# COUNT0: 11290.107
# COUNT1: 0
# COUNT2: MWIPS
# TIME: 9.876
# elapsed: 11.364896
# pid: 2126319
# status: 0

# COUNT0: 11288.748
# COUNT1: 0
# COUNT2: MWIPS
# TIME: 9.879
# elapsed: 11.366716
# pid: 2126320
# status: 0

*Dump score:      22558.7
*Dump score:      22572.8
*Dump score:      22573.3
Count score:      22573.8
Count score:      22575.3
Count score:      22575.9
Count score:      22576.5
Count score:      22578.2
Count score:      22578.9
Count score:      22581.5

>>>> Sum of 2 copies
>>>> score: 22577.1570164509
>>>> time: 9.88957142857143
>>>> iterations: 7


########################################################
Execl Throughput -- 2 copies
==> "/mnt/host0/unixbench/UnixBench/pgms/execl" 30 2>&1 >> "/mnt/host0/unixbench/UnixBench/results/uarf-2025-06-04-03.log"

#### Pass 1


# COUNT0: 62150
# COUNT1: 1
# COUNT2: lps
# elapsed: 29.842952
# pid: 2126331
# status: 0

# COUNT0: 62208
# COUNT1: 1
# COUNT2: lps
# elapsed: 29.841027
# pid: 2126332
# status: 0

#### Pass 2


# COUNT0: 63407
# COUNT1: 1
# COUNT2: lps
# elapsed: 29.986730
# pid: 2126344
# status: 0

# COUNT0: 63388
# COUNT1: 1
# COUNT2: lps
# elapsed: 29.985337
# pid: 2126345
# status: 0

#### Pass 3


# COUNT0: 63427
# COUNT1: 1
# COUNT2: lps
# elapsed: 29.986111
# pid: 2126356
# status: 0

# COUNT0: 63583
# COUNT1: 1
# COUNT2: lps
# elapsed: 29.985041
# pid: 2126357
# status: 0

*Dump score:     124358.0
Count score:     126795.0
Count score:     127010.0

>>>> Sum of 2 copies
>>>> score: 4232.08433222662
>>>> time: 29.98580475
>>>> iterations: 2


########################################################
File Copy 1024 bufsize 2000 maxblocks -- 2 copies
==> "/mnt/host0/unixbench/UnixBench/pgms/fstime" -c -t 30 -d "/mnt/host0/unixbench/UnixBench/tmp" -b 1024 -m 2000 2>&1 >> "/mnt/host0/unixbench/UnixBench/results/uarf-2025-06-04-03.log"

#### Pass 1

Write done: 368000 in 2.0183, score 45583
Read done: 356048 in 2.0000, score 44505
Copy done: 2762920 in 30.0000, score 23024
Write done: 376000 in 2.0478, score 45903
Read done: 355760 in 2.0000, score 44469
Copy done: 2759100 in 30.0000, score 22992

# COUNT0: 23024
# COUNT1: 0
# COUNT2: KBps
# TIME: 30.0
# elapsed: 45.028287
# pid: 2126368
# status: 0

# COUNT0: 22992
# COUNT1: 0
# COUNT2: KBps
# TIME: 30.0
# elapsed: 45.058785
# pid: 2126369
# status: 0

#### Pass 2

Write done: 344000 in 2.0062, score 42867
Read done: 356480 in 2.0000, score 44559
Copy done: 2742256 in 30.0000, score 22852
Write done: 352000 in 2.0316, score 43316
Read done: 355528 in 2.0000, score 44440
Copy done: 2738540 in 30.0000, score 22821

# COUNT0: 22852
# COUNT1: 0
# COUNT2: KBps
# TIME: 30.0
# elapsed: 45.016104
# pid: 2126380
# status: 0

# COUNT0: 22821
# COUNT1: 0
# COUNT2: KBps
# TIME: 30.0
# elapsed: 45.039464
# pid: 2126381
# status: 0

#### Pass 3

Write done: 376000 in 2.0270, score 46374
Read done: 362532 in 2.0000, score 45316
Copy done: 2817088 in 30.0000, score 23475
Write done: 376000 in 2.0283, score 46345
Read done: 362516 in 2.0000, score 45314
Copy done: 2816352 in 30.0001, score 23469

# COUNT0: 23475
# COUNT1: 0
# COUNT2: KBps
# TIME: 30.0
# elapsed: 45.038144
# pid: 2126392
# status: 0

# COUNT0: 23469
# COUNT1: 0
# COUNT2: KBps
# TIME: 30.0
# elapsed: 45.038317
# pid: 2126393
# status: 0

*Dump score:      45673.0
Count score:      46016.0
Count score:      46944.0

>>>> Sum of 2 copies
>>>> score: 46477.6839354114
>>>> time: 30
>>>> iterations: 2


########################################################
File Copy 256 bufsize 500 maxblocks -- 2 copies
==> "/mnt/host0/unixbench/UnixBench/pgms/fstime" -c -t 30 -d "/mnt/host0/unixbench/UnixBench/tmp" -b 256 -m 500 2>&1 >> "/mnt/host0/unixbench/UnixBench/results/uarf-2025-06-04-03.log"

#### Pass 1

Write done: 88000 in 2.0182, score 10901
Read done: 78623 in 2.0000, score 9827
Copy done: 695445 in 30.0000, score 5795
Write done: 88000 in 2.0231, score 10874
Read done: 79228 in 2.0000, score 9903
Copy done: 693862 in 30.0000, score 5782

# COUNT0: 5782
# COUNT1: 0
# COUNT2: KBps
# TIME: 30.0
# elapsed: 45.032707
# pid: 2126404
# status: 0

# COUNT0: 5795
# COUNT1: 0
# COUNT2: KBps
# TIME: 30.0
# elapsed: 45.027641
# pid: 2126405
# status: 0

#### Pass 2

Write done: 92000 in 2.0017, score 11490
Read done: 87515 in 2.0000, score 10939
Copy done: 681182 in 30.0000, score 5676
Write done: 92000 in 2.0046, score 11473
Read done: 88007 in 2.0000, score 11000
Copy done: 680683 in 30.0000, score 5672

# COUNT0: 5676
# COUNT1: 0
# COUNT2: KBps
# TIME: 30.0
# elapsed: 45.012478
# pid: 2126416
# status: 0

# COUNT0: 5672
# COUNT1: 0
# COUNT2: KBps
# TIME: 30.0
# elapsed: 45.012970
# pid: 2126417
# status: 0

#### Pass 3

Write done: 86000 in 2.0225, score 10630
Read done: 93506 in 2.0000, score 11688
Copy done: 660924 in 30.0000, score 5507
Write done: 86000 in 2.0275, score 10604
Read done: 93609 in 2.0000, score 11700
Copy done: 660992 in 30.0000, score 5508

# COUNT0: 5507
# COUNT1: 0
# COUNT2: KBps
# TIME: 30.0
# elapsed: 45.032283
# pid: 2126428
# status: 0

# COUNT0: 5508
# COUNT1: 0
# COUNT2: KBps
# TIME: 30.0
# elapsed: 45.035014
# pid: 2126429
# status: 0

*Dump score:      11015.0
Count score:      11348.0
Count score:      11577.0

>>>> Sum of 2 copies
>>>> score: 11461.928110052
>>>> time: 30
>>>> iterations: 2


########################################################
File Copy 4096 bufsize 8000 maxblocks -- 2 copies
==> "/mnt/host0/unixbench/UnixBench/pgms/fstime" -c -t 30 -d "/mnt/host0/unixbench/UnixBench/tmp" -b 4096 -m 8000 2>&1 >> "/mnt/host0/unixbench/UnixBench/results/uarf-2025-06-04-03.log"

#### Pass 1

Write done: 1536000 in 2.0302, score 189144
Read done: 1404912 in 2.0000, score 175613
Copy done: 10292000 in 30.0001, score 85766
Write done: 1536000 in 2.0332, score 188862
Read done: 1412688 in 2.0000, score 176587
Copy done: 10276624 in 30.0000, score 85638

# COUNT0: 85766
# COUNT1: 0
# COUNT2: KBps
# TIME: 30.0
# elapsed: 45.041655
# pid: 2126441
# status: 0

# COUNT0: 85638
# COUNT1: 0
# COUNT2: KBps
# TIME: 30.0
# elapsed: 45.042518
# pid: 2126442
# status: 0

#### Pass 2

Write done: 1472000 in 2.0229, score 181912
Read done: 1459504 in 2.0000, score 182436
Copy done: 10260512 in 30.0000, score 85504
Write done: 1472000 in 2.0324, score 181062
Read done: 1476160 in 2.0000, score 184517
Copy done: 10227136 in 30.0000, score 85226

# COUNT0: 85504
# COUNT1: 0
# COUNT2: KBps
# TIME: 30.0
# elapsed: 45.033908
# pid: 2126453
# status: 0

# COUNT0: 85226
# COUNT1: 0
# COUNT2: KBps
# TIME: 30.0
# elapsed: 45.041635
# pid: 2126454
# status: 0

#### Pass 3

Write done: 1440000 in 2.0104, score 179064
Read done: 1274896 in 2.0000, score 159360
Copy done: 10650352 in 30.0000, score 88752
Write done: 1440000 in 2.0174, score 178447
Read done: 1288752 in 2.0000, score 161093
Copy done: 10664064 in 30.0000, score 88867

# COUNT0: 88752
# COUNT1: 0
# COUNT2: KBps
# TIME: 30.0
# elapsed: 45.021688
# pid: 2126465
# status: 0

# COUNT0: 88867
# COUNT1: 0
# COUNT2: KBps
# TIME: 30.0
# elapsed: 45.032193
# pid: 2126466
# status: 0

*Dump score:     170730.0
Count score:     171404.0
Count score:     177619.0

>>>> Sum of 2 copies
>>>> score: 174483.830414167
>>>> time: 30
>>>> iterations: 2


########################################################
Pipe Throughput -- 2 copies
==> "/mnt/host0/unixbench/UnixBench/pgms/pipe" 10 2>&1 >> "/mnt/host0/unixbench/UnixBench/results/uarf-2025-06-04-03.log"

#### Pass 1


# COUNT0: 10542983
# COUNT1: 1
# COUNT2: lps
# elapsed: 10.003806
# pid: 2126477
# status: 0

# COUNT0: 10546042
# COUNT1: 1
# COUNT2: lps
# elapsed: 10.002609
# pid: 2126478
# status: 0

#### Pass 2


# COUNT0: 10629007
# COUNT1: 1
# COUNT2: lps
# elapsed: 10.003620
# pid: 2126489
# status: 0

# COUNT0: 10627049
# COUNT1: 1
# COUNT2: lps
# elapsed: 10.002469
# pid: 2126490
# status: 0

#### Pass 3


# COUNT0: 10429206
# COUNT1: 1
# COUNT2: lps
# elapsed: 10.003438
# pid: 2126501
# status: 0

# COUNT0: 10434558
# COUNT1: 1
# COUNT2: lps
# elapsed: 10.002390
# pid: 2126502
# status: 0

#### Pass 4


# COUNT0: 10375980
# COUNT1: 1
# COUNT2: lps
# elapsed: 10.003996
# pid: 2126513
# status: 0

# COUNT0: 10374727
# COUNT1: 1
# COUNT2: lps
# elapsed: 10.002840
# pid: 2126514
# status: 0

#### Pass 5


# COUNT0: 10531765
# COUNT1: 1
# COUNT2: lps
# elapsed: 10.004323
# pid: 2126525
# status: 0

# COUNT0: 10532030
# COUNT1: 1
# COUNT2: lps
# elapsed: 10.003258
# pid: 2126526
# status: 0

#### Pass 6


# COUNT0: 10576502
# COUNT1: 1
# COUNT2: lps
# elapsed: 10.004451
# pid: 2126537
# status: 0

# COUNT0: 10576534
# COUNT1: 1
# COUNT2: lps
# elapsed: 10.003233
# pid: 2126538
# status: 0

#### Pass 7


# COUNT0: 10482553
# COUNT1: 1
# COUNT2: lps
# elapsed: 10.003591
# pid: 2126549
# status: 0

# COUNT0: 10469452
# COUNT1: 1
# COUNT2: lps
# elapsed: 10.003499
# pid: 2126550
# status: 0

#### Pass 8


# COUNT0: 10640054
# COUNT1: 1
# COUNT2: lps
# elapsed: 10.003942
# pid: 2126561
# status: 0

# COUNT0: 10642012
# COUNT1: 1
# COUNT2: lps
# elapsed: 10.002741
# pid: 2126563
# status: 0

#### Pass 9


# COUNT0: 10740598
# COUNT1: 1
# COUNT2: lps
# elapsed: 10.004011
# pid: 2126573
# status: 0

# COUNT0: 10742692
# COUNT1: 1
# COUNT2: lps
# elapsed: 10.003758
# pid: 2126574
# status: 0

#### Pass 10


# COUNT0: 10464820
# COUNT1: 1
# COUNT2: lps
# elapsed: 10.004532
# pid: 2126585
# status: 0

# COUNT0: 10468451
# COUNT1: 1
# COUNT2: lps
# elapsed: 10.003379
# pid: 2126586
# status: 0

*Dump score:   20750707.0
*Dump score:   20863764.0
*Dump score:   20933271.0
Count score:   20952005.0
Count score:   21063795.0
Count score:   21089025.0
Count score:   21153036.0
Count score:   21256056.0
Count score:   21282066.0
Count score:   21483290.0

>>>> Sum of 2 copies
>>>> score: 2117468.07335197
>>>> time: 10.0035222142857
>>>> iterations: 7


########################################################
Pipe-based Context Switching -- 2 copies
==> "/mnt/host0/unixbench/UnixBench/pgms/context1" 10 2>&1 >> "/mnt/host0/unixbench/UnixBench/results/uarf-2025-06-04-03.log"

#### Pass 1


# COUNT0: 2765318
# COUNT1: 1
# COUNT2: lps
# elapsed: 10.004354
# pid: 2126597
# status: 0

# COUNT0: 2801721
# COUNT1: 1
# COUNT2: lps
# elapsed: 10.002843
# pid: 2126598
# status: 0

#### Pass 2


# COUNT0: 2737865
# COUNT1: 1
# COUNT2: lps
# elapsed: 10.003253
# pid: 2126612
# status: 0

# COUNT0: 2743683
# COUNT1: 1
# COUNT2: lps
# elapsed: 10.002295
# pid: 2126613
# status: 0

#### Pass 3


# COUNT0: 2743778
# COUNT1: 1
# COUNT2: lps
# elapsed: 10.004880
# pid: 2126626
# status: 0

# COUNT0: 2748727
# COUNT1: 1
# COUNT2: lps
# elapsed: 10.004072
# pid: 2126627
# status: 0

#### Pass 4


# COUNT0: 2762752
# COUNT1: 1
# COUNT2: lps
# elapsed: 10.004865
# pid: 2126640
# status: 0

# COUNT0: 2767551
# COUNT1: 1
# COUNT2: lps
# elapsed: 10.003927
# pid: 2126641
# status: 0

#### Pass 5


# COUNT0: 2777000
# COUNT1: 1
# COUNT2: lps
# elapsed: 10.004563
# pid: 2126654
# status: 0

# COUNT0: 2806033
# COUNT1: 1
# COUNT2: lps
# elapsed: 10.003257
# pid: 2126655
# status: 0

#### Pass 6


# COUNT0: 2759985
# COUNT1: 1
# COUNT2: lps
# elapsed: 10.004848
# pid: 2126668
# status: 0

# COUNT0: 2756909
# COUNT1: 1
# COUNT2: lps
# elapsed: 10.003557
# pid: 2126669
# status: 0

#### Pass 7


# COUNT0: 2783183
# COUNT1: 1
# COUNT2: lps
# elapsed: 10.003294
# pid: 2126685
# status: 0

# COUNT0: 2783434
# COUNT1: 1
# COUNT2: lps
# elapsed: 10.002244
# pid: 2126686
# status: 0

#### Pass 8


# COUNT0: 2782999
# COUNT1: 1
# COUNT2: lps
# elapsed: 10.004329
# pid: 2126699
# status: 0

# COUNT0: 2732266
# COUNT1: 1
# COUNT2: lps
# elapsed: 10.002337
# pid: 2126700
# status: 0

#### Pass 9


# COUNT0: 2769507
# COUNT1: 1
# COUNT2: lps
# elapsed: 10.004345
# pid: 2126713
# status: 0

# COUNT0: 2770986
# COUNT1: 1
# COUNT2: lps
# elapsed: 10.003487
# pid: 2126714
# status: 0

#### Pass 10


# COUNT0: 2739906
# COUNT1: 1
# COUNT2: lps
# elapsed: 10.003259
# pid: 2126727
# status: 0

# COUNT0: 2780638
# COUNT1: 1
# COUNT2: lps
# elapsed: 10.002299
# pid: 2126728
# status: 0

*Dump score:    5481548.0
*Dump score:    5492505.0
*Dump score:    5515265.0
Count score:    5516894.0
Count score:    5520544.0
Count score:    5530303.0
Count score:    5540493.0
Count score:    5566617.0
Count score:    5567039.0
Count score:    5583033.0

>>>> Sum of 2 copies
>>>> score: 554434.062256993
>>>> time: 10.003653
>>>> iterations: 7


########################################################
Process Creation -- 2 copies
==> "/mnt/host0/unixbench/UnixBench/pgms/spawn" 30 2>&1 >> "/mnt/host0/unixbench/UnixBench/results/uarf-2025-06-04-03.log"

#### Pass 1


# COUNT0: 499872
# COUNT1: 1
# COUNT2: lps
# elapsed: 30.004496
# pid: 2126741
# status: 0

# COUNT0: 544845
# COUNT1: 1
# COUNT2: lps
# elapsed: 30.003305
# pid: 2126742
# status: 0

#### Pass 2


# COUNT0: 496692
# COUNT1: 1
# COUNT2: lps
# elapsed: 30.004476
# pid: 3171472
# status: 0

# COUNT0: 519568
# COUNT1: 1
# COUNT2: lps
# elapsed: 30.003403
# pid: 3171473
# status: 0

#### Pass 3


# COUNT0: 504778
# COUNT1: 1
# COUNT2: lps
# elapsed: 30.003712
# pid: 4187746
# status: 0

# COUNT0: 538512
# COUNT1: 1
# COUNT2: lps
# elapsed: 30.002651
# pid: 4187747
# status: 0

*Dump score:    1016260.0
Count score:    1043290.0
Count score:    1044717.0

>>>> Sum of 2 copies
>>>> score: 34796.0014540415
>>>> time: 30.003541
>>>> iterations: 2


########################################################
System Call Overhead -- 2 copies
==> "/mnt/host0/unixbench/UnixBench/pgms/syscall" 10 2>&1 >> "/mnt/host0/unixbench/UnixBench/results/uarf-2025-06-04-03.log"

#### Pass 1


# COUNT0: 6892551
# COUNT1: 1
# COUNT2: lps
# elapsed: 10.003422
# pid: 1037047
# status: 0

# COUNT0: 6847483
# COUNT1: 1
# COUNT2: lps
# elapsed: 10.002361
# pid: 1037048
# status: 0

#### Pass 2


# COUNT0: 6736866
# COUNT1: 1
# COUNT2: lps
# elapsed: 10.004212
# pid: 1037059
# status: 0

# COUNT0: 6726701
# COUNT1: 1
# COUNT2: lps
# elapsed: 10.004021
# pid: 1037060
# status: 0

#### Pass 3


# COUNT0: 6873556
# COUNT1: 1
# COUNT2: lps
# elapsed: 10.003109
# pid: 1037071
# status: 0

# COUNT0: 6878558
# COUNT1: 1
# COUNT2: lps
# elapsed: 10.002094
# pid: 1037072
# status: 0

#### Pass 4


# COUNT0: 6783960
# COUNT1: 1
# COUNT2: lps
# elapsed: 10.003557
# pid: 1037083
# status: 0

# COUNT0: 6815132
# COUNT1: 1
# COUNT2: lps
# elapsed: 10.002428
# pid: 1037084
# status: 0

#### Pass 5


# COUNT0: 6881558
# COUNT1: 1
# COUNT2: lps
# elapsed: 10.004439
# pid: 1037095
# status: 0

# COUNT0: 6886610
# COUNT1: 1
# COUNT2: lps
# elapsed: 10.003280
# pid: 1037096
# status: 0

#### Pass 6


# COUNT0: 6999371
# COUNT1: 1
# COUNT2: lps
# elapsed: 10.004539
# pid: 1037107
# status: 0

# COUNT0: 6977411
# COUNT1: 1
# COUNT2: lps
# elapsed: 10.003214
# pid: 1037108
# status: 0

#### Pass 7


# COUNT0: 7067252
# COUNT1: 1
# COUNT2: lps
# elapsed: 10.003649
# pid: 1037119
# status: 0

# COUNT0: 7072966
# COUNT1: 1
# COUNT2: lps
# elapsed: 10.002535
# pid: 1037120
# status: 0

#### Pass 8


# COUNT0: 6994705
# COUNT1: 1
# COUNT2: lps
# elapsed: 10.004812
# pid: 1037131
# status: 0

# COUNT0: 6967744
# COUNT1: 1
# COUNT2: lps
# elapsed: 10.003785
# pid: 1037132
# status: 0

#### Pass 9


# COUNT0: 6608376
# COUNT1: 1
# COUNT2: lps
# elapsed: 10.004769
# pid: 1037143
# status: 0

# COUNT0: 6666348
# COUNT1: 1
# COUNT2: lps
# elapsed: 10.003783
# pid: 1037144
# status: 0

#### Pass 10


# COUNT0: 6873831
# COUNT1: 1
# COUNT2: lps
# elapsed: 10.003320
# pid: 1037156
# status: 0

# COUNT0: 6875244
# COUNT1: 1
# COUNT2: lps
# elapsed: 10.002161
# pid: 1037157
# status: 0

*Dump score:   13274724.0
*Dump score:   13463567.0
*Dump score:   13599092.0
Count score:   13740034.0
Count score:   13749075.0
Count score:   13752114.0
Count score:   13768168.0
Count score:   13962449.0
Count score:   13976782.0
Count score:   14140218.0

>>>> Sum of 2 copies
>>>> score: 1386444.51978614
>>>> time: 10.0033371428571
>>>> iterations: 7


########################################################
Shell Scripts (1 concurrent) -- 2 copies
==> "/mnt/host0/unixbench/UnixBench/pgms/looper" 60 "/mnt/host0/unixbench/UnixBench/pgms/multi.sh" 1 2>&1 >> "/mnt/host0/unixbench/UnixBench/results/uarf-2025-06-04-03.log"

#### Pass 1


# COUNT0: 5281
# COUNT1: 60
# COUNT2: lpm
# elapsed: 60.008854
# pid: 1037168
# status: 0

# COUNT0: 5284
# COUNT1: 60
# COUNT2: lpm
# elapsed: 60.008885
# pid: 1037169
# status: 0

#### Pass 2


# COUNT0: 5267
# COUNT1: 60
# COUNT2: lpm
# elapsed: 60.004837
# pid: 1132284
# status: 0

# COUNT0: 5272
# COUNT1: 60
# COUNT2: lpm
# elapsed: 60.005543
# pid: 1132285
# status: 0

#### Pass 3


# COUNT0: 5295
# COUNT1: 60
# COUNT2: lpm
# elapsed: 60.019424
# pid: 1227165
# status: 0

# COUNT0: 5279
# COUNT1: 60
# COUNT2: lpm
# elapsed: 60.019733
# pid: 1227166
# status: 0

*Dump score:      10539.0
Count score:      10565.0
Count score:      10574.0

>>>> Sum of 2 copies
>>>> score: 10566.9940020784
>>>> time: 60.014224
>>>> iterations: 2


########################################################
Shell Scripts (8 concurrent) -- 2 copies
==> "/mnt/host0/unixbench/UnixBench/pgms/looper" 60 "/mnt/host0/unixbench/UnixBench/pgms/multi.sh" 8 2>&1 >> "/mnt/host0/unixbench/UnixBench/results/uarf-2025-06-04-03.log"

#### Pass 1


# COUNT0: 856
# COUNT1: 60
# COUNT2: lpm
# elapsed: 60.022577
# pid: 1322361
# status: 0

# COUNT0: 856
# COUNT1: 60
# COUNT2: lpm
# elapsed: 60.023929
# pid: 1322362
# status: 0

#### Pass 2


# COUNT0: 855
# COUNT1: 60
# COUNT2: lpm
# elapsed: 60.032503
# pid: 1433783
# status: 0

# COUNT0: 855
# COUNT1: 60
# COUNT2: lpm
# elapsed: 60.030886
# pid: 1433784
# status: 0

#### Pass 3


# COUNT0: 856
# COUNT1: 60
# COUNT2: lpm
# elapsed: 60.011897
# pid: 1545076
# status: 0

# COUNT0: 856
# COUNT1: 60
# COUNT2: lpm
# elapsed: 60.011945
# pid: 1545077
# status: 0

*Dump score:       1710.0
Count score:       1712.0
Count score:       1712.0

>>>> Sum of 2 copies
>>>> score: 1711.49833894092
>>>> time: 60.017587
>>>> iterations: 2

