
########################################################
Dhrystone 2 using register variables -- 1 copy
==> "/mnt/host0/unixbench/UnixBench/pgms/dhry2reg" 10 2>&1 >> "/mnt/host0/unixbench/UnixBench/results/uarf-2025-06-02-02.log"

#### Pass 1


# COUNT0: 820045443
# COUNT1: 1
# COUNT2: lps
# elapsed: 10.002459
# pid: 1738479
# status: 0

#### Pass 2


# COUNT0: 817962840
# COUNT1: 1
# COUNT2: lps
# elapsed: 10.003193
# pid: 1738488
# status: 0

#### Pass 3


# COUNT0: 821698975
# COUNT1: 1
# COUNT2: lps
# elapsed: 10.002903
# pid: 1738497
# status: 0

#### Pass 4


# COUNT0: 838163028
# COUNT1: 1
# COUNT2: lps
# elapsed: 10.002780
# pid: 1738506
# status: 0

#### Pass 5


# COUNT0: 823598719
# COUNT1: 1
# COUNT2: lps
# elapsed: 10.003463
# pid: 1738515
# status: 0

#### Pass 6


# COUNT0: 825170647
# COUNT1: 1
# COUNT2: lps
# elapsed: 10.002745
# pid: 1738524
# status: 0

#### Pass 7


# COUNT0: 826478628
# COUNT1: 1
# COUNT2: lps
# elapsed: 10.003753
# pid: 1738533
# status: 0

#### Pass 8


# COUNT0: 824942669
# COUNT1: 1
# COUNT2: lps
# elapsed: 10.002891
# pid: 1738542
# status: 0

#### Pass 9


# COUNT0: 822157204
# COUNT1: 1
# COUNT2: lps
# elapsed: 10.003992
# pid: 1738551
# status: 0

#### Pass 10


# COUNT0: 817202026
# COUNT1: 1
# COUNT2: lps
# elapsed: 10.004443
# pid: 1738561
# status: 0

*Dump score:  817202026.0
*Dump score:  817962840.0
*Dump score:  820045443.0
Count score:  821698975.0
Count score:  822157204.0
Count score:  823598719.0
Count score:  824942669.0
Count score:  825170647.0
Count score:  826478628.0
Count score:  838163028.0

>>>> Results of 1 copy
>>>> score: 82574801.4185294
>>>> time: 10.0032181428571
>>>> iterations: 7


########################################################
Double-Precision Whetstone -- 1 copy
==> "/mnt/host0/unixbench/UnixBench/pgms/whetstone-double"  2>&1 >> "/mnt/host0/unixbench/UnixBench/results/uarf-2025-06-02-02.log"

#### Pass 1

Calibrate
       0.00 Seconds          1   Passes (x 100)
       0.00 Seconds          5   Passes (x 100)
       0.02 Seconds         25   Passes (x 100)
       0.11 Seconds        125   Passes (x 100)
       0.52 Seconds        625   Passes (x 100)

Use 12025  passes (x 100)

          Double Precision C/C++ Whetstone Benchmark

Loop content                  Result              MFLOPS      MOPS   Seconds

N1 floating point     -1.12398255667392033      2662.565              0.087
N2 floating point     -1.12187079889294417      2968.617              0.544
N3 if then else        1.00000000000000000               15862.282    0.078
N4 fixed point        12.00000000000000000               152670467826.440    0.000
N5 sin,cos etc.        0.49902937281518261                 355.502    2.814
N6 floating point      0.99999987890802811      1537.665              4.218
N7 assignments         3.00000000000000000                8074.342    0.275
N8 exp,sqrt etc.       0.75100163018453958                 241.022    1.856

MWIPS                                          12179.279              9.873


# COUNT0: 12179.279
# COUNT1: 0
# COUNT2: MWIPS
# TIME: 9.873
# elapsed: 11.359363
# pid: 1738570
# status: 0

#### Pass 2

Calibrate
       0.00 Seconds          1   Passes (x 100)
       0.00 Seconds          5   Passes (x 100)
       0.02 Seconds         25   Passes (x 100)
       0.11 Seconds        125   Passes (x 100)
       0.52 Seconds        625   Passes (x 100)

Use 12029  passes (x 100)

          Double Precision C/C++ Whetstone Benchmark

Loop content                  Result              MFLOPS      MOPS   Seconds

N1 floating point     -1.12398255667392033      2658.455              0.087
N2 floating point     -1.12187079889294417      2970.468              0.544
N3 if then else        1.00000000000000000               16038.442    0.078
N4 fixed point        12.00000000000000000               3812053025.144    0.000
N5 sin,cos etc.        0.49902937281518261                 355.462    2.816
N6 floating point      0.99999987890802811      1537.336              4.221
N7 assignments         3.00000000000000000                8074.471    0.275
N8 exp,sqrt etc.       0.75100163018453958                 241.044    1.856

MWIPS                                          12179.298              9.877


# COUNT0: 12179.298
# COUNT1: 0
# COUNT2: MWIPS
# TIME: 9.877
# elapsed: 11.365022
# pid: 1738579
# status: 0

#### Pass 3

Calibrate
       0.00 Seconds          1   Passes (x 100)
       0.00 Seconds          5   Passes (x 100)
       0.02 Seconds         25   Passes (x 100)
       0.11 Seconds        125   Passes (x 100)
       0.52 Seconds        625   Passes (x 100)

Use 12027  passes (x 100)

          Double Precision C/C++ Whetstone Benchmark

Loop content                  Result              MFLOPS      MOPS   Seconds

N1 floating point     -1.12398255667392033      2657.096              0.087
N2 floating point     -1.12187079889294417      2970.306              0.544
N3 if then else        1.00000000000000000               16038.905    0.078
N4 fixed point        12.00000000000000000               43157216971.150    0.000
N5 sin,cos etc.        0.49902937281518261                 355.385    2.816
N6 floating point      0.99999987890802811      1537.345              4.220
N7 assignments         3.00000000000000000                8071.901    0.275
N8 exp,sqrt etc.       0.75100163018453958                 241.017    1.856

MWIPS                                          12178.125              9.876


# COUNT0: 12178.125
# COUNT1: 0
# COUNT2: MWIPS
# TIME: 9.876
# elapsed: 11.363299
# pid: 1738589
# status: 0

#### Pass 4

Calibrate
       0.00 Seconds          1   Passes (x 100)
       0.00 Seconds          5   Passes (x 100)
       0.02 Seconds         25   Passes (x 100)
       0.11 Seconds        125   Passes (x 100)
       0.52 Seconds        625   Passes (x 100)

Use 12027  passes (x 100)

          Double Precision C/C++ Whetstone Benchmark

Loop content                  Result              MFLOPS      MOPS   Seconds

N1 floating point     -1.12398255667392033      2658.503              0.087
N2 floating point     -1.12187079889294417      2968.670              0.544
N3 if then else        1.00000000000000000               16036.198    0.078
N4 fixed point        12.00000000000000000                   0.000   -0.000
N5 sin,cos etc.        0.49902937281518261                 355.458    2.815
N6 floating point      0.99999987890802811      1537.465              4.220
N7 assignments         3.00000000000000000                8074.773    0.275
N8 exp,sqrt etc.       0.75100163018453958                 241.063    1.856

MWIPS                                          12179.482              9.875


# COUNT0: 12179.482
# COUNT1: 0
# COUNT2: MWIPS
# TIME: 9.875
# elapsed: 11.362895
# pid: 1738598
# status: 0

#### Pass 5

Calibrate
       0.00 Seconds          1   Passes (x 100)
       0.00 Seconds          5   Passes (x 100)
       0.02 Seconds         25   Passes (x 100)
       0.11 Seconds        125   Passes (x 100)
       0.52 Seconds        625   Passes (x 100)

Use 12023  passes (x 100)

          Double Precision C/C++ Whetstone Benchmark

Loop content                  Result              MFLOPS      MOPS   Seconds

N1 floating point     -1.12398255667392033      2659.478              0.087
N2 floating point     -1.12187079889294417      2969.455              0.544
N3 if then else        1.00000000000000000               16025.101    0.078
N4 fixed point        12.00000000000000000               34708557097.994    0.000
N5 sin,cos etc.        0.49902937281518261                 355.373    2.815
N6 floating point      0.99999987890802811      1537.412              4.218
N7 assignments         3.00000000000000000                8073.993    0.275
N8 exp,sqrt etc.       0.75100163018453958                 241.007    1.856

MWIPS                                          12178.050              9.873


# COUNT0: 12178.050
# COUNT1: 0
# COUNT2: MWIPS
# TIME: 9.873
# elapsed: 11.359144
# pid: 1738607
# status: 0

#### Pass 6

Calibrate
       0.00 Seconds          1   Passes (x 100)
       0.00 Seconds          5   Passes (x 100)
       0.02 Seconds         25   Passes (x 100)
       0.11 Seconds        125   Passes (x 100)
       0.52 Seconds        625   Passes (x 100)

Use 12025  passes (x 100)

          Double Precision C/C++ Whetstone Benchmark

Loop content                  Result              MFLOPS      MOPS   Seconds

N1 floating point     -1.12398255667392033      2659.997              0.087
N2 floating point     -1.12187079889294417      2968.427              0.544
N3 if then else        1.00000000000000000               16043.652    0.078
N4 fixed point        12.00000000000000000               122831361053.449    0.000
N5 sin,cos etc.        0.49902937281518261                 355.500    2.814
N6 floating point      0.99999987890802811      1537.611              4.218
N7 assignments         3.00000000000000000                8074.308    0.275
N8 exp,sqrt etc.       0.75100163018453958                 240.983    1.856

MWIPS                                          12179.663              9.873


# COUNT0: 12179.663
# COUNT1: 0
# COUNT2: MWIPS
# TIME: 9.873
# elapsed: 11.359915
# pid: 1738616
# status: 0

#### Pass 7

Calibrate
       0.00 Seconds          1   Passes (x 100)
       0.00 Seconds          5   Passes (x 100)
       0.02 Seconds         25   Passes (x 100)
       0.11 Seconds        125   Passes (x 100)
       0.52 Seconds        625   Passes (x 100)

Use 12018  passes (x 100)

          Double Precision C/C++ Whetstone Benchmark

Loop content                  Result              MFLOPS      MOPS   Seconds

N1 floating point     -1.12398255667392033      2656.900              0.087
N2 floating point     -1.12187079889294417      2967.741              0.544
N3 if then else        1.00000000000000000               16040.729    0.078
N4 fixed point        12.00000000000000000               1734948670225.340    0.000
N5 sin,cos etc.        0.49902937281518261                 355.428    2.813
N6 floating point      0.99999987890802811      1537.472              4.216
N7 assignments         3.00000000000000000                8074.393    0.275
N8 exp,sqrt etc.       0.75100163018453958                 241.030    1.855

MWIPS                                          12178.628              9.868


# COUNT0: 12178.628
# COUNT1: 0
# COUNT2: MWIPS
# TIME: 9.868
# elapsed: 11.355165
# pid: 1738625
# status: 0

#### Pass 8

Calibrate
       0.00 Seconds          1   Passes (x 100)
       0.00 Seconds          5   Passes (x 100)
       0.02 Seconds         25   Passes (x 100)
       0.11 Seconds        125   Passes (x 100)
       0.52 Seconds        625   Passes (x 100)

Use 12018  passes (x 100)

          Double Precision C/C++ Whetstone Benchmark

Loop content                  Result              MFLOPS      MOPS   Seconds

N1 floating point     -1.12398255667392033      2659.263              0.087
N2 floating point     -1.12187079889294417      2969.497              0.544
N3 if then else        1.00000000000000000               16039.696    0.078
N4 fixed point        12.00000000000000000                   0.000   -0.000
N5 sin,cos etc.        0.49902937281518261                 355.413    2.813
N6 floating point      0.99999987890802811      1537.481              4.216
N7 assignments         3.00000000000000000                8073.864    0.275
N8 exp,sqrt etc.       0.75100163018453958                 240.899    1.856

MWIPS                                          12177.737              9.869


# COUNT0: 12177.737
# COUNT1: 0
# COUNT2: MWIPS
# TIME: 9.869
# elapsed: 11.356334
# pid: 1738634
# status: 0

#### Pass 9

Calibrate
       0.00 Seconds          1   Passes (x 100)
       0.00 Seconds          5   Passes (x 100)
       0.02 Seconds         25   Passes (x 100)
       0.11 Seconds        125   Passes (x 100)
       0.52 Seconds        625   Passes (x 100)

Use 12018  passes (x 100)

          Double Precision C/C++ Whetstone Benchmark

Loop content                  Result              MFLOPS      MOPS   Seconds

N1 floating point     -1.12398255667392033      2656.572              0.087
N2 floating point     -1.12187079889294417      2968.864              0.544
N3 if then else        1.00000000000000000               16028.135    0.078
N4 fixed point        12.00000000000000000                   0.000   -0.000
N5 sin,cos etc.        0.49902937281518261                 355.438    2.813
N6 floating point      0.99999987890802811      1537.468              4.216
N7 assignments         3.00000000000000000                8074.367    0.275
N8 exp,sqrt etc.       0.75100163018453958                 241.018    1.855

MWIPS                                          12178.764              9.868


# COUNT0: 12178.764
# COUNT1: 0
# COUNT2: MWIPS
# TIME: 9.868
# elapsed: 11.355163
# pid: 1738643
# status: 0

#### Pass 10

Calibrate
       0.00 Seconds          1   Passes (x 100)
       0.00 Seconds          5   Passes (x 100)
       0.02 Seconds         25   Passes (x 100)
       0.11 Seconds        125   Passes (x 100)
       0.52 Seconds        625   Passes (x 100)

Use 12022  passes (x 100)

          Double Precision C/C++ Whetstone Benchmark

Loop content                  Result              MFLOPS      MOPS   Seconds

N1 floating point     -1.12398255667392033      2657.878              0.087
N2 floating point     -1.12187079889294417      2970.113              0.544
N3 if then else        1.00000000000000000               16038.629    0.078
N4 fixed point        12.00000000000000000                   0.000   -0.000
N5 sin,cos etc.        0.49902937281518261                 355.498    2.814
N6 floating point      0.99999987890802811      1537.743              4.217
N7 assignments         3.00000000000000000                8074.409    0.275
N8 exp,sqrt etc.       0.75100163018453958                 241.062    1.855

MWIPS                                          12181.103              9.869


# COUNT0: 12181.103
# COUNT1: 0
# COUNT2: MWIPS
# TIME: 9.869
# elapsed: 11.357097
# pid: 1738652
# status: 0

*Dump score:      12177.7
*Dump score:      12178.0
*Dump score:      12178.1
Count score:      12178.6
Count score:      12178.8
Count score:      12179.3
Count score:      12179.3
Count score:      12179.5
Count score:      12179.7
Count score:      12181.1

>>>> Results of 1 copy
>>>> score: 12179.4595481071
>>>> time: 9.87185714285714
>>>> iterations: 7


########################################################
Execl Throughput -- 1 copy
==> "/mnt/host0/unixbench/UnixBench/pgms/execl" 30 2>&1 >> "/mnt/host0/unixbench/UnixBench/results/uarf-2025-06-02-02.log"

#### Pass 1


# COUNT0: 87376
# COUNT1: 1
# COUNT2: lps
# elapsed: 29.403771
# pid: 1738661
# status: 0

#### Pass 2


# COUNT0: 88848
# COUNT1: 1
# COUNT2: lps
# elapsed: 29.988800
# pid: 1738670
# status: 0

#### Pass 3


# COUNT0: 88581
# COUNT1: 1
# COUNT2: lps
# elapsed: 29.989079
# pid: 1738679
# status: 0

*Dump score:      87376.0
Count score:      88581.0
Count score:      88848.0

>>>> Results of 1 copy
>>>> score: 2958.23730457964
>>>> time: 29.9889395
>>>> iterations: 2


########################################################
File Copy 1024 bufsize 2000 maxblocks -- 1 copy
==> "/mnt/host0/unixbench/UnixBench/pgms/fstime" -c -t 30 -d "/mnt/host0/unixbench/UnixBench/tmp" -b 1024 -m 2000 2>&1 >> "/mnt/host0/unixbench/UnixBench/results/uarf-2025-06-02-02.log"

#### Pass 1

Write done: 424000 in 2.0291, score 52238
Read done: 443832 in 2.0000, score 55478
Copy done: 3176300 in 30.0000, score 26469

# COUNT0: 26469
# COUNT1: 0
# COUNT2: KBps
# TIME: 30.0
# elapsed: 45.038217
# pid: 1738688
# status: 0

#### Pass 2

Write done: 408000 in 2.0073, score 50814
Read done: 410296 in 2.0000, score 51286
Copy done: 3175844 in 30.0000, score 26465

# COUNT0: 26465
# COUNT1: 0
# COUNT2: KBps
# TIME: 30.0
# elapsed: 45.015785
# pid: 1738697
# status: 0

#### Pass 3

Write done: 424000 in 2.0156, score 52589
Read done: 409932 in 2.0000, score 51241
Copy done: 3295652 in 30.0000, score 27463

# COUNT0: 27463
# COUNT1: 0
# COUNT2: KBps
# TIME: 30.0
# elapsed: 45.032869
# pid: 1738707
# status: 0

*Dump score:      26465.0
Count score:      26469.0
Count score:      27463.0

>>>> Results of 1 copy
>>>> score: 26961.4196028325
>>>> time: 30
>>>> iterations: 2


########################################################
File Copy 256 bufsize 500 maxblocks -- 1 copy
==> "/mnt/host0/unixbench/UnixBench/pgms/fstime" -c -t 30 -d "/mnt/host0/unixbench/UnixBench/tmp" -b 256 -m 500 2>&1 >> "/mnt/host0/unixbench/UnixBench/results/uarf-2025-06-02-02.log"

#### Pass 1

Write done: 104000 in 2.0128, score 12917
Read done: 102964 in 2.0000, score 12870
Copy done: 788553 in 30.0000, score 6571

# COUNT0: 6571
# COUNT1: 0
# COUNT2: KBps
# TIME: 30.0
# elapsed: 45.021988
# pid: 1738716
# status: 0

#### Pass 2

Write done: 102000 in 2.0200, score 12624
Read done: 102117 in 2.0000, score 12764
Copy done: 816905 in 30.0000, score 6807

# COUNT0: 6807
# COUNT1: 0
# COUNT2: KBps
# TIME: 30.0
# elapsed: 45.028098
# pid: 1738725
# status: 0

#### Pass 3

Write done: 104000 in 2.0126, score 12918
Read done: 103845 in 2.0000, score 12980
Copy done: 777347 in 30.0000, score 6477

# COUNT0: 6477
# COUNT1: 0
# COUNT2: KBps
# TIME: 30.0
# elapsed: 45.021732
# pid: 1738734
# status: 0

*Dump score:       6477.0
Count score:       6571.0
Count score:       6807.0

>>>> Results of 1 copy
>>>> score: 6687.95910573621
>>>> time: 30
>>>> iterations: 2


########################################################
File Copy 4096 bufsize 8000 maxblocks -- 1 copy
==> "/mnt/host0/unixbench/UnixBench/pgms/fstime" -c -t 30 -d "/mnt/host0/unixbench/UnixBench/tmp" -b 4096 -m 8000 2>&1 >> "/mnt/host0/unixbench/UnixBench/results/uarf-2025-06-02-02.log"

#### Pass 1

Write done: 1600000 in 2.0155, score 198460
Read done: 1749456 in 2.0000, score 218679
Copy done: 12254304 in 30.0000, score 102119

# COUNT0: 102119
# COUNT1: 0
# COUNT2: KBps
# TIME: 30.0
# elapsed: 45.025023
# pid: 1738743
# status: 0

#### Pass 2

Write done: 1632000 in 2.0194, score 202043
Read done: 1595504 in 2.0000, score 199436
Copy done: 12540272 in 30.0000, score 104502

# COUNT0: 104502
# COUNT1: 0
# COUNT2: KBps
# TIME: 30.0
# elapsed: 45.050252
# pid: 1738752
# status: 0

#### Pass 3

Write done: 1632000 in 2.0074, score 203248
Read done: 1608384 in 2.0000, score 201045
Copy done: 12407568 in 30.0000, score 103396

# COUNT0: 103396
# COUNT1: 0
# COUNT2: KBps
# TIME: 30.0
# elapsed: 45.025190
# pid: 1738764
# status: 0

*Dump score:     102119.0
Count score:     103396.0
Count score:     104502.0

>>>> Results of 1 copy
>>>> score: 103947.529032681
>>>> time: 30
>>>> iterations: 2


########################################################
Pipe Throughput -- 1 copy
==> "/mnt/host0/unixbench/UnixBench/pgms/pipe" 10 2>&1 >> "/mnt/host0/unixbench/UnixBench/results/uarf-2025-06-02-02.log"

#### Pass 1


# COUNT0: 12897270
# COUNT1: 1
# COUNT2: lps
# elapsed: 10.004726
# pid: 1738774
# status: 0

#### Pass 2


# COUNT0: 12755240
# COUNT1: 1
# COUNT2: lps
# elapsed: 10.003139
# pid: 1738783
# status: 0

#### Pass 3


# COUNT0: 12915569
# COUNT1: 1
# COUNT2: lps
# elapsed: 10.003233
# pid: 1738792
# status: 0

#### Pass 4


# COUNT0: 12731126
# COUNT1: 1
# COUNT2: lps
# elapsed: 10.003224
# pid: 1738801
# status: 0

#### Pass 5


# COUNT0: 12950039
# COUNT1: 1
# COUNT2: lps
# elapsed: 10.004074
# pid: 1738810
# status: 0

#### Pass 6


# COUNT0: 12787600
# COUNT1: 1
# COUNT2: lps
# elapsed: 10.002882
# pid: 1738819
# status: 0

#### Pass 7


# COUNT0: 12708886
# COUNT1: 1
# COUNT2: lps
# elapsed: 10.003515
# pid: 1738828
# status: 0

#### Pass 8


# COUNT0: 12647853
# COUNT1: 1
# COUNT2: lps
# elapsed: 10.003474
# pid: 1738837
# status: 0

#### Pass 9


# COUNT0: 13083356
# COUNT1: 1
# COUNT2: lps
# elapsed: 10.003409
# pid: 1738846
# status: 0

#### Pass 10


# COUNT0: 12619202
# COUNT1: 1
# COUNT2: lps
# elapsed: 10.003304
# pid: 1738855
# status: 0

*Dump score:   12619202.0
*Dump score:   12647853.0
*Dump score:   12708886.0
Count score:   12731126.0
Count score:   12755240.0
Count score:   12787600.0
Count score:   12897270.0
Count score:   12915569.0
Count score:   12950039.0
Count score:   13083356.0

>>>> Results of 1 copy
>>>> score: 1286925.61506091
>>>> time: 10.0035267142857
>>>> iterations: 7


########################################################
Pipe-based Context Switching -- 1 copy
==> "/mnt/host0/unixbench/UnixBench/pgms/context1" 10 2>&1 >> "/mnt/host0/unixbench/UnixBench/results/uarf-2025-06-02-02.log"

#### Pass 1


# COUNT0: 1017659
# COUNT1: 1
# COUNT2: lps
# elapsed: 10.003767
# pid: 1738864
# status: 0

#### Pass 2


# COUNT0: 1013356
# COUNT1: 1
# COUNT2: lps
# elapsed: 10.003526
# pid: 1738874
# status: 0

#### Pass 3


# COUNT0: 1023186
# COUNT1: 1
# COUNT2: lps
# elapsed: 10.003345
# pid: 1738884
# status: 0

#### Pass 4


# COUNT0: 1015144
# COUNT1: 1
# COUNT2: lps
# elapsed: 10.002922
# pid: 1738894
# status: 0

#### Pass 5


# COUNT0: 1023826
# COUNT1: 1
# COUNT2: lps
# elapsed: 10.003768
# pid: 1738904
# status: 0

#### Pass 6


# COUNT0: 1028432
# COUNT1: 1
# COUNT2: lps
# elapsed: 10.003220
# pid: 1738914
# status: 0

#### Pass 7


# COUNT0: 1039747
# COUNT1: 1
# COUNT2: lps
# elapsed: 10.002935
# pid: 1738924
# status: 0

#### Pass 8


# COUNT0: 1024735
# COUNT1: 1
# COUNT2: lps
# elapsed: 10.004299
# pid: 1738935
# status: 0

#### Pass 9


# COUNT0: 1008436
# COUNT1: 1
# COUNT2: lps
# elapsed: 10.002969
# pid: 1738945
# status: 0

#### Pass 10


# COUNT0: 1037403
# COUNT1: 1
# COUNT2: lps
# elapsed: 10.003407
# pid: 1738955
# status: 0

*Dump score:    1008436.0
*Dump score:    1013356.0
*Dump score:    1015144.0
Count score:    1017659.0
Count score:    1023186.0
Count score:    1023826.0
Count score:    1024735.0
Count score:    1028432.0
Count score:    1037403.0
Count score:    1039747.0

>>>> Results of 1 copy
>>>> score: 102746.560658889
>>>> time: 10.0035344285714
>>>> iterations: 7


########################################################
Process Creation -- 1 copy
==> "/mnt/host0/unixbench/UnixBench/pgms/spawn" 30 2>&1 >> "/mnt/host0/unixbench/UnixBench/results/uarf-2025-06-02-02.log"

#### Pass 1


# COUNT0: 528572
# COUNT1: 1
# COUNT2: lps
# elapsed: 30.004187
# pid: 1738965
# status: 0

#### Pass 2


# COUNT0: 529713
# COUNT1: 1
# COUNT2: lps
# elapsed: 30.003887
# pid: 2267549
# status: 0

#### Pass 3


# COUNT0: 530051
# COUNT1: 1
# COUNT2: lps
# elapsed: 30.003240
# pid: 2797272
# status: 0

*Dump score:     528572.0
Count score:     529713.0
Count score:     530051.0

>>>> Results of 1 copy
>>>> score: 17660.6346469632
>>>> time: 30.0035635
>>>> iterations: 2


########################################################
System Call Overhead -- 1 copy
==> "/mnt/host0/unixbench/UnixBench/pgms/syscall" 10 2>&1 >> "/mnt/host0/unixbench/UnixBench/results/uarf-2025-06-02-02.log"

#### Pass 1


# COUNT0: 8292438
# COUNT1: 1
# COUNT2: lps
# elapsed: 10.003142
# pid: 3327333
# status: 0

#### Pass 2


# COUNT0: 8258926
# COUNT1: 1
# COUNT2: lps
# elapsed: 10.002740
# pid: 3327342
# status: 0

#### Pass 3


# COUNT0: 8113847
# COUNT1: 1
# COUNT2: lps
# elapsed: 10.003956
# pid: 3327351
# status: 0

#### Pass 4


# COUNT0: 8447528
# COUNT1: 1
# COUNT2: lps
# elapsed: 10.004371
# pid: 3327360
# status: 0

#### Pass 5


# COUNT0: 8155350
# COUNT1: 1
# COUNT2: lps
# elapsed: 10.003234
# pid: 3327369
# status: 0

#### Pass 6


# COUNT0: 8238817
# COUNT1: 1
# COUNT2: lps
# elapsed: 10.003849
# pid: 3327378
# status: 0

#### Pass 7


# COUNT0: 8237043
# COUNT1: 1
# COUNT2: lps
# elapsed: 10.003999
# pid: 3327387
# status: 0

#### Pass 8


# COUNT0: 8052508
# COUNT1: 1
# COUNT2: lps
# elapsed: 10.003080
# pid: 3327396
# status: 0

#### Pass 9


# COUNT0: 7907245
# COUNT1: 1
# COUNT2: lps
# elapsed: 10.003694
# pid: 3327405
# status: 0

#### Pass 10


# COUNT0: 8314474
# COUNT1: 1
# COUNT2: lps
# elapsed: 10.003107
# pid: 3327414
# status: 0

*Dump score:    7907245.0
*Dump score:    8052508.0
*Dump score:    8113847.0
Count score:    8155350.0
Count score:    8237043.0
Count score:    8238817.0
Count score:    8258926.0
Count score:    8292438.0
Count score:    8314474.0
Count score:    8447528.0

>>>> Results of 1 copy
>>>> score: 827448.744267167
>>>> time: 10.0034917142857
>>>> iterations: 7


########################################################
Shell Scripts (1 concurrent) -- 1 copy
==> "/mnt/host0/unixbench/UnixBench/pgms/looper" 60 "/mnt/host0/unixbench/UnixBench/pgms/multi.sh" 1 2>&1 >> "/mnt/host0/unixbench/UnixBench/results/uarf-2025-06-02-02.log"

#### Pass 1


# COUNT0: 8634
# COUNT1: 60
# COUNT2: lpm
# elapsed: 60.008012
# pid: 3327423
# status: 0

#### Pass 2


# COUNT0: 8590
# COUNT1: 60
# COUNT2: lpm
# elapsed: 60.002961
# pid: 3405147
# status: 0

#### Pass 3


# COUNT0: 8566
# COUNT1: 60
# COUNT2: lpm
# elapsed: 60.008466
# pid: 3482475
# status: 0

*Dump score:       8566.0
Count score:       8590.0
Count score:       8634.0

>>>> Results of 1 copy
>>>> score: 8611.1844861952
>>>> time: 60.0054865
>>>> iterations: 2


########################################################
Shell Scripts (8 concurrent) -- 1 copy
==> "/mnt/host0/unixbench/UnixBench/pgms/looper" 60 "/mnt/host0/unixbench/UnixBench/pgms/multi.sh" 8 2>&1 >> "/mnt/host0/unixbench/UnixBench/results/uarf-2025-06-02-02.log"

#### Pass 1


# COUNT0: 1695
# COUNT1: 60
# COUNT2: lpm
# elapsed: 60.034379
# pid: 3559588
# status: 0

#### Pass 2


# COUNT0: 1691
# COUNT1: 60
# COUNT2: lpm
# elapsed: 60.026923
# pid: 3669837
# status: 0

#### Pass 3


# COUNT0: 1694
# COUNT1: 60
# COUNT2: lpm
# elapsed: 60.031835
# pid: 3779826
# status: 0

*Dump score:       1691.0
Count score:       1694.0
Count score:       1695.0

>>>> Results of 1 copy
>>>> score: 1693.5654454256
>>>> time: 60.033107
>>>> iterations: 2


########################################################
Dhrystone 2 using register variables -- 2 copies
==> "/mnt/host0/unixbench/UnixBench/pgms/dhry2reg" 10 2>&1 >> "/mnt/host0/unixbench/UnixBench/results/uarf-2025-06-02-02.log"

#### Pass 1


# COUNT0: 606229477
# COUNT1: 1
# COUNT2: lps
# elapsed: 10.003996
# pid: 3890010
# status: 0

# COUNT0: 609608277
# COUNT1: 1
# COUNT2: lps
# elapsed: 10.002816
# pid: 3890011
# status: 0

#### Pass 2


# COUNT0: 616395569
# COUNT1: 1
# COUNT2: lps
# elapsed: 10.004474
# pid: 3890022
# status: 0

# COUNT0: 616633121
# COUNT1: 1
# COUNT2: lps
# elapsed: 10.003316
# pid: 3890023
# status: 0

#### Pass 3


# COUNT0: 631581370
# COUNT1: 1
# COUNT2: lps
# elapsed: 10.003839
# pid: 3890034
# status: 0

# COUNT0: 632008359
# COUNT1: 1
# COUNT2: lps
# elapsed: 10.002728
# pid: 3890035
# status: 0

#### Pass 4


# COUNT0: 628852062
# COUNT1: 1
# COUNT2: lps
# elapsed: 10.004661
# pid: 3890046
# status: 0

# COUNT0: 628863617
# COUNT1: 1
# COUNT2: lps
# elapsed: 10.003078
# pid: 3890047
# status: 0

#### Pass 5


# COUNT0: 627504355
# COUNT1: 1
# COUNT2: lps
# elapsed: 10.003715
# pid: 3890058
# status: 0

# COUNT0: 626814048
# COUNT1: 1
# COUNT2: lps
# elapsed: 10.002528
# pid: 3890059
# status: 0

#### Pass 6


# COUNT0: 630772245
# COUNT1: 1
# COUNT2: lps
# elapsed: 10.003655
# pid: 3890070
# status: 0

# COUNT0: 630747903
# COUNT1: 1
# COUNT2: lps
# elapsed: 10.002544
# pid: 3890071
# status: 0

#### Pass 7


# COUNT0: 617902564
# COUNT1: 1
# COUNT2: lps
# elapsed: 10.004362
# pid: 3890083
# status: 0

# COUNT0: 618245800
# COUNT1: 1
# COUNT2: lps
# elapsed: 10.003328
# pid: 3890084
# status: 0

#### Pass 8


# COUNT0: 628635603
# COUNT1: 1
# COUNT2: lps
# elapsed: 10.003262
# pid: 3890095
# status: 0

# COUNT0: 628804895
# COUNT1: 1
# COUNT2: lps
# elapsed: 10.002155
# pid: 3890096
# status: 0

#### Pass 9


# COUNT0: 619858580
# COUNT1: 1
# COUNT2: lps
# elapsed: 10.004210
# pid: 3890107
# status: 0

# COUNT0: 619856429
# COUNT1: 1
# COUNT2: lps
# elapsed: 10.002907
# pid: 3890108
# status: 0

#### Pass 10


# COUNT0: 621418088
# COUNT1: 1
# COUNT2: lps
# elapsed: 10.005563
# pid: 3890119
# status: 0

# COUNT0: 621819229
# COUNT1: 1
# COUNT2: lps
# elapsed: 10.004485
# pid: 3890120
# status: 0

*Dump score: 1215837754.0
*Dump score: 1233028690.0
*Dump score: 1236148364.0
Count score: 1239715009.0
Count score: 1243237317.0
Count score: 1254318403.0
Count score: 1257440498.0
Count score: 1257715679.0
Count score: 1261520148.0
Count score: 1263589729.0

>>>> Sum of 2 copies
>>>> score: 125346393.348247
>>>> time: 10.0035235714286
>>>> iterations: 7


########################################################
Double-Precision Whetstone -- 2 copies
==> "/mnt/host0/unixbench/UnixBench/pgms/whetstone-double"  2>&1 >> "/mnt/host0/unixbench/UnixBench/results/uarf-2025-06-02-02.log"

#### Pass 1

Calibrate
       0.00 Seconds          1   Passes (x 100)
       0.00 Seconds          5   Passes (x 100)
       0.02 Seconds         25   Passes (x 100)
       0.11 Seconds        125   Passes (x 100)
       0.56 Seconds        625   Passes (x 100)

Use 11188  passes (x 100)

          Double Precision C/C++ Whetstone Benchmark

Loop content                  Result              MFLOPS      MOPS   Seconds

N1 floating point     -1.12398255667392033      2638.213              0.081
N2 floating point     -1.12187079889294417      2443.608              0.615
N3 if then else        1.00000000000000000               10681.675    0.108
N4 fixed point        12.00000000000000000                   0.000   -0.000
N5 sin,cos etc.        0.49902937281518261                 294.939    3.156
N6 floating point      0.99999987890802811      1535.179              3.931
N7 assignments         3.00000000000000000                7949.275    0.260
N8 exp,sqrt etc.       0.75100163018453958                 225.412    1.846

MWIPS                                          11189.462              9.999

Calibrate
       0.00 Seconds          1   Passes (x 100)
       0.00 Seconds          5   Passes (x 100)
       0.02 Seconds         25   Passes (x 100)
       0.11 Seconds        125   Passes (x 100)
       0.56 Seconds        625   Passes (x 100)

Use 11190  passes (x 100)

          Double Precision C/C++ Whetstone Benchmark

Loop content                  Result              MFLOPS      MOPS   Seconds

N1 floating point     -1.12398255667392033      2638.616              0.081
N2 floating point     -1.12187079889294417      2444.820              0.615
N3 if then else        1.00000000000000000               10690.894    0.108
N4 fixed point        12.00000000000000000               57321231797.845    0.000
N5 sin,cos etc.        0.49902937281518261                 295.000    3.156
N6 floating point      0.99999987890802811      1535.389              3.931
N7 assignments         3.00000000000000000                7951.610    0.260
N8 exp,sqrt etc.       0.75100163018453958                 225.347    1.847

MWIPS                                          11190.738              9.999


# COUNT0: 11190.738
# COUNT1: 0
# COUNT2: MWIPS
# TIME: 9.999
# elapsed: 11.487546
# pid: 3890131
# status: 0

# COUNT0: 11189.462
# COUNT1: 0
# COUNT2: MWIPS
# TIME: 9.999
# elapsed: 11.485780
# pid: 3890132
# status: 0

#### Pass 2

Calibrate
       0.00 Seconds          1   Passes (x 100)
       0.00 Seconds          5   Passes (x 100)
       0.02 Seconds         25   Passes (x 100)
       0.11 Seconds        125   Passes (x 100)
       0.56 Seconds        625   Passes (x 100)

Use 11189  passes (x 100)

          Double Precision C/C++ Whetstone Benchmark

Loop content                  Result              MFLOPS      MOPS   Seconds

N1 floating point     -1.12398255667392033      2634.420              0.082
N2 floating point     -1.12187079889294417      2904.656              0.518
N3 if then else        1.00000000000000000               10680.468    0.108
N4 fixed point        12.00000000000000000                   0.000   -0.000
N5 sin,cos etc.        0.49902937281518261                 295.709    3.148
N6 floating point      0.99999987890802811      1535.234              3.931
N7 assignments         3.00000000000000000                7944.549    0.260
N8 exp,sqrt etc.       0.75100163018453958                 225.489    1.846

MWIPS                                          11309.783              9.893

Calibrate
       0.00 Seconds          1   Passes (x 100)
       0.00 Seconds          5   Passes (x 100)
       0.02 Seconds         25   Passes (x 100)
       0.11 Seconds        125   Passes (x 100)
       0.56 Seconds        625   Passes (x 100)

Use 11189  passes (x 100)

          Double Precision C/C++ Whetstone Benchmark

Loop content                  Result              MFLOPS      MOPS   Seconds

N1 floating point     -1.12398255667392033      2635.374              0.082
N2 floating point     -1.12187079889294417      2904.443              0.518
N3 if then else        1.00000000000000000               10691.125    0.108
N4 fixed point        12.00000000000000000               96043213493.319    0.000
N5 sin,cos etc.        0.49902937281518261                 295.722    3.148
N6 floating point      0.99999987890802811      1535.386              3.931
N7 assignments         3.00000000000000000                7944.365    0.260
N8 exp,sqrt etc.       0.75100163018453958                 225.312    1.847

MWIPS                                          11308.843              9.894


# COUNT0: 11308.843
# COUNT1: 0
# COUNT2: MWIPS
# TIME: 9.894
# elapsed: 11.383028
# pid: 3890143
# status: 0

# COUNT0: 11309.783
# COUNT1: 0
# COUNT2: MWIPS
# TIME: 9.893
# elapsed: 11.381562
# pid: 3890144
# status: 0

#### Pass 3

Calibrate
       0.00 Seconds          1   Passes (x 100)
       0.00 Seconds          5   Passes (x 100)
       0.02 Seconds         25   Passes (x 100)
       0.11 Seconds        125   Passes (x 100)
       0.56 Seconds        625   Passes (x 100)

Use 11189  passes (x 100)

          Double Precision C/C++ Whetstone Benchmark

Loop content                  Result              MFLOPS      MOPS   Seconds

N1 floating point     -1.12398255667392033      2633.536              0.082
N2 floating point     -1.12187079889294417      2904.303              0.518
N3 if then else        1.00000000000000000               10708.899    0.108
N4 fixed point        12.00000000000000000               281344613852.714    0.000
N5 sin,cos etc.        0.49902937281518261                 295.545    3.150
N6 floating point      0.99999987890802811      1534.701              3.933
N7 assignments         3.00000000000000000                8011.716    0.258
N8 exp,sqrt etc.       0.75100163018453958                 225.472    1.846

MWIPS                                          11308.794              9.894

Calibrate
       0.00 Seconds          1   Passes (x 100)
       0.00 Seconds          5   Passes (x 100)
       0.02 Seconds         25   Passes (x 100)
       0.11 Seconds        125   Passes (x 100)
       0.56 Seconds        625   Passes (x 100)

Use 11189  passes (x 100)

          Double Precision C/C++ Whetstone Benchmark

Loop content                  Result              MFLOPS      MOPS   Seconds

N1 floating point     -1.12398255667392033      2634.837              0.082
N2 floating point     -1.12187079889294417      2904.242              0.518
N3 if then else        1.00000000000000000               10697.227    0.108
N4 fixed point        12.00000000000000000               542215791350.550    0.000
N5 sin,cos etc.        0.49902937281518261                 295.552    3.150
N6 floating point      0.99999987890802811      1534.527              3.933
N7 assignments         3.00000000000000000                8008.859    0.258
N8 exp,sqrt etc.       0.75100163018453958                 225.515    1.846

MWIPS                                          11308.559              9.894


# COUNT0: 11308.559
# COUNT1: 0
# COUNT2: MWIPS
# TIME: 9.894
# elapsed: 11.383651
# pid: 3890155
# status: 0

# COUNT0: 11308.794
# COUNT1: 0
# COUNT2: MWIPS
# TIME: 9.894
# elapsed: 11.382451
# pid: 3890156
# status: 0

#### Pass 4

Calibrate
       0.00 Seconds          1   Passes (x 100)
       0.00 Seconds          5   Passes (x 100)
       0.02 Seconds         25   Passes (x 100)
       0.11 Seconds        125   Passes (x 100)
       0.56 Seconds        625   Passes (x 100)

Use 11182  passes (x 100)

          Double Precision C/C++ Whetstone Benchmark

Loop content                  Result              MFLOPS      MOPS   Seconds

N1 floating point     -1.12398255667392033      2635.186              0.081
N2 floating point     -1.12187079889294417      2904.174              0.517
N3 if then else        1.00000000000000000               10651.677    0.109
N4 fixed point        12.00000000000000000                   0.000   -0.000
N5 sin,cos etc.        0.49902937281518261                 295.668    3.147
N6 floating point      0.99999987890802811      1535.279              3.929
N7 assignments         3.00000000000000000                7977.058    0.259
N8 exp,sqrt etc.       0.75100163018453958                 225.431    1.845

MWIPS                                          11309.679              9.887

Calibrate
       0.00 Seconds          1   Passes (x 100)
       0.00 Seconds          5   Passes (x 100)
       0.02 Seconds         25   Passes (x 100)
       0.11 Seconds        125   Passes (x 100)
       0.56 Seconds        625   Passes (x 100)

Use 11185  passes (x 100)

          Double Precision C/C++ Whetstone Benchmark

Loop content                  Result              MFLOPS      MOPS   Seconds

N1 floating point     -1.12398255667392033      2636.469              0.081
N2 floating point     -1.12187079889294417      2904.208              0.518
N3 if then else        1.00000000000000000               10660.328    0.109
N4 fixed point        12.00000000000000000                   0.000   -0.000
N5 sin,cos etc.        0.49902937281518261                 295.705    3.147
N6 floating point      0.99999987890802811      1535.551              3.929
N7 assignments         3.00000000000000000                7975.786    0.259
N8 exp,sqrt etc.       0.75100163018453958                 225.453    1.846

MWIPS                                          11311.240              9.888


# COUNT0: 11309.679
# COUNT1: 0
# COUNT2: MWIPS
# TIME: 9.887
# elapsed: 11.375457
# pid: 3890167
# status: 0

# COUNT0: 11311.240
# COUNT1: 0
# COUNT2: MWIPS
# TIME: 9.888
# elapsed: 11.375214
# pid: 3890168
# status: 0

#### Pass 5

Calibrate
       0.00 Seconds          1   Passes (x 100)
       0.00 Seconds          5   Passes (x 100)
       0.02 Seconds         25   Passes (x 100)
       0.11 Seconds        125   Passes (x 100)
       0.56 Seconds        625   Passes (x 100)

Use 11187  passes (x 100)

          Double Precision C/C++ Whetstone Benchmark

Loop content                  Result              MFLOPS      MOPS   Seconds

N1 floating point     -1.12398255667392033      2633.584              0.082
N2 floating point     -1.12187079889294417      2903.554              0.518
N3 if then else        1.00000000000000000               10707.195    0.108
N4 fixed point        12.00000000000000000                   0.000   -0.000
N5 sin,cos etc.        0.49902937281518261                 295.674    3.148
N6 floating point      0.99999987890802811      1535.293              3.930
N7 assignments         3.00000000000000000                7944.742    0.260
N8 exp,sqrt etc.       0.75100163018453958                 225.409    1.846

MWIPS                                          11308.853              9.892

Calibrate
       0.00 Seconds          1   Passes (x 100)
       0.00 Seconds          5   Passes (x 100)
       0.02 Seconds         25   Passes (x 100)
       0.11 Seconds        125   Passes (x 100)
       0.56 Seconds        625   Passes (x 100)

Use 11188  passes (x 100)

          Double Precision C/C++ Whetstone Benchmark

Loop content                  Result              MFLOPS      MOPS   Seconds

N1 floating point     -1.12398255667392033      2632.377              0.082
N2 floating point     -1.12187079889294417      2903.937              0.518
N3 if then else        1.00000000000000000               10698.746    0.108
N4 fixed point        12.00000000000000000                   0.000   -0.000
N5 sin,cos etc.        0.49902937281518261                 295.669    3.148
N6 floating point      0.99999987890802811      1535.204              3.931
N7 assignments         3.00000000000000000                7938.161    0.260
N8 exp,sqrt etc.       0.75100163018453958                 225.448    1.846

MWIPS                                          11308.575              9.893


# COUNT0: 11308.853
# COUNT1: 0
# COUNT2: MWIPS
# TIME: 9.892
# elapsed: 11.380898
# pid: 3890179
# status: 0

# COUNT0: 11308.575
# COUNT1: 0
# COUNT2: MWIPS
# TIME: 9.893
# elapsed: 11.381083
# pid: 3890180
# status: 0

#### Pass 6

Calibrate
       0.00 Seconds          1   Passes (x 100)
       0.00 Seconds          5   Passes (x 100)
       0.02 Seconds         25   Passes (x 100)
       0.11 Seconds        125   Passes (x 100)
       0.56 Seconds        625   Passes (x 100)

Use 11187  passes (x 100)

          Double Precision C/C++ Whetstone Benchmark

Loop content                  Result              MFLOPS      MOPS   Seconds

N1 floating point     -1.12398255667392033      2637.747              0.081
N2 floating point     -1.12187079889294417      2904.176              0.518
N3 if then else        1.00000000000000000               10699.872    0.108
N4 fixed point        12.00000000000000000                   0.000   -0.000
N5 sin,cos etc.        0.49902937281518261                 295.524    3.150
N6 floating point      0.99999987890802811      1535.278              3.930
N7 assignments         3.00000000000000000                7952.784    0.260
N8 exp,sqrt etc.       0.75100163018453958                 225.433    1.846

MWIPS                                          11307.689              9.893

Calibrate
       0.00 Seconds          1   Passes (x 100)
       0.00 Seconds          5   Passes (x 100)
       0.02 Seconds         25   Passes (x 100)
       0.11 Seconds        125   Passes (x 100)
       0.56 Seconds        625   Passes (x 100)

Use 11186  passes (x 100)

          Double Precision C/C++ Whetstone Benchmark

Loop content                  Result              MFLOPS      MOPS   Seconds

N1 floating point     -1.12398255667392033      2636.611              0.081
N2 floating point     -1.12187079889294417      2904.455              0.518
N3 if then else        1.00000000000000000               10692.487    0.108
N4 fixed point        12.00000000000000000               287216400555.062    0.000
N5 sin,cos etc.        0.49902937281518261                 295.472    3.150
N6 floating point      0.99999987890802811      1535.238              3.930
N7 assignments         3.00000000000000000                7933.360    0.261
N8 exp,sqrt etc.       0.75100163018453958                 225.472    1.846

MWIPS                                          11306.502              9.893


# COUNT0: 11306.502
# COUNT1: 0
# COUNT2: MWIPS
# TIME: 9.893
# elapsed: 11.381562
# pid: 3890191
# status: 0

# COUNT0: 11307.689
# COUNT1: 0
# COUNT2: MWIPS
# TIME: 9.893
# elapsed: 11.379507
# pid: 3890192
# status: 0

#### Pass 7

Calibrate
       0.00 Seconds          1   Passes (x 100)
       0.00 Seconds          5   Passes (x 100)
       0.02 Seconds         25   Passes (x 100)
       0.11 Seconds        125   Passes (x 100)
       0.56 Seconds        625   Passes (x 100)

Use 11185  passes (x 100)

          Double Precision C/C++ Whetstone Benchmark

Loop content                  Result              MFLOPS      MOPS   Seconds

N1 floating point     -1.12398255667392033      2635.411              0.081
N2 floating point     -1.12187079889294417      2902.328              0.518
N3 if then else        1.00000000000000000               10663.556    0.109
N4 fixed point        12.00000000000000000               241781518492.541    0.000
N5 sin,cos etc.        0.49902937281518261                 295.392    3.150
N6 floating point      0.99999987890802811      1535.142              3.930
N7 assignments         3.00000000000000000                7969.632    0.259
N8 exp,sqrt etc.       0.75100163018453958                 225.485    1.845

MWIPS                                          11305.913              9.893

Calibrate
       0.00 Seconds          1   Passes (x 100)
       0.00 Seconds          5   Passes (x 100)
       0.02 Seconds         25   Passes (x 100)
       0.11 Seconds        125   Passes (x 100)
       0.56 Seconds        625   Passes (x 100)

Use 11188  passes (x 100)

          Double Precision C/C++ Whetstone Benchmark

Loop content                  Result              MFLOPS      MOPS   Seconds

N1 floating point     -1.12398255667392033      2636.852              0.081
N2 floating point     -1.12187079889294417      2902.614              0.518
N3 if then else        1.00000000000000000               10675.580    0.108
N4 fixed point        12.00000000000000000                   0.000   -0.000
N5 sin,cos etc.        0.49902937281518261                 295.477    3.150
N6 floating point      0.99999987890802811      1535.371              3.931
N7 assignments         3.00000000000000000                7981.621    0.259
N8 exp,sqrt etc.       0.75100163018453958                 225.507    1.846

MWIPS                                          11308.525              9.893


# COUNT0: 11305.913
# COUNT1: 0
# COUNT2: MWIPS
# TIME: 9.893
# elapsed: 11.381772
# pid: 3890203
# status: 0

# COUNT0: 11308.525
# COUNT1: 0
# COUNT2: MWIPS
# TIME: 9.893
# elapsed: 11.380578
# pid: 3890204
# status: 0

#### Pass 8

Calibrate
       0.00 Seconds          1   Passes (x 100)
       0.00 Seconds          5   Passes (x 100)
       0.02 Seconds         25   Passes (x 100)
       0.11 Seconds        125   Passes (x 100)
       0.56 Seconds        625   Passes (x 100)

Use 11182  passes (x 100)

          Double Precision C/C++ Whetstone Benchmark

Loop content                  Result              MFLOPS      MOPS   Seconds

N1 floating point     -1.12398255667392033      2637.213              0.081
N2 floating point     -1.12187079889294417      2903.624              0.518
N3 if then else        1.00000000000000000               10702.003    0.108
N4 fixed point        12.00000000000000000                   0.000   -0.000
N5 sin,cos etc.        0.49902937281518261                 295.300    3.150
N6 floating point      0.99999987890802811      1535.029              3.929
N7 assignments         3.00000000000000000                7942.932    0.260
N8 exp,sqrt etc.       0.75100163018453958                 225.607    1.844

MWIPS                                          11305.384              9.891

Calibrate
       0.00 Seconds          1   Passes (x 100)
       0.00 Seconds          5   Passes (x 100)
       0.02 Seconds         25   Passes (x 100)
       0.11 Seconds        125   Passes (x 100)
       0.56 Seconds        625   Passes (x 100)

Use 11182  passes (x 100)

          Double Precision C/C++ Whetstone Benchmark

Loop content                  Result              MFLOPS      MOPS   Seconds

N1 floating point     -1.12398255667392033      2635.798              0.081
N2 floating point     -1.12187079889294417      2903.338              0.518
N3 if then else        1.00000000000000000               10715.582    0.108
N4 fixed point        12.00000000000000000                   0.000   -0.000
N5 sin,cos etc.        0.49902937281518261                 295.260    3.151
N6 floating point      0.99999987890802811      1535.145              3.929
N7 assignments         3.00000000000000000                7930.772    0.261
N8 exp,sqrt etc.       0.75100163018453958                 225.400    1.845

MWIPS                                          11302.890              9.893


# COUNT0: 11302.890
# COUNT1: 0
# COUNT2: MWIPS
# TIME: 9.893
# elapsed: 11.380967
# pid: 3890215
# status: 0

# COUNT0: 11305.384
# COUNT1: 0
# COUNT2: MWIPS
# TIME: 9.891
# elapsed: 11.377342
# pid: 3890216
# status: 0

#### Pass 9

Calibrate
       0.00 Seconds          1   Passes (x 100)
       0.00 Seconds          5   Passes (x 100)
       0.02 Seconds         25   Passes (x 100)
       0.11 Seconds        125   Passes (x 100)
       0.56 Seconds        625   Passes (x 100)

Use 11186  passes (x 100)

          Double Precision C/C++ Whetstone Benchmark

Loop content                  Result              MFLOPS      MOPS   Seconds

N1 floating point     -1.12398255667392033      2637.754              0.081
N2 floating point     -1.12187079889294417      2903.671              0.518
N3 if then else        1.00000000000000000               10702.187    0.108
N4 fixed point        12.00000000000000000               55536793341.199    0.000
N5 sin,cos etc.        0.49902937281518261                 295.559    3.149
N6 floating point      0.99999987890802811      1535.182              3.930
N7 assignments         3.00000000000000000                7945.924    0.260
N8 exp,sqrt etc.       0.75100163018453958                 225.423    1.846

MWIPS                                          11307.402              9.893

Calibrate
       0.00 Seconds          1   Passes (x 100)
       0.00 Seconds          5   Passes (x 100)
       0.02 Seconds         25   Passes (x 100)
       0.11 Seconds        125   Passes (x 100)
       0.56 Seconds        625   Passes (x 100)

Use 11186  passes (x 100)

          Double Precision C/C++ Whetstone Benchmark

Loop content                  Result              MFLOPS      MOPS   Seconds

N1 floating point     -1.12398255667392033      2636.349              0.081
N2 floating point     -1.12187079889294417      2903.686              0.518
N3 if then else        1.00000000000000000               10696.041    0.108
N4 fixed point        12.00000000000000000                   0.000   -0.000
N5 sin,cos etc.        0.49902937281518261                 295.482    3.150
N6 floating point      0.99999987890802811      1535.045              3.931
N7 assignments         3.00000000000000000                7934.579    0.261
N8 exp,sqrt etc.       0.75100163018453958                 225.448    1.846

MWIPS                                          11305.759              9.894


# COUNT0: 11307.402
# COUNT1: 0
# COUNT2: MWIPS
# TIME: 9.893
# elapsed: 11.380116
# pid: 3890227
# status: 0

# COUNT0: 11305.759
# COUNT1: 0
# COUNT2: MWIPS
# TIME: 9.894
# elapsed: 11.380644
# pid: 3890228
# status: 0

#### Pass 10

Calibrate
       0.00 Seconds          1   Passes (x 100)
       0.00 Seconds          5   Passes (x 100)
       0.02 Seconds         25   Passes (x 100)
       0.11 Seconds        125   Passes (x 100)
       0.56 Seconds        625   Passes (x 100)

Use 11189  passes (x 100)

          Double Precision C/C++ Whetstone Benchmark

Loop content                  Result              MFLOPS      MOPS   Seconds

N1 floating point     -1.12398255667392033      2636.043              0.081
N2 floating point     -1.12187079889294417      2904.073              0.518
N3 if then else        1.00000000000000000               10678.008    0.108
N4 fixed point        12.00000000000000000               37607282379.454    0.000
N5 sin,cos etc.        0.49902937281518261                 295.641    3.149
N6 floating point      0.99999987890802811      1535.299              3.931
N7 assignments         3.00000000000000000                8010.720    0.258
N8 exp,sqrt etc.       0.75100163018453958                 225.445    1.846

MWIPS                                          11311.104              9.892

Calibrate
       0.00 Seconds          1   Passes (x 100)
       0.00 Seconds          5   Passes (x 100)
       0.02 Seconds         25   Passes (x 100)
       0.11 Seconds        125   Passes (x 100)
       0.56 Seconds        625   Passes (x 100)

Use 11190  passes (x 100)

          Double Precision C/C++ Whetstone Benchmark

Loop content                  Result              MFLOPS      MOPS   Seconds

N1 floating point     -1.12398255667392033      2635.021              0.082
N2 floating point     -1.12187079889294417      2904.400              0.518
N3 if then else        1.00000000000000000               10670.407    0.109
N4 fixed point        12.00000000000000000               64007914734.873    0.000
N5 sin,cos etc.        0.49902937281518261                 295.587    3.150
N6 floating point      0.99999987890802811      1535.248              3.932
N7 assignments         3.00000000000000000                8007.558    0.258
N8 exp,sqrt etc.       0.75100163018453958                 225.443    1.846

MWIPS                                          11310.110              9.894


# COUNT0: 11311.104
# COUNT1: 0
# COUNT2: MWIPS
# TIME: 9.892
# elapsed: 11.381778
# pid: 3890239
# status: 0

# COUNT0: 11310.110
# COUNT1: 0
# COUNT2: MWIPS
# TIME: 9.894
# elapsed: 11.382537
# pid: 3890240
# status: 0

*Dump score:      22380.2
*Dump score:      22608.3
*Dump score:      22613.2
Count score:      22614.2
Count score:      22614.4
Count score:      22617.4
Count score:      22617.4
Count score:      22618.6
Count score:      22620.9
Count score:      22621.2

>>>> Sum of 2 copies
>>>> score: 22617.7382810716
>>>> time: 9.89235714285714
>>>> iterations: 7


########################################################
Execl Throughput -- 2 copies
==> "/mnt/host0/unixbench/UnixBench/pgms/execl" 30 2>&1 >> "/mnt/host0/unixbench/UnixBench/results/uarf-2025-06-02-02.log"

#### Pass 1


# COUNT0: 62619
# COUNT1: 1
# COUNT2: lps
# elapsed: 29.664269
# pid: 3890251
# status: 0

# COUNT0: 63004
# COUNT1: 1
# COUNT2: lps
# elapsed: 29.662256
# pid: 3890252
# status: 0

#### Pass 2


# COUNT0: 64366
# COUNT1: 1
# COUNT2: lps
# elapsed: 29.986811
# pid: 3890263
# status: 0

# COUNT0: 64120
# COUNT1: 1
# COUNT2: lps
# elapsed: 29.985752
# pid: 3890264
# status: 0

#### Pass 3


# COUNT0: 64573
# COUNT1: 1
# COUNT2: lps
# elapsed: 29.986439
# pid: 3890275
# status: 0

# COUNT0: 64412
# COUNT1: 1
# COUNT2: lps
# elapsed: 29.985338
# pid: 3890276
# status: 0

*Dump score:     125623.0
Count score:     128486.0
Count score:     128985.0

>>>> Sum of 2 copies
>>>> score: 4293.16658799454
>>>> time: 29.986085
>>>> iterations: 2


########################################################
File Copy 1024 bufsize 2000 maxblocks -- 2 copies
==> "/mnt/host0/unixbench/UnixBench/pgms/fstime" -c -t 30 -d "/mnt/host0/unixbench/UnixBench/tmp" -b 1024 -m 2000 2>&1 >> "/mnt/host0/unixbench/UnixBench/results/uarf-2025-06-02-02.log"

#### Pass 1

Write done: 400000 in 2.0094, score 49766
Read done: 404516 in 2.0000, score 50564
Copy done: 2553820 in 30.0000, score 21281
Write done: 400000 in 2.0107, score 49732
Read done: 400692 in 2.0000, score 50086
Copy done: 2570884 in 30.0000, score 21424

# COUNT0: 21424
# COUNT1: 0
# COUNT2: KBps
# TIME: 30.0
# elapsed: 45.020105
# pid: 3890287
# status: 0

# COUNT0: 21281
# COUNT1: 0
# COUNT2: KBps
# TIME: 30.0
# elapsed: 45.018872
# pid: 3890288
# status: 0

#### Pass 2

Write done: 392000 in 2.0285, score 48310
Read done: 340708 in 2.0000, score 42588
Copy done: 2482800 in 30.0000, score 20689
Write done: 392000 in 2.0327, score 48211
Read done: 343740 in 2.0000, score 42967
Copy done: 2483256 in 30.0000, score 20693

# COUNT0: 20693
# COUNT1: 0
# COUNT2: KBps
# TIME: 30.0
# elapsed: 45.047902
# pid: 3890300
# status: 0

# COUNT0: 20689
# COUNT1: 0
# COUNT2: KBps
# TIME: 30.0
# elapsed: 45.036876
# pid: 3890301
# status: 0

#### Pass 3

Write done: 376000 in 2.0009, score 46978
Read done: 333912 in 2.0000, score 41738
Copy done: 2534728 in 30.0000, score 21122
Write done: 384000 in 2.0318, score 47249
Read done: 333992 in 2.0000, score 41748
Copy done: 2540680 in 30.0000, score 21172

# COUNT0: 21122
# COUNT1: 0
# COUNT2: KBps
# TIME: 30.0
# elapsed: 45.013174
# pid: 3890312
# status: 0

# COUNT0: 21172
# COUNT1: 0
# COUNT2: KBps
# TIME: 30.0
# elapsed: 45.040118
# pid: 3890313
# status: 0

*Dump score:      41382.0
Count score:      42294.0
Count score:      42705.0

>>>> Sum of 2 copies
>>>> score: 42499.0031647802
>>>> time: 30
>>>> iterations: 2


########################################################
File Copy 256 bufsize 500 maxblocks -- 2 copies
==> "/mnt/host0/unixbench/UnixBench/pgms/fstime" -c -t 30 -d "/mnt/host0/unixbench/UnixBench/tmp" -b 256 -m 500 2>&1 >> "/mnt/host0/unixbench/UnixBench/results/uarf-2025-06-02-02.log"

#### Pass 1

Write done: 96000 in 2.0303, score 11820
Read done: 80703 in 2.0000, score 10087
Copy done: 614076 in 30.0000, score 5117
Write done: 96000 in 2.0329, score 11805
Read done: 81059 in 2.0000, score 10132
Copy done: 612977 in 30.0006, score 5108

# COUNT0: 5108
# COUNT1: 0
# COUNT2: KBps
# TIME: 30.0
# elapsed: 45.042717
# pid: 3890324
# status: 0

# COUNT0: 5117
# COUNT1: 0
# COUNT2: KBps
# TIME: 30.0
# elapsed: 45.040155
# pid: 3890325
# status: 0

#### Pass 2

Write done: 90000 in 2.0184, score 11147
Read done: 92958 in 2.0000, score 11619
Copy done: 635771 in 30.0000, score 5298
Write done: 92000 in 2.0327, score 11315
Read done: 93897 in 2.0000, score 11737
Copy done: 636602 in 30.0000, score 5305

# COUNT0: 5305
# COUNT1: 0
# COUNT2: KBps
# TIME: 30.0
# elapsed: 45.042256
# pid: 3890336
# status: 0

# COUNT0: 5298
# COUNT1: 0
# COUNT2: KBps
# TIME: 30.0
# elapsed: 45.026855
# pid: 3890337
# status: 0

#### Pass 3

Write done: 102000 in 2.0066, score 12708
Read done: 81294 in 2.0000, score 10161
Copy done: 638625 in 30.0000, score 5321
Write done: 102000 in 2.0107, score 12682
Read done: 80341 in 2.0000, score 10042
Copy done: 635153 in 30.0000, score 5292

# COUNT0: 5321
# COUNT1: 0
# COUNT2: KBps
# TIME: 30.0
# elapsed: 45.017229
# pid: 3890348
# status: 0

# COUNT0: 5292
# COUNT1: 0
# COUNT2: KBps
# TIME: 30.0
# elapsed: 45.019196
# pid: 3890349
# status: 0

*Dump score:      10225.0
Count score:      10603.0
Count score:      10613.0

>>>> Sum of 2 copies
>>>> score: 10607.998821644
>>>> time: 30
>>>> iterations: 2


########################################################
File Copy 4096 bufsize 8000 maxblocks -- 2 copies
==> "/mnt/host0/unixbench/UnixBench/pgms/fstime" -c -t 30 -d "/mnt/host0/unixbench/UnixBench/tmp" -b 4096 -m 8000 2>&1 >> "/mnt/host0/unixbench/UnixBench/results/uarf-2025-06-02-02.log"

#### Pass 1

Write done: 1312000 in 2.0134, score 162911
Read done: 1495200 in 2.0000, score 186899
Copy done: 9495968 in 30.0000, score 79133
Write done: 1312000 in 2.0326, score 161369
Read done: 1496528 in 2.0000, score 187064
Copy done: 9471904 in 30.0000, score 78932

# COUNT0: 78932
# COUNT1: 0
# COUNT2: KBps
# TIME: 30.0
# elapsed: 45.043068
# pid: 3890360
# status: 0

# COUNT0: 79133
# COUNT1: 0
# COUNT2: KBps
# TIME: 30.0
# elapsed: 45.024990
# pid: 3890361
# status: 0

#### Pass 2

Write done: 1600000 in 2.0100, score 199007
Read done: 1586544 in 2.0000, score 198316
Copy done: 9602960 in 30.0001, score 80024
Write done: 1632000 in 2.0296, score 201024
Read done: 1616096 in 2.0000, score 202010
Copy done: 9661376 in 30.0000, score 80511

# COUNT0: 80511
# COUNT1: 0
# COUNT2: KBps
# TIME: 30.0
# elapsed: 45.040331
# pid: 3890372
# status: 0

# COUNT0: 80024
# COUNT1: 0
# COUNT2: KBps
# TIME: 30.0
# elapsed: 45.020561
# pid: 3890373
# status: 0

#### Pass 3

Write done: 1440000 in 2.0293, score 177397
Read done: 1345968 in 2.0000, score 168244
Copy done: 9654352 in 30.0000, score 80452
Write done: 1440000 in 2.0390, score 176560
Read done: 1344352 in 2.0000, score 168042
Copy done: 9696224 in 30.0019, score 80796

# COUNT0: 80452
# COUNT1: 0
# COUNT2: KBps
# TIME: 30.0
# elapsed: 45.040745
# pid: 3890385
# status: 0

# COUNT0: 80796
# COUNT1: 0
# COUNT2: KBps
# TIME: 30.0
# elapsed: 45.050121
# pid: 3890386
# status: 0

*Dump score:     158065.0
Count score:     160535.0
Count score:     161248.0

>>>> Sum of 2 copies
>>>> score: 160891.105036916
>>>> time: 30
>>>> iterations: 2


########################################################
Pipe Throughput -- 2 copies
==> "/mnt/host0/unixbench/UnixBench/pgms/pipe" 10 2>&1 >> "/mnt/host0/unixbench/UnixBench/results/uarf-2025-06-02-02.log"

#### Pass 1


# COUNT0: 10492755
# COUNT1: 1
# COUNT2: lps
# elapsed: 10.004391
# pid: 3890397
# status: 0

# COUNT0: 10487574
# COUNT1: 1
# COUNT2: lps
# elapsed: 10.003285
# pid: 3890398
# status: 0

#### Pass 2


# COUNT0: 10294333
# COUNT1: 1
# COUNT2: lps
# elapsed: 10.003870
# pid: 3890409
# status: 0

# COUNT0: 10290889
# COUNT1: 1
# COUNT2: lps
# elapsed: 10.002757
# pid: 3890410
# status: 0

#### Pass 3


# COUNT0: 10840710
# COUNT1: 1
# COUNT2: lps
# elapsed: 10.003768
# pid: 3890421
# status: 0

# COUNT0: 10841383
# COUNT1: 1
# COUNT2: lps
# elapsed: 10.002684
# pid: 3890422
# status: 0

#### Pass 4


# COUNT0: 10611038
# COUNT1: 1
# COUNT2: lps
# elapsed: 10.003316
# pid: 3890433
# status: 0

# COUNT0: 10611737
# COUNT1: 1
# COUNT2: lps
# elapsed: 10.002253
# pid: 3890434
# status: 0

#### Pass 5


# COUNT0: 10502670
# COUNT1: 1
# COUNT2: lps
# elapsed: 10.004577
# pid: 3890445
# status: 0

# COUNT0: 10501625
# COUNT1: 1
# COUNT2: lps
# elapsed: 10.003522
# pid: 3890446
# status: 0

#### Pass 6


# COUNT0: 10781983
# COUNT1: 1
# COUNT2: lps
# elapsed: 10.004625
# pid: 3890457
# status: 0

# COUNT0: 10783119
# COUNT1: 1
# COUNT2: lps
# elapsed: 10.003479
# pid: 3890458
# status: 0

#### Pass 7


# COUNT0: 10746406
# COUNT1: 1
# COUNT2: lps
# elapsed: 10.004275
# pid: 3890469
# status: 0

# COUNT0: 10747263
# COUNT1: 1
# COUNT2: lps
# elapsed: 10.003290
# pid: 3890470
# status: 0

#### Pass 8


# COUNT0: 10681664
# COUNT1: 1
# COUNT2: lps
# elapsed: 10.004096
# pid: 3890481
# status: 0

# COUNT0: 10681532
# COUNT1: 1
# COUNT2: lps
# elapsed: 10.002844
# pid: 3890482
# status: 0

#### Pass 9


# COUNT0: 10649503
# COUNT1: 1
# COUNT2: lps
# elapsed: 10.004780
# pid: 3890493
# status: 0

# COUNT0: 10647836
# COUNT1: 1
# COUNT2: lps
# elapsed: 10.003709
# pid: 3890494
# status: 0

#### Pass 10


# COUNT0: 10594746
# COUNT1: 1
# COUNT2: lps
# elapsed: 10.004398
# pid: 3890505
# status: 0

# COUNT0: 10595051
# COUNT1: 1
# COUNT2: lps
# elapsed: 10.003277
# pid: 3890506
# status: 0

*Dump score:   20585222.0
*Dump score:   20980329.0
*Dump score:   21004295.0
Count score:   21189797.0
Count score:   21222775.0
Count score:   21297339.0
Count score:   21363196.0
Count score:   21493669.0
Count score:   21565102.0
Count score:   21682093.0

>>>> Sum of 2 copies
>>>> score: 2139355.7327912
>>>> time: 10.0036281428571
>>>> iterations: 7


########################################################
Pipe-based Context Switching -- 2 copies
==> "/mnt/host0/unixbench/UnixBench/pgms/context1" 10 2>&1 >> "/mnt/host0/unixbench/UnixBench/results/uarf-2025-06-02-02.log"

#### Pass 1


# COUNT0: 2792725
# COUNT1: 1
# COUNT2: lps
# elapsed: 10.004341
# pid: 3890517
# status: 0

# COUNT0: 2801298
# COUNT1: 1
# COUNT2: lps
# elapsed: 10.003162
# pid: 3890518
# status: 0

#### Pass 2


# COUNT0: 2772273
# COUNT1: 1
# COUNT2: lps
# elapsed: 10.004633
# pid: 3890531
# status: 0

# COUNT0: 2796804
# COUNT1: 1
# COUNT2: lps
# elapsed: 10.003219
# pid: 3890532
# status: 0

#### Pass 3


# COUNT0: 2749209
# COUNT1: 1
# COUNT2: lps
# elapsed: 10.005075
# pid: 3890545
# status: 0

# COUNT0: 2759904
# COUNT1: 1
# COUNT2: lps
# elapsed: 10.003898
# pid: 3890546
# status: 0

#### Pass 4


# COUNT0: 2774335
# COUNT1: 1
# COUNT2: lps
# elapsed: 10.003319
# pid: 3890559
# status: 0

# COUNT0: 2768662
# COUNT1: 1
# COUNT2: lps
# elapsed: 10.002222
# pid: 3890560
# status: 0

#### Pass 5


# COUNT0: 2744090
# COUNT1: 1
# COUNT2: lps
# elapsed: 10.004407
# pid: 3890573
# status: 0

# COUNT0: 2756542
# COUNT1: 1
# COUNT2: lps
# elapsed: 10.003554
# pid: 3890574
# status: 0

#### Pass 6


# COUNT0: 2747473
# COUNT1: 1
# COUNT2: lps
# elapsed: 10.005304
# pid: 3890587
# status: 0

# COUNT0: 2785577
# COUNT1: 1
# COUNT2: lps
# elapsed: 10.004054
# pid: 3890588
# status: 0

#### Pass 7


# COUNT0: 2746175
# COUNT1: 1
# COUNT2: lps
# elapsed: 10.003444
# pid: 3890601
# status: 0

# COUNT0: 2767016
# COUNT1: 1
# COUNT2: lps
# elapsed: 10.002217
# pid: 3890602
# status: 0

#### Pass 8


# COUNT0: 2779774
# COUNT1: 1
# COUNT2: lps
# elapsed: 10.004029
# pid: 3890615
# status: 0

# COUNT0: 2772285
# COUNT1: 1
# COUNT2: lps
# elapsed: 10.002965
# pid: 3890616
# status: 0

#### Pass 9


# COUNT0: 2759276
# COUNT1: 1
# COUNT2: lps
# elapsed: 10.004357
# pid: 3890629
# status: 0

# COUNT0: 2774332
# COUNT1: 1
# COUNT2: lps
# elapsed: 10.003636
# pid: 3890630
# status: 0

#### Pass 10


# COUNT0: 2818345
# COUNT1: 1
# COUNT2: lps
# elapsed: 10.005073
# pid: 3890643
# status: 0

# COUNT0: 2740147
# COUNT1: 1
# COUNT2: lps
# elapsed: 10.003782
# pid: 3890644
# status: 0

*Dump score:    5500632.0
*Dump score:    5509113.0
*Dump score:    5513191.0
Count score:    5533050.0
Count score:    5533608.0
Count score:    5542997.0
Count score:    5552059.0
Count score:    5558492.0
Count score:    5569077.0
Count score:    5594023.0

>>>> Sum of 2 copies
>>>> score: 555257.6233349
>>>> time: 10.003864
>>>> iterations: 7


########################################################
Process Creation -- 2 copies
==> "/mnt/host0/unixbench/UnixBench/pgms/spawn" 30 2>&1 >> "/mnt/host0/unixbench/UnixBench/results/uarf-2025-06-02-02.log"

#### Pass 1


# COUNT0: 520635
# COUNT1: 1
# COUNT2: lps
# elapsed: 30.004360
# pid: 3890658
# status: 0

# COUNT0: 521111
# COUNT1: 1
# COUNT2: lps
# elapsed: 30.004287
# pid: 3890659
# status: 0

#### Pass 2


# COUNT0: 536693
# COUNT1: 1
# COUNT2: lps
# elapsed: 30.004312
# pid: 738415
# status: 0

# COUNT0: 537764
# COUNT1: 1
# COUNT2: lps
# elapsed: 30.003210
# pid: 738416
# status: 0

#### Pass 3


# COUNT0: 542218
# COUNT1: 1
# COUNT2: lps
# elapsed: 30.004163
# pid: 1812889
# status: 0

# COUNT0: 519786
# COUNT1: 1
# COUNT2: lps
# elapsed: 30.003565
# pid: 1812890
# status: 0

*Dump score:    1041746.0
Count score:    1062004.0
Count score:    1074457.0

>>>> Sum of 2 copies
>>>> score: 35602.5539534847
>>>> time: 30.0038125
>>>> iterations: 2


########################################################
System Call Overhead -- 2 copies
==> "/mnt/host0/unixbench/UnixBench/pgms/syscall" 10 2>&1 >> "/mnt/host0/unixbench/UnixBench/results/uarf-2025-06-02-02.log"

#### Pass 1


# COUNT0: 6904593
# COUNT1: 1
# COUNT2: lps
# elapsed: 10.004583
# pid: 2874907
# status: 0

# COUNT0: 6880343
# COUNT1: 1
# COUNT2: lps
# elapsed: 10.003458
# pid: 2874908
# status: 0

#### Pass 2


# COUNT0: 6851154
# COUNT1: 1
# COUNT2: lps
# elapsed: 10.004010
# pid: 2874919
# status: 0

# COUNT0: 6768543
# COUNT1: 1
# COUNT2: lps
# elapsed: 10.002897
# pid: 2874920
# status: 0

#### Pass 3


# COUNT0: 6955793
# COUNT1: 1
# COUNT2: lps
# elapsed: 10.003933
# pid: 2874931
# status: 0

# COUNT0: 7054762
# COUNT1: 1
# COUNT2: lps
# elapsed: 10.002840
# pid: 2874932
# status: 0

#### Pass 4


# COUNT0: 6657302
# COUNT1: 1
# COUNT2: lps
# elapsed: 10.004681
# pid: 2874943
# status: 0

# COUNT0: 6646063
# COUNT1: 1
# COUNT2: lps
# elapsed: 10.003628
# pid: 2874944
# status: 0

#### Pass 5


# COUNT0: 6937200
# COUNT1: 1
# COUNT2: lps
# elapsed: 10.003758
# pid: 2874955
# status: 0

# COUNT0: 6904354
# COUNT1: 1
# COUNT2: lps
# elapsed: 10.002660
# pid: 2874956
# status: 0

#### Pass 6


# COUNT0: 6831999
# COUNT1: 1
# COUNT2: lps
# elapsed: 10.004520
# pid: 2874967
# status: 0

# COUNT0: 6813350
# COUNT1: 1
# COUNT2: lps
# elapsed: 10.002614
# pid: 2874968
# status: 0

#### Pass 7


# COUNT0: 7058315
# COUNT1: 1
# COUNT2: lps
# elapsed: 10.004134
# pid: 2874979
# status: 0

# COUNT0: 7069645
# COUNT1: 1
# COUNT2: lps
# elapsed: 10.004769
# pid: 2874980
# status: 0

#### Pass 8


# COUNT0: 6924338
# COUNT1: 1
# COUNT2: lps
# elapsed: 10.003668
# pid: 2874991
# status: 0

# COUNT0: 6882880
# COUNT1: 1
# COUNT2: lps
# elapsed: 10.002579
# pid: 2874992
# status: 0

#### Pass 9


# COUNT0: 6762102
# COUNT1: 1
# COUNT2: lps
# elapsed: 10.003613
# pid: 2875003
# status: 0

# COUNT0: 6757950
# COUNT1: 1
# COUNT2: lps
# elapsed: 10.002566
# pid: 2875004
# status: 0

#### Pass 10


# COUNT0: 6929672
# COUNT1: 1
# COUNT2: lps
# elapsed: 10.003983
# pid: 2875015
# status: 0

# COUNT0: 6914300
# COUNT1: 1
# COUNT2: lps
# elapsed: 10.002939
# pid: 2875016
# status: 0

*Dump score:   13303365.0
*Dump score:   13520052.0
*Dump score:   13619697.0
Count score:   13645349.0
Count score:   13784936.0
Count score:   13807218.0
Count score:   13841554.0
Count score:   13843972.0
Count score:   14010555.0
Count score:   14127960.0

>>>> Sum of 2 copies
>>>> score: 1386017.45445673
>>>> time: 10.0036027142857
>>>> iterations: 7


########################################################
Shell Scripts (1 concurrent) -- 2 copies
==> "/mnt/host0/unixbench/UnixBench/pgms/looper" 60 "/mnt/host0/unixbench/UnixBench/pgms/multi.sh" 1 2>&1 >> "/mnt/host0/unixbench/UnixBench/results/uarf-2025-06-02-02.log"

#### Pass 1


# COUNT0: 5355
# COUNT1: 60
# COUNT2: lpm
# elapsed: 60.011589
# pid: 2875027
# status: 0

# COUNT0: 5360
# COUNT1: 60
# COUNT2: lpm
# elapsed: 60.004097
# pid: 2875028
# status: 0

#### Pass 2


# COUNT0: 5365
# COUNT1: 60
# COUNT2: lpm
# elapsed: 60.010849
# pid: 2971492
# status: 0

# COUNT0: 5360
# COUNT1: 60
# COUNT2: lpm
# elapsed: 60.008679
# pid: 2971493
# status: 0

#### Pass 3


# COUNT0: 5368
# COUNT1: 60
# COUNT2: lpm
# elapsed: 60.007303
# pid: 3068048
# status: 0

# COUNT0: 5366
# COUNT1: 60
# COUNT2: lpm
# elapsed: 60.007157
# pid: 3068049
# status: 0

*Dump score:      10715.0
Count score:      10725.0
Count score:      10734.0

>>>> Sum of 2 copies
>>>> score: 10727.9797979924
>>>> time: 60.008497
>>>> iterations: 2


########################################################
Shell Scripts (8 concurrent) -- 2 copies
==> "/mnt/host0/unixbench/UnixBench/pgms/looper" 60 "/mnt/host0/unixbench/UnixBench/pgms/multi.sh" 8 2>&1 >> "/mnt/host0/unixbench/UnixBench/results/uarf-2025-06-02-02.log"

#### Pass 1


# COUNT0: 865
# COUNT1: 60
# COUNT2: lpm
# elapsed: 60.053873
# pid: 3164684
# status: 0

# COUNT0: 866
# COUNT1: 60
# COUNT2: lpm
# elapsed: 60.053905
# pid: 3164685
# status: 0

#### Pass 2


# COUNT0: 865
# COUNT1: 60
# COUNT2: lpm
# elapsed: 60.060616
# pid: 3277341
# status: 0

# COUNT0: 864
# COUNT1: 60
# COUNT2: lpm
# elapsed: 60.060868
# pid: 3277342
# status: 0

#### Pass 3


# COUNT0: 863
# COUNT1: 60
# COUNT2: lpm
# elapsed: 60.024658
# pid: 3389868
# status: 0

# COUNT0: 863
# COUNT1: 60
# COUNT2: lpm
# elapsed: 60.024642
# pid: 3389869
# status: 0

*Dump score:       1726.0
Count score:       1729.0
Count score:       1731.0

>>>> Sum of 2 copies
>>>> score: 1728.34869430519
>>>> time: 60.0573155
>>>> iterations: 2

