
########################################################
Dhrystone 2 using register variables -- 1 copy
==> "/mnt/host0/unixbench/UnixBench/pgms/dhry2reg" 10 2>&1 >> "/mnt/host0/unixbench/UnixBench/results/uarf-2025-06-02-03.log"

#### Pass 1


# COUNT0: 819974439
# COUNT1: 1
# COUNT2: lps
# elapsed: 10.003408
# pid: 3502397
# status: 0

#### Pass 2


# COUNT0: 821857225
# COUNT1: 1
# COUNT2: lps
# elapsed: 10.003287
# pid: 3502407
# status: 0

#### Pass 3


# COUNT0: 819970331
# COUNT1: 1
# COUNT2: lps
# elapsed: 10.002744
# pid: 3502416
# status: 0

#### Pass 4


# COUNT0: 841232327
# COUNT1: 1
# COUNT2: lps
# elapsed: 10.003802
# pid: 3502425
# status: 0

#### Pass 5


# COUNT0: 819373100
# COUNT1: 1
# COUNT2: lps
# elapsed: 10.003568
# pid: 3502434
# status: 0

#### Pass 6


# COUNT0: 818760280
# COUNT1: 1
# COUNT2: lps
# elapsed: 10.003837
# pid: 3502443
# status: 0

#### Pass 7


# COUNT0: 819254326
# COUNT1: 1
# COUNT2: lps
# elapsed: 10.003577
# pid: 3502452
# status: 0

#### Pass 8


# COUNT0: 842973306
# COUNT1: 1
# COUNT2: lps
# elapsed: 10.002709
# pid: 3502461
# status: 0

#### Pass 9


# COUNT0: 817823128
# COUNT1: 1
# COUNT2: lps
# elapsed: 10.003156
# pid: 3502470
# status: 0

#### Pass 10


# COUNT0: 842291835
# COUNT1: 1
# COUNT2: lps
# elapsed: 10.003244
# pid: 3502479
# status: 0

*Dump score:  817823128.0
*Dump score:  818760280.0
*Dump score:  819254326.0
Count score:  819373100.0
Count score:  819970331.0
Count score:  819974439.0
Count score:  821857225.0
Count score:  841232327.0
Count score:  842291835.0
Count score:  842973306.0

>>>> Results of 1 copy
>>>> score: 82932696.9293451
>>>> time: 10.0032517142857
>>>> iterations: 7


########################################################
Double-Precision Whetstone -- 1 copy
==> "/mnt/host0/unixbench/UnixBench/pgms/whetstone-double"  2>&1 >> "/mnt/host0/unixbench/UnixBench/results/uarf-2025-06-02-03.log"

#### Pass 1

Calibrate
       0.00 Seconds          1   Passes (x 100)
       0.00 Seconds          5   Passes (x 100)
       0.02 Seconds         25   Passes (x 100)
       0.11 Seconds        125   Passes (x 100)
       0.52 Seconds        625   Passes (x 100)

Use 12027  passes (x 100)

          Double Precision C/C++ Whetstone Benchmark

Loop content                  Result              MFLOPS      MOPS   Seconds

N1 floating point     -1.12398255667392033      2657.598              0.087
N2 floating point     -1.12187079889294417      2969.875              0.544
N3 if then else        1.00000000000000000               16035.155    0.078
N4 fixed point        12.00000000000000000               38879340658.687    0.000
N5 sin,cos etc.        0.49902937281518261                 355.458    2.815
N6 floating point      0.99999987890802811      1537.039              4.221
N7 assignments         3.00000000000000000                8071.664    0.275
N8 exp,sqrt etc.       0.75100163018453958                 241.041    1.856

MWIPS                                          12177.931              9.876


# COUNT0: 12177.931
# COUNT1: 0
# COUNT2: MWIPS
# TIME: 9.876
# elapsed: 11.363799
# pid: 3502488
# status: 0

#### Pass 2

Calibrate
       0.00 Seconds          1   Passes (x 100)
       0.00 Seconds          5   Passes (x 100)
       0.02 Seconds         25   Passes (x 100)
       0.11 Seconds        125   Passes (x 100)
       0.52 Seconds        625   Passes (x 100)

Use 12028  passes (x 100)

          Double Precision C/C++ Whetstone Benchmark

Loop content                  Result              MFLOPS      MOPS   Seconds

N1 floating point     -1.12398255667392033      2658.841              0.087
N2 floating point     -1.12187079889294417      2970.827              0.544
N3 if then else        1.00000000000000000               16040.655    0.078
N4 fixed point        12.00000000000000000               50829908969.470    0.000
N5 sin,cos etc.        0.49902937281518261                 355.471    2.815
N6 floating point      0.99999987890802811      1537.511              4.220
N7 assignments         3.00000000000000000                8067.330    0.276
N8 exp,sqrt etc.       0.75100163018453958                 241.034    1.856

MWIPS                                          12179.706              9.875


# COUNT0: 12179.706
# COUNT1: 0
# COUNT2: MWIPS
# TIME: 9.875
# elapsed: 11.362322
# pid: 3502497
# status: 0

#### Pass 3

Calibrate
       0.00 Seconds          1   Passes (x 100)
       0.00 Seconds          5   Passes (x 100)
       0.02 Seconds         25   Passes (x 100)
       0.11 Seconds        125   Passes (x 100)
       0.52 Seconds        625   Passes (x 100)

Use 12027  passes (x 100)

          Double Precision C/C++ Whetstone Benchmark

Loop content                  Result              MFLOPS      MOPS   Seconds

N1 floating point     -1.12398255667392033      2659.563              0.087
N2 floating point     -1.12187079889294417      2968.970              0.544
N3 if then else        1.00000000000000000               16035.381    0.078
N4 fixed point        12.00000000000000000                   0.000   -0.000
N5 sin,cos etc.        0.49902937281518261                 355.507    2.815
N6 floating point      0.99999987890802811      1537.647              4.219
N7 assignments         3.00000000000000000                8073.484    0.275
N8 exp,sqrt etc.       0.75100163018453958                 241.021    1.856

MWIPS                                          12180.229              9.874


# COUNT0: 12180.229
# COUNT1: 0
# COUNT2: MWIPS
# TIME: 9.874
# elapsed: 11.361175
# pid: 3502506
# status: 0

#### Pass 4

Calibrate
       0.00 Seconds          1   Passes (x 100)
       0.00 Seconds          5   Passes (x 100)
       0.02 Seconds         25   Passes (x 100)
       0.11 Seconds        125   Passes (x 100)
       0.52 Seconds        625   Passes (x 100)

Use 12026  passes (x 100)

          Double Precision C/C++ Whetstone Benchmark

Loop content                  Result              MFLOPS      MOPS   Seconds

N1 floating point     -1.12398255667392033      2658.533              0.087
N2 floating point     -1.12187079889294417      2963.308              0.545
N3 if then else        1.00000000000000000               16043.560    0.078
N4 fixed point        12.00000000000000000               33768065380.322    0.000
N5 sin,cos etc.        0.49902937281518261                 355.494    2.815
N6 floating point      0.99999987890802811      1537.711              4.218
N7 assignments         3.00000000000000000                8074.340    0.275
N8 exp,sqrt etc.       0.75100163018453958                 241.049    1.856

MWIPS                                          12179.348              9.874


# COUNT0: 12179.348
# COUNT1: 0
# COUNT2: MWIPS
# TIME: 9.874
# elapsed: 11.361931
# pid: 3502515
# status: 0

#### Pass 5

Calibrate
       0.00 Seconds          1   Passes (x 100)
       0.00 Seconds          5   Passes (x 100)
       0.02 Seconds         25   Passes (x 100)
       0.11 Seconds        125   Passes (x 100)
       0.52 Seconds        625   Passes (x 100)

Use 12026  passes (x 100)

          Double Precision C/C++ Whetstone Benchmark

Loop content                  Result              MFLOPS      MOPS   Seconds

N1 floating point     -1.12398255667392033      2660.521              0.087
N2 floating point     -1.12187079889294417      2968.853              0.544
N3 if then else        1.00000000000000000               16021.657    0.078
N4 fixed point        12.00000000000000000                   0.000   -0.000
N5 sin,cos etc.        0.49902937281518261                 355.469    2.815
N6 floating point      0.99999987890802811      1537.312              4.220
N7 assignments         3.00000000000000000                8073.782    0.275
N8 exp,sqrt etc.       0.75100163018453958                 241.028    1.856

MWIPS                                          12178.729              9.875


# COUNT0: 12178.729
# COUNT1: 0
# COUNT2: MWIPS
# TIME: 9.875
# elapsed: 11.361868
# pid: 3502524
# status: 0

#### Pass 6

Calibrate
       0.00 Seconds          1   Passes (x 100)
       0.00 Seconds          5   Passes (x 100)
       0.02 Seconds         25   Passes (x 100)
       0.11 Seconds        125   Passes (x 100)
       0.52 Seconds        625   Passes (x 100)

Use 12025  passes (x 100)

          Double Precision C/C++ Whetstone Benchmark

Loop content                  Result              MFLOPS      MOPS   Seconds

N1 floating point     -1.12398255667392033      2659.356              0.087
N2 floating point     -1.12187079889294417      2967.603              0.545
N3 if then else        1.00000000000000000               16036.629    0.078
N4 fixed point        12.00000000000000000               2103747230623.887    0.000
N5 sin,cos etc.        0.49902937281518261                 355.386    2.815
N6 floating point      0.99999987890802811      1537.421              4.219
N7 assignments         3.00000000000000000                8073.990    0.275
N8 exp,sqrt etc.       0.75100163018453958                 240.971    1.856

MWIPS                                          12177.515              9.875


# COUNT0: 12177.515
# COUNT1: 0
# COUNT2: MWIPS
# TIME: 9.875
# elapsed: 11.361395
# pid: 3502533
# status: 0

#### Pass 7

Calibrate
       0.00 Seconds          1   Passes (x 100)
       0.00 Seconds          5   Passes (x 100)
       0.02 Seconds         25   Passes (x 100)
       0.11 Seconds        125   Passes (x 100)
       0.52 Seconds        625   Passes (x 100)

Use 12025  passes (x 100)

          Double Precision C/C++ Whetstone Benchmark

Loop content                  Result              MFLOPS      MOPS   Seconds

N1 floating point     -1.12398255667392033      2657.128              0.087
N2 floating point     -1.12187079889294417      2968.453              0.544
N3 if then else        1.00000000000000000               16043.068    0.078
N4 fixed point        12.00000000000000000               84121375985.241    0.000
N5 sin,cos etc.        0.49902937281518261                 355.433    2.815
N6 floating point      0.99999987890802811      1537.465              4.219
N7 assignments         3.00000000000000000                8074.136    0.275
N8 exp,sqrt etc.       0.75100163018453958                 241.005    1.856

MWIPS                                          12178.592              9.874


# COUNT0: 12178.592
# COUNT1: 0
# COUNT2: MWIPS
# TIME: 9.874
# elapsed: 11.361641
# pid: 3502542
# status: 0

#### Pass 8

Calibrate
       0.00 Seconds          1   Passes (x 100)
       0.00 Seconds          5   Passes (x 100)
       0.02 Seconds         25   Passes (x 100)
       0.11 Seconds        125   Passes (x 100)
       0.52 Seconds        625   Passes (x 100)

Use 12011  passes (x 100)

          Double Precision C/C++ Whetstone Benchmark

Loop content                  Result              MFLOPS      MOPS   Seconds

N1 floating point     -1.12398255667392033      2658.152              0.087
N2 floating point     -1.12187079889294417      2968.040              0.544
N3 if then else        1.00000000000000000               16042.153    0.077
N4 fixed point        12.00000000000000000                   0.000   -0.000
N5 sin,cos etc.        0.49902937281518261                 355.320    2.812
N6 floating point      0.99999987890802811      1537.709              4.213
N7 assignments         3.00000000000000000                8074.182    0.275
N8 exp,sqrt etc.       0.75100163018453958                 241.009    1.854

MWIPS                                          12178.294              9.863


# COUNT0: 12178.294
# COUNT1: 0
# COUNT2: MWIPS
# TIME: 9.863
# elapsed: 11.349491
# pid: 3502551
# status: 0

#### Pass 9

Calibrate
       0.00 Seconds          1   Passes (x 100)
       0.00 Seconds          5   Passes (x 100)
       0.02 Seconds         25   Passes (x 100)
       0.11 Seconds        125   Passes (x 100)
       0.52 Seconds        625   Passes (x 100)

Use 12026  passes (x 100)

          Double Precision C/C++ Whetstone Benchmark

Loop content                  Result              MFLOPS      MOPS   Seconds

N1 floating point     -1.12398255667392033      2657.839              0.087
N2 floating point     -1.12187079889294417      2969.726              0.544
N3 if then else        1.00000000000000000               16026.829    0.078
N4 fixed point        12.00000000000000000                   0.000   -0.000
N5 sin,cos etc.        0.49902937281518261                 355.444    2.815
N6 floating point      0.99999987890802811      1537.664              4.219
N7 assignments         3.00000000000000000                8073.694    0.275
N8 exp,sqrt etc.       0.75100163018453958                 240.925    1.857

MWIPS                                          12178.819              9.875


# COUNT0: 12178.819
# COUNT1: 0
# COUNT2: MWIPS
# TIME: 9.875
# elapsed: 11.362097
# pid: 3502560
# status: 0

#### Pass 10

Calibrate
       0.00 Seconds          1   Passes (x 100)
       0.00 Seconds          5   Passes (x 100)
       0.02 Seconds         25   Passes (x 100)
       0.11 Seconds        125   Passes (x 100)
       0.52 Seconds        625   Passes (x 100)

Use 12024  passes (x 100)

          Double Precision C/C++ Whetstone Benchmark

Loop content                  Result              MFLOPS      MOPS   Seconds

N1 floating point     -1.12398255667392033      2658.382              0.087
N2 floating point     -1.12187079889294417      2970.548              0.544
N3 if then else        1.00000000000000000               16042.345    0.078
N4 fixed point        12.00000000000000000                   0.000   -0.000
N5 sin,cos etc.        0.49902937281518261                 355.345    2.815
N6 floating point      0.99999987890802811      1537.330              4.219
N7 assignments         3.00000000000000000                8072.349    0.275
N8 exp,sqrt etc.       0.75100163018453958                 241.011    1.856

MWIPS                                          12177.775              9.874


# COUNT0: 12177.775
# COUNT1: 0
# COUNT2: MWIPS
# TIME: 9.874
# elapsed: 11.361524
# pid: 3502569
# status: 0

*Dump score:      12177.5
*Dump score:      12177.8
*Dump score:      12177.9
Count score:      12178.3
Count score:      12178.6
Count score:      12178.7
Count score:      12178.8
Count score:      12179.3
Count score:      12179.7
Count score:      12180.2

>>>> Results of 1 copy
>>>> score: 12179.1024119881
>>>> time: 9.87285714285714
>>>> iterations: 7


########################################################
Execl Throughput -- 1 copy
==> "/mnt/host0/unixbench/UnixBench/pgms/execl" 30 2>&1 >> "/mnt/host0/unixbench/UnixBench/results/uarf-2025-06-02-03.log"

#### Pass 1


# COUNT0: 87237
# COUNT1: 1
# COUNT2: lps
# elapsed: 29.413459
# pid: 3502579
# status: 0

#### Pass 2


# COUNT0: 88795
# COUNT1: 1
# COUNT2: lps
# elapsed: 29.989181
# pid: 3502588
# status: 0

#### Pass 3


# COUNT0: 88859
# COUNT1: 1
# COUNT2: lps
# elapsed: 29.988790
# pid: 3502598
# status: 0

*Dump score:      87237.0
Count score:      88795.0
Count score:      88859.0

>>>> Results of 1 copy
>>>> score: 2961.98730156691
>>>> time: 29.9889855
>>>> iterations: 2


########################################################
File Copy 1024 bufsize 2000 maxblocks -- 1 copy
==> "/mnt/host0/unixbench/UnixBench/pgms/fstime" -c -t 30 -d "/mnt/host0/unixbench/UnixBench/tmp" -b 1024 -m 2000 2>&1 >> "/mnt/host0/unixbench/UnixBench/results/uarf-2025-06-02-03.log"

#### Pass 1

Write done: 408000 in 2.0086, score 50780
Read done: 409040 in 2.0000, score 51129
Copy done: 3179324 in 30.0000, score 26494

# COUNT0: 26494
# COUNT1: 0
# COUNT2: KBps
# TIME: 30.0
# elapsed: 45.017694
# pid: 3502607
# status: 0

#### Pass 2

Write done: 408000 in 2.0092, score 50767
Read done: 403176 in 2.0000, score 50396
Copy done: 3125952 in 30.0000, score 26049

# COUNT0: 26049
# COUNT1: 0
# COUNT2: KBps
# TIME: 30.0
# elapsed: 45.017418
# pid: 3502616
# status: 0

#### Pass 3

Write done: 424000 in 2.0169, score 52555
Read done: 429584 in 2.0000, score 53697
Copy done: 3167496 in 30.0000, score 26395

# COUNT0: 26395
# COUNT1: 0
# COUNT2: KBps
# TIME: 30.0
# elapsed: 45.027062
# pid: 3502625
# status: 0

*Dump score:      26049.0
Count score:      26395.0
Count score:      26494.0

>>>> Results of 1 copy
>>>> score: 26444.4536718004
>>>> time: 30
>>>> iterations: 2


########################################################
File Copy 256 bufsize 500 maxblocks -- 1 copy
==> "/mnt/host0/unixbench/UnixBench/pgms/fstime" -c -t 30 -d "/mnt/host0/unixbench/UnixBench/tmp" -b 256 -m 500 2>&1 >> "/mnt/host0/unixbench/UnixBench/results/uarf-2025-06-02-03.log"

#### Pass 1

Write done: 102000 in 2.0181, score 12635
Read done: 103273 in 2.0000, score 12908
Copy done: 783442 in 30.0000, score 6528

# COUNT0: 6528
# COUNT1: 0
# COUNT2: KBps
# TIME: 30.0
# elapsed: 45.026807
# pid: 3502634
# status: 0

#### Pass 2

Write done: 102000 in 2.0010, score 12743
Read done: 104204 in 2.0000, score 13025
Copy done: 771900 in 30.0000, score 6432

# COUNT0: 6432
# COUNT1: 0
# COUNT2: KBps
# TIME: 30.0
# elapsed: 45.008918
# pid: 3502643
# status: 0

#### Pass 3

Write done: 104000 in 2.0360, score 12770
Read done: 106619 in 2.0000, score 13327
Copy done: 790919 in 30.0000, score 6590

# COUNT0: 6590
# COUNT1: 0
# COUNT2: KBps
# TIME: 30.0
# elapsed: 45.044578
# pid: 3502652
# status: 0

*Dump score:       6432.0
Count score:       6528.0
Count score:       6590.0

>>>> Results of 1 copy
>>>> score: 6558.92674147226
>>>> time: 30
>>>> iterations: 2


########################################################
File Copy 4096 bufsize 8000 maxblocks -- 1 copy
==> "/mnt/host0/unixbench/UnixBench/pgms/fstime" -c -t 30 -d "/mnt/host0/unixbench/UnixBench/tmp" -b 4096 -m 8000 2>&1 >> "/mnt/host0/unixbench/UnixBench/results/uarf-2025-06-02-03.log"

#### Pass 1

Write done: 1600000 in 2.0074, score 199267
Read done: 1674448 in 2.0000, score 209303
Copy done: 12525696 in 30.0000, score 104380

# COUNT0: 104380
# COUNT1: 0
# COUNT2: KBps
# TIME: 30.0
# elapsed: 45.017287
# pid: 3502661
# status: 0

#### Pass 2

Write done: 1632000 in 2.0150, score 202486
Read done: 1625856 in 2.0000, score 203229
Copy done: 12916432 in 30.0000, score 107636

# COUNT0: 107636
# COUNT1: 0
# COUNT2: KBps
# TIME: 30.0
# elapsed: 45.024728
# pid: 3502671
# status: 0

#### Pass 3

Write done: 1760000 in 2.0261, score 217167
Read done: 1652688 in 2.0000, score 206583
Copy done: 12682176 in 30.0000, score 105684

# COUNT0: 105684
# COUNT1: 0
# COUNT2: KBps
# TIME: 30.0
# elapsed: 45.035165
# pid: 3502680
# status: 0

*Dump score:     104380.0
Count score:     105684.0
Count score:     107636.0

>>>> Results of 1 copy
>>>> score: 106655.534427427
>>>> time: 30
>>>> iterations: 2


########################################################
Pipe Throughput -- 1 copy
==> "/mnt/host0/unixbench/UnixBench/pgms/pipe" 10 2>&1 >> "/mnt/host0/unixbench/UnixBench/results/uarf-2025-06-02-03.log"

#### Pass 1


# COUNT0: 12908165
# COUNT1: 1
# COUNT2: lps
# elapsed: 10.004592
# pid: 3502689
# status: 0

#### Pass 2


# COUNT0: 12915927
# COUNT1: 1
# COUNT2: lps
# elapsed: 10.003880
# pid: 3502698
# status: 0

#### Pass 3


# COUNT0: 12932006
# COUNT1: 1
# COUNT2: lps
# elapsed: 10.003427
# pid: 3502707
# status: 0

#### Pass 4


# COUNT0: 12808174
# COUNT1: 1
# COUNT2: lps
# elapsed: 10.004050
# pid: 3502716
# status: 0

#### Pass 5


# COUNT0: 12665356
# COUNT1: 1
# COUNT2: lps
# elapsed: 10.004366
# pid: 3502725
# status: 0

#### Pass 6


# COUNT0: 12667353
# COUNT1: 1
# COUNT2: lps
# elapsed: 10.003274
# pid: 3502734
# status: 0

#### Pass 7


# COUNT0: 12744781
# COUNT1: 1
# COUNT2: lps
# elapsed: 10.003017
# pid: 3502743
# status: 0

#### Pass 8


# COUNT0: 12739653
# COUNT1: 1
# COUNT2: lps
# elapsed: 10.002788
# pid: 3502752
# status: 0

#### Pass 9


# COUNT0: 12683055
# COUNT1: 1
# COUNT2: lps
# elapsed: 10.003293
# pid: 3502761
# status: 0

#### Pass 10


# COUNT0: 12851099
# COUNT1: 1
# COUNT2: lps
# elapsed: 10.004299
# pid: 3502770
# status: 0

*Dump score:   12665356.0
*Dump score:   12667353.0
*Dump score:   12683055.0
Count score:   12739653.0
Count score:   12744781.0
Count score:   12808174.0
Count score:   12851099.0
Count score:   12908165.0
Count score:   12915927.0
Count score:   12932006.0

>>>> Results of 1 copy
>>>> score: 1283783.36216614
>>>> time: 10.0037218571429
>>>> iterations: 7


########################################################
Pipe-based Context Switching -- 1 copy
==> "/mnt/host0/unixbench/UnixBench/pgms/context1" 10 2>&1 >> "/mnt/host0/unixbench/UnixBench/results/uarf-2025-06-02-03.log"

#### Pass 1


# COUNT0: 1044760
# COUNT1: 1
# COUNT2: lps
# elapsed: 10.003652
# pid: 3502779
# status: 0

#### Pass 2


# COUNT0: 1021143
# COUNT1: 1
# COUNT2: lps
# elapsed: 10.003095
# pid: 3502792
# status: 0

#### Pass 3


# COUNT0: 1007054
# COUNT1: 1
# COUNT2: lps
# elapsed: 10.003972
# pid: 3502802
# status: 0

#### Pass 4


# COUNT0: 1020280
# COUNT1: 1
# COUNT2: lps
# elapsed: 10.003580
# pid: 3502812
# status: 0

#### Pass 5


# COUNT0: 1010876
# COUNT1: 1
# COUNT2: lps
# elapsed: 10.003814
# pid: 3502822
# status: 0

#### Pass 6


# COUNT0: 1027049
# COUNT1: 1
# COUNT2: lps
# elapsed: 10.003303
# pid: 3502833
# status: 0

#### Pass 7


# COUNT0: 1016852
# COUNT1: 1
# COUNT2: lps
# elapsed: 10.003887
# pid: 3502843
# status: 0

#### Pass 8


# COUNT0: 1044491
# COUNT1: 1
# COUNT2: lps
# elapsed: 10.002892
# pid: 3502853
# status: 0

#### Pass 9


# COUNT0: 1021294
# COUNT1: 1
# COUNT2: lps
# elapsed: 10.002731
# pid: 3502863
# status: 0

#### Pass 10


# COUNT0: 1030944
# COUNT1: 1
# COUNT2: lps
# elapsed: 10.003662
# pid: 3502873
# status: 0

*Dump score:    1007054.0
*Dump score:    1010876.0
*Dump score:    1016852.0
Count score:    1020280.0
Count score:    1021143.0
Count score:    1021294.0
Count score:    1027049.0
Count score:    1030944.0
Count score:    1044491.0
Count score:    1044760.0

>>>> Results of 1 copy
>>>> score: 102960.997022603
>>>> time: 10.0032735714286
>>>> iterations: 7


########################################################
Process Creation -- 1 copy
==> "/mnt/host0/unixbench/UnixBench/pgms/spawn" 30 2>&1 >> "/mnt/host0/unixbench/UnixBench/results/uarf-2025-06-02-03.log"

#### Pass 1


# COUNT0: 550171
# COUNT1: 1
# COUNT2: lps
# elapsed: 30.004353
# pid: 3502883
# status: 0

#### Pass 2


# COUNT0: 531428
# COUNT1: 1
# COUNT2: lps
# elapsed: 30.004356
# pid: 4053064
# status: 0

#### Pass 3


# COUNT0: 517215
# COUNT1: 1
# COUNT2: lps
# elapsed: 30.003070
# pid: 390499
# status: 0

*Dump score:     517215.0
Count score:     531428.0
Count score:     550171.0

>>>> Results of 1 copy
>>>> score: 18021.3273599131
>>>> time: 30.0043545
>>>> iterations: 2


########################################################
System Call Overhead -- 1 copy
==> "/mnt/host0/unixbench/UnixBench/pgms/syscall" 10 2>&1 >> "/mnt/host0/unixbench/UnixBench/results/uarf-2025-06-02-03.log"

#### Pass 1


# COUNT0: 8176258
# COUNT1: 1
# COUNT2: lps
# elapsed: 10.003003
# pid: 907724
# status: 0

#### Pass 2


# COUNT0: 8224164
# COUNT1: 1
# COUNT2: lps
# elapsed: 10.003870
# pid: 907733
# status: 0

#### Pass 3


# COUNT0: 8268962
# COUNT1: 1
# COUNT2: lps
# elapsed: 10.004185
# pid: 907742
# status: 0

#### Pass 4


# COUNT0: 8122563
# COUNT1: 1
# COUNT2: lps
# elapsed: 10.004261
# pid: 907751
# status: 0

#### Pass 5


# COUNT0: 8046830
# COUNT1: 1
# COUNT2: lps
# elapsed: 10.003936
# pid: 907760
# status: 0

#### Pass 6


# COUNT0: 8326527
# COUNT1: 1
# COUNT2: lps
# elapsed: 10.003880
# pid: 907769
# status: 0

#### Pass 7


# COUNT0: 8495511
# COUNT1: 1
# COUNT2: lps
# elapsed: 10.004132
# pid: 907779
# status: 0

#### Pass 8


# COUNT0: 8396631
# COUNT1: 1
# COUNT2: lps
# elapsed: 10.004083
# pid: 907788
# status: 0

#### Pass 9


# COUNT0: 8046753
# COUNT1: 1
# COUNT2: lps
# elapsed: 10.003964
# pid: 907797
# status: 0

#### Pass 10


# COUNT0: 8493409
# COUNT1: 1
# COUNT2: lps
# elapsed: 10.004439
# pid: 907806
# status: 0

*Dump score:    8046753.0
*Dump score:    8046830.0
*Dump score:    8122563.0
Count score:    8176258.0
Count score:    8224164.0
Count score:    8268962.0
Count score:    8326527.0
Count score:    8396631.0
Count score:    8493409.0
Count score:    8495511.0

>>>> Results of 1 copy
>>>> score: 833609.828762309
>>>> time: 10.0039417142857
>>>> iterations: 7


########################################################
Shell Scripts (1 concurrent) -- 1 copy
==> "/mnt/host0/unixbench/UnixBench/pgms/looper" 60 "/mnt/host0/unixbench/UnixBench/pgms/multi.sh" 1 2>&1 >> "/mnt/host0/unixbench/UnixBench/results/uarf-2025-06-02-03.log"

#### Pass 1


# COUNT0: 8634
# COUNT1: 60
# COUNT2: lpm
# elapsed: 60.008794
# pid: 907815
# status: 0

#### Pass 2


# COUNT0: 8632
# COUNT1: 60
# COUNT2: lpm
# elapsed: 60.007265
# pid: 985540
# status: 0

#### Pass 3


# COUNT0: 8632
# COUNT1: 60
# COUNT2: lpm
# elapsed: 60.007811
# pid: 1063246
# status: 0

*Dump score:       8632.0
Count score:       8632.0
Count score:       8634.0

>>>> Results of 1 copy
>>>> score: 8631.80551628396
>>>> time: 60.0083025
>>>> iterations: 2


########################################################
Shell Scripts (8 concurrent) -- 1 copy
==> "/mnt/host0/unixbench/UnixBench/pgms/looper" 60 "/mnt/host0/unixbench/UnixBench/pgms/multi.sh" 8 2>&1 >> "/mnt/host0/unixbench/UnixBench/results/uarf-2025-06-02-03.log"

#### Pass 1


# COUNT0: 1687
# COUNT1: 60
# COUNT2: lpm
# elapsed: 60.016101
# pid: 1140952
# status: 0

#### Pass 2


# COUNT0: 1688
# COUNT1: 60
# COUNT2: lpm
# elapsed: 60.024384
# pid: 1250681
# status: 0

#### Pass 3


# COUNT0: 1689
# COUNT1: 60
# COUNT2: lpm
# elapsed: 60.030460
# pid: 1360475
# status: 0

*Dump score:       1687.0
Count score:       1688.0
Count score:       1689.0

>>>> Results of 1 copy
>>>> score: 1687.72857991361
>>>> time: 60.027422
>>>> iterations: 2


########################################################
Dhrystone 2 using register variables -- 2 copies
==> "/mnt/host0/unixbench/UnixBench/pgms/dhry2reg" 10 2>&1 >> "/mnt/host0/unixbench/UnixBench/results/uarf-2025-06-02-03.log"

#### Pass 1


# COUNT0: 617993001
# COUNT1: 1
# COUNT2: lps
# elapsed: 10.003616
# pid: 1470335
# status: 0

# COUNT0: 618263912
# COUNT1: 1
# COUNT2: lps
# elapsed: 10.002554
# pid: 1470336
# status: 0

#### Pass 2


# COUNT0: 600522219
# COUNT1: 1
# COUNT2: lps
# elapsed: 10.003509
# pid: 1470347
# status: 0

# COUNT0: 602170629
# COUNT1: 1
# COUNT2: lps
# elapsed: 10.002358
# pid: 1470348
# status: 0

#### Pass 3


# COUNT0: 622459207
# COUNT1: 1
# COUNT2: lps
# elapsed: 10.004255
# pid: 1470359
# status: 0

# COUNT0: 622234006
# COUNT1: 1
# COUNT2: lps
# elapsed: 10.003174
# pid: 1470360
# status: 0

#### Pass 4


# COUNT0: 621133112
# COUNT1: 1
# COUNT2: lps
# elapsed: 10.004393
# pid: 1470371
# status: 0

# COUNT0: 621024987
# COUNT1: 1
# COUNT2: lps
# elapsed: 10.003210
# pid: 1470372
# status: 0

#### Pass 5


# COUNT0: 626888995
# COUNT1: 1
# COUNT2: lps
# elapsed: 10.003558
# pid: 1470383
# status: 0

# COUNT0: 626527494
# COUNT1: 1
# COUNT2: lps
# elapsed: 10.002520
# pid: 1470384
# status: 0

#### Pass 6


# COUNT0: 629666819
# COUNT1: 1
# COUNT2: lps
# elapsed: 10.003604
# pid: 1470395
# status: 0

# COUNT0: 629644501
# COUNT1: 1
# COUNT2: lps
# elapsed: 10.002385
# pid: 1470396
# status: 0

#### Pass 7


# COUNT0: 620872787
# COUNT1: 1
# COUNT2: lps
# elapsed: 10.004517
# pid: 1470407
# status: 0

# COUNT0: 621389343
# COUNT1: 1
# COUNT2: lps
# elapsed: 10.003332
# pid: 1470408
# status: 0

#### Pass 8


# COUNT0: 628618268
# COUNT1: 1
# COUNT2: lps
# elapsed: 10.004276
# pid: 1470419
# status: 0

# COUNT0: 628733091
# COUNT1: 1
# COUNT2: lps
# elapsed: 10.003115
# pid: 1470420
# status: 0

#### Pass 9


# COUNT0: 611697639
# COUNT1: 1
# COUNT2: lps
# elapsed: 10.004251
# pid: 1470431
# status: 0

# COUNT0: 610087651
# COUNT1: 1
# COUNT2: lps
# elapsed: 10.003116
# pid: 1470432
# status: 0

#### Pass 10


# COUNT0: 601700104
# COUNT1: 1
# COUNT2: lps
# elapsed: 10.004616
# pid: 1470443
# status: 0

# COUNT0: 598641125
# COUNT1: 1
# COUNT2: lps
# elapsed: 10.003514
# pid: 1470444
# status: 0

*Dump score: 1200341229.0
*Dump score: 1202692848.0
*Dump score: 1221785290.0
Count score: 1236256913.0
Count score: 1242158099.0
Count score: 1242262130.0
Count score: 1244693213.0
Count score: 1253416489.0
Count score: 1257351359.0
Count score: 1259311320.0

>>>> Sum of 2 copies
>>>> score: 124746277.633704
>>>> time: 10.0034649285714
>>>> iterations: 7


########################################################
Double-Precision Whetstone -- 2 copies
==> "/mnt/host0/unixbench/UnixBench/pgms/whetstone-double"  2>&1 >> "/mnt/host0/unixbench/UnixBench/results/uarf-2025-06-02-03.log"

#### Pass 1

Calibrate
       0.00 Seconds          1   Passes (x 100)
       0.00 Seconds          5   Passes (x 100)
       0.02 Seconds         25   Passes (x 100)
       0.11 Seconds        125   Passes (x 100)
       0.56 Seconds        625   Passes (x 100)

Use 11190  passes (x 100)

          Double Precision C/C++ Whetstone Benchmark

Loop content                  Result              MFLOPS      MOPS   Seconds

N1 floating point     -1.12398255667392033      2638.373              0.081
N2 floating point     -1.12187079889294417      2904.068              0.518
N3 if then else        1.00000000000000000               10708.381    0.108
N4 fixed point        12.00000000000000000                   0.000   -0.000
N5 sin,cos etc.        0.49902937281518261                 295.753    3.148
N6 floating point      0.99999987890802811      1535.560              3.931
N7 assignments         3.00000000000000000                7947.397    0.260
N8 exp,sqrt etc.       0.75100163018453958                 225.501    1.846

MWIPS                                          11311.835              9.892

Calibrate
       0.00 Seconds          1   Passes (x 100)
       0.00 Seconds          5   Passes (x 100)
       0.02 Seconds         25   Passes (x 100)
       0.11 Seconds        125   Passes (x 100)
       0.56 Seconds        625   Passes (x 100)

Use 11188  passes (x 100)

          Double Precision C/C++ Whetstone Benchmark

Loop content                  Result              MFLOPS      MOPS   Seconds

N1 floating point     -1.12398255667392033      2638.345              0.081
N2 floating point     -1.12187079889294417      2901.774              0.518
N3 if then else        1.00000000000000000               10697.657    0.108
N4 fixed point        12.00000000000000000                   0.000   -0.000
N5 sin,cos etc.        0.49902937281518261                 295.697    3.148
N6 floating point      0.99999987890802811      1535.153              3.931
N7 assignments         3.00000000000000000                7946.734    0.260
N8 exp,sqrt etc.       0.75100163018453958                 225.478    1.846

MWIPS                                          11309.133              9.893


# COUNT0: 11311.835
# COUNT1: 0
# COUNT2: MWIPS
# TIME: 9.892
# elapsed: 11.380892
# pid: 1470455
# status: 0

# COUNT0: 11309.133
# COUNT1: 0
# COUNT2: MWIPS
# TIME: 9.893
# elapsed: 11.380512
# pid: 1470456
# status: 0

#### Pass 2

Calibrate
       0.00 Seconds          1   Passes (x 100)
       0.00 Seconds          5   Passes (x 100)
       0.02 Seconds         25   Passes (x 100)
       0.11 Seconds        125   Passes (x 100)
       0.56 Seconds        625   Passes (x 100)

Use 11187  passes (x 100)

          Double Precision C/C++ Whetstone Benchmark

Loop content                  Result              MFLOPS      MOPS   Seconds

N1 floating point     -1.12398255667392033      2637.445              0.081
N2 floating point     -1.12187079889294417      2901.637              0.518
N3 if then else        1.00000000000000000               10702.147    0.108
N4 fixed point        12.00000000000000000                   0.000   -0.000
N5 sin,cos etc.        0.49902937281518261                 295.471    3.150
N6 floating point      0.99999987890802811      1535.009              3.931
N7 assignments         3.00000000000000000                7962.278    0.260
N8 exp,sqrt etc.       0.75100163018453958                 225.504    1.845

MWIPS                                          11306.775              9.894

Calibrate
       0.00 Seconds          1   Passes (x 100)
       0.00 Seconds          5   Passes (x 100)
       0.02 Seconds         25   Passes (x 100)
       0.11 Seconds        125   Passes (x 100)
       0.56 Seconds        625   Passes (x 100)

Use 11186  passes (x 100)

          Double Precision C/C++ Whetstone Benchmark

Loop content                  Result              MFLOPS      MOPS   Seconds

N1 floating point     -1.12398255667392033      2637.453              0.081
N2 floating point     -1.12187079889294417      2903.540              0.518
N3 if then else        1.00000000000000000               10710.009    0.108
N4 fixed point        12.00000000000000000               60261478802.321    0.000
N5 sin,cos etc.        0.49902937281518261                 295.384    3.151
N6 floating point      0.99999987890802811      1534.424              3.932
N7 assignments         3.00000000000000000                7958.656    0.260
N8 exp,sqrt etc.       0.75100163018453958                 225.354    1.847

MWIPS                                          11302.942              9.897


# COUNT0: 11302.942
# COUNT1: 0
# COUNT2: MWIPS
# TIME: 9.897
# elapsed: 11.384827
# pid: 1470467
# status: 0

# COUNT0: 11306.775
# COUNT1: 0
# COUNT2: MWIPS
# TIME: 9.894
# elapsed: 11.382402
# pid: 1470468
# status: 0

#### Pass 3

Calibrate
       0.00 Seconds          1   Passes (x 100)
       0.00 Seconds          5   Passes (x 100)
       0.02 Seconds         25   Passes (x 100)
       0.11 Seconds        125   Passes (x 100)
       0.56 Seconds        625   Passes (x 100)

Use 11185  passes (x 100)

          Double Precision C/C++ Whetstone Benchmark

Loop content                  Result              MFLOPS      MOPS   Seconds

N1 floating point     -1.12398255667392033      2637.482              0.081
N2 floating point     -1.12187079889294417      2902.004              0.518
N3 if then else        1.00000000000000000               10695.877    0.108
N4 fixed point        12.00000000000000000                   0.000   -0.000
N5 sin,cos etc.        0.49902937281518261                 295.604    3.148
N6 floating point      0.99999987890802811      1535.152              3.930
N7 assignments         3.00000000000000000                7940.579    0.260
N8 exp,sqrt etc.       0.75100163018453958                 225.504    1.845

MWIPS                                          11308.011              9.891

Calibrate
       0.00 Seconds          1   Passes (x 100)
       0.00 Seconds          5   Passes (x 100)
       0.02 Seconds         25   Passes (x 100)
       0.11 Seconds        125   Passes (x 100)
       0.56 Seconds        625   Passes (x 100)

Use 11188  passes (x 100)

          Double Precision C/C++ Whetstone Benchmark

Loop content                  Result              MFLOPS      MOPS   Seconds

N1 floating point     -1.12398255667392033      2638.193              0.081
N2 floating point     -1.12187079889294417      2899.625              0.519
N3 if then else        1.00000000000000000               10715.090    0.108
N4 fixed point        12.00000000000000000                   0.000   -0.000
N5 sin,cos etc.        0.49902937281518261                 295.633    3.149
N6 floating point      0.99999987890802811      1535.341              3.931
N7 assignments         3.00000000000000000                7937.917    0.260
N8 exp,sqrt etc.       0.75100163018453958                 225.510    1.846

MWIPS                                          11308.632              9.893


# COUNT0: 11308.011
# COUNT1: 0
# COUNT2: MWIPS
# TIME: 9.891
# elapsed: 11.380128
# pid: 1470479
# status: 0

# COUNT0: 11308.632
# COUNT1: 0
# COUNT2: MWIPS
# TIME: 9.893
# elapsed: 11.379790
# pid: 1470480
# status: 0

#### Pass 4

Calibrate
       0.00 Seconds          1   Passes (x 100)
       0.00 Seconds          5   Passes (x 100)
       0.02 Seconds         25   Passes (x 100)
       0.11 Seconds        125   Passes (x 100)
       0.56 Seconds        625   Passes (x 100)

Use 11185  passes (x 100)

          Double Precision C/C++ Whetstone Benchmark

Loop content                  Result              MFLOPS      MOPS   Seconds

N1 floating point     -1.12398255667392033      2638.762              0.081
N2 floating point     -1.12187079889294417      2904.650              0.518
N3 if then else        1.00000000000000000               10700.529    0.108
N4 fixed point        12.00000000000000000                   0.000   -0.000
N5 sin,cos etc.        0.49902937281518261                 295.722    3.147
N6 floating point      0.99999987890802811      1535.613              3.929
N7 assignments         3.00000000000000000                7940.459    0.260
N8 exp,sqrt etc.       0.75100163018453958                 225.290    1.847

MWIPS                                          11309.421              9.890

Calibrate
       0.00 Seconds          1   Passes (x 100)
       0.00 Seconds          5   Passes (x 100)
       0.02 Seconds         25   Passes (x 100)
       0.11 Seconds        125   Passes (x 100)
       0.56 Seconds        625   Passes (x 100)

Use 11185  passes (x 100)

          Double Precision C/C++ Whetstone Benchmark

Loop content                  Result              MFLOPS      MOPS   Seconds

N1 floating point     -1.12398255667392033      2637.855              0.081
N2 floating point     -1.12187079889294417      2901.780              0.518
N3 if then else        1.00000000000000000               10714.300    0.108
N4 fixed point        12.00000000000000000               34701134772.088    0.000
N5 sin,cos etc.        0.49902937281518261                 295.596    3.148
N6 floating point      0.99999987890802811      1535.095              3.930
N7 assignments         3.00000000000000000                7930.678    0.261
N8 exp,sqrt etc.       0.75100163018453958                 225.479    1.845

MWIPS                                          11307.313              9.892


# COUNT0: 11307.313
# COUNT1: 0
# COUNT2: MWIPS
# TIME: 9.892
# elapsed: 11.379450
# pid: 1470491
# status: 0

# COUNT0: 11309.421
# COUNT1: 0
# COUNT2: MWIPS
# TIME: 9.890
# elapsed: 11.376956
# pid: 1470492
# status: 0

#### Pass 5

Calibrate
       0.00 Seconds          1   Passes (x 100)
       0.00 Seconds          5   Passes (x 100)
       0.02 Seconds         25   Passes (x 100)
       0.11 Seconds        125   Passes (x 100)
       0.56 Seconds        625   Passes (x 100)

Use 11186  passes (x 100)

          Double Precision C/C++ Whetstone Benchmark

Loop content                  Result              MFLOPS      MOPS   Seconds

N1 floating point     -1.12398255667392033      2637.284              0.081
N2 floating point     -1.12187079889294417      2901.865              0.518
N3 if then else        1.00000000000000000               10695.549    0.108
N4 fixed point        12.00000000000000000               216421730897.734    0.000
N5 sin,cos etc.        0.49902937281518261                 295.652    3.148
N6 floating point      0.99999987890802811      1535.241              3.930
N7 assignments         3.00000000000000000                7963.989    0.260
N8 exp,sqrt etc.       0.75100163018453958                 225.495    1.845

MWIPS                                          11309.601              9.891

Calibrate
       0.00 Seconds          1   Passes (x 100)
       0.00 Seconds          5   Passes (x 100)
       0.02 Seconds         25   Passes (x 100)
       0.11 Seconds        125   Passes (x 100)
       0.56 Seconds        625   Passes (x 100)

Use 11186  passes (x 100)

          Double Precision C/C++ Whetstone Benchmark

Loop content                  Result              MFLOPS      MOPS   Seconds

N1 floating point     -1.12398255667392033      2637.637              0.081
N2 floating point     -1.12187079889294417      2904.254              0.518
N3 if then else        1.00000000000000000               10683.116    0.108
N4 fixed point        12.00000000000000000                   0.000   -0.000
N5 sin,cos etc.        0.49902937281518261                 295.664    3.148
N6 floating point      0.99999987890802811      1535.250              3.930
N7 assignments         3.00000000000000000                7962.943    0.260
N8 exp,sqrt etc.       0.75100163018453958                 225.323    1.847

MWIPS                                          11308.477              9.892


# COUNT0: 11309.601
# COUNT1: 0
# COUNT2: MWIPS
# TIME: 9.891
# elapsed: 11.378720
# pid: 1470503
# status: 0

# COUNT0: 11308.477
# COUNT1: 0
# COUNT2: MWIPS
# TIME: 9.892
# elapsed: 11.378459
# pid: 1470504
# status: 0

#### Pass 6

Calibrate
       0.00 Seconds          1   Passes (x 100)
       0.00 Seconds          5   Passes (x 100)
       0.02 Seconds         25   Passes (x 100)
       0.11 Seconds        125   Passes (x 100)
       0.56 Seconds        625   Passes (x 100)

Use 11172  passes (x 100)

          Double Precision C/C++ Whetstone Benchmark

Loop content                  Result              MFLOPS      MOPS   Seconds

N1 floating point     -1.12398255667392033      2637.815              0.081
N2 floating point     -1.12187079889294417      2901.543              0.517
N3 if then else        1.00000000000000000               10713.537    0.108
N4 fixed point        12.00000000000000000                   0.000   -0.000
N5 sin,cos etc.        0.49902937281518261                 295.630    3.144
N6 floating point      0.99999987890802811      1535.054              3.926
N7 assignments         3.00000000000000000                7943.314    0.260
N8 exp,sqrt etc.       0.75100163018453958                 225.382    1.844

MWIPS                                          11307.117              9.881

Calibrate
       0.00 Seconds          1   Passes (x 100)
       0.00 Seconds          5   Passes (x 100)
       0.02 Seconds         25   Passes (x 100)
       0.11 Seconds        125   Passes (x 100)
       0.56 Seconds        625   Passes (x 100)

Use 11172  passes (x 100)

          Double Precision C/C++ Whetstone Benchmark

Loop content                  Result              MFLOPS      MOPS   Seconds

N1 floating point     -1.12398255667392033      2637.514              0.081
N2 floating point     -1.12187079889294417      2900.400              0.518
N3 if then else        1.00000000000000000               10724.977    0.108
N4 fixed point        12.00000000000000000               42512992156.492    0.000
N5 sin,cos etc.        0.49902937281518261                 295.624    3.144
N6 floating point      0.99999987890802811      1534.965              3.926
N7 assignments         3.00000000000000000                7943.253    0.260
N8 exp,sqrt etc.       0.75100163018453958                 225.534    1.843

MWIPS                                          11308.087              9.880


# COUNT0: 11307.117
# COUNT1: 0
# COUNT2: MWIPS
# TIME: 9.881
# elapsed: 11.367567
# pid: 1470515
# status: 0

# COUNT0: 11308.087
# COUNT1: 0
# COUNT2: MWIPS
# TIME: 9.880
# elapsed: 11.366580
# pid: 1470516
# status: 0

#### Pass 7

Calibrate
       0.00 Seconds          1   Passes (x 100)
       0.00 Seconds          5   Passes (x 100)
       0.02 Seconds         25   Passes (x 100)
       0.11 Seconds        125   Passes (x 100)
       0.56 Seconds        625   Passes (x 100)

Use 11186  passes (x 100)

          Double Precision C/C++ Whetstone Benchmark

Loop content                  Result              MFLOPS      MOPS   Seconds

N1 floating point     -1.12398255667392033      2636.763              0.081
N2 floating point     -1.12187079889294417      2899.990              0.518
N3 if then else        1.00000000000000000               10697.031    0.108
N4 fixed point        12.00000000000000000               183126079305.979    0.000
N5 sin,cos etc.        0.49902937281518261                 295.528    3.149
N6 floating point      0.99999987890802811      1535.265              3.930
N7 assignments         3.00000000000000000                7943.121    0.260
N8 exp,sqrt etc.       0.75100163018453958                 225.541    1.845

MWIPS                                          11307.430              9.893

Calibrate
       0.00 Seconds          1   Passes (x 100)
       0.00 Seconds          5   Passes (x 100)
       0.02 Seconds         25   Passes (x 100)
       0.11 Seconds        125   Passes (x 100)
       0.56 Seconds        625   Passes (x 100)

Use 11188  passes (x 100)

          Double Precision C/C++ Whetstone Benchmark

Loop content                  Result              MFLOPS      MOPS   Seconds

N1 floating point     -1.12398255667392033      2638.160              0.081
N2 floating point     -1.12187079889294417      2900.195              0.518
N3 if then else        1.00000000000000000               10709.940    0.108
N4 fixed point        12.00000000000000000                   0.000   -0.000
N5 sin,cos etc.        0.49902937281518261                 295.602    3.149
N6 floating point      0.99999987890802811      1535.560              3.930
N7 assignments         3.00000000000000000                7944.902    0.260
N8 exp,sqrt etc.       0.75100163018453958                 225.397    1.846

MWIPS                                          11308.150              9.894


# COUNT0: 11307.430
# COUNT1: 0
# COUNT2: MWIPS
# TIME: 9.893
# elapsed: 11.381181
# pid: 1470527
# status: 0

# COUNT0: 11308.150
# COUNT1: 0
# COUNT2: MWIPS
# TIME: 9.894
# elapsed: 11.380761
# pid: 1470528
# status: 0

#### Pass 8

Calibrate
       0.00 Seconds          1   Passes (x 100)
       0.00 Seconds          5   Passes (x 100)
       0.02 Seconds         25   Passes (x 100)
       0.11 Seconds        125   Passes (x 100)
       0.56 Seconds        625   Passes (x 100)

Use 11177  passes (x 100)

          Double Precision C/C++ Whetstone Benchmark

Loop content                  Result              MFLOPS      MOPS   Seconds

N1 floating point     -1.12398255667392033      2634.499              0.081
N2 floating point     -1.12187079889294417      2904.049              0.517
N3 if then else        1.00000000000000000               10681.615    0.108
N4 fixed point        12.00000000000000000               2240157236108.300    0.000
N5 sin,cos etc.        0.49902937281518261                 295.717    3.145
N6 floating point      0.99999987890802811      1535.224              3.927
N7 assignments         3.00000000000000000                7979.837    0.259
N8 exp,sqrt etc.       0.75100163018453958                 225.577    1.843

MWIPS                                          11311.889              9.881

Calibrate
       0.00 Seconds          1   Passes (x 100)
       0.00 Seconds          5   Passes (x 100)
       0.02 Seconds         25   Passes (x 100)
       0.11 Seconds        125   Passes (x 100)
       0.56 Seconds        625   Passes (x 100)

Use 11176  passes (x 100)

          Double Precision C/C++ Whetstone Benchmark

Loop content                  Result              MFLOPS      MOPS   Seconds

N1 floating point     -1.12398255667392033      2633.145              0.081
N2 floating point     -1.12187079889294417      2904.019              0.517
N3 if then else        1.00000000000000000               10671.500    0.108
N4 fixed point        12.00000000000000000                   0.000   -0.000
N5 sin,cos etc.        0.49902937281518261                 295.671    3.145
N6 floating point      0.99999987890802811      1534.947              3.927
N7 assignments         3.00000000000000000                7977.519    0.259
N8 exp,sqrt etc.       0.75100163018453958                 225.379    1.845

MWIPS                                          11308.403              9.883


# COUNT0: 11311.889
# COUNT1: 0
# COUNT2: MWIPS
# TIME: 9.881
# elapsed: 11.368689
# pid: 1470539
# status: 0

# COUNT0: 11308.403
# COUNT1: 0
# COUNT2: MWIPS
# TIME: 9.883
# elapsed: 11.369949
# pid: 1470540
# status: 0

#### Pass 9

Calibrate
       0.00 Seconds          1   Passes (x 100)
       0.00 Seconds          5   Passes (x 100)
       0.02 Seconds         25   Passes (x 100)
       0.11 Seconds        125   Passes (x 100)
       0.56 Seconds        625   Passes (x 100)

Use 11174  passes (x 100)

          Double Precision C/C++ Whetstone Benchmark

Loop content                  Result              MFLOPS      MOPS   Seconds

N1 floating point     -1.12398255667392033      2635.377              0.081
N2 floating point     -1.12187079889294417      2904.055              0.517
N3 if then else        1.00000000000000000               10683.096    0.108
N4 fixed point        12.00000000000000000                   0.000   -0.000
N5 sin,cos etc.        0.49902937281518261                 295.514    3.146
N6 floating point      0.99999987890802811      1535.199              3.926
N7 assignments         3.00000000000000000                7950.358    0.260
N8 exp,sqrt etc.       0.75100163018453958                 225.535    1.843

MWIPS                                          11307.906              9.882

Calibrate
       0.00 Seconds          1   Passes (x 100)
       0.00 Seconds          5   Passes (x 100)
       0.02 Seconds         25   Passes (x 100)
       0.11 Seconds        125   Passes (x 100)
       0.56 Seconds        625   Passes (x 100)

Use 11174  passes (x 100)

          Double Precision C/C++ Whetstone Benchmark

Loop content                  Result              MFLOPS      MOPS   Seconds

N1 floating point     -1.12398255667392033      2636.819              0.081
N2 floating point     -1.12187079889294417      2904.397              0.517
N3 if then else        1.00000000000000000               10664.270    0.108
N4 fixed point        12.00000000000000000                   0.000   -0.000
N5 sin,cos etc.        0.49902937281518261                 295.522    3.146
N6 floating point      0.99999987890802811      1535.280              3.926
N7 assignments         3.00000000000000000                7949.715    0.260
N8 exp,sqrt etc.       0.75100163018453958                 225.412    1.844

MWIPS                                          11306.960              9.882


# COUNT0: 11307.906
# COUNT1: 0
# COUNT2: MWIPS
# TIME: 9.882
# elapsed: 11.370530
# pid: 1470551
# status: 0

# COUNT0: 11306.960
# COUNT1: 0
# COUNT2: MWIPS
# TIME: 9.882
# elapsed: 11.369718
# pid: 1470552
# status: 0

#### Pass 10

Calibrate
       0.00 Seconds          1   Passes (x 100)
       0.00 Seconds          5   Passes (x 100)
       0.02 Seconds         25   Passes (x 100)
       0.11 Seconds        125   Passes (x 100)
       0.56 Seconds        625   Passes (x 100)

Use 11187  passes (x 100)

          Double Precision C/C++ Whetstone Benchmark

Loop content                  Result              MFLOPS      MOPS   Seconds

N1 floating point     -1.12398255667392033      2634.890              0.082
N2 floating point     -1.12187079889294417      2904.468              0.518
N3 if then else        1.00000000000000000               10695.426    0.108
N4 fixed point        12.00000000000000000                   0.000   -0.000
N5 sin,cos etc.        0.49902937281518261                 295.520    3.150
N6 floating point      0.99999987890802811      1535.073              3.931
N7 assignments         3.00000000000000000                7999.930    0.258
N8 exp,sqrt etc.       0.75100163018453958                 225.390    1.846

MWIPS                                          11308.306              9.893

Calibrate
       0.00 Seconds          1   Passes (x 100)
       0.00 Seconds          5   Passes (x 100)
       0.02 Seconds         25   Passes (x 100)
       0.11 Seconds        125   Passes (x 100)
       0.56 Seconds        625   Passes (x 100)

Use 11188  passes (x 100)

          Double Precision C/C++ Whetstone Benchmark

Loop content                  Result              MFLOPS      MOPS   Seconds

N1 floating point     -1.12398255667392033      2635.781              0.081
N2 floating point     -1.12187079889294417      2904.239              0.518
N3 if then else        1.00000000000000000               10709.041    0.108
N4 fixed point        12.00000000000000000               3818584677.320    0.000
N5 sin,cos etc.        0.49902937281518261                 295.532    3.150
N6 floating point      0.99999987890802811      1535.319              3.931
N7 assignments         3.00000000000000000                8000.646    0.258
N8 exp,sqrt etc.       0.75100163018453958                 225.369    1.847

MWIPS                                          11309.128              9.893


# COUNT0: 11308.306
# COUNT1: 0
# COUNT2: MWIPS
# TIME: 9.893
# elapsed: 11.381272
# pid: 1470563
# status: 0

# COUNT0: 11309.128
# COUNT1: 0
# COUNT2: MWIPS
# TIME: 9.893
# elapsed: 11.380254
# pid: 1470564
# status: 0

*Dump score:      22609.7
*Dump score:      22614.9
*Dump score:      22615.2
Count score:      22615.6
Count score:      22616.6
Count score:      22616.7
Count score:      22617.4
Count score:      22618.1
Count score:      22620.3
Count score:      22621.0

>>>> Sum of 2 copies
>>>> score: 22617.9612109375
>>>> time: 9.89078571428571
>>>> iterations: 7


########################################################
Execl Throughput -- 2 copies
==> "/mnt/host0/unixbench/UnixBench/pgms/execl" 30 2>&1 >> "/mnt/host0/unixbench/UnixBench/results/uarf-2025-06-02-03.log"

#### Pass 1


# COUNT0: 63663
# COUNT1: 1
# COUNT2: lps
# elapsed: 29.838201
# pid: 1470575
# status: 0

# COUNT0: 63911
# COUNT1: 1
# COUNT2: lps
# elapsed: 29.837042
# pid: 1470576
# status: 0

#### Pass 2


# COUNT0: 64440
# COUNT1: 1
# COUNT2: lps
# elapsed: 29.986952
# pid: 1470588
# status: 0

# COUNT0: 64667
# COUNT1: 1
# COUNT2: lps
# elapsed: 29.986243
# pid: 1470589
# status: 0

#### Pass 3


# COUNT0: 64269
# COUNT1: 1
# COUNT2: lps
# elapsed: 29.986472
# pid: 1470600
# status: 0

# COUNT0: 63996
# COUNT1: 1
# COUNT2: lps
# elapsed: 29.985741
# pid: 1470601
# status: 0

*Dump score:     127574.0
Count score:     128265.0
Count score:     129107.0

>>>> Sum of 2 copies
>>>> score: 4291.4627076206
>>>> time: 29.986352
>>>> iterations: 2


########################################################
File Copy 1024 bufsize 2000 maxblocks -- 2 copies
==> "/mnt/host0/unixbench/UnixBench/pgms/fstime" -c -t 30 -d "/mnt/host0/unixbench/UnixBench/tmp" -b 1024 -m 2000 2>&1 >> "/mnt/host0/unixbench/UnixBench/results/uarf-2025-06-02-03.log"

#### Pass 1

Write done: 400000 in 2.0246, score 49393
Read done: 371000 in 2.0000, score 46374
Copy done: 2478888 in 30.0000, score 20657
Write done: 400000 in 2.0321, score 49210
Read done: 364852 in 2.0000, score 45606
Copy done: 2489148 in 30.0049, score 20739

# COUNT0: 20657
# COUNT1: 0
# COUNT2: KBps
# TIME: 30.0
# elapsed: 45.034320
# pid: 1470612
# status: 0

# COUNT0: 20739
# COUNT1: 0
# COUNT2: KBps
# TIME: 30.0
# elapsed: 45.044747
# pid: 1470613
# status: 0

#### Pass 2

Write done: 360000 in 2.0309, score 44315
Read done: 333432 in 2.0000, score 41678
Copy done: 2591424 in 30.0000, score 21595
Write done: 360000 in 2.0318, score 44296
Read done: 341584 in 2.0000, score 42697
Copy done: 2597908 in 30.0000, score 21649

# COUNT0: 21595
# COUNT1: 0
# COUNT2: KBps
# TIME: 30.0
# elapsed: 45.042298
# pid: 1470624
# status: 0

# COUNT0: 21649
# COUNT1: 0
# COUNT2: KBps
# TIME: 30.0
# elapsed: 45.042426
# pid: 1470625
# status: 0

#### Pass 3

Write done: 392000 in 2.0091, score 48777
Read done: 343640 in 2.0000, score 42954
Copy done: 2523576 in 30.0001, score 21029
Write done: 392000 in 2.0159, score 48612
Read done: 341304 in 2.0000, score 42662
Copy done: 2518376 in 30.0000, score 20986

# COUNT0: 21029
# COUNT1: 0
# COUNT2: KBps
# TIME: 30.0
# elapsed: 45.019542
# pid: 1470636
# status: 0

# COUNT0: 20986
# COUNT1: 0
# COUNT2: KBps
# TIME: 30.0
# elapsed: 45.024299
# pid: 1470637
# status: 0

*Dump score:      41396.0
Count score:      42015.0
Count score:      43244.0

>>>> Sum of 2 copies
>>>> score: 42625.0707917301
>>>> time: 30
>>>> iterations: 2


########################################################
File Copy 256 bufsize 500 maxblocks -- 2 copies
==> "/mnt/host0/unixbench/UnixBench/pgms/fstime" -c -t 30 -d "/mnt/host0/unixbench/UnixBench/tmp" -b 256 -m 500 2>&1 >> "/mnt/host0/unixbench/UnixBench/results/uarf-2025-06-02-03.log"

#### Pass 1

Write done: 88000 in 2.0259, score 10859
Read done: 92040 in 2.0000, score 11504
Copy done: 627603 in 30.0000, score 5230
Write done: 88000 in 2.0352, score 10809
Read done: 95167 in 2.0000, score 11895
Copy done: 627267 in 30.0000, score 5227

# COUNT0: 5227
# COUNT1: 0
# COUNT2: KBps
# TIME: 30.0
# elapsed: 45.044916
# pid: 1470648
# status: 0

# COUNT0: 5230
# COUNT1: 0
# COUNT2: KBps
# TIME: 30.0
# elapsed: 45.035447
# pid: 1470649
# status: 0

#### Pass 2

Write done: 102000 in 2.0230, score 12604
Read done: 87121 in 2.0000, score 10890
Copy done: 638363 in 30.0000, score 5319
Write done: 102000 in 2.0238, score 12600
Read done: 86899 in 2.0000, score 10862
Copy done: 639080 in 30.0000, score 5325

# COUNT0: 5325
# COUNT1: 0
# COUNT2: KBps
# TIME: 30.0
# elapsed: 45.033278
# pid: 1470660
# status: 0

# COUNT0: 5319
# COUNT1: 0
# COUNT2: KBps
# TIME: 30.0
# elapsed: 45.032196
# pid: 1470661
# status: 0

#### Pass 3

Write done: 102000 in 2.0044, score 12721
Read done: 88118 in 2.0000, score 11014
Copy done: 630719 in 30.0000, score 5255
Write done: 104000 in 2.0206, score 12867
Read done: 88249 in 2.0000, score 11031
Copy done: 626918 in 30.0000, score 5224

# COUNT0: 5255
# COUNT1: 0
# COUNT2: KBps
# TIME: 30.0
# elapsed: 45.025342
# pid: 1470672
# status: 0

# COUNT0: 5224
# COUNT1: 0
# COUNT2: KBps
# TIME: 30.0
# elapsed: 45.039667
# pid: 1470673
# status: 0

*Dump score:      10457.0
Count score:      10479.0
Count score:      10644.0

>>>> Sum of 2 copies
>>>> score: 10561.1777752294
>>>> time: 30
>>>> iterations: 2


########################################################
File Copy 4096 bufsize 8000 maxblocks -- 2 copies
==> "/mnt/host0/unixbench/UnixBench/pgms/fstime" -c -t 30 -d "/mnt/host0/unixbench/UnixBench/tmp" -b 4096 -m 8000 2>&1 >> "/mnt/host0/unixbench/UnixBench/results/uarf-2025-06-02-03.log"

#### Pass 1

Write done: 1312000 in 2.0407, score 160728
Read done: 1406176 in 2.0000, score 175768
Copy done: 9964736 in 30.0001, score 83039
Write done: 1344000 in 2.0515, score 163781
Read done: 1399680 in 2.0000, score 174959
Copy done: 9974048 in 30.0000, score 83117

# COUNT0: 83039
# COUNT1: 0
# COUNT2: KBps
# TIME: 30.0
# elapsed: 45.052188
# pid: 1470685
# status: 0

# COUNT0: 83117
# COUNT1: 0
# COUNT2: KBps
# TIME: 30.0
# elapsed: 45.060888
# pid: 1470686
# status: 0

#### Pass 2

Write done: 1440000 in 2.0088, score 179215
Read done: 1228192 in 2.0000, score 153522
Copy done: 9680560 in 30.0001, score 80671
Write done: 1440000 in 2.0141, score 178736
Read done: 1240720 in 2.0000, score 155089
Copy done: 9658544 in 30.0000, score 80487

# COUNT0: 80671
# COUNT1: 0
# COUNT2: KBps
# TIME: 30.0
# elapsed: 45.020595
# pid: 1470697
# status: 0

# COUNT0: 80487
# COUNT1: 0
# COUNT2: KBps
# TIME: 30.0
# elapsed: 45.030266
# pid: 1470698
# status: 0

#### Pass 3

Write done: 1472000 in 2.0270, score 181546
Read done: 1564480 in 2.0000, score 195557
Copy done: 9803200 in 30.0000, score 81693
Write done: 1472000 in 2.0276, score 181492
Read done: 1551104 in 2.0000, score 193885
Copy done: 9777888 in 30.0000, score 81482

# COUNT0: 81482
# COUNT1: 0
# COUNT2: KBps
# TIME: 30.0
# elapsed: 45.038774
# pid: 1470709
# status: 0

# COUNT0: 81693
# COUNT1: 0
# COUNT2: KBps
# TIME: 30.0
# elapsed: 45.036928
# pid: 1470710
# status: 0

*Dump score:     161158.0
Count score:     163175.0
Count score:     166156.0

>>>> Sum of 2 copies
>>>> score: 164658.754094642
>>>> time: 30
>>>> iterations: 2


########################################################
Pipe Throughput -- 2 copies
==> "/mnt/host0/unixbench/UnixBench/pgms/pipe" 10 2>&1 >> "/mnt/host0/unixbench/UnixBench/results/uarf-2025-06-02-03.log"

#### Pass 1


# COUNT0: 10565572
# COUNT1: 1
# COUNT2: lps
# elapsed: 10.004267
# pid: 1470721
# status: 0

# COUNT0: 10567145
# COUNT1: 1
# COUNT2: lps
# elapsed: 10.003105
# pid: 1470722
# status: 0

#### Pass 2


# COUNT0: 10735440
# COUNT1: 1
# COUNT2: lps
# elapsed: 10.003552
# pid: 1470733
# status: 0

# COUNT0: 10737339
# COUNT1: 1
# COUNT2: lps
# elapsed: 10.002408
# pid: 1470734
# status: 0

#### Pass 3


# COUNT0: 10940658
# COUNT1: 1
# COUNT2: lps
# elapsed: 10.004876
# pid: 1470745
# status: 0

# COUNT0: 10943156
# COUNT1: 1
# COUNT2: lps
# elapsed: 10.003617
# pid: 1470746
# status: 0

#### Pass 4


# COUNT0: 10601052
# COUNT1: 1
# COUNT2: lps
# elapsed: 10.004018
# pid: 1470757
# status: 0

# COUNT0: 10601036
# COUNT1: 1
# COUNT2: lps
# elapsed: 10.002811
# pid: 1470758
# status: 0

#### Pass 5


# COUNT0: 10713554
# COUNT1: 1
# COUNT2: lps
# elapsed: 10.004609
# pid: 1470769
# status: 0

# COUNT0: 10712833
# COUNT1: 1
# COUNT2: lps
# elapsed: 10.003521
# pid: 1470770
# status: 0

#### Pass 6


# COUNT0: 10790999
# COUNT1: 1
# COUNT2: lps
# elapsed: 10.004594
# pid: 1470781
# status: 0

# COUNT0: 10791541
# COUNT1: 1
# COUNT2: lps
# elapsed: 10.003427
# pid: 1470782
# status: 0

#### Pass 7


# COUNT0: 10541359
# COUNT1: 1
# COUNT2: lps
# elapsed: 10.004473
# pid: 1470793
# status: 0

# COUNT0: 10542288
# COUNT1: 1
# COUNT2: lps
# elapsed: 10.003361
# pid: 1470794
# status: 0

#### Pass 8


# COUNT0: 10534231
# COUNT1: 1
# COUNT2: lps
# elapsed: 10.004876
# pid: 1470805
# status: 0

# COUNT0: 10535534
# COUNT1: 1
# COUNT2: lps
# elapsed: 10.002824
# pid: 1470806
# status: 0

#### Pass 9


# COUNT0: 10743217
# COUNT1: 1
# COUNT2: lps
# elapsed: 10.003608
# pid: 1470817
# status: 0

# COUNT0: 10745423
# COUNT1: 1
# COUNT2: lps
# elapsed: 10.002548
# pid: 1470818
# status: 0

#### Pass 10


# COUNT0: 10532969
# COUNT1: 1
# COUNT2: lps
# elapsed: 10.008180
# pid: 1470829
# status: 0

# COUNT0: 10528967
# COUNT1: 1
# COUNT2: lps
# elapsed: 10.007177
# pid: 1470830
# status: 0

*Dump score:   21061936.0
*Dump score:   21069765.0
*Dump score:   21083647.0
Count score:   21132717.0
Count score:   21202088.0
Count score:   21426387.0
Count score:   21472779.0
Count score:   21488640.0
Count score:   21582540.0
Count score:   21883814.0

>>>> Sum of 2 copies
>>>> score: 2144653.02027671
>>>> time: 10.0036400714286
>>>> iterations: 7


########################################################
Pipe-based Context Switching -- 2 copies
==> "/mnt/host0/unixbench/UnixBench/pgms/context1" 10 2>&1 >> "/mnt/host0/unixbench/UnixBench/results/uarf-2025-06-02-03.log"

#### Pass 1


# COUNT0: 2763858
# COUNT1: 1
# COUNT2: lps
# elapsed: 10.004767
# pid: 1470841
# status: 0

# COUNT0: 2752265
# COUNT1: 1
# COUNT2: lps
# elapsed: 10.002786
# pid: 1470842
# status: 0

#### Pass 2


# COUNT0: 2761607
# COUNT1: 1
# COUNT2: lps
# elapsed: 10.004377
# pid: 1470855
# status: 0

# COUNT0: 2769750
# COUNT1: 1
# COUNT2: lps
# elapsed: 10.003432
# pid: 1470856
# status: 0

#### Pass 3


# COUNT0: 2769311
# COUNT1: 1
# COUNT2: lps
# elapsed: 10.003588
# pid: 1470870
# status: 0

# COUNT0: 2773312
# COUNT1: 1
# COUNT2: lps
# elapsed: 10.002430
# pid: 1470871
# status: 0

#### Pass 4


# COUNT0: 2752756
# COUNT1: 1
# COUNT2: lps
# elapsed: 10.005185
# pid: 1470884
# status: 0

# COUNT0: 2774648
# COUNT1: 1
# COUNT2: lps
# elapsed: 10.004262
# pid: 1470885
# status: 0

#### Pass 5


# COUNT0: 2788331
# COUNT1: 1
# COUNT2: lps
# elapsed: 10.003934
# pid: 1470898
# status: 0

# COUNT0: 2765857
# COUNT1: 1
# COUNT2: lps
# elapsed: 10.002518
# pid: 1470899
# status: 0

#### Pass 6


# COUNT0: 2738844
# COUNT1: 1
# COUNT2: lps
# elapsed: 10.004068
# pid: 1470912
# status: 0

# COUNT0: 2790347
# COUNT1: 1
# COUNT2: lps
# elapsed: 10.003057
# pid: 1470913
# status: 0

#### Pass 7


# COUNT0: 2763674
# COUNT1: 1
# COUNT2: lps
# elapsed: 10.004245
# pid: 1470926
# status: 0

# COUNT0: 2775514
# COUNT1: 1
# COUNT2: lps
# elapsed: 10.003410
# pid: 1470927
# status: 0

#### Pass 8


# COUNT0: 2796254
# COUNT1: 1
# COUNT2: lps
# elapsed: 10.004163
# pid: 1470940
# status: 0

# COUNT0: 2767272
# COUNT1: 1
# COUNT2: lps
# elapsed: 10.003015
# pid: 1470941
# status: 0

#### Pass 9


# COUNT0: 2747072
# COUNT1: 1
# COUNT2: lps
# elapsed: 10.003188
# pid: 1470954
# status: 0

# COUNT0: 2779608
# COUNT1: 1
# COUNT2: lps
# elapsed: 10.002071
# pid: 1470955
# status: 0

#### Pass 10


# COUNT0: 2780300
# COUNT1: 1
# COUNT2: lps
# elapsed: 10.003562
# pid: 1470968
# status: 0

# COUNT0: 2779132
# COUNT1: 1
# COUNT2: lps
# elapsed: 10.002527
# pid: 1470969
# status: 0

*Dump score:    5516123.0
*Dump score:    5526680.0
*Dump score:    5527404.0
Count score:    5529191.0
Count score:    5531357.0
Count score:    5539188.0
Count score:    5542623.0
Count score:    5554188.0
Count score:    5559432.0
Count score:    5563526.0

>>>> Sum of 2 copies
>>>> score: 554371.568744383
>>>> time: 10.0034518571429
>>>> iterations: 7


########################################################
Process Creation -- 2 copies
==> "/mnt/host0/unixbench/UnixBench/pgms/spawn" 30 2>&1 >> "/mnt/host0/unixbench/UnixBench/results/uarf-2025-06-02-03.log"

#### Pass 1


# COUNT0: 538698
# COUNT1: 1
# COUNT2: lps
# elapsed: 30.004165
# pid: 1470982
# status: 0

# COUNT0: 538021
# COUNT1: 1
# COUNT2: lps
# elapsed: 30.003396
# pid: 1470983
# status: 0

#### Pass 2


# COUNT0: 542000
# COUNT1: 1
# COUNT2: lps
# elapsed: 30.004789
# pid: 2547715
# status: 0

# COUNT0: 505756
# COUNT1: 1
# COUNT2: lps
# elapsed: 30.003958
# pid: 2547716
# status: 0

#### Pass 3


# COUNT0: 485529
# COUNT1: 1
# COUNT2: lps
# elapsed: 30.003982
# pid: 3595488
# status: 0

# COUNT0: 538682
# COUNT1: 1
# COUNT2: lps
# elapsed: 30.002912
# pid: 3595489
# status: 0

*Dump score:    1024211.0
Count score:    1047756.0
Count score:    1076719.0

>>>> Sum of 2 copies
>>>> score: 35399.8152387699
>>>> time: 30.004077
>>>> iterations: 2


########################################################
System Call Overhead -- 2 copies
==> "/mnt/host0/unixbench/UnixBench/pgms/syscall" 10 2>&1 >> "/mnt/host0/unixbench/UnixBench/results/uarf-2025-06-02-03.log"

#### Pass 1


# COUNT0: 6658593
# COUNT1: 1
# COUNT2: lps
# elapsed: 10.004195
# pid: 425710
# status: 0

# COUNT0: 6665989
# COUNT1: 1
# COUNT2: lps
# elapsed: 10.003059
# pid: 425711
# status: 0

#### Pass 2


# COUNT0: 6812876
# COUNT1: 1
# COUNT2: lps
# elapsed: 10.003734
# pid: 425722
# status: 0

# COUNT0: 6814995
# COUNT1: 1
# COUNT2: lps
# elapsed: 10.002614
# pid: 425723
# status: 0

#### Pass 3


# COUNT0: 6668246
# COUNT1: 1
# COUNT2: lps
# elapsed: 10.004391
# pid: 425734
# status: 0

# COUNT0: 6658141
# COUNT1: 1
# COUNT2: lps
# elapsed: 10.003269
# pid: 425735
# status: 0

#### Pass 4


# COUNT0: 6994968
# COUNT1: 1
# COUNT2: lps
# elapsed: 10.004287
# pid: 425746
# status: 0

# COUNT0: 6992643
# COUNT1: 1
# COUNT2: lps
# elapsed: 10.003319
# pid: 425747
# status: 0

#### Pass 5


# COUNT0: 6841914
# COUNT1: 1
# COUNT2: lps
# elapsed: 10.003302
# pid: 425758
# status: 0

# COUNT0: 6847789
# COUNT1: 1
# COUNT2: lps
# elapsed: 10.002180
# pid: 425759
# status: 0

#### Pass 6


# COUNT0: 6981987
# COUNT1: 1
# COUNT2: lps
# elapsed: 10.004873
# pid: 425770
# status: 0

# COUNT0: 6982900
# COUNT1: 1
# COUNT2: lps
# elapsed: 10.003785
# pid: 425771
# status: 0

#### Pass 7


# COUNT0: 6649380
# COUNT1: 1
# COUNT2: lps
# elapsed: 10.004347
# pid: 425782
# status: 0

# COUNT0: 6673459
# COUNT1: 1
# COUNT2: lps
# elapsed: 10.003280
# pid: 425783
# status: 0

#### Pass 8


# COUNT0: 6947653
# COUNT1: 1
# COUNT2: lps
# elapsed: 10.004402
# pid: 425794
# status: 0

# COUNT0: 6936646
# COUNT1: 1
# COUNT2: lps
# elapsed: 10.003350
# pid: 425795
# status: 0

#### Pass 9


# COUNT0: 6733284
# COUNT1: 1
# COUNT2: lps
# elapsed: 10.003757
# pid: 425806
# status: 0

# COUNT0: 6794809
# COUNT1: 1
# COUNT2: lps
# elapsed: 10.002795
# pid: 425807
# status: 0

#### Pass 10


# COUNT0: 6702153
# COUNT1: 1
# COUNT2: lps
# elapsed: 10.004067
# pid: 425818
# status: 0

# COUNT0: 6780868
# COUNT1: 1
# COUNT2: lps
# elapsed: 10.003264
# pid: 425819
# status: 0

*Dump score:   13322839.0
*Dump score:   13324582.0
*Dump score:   13326387.0
Count score:   13483021.0
Count score:   13528093.0
Count score:   13627871.0
Count score:   13689703.0
Count score:   13884299.0
Count score:   13964887.0
Count score:   13987611.0

>>>> Sum of 2 copies
>>>> score: 1373170.43251025
>>>> time: 10.0035520714286
>>>> iterations: 7


########################################################
Shell Scripts (1 concurrent) -- 2 copies
==> "/mnt/host0/unixbench/UnixBench/pgms/looper" 60 "/mnt/host0/unixbench/UnixBench/pgms/multi.sh" 1 2>&1 >> "/mnt/host0/unixbench/UnixBench/results/uarf-2025-06-02-03.log"

#### Pass 1


# COUNT0: 5348
# COUNT1: 60
# COUNT2: lpm
# elapsed: 60.007465
# pid: 425831
# status: 0

# COUNT0: 5350
# COUNT1: 60
# COUNT2: lpm
# elapsed: 60.005302
# pid: 425832
# status: 0

#### Pass 2


# COUNT0: 5329
# COUNT1: 60
# COUNT2: lpm
# elapsed: 60.005449
# pid: 522143
# status: 0

# COUNT0: 5331
# COUNT1: 60
# COUNT2: lpm
# elapsed: 60.011521
# pid: 522144
# status: 0

#### Pass 3


# COUNT0: 5352
# COUNT1: 60
# COUNT2: lpm
# elapsed: 60.018661
# pid: 618113
# status: 0

# COUNT0: 5365
# COUNT1: 60
# COUNT2: lpm
# elapsed: 60.016314
# pid: 618114
# status: 0

*Dump score:      10660.0
Count score:      10698.0
Count score:      10717.0

>>>> Sum of 2 copies
>>>> score: 10705.3662665017
>>>> time: 60.0119355
>>>> iterations: 2


########################################################
Shell Scripts (8 concurrent) -- 2 copies
==> "/mnt/host0/unixbench/UnixBench/pgms/looper" 60 "/mnt/host0/unixbench/UnixBench/pgms/multi.sh" 8 2>&1 >> "/mnt/host0/unixbench/UnixBench/results/uarf-2025-06-02-03.log"

#### Pass 1


# COUNT0: 866
# COUNT1: 60
# COUNT2: lpm
# elapsed: 60.050851
# pid: 714596
# status: 0

# COUNT0: 867
# COUNT1: 60
# COUNT2: lpm
# elapsed: 60.050707
# pid: 714597
# status: 0

#### Pass 2


# COUNT0: 866
# COUNT1: 60
# COUNT2: lpm
# elapsed: 60.055122
# pid: 827383
# status: 0

# COUNT0: 865
# COUNT1: 60
# COUNT2: lpm
# elapsed: 60.056303
# pid: 827384
# status: 0

#### Pass 3


# COUNT0: 867
# COUNT1: 60
# COUNT2: lpm
# elapsed: 60.042256
# pid: 940040
# status: 0

# COUNT0: 867
# COUNT1: 60
# COUNT2: lpm
# elapsed: 60.039881
# pid: 940041
# status: 0

*Dump score:       1731.0
Count score:       1733.0
Count score:       1734.0

>>>> Sum of 2 copies
>>>> score: 1732.1741346932
>>>> time: 60.04592375
>>>> iterations: 2

