
########################################################
Dhrystone 2 using register variables -- 1 copy
==> "/mnt/host0/unixbench/UnixBench/pgms/dhry2reg" 10 2>&1 >> "/mnt/host0/unixbench/UnixBench/results/uarf-2025-06-04-04.log"

#### Pass 1


# COUNT0: 807791513
# COUNT1: 1
# COUNT2: lps
# elapsed: 10.003167
# pid: 1657062
# status: 0

#### Pass 2


# COUNT0: 812783459
# COUNT1: 1
# COUNT2: lps
# elapsed: 10.003902
# pid: 1657071
# status: 0

#### Pass 3


# COUNT0: 817734133
# COUNT1: 1
# COUNT2: lps
# elapsed: 10.003905
# pid: 1657080
# status: 0

#### Pass 4


# COUNT0: 819034441
# COUNT1: 1
# COUNT2: lps
# elapsed: 10.003106
# pid: 1657090
# status: 0

#### Pass 5


# COUNT0: 821206283
# COUNT1: 1
# COUNT2: lps
# elapsed: 10.003606
# pid: 1657099
# status: 0

#### Pass 6


# COUNT0: 842812123
# COUNT1: 1
# COUNT2: lps
# elapsed: 10.004367
# pid: 1657108
# status: 0

#### Pass 7


# COUNT0: 817323190
# COUNT1: 1
# COUNT2: lps
# elapsed: 10.003352
# pid: 1657118
# status: 0

#### Pass 8


# COUNT0: 824655254
# COUNT1: 1
# COUNT2: lps
# elapsed: 10.003007
# pid: 1657127
# status: 0

#### Pass 9


# COUNT0: 822689455
# COUNT1: 1
# COUNT2: lps
# elapsed: 10.004394
# pid: 1657136
# status: 0

#### Pass 10


# COUNT0: 818486509
# COUNT1: 1
# COUNT2: lps
# elapsed: 10.003082
# pid: 1657145
# status: 0

*Dump score:  807791513.0
*Dump score:  812783459.0
*Dump score:  817323190.0
Count score:  817734133.0
Count score:  818486509.0
Count score:  819034441.0
Count score:  821206283.0
Count score:  822689455.0
Count score:  824655254.0
Count score:  842812123.0

>>>> Results of 1 copy
>>>> score: 82346375.0672804
>>>> time: 10.0036381428571
>>>> iterations: 7


########################################################
Double-Precision Whetstone -- 1 copy
==> "/mnt/host0/unixbench/UnixBench/pgms/whetstone-double"  2>&1 >> "/mnt/host0/unixbench/UnixBench/results/uarf-2025-06-04-04.log"

#### Pass 1

Calibrate
       0.00 Seconds          1   Passes (x 100)
       0.00 Seconds          5   Passes (x 100)
       0.02 Seconds         25   Passes (x 100)
       0.11 Seconds        125   Passes (x 100)
       0.52 Seconds        625   Passes (x 100)

Use 12025  passes (x 100)

          Double Precision C/C++ Whetstone Benchmark

Loop content                  Result              MFLOPS      MOPS   Seconds

N1 floating point     -1.12398255667392033      2658.490              0.087
N2 floating point     -1.12187079889294417      2969.273              0.544
N3 if then else        1.00000000000000000               16037.443    0.078
N4 fixed point        12.00000000000000000               61158457927.207    0.000
N5 sin,cos etc.        0.49902937281518261                 355.416    2.815
N6 floating point      0.99999987890802811      1536.667              4.221
N7 assignments         3.00000000000000000                8071.291    0.275
N8 exp,sqrt etc.       0.75100163018453958                 240.886    1.857

MWIPS                                          12174.691              9.877


# COUNT0: 12174.691
# COUNT1: 0
# COUNT2: MWIPS
# TIME: 9.877
# elapsed: 11.365160
# pid: 1657154
# status: 0

#### Pass 2

Calibrate
       0.00 Seconds          1   Passes (x 100)
       0.00 Seconds          5   Passes (x 100)
       0.02 Seconds         25   Passes (x 100)
       0.11 Seconds        125   Passes (x 100)
       0.52 Seconds        625   Passes (x 100)

Use 12024  passes (x 100)

          Double Precision C/C++ Whetstone Benchmark

Loop content                  Result              MFLOPS      MOPS   Seconds

N1 floating point     -1.12398255667392033      2657.883              0.087
N2 floating point     -1.12187079889294417      2969.179              0.544
N3 if then else        1.00000000000000000               16037.354    0.078
N4 fixed point        12.00000000000000000                   0.000   -0.000
N5 sin,cos etc.        0.49902937281518261                 355.407    2.815
N6 floating point      0.99999987890802811      1536.961              4.220
N7 assignments         3.00000000000000000                8071.119    0.275
N8 exp,sqrt etc.       0.75100163018453958                 240.877    1.857

MWIPS                                          12175.454              9.876


# COUNT0: 12175.454
# COUNT1: 0
# COUNT2: MWIPS
# TIME: 9.876
# elapsed: 11.363179
# pid: 1657163
# status: 0

#### Pass 3

Calibrate
       0.00 Seconds          1   Passes (x 100)
       0.00 Seconds          5   Passes (x 100)
       0.02 Seconds         25   Passes (x 100)
       0.11 Seconds        125   Passes (x 100)
       0.52 Seconds        625   Passes (x 100)

Use 12022  passes (x 100)

          Double Precision C/C++ Whetstone Benchmark

Loop content                  Result              MFLOPS      MOPS   Seconds

N1 floating point     -1.12398255667392033      2658.672              0.087
N2 floating point     -1.12187079889294417      2968.438              0.544
N3 if then else        1.00000000000000000               16035.322    0.078
N4 fixed point        12.00000000000000000                   0.000   -0.000
N5 sin,cos etc.        0.49902937281518261                 355.379    2.815
N6 floating point      0.99999987890802811      1536.991              4.219
N7 assignments         3.00000000000000000                8070.978    0.275
N8 exp,sqrt etc.       0.75100163018453958                 240.897    1.856

MWIPS                                          12175.323              9.874


# COUNT0: 12175.323
# COUNT1: 0
# COUNT2: MWIPS
# TIME: 9.874
# elapsed: 11.360788
# pid: 1657172
# status: 0

#### Pass 4

Calibrate
       0.00 Seconds          1   Passes (x 100)
       0.00 Seconds          5   Passes (x 100)
       0.02 Seconds         25   Passes (x 100)
       0.11 Seconds        125   Passes (x 100)
       0.52 Seconds        625   Passes (x 100)

Use 12022  passes (x 100)

          Double Precision C/C++ Whetstone Benchmark

Loop content                  Result              MFLOPS      MOPS   Seconds

N1 floating point     -1.12398255667392033      2657.594              0.087
N2 floating point     -1.12187079889294417      2969.382              0.544
N3 if then else        1.00000000000000000               16035.941    0.078
N4 fixed point        12.00000000000000000               56662155072.955    0.000
N5 sin,cos etc.        0.49902937281518261                 355.414    2.814
N6 floating point      0.99999987890802811      1537.074              4.219
N7 assignments         3.00000000000000000                8071.858    0.275
N8 exp,sqrt etc.       0.75100163018453958                 240.881    1.857

MWIPS                                          12175.997              9.874


# COUNT0: 12175.997
# COUNT1: 0
# COUNT2: MWIPS
# TIME: 9.874
# elapsed: 11.361246
# pid: 1657181
# status: 0

#### Pass 5

Calibrate
       0.00 Seconds          1   Passes (x 100)
       0.00 Seconds          5   Passes (x 100)
       0.02 Seconds         25   Passes (x 100)
       0.11 Seconds        125   Passes (x 100)
       0.52 Seconds        625   Passes (x 100)

Use 12019  passes (x 100)

          Double Precision C/C++ Whetstone Benchmark

Loop content                  Result              MFLOPS      MOPS   Seconds

N1 floating point     -1.12398255667392033      2655.506              0.087
N2 floating point     -1.12187079889294417      2968.707              0.544
N3 if then else        1.00000000000000000               16034.650    0.078
N4 fixed point        12.00000000000000000               97110886347.683    0.000
N5 sin,cos etc.        0.49902937281518261                 355.419    2.814
N6 floating point      0.99999987890802811      1537.146              4.218
N7 assignments         3.00000000000000000                8071.630    0.275
N8 exp,sqrt etc.       0.75100163018453958                 240.865    1.856

MWIPS                                          12175.883              9.871


# COUNT0: 12175.883
# COUNT1: 0
# COUNT2: MWIPS
# TIME: 9.871
# elapsed: 11.359201
# pid: 1657190
# status: 0

#### Pass 6

Calibrate
       0.00 Seconds          1   Passes (x 100)
       0.00 Seconds          5   Passes (x 100)
       0.02 Seconds         25   Passes (x 100)
       0.11 Seconds        125   Passes (x 100)
       0.52 Seconds        625   Passes (x 100)

Use 12021  passes (x 100)

          Double Precision C/C++ Whetstone Benchmark

Loop content                  Result              MFLOPS      MOPS   Seconds

N1 floating point     -1.12398255667392033      2655.282              0.087
N2 floating point     -1.12187079889294417      2968.492              0.544
N3 if then else        1.00000000000000000               16036.662    0.078
N4 fixed point        12.00000000000000000               180742608958.705    0.000
N5 sin,cos etc.        0.49902937281518261                 355.448    2.814
N6 floating point      0.99999987890802811      1537.082              4.218
N7 assignments         3.00000000000000000                8071.627    0.275
N8 exp,sqrt etc.       0.75100163018453958                 240.854    1.857

MWIPS                                          12175.804              9.873


# COUNT0: 12175.804
# COUNT1: 0
# COUNT2: MWIPS
# TIME: 9.873
# elapsed: 11.361332
# pid: 1657199
# status: 0

#### Pass 7

Calibrate
       0.00 Seconds          1   Passes (x 100)
       0.00 Seconds          5   Passes (x 100)
       0.02 Seconds         25   Passes (x 100)
       0.11 Seconds        125   Passes (x 100)
       0.52 Seconds        625   Passes (x 100)

Use 12022  passes (x 100)

          Double Precision C/C++ Whetstone Benchmark

Loop content                  Result              MFLOPS      MOPS   Seconds

N1 floating point     -1.12398255667392033      2659.633              0.087
N2 floating point     -1.12187079889294417      2968.373              0.544
N3 if then else        1.00000000000000000               16036.764    0.078
N4 fixed point        12.00000000000000000                   0.000   -0.000
N5 sin,cos etc.        0.49902937281518261                 355.346    2.815
N6 floating point      0.99999987890802811      1536.849              4.219
N7 assignments         3.00000000000000000                8070.592    0.275
N8 exp,sqrt etc.       0.75100163018453958                 240.760    1.858

MWIPS                                          12173.230              9.876


# COUNT0: 12173.230
# COUNT1: 0
# COUNT2: MWIPS
# TIME: 9.876
# elapsed: 11.363483
# pid: 1657208
# status: 0

#### Pass 8

Calibrate
       0.00 Seconds          1   Passes (x 100)
       0.00 Seconds          5   Passes (x 100)
       0.02 Seconds         25   Passes (x 100)
       0.11 Seconds        125   Passes (x 100)
       0.52 Seconds        625   Passes (x 100)

Use 12017  passes (x 100)

          Double Precision C/C++ Whetstone Benchmark

Loop content                  Result              MFLOPS      MOPS   Seconds

N1 floating point     -1.12398255667392033      2655.789              0.087
N2 floating point     -1.12187079889294417      2968.414              0.544
N3 if then else        1.00000000000000000               16034.671    0.078
N4 fixed point        12.00000000000000000               49114437893.421    0.000
N5 sin,cos etc.        0.49902937281518261                 355.418    2.813
N6 floating point      0.99999987890802811      1536.834              4.218
N7 assignments         3.00000000000000000                8071.227    0.275
N8 exp,sqrt etc.       0.75100163018453958                 240.916    1.856

MWIPS                                          12175.236              9.870


# COUNT0: 12175.236
# COUNT1: 0
# COUNT2: MWIPS
# TIME: 9.870
# elapsed: 11.358507
# pid: 1657217
# status: 0

#### Pass 9

Calibrate
       0.00 Seconds          1   Passes (x 100)
       0.00 Seconds          5   Passes (x 100)
       0.02 Seconds         25   Passes (x 100)
       0.11 Seconds        125   Passes (x 100)
       0.52 Seconds        625   Passes (x 100)

Use 12019  passes (x 100)

          Double Precision C/C++ Whetstone Benchmark

Loop content                  Result              MFLOPS      MOPS   Seconds

N1 floating point     -1.12398255667392033      2659.813              0.087
N2 floating point     -1.12187079889294417      2967.916              0.544
N3 if then else        1.00000000000000000               16029.651    0.078
N4 fixed point        12.00000000000000000                   0.000   -0.000
N5 sin,cos etc.        0.49902937281518261                 355.389    2.814
N6 floating point      0.99999987890802811      1536.834              4.218
N7 assignments         3.00000000000000000                8070.984    0.275
N8 exp,sqrt etc.       0.75100163018453958                 240.890    1.856

MWIPS                                          12174.711              9.872


# COUNT0: 12174.711
# COUNT1: 0
# COUNT2: MWIPS
# TIME: 9.872
# elapsed: 11.358287
# pid: 1657226
# status: 0

#### Pass 10

Calibrate
       0.00 Seconds          1   Passes (x 100)
       0.00 Seconds          5   Passes (x 100)
       0.02 Seconds         25   Passes (x 100)
       0.11 Seconds        125   Passes (x 100)
       0.52 Seconds        625   Passes (x 100)

Use 12018  passes (x 100)

          Double Precision C/C++ Whetstone Benchmark

Loop content                  Result              MFLOPS      MOPS   Seconds

N1 floating point     -1.12398255667392033      2661.484              0.087
N2 floating point     -1.12187079889294417      2968.373              0.544
N3 if then else        1.00000000000000000               16030.420    0.078
N4 fixed point        12.00000000000000000               35615512740.513    0.000
N5 sin,cos etc.        0.49902937281518261                 355.358    2.814
N6 floating point      0.99999987890802811      1536.908              4.218
N7 assignments         3.00000000000000000                8071.256    0.275
N8 exp,sqrt etc.       0.75100163018453958                 240.878    1.856

MWIPS                                          12174.729              9.871


# COUNT0: 12174.729
# COUNT1: 0
# COUNT2: MWIPS
# TIME: 9.871
# elapsed: 11.357581
# pid: 1657235
# status: 0

*Dump score:      12173.2
*Dump score:      12174.7
*Dump score:      12174.7
Count score:      12174.7
Count score:      12175.2
Count score:      12175.3
Count score:      12175.5
Count score:      12175.8
Count score:      12175.9
Count score:      12176.0

>>>> Results of 1 copy
>>>> score: 12175.4894216317
>>>> time: 9.87271428571428
>>>> iterations: 7


########################################################
Execl Throughput -- 1 copy
==> "/mnt/host0/unixbench/UnixBench/pgms/execl" 30 2>&1 >> "/mnt/host0/unixbench/UnixBench/results/uarf-2025-06-04-04.log"

#### Pass 1


# COUNT0: 84309
# COUNT1: 1
# COUNT2: lps
# elapsed: 29.375134
# pid: 1657244
# status: 0

#### Pass 2


# COUNT0: 86005
# COUNT1: 1
# COUNT2: lps
# elapsed: 29.988867
# pid: 1657253
# status: 0

#### Pass 3


# COUNT0: 85976
# COUNT1: 1
# COUNT2: lps
# elapsed: 29.988328
# pid: 1657262
# status: 0

*Dump score:      84309.0
Count score:      85976.0
Count score:      86005.0

>>>> Results of 1 copy
>>>> score: 2867.43982545211
>>>> time: 29.9885975
>>>> iterations: 2


########################################################
File Copy 1024 bufsize 2000 maxblocks -- 1 copy
==> "/mnt/host0/unixbench/UnixBench/pgms/fstime" -c -t 30 -d "/mnt/host0/unixbench/UnixBench/tmp" -b 1024 -m 2000 2>&1 >> "/mnt/host0/unixbench/UnixBench/results/uarf-2025-06-04-04.log"

#### Pass 1

Write done: 472000 in 2.0370, score 57928
Read done: 474996 in 2.0000, score 59373
Copy done: 3803560 in 30.0000, score 31696

# COUNT0: 31696
# COUNT1: 0
# COUNT2: KBps
# TIME: 30.0
# elapsed: 45.045465
# pid: 1657272
# status: 0

#### Pass 2

Write done: 512000 in 2.0171, score 63456
Read done: 489264 in 2.0000, score 61157
Copy done: 3848244 in 30.0000, score 32068

# COUNT0: 32068
# COUNT1: 0
# COUNT2: KBps
# TIME: 30.0
# elapsed: 45.025781
# pid: 1657281
# status: 0

#### Pass 3

Write done: 480000 in 2.0038, score 59886
Read done: 524816 in 2.0000, score 65601
Copy done: 3551424 in 30.0000, score 29595

# COUNT0: 29595
# COUNT1: 0
# COUNT2: KBps
# TIME: 30.0
# elapsed: 45.013297
# pid: 1657290
# status: 0

*Dump score:      29595.0
Count score:      31696.0
Count score:      32068.0

>>>> Results of 1 copy
>>>> score: 31881.4574321815
>>>> time: 30
>>>> iterations: 2


########################################################
File Copy 256 bufsize 500 maxblocks -- 1 copy
==> "/mnt/host0/unixbench/UnixBench/pgms/fstime" -c -t 30 -d "/mnt/host0/unixbench/UnixBench/tmp" -b 256 -m 500 2>&1 >> "/mnt/host0/unixbench/UnixBench/results/uarf-2025-06-04-04.log"

#### Pass 1

Write done: 124000 in 2.0148, score 15385
Read done: 131653 in 2.0000, score 16456
Copy done: 891754 in 30.0000, score 7431

# COUNT0: 7431
# COUNT1: 0
# COUNT2: KBps
# TIME: 30.0
# elapsed: 45.022827
# pid: 1657299
# status: 0

#### Pass 2

Write done: 120000 in 2.0049, score 14963
Read done: 145019 in 2.0000, score 18127
Copy done: 898180 in 30.0000, score 7484

# COUNT0: 7484
# COUNT1: 0
# COUNT2: KBps
# TIME: 30.0
# elapsed: 45.012981
# pid: 1657308
# status: 0

#### Pass 3

Write done: 128000 in 2.0388, score 15695
Read done: 128986 in 2.0000, score 16123
Copy done: 898253 in 30.0000, score 7485

# COUNT0: 7485
# COUNT1: 0
# COUNT2: KBps
# TIME: 30.0
# elapsed: 45.047481
# pid: 1657317
# status: 0

*Dump score:       7431.0
Count score:       7484.0
Count score:       7485.0

>>>> Results of 1 copy
>>>> score: 7484.49998329882
>>>> time: 30
>>>> iterations: 2


########################################################
File Copy 4096 bufsize 8000 maxblocks -- 1 copy
==> "/mnt/host0/unixbench/UnixBench/pgms/fstime" -c -t 30 -d "/mnt/host0/unixbench/UnixBench/tmp" -b 4096 -m 8000 2>&1 >> "/mnt/host0/unixbench/UnixBench/results/uarf-2025-06-04-04.log"

#### Pass 1

Write done: 2080000 in 2.0154, score 258016
Read done: 2086464 in 2.0000, score 260806
Copy done: 14520944 in 30.0001, score 121007

# COUNT0: 121007
# COUNT1: 0
# COUNT2: KBps
# TIME: 30.0
# elapsed: 45.024698
# pid: 1657326
# status: 0

#### Pass 2

Write done: 2048000 in 2.0286, score 252394
Read done: 1995200 in 2.0000, score 249397
Copy done: 14244800 in 30.0000, score 118706

# COUNT0: 118706
# COUNT1: 0
# COUNT2: KBps
# TIME: 30.0
# elapsed: 45.038011
# pid: 1657336
# status: 0

#### Pass 3

Write done: 2240000 in 2.0077, score 278923
Read done: 2048944 in 2.0000, score 256116
Copy done: 14998320 in 30.0000, score 124985

# COUNT0: 124985
# COUNT1: 0
# COUNT2: KBps
# TIME: 30.0
# elapsed: 45.017223
# pid: 1657345
# status: 0

*Dump score:     118706.0
Count score:     121007.0
Count score:     124985.0

>>>> Results of 1 copy
>>>> score: 122979.916632758
>>>> time: 30
>>>> iterations: 2


########################################################
Pipe Throughput -- 1 copy
==> "/mnt/host0/unixbench/UnixBench/pgms/pipe" 10 2>&1 >> "/mnt/host0/unixbench/UnixBench/results/uarf-2025-06-04-04.log"

#### Pass 1


# COUNT0: 12733791
# COUNT1: 1
# COUNT2: lps
# elapsed: 10.003065
# pid: 1657354
# status: 0

#### Pass 2


# COUNT0: 12494966
# COUNT1: 1
# COUNT2: lps
# elapsed: 10.003526
# pid: 1657363
# status: 0

#### Pass 3


# COUNT0: 12932243
# COUNT1: 1
# COUNT2: lps
# elapsed: 10.003384
# pid: 1657372
# status: 0

#### Pass 4


# COUNT0: 12253538
# COUNT1: 1
# COUNT2: lps
# elapsed: 10.003306
# pid: 1657381
# status: 0

#### Pass 5


# COUNT0: 12949838
# COUNT1: 1
# COUNT2: lps
# elapsed: 10.003715
# pid: 1657390
# status: 0

#### Pass 6


# COUNT0: 12518917
# COUNT1: 1
# COUNT2: lps
# elapsed: 10.002923
# pid: 1657399
# status: 0

#### Pass 7


# COUNT0: 12578047
# COUNT1: 1
# COUNT2: lps
# elapsed: 10.003323
# pid: 1657408
# status: 0

#### Pass 8


# COUNT0: 12655531
# COUNT1: 1
# COUNT2: lps
# elapsed: 10.003603
# pid: 1657417
# status: 0

#### Pass 9


# COUNT0: 12429174
# COUNT1: 1
# COUNT2: lps
# elapsed: 10.002970
# pid: 1657426
# status: 0

#### Pass 10


# COUNT0: 12496691
# COUNT1: 1
# COUNT2: lps
# elapsed: 10.003543
# pid: 1657435
# status: 0

*Dump score:   12253538.0
*Dump score:   12429174.0
*Dump score:   12494966.0
Count score:   12496691.0
Count score:   12518917.0
Count score:   12578047.0
Count score:   12655531.0
Count score:   12733791.0
Count score:   12932243.0
Count score:   12949838.0

>>>> Results of 1 copy
>>>> score: 1268957.03950801
>>>> time: 10.0033651428571
>>>> iterations: 7


########################################################
Pipe-based Context Switching -- 1 copy
==> "/mnt/host0/unixbench/UnixBench/pgms/context1" 10 2>&1 >> "/mnt/host0/unixbench/UnixBench/results/uarf-2025-06-04-04.log"

#### Pass 1


# COUNT0: 900260
# COUNT1: 1
# COUNT2: lps
# elapsed: 10.003126
# pid: 1657444
# status: 0

#### Pass 2


# COUNT0: 916126
# COUNT1: 1
# COUNT2: lps
# elapsed: 10.003152
# pid: 1657454
# status: 0

#### Pass 3


# COUNT0: 911950
# COUNT1: 1
# COUNT2: lps
# elapsed: 10.003201
# pid: 1657464
# status: 0

#### Pass 4


# COUNT0: 901030
# COUNT1: 1
# COUNT2: lps
# elapsed: 10.003313
# pid: 1657474
# status: 0

#### Pass 5


# COUNT0: 908604
# COUNT1: 1
# COUNT2: lps
# elapsed: 10.002983
# pid: 1657484
# status: 0

#### Pass 6


# COUNT0: 902175
# COUNT1: 1
# COUNT2: lps
# elapsed: 10.003799
# pid: 1657494
# status: 0

#### Pass 7


# COUNT0: 916702
# COUNT1: 1
# COUNT2: lps
# elapsed: 10.003281
# pid: 1657505
# status: 0

#### Pass 8


# COUNT0: 897922
# COUNT1: 1
# COUNT2: lps
# elapsed: 10.003216
# pid: 1657515
# status: 0

#### Pass 9


# COUNT0: 905791
# COUNT1: 1
# COUNT2: lps
# elapsed: 10.002859
# pid: 1657525
# status: 0

#### Pass 10


# COUNT0: 911112
# COUNT1: 1
# COUNT2: lps
# elapsed: 10.002978
# pid: 1657535
# status: 0

*Dump score:     897922.0
*Dump score:     900260.0
*Dump score:     901030.0
Count score:     902175.0
Count score:     905791.0
Count score:     908604.0
Count score:     911112.0
Count score:     911950.0
Count score:     916126.0
Count score:     916702.0

>>>> Results of 1 copy
>>>> score: 91004.8969370344
>>>> time: 10.003179
>>>> iterations: 7


########################################################
Process Creation -- 1 copy
==> "/mnt/host0/unixbench/UnixBench/pgms/spawn" 30 2>&1 >> "/mnt/host0/unixbench/UnixBench/results/uarf-2025-06-04-04.log"

#### Pass 1


# COUNT0: 522748
# COUNT1: 1
# COUNT2: lps
# elapsed: 30.004148
# pid: 1657545
# status: 0

#### Pass 2


# COUNT0: 544323
# COUNT1: 1
# COUNT2: lps
# elapsed: 30.003099
# pid: 2180303
# status: 0

#### Pass 3


# COUNT0: 544248
# COUNT1: 1
# COUNT2: lps
# elapsed: 30.003942
# pid: 2724636
# status: 0

*Dump score:     522748.0
Count score:     544248.0
Count score:     544323.0

>>>> Results of 1 copy
>>>> score: 18140.7211451029
>>>> time: 30.0035205
>>>> iterations: 2


########################################################
System Call Overhead -- 1 copy
==> "/mnt/host0/unixbench/UnixBench/pgms/syscall" 10 2>&1 >> "/mnt/host0/unixbench/UnixBench/results/uarf-2025-06-04-04.log"

#### Pass 1


# COUNT0: 8243514
# COUNT1: 1
# COUNT2: lps
# elapsed: 10.004292
# pid: 3268894
# status: 0

#### Pass 2


# COUNT0: 8191301
# COUNT1: 1
# COUNT2: lps
# elapsed: 10.003053
# pid: 3268903
# status: 0

#### Pass 3


# COUNT0: 8449674
# COUNT1: 1
# COUNT2: lps
# elapsed: 10.003215
# pid: 3268912
# status: 0

#### Pass 4


# COUNT0: 8165594
# COUNT1: 1
# COUNT2: lps
# elapsed: 10.003783
# pid: 3268921
# status: 0

#### Pass 5


# COUNT0: 8105313
# COUNT1: 1
# COUNT2: lps
# elapsed: 10.003866
# pid: 3268930
# status: 0

#### Pass 6


# COUNT0: 8031745
# COUNT1: 1
# COUNT2: lps
# elapsed: 10.004835
# pid: 3268939
# status: 0

#### Pass 7


# COUNT0: 8363185
# COUNT1: 1
# COUNT2: lps
# elapsed: 10.004116
# pid: 3268948
# status: 0

#### Pass 8


# COUNT0: 8015071
# COUNT1: 1
# COUNT2: lps
# elapsed: 10.002903
# pid: 3268957
# status: 0

#### Pass 9


# COUNT0: 8275595
# COUNT1: 1
# COUNT2: lps
# elapsed: 10.002939
# pid: 3268966
# status: 0

#### Pass 10


# COUNT0: 8205964
# COUNT1: 1
# COUNT2: lps
# elapsed: 10.003898
# pid: 3268975
# status: 0

*Dump score:    8015071.0
*Dump score:    8031745.0
*Dump score:    8105313.0
Count score:    8165594.0
Count score:    8191301.0
Count score:    8205964.0
Count score:    8243514.0
Count score:    8275595.0
Count score:    8363185.0
Count score:    8449674.0

>>>> Results of 1 copy
>>>> score: 826716.204314901
>>>> time: 10.0036137142857
>>>> iterations: 7


########################################################
Shell Scripts (1 concurrent) -- 1 copy
==> "/mnt/host0/unixbench/UnixBench/pgms/looper" 60 "/mnt/host0/unixbench/UnixBench/pgms/multi.sh" 1 2>&1 >> "/mnt/host0/unixbench/UnixBench/results/uarf-2025-06-04-04.log"

#### Pass 1


# COUNT0: 8464
# COUNT1: 60
# COUNT2: lpm
# elapsed: 60.004235
# pid: 3268984
# status: 0

#### Pass 2


# COUNT0: 8465
# COUNT1: 60
# COUNT2: lpm
# elapsed: 60.009232
# pid: 3345179
# status: 0

#### Pass 3


# COUNT0: 8470
# COUNT1: 60
# COUNT2: lpm
# elapsed: 60.008272
# pid: 3421382
# status: 0

*Dump score:       8464.0
Count score:       8465.0
Count score:       8470.0

>>>> Results of 1 copy
>>>> score: 8466.26468540393
>>>> time: 60.008752
>>>> iterations: 2


########################################################
Shell Scripts (8 concurrent) -- 1 copy
==> "/mnt/host0/unixbench/UnixBench/pgms/looper" 60 "/mnt/host0/unixbench/UnixBench/pgms/multi.sh" 8 2>&1 >> "/mnt/host0/unixbench/UnixBench/results/uarf-2025-06-04-04.log"

#### Pass 1


# COUNT0: 1668
# COUNT1: 60
# COUNT2: lpm
# elapsed: 60.038867
# pid: 3497630
# status: 0

#### Pass 2


# COUNT0: 1669
# COUNT1: 60
# COUNT2: lpm
# elapsed: 60.020002
# pid: 3606124
# status: 0

#### Pass 3


# COUNT0: 1668
# COUNT1: 60
# COUNT2: lpm
# elapsed: 60.027775
# pid: 3714683
# status: 0

*Dump score:       1668.0
Count score:       1668.0
Count score:       1669.0

>>>> Results of 1 copy
>>>> score: 1667.83589361756
>>>> time: 60.0238885
>>>> iterations: 2


########################################################
Dhrystone 2 using register variables -- 2 copies
==> "/mnt/host0/unixbench/UnixBench/pgms/dhry2reg" 10 2>&1 >> "/mnt/host0/unixbench/UnixBench/results/uarf-2025-06-04-04.log"

#### Pass 1


# COUNT0: 613027449
# COUNT1: 1
# COUNT2: lps
# elapsed: 10.004632
# pid: 3823178
# status: 0

# COUNT0: 612929145
# COUNT1: 1
# COUNT2: lps
# elapsed: 10.003614
# pid: 3823179
# status: 0

#### Pass 2


# COUNT0: 612402111
# COUNT1: 1
# COUNT2: lps
# elapsed: 10.004443
# pid: 3823190
# status: 0

# COUNT0: 612370219
# COUNT1: 1
# COUNT2: lps
# elapsed: 10.003296
# pid: 3823191
# status: 0

#### Pass 3


# COUNT0: 616080312
# COUNT1: 1
# COUNT2: lps
# elapsed: 10.003525
# pid: 3823202
# status: 0

# COUNT0: 615878058
# COUNT1: 1
# COUNT2: lps
# elapsed: 10.002452
# pid: 3823203
# status: 0

#### Pass 4


# COUNT0: 628896078
# COUNT1: 1
# COUNT2: lps
# elapsed: 10.004089
# pid: 3823214
# status: 0

# COUNT0: 628702760
# COUNT1: 1
# COUNT2: lps
# elapsed: 10.003054
# pid: 3823215
# status: 0

#### Pass 5


# COUNT0: 607975001
# COUNT1: 1
# COUNT2: lps
# elapsed: 10.004204
# pid: 3823226
# status: 0

# COUNT0: 606139453
# COUNT1: 1
# COUNT2: lps
# elapsed: 10.003074
# pid: 3823227
# status: 0

#### Pass 6


# COUNT0: 625971989
# COUNT1: 1
# COUNT2: lps
# elapsed: 10.003251
# pid: 3823238
# status: 0

# COUNT0: 625960470
# COUNT1: 1
# COUNT2: lps
# elapsed: 10.002399
# pid: 3823239
# status: 0

#### Pass 7


# COUNT0: 612009228
# COUNT1: 1
# COUNT2: lps
# elapsed: 10.004393
# pid: 3823250
# status: 0

# COUNT0: 609289810
# COUNT1: 1
# COUNT2: lps
# elapsed: 10.003361
# pid: 3823251
# status: 0

#### Pass 8


# COUNT0: 622593221
# COUNT1: 1
# COUNT2: lps
# elapsed: 10.004466
# pid: 3823262
# status: 0

# COUNT0: 623159547
# COUNT1: 1
# COUNT2: lps
# elapsed: 10.003326
# pid: 3823263
# status: 0

#### Pass 9


# COUNT0: 612797751
# COUNT1: 1
# COUNT2: lps
# elapsed: 10.004451
# pid: 3823274
# status: 0

# COUNT0: 613556950
# COUNT1: 1
# COUNT2: lps
# elapsed: 10.003321
# pid: 3823275
# status: 0

#### Pass 10


# COUNT0: 592848285
# COUNT1: 1
# COUNT2: lps
# elapsed: 10.003775
# pid: 3823286
# status: 0

# COUNT0: 592898920
# COUNT1: 1
# COUNT2: lps
# elapsed: 10.002745
# pid: 3823287
# status: 0

*Dump score: 1185747205.0
*Dump score: 1214114454.0
*Dump score: 1221299038.0
Count score: 1224772330.0
Count score: 1225956594.0
Count score: 1226354701.0
Count score: 1231958370.0
Count score: 1245752768.0
Count score: 1251932459.0
Count score: 1257598838.0

>>>> Sum of 2 copies
>>>> score: 123725113.126808
>>>> time: 10.0035942142857
>>>> iterations: 7


########################################################
Double-Precision Whetstone -- 2 copies
==> "/mnt/host0/unixbench/UnixBench/pgms/whetstone-double"  2>&1 >> "/mnt/host0/unixbench/UnixBench/results/uarf-2025-06-04-04.log"

#### Pass 1

Calibrate
       0.00 Seconds          1   Passes (x 100)
       0.00 Seconds          5   Passes (x 100)
       0.02 Seconds         25   Passes (x 100)
       0.11 Seconds        125   Passes (x 100)
       0.56 Seconds        625   Passes (x 100)

Use 11170  passes (x 100)

          Double Precision C/C++ Whetstone Benchmark

Loop content                  Result              MFLOPS      MOPS   Seconds

N1 floating point     -1.12398255667392033      2635.256              0.081
N2 floating point     -1.12187079889294417      2901.052              0.517
N3 if then else        1.00000000000000000               10707.944    0.108
N4 fixed point        12.00000000000000000               400332800302.711    0.000
N5 sin,cos etc.        0.49902937281518261                 294.732    3.153
N6 floating point      0.99999987890802811      1533.631              3.929
N7 assignments         3.00000000000000000                7937.002    0.260
N8 exp,sqrt etc.       0.75100163018453958                 225.035    1.846

MWIPS                                          11288.273              9.895

Calibrate
       0.00 Seconds          1   Passes (x 100)
       0.00 Seconds          5   Passes (x 100)
       0.02 Seconds         25   Passes (x 100)
       0.11 Seconds        125   Passes (x 100)
       0.56 Seconds        625   Passes (x 100)

Use 11169  passes (x 100)

          Double Precision C/C++ Whetstone Benchmark

Loop content                  Result              MFLOPS      MOPS   Seconds

N1 floating point     -1.12398255667392033      2635.215              0.081
N2 floating point     -1.12187079889294417      2899.705              0.518
N3 if then else        1.00000000000000000               10719.406    0.108
N4 fixed point        12.00000000000000000                   0.000   -0.000
N5 sin,cos etc.        0.49902937281518261                 294.703    3.153
N6 floating point      0.99999987890802811      1533.479              3.929
N7 assignments         3.00000000000000000                7936.748    0.260
N8 exp,sqrt etc.       0.75100163018453958                 224.996    1.847

MWIPS                                          11286.956              9.895


# COUNT0: 11286.956
# COUNT1: 0
# COUNT2: MWIPS
# TIME: 9.895
# elapsed: 11.384599
# pid: 3823298
# status: 0

# COUNT0: 11288.273
# COUNT1: 0
# COUNT2: MWIPS
# TIME: 9.895
# elapsed: 11.383254
# pid: 3823299
# status: 0

#### Pass 2

Calibrate
       0.00 Seconds          1   Passes (x 100)
       0.00 Seconds          5   Passes (x 100)
       0.02 Seconds         25   Passes (x 100)
       0.11 Seconds        125   Passes (x 100)
       0.56 Seconds        625   Passes (x 100)

Use 11162  passes (x 100)

          Double Precision C/C++ Whetstone Benchmark

Loop content                  Result              MFLOPS      MOPS   Seconds

N1 floating point     -1.12398255667392033      2634.210              0.081
N2 floating point     -1.12187079889294417      2899.927              0.517
N3 if then else        1.00000000000000000               10712.896    0.108
N4 fixed point        12.00000000000000000               78617038116.884    0.000
N5 sin,cos etc.        0.49902937281518261                 294.616    3.152
N6 floating point      0.99999987890802811      1533.605              3.926
N7 assignments         3.00000000000000000                7939.101    0.260
N8 exp,sqrt etc.       0.75100163018453958                 225.110    1.845

MWIPS                                          11287.350              9.889

Calibrate
       0.00 Seconds          1   Passes (x 100)
       0.00 Seconds          5   Passes (x 100)
       0.02 Seconds         25   Passes (x 100)
       0.11 Seconds        125   Passes (x 100)
       0.56 Seconds        625   Passes (x 100)

Use 11165  passes (x 100)

          Double Precision C/C++ Whetstone Benchmark

Loop content                  Result              MFLOPS      MOPS   Seconds

N1 floating point     -1.12398255667392033      2634.293              0.081
N2 floating point     -1.12187079889294417      2900.449              0.517
N3 if then else        1.00000000000000000               10700.180    0.108
N4 fixed point        12.00000000000000000                   0.000   -0.000
N5 sin,cos etc.        0.49902937281518261                 294.590    3.153
N6 floating point      0.99999987890802811      1533.467              3.927
N7 assignments         3.00000000000000000                7931.740    0.260
N8 exp,sqrt etc.       0.75100163018453958                 225.144    1.845

MWIPS                                          11286.639              9.892


# COUNT0: 11286.639
# COUNT1: 0
# COUNT2: MWIPS
# TIME: 9.892
# elapsed: 11.380332
# pid: 3823310
# status: 0

# COUNT0: 11287.350
# COUNT1: 0
# COUNT2: MWIPS
# TIME: 9.889
# elapsed: 11.378113
# pid: 3823311
# status: 0

#### Pass 3

Calibrate
       0.00 Seconds          1   Passes (x 100)
       0.00 Seconds          5   Passes (x 100)
       0.02 Seconds         25   Passes (x 100)
       0.11 Seconds        125   Passes (x 100)
       0.56 Seconds        625   Passes (x 100)

Use 11163  passes (x 100)

          Double Precision C/C++ Whetstone Benchmark

Loop content                  Result              MFLOPS      MOPS   Seconds

N1 floating point     -1.12398255667392033      2634.893              0.081
N2 floating point     -1.12187079889294417      2899.929              0.517
N3 if then else        1.00000000000000000               10688.875    0.108
N4 fixed point        12.00000000000000000               42416195780.575    0.000
N5 sin,cos etc.        0.49902937281518261                 294.192    3.157
N6 floating point      0.99999987890802811      1533.633              3.926
N7 assignments         3.00000000000000000                7939.724    0.260
N8 exp,sqrt etc.       0.75100163018453958                 225.041    1.845

MWIPS                                          11281.382              9.895

Calibrate
       0.00 Seconds          1   Passes (x 100)
       0.00 Seconds          5   Passes (x 100)
       0.02 Seconds         25   Passes (x 100)
       0.11 Seconds        125   Passes (x 100)
       0.56 Seconds        625   Passes (x 100)

Use 11164  passes (x 100)

          Double Precision C/C++ Whetstone Benchmark

Loop content                  Result              MFLOPS      MOPS   Seconds

N1 floating point     -1.12398255667392033      2634.909              0.081
N2 floating point     -1.12187079889294417      2899.577              0.517
N3 if then else        1.00000000000000000               10704.878    0.108
N4 fixed point        12.00000000000000000                   0.000   -0.000
N5 sin,cos etc.        0.49902937281518261                 294.209    3.157
N6 floating point      0.99999987890802811      1533.704              3.926
N7 assignments         3.00000000000000000                7941.016    0.260
N8 exp,sqrt etc.       0.75100163018453958                 224.993    1.846

MWIPS                                          11281.509              9.896


# COUNT0: 11281.509
# COUNT1: 0
# COUNT2: MWIPS
# TIME: 9.896
# elapsed: 11.383978
# pid: 3823322
# status: 0

# COUNT0: 11281.382
# COUNT1: 0
# COUNT2: MWIPS
# TIME: 9.895
# elapsed: 11.382026
# pid: 3823324
# status: 0

#### Pass 4

Calibrate
       0.00 Seconds          1   Passes (x 100)
       0.00 Seconds          5   Passes (x 100)
       0.02 Seconds         25   Passes (x 100)
       0.11 Seconds        125   Passes (x 100)
       0.56 Seconds        625   Passes (x 100)

Use 11170  passes (x 100)

          Double Precision C/C++ Whetstone Benchmark

Loop content                  Result              MFLOPS      MOPS   Seconds

N1 floating point     -1.12398255667392033      2633.169              0.081
N2 floating point     -1.12187079889294417      2900.412              0.518
N3 if then else        1.00000000000000000               10691.129    0.108
N4 fixed point        12.00000000000000000               66053192106.067    0.000
N5 sin,cos etc.        0.49902937281518261                 294.797    3.152
N6 floating point      0.99999987890802811      1533.847              3.928
N7 assignments         3.00000000000000000                7936.025    0.260
N8 exp,sqrt etc.       0.75100163018453958                 225.069    1.846

MWIPS                                          11289.575              9.894

Calibrate
       0.00 Seconds          1   Passes (x 100)
       0.00 Seconds          5   Passes (x 100)
       0.02 Seconds         25   Passes (x 100)
       0.11 Seconds        125   Passes (x 100)
       0.56 Seconds        625   Passes (x 100)

Use 11170  passes (x 100)

          Double Precision C/C++ Whetstone Benchmark

Loop content                  Result              MFLOPS      MOPS   Seconds

N1 floating point     -1.12398255667392033      2633.389              0.081
N2 floating point     -1.12187079889294417      2899.645              0.518
N3 if then else        1.00000000000000000               10711.633    0.108
N4 fixed point        12.00000000000000000               51128978693.486    0.000
N5 sin,cos etc.        0.49902937281518261                 294.825    3.152
N6 floating point      0.99999987890802811      1533.893              3.928
N7 assignments         3.00000000000000000                7938.073    0.260
N8 exp,sqrt etc.       0.75100163018453958                 224.952    1.847

MWIPS                                          11289.126              9.894


# COUNT0: 11289.126
# COUNT1: 0
# COUNT2: MWIPS
# TIME: 9.894
# elapsed: 11.383105
# pid: 3823334
# status: 0

# COUNT0: 11289.575
# COUNT1: 0
# COUNT2: MWIPS
# TIME: 9.894
# elapsed: 11.381983
# pid: 3823335
# status: 0

#### Pass 5

Calibrate
       0.00 Seconds          1   Passes (x 100)
       0.00 Seconds          5   Passes (x 100)
       0.02 Seconds         25   Passes (x 100)
       0.11 Seconds        125   Passes (x 100)
       0.56 Seconds        625   Passes (x 100)

Use 11168  passes (x 100)

          Double Precision C/C++ Whetstone Benchmark

Loop content                  Result              MFLOPS      MOPS   Seconds

N1 floating point     -1.12398255667392033      2634.687              0.081
N2 floating point     -1.12187079889294417      2899.188              0.518
N3 if then else        1.00000000000000000               10712.089    0.108
N4 fixed point        12.00000000000000000                   0.000   -0.000
N5 sin,cos etc.        0.49902937281518261                 294.702    3.153
N6 floating point      0.99999987890802811      1533.609              3.928
N7 assignments         3.00000000000000000                7932.046    0.260
N8 exp,sqrt etc.       0.75100163018453958                 225.087    1.846

MWIPS                                          11287.789              9.894

Calibrate
       0.00 Seconds          1   Passes (x 100)
       0.00 Seconds          5   Passes (x 100)
       0.02 Seconds         25   Passes (x 100)
       0.11 Seconds        125   Passes (x 100)
       0.56 Seconds        625   Passes (x 100)

Use 11169  passes (x 100)

          Double Precision C/C++ Whetstone Benchmark

Loop content                  Result              MFLOPS      MOPS   Seconds

N1 floating point     -1.12398255667392033      2635.091              0.081
N2 floating point     -1.12187079889294417      2900.064              0.518
N3 if then else        1.00000000000000000               10698.966    0.108
N4 fixed point        12.00000000000000000                   0.000   -0.000
N5 sin,cos etc.        0.49902937281518261                 294.774    3.152
N6 floating point      0.99999987890802811      1533.694              3.928
N7 assignments         3.00000000000000000                7933.940    0.260
N8 exp,sqrt etc.       0.75100163018453958                 224.993    1.847

MWIPS                                          11288.144              9.894


# COUNT0: 11287.789
# COUNT1: 0
# COUNT2: MWIPS
# TIME: 9.894
# elapsed: 11.383620
# pid: 3823346
# status: 0

# COUNT0: 11288.144
# COUNT1: 0
# COUNT2: MWIPS
# TIME: 9.894
# elapsed: 11.383081
# pid: 3823347
# status: 0

#### Pass 6

Calibrate
       0.00 Seconds          1   Passes (x 100)
       0.00 Seconds          5   Passes (x 100)
       0.02 Seconds         25   Passes (x 100)
       0.11 Seconds        125   Passes (x 100)
       0.56 Seconds        625   Passes (x 100)

Use 11171  passes (x 100)

          Double Precision C/C++ Whetstone Benchmark

Loop content                  Result              MFLOPS      MOPS   Seconds

N1 floating point     -1.12398255667392033      2631.718              0.081
N2 floating point     -1.12187079889294417      2901.525              0.517
N3 if then else        1.00000000000000000               10703.074    0.108
N4 fixed point        12.00000000000000000               70761684490.604    0.000
N5 sin,cos etc.        0.49902937281518261                 294.610    3.155
N6 floating point      0.99999987890802811      1533.611              3.929
N7 assignments         3.00000000000000000                8002.360    0.258
N8 exp,sqrt etc.       0.75100163018453958                 225.057    1.846

MWIPS                                          11289.272              9.895

Calibrate
       0.00 Seconds          1   Passes (x 100)
       0.00 Seconds          5   Passes (x 100)
       0.02 Seconds         25   Passes (x 100)
       0.11 Seconds        125   Passes (x 100)
       0.56 Seconds        625   Passes (x 100)

Use 11173  passes (x 100)

          Double Precision C/C++ Whetstone Benchmark

Loop content                  Result              MFLOPS      MOPS   Seconds

N1 floating point     -1.12398255667392033      2632.238              0.081
N2 floating point     -1.12187079889294417      2901.444              0.518
N3 if then else        1.00000000000000000               10715.497    0.108
N4 fixed point        12.00000000000000000                   0.000   -0.000
N5 sin,cos etc.        0.49902937281518261                 294.601    3.155
N6 floating point      0.99999987890802811      1533.690              3.930
N7 assignments         3.00000000000000000                8001.280    0.258
N8 exp,sqrt etc.       0.75100163018453958                 225.097    1.846

MWIPS                                          11289.869              9.896


# COUNT0: 11289.869
# COUNT1: 0
# COUNT2: MWIPS
# TIME: 9.896
# elapsed: 11.386485
# pid: 3823358
# status: 0

# COUNT0: 11289.272
# COUNT1: 0
# COUNT2: MWIPS
# TIME: 9.895
# elapsed: 11.384271
# pid: 3823359
# status: 0

#### Pass 7

Calibrate
       0.00 Seconds          1   Passes (x 100)
       0.00 Seconds          5   Passes (x 100)
       0.02 Seconds         25   Passes (x 100)
       0.11 Seconds        125   Passes (x 100)
       0.56 Seconds        625   Passes (x 100)

Use 11169  passes (x 100)

          Double Precision C/C++ Whetstone Benchmark

Loop content                  Result              MFLOPS      MOPS   Seconds

N1 floating point     -1.12398255667392033      2634.486              0.081
N2 floating point     -1.12187079889294417      2901.813              0.517
N3 if then else        1.00000000000000000               10715.045    0.108
N4 fixed point        12.00000000000000000               78239240253.986    0.000
N5 sin,cos etc.        0.49902937281518261                 294.676    3.154
N6 floating point      0.99999987890802811      1533.479              3.929
N7 assignments         3.00000000000000000                7927.059    0.260
N8 exp,sqrt etc.       0.75100163018453958                 225.004    1.847

MWIPS                                          11286.691              9.896

Calibrate
       0.00 Seconds          1   Passes (x 100)
       0.00 Seconds          5   Passes (x 100)
       0.02 Seconds         25   Passes (x 100)
       0.11 Seconds        125   Passes (x 100)
       0.56 Seconds        625   Passes (x 100)

Use 11171  passes (x 100)

          Double Precision C/C++ Whetstone Benchmark

Loop content                  Result              MFLOPS      MOPS   Seconds

N1 floating point     -1.12398255667392033      2634.903              0.081
N2 floating point     -1.12187079889294417      2901.654              0.517
N3 if then else        1.00000000000000000               10705.052    0.108
N4 fixed point        12.00000000000000000               42021197106.154    0.000
N5 sin,cos etc.        0.49902937281518261                 294.661    3.154
N6 floating point      0.99999987890802811      1533.613              3.929
N7 assignments         3.00000000000000000                7924.188    0.261
N8 exp,sqrt etc.       0.75100163018453958                 225.000    1.847

MWIPS                                          11286.626              9.898


# COUNT0: 11286.691
# COUNT1: 0
# COUNT2: MWIPS
# TIME: 9.896
# elapsed: 11.384527
# pid: 3823370
# status: 0

# COUNT0: 11286.626
# COUNT1: 0
# COUNT2: MWIPS
# TIME: 9.898
# elapsed: 11.385005
# pid: 3823371
# status: 0

#### Pass 8

Calibrate
       0.00 Seconds          1   Passes (x 100)
       0.00 Seconds          5   Passes (x 100)
       0.02 Seconds         25   Passes (x 100)
       0.11 Seconds        125   Passes (x 100)
       0.56 Seconds        625   Passes (x 100)

Use 11170  passes (x 100)

          Double Precision C/C++ Whetstone Benchmark

Loop content                  Result              MFLOPS      MOPS   Seconds

N1 floating point     -1.12398255667392033      2634.172              0.081
N2 floating point     -1.12187079889294417      2894.881              0.519
N3 if then else        1.00000000000000000               10706.376    0.108
N4 fixed point        12.00000000000000000               32922857483.856    0.000
N5 sin,cos etc.        0.49902937281518261                 294.728    3.153
N6 floating point      0.99999987890802811      1533.919              3.928
N7 assignments         3.00000000000000000                7932.124    0.260
N8 exp,sqrt etc.       0.75100163018453958                 225.149    1.846

MWIPS                                          11288.634              9.895

Calibrate
       0.00 Seconds          1   Passes (x 100)
       0.00 Seconds          5   Passes (x 100)
       0.02 Seconds         25   Passes (x 100)
       0.11 Seconds        125   Passes (x 100)
       0.56 Seconds        625   Passes (x 100)

Use 11170  passes (x 100)

          Double Precision C/C++ Whetstone Benchmark

Loop content                  Result              MFLOPS      MOPS   Seconds

N1 floating point     -1.12398255667392033      2634.308              0.081
N2 floating point     -1.12187079889294417      2895.372              0.518
N3 if then else        1.00000000000000000               10716.094    0.108
N4 fixed point        12.00000000000000000                   0.000   -0.000
N5 sin,cos etc.        0.49902937281518261                 294.742    3.153
N6 floating point      0.99999987890802811      1533.977              3.928
N7 assignments         3.00000000000000000                7935.692    0.260
N8 exp,sqrt etc.       0.75100163018453958                 225.011    1.847

MWIPS                                          11288.038              9.895


# COUNT0: 11288.038
# COUNT1: 0
# COUNT2: MWIPS
# TIME: 9.895
# elapsed: 11.385675
# pid: 3823382
# status: 0

# COUNT0: 11288.634
# COUNT1: 0
# COUNT2: MWIPS
# TIME: 9.895
# elapsed: 11.383720
# pid: 3823383
# status: 0

#### Pass 9

Calibrate
       0.00 Seconds          1   Passes (x 100)
       0.00 Seconds          5   Passes (x 100)
       0.02 Seconds         25   Passes (x 100)
       0.11 Seconds        125   Passes (x 100)
       0.56 Seconds        625   Passes (x 100)

Use 11164  passes (x 100)

          Double Precision C/C++ Whetstone Benchmark

Loop content                  Result              MFLOPS      MOPS   Seconds

N1 floating point     -1.12398255667392033      2631.936              0.081
N2 floating point     -1.12187079889294417      2901.674              0.517
N3 if then else        1.00000000000000000               10704.193    0.108
N4 fixed point        12.00000000000000000               45484078891.483    0.000
N5 sin,cos etc.        0.49902937281518261                 294.282    3.156
N6 floating point      0.99999987890802811      1533.713              3.926
N7 assignments         3.00000000000000000                7930.423    0.260
N8 exp,sqrt etc.       0.75100163018453958                 225.015    1.846

MWIPS                                          11282.552              9.895

Calibrate
       0.00 Seconds          1   Passes (x 100)
       0.00 Seconds          5   Passes (x 100)
       0.02 Seconds         25   Passes (x 100)
       0.11 Seconds        125   Passes (x 100)
       0.56 Seconds        625   Passes (x 100)

Use 11165  passes (x 100)

          Double Precision C/C++ Whetstone Benchmark

Loop content                  Result              MFLOPS      MOPS   Seconds

N1 floating point     -1.12398255667392033      2631.545              0.081
N2 floating point     -1.12187079889294417      2901.957              0.517
N3 if then else        1.00000000000000000               10717.466    0.108
N4 fixed point        12.00000000000000000               41815762023.781    0.000
N5 sin,cos etc.        0.49902937281518261                 294.327    3.156
N6 floating point      0.99999987890802811      1533.756              3.927
N7 assignments         3.00000000000000000                7924.734    0.260
N8 exp,sqrt etc.       0.75100163018453958                 225.035    1.846

MWIPS                                          11283.389              9.895


# COUNT0: 11283.389
# COUNT1: 0
# COUNT2: MWIPS
# TIME: 9.895
# elapsed: 11.384925
# pid: 3823394
# status: 0

# COUNT0: 11282.552
# COUNT1: 0
# COUNT2: MWIPS
# TIME: 9.895
# elapsed: 11.382991
# pid: 3823395
# status: 0

#### Pass 10

Calibrate
       0.00 Seconds          1   Passes (x 100)
       0.00 Seconds          5   Passes (x 100)
       0.02 Seconds         25   Passes (x 100)
       0.11 Seconds        125   Passes (x 100)
       0.56 Seconds        625   Passes (x 100)

Use 11167  passes (x 100)

          Double Precision C/C++ Whetstone Benchmark

Loop content                  Result              MFLOPS      MOPS   Seconds

N1 floating point     -1.12398255667392033      2634.649              0.081
N2 floating point     -1.12187079889294417      2901.242              0.517
N3 if then else        1.00000000000000000               10709.340    0.108
N4 fixed point        12.00000000000000000                   0.000   -0.000
N5 sin,cos etc.        0.49902937281518261                 294.522    3.155
N6 floating point      0.99999987890802811      1533.045              3.929
N7 assignments         3.00000000000000000                7932.982    0.260
N8 exp,sqrt etc.       0.75100163018453958                 225.020    1.846

MWIPS                                          11283.746              9.897

Calibrate
       0.00 Seconds          1   Passes (x 100)
       0.00 Seconds          5   Passes (x 100)
       0.02 Seconds         25   Passes (x 100)
       0.11 Seconds        125   Passes (x 100)
       0.56 Seconds        625   Passes (x 100)

Use 11167  passes (x 100)

          Double Precision C/C++ Whetstone Benchmark

Loop content                  Result              MFLOPS      MOPS   Seconds

N1 floating point     -1.12398255667392033      2634.257              0.081
N2 floating point     -1.12187079889294417      2901.922              0.517
N3 if then else        1.00000000000000000               10706.475    0.108
N4 fixed point        12.00000000000000000               34041607964.870    0.000
N5 sin,cos etc.        0.49902937281518261                 294.556    3.154
N6 floating point      0.99999987890802811      1533.116              3.929
N7 assignments         3.00000000000000000                7913.022    0.261
N8 exp,sqrt etc.       0.75100163018453958                 225.047    1.846

MWIPS                                          11283.956              9.896


# COUNT0: 11283.746
# COUNT1: 0
# COUNT2: MWIPS
# TIME: 9.897
# elapsed: 11.385327
# pid: 3823406
# status: 0

# COUNT0: 11283.956
# COUNT1: 0
# COUNT2: MWIPS
# TIME: 9.896
# elapsed: 11.385054
# pid: 3823407
# status: 0

*Dump score:      22562.9
*Dump score:      22565.9
*Dump score:      22567.7
Count score:      22573.3
Count score:      22574.0
Count score:      22575.2
Count score:      22575.9
Count score:      22576.7
Count score:      22578.7
Count score:      22579.1

>>>> Sum of 2 copies
>>>> score: 22576.1401929605
>>>> time: 9.89442857142857
>>>> iterations: 7


########################################################
Execl Throughput -- 2 copies
==> "/mnt/host0/unixbench/UnixBench/pgms/execl" 30 2>&1 >> "/mnt/host0/unixbench/UnixBench/results/uarf-2025-06-04-04.log"

#### Pass 1


# COUNT0: 61914
# COUNT1: 1
# COUNT2: lps
# elapsed: 29.764807
# pid: 3823418
# status: 0

# COUNT0: 61917
# COUNT1: 1
# COUNT2: lps
# elapsed: 29.763682
# pid: 3823419
# status: 0

#### Pass 2


# COUNT0: 62991
# COUNT1: 1
# COUNT2: lps
# elapsed: 29.986798
# pid: 3823430
# status: 0

# COUNT0: 62979
# COUNT1: 1
# COUNT2: lps
# elapsed: 29.984936
# pid: 3823431
# status: 0

#### Pass 3


# COUNT0: 63618
# COUNT1: 1
# COUNT2: lps
# elapsed: 29.986601
# pid: 3823443
# status: 0

# COUNT0: 63249
# COUNT1: 1
# COUNT2: lps
# elapsed: 29.985467
# pid: 3823444
# status: 0

*Dump score:     123831.0
Count score:     125970.0
Count score:     126867.0

>>>> Sum of 2 copies
>>>> score: 4215.89785580542
>>>> time: 29.9859505
>>>> iterations: 2


########################################################
File Copy 1024 bufsize 2000 maxblocks -- 2 copies
==> "/mnt/host0/unixbench/UnixBench/pgms/fstime" -c -t 30 -d "/mnt/host0/unixbench/UnixBench/tmp" -b 1024 -m 2000 2>&1 >> "/mnt/host0/unixbench/UnixBench/results/uarf-2025-06-04-04.log"

#### Pass 1

Write done: 392000 in 2.0369, score 48113
Read done: 375048 in 2.0000, score 46880
Copy done: 2703972 in 30.0000, score 22533
Write done: 392000 in 2.0405, score 48028
Read done: 375116 in 2.0000, score 46889
Copy done: 2705428 in 30.0001, score 22545

# COUNT0: 22545
# COUNT1: 0
# COUNT2: KBps
# TIME: 30.0
# elapsed: 45.050311
# pid: 3823455
# status: 0

# COUNT0: 22533
# COUNT1: 0
# COUNT2: KBps
# TIME: 30.0
# elapsed: 45.048314
# pid: 3823456
# status: 0

#### Pass 2

Write done: 344000 in 2.0194, score 42586
Read done: 385244 in 2.0000, score 48155
Copy done: 2781140 in 30.0000, score 23176
Write done: 344000 in 2.0320, score 42323
Read done: 391788 in 2.0000, score 48973
Copy done: 2785392 in 30.0000, score 23211

# COUNT0: 23211
# COUNT1: 0
# COUNT2: KBps
# TIME: 30.0
# elapsed: 45.041797
# pid: 3823467
# status: 0

# COUNT0: 23176
# COUNT1: 0
# COUNT2: KBps
# TIME: 30.0
# elapsed: 45.028796
# pid: 3823468
# status: 0

#### Pass 3

Write done: 384000 in 2.0360, score 47150
Read done: 344308 in 2.0000, score 43038
Copy done: 2721920 in 30.0000, score 22682
Write done: 384000 in 2.0391, score 47078
Read done: 333728 in 2.0000, score 41715
Copy done: 2727620 in 30.0000, score 22730

# COUNT0: 22682
# COUNT1: 0
# COUNT2: KBps
# TIME: 30.0
# elapsed: 45.045859
# pid: 3823479
# status: 0

# COUNT0: 22730
# COUNT1: 0
# COUNT2: KBps
# TIME: 30.0
# elapsed: 45.046903
# pid: 3823480
# status: 0

*Dump score:      45078.0
Count score:      45412.0
Count score:      46387.0

>>>> Sum of 2 copies
>>>> score: 45896.911050745
>>>> time: 30
>>>> iterations: 2


########################################################
File Copy 256 bufsize 500 maxblocks -- 2 copies
==> "/mnt/host0/unixbench/UnixBench/pgms/fstime" -c -t 30 -d "/mnt/host0/unixbench/UnixBench/tmp" -b 256 -m 500 2>&1 >> "/mnt/host0/unixbench/UnixBench/results/uarf-2025-06-04-04.log"

#### Pass 1

Write done: 90000 in 2.0003, score 11248
Read done: 92416 in 2.0000, score 11551
Copy done: 678390 in 30.0001, score 5653
Write done: 90000 in 2.0051, score 11221
Read done: 92400 in 2.0000, score 11549
Copy done: 679654 in 30.0000, score 5663

# COUNT0: 5663
# COUNT1: 0
# COUNT2: KBps
# TIME: 30.0
# elapsed: 45.014657
# pid: 3823491
# status: 0

# COUNT0: 5653
# COUNT1: 0
# COUNT2: KBps
# TIME: 30.0
# elapsed: 45.009680
# pid: 3823492
# status: 0

#### Pass 2

Write done: 92000 in 2.0438, score 11253
Read done: 82846 in 2.0000, score 10355
Copy done: 680426 in 30.0001, score 5670
Write done: 92000 in 2.0454, score 11244
Read done: 83170 in 2.0000, score 10396
Copy done: 681816 in 30.0001, score 5681

# COUNT0: 5681
# COUNT1: 0
# COUNT2: KBps
# TIME: 30.0
# elapsed: 45.054841
# pid: 3823503
# status: 0

# COUNT0: 5670
# COUNT1: 0
# COUNT2: KBps
# TIME: 30.0
# elapsed: 45.053346
# pid: 3823504
# status: 0

#### Pass 3

Write done: 86000 in 2.0105, score 10693
Read done: 91349 in 2.0000, score 11418
Copy done: 681112 in 30.0000, score 5675
Write done: 86000 in 2.0135, score 10678
Read done: 91492 in 2.0000, score 11436
Copy done: 679860 in 30.0000, score 5665

# COUNT0: 5675
# COUNT1: 0
# COUNT2: KBps
# TIME: 30.0
# elapsed: 45.021179
# pid: 3823515
# status: 0

# COUNT0: 5665
# COUNT1: 0
# COUNT2: KBps
# TIME: 30.0
# elapsed: 45.021851
# pid: 3823516
# status: 0

*Dump score:      11316.0
Count score:      11340.0
Count score:      11351.0

>>>> Sum of 2 copies
>>>> score: 11345.4986668723
>>>> time: 30
>>>> iterations: 2


########################################################
File Copy 4096 bufsize 8000 maxblocks -- 2 copies
==> "/mnt/host0/unixbench/UnixBench/pgms/fstime" -c -t 30 -d "/mnt/host0/unixbench/UnixBench/tmp" -b 4096 -m 8000 2>&1 >> "/mnt/host0/unixbench/UnixBench/results/uarf-2025-06-04-04.log"

#### Pass 1

Write done: 1504000 in 2.0198, score 186152
Read done: 1453152 in 2.0000, score 181642
Copy done: 10599024 in 30.0000, score 88325
Write done: 1504000 in 2.0269, score 185503
Read done: 1459008 in 2.0000, score 182375
Copy done: 10591936 in 30.0000, score 88265

# COUNT0: 88325
# COUNT1: 0
# COUNT2: KBps
# TIME: 30.0
# elapsed: 45.032332
# pid: 3823528
# status: 0

# COUNT0: 88265
# COUNT1: 0
# COUNT2: KBps
# TIME: 30.0
# elapsed: 45.036719
# pid: 3823529
# status: 0

#### Pass 2

Write done: 1440000 in 2.0010, score 179908
Read done: 1471040 in 2.0000, score 183876
Copy done: 10486928 in 30.0001, score 87390
Write done: 1440000 in 2.0235, score 177912
Read done: 1485168 in 2.0000, score 185645
Copy done: 10469728 in 30.0000, score 87247

# COUNT0: 87390
# COUNT1: 0
# COUNT2: KBps
# TIME: 30.0
# elapsed: 45.012689
# pid: 3823540
# status: 0

# COUNT0: 87247
# COUNT1: 0
# COUNT2: KBps
# TIME: 30.0
# elapsed: 45.033097
# pid: 3823541
# status: 0

#### Pass 3

Write done: 1472000 in 2.0044, score 183598
Read done: 1368304 in 2.0000, score 171035
Copy done: 10274880 in 30.0000, score 85623
Write done: 1504000 in 2.0308, score 185146
Read done: 1366528 in 2.0000, score 170815
Copy done: 10286224 in 30.0000, score 85718

# COUNT0: 85623
# COUNT1: 0
# COUNT2: KBps
# TIME: 30.0
# elapsed: 45.026859
# pid: 3823552
# status: 0

# COUNT0: 85718
# COUNT1: 0
# COUNT2: KBps
# TIME: 30.0
# elapsed: 45.050960
# pid: 3823553
# status: 0

*Dump score:     171341.0
Count score:     174637.0
Count score:     176590.0

>>>> Sum of 2 copies
>>>> score: 175610.785061738
>>>> time: 30
>>>> iterations: 2


########################################################
Pipe Throughput -- 2 copies
==> "/mnt/host0/unixbench/UnixBench/pgms/pipe" 10 2>&1 >> "/mnt/host0/unixbench/UnixBench/results/uarf-2025-06-04-04.log"

#### Pass 1


# COUNT0: 10615675
# COUNT1: 1
# COUNT2: lps
# elapsed: 10.004203
# pid: 3823564
# status: 0

# COUNT0: 10615963
# COUNT1: 1
# COUNT2: lps
# elapsed: 10.003032
# pid: 3823565
# status: 0

#### Pass 2


# COUNT0: 10653167
# COUNT1: 1
# COUNT2: lps
# elapsed: 10.005812
# pid: 3823576
# status: 0

# COUNT0: 10651868
# COUNT1: 1
# COUNT2: lps
# elapsed: 10.003080
# pid: 3823577
# status: 0

#### Pass 3


# COUNT0: 10581099
# COUNT1: 1
# COUNT2: lps
# elapsed: 10.003501
# pid: 3823588
# status: 0

# COUNT0: 10585673
# COUNT1: 1
# COUNT2: lps
# elapsed: 10.002300
# pid: 3823589
# status: 0

#### Pass 4


# COUNT0: 10467622
# COUNT1: 1
# COUNT2: lps
# elapsed: 10.003931
# pid: 3823600
# status: 0

# COUNT0: 10468106
# COUNT1: 1
# COUNT2: lps
# elapsed: 10.002756
# pid: 3823601
# status: 0

#### Pass 5


# COUNT0: 10700107
# COUNT1: 1
# COUNT2: lps
# elapsed: 10.004525
# pid: 3823612
# status: 0

# COUNT0: 10698404
# COUNT1: 1
# COUNT2: lps
# elapsed: 10.003384
# pid: 3823613
# status: 0

#### Pass 6


# COUNT0: 10512562
# COUNT1: 1
# COUNT2: lps
# elapsed: 10.003767
# pid: 3823624
# status: 0

# COUNT0: 10511337
# COUNT1: 1
# COUNT2: lps
# elapsed: 10.002367
# pid: 3823625
# status: 0

#### Pass 7


# COUNT0: 10603952
# COUNT1: 1
# COUNT2: lps
# elapsed: 10.005187
# pid: 3823636
# status: 0

# COUNT0: 10601498
# COUNT1: 1
# COUNT2: lps
# elapsed: 10.004049
# pid: 3823637
# status: 0

#### Pass 8


# COUNT0: 10477646
# COUNT1: 1
# COUNT2: lps
# elapsed: 10.003220
# pid: 3823648
# status: 0

# COUNT0: 10483839
# COUNT1: 1
# COUNT2: lps
# elapsed: 10.002116
# pid: 3823649
# status: 0

#### Pass 9


# COUNT0: 10558270
# COUNT1: 1
# COUNT2: lps
# elapsed: 10.004505
# pid: 3823660
# status: 0

# COUNT0: 10557307
# COUNT1: 1
# COUNT2: lps
# elapsed: 10.003430
# pid: 3823661
# status: 0

#### Pass 10


# COUNT0: 10598964
# COUNT1: 1
# COUNT2: lps
# elapsed: 10.004668
# pid: 3823672
# status: 0

# COUNT0: 10599565
# COUNT1: 1
# COUNT2: lps
# elapsed: 10.003578
# pid: 3823673
# status: 0

*Dump score:   20935728.0
*Dump score:   20961485.0
*Dump score:   21023899.0
Count score:   21115577.0
Count score:   21166772.0
Count score:   21198529.0
Count score:   21205450.0
Count score:   21231638.0
Count score:   21305035.0
Count score:   21398511.0

>>>> Sum of 2 copies
>>>> score: 2122309.15086281
>>>> time: 10.0039467142857
>>>> iterations: 7


########################################################
Pipe-based Context Switching -- 2 copies
==> "/mnt/host0/unixbench/UnixBench/pgms/context1" 10 2>&1 >> "/mnt/host0/unixbench/UnixBench/results/uarf-2025-06-04-04.log"

#### Pass 1


# COUNT0: 2737918
# COUNT1: 1
# COUNT2: lps
# elapsed: 10.004918
# pid: 3823684
# status: 0

# COUNT0: 2792914
# COUNT1: 1
# COUNT2: lps
# elapsed: 10.003467
# pid: 3823685
# status: 0

#### Pass 2


# COUNT0: 2754172
# COUNT1: 1
# COUNT2: lps
# elapsed: 10.005334
# pid: 3823698
# status: 0

# COUNT0: 2759287
# COUNT1: 1
# COUNT2: lps
# elapsed: 10.004429
# pid: 3823699
# status: 0

#### Pass 3


# COUNT0: 2743216
# COUNT1: 1
# COUNT2: lps
# elapsed: 10.003582
# pid: 3823712
# status: 0

# COUNT0: 2769437
# COUNT1: 1
# COUNT2: lps
# elapsed: 10.002515
# pid: 3823713
# status: 0

#### Pass 4


# COUNT0: 2764021
# COUNT1: 1
# COUNT2: lps
# elapsed: 10.003658
# pid: 3823726
# status: 0

# COUNT0: 2762517
# COUNT1: 1
# COUNT2: lps
# elapsed: 10.002628
# pid: 3823727
# status: 0

#### Pass 5


# COUNT0: 2778589
# COUNT1: 1
# COUNT2: lps
# elapsed: 10.004682
# pid: 3823741
# status: 0

# COUNT0: 2763490
# COUNT1: 1
# COUNT2: lps
# elapsed: 10.003861
# pid: 3823742
# status: 0

#### Pass 6


# COUNT0: 2747008
# COUNT1: 1
# COUNT2: lps
# elapsed: 10.004430
# pid: 3823755
# status: 0

# COUNT0: 2775879
# COUNT1: 1
# COUNT2: lps
# elapsed: 10.003157
# pid: 3823756
# status: 0

#### Pass 7


# COUNT0: 2759143
# COUNT1: 1
# COUNT2: lps
# elapsed: 10.003890
# pid: 3823769
# status: 0

# COUNT0: 2756527
# COUNT1: 1
# COUNT2: lps
# elapsed: 10.002766
# pid: 3823770
# status: 0

#### Pass 8


# COUNT0: 2763635
# COUNT1: 1
# COUNT2: lps
# elapsed: 10.003603
# pid: 3823783
# status: 0

# COUNT0: 2812772
# COUNT1: 1
# COUNT2: lps
# elapsed: 10.002598
# pid: 3823784
# status: 0

#### Pass 9


# COUNT0: 2765784
# COUNT1: 1
# COUNT2: lps
# elapsed: 10.003743
# pid: 3823800
# status: 0

# COUNT0: 2800077
# COUNT1: 1
# COUNT2: lps
# elapsed: 10.002577
# pid: 3823801
# status: 0

#### Pass 10


# COUNT0: 2739181
# COUNT1: 1
# COUNT2: lps
# elapsed: 10.003838
# pid: 3823814
# status: 0

# COUNT0: 2802682
# COUNT1: 1
# COUNT2: lps
# elapsed: 10.002703
# pid: 3823815
# status: 0

*Dump score:    5512653.0
*Dump score:    5513459.0
*Dump score:    5515670.0
Count score:    5522887.0
Count score:    5526538.0
Count score:    5530832.0
Count score:    5541863.0
Count score:    5542079.0
Count score:    5565861.0
Count score:    5576407.0

>>>> Sum of 2 copies
>>>> score: 554177.55712955
>>>> time: 10.0035616428571
>>>> iterations: 7


########################################################
Process Creation -- 2 copies
==> "/mnt/host0/unixbench/UnixBench/pgms/spawn" 30 2>&1 >> "/mnt/host0/unixbench/UnixBench/results/uarf-2025-06-04-04.log"

#### Pass 1


# COUNT0: 501250
# COUNT1: 1
# COUNT2: lps
# elapsed: 30.004470
# pid: 3823828
# status: 0

# COUNT0: 512468
# COUNT1: 1
# COUNT2: lps
# elapsed: 30.004248
# pid: 3823829
# status: 0

#### Pass 2


# COUNT0: 496656
# COUNT1: 1
# COUNT2: lps
# elapsed: 30.003830
# pid: 643556
# status: 0

# COUNT0: 497446
# COUNT1: 1
# COUNT2: lps
# elapsed: 30.002792
# pid: 643557
# status: 0

#### Pass 3


# COUNT0: 522673
# COUNT1: 1
# COUNT2: lps
# elapsed: 30.004682
# pid: 1637672
# status: 0

# COUNT0: 512579
# COUNT1: 1
# COUNT2: lps
# elapsed: 30.003814
# pid: 1637673
# status: 0

*Dump score:     994102.0
Count score:    1013718.0
Count score:    1035252.0

>>>> Sum of 2 copies
>>>> score: 34142.7162149276
>>>> time: 30.0043035
>>>> iterations: 2


########################################################
System Call Overhead -- 2 copies
==> "/mnt/host0/unixbench/UnixBench/pgms/syscall" 10 2>&1 >> "/mnt/host0/unixbench/UnixBench/results/uarf-2025-06-04-04.log"

#### Pass 1


# COUNT0: 6869547
# COUNT1: 1
# COUNT2: lps
# elapsed: 10.003930
# pid: 2672942
# status: 0

# COUNT0: 6819728
# COUNT1: 1
# COUNT2: lps
# elapsed: 10.002829
# pid: 2672943
# status: 0

#### Pass 2


# COUNT0: 6784954
# COUNT1: 1
# COUNT2: lps
# elapsed: 10.003743
# pid: 2672954
# status: 0

# COUNT0: 6778394
# COUNT1: 1
# COUNT2: lps
# elapsed: 10.002625
# pid: 2672955
# status: 0

#### Pass 3


# COUNT0: 6874114
# COUNT1: 1
# COUNT2: lps
# elapsed: 10.004620
# pid: 2672966
# status: 0

# COUNT0: 6888148
# COUNT1: 1
# COUNT2: lps
# elapsed: 10.003698
# pid: 2672967
# status: 0

#### Pass 4


# COUNT0: 6641228
# COUNT1: 1
# COUNT2: lps
# elapsed: 10.004177
# pid: 2672978
# status: 0

# COUNT0: 6668574
# COUNT1: 1
# COUNT2: lps
# elapsed: 10.003452
# pid: 2672979
# status: 0

#### Pass 5


# COUNT0: 6646778
# COUNT1: 1
# COUNT2: lps
# elapsed: 10.004103
# pid: 2672990
# status: 0

# COUNT0: 6694742
# COUNT1: 1
# COUNT2: lps
# elapsed: 10.003006
# pid: 2672991
# status: 0

#### Pass 6


# COUNT0: 6671527
# COUNT1: 1
# COUNT2: lps
# elapsed: 10.004482
# pid: 2673002
# status: 0

# COUNT0: 6692496
# COUNT1: 1
# COUNT2: lps
# elapsed: 10.003343
# pid: 2673003
# status: 0

#### Pass 7


# COUNT0: 6494478
# COUNT1: 1
# COUNT2: lps
# elapsed: 10.003570
# pid: 2673014
# status: 0

# COUNT0: 6619131
# COUNT1: 1
# COUNT2: lps
# elapsed: 10.002497
# pid: 2673015
# status: 0

#### Pass 8


# COUNT0: 6734695
# COUNT1: 1
# COUNT2: lps
# elapsed: 10.004543
# pid: 2673026
# status: 0

# COUNT0: 6641524
# COUNT1: 1
# COUNT2: lps
# elapsed: 10.003485
# pid: 2673027
# status: 0

#### Pass 9


# COUNT0: 6684412
# COUNT1: 1
# COUNT2: lps
# elapsed: 10.004849
# pid: 2673038
# status: 0

# COUNT0: 6786244
# COUNT1: 1
# COUNT2: lps
# elapsed: 10.003696
# pid: 2673039
# status: 0

#### Pass 10


# COUNT0: 6595620
# COUNT1: 1
# COUNT2: lps
# elapsed: 10.003602
# pid: 2673050
# status: 0

# COUNT0: 6580770
# COUNT1: 1
# COUNT2: lps
# elapsed: 10.002481
# pid: 2673051
# status: 0

*Dump score:   13113609.0
*Dump score:   13176390.0
*Dump score:   13309802.0
Count score:   13341520.0
Count score:   13364023.0
Count score:   13376219.0
Count score:   13470656.0
Count score:   13563348.0
Count score:   13689275.0
Count score:   13762262.0

>>>> Sum of 2 copies
>>>> score: 1350362.3291695
>>>> time: 10.0037822857143
>>>> iterations: 7


########################################################
Shell Scripts (1 concurrent) -- 2 copies
==> "/mnt/host0/unixbench/UnixBench/pgms/looper" 60 "/mnt/host0/unixbench/UnixBench/pgms/multi.sh" 1 2>&1 >> "/mnt/host0/unixbench/UnixBench/results/uarf-2025-06-04-04.log"

#### Pass 1


# COUNT0: 5267
# COUNT1: 60
# COUNT2: lpm
# elapsed: 60.009194
# pid: 2673062
# status: 0

# COUNT0: 5284
# COUNT1: 60
# COUNT2: lpm
# elapsed: 60.009943
# pid: 2673063
# status: 0

#### Pass 2


# COUNT0: 5263
# COUNT1: 60
# COUNT2: lpm
# elapsed: 60.017310
# pid: 2768053
# status: 0

# COUNT0: 5268
# COUNT1: 60
# COUNT2: lpm
# elapsed: 60.017282
# pid: 2768054
# status: 0

#### Pass 3


# COUNT0: 5256
# COUNT1: 60
# COUNT2: lpm
# elapsed: 60.009963
# pid: 2862862
# status: 0

# COUNT0: 5256
# COUNT1: 60
# COUNT2: lpm
# elapsed: 60.007437
# pid: 2862863
# status: 0

*Dump score:      10512.0
Count score:      10531.0
Count score:      10551.0

>>>> Sum of 2 copies
>>>> score: 10538.6359852418
>>>> time: 60.01343225
>>>> iterations: 2


########################################################
Shell Scripts (8 concurrent) -- 2 copies
==> "/mnt/host0/unixbench/UnixBench/pgms/looper" 60 "/mnt/host0/unixbench/UnixBench/pgms/multi.sh" 8 2>&1 >> "/mnt/host0/unixbench/UnixBench/results/uarf-2025-06-04-04.log"

#### Pass 1


# COUNT0: 852
# COUNT1: 60
# COUNT2: lpm
# elapsed: 60.022182
# pid: 2957500
# status: 0

# COUNT0: 852
# COUNT1: 60
# COUNT2: lpm
# elapsed: 60.022537
# pid: 2957501
# status: 0

#### Pass 2


# COUNT0: 849
# COUNT1: 60
# COUNT2: lpm
# elapsed: 60.050381
# pid: 3068402
# status: 0

# COUNT0: 849
# COUNT1: 60
# COUNT2: lpm
# elapsed: 60.050479
# pid: 3068403
# status: 0

#### Pass 3


# COUNT0: 852
# COUNT1: 60
# COUNT2: lpm
# elapsed: 60.026433
# pid: 3178914
# status: 0

# COUNT0: 852
# COUNT1: 60
# COUNT2: lpm
# elapsed: 60.024156
# pid: 3178915
# status: 0

*Dump score:       1698.0
Count score:       1704.0
Count score:       1704.0

>>>> Sum of 2 copies
>>>> score: 1703.323582326
>>>> time: 60.023827
>>>> iterations: 2

