
########################################################
Dhrystone 2 using register variables -- 1 copy
==> "/mnt/host0/unixbench/UnixBench/pgms/dhry2reg" 10 2>&1 >> "/mnt/host0/unixbench/UnixBench/results/uarf-2025-06-03-01.log"

#### Pass 1


# COUNT0: 820487547
# COUNT1: 1
# COUNT2: lps
# elapsed: 10.005975
# pid: 415
# status: 0

#### Pass 2


# COUNT0: 813740679
# COUNT1: 1
# COUNT2: lps
# elapsed: 10.004283
# pid: 424
# status: 0

#### Pass 3


# COUNT0: 839133270
# COUNT1: 1
# COUNT2: lps
# elapsed: 10.003664
# pid: 433
# status: 0

#### Pass 4


# COUNT0: 815454228
# COUNT1: 1
# COUNT2: lps
# elapsed: 10.003301
# pid: 442
# status: 0

#### Pass 5


# COUNT0: 839608662
# COUNT1: 1
# COUNT2: lps
# elapsed: 10.003264
# pid: 451
# status: 0

#### Pass 6


# COUNT0: 808848568
# COUNT1: 1
# COUNT2: lps
# elapsed: 10.004344
# pid: 460
# status: 0

#### Pass 7


# COUNT0: 803626443
# COUNT1: 1
# COUNT2: lps
# elapsed: 10.003189
# pid: 469
# status: 0

#### Pass 8


# COUNT0: 811545469
# COUNT1: 1
# COUNT2: lps
# elapsed: 10.003392
# pid: 478
# status: 0

#### Pass 9


# COUNT0: 815492742
# COUNT1: 1
# COUNT2: lps
# elapsed: 10.004120
# pid: 487
# status: 0

#### Pass 10


# COUNT0: 798978625
# COUNT1: 1
# COUNT2: lps
# elapsed: 10.003430
# pid: 496
# status: 0

*Dump score:  798978625.0
*Dump score:  803626443.0
*Dump score:  808848568.0
Count score:  811545469.0
Count score:  813740679.0
Count score:  815454228.0
Count score:  815492742.0
Count score:  820487547.0
Count score:  839133270.0
Count score:  839608662.0

>>>> Results of 1 copy
>>>> score: 82180533.4424299
>>>> time: 10.0039998571429
>>>> iterations: 7


########################################################
Double-Precision Whetstone -- 1 copy
==> "/mnt/host0/unixbench/UnixBench/pgms/whetstone-double"  2>&1 >> "/mnt/host0/unixbench/UnixBench/results/uarf-2025-06-03-01.log"

#### Pass 1

Calibrate
       0.00 Seconds          1   Passes (x 100)
       0.00 Seconds          5   Passes (x 100)
       0.02 Seconds         25   Passes (x 100)
       0.11 Seconds        125   Passes (x 100)
       0.52 Seconds        625   Passes (x 100)

Use 12024  passes (x 100)

          Double Precision C/C++ Whetstone Benchmark

Loop content                  Result              MFLOPS      MOPS   Seconds

N1 floating point     -1.12398255667392033      2660.401              0.087
N2 floating point     -1.12187079889294417      2968.272              0.544
N3 if then else        1.00000000000000000               16039.832    0.078
N4 fixed point        12.00000000000000000               1034256361296.224    0.000
N5 sin,cos etc.        0.49902937281518261                 355.468    2.814
N6 floating point      0.99999987890802811      1537.695              4.218
N7 assignments         3.00000000000000000                8074.727    0.275
N8 exp,sqrt etc.       0.75100163018453958                 241.040    1.856

MWIPS                                          12180.141              9.872


# COUNT0: 12180.141
# COUNT1: 0
# COUNT2: MWIPS
# TIME: 9.872
# elapsed: 11.359113
# pid: 505
# status: 0

#### Pass 2

Calibrate
       0.00 Seconds          1   Passes (x 100)
       0.00 Seconds          5   Passes (x 100)
       0.02 Seconds         25   Passes (x 100)
       0.11 Seconds        125   Passes (x 100)
       0.52 Seconds        625   Passes (x 100)

Use 12024  passes (x 100)

          Double Precision C/C++ Whetstone Benchmark

Loop content                  Result              MFLOPS      MOPS   Seconds

N1 floating point     -1.12398255667392033      2657.944              0.087
N2 floating point     -1.12187079889294417      2952.340              0.547
N3 if then else        1.00000000000000000               16017.744    0.078
N4 fixed point        12.00000000000000000               99328342444.200    0.000
N5 sin,cos etc.        0.49902937281518261                 355.464    2.814
N6 floating point      0.99999987890802811      1537.292              4.219
N7 assignments         3.00000000000000000                8074.575    0.275
N8 exp,sqrt etc.       0.75100163018453958                 240.986    1.856

MWIPS                                          12174.372              9.876


# COUNT0: 12174.372
# COUNT1: 0
# COUNT2: MWIPS
# TIME: 9.876
# elapsed: 11.364497
# pid: 514
# status: 0

#### Pass 3

Calibrate
       0.00 Seconds          1   Passes (x 100)
       0.00 Seconds          5   Passes (x 100)
       0.02 Seconds         25   Passes (x 100)
       0.11 Seconds        125   Passes (x 100)
       0.52 Seconds        625   Passes (x 100)

Use 12019  passes (x 100)

          Double Precision C/C++ Whetstone Benchmark

Loop content                  Result              MFLOPS      MOPS   Seconds

N1 floating point     -1.12398255667392033      2663.441              0.087
N2 floating point     -1.12187079889294417      2967.883              0.544
N3 if then else        1.00000000000000000               16028.227    0.078
N4 fixed point        12.00000000000000000                   0.000   -0.000
N5 sin,cos etc.        0.49902937281518261                 355.527    2.813
N6 floating point      0.99999987890802811      1536.613              4.219
N7 assignments         3.00000000000000000                8071.454    0.275
N8 exp,sqrt etc.       0.75100163018453958                 241.014    1.855

MWIPS                                          12176.638              9.871


# COUNT0: 12176.638
# COUNT1: 0
# COUNT2: MWIPS
# TIME: 9.871
# elapsed: 11.356312
# pid: 523
# status: 0

#### Pass 4

Calibrate
       0.00 Seconds          1   Passes (x 100)
       0.00 Seconds          5   Passes (x 100)
       0.02 Seconds         25   Passes (x 100)
       0.11 Seconds        125   Passes (x 100)
       0.52 Seconds        625   Passes (x 100)

Use 12017  passes (x 100)

          Double Precision C/C++ Whetstone Benchmark

Loop content                  Result              MFLOPS      MOPS   Seconds

N1 floating point     -1.12398255667392033      2656.862              0.087
N2 floating point     -1.12187079889294417      2964.182              0.545
N3 if then else        1.00000000000000000               16038.583    0.078
N4 fixed point        12.00000000000000000               33969194250.041    0.000
N5 sin,cos etc.        0.49902937281518261                 355.060    2.816
N6 floating point      0.99999987890802811      1537.163              4.217
N7 assignments         3.00000000000000000                8074.218    0.275
N8 exp,sqrt etc.       0.75100163018453958                 240.925    1.855

MWIPS                                          12172.164              9.873


# COUNT0: 12172.164
# COUNT1: 0
# COUNT2: MWIPS
# TIME: 9.873
# elapsed: 11.360429
# pid: 532
# status: 0

#### Pass 5

Calibrate
       0.00 Seconds          1   Passes (x 100)
       0.00 Seconds          5   Passes (x 100)
       0.02 Seconds         25   Passes (x 100)
       0.11 Seconds        125   Passes (x 100)
       0.52 Seconds        625   Passes (x 100)

Use 12028  passes (x 100)

          Double Precision C/C++ Whetstone Benchmark

Loop content                  Result              MFLOPS      MOPS   Seconds

N1 floating point     -1.12398255667392033      2657.067              0.087
N2 floating point     -1.12187079889294417      2968.911              0.544
N3 if then else        1.00000000000000000               16039.791    0.078
N4 fixed point        12.00000000000000000               223295058849.369    0.000
N5 sin,cos etc.        0.49902937281518261                 355.366    2.816
N6 floating point      0.99999987890802811      1536.932              4.221
N7 assignments         3.00000000000000000                8071.429    0.275
N8 exp,sqrt etc.       0.75100163018453958                 240.944    1.857

MWIPS                                          12175.517              9.879


# COUNT0: 12175.517
# COUNT1: 0
# COUNT2: MWIPS
# TIME: 9.879
# elapsed: 11.366203
# pid: 541
# status: 0

#### Pass 6

Calibrate
       0.00 Seconds          1   Passes (x 100)
       0.00 Seconds          5   Passes (x 100)
       0.02 Seconds         25   Passes (x 100)
       0.11 Seconds        125   Passes (x 100)
       0.52 Seconds        625   Passes (x 100)

Use 12027  passes (x 100)

          Double Precision C/C++ Whetstone Benchmark

Loop content                  Result              MFLOPS      MOPS   Seconds

N1 floating point     -1.12398255667392033      2656.448              0.087
N2 floating point     -1.12187079889294417      2964.712              0.545
N3 if then else        1.00000000000000000               16045.088    0.078
N4 fixed point        12.00000000000000000                   0.000   -0.000
N5 sin,cos etc.        0.49902937281518261                 355.567    2.814
N6 floating point      0.99999987890802811      1537.787              4.219
N7 assignments         3.00000000000000000                8075.246    0.275
N8 exp,sqrt etc.       0.75100163018453958                 241.091    1.856

MWIPS                                          12181.000              9.874


# COUNT0: 12181.000
# COUNT1: 0
# COUNT2: MWIPS
# TIME: 9.874
# elapsed: 11.361217
# pid: 550
# status: 0

#### Pass 7

Calibrate
       0.00 Seconds          1   Passes (x 100)
       0.00 Seconds          5   Passes (x 100)
       0.02 Seconds         25   Passes (x 100)
       0.11 Seconds        125   Passes (x 100)
       0.52 Seconds        625   Passes (x 100)

Use 12027  passes (x 100)

          Double Precision C/C++ Whetstone Benchmark

Loop content                  Result              MFLOPS      MOPS   Seconds

N1 floating point     -1.12398255667392033      2656.753              0.087
N2 floating point     -1.12187079889294417      2971.103              0.544
N3 if then else        1.00000000000000000               16043.257    0.078
N4 fixed point        12.00000000000000000               47184239673.528    0.000
N5 sin,cos etc.        0.49902937281518261                 355.395    2.816
N6 floating point      0.99999987890802811      1537.167              4.220
N7 assignments         3.00000000000000000                8071.342    0.275
N8 exp,sqrt etc.       0.75100163018453958                 240.905    1.857

MWIPS                                          12176.728              9.877


# COUNT0: 12176.728
# COUNT1: 0
# COUNT2: MWIPS
# TIME: 9.877
# elapsed: 11.364893
# pid: 559
# status: 0

#### Pass 8

Calibrate
       0.00 Seconds          1   Passes (x 100)
       0.00 Seconds          5   Passes (x 100)
       0.02 Seconds         25   Passes (x 100)
       0.11 Seconds        125   Passes (x 100)
       0.52 Seconds        625   Passes (x 100)

Use 12022  passes (x 100)

          Double Precision C/C++ Whetstone Benchmark

Loop content                  Result              MFLOPS      MOPS   Seconds

N1 floating point     -1.12398255667392033      2658.678              0.087
N2 floating point     -1.12187079889294417      2969.045              0.544
N3 if then else        1.00000000000000000               16034.933    0.078
N4 fixed point        12.00000000000000000               99951767706.811    0.000
N5 sin,cos etc.        0.49902937281518261                 355.568    2.813
N6 floating point      0.99999987890802811      1537.558              4.218
N7 assignments         3.00000000000000000                8068.658    0.275
N8 exp,sqrt etc.       0.75100163018453958                 240.901    1.856

MWIPS                                          12179.163              9.871


# COUNT0: 12179.163
# COUNT1: 0
# COUNT2: MWIPS
# TIME: 9.871
# elapsed: 11.358922
# pid: 569
# status: 0

#### Pass 9

Calibrate
       0.00 Seconds          1   Passes (x 100)
       0.00 Seconds          5   Passes (x 100)
       0.02 Seconds         25   Passes (x 100)
       0.11 Seconds        125   Passes (x 100)
       0.52 Seconds        625   Passes (x 100)

Use 12027  passes (x 100)

          Double Precision C/C++ Whetstone Benchmark

Loop content                  Result              MFLOPS      MOPS   Seconds

N1 floating point     -1.12398255667392033      2657.359              0.087
N2 floating point     -1.12187079889294417      2970.131              0.544
N3 if then else        1.00000000000000000               16011.441    0.078
N4 fixed point        12.00000000000000000                   0.000   -0.000
N5 sin,cos etc.        0.49902937281518261                 355.417    2.815
N6 floating point      0.99999987890802811      1537.714              4.219
N7 assignments         3.00000000000000000                8070.526    0.275
N8 exp,sqrt etc.       0.75100163018453958                 241.063    1.856

MWIPS                                          12179.872              9.874


# COUNT0: 12179.872
# COUNT1: 0
# COUNT2: MWIPS
# TIME: 9.874
# elapsed: 11.361891
# pid: 578
# status: 0

#### Pass 10

Calibrate
       0.00 Seconds          1   Passes (x 100)
       0.00 Seconds          5   Passes (x 100)
       0.02 Seconds         25   Passes (x 100)
       0.11 Seconds        125   Passes (x 100)
       0.52 Seconds        625   Passes (x 100)

Use 11982  passes (x 100)

          Double Precision C/C++ Whetstone Benchmark

Loop content                  Result              MFLOPS      MOPS   Seconds

N1 floating point     -1.12398255667392033      2657.190              0.087
N2 floating point     -1.12187079889294417      2966.465              0.543
N3 if then else        1.00000000000000000               16036.104    0.077
N4 fixed point        12.00000000000000000                   0.000   -0.000
N5 sin,cos etc.        0.49902937281518261                 355.512    2.804
N6 floating point      0.99999987890802811      1537.317              4.204
N7 assignments         3.00000000000000000                8074.483    0.274
N8 exp,sqrt etc.       0.75100163018453958                 241.056    1.849

MWIPS                                          12178.873              9.838


# COUNT0: 12178.873
# COUNT1: 0
# COUNT2: MWIPS
# TIME: 9.838
# elapsed: 11.325096
# pid: 589
# status: 0

*Dump score:      12172.2
*Dump score:      12174.4
*Dump score:      12175.5
Count score:      12176.6
Count score:      12176.7
Count score:      12178.9
Count score:      12179.2
Count score:      12179.9
Count score:      12180.1
Count score:      12181.0

>>>> Results of 1 copy
>>>> score: 12178.9163300541
>>>> time: 9.86814285714286
>>>> iterations: 7


########################################################
Execl Throughput -- 1 copy
==> "/mnt/host0/unixbench/UnixBench/pgms/execl" 30 2>&1 >> "/mnt/host0/unixbench/UnixBench/results/uarf-2025-06-03-01.log"

#### Pass 1


# COUNT0: 89910
# COUNT1: 1
# COUNT2: lps
# elapsed: 29.879639
# pid: 598
# status: 0

#### Pass 2


# COUNT0: 90395
# COUNT1: 1
# COUNT2: lps
# elapsed: 29.989284
# pid: 607
# status: 0

#### Pass 3


# COUNT0: 90535
# COUNT1: 1
# COUNT2: lps
# elapsed: 29.989219
# pid: 616
# status: 0

*Dump score:      89910.0
Count score:      90395.0
Count score:      90535.0

>>>> Results of 1 copy
>>>> score: 3016.57988755578
>>>> time: 29.9892515
>>>> iterations: 2


########################################################
File Copy 1024 bufsize 2000 maxblocks -- 1 copy
==> "/mnt/host0/unixbench/UnixBench/pgms/fstime" -c -t 30 -d "/mnt/host0/unixbench/UnixBench/tmp" -b 1024 -m 2000 2>&1 >> "/mnt/host0/unixbench/UnixBench/results/uarf-2025-06-03-01.log"

#### Pass 1

Write done: 424000 in 2.0347, score 52096
Read done: 423108 in 2.0000, score 52887
Copy done: 3129684 in 30.0000, score 26080

# COUNT0: 26080
# COUNT1: 0
# COUNT2: KBps
# TIME: 30.0
# elapsed: 45.053168
# pid: 625
# status: 0

#### Pass 2

Write done: 424000 in 2.0337, score 52121
Read done: 416852 in 2.0000, score 52105
Copy done: 3144660 in 30.0000, score 26205

# COUNT0: 26205
# COUNT1: 0
# COUNT2: KBps
# TIME: 30.0
# elapsed: 45.042241
# pid: 634
# status: 0

#### Pass 3

Write done: 416000 in 2.0026, score 51931
Read done: 416724 in 2.0000, score 52089
Copy done: 3160928 in 30.0000, score 26341

# COUNT0: 26341
# COUNT1: 0
# COUNT2: KBps
# TIME: 30.0
# elapsed: 45.012170
# pid: 643
# status: 0

*Dump score:      26080.0
Count score:      26205.0
Count score:      26341.0

>>>> Results of 1 copy
>>>> score: 26272.9120007661
>>>> time: 30
>>>> iterations: 2


########################################################
File Copy 256 bufsize 500 maxblocks -- 1 copy
==> "/mnt/host0/unixbench/UnixBench/pgms/fstime" -c -t 30 -d "/mnt/host0/unixbench/UnixBench/tmp" -b 256 -m 500 2>&1 >> "/mnt/host0/unixbench/UnixBench/results/uarf-2025-06-03-01.log"

#### Pass 1

Write done: 106000 in 2.0174, score 13136
Read done: 102934 in 2.0000, score 12866
Copy done: 780293 in 30.0000, score 6502

# COUNT0: 6502
# COUNT1: 0
# COUNT2: KBps
# TIME: 30.0
# elapsed: 45.026229
# pid: 652
# status: 0

#### Pass 2

Write done: 104000 in 2.0060, score 12961
Read done: 105186 in 2.0000, score 13148
Copy done: 781723 in 30.0000, score 6514

# COUNT0: 6514
# COUNT1: 0
# COUNT2: KBps
# TIME: 30.0
# elapsed: 45.023074
# pid: 664
# status: 0

#### Pass 3

Write done: 104000 in 2.0039, score 12974
Read done: 104242 in 2.0000, score 13030
Copy done: 783463 in 30.0000, score 6528

# COUNT0: 6528
# COUNT1: 0
# COUNT2: KBps
# TIME: 30.0
# elapsed: 45.012014
# pid: 674
# status: 0

*Dump score:       6502.0
Count score:       6514.0
Count score:       6528.0

>>>> Results of 1 copy
>>>> score: 6520.99624290645
>>>> time: 30
>>>> iterations: 2


########################################################
File Copy 4096 bufsize 8000 maxblocks -- 1 copy
==> "/mnt/host0/unixbench/UnixBench/pgms/fstime" -c -t 30 -d "/mnt/host0/unixbench/UnixBench/tmp" -b 4096 -m 8000 2>&1 >> "/mnt/host0/unixbench/UnixBench/results/uarf-2025-06-03-01.log"

#### Pass 1

Write done: 1664000 in 2.0044, score 207544
Read done: 1644592 in 2.0000, score 205572
Copy done: 12269504 in 30.0000, score 102245

# COUNT0: 102245
# COUNT1: 0
# COUNT2: KBps
# TIME: 30.0
# elapsed: 45.014113
# pid: 683
# status: 0

#### Pass 2

Write done: 1632000 in 2.0041, score 203578
Read done: 1642624 in 2.0000, score 205325
Copy done: 12298032 in 30.0000, score 102483

# COUNT0: 102483
# COUNT1: 0
# COUNT2: KBps
# TIME: 30.0
# elapsed: 45.013608
# pid: 692
# status: 0

#### Pass 3

Write done: 1664000 in 2.0326, score 204663
Read done: 1652160 in 2.0000, score 206517
Copy done: 12202288 in 30.0000, score 101685

# COUNT0: 101685
# COUNT1: 0
# COUNT2: KBps
# TIME: 30.0
# elapsed: 45.042432
# pid: 701
# status: 0

*Dump score:     101685.0
Count score:     102245.0
Count score:     102483.0

>>>> Results of 1 copy
>>>> score: 102363.930830151
>>>> time: 30
>>>> iterations: 2


########################################################
Pipe Throughput -- 1 copy
==> "/mnt/host0/unixbench/UnixBench/pgms/pipe" 10 2>&1 >> "/mnt/host0/unixbench/UnixBench/results/uarf-2025-06-03-01.log"

#### Pass 1


# COUNT0: 12914435
# COUNT1: 1
# COUNT2: lps
# elapsed: 10.002975
# pid: 710
# status: 0

#### Pass 2


# COUNT0: 12615619
# COUNT1: 1
# COUNT2: lps
# elapsed: 10.002836
# pid: 719
# status: 0

#### Pass 3


# COUNT0: 12792008
# COUNT1: 1
# COUNT2: lps
# elapsed: 10.003166
# pid: 728
# status: 0

#### Pass 4


# COUNT0: 12642249
# COUNT1: 1
# COUNT2: lps
# elapsed: 10.003379
# pid: 740
# status: 0

#### Pass 5


# COUNT0: 12819407
# COUNT1: 1
# COUNT2: lps
# elapsed: 10.003207
# pid: 749
# status: 0

#### Pass 6


# COUNT0: 12607491
# COUNT1: 1
# COUNT2: lps
# elapsed: 10.002961
# pid: 758
# status: 0

#### Pass 7


# COUNT0: 12755306
# COUNT1: 1
# COUNT2: lps
# elapsed: 10.003957
# pid: 767
# status: 0

#### Pass 8


# COUNT0: 12565978
# COUNT1: 1
# COUNT2: lps
# elapsed: 10.002467
# pid: 776
# status: 0

#### Pass 9


# COUNT0: 12670107
# COUNT1: 1
# COUNT2: lps
# elapsed: 10.003520
# pid: 786
# status: 0

#### Pass 10


# COUNT0: 12470817
# COUNT1: 1
# COUNT2: lps
# elapsed: 10.003720
# pid: 795
# status: 0

*Dump score:   12470817.0
*Dump score:   12565978.0
*Dump score:   12607491.0
Count score:   12615619.0
Count score:   12642249.0
Count score:   12670107.0
Count score:   12755306.0
Count score:   12792008.0
Count score:   12819407.0
Count score:   12914435.0

>>>> Results of 1 copy
>>>> score: 1273957.96536498
>>>> time: 10.0032914285714
>>>> iterations: 7


########################################################
Pipe-based Context Switching -- 1 copy
==> "/mnt/host0/unixbench/UnixBench/pgms/context1" 10 2>&1 >> "/mnt/host0/unixbench/UnixBench/results/uarf-2025-06-03-01.log"

#### Pass 1


# COUNT0: 1020498
# COUNT1: 1
# COUNT2: lps
# elapsed: 10.002930
# pid: 804
# status: 0

#### Pass 2


# COUNT0: 1025102
# COUNT1: 1
# COUNT2: lps
# elapsed: 10.004234
# pid: 814
# status: 0

#### Pass 3


# COUNT0: 1030965
# COUNT1: 1
# COUNT2: lps
# elapsed: 10.003332
# pid: 824
# status: 0

#### Pass 4


# COUNT0: 1033951
# COUNT1: 1
# COUNT2: lps
# elapsed: 10.003514
# pid: 834
# status: 0

#### Pass 5


# COUNT0: 1031028
# COUNT1: 1
# COUNT2: lps
# elapsed: 10.002706
# pid: 844
# status: 0

#### Pass 6


# COUNT0: 1050851
# COUNT1: 1
# COUNT2: lps
# elapsed: 10.003167
# pid: 854
# status: 0

#### Pass 7


# COUNT0: 1057855
# COUNT1: 1
# COUNT2: lps
# elapsed: 10.003738
# pid: 864
# status: 0

#### Pass 8


# COUNT0: 1021701
# COUNT1: 1
# COUNT2: lps
# elapsed: 10.002911
# pid: 874
# status: 0

#### Pass 9


# COUNT0: 1036831
# COUNT1: 1
# COUNT2: lps
# elapsed: 10.003578
# pid: 884
# status: 0

#### Pass 10


# COUNT0: 1029693
# COUNT1: 1
# COUNT2: lps
# elapsed: 10.003332
# pid: 894
# status: 0

*Dump score:    1020498.0
*Dump score:    1021701.0
*Dump score:    1025102.0
Count score:    1029693.0
Count score:    1030965.0
Count score:    1031028.0
Count score:    1033951.0
Count score:    1036831.0
Count score:    1050851.0
Count score:    1057855.0

>>>> Results of 1 copy
>>>> score: 103834.19195873
>>>> time: 10.0033381428571
>>>> iterations: 7


########################################################
Process Creation -- 1 copy
==> "/mnt/host0/unixbench/UnixBench/pgms/spawn" 30 2>&1 >> "/mnt/host0/unixbench/UnixBench/results/uarf-2025-06-03-01.log"

#### Pass 1


# COUNT0: 518343
# COUNT1: 1
# COUNT2: lps
# elapsed: 30.003503
# pid: 904
# status: 0

#### Pass 2


# COUNT0: 510173
# COUNT1: 1
# COUNT2: lps
# elapsed: 30.002859
# pid: 519257
# status: 0

#### Pass 3


# COUNT0: 528180
# COUNT1: 1
# COUNT2: lps
# elapsed: 30.002953
# pid: 1029440
# status: 0

*Dump score:     510173.0
Count score:     518343.0
Count score:     528180.0

>>>> Results of 1 copy
>>>> score: 17439.4029637211
>>>> time: 30.003228
>>>> iterations: 2


########################################################
System Call Overhead -- 1 copy
==> "/mnt/host0/unixbench/UnixBench/pgms/syscall" 10 2>&1 >> "/mnt/host0/unixbench/UnixBench/results/uarf-2025-06-03-01.log"

#### Pass 1


# COUNT0: 8151063
# COUNT1: 1
# COUNT2: lps
# elapsed: 10.004718
# pid: 1557630
# status: 0

#### Pass 2


# COUNT0: 8053187
# COUNT1: 1
# COUNT2: lps
# elapsed: 10.003295
# pid: 1557639
# status: 0

#### Pass 3


# COUNT0: 8109462
# COUNT1: 1
# COUNT2: lps
# elapsed: 10.004491
# pid: 1557648
# status: 0

#### Pass 4


# COUNT0: 8066644
# COUNT1: 1
# COUNT2: lps
# elapsed: 10.003204
# pid: 1557657
# status: 0

#### Pass 5


# COUNT0: 8325314
# COUNT1: 1
# COUNT2: lps
# elapsed: 10.003805
# pid: 1557666
# status: 0

#### Pass 6


# COUNT0: 8184393
# COUNT1: 1
# COUNT2: lps
# elapsed: 10.006234
# pid: 1557675
# status: 0

#### Pass 7


# COUNT0: 8120454
# COUNT1: 1
# COUNT2: lps
# elapsed: 10.003293
# pid: 1557685
# status: 0

#### Pass 8


# COUNT0: 8103044
# COUNT1: 1
# COUNT2: lps
# elapsed: 10.003990
# pid: 1557694
# status: 0

#### Pass 9


# COUNT0: 8047336
# COUNT1: 1
# COUNT2: lps
# elapsed: 10.003429
# pid: 1557703
# status: 0

#### Pass 10


# COUNT0: 8209486
# COUNT1: 1
# COUNT2: lps
# elapsed: 10.003305
# pid: 1557712
# status: 0

*Dump score:    8047336.0
*Dump score:    8053187.0
*Dump score:    8066644.0
Count score:    8103044.0
Count score:    8109462.0
Count score:    8120454.0
Count score:    8151063.0
Count score:    8184393.0
Count score:    8209486.0
Count score:    8325314.0

>>>> Results of 1 copy
>>>> score: 816808.675701289
>>>> time: 10.0042622857143
>>>> iterations: 7


########################################################
Shell Scripts (1 concurrent) -- 1 copy
==> "/mnt/host0/unixbench/UnixBench/pgms/looper" 60 "/mnt/host0/unixbench/UnixBench/pgms/multi.sh" 1 2>&1 >> "/mnt/host0/unixbench/UnixBench/results/uarf-2025-06-03-01.log"

#### Pass 1


# COUNT0: 8718
# COUNT1: 60
# COUNT2: lpm
# elapsed: 60.008349
# pid: 1557721
# status: 0

#### Pass 2


# COUNT0: 8748
# COUNT1: 60
# COUNT2: lpm
# elapsed: 60.003940
# pid: 1636201
# status: 0

#### Pass 3


# COUNT0: 8736
# COUNT1: 60
# COUNT2: lpm
# elapsed: 60.010027
# pid: 1714951
# status: 0

*Dump score:       8718.0
Count score:       8736.0
Count score:       8748.0

>>>> Results of 1 copy
>>>> score: 8740.98057492103
>>>> time: 60.0069835
>>>> iterations: 2


########################################################
Shell Scripts (8 concurrent) -- 1 copy
==> "/mnt/host0/unixbench/UnixBench/pgms/looper" 60 "/mnt/host0/unixbench/UnixBench/pgms/multi.sh" 8 2>&1 >> "/mnt/host0/unixbench/UnixBench/results/uarf-2025-06-03-01.log"

#### Pass 1


# COUNT0: 1732
# COUNT1: 60
# COUNT2: lpm
# elapsed: 60.037813
# pid: 1793593
# status: 0

#### Pass 2


# COUNT0: 1722
# COUNT1: 60
# COUNT2: lpm
# elapsed: 60.036301
# pid: 1906247
# status: 0

#### Pass 3


# COUNT0: 1724
# COUNT1: 60
# COUNT2: lpm
# elapsed: 60.036000
# pid: 2018252
# status: 0

*Dump score:       1722.0
Count score:       1724.0
Count score:       1732.0

>>>> Results of 1 copy
>>>> score: 1726.93311960816
>>>> time: 60.0369065
>>>> iterations: 2


########################################################
Dhrystone 2 using register variables -- 2 copies
==> "/mnt/host0/unixbench/UnixBench/pgms/dhry2reg" 10 2>&1 >> "/mnt/host0/unixbench/UnixBench/results/uarf-2025-06-03-01.log"

#### Pass 1


# COUNT0: 624292456
# COUNT1: 1
# COUNT2: lps
# elapsed: 10.004186
# pid: 2130386
# status: 0

# COUNT0: 623838033
# COUNT1: 1
# COUNT2: lps
# elapsed: 10.003088
# pid: 2130387
# status: 0

#### Pass 2


# COUNT0: 618089133
# COUNT1: 1
# COUNT2: lps
# elapsed: 10.004852
# pid: 2130398
# status: 0

# COUNT0: 618248548
# COUNT1: 1
# COUNT2: lps
# elapsed: 10.003760
# pid: 2130399
# status: 0

#### Pass 3


# COUNT0: 627122943
# COUNT1: 1
# COUNT2: lps
# elapsed: 10.004932
# pid: 2130410
# status: 0

# COUNT0: 626855939
# COUNT1: 1
# COUNT2: lps
# elapsed: 10.003586
# pid: 2130411
# status: 0

#### Pass 4


# COUNT0: 622989920
# COUNT1: 1
# COUNT2: lps
# elapsed: 10.004015
# pid: 2130422
# status: 0

# COUNT0: 621712712
# COUNT1: 1
# COUNT2: lps
# elapsed: 10.002996
# pid: 2130423
# status: 0

#### Pass 5


# COUNT0: 630522473
# COUNT1: 1
# COUNT2: lps
# elapsed: 10.004206
# pid: 2130434
# status: 0

# COUNT0: 630677585
# COUNT1: 1
# COUNT2: lps
# elapsed: 10.003121
# pid: 2130435
# status: 0

#### Pass 6


# COUNT0: 611720802
# COUNT1: 1
# COUNT2: lps
# elapsed: 10.004291
# pid: 2130446
# status: 0

# COUNT0: 610506950
# COUNT1: 1
# COUNT2: lps
# elapsed: 10.003652
# pid: 2130447
# status: 0

#### Pass 7


# COUNT0: 627707399
# COUNT1: 1
# COUNT2: lps
# elapsed: 10.005541
# pid: 2130458
# status: 0

# COUNT0: 627439718
# COUNT1: 1
# COUNT2: lps
# elapsed: 10.003668
# pid: 2130459
# status: 0

#### Pass 8


# COUNT0: 616712561
# COUNT1: 1
# COUNT2: lps
# elapsed: 10.003794
# pid: 2130470
# status: 0

# COUNT0: 618270544
# COUNT1: 1
# COUNT2: lps
# elapsed: 10.002600
# pid: 2130471
# status: 0

#### Pass 9


# COUNT0: 621038734
# COUNT1: 1
# COUNT2: lps
# elapsed: 10.004225
# pid: 2130482
# status: 0

# COUNT0: 620243857
# COUNT1: 1
# COUNT2: lps
# elapsed: 10.003851
# pid: 2130484
# status: 0

#### Pass 10


# COUNT0: 611320212
# COUNT1: 1
# COUNT2: lps
# elapsed: 10.003422
# pid: 2130494
# status: 0

# COUNT0: 608344369
# COUNT1: 1
# COUNT2: lps
# elapsed: 10.002427
# pid: 2130495
# status: 0

*Dump score: 1219664581.0
*Dump score: 1222227752.0
*Dump score: 1234983105.0
Count score: 1236337681.0
Count score: 1241282591.0
Count score: 1244702632.0
Count score: 1248130489.0
Count score: 1253978882.0
Count score: 1255147117.0
Count score: 1261200058.0

>>>> Sum of 2 copies
>>>> score: 124815754.428743
>>>> time: 10.0040019285714
>>>> iterations: 7


########################################################
Double-Precision Whetstone -- 2 copies
==> "/mnt/host0/unixbench/UnixBench/pgms/whetstone-double"  2>&1 >> "/mnt/host0/unixbench/UnixBench/results/uarf-2025-06-03-01.log"

#### Pass 1

Calibrate
       0.00 Seconds          1   Passes (x 100)
       0.00 Seconds          5   Passes (x 100)
       0.02 Seconds         25   Passes (x 100)
       0.11 Seconds        125   Passes (x 100)
       0.56 Seconds        625   Passes (x 100)

Use 11170  passes (x 100)

          Double Precision C/C++ Whetstone Benchmark

Loop content                  Result              MFLOPS      MOPS   Seconds

N1 floating point     -1.12398255667392033      2638.177              0.081
N2 floating point     -1.12187079889294417      2903.537              0.517
N3 if then else        1.00000000000000000               10708.055    0.108
N4 fixed point        12.00000000000000000                   0.000   -0.000
N5 sin,cos etc.        0.49902937281518261                 295.466    3.145
N6 floating point      0.99999987890802811      1534.793              3.926
N7 assignments         3.00000000000000000                7938.375    0.260
N8 exp,sqrt etc.       0.75100163018453958                 225.324    1.844

MWIPS                                          11303.987              9.881

Calibrate
       0.00 Seconds          1   Passes (x 100)
       0.00 Seconds          5   Passes (x 100)
       0.02 Seconds         25   Passes (x 100)
       0.11 Seconds        125   Passes (x 100)
       0.56 Seconds        625   Passes (x 100)

Use 11167  passes (x 100)

          Double Precision C/C++ Whetstone Benchmark

Loop content                  Result              MFLOPS      MOPS   Seconds

N1 floating point     -1.12398255667392033      2637.692              0.081
N2 floating point     -1.12187079889294417      2900.991              0.517
N3 if then else        1.00000000000000000               10715.103    0.108
N4 fixed point        12.00000000000000000                   0.000   -0.000
N5 sin,cos etc.        0.49902937281518261                 295.352    3.146
N6 floating point      0.99999987890802811      1534.229              3.926
N7 assignments         3.00000000000000000                7934.203    0.260
N8 exp,sqrt etc.       0.75100163018453958                 225.227    1.844

MWIPS                                          11299.428              9.883


# COUNT0: 11299.428
# COUNT1: 0
# COUNT2: MWIPS
# TIME: 9.883
# elapsed: 11.369607
# pid: 2130506
# status: 0

# COUNT0: 11303.987
# COUNT1: 0
# COUNT2: MWIPS
# TIME: 9.881
# elapsed: 11.367325
# pid: 2130507
# status: 0

#### Pass 2

Calibrate
       0.00 Seconds          1   Passes (x 100)
       0.00 Seconds          5   Passes (x 100)
       0.02 Seconds         25   Passes (x 100)
       0.11 Seconds        125   Passes (x 100)
       0.56 Seconds        625   Passes (x 100)

Use 11177  passes (x 100)

          Double Precision C/C++ Whetstone Benchmark

Loop content                  Result              MFLOPS      MOPS   Seconds

N1 floating point     -1.12398255667392033      2637.326              0.081
N2 floating point     -1.12187079889294417      2902.663              0.518
N3 if then else        1.00000000000000000               10711.578    0.108
N4 fixed point        12.00000000000000000               55976757809.043    0.000
N5 sin,cos etc.        0.49902937281518261                 295.471    3.147
N6 floating point      0.99999987890802811      1534.835              3.928
N7 assignments         3.00000000000000000                7939.352    0.260
N8 exp,sqrt etc.       0.75100163018453958                 225.467    1.844

MWIPS                                          11305.366              9.886

Calibrate
       0.00 Seconds          1   Passes (x 100)
       0.00 Seconds          5   Passes (x 100)
       0.02 Seconds         25   Passes (x 100)
       0.11 Seconds        125   Passes (x 100)
       0.56 Seconds        625   Passes (x 100)

Use 11176  passes (x 100)

          Double Precision C/C++ Whetstone Benchmark

Loop content                  Result              MFLOPS      MOPS   Seconds

N1 floating point     -1.12398255667392033      2637.264              0.081
N2 floating point     -1.12187079889294417      2900.839              0.518
N3 if then else        1.00000000000000000               10703.683    0.108
N4 fixed point        12.00000000000000000               57363391342.044    0.000
N5 sin,cos etc.        0.49902937281518261                 295.448    3.147
N6 floating point      0.99999987890802811      1534.513              3.928
N7 assignments         3.00000000000000000                7937.542    0.260
N8 exp,sqrt etc.       0.75100163018453958                 225.406    1.844

MWIPS                                          11303.055              9.888


# COUNT0: 11303.055
# COUNT1: 0
# COUNT2: MWIPS
# TIME: 9.888
# elapsed: 11.375632
# pid: 2130518
# status: 0

# COUNT0: 11305.366
# COUNT1: 0
# COUNT2: MWIPS
# TIME: 9.886
# elapsed: 11.373596
# pid: 2130519
# status: 0

#### Pass 3

Calibrate
       0.00 Seconds          1   Passes (x 100)
       0.00 Seconds          5   Passes (x 100)
       0.02 Seconds         25   Passes (x 100)
       0.11 Seconds        125   Passes (x 100)
       0.56 Seconds        625   Passes (x 100)

Use 11183  passes (x 100)

          Double Precision C/C++ Whetstone Benchmark

Loop content                  Result              MFLOPS      MOPS   Seconds

N1 floating point     -1.12398255667392033      2636.810              0.081
N2 floating point     -1.12187079889294417      2901.714              0.518
N3 if then else        1.00000000000000000               10683.317    0.108
N4 fixed point        12.00000000000000000               46135104333.782    0.000
N5 sin,cos etc.        0.49902937281518261                 295.425    3.149
N6 floating point      0.99999987890802811      1534.041              3.932
N7 assignments         3.00000000000000000                7945.112    0.260
N8 exp,sqrt etc.       0.75100163018453958                 225.304    1.846

MWIPS                                          11300.642              9.896

Calibrate
       0.00 Seconds          1   Passes (x 100)
       0.00 Seconds          5   Passes (x 100)
       0.02 Seconds         25   Passes (x 100)
       0.11 Seconds        125   Passes (x 100)
       0.56 Seconds        625   Passes (x 100)

Use 11183  passes (x 100)

          Double Precision C/C++ Whetstone Benchmark

Loop content                  Result              MFLOPS      MOPS   Seconds

N1 floating point     -1.12398255667392033      2636.635              0.081
N2 floating point     -1.12187079889294417      2903.116              0.518
N3 if then else        1.00000000000000000               10690.116    0.108
N4 fixed point        12.00000000000000000                   0.000   -0.000
N5 sin,cos etc.        0.49902937281518261                 295.377    3.150
N6 floating point      0.99999987890802811      1534.151              3.932
N7 assignments         3.00000000000000000                7944.255    0.260
N8 exp,sqrt etc.       0.75100163018453958                 225.311    1.846

MWIPS                                          11300.775              9.896


# COUNT0: 11300.775
# COUNT1: 0
# COUNT2: MWIPS
# TIME: 9.896
# elapsed: 11.384067
# pid: 2130530
# status: 0

# COUNT0: 11300.642
# COUNT1: 0
# COUNT2: MWIPS
# TIME: 9.896
# elapsed: 11.382812
# pid: 2130531
# status: 0

#### Pass 4

Calibrate
       0.00 Seconds          1   Passes (x 100)
       0.00 Seconds          5   Passes (x 100)
       0.02 Seconds         25   Passes (x 100)
       0.11 Seconds        125   Passes (x 100)
       0.56 Seconds        625   Passes (x 100)

Use 11185  passes (x 100)

          Double Precision C/C++ Whetstone Benchmark

Loop content                  Result              MFLOPS      MOPS   Seconds

N1 floating point     -1.12398255667392033      2634.577              0.082
N2 floating point     -1.12187079889294417      2903.791              0.518
N3 if then else        1.00000000000000000               10710.037    0.108
N4 fixed point        12.00000000000000000               33042551644.418    0.000
N5 sin,cos etc.        0.49902937281518261                 295.355    3.151
N6 floating point      0.99999987890802811      1534.756              3.931
N7 assignments         3.00000000000000000                7954.907    0.260
N8 exp,sqrt etc.       0.75100163018453958                 225.455    1.846

MWIPS                                          11304.318              9.894

Calibrate
       0.00 Seconds          1   Passes (x 100)
       0.00 Seconds          5   Passes (x 100)
       0.02 Seconds         25   Passes (x 100)
       0.11 Seconds        125   Passes (x 100)
       0.56 Seconds        625   Passes (x 100)

Use 11185  passes (x 100)

          Double Precision C/C++ Whetstone Benchmark

Loop content                  Result              MFLOPS      MOPS   Seconds

N1 floating point     -1.12398255667392033      2634.525              0.082
N2 floating point     -1.12187079889294417      2901.746              0.518
N3 if then else        1.00000000000000000               10716.773    0.108
N4 fixed point        12.00000000000000000                   0.000   -0.000
N5 sin,cos etc.        0.49902937281518261                 295.304    3.151
N6 floating point      0.99999987890802811      1534.510              3.932
N7 assignments         3.00000000000000000                7951.547    0.260
N8 exp,sqrt etc.       0.75100163018453958                 225.439    1.846

MWIPS                                          11302.358              9.896


# COUNT0: 11302.358
# COUNT1: 0
# COUNT2: MWIPS
# TIME: 9.896
# elapsed: 11.384302
# pid: 2130542
# status: 0

# COUNT0: 11304.318
# COUNT1: 0
# COUNT2: MWIPS
# TIME: 9.894
# elapsed: 11.381911
# pid: 2130543
# status: 0

#### Pass 5

Calibrate
       0.00 Seconds          1   Passes (x 100)
       0.00 Seconds          5   Passes (x 100)
       0.02 Seconds         25   Passes (x 100)
       0.11 Seconds        125   Passes (x 100)
       0.56 Seconds        625   Passes (x 100)

Use 11171  passes (x 100)

          Double Precision C/C++ Whetstone Benchmark

Loop content                  Result              MFLOPS      MOPS   Seconds

N1 floating point     -1.12398255667392033      2637.200              0.081
N2 floating point     -1.12187079889294417      2903.534              0.517
N3 if then else        1.00000000000000000               10700.086    0.108
N4 fixed point        12.00000000000000000                   0.000   -0.000
N5 sin,cos etc.        0.49902937281518261                 295.636    3.144
N6 floating point      0.99999987890802811      1535.339              3.925
N7 assignments         3.00000000000000000                7941.805    0.260
N8 exp,sqrt etc.       0.75100163018453958                 225.316    1.844

MWIPS                                          11307.572              9.879

Calibrate
       0.00 Seconds          1   Passes (x 100)
       0.00 Seconds          5   Passes (x 100)
       0.02 Seconds         25   Passes (x 100)
       0.11 Seconds        125   Passes (x 100)
       0.56 Seconds        625   Passes (x 100)

Use 11170  passes (x 100)

          Double Precision C/C++ Whetstone Benchmark

Loop content                  Result              MFLOPS      MOPS   Seconds

N1 floating point     -1.12398255667392033      2637.162              0.081
N2 floating point     -1.12187079889294417      2901.360              0.517
N3 if then else        1.00000000000000000               10711.723    0.108
N4 fixed point        12.00000000000000000                   0.000   -0.000
N5 sin,cos etc.        0.49902937281518261                 295.557    3.144
N6 floating point      0.99999987890802811      1534.940              3.925
N7 assignments         3.00000000000000000                7933.188    0.260
N8 exp,sqrt etc.       0.75100163018453958                 225.497    1.843

MWIPS                                          11306.509              9.879


# COUNT0: 11306.509
# COUNT1: 0
# COUNT2: MWIPS
# TIME: 9.879
# elapsed: 11.367636
# pid: 2130554
# status: 0

# COUNT0: 11307.572
# COUNT1: 0
# COUNT2: MWIPS
# TIME: 9.879
# elapsed: 11.366600
# pid: 2130555
# status: 0

#### Pass 6

Calibrate
       0.00 Seconds          1   Passes (x 100)
       0.00 Seconds          5   Passes (x 100)
       0.02 Seconds         25   Passes (x 100)
       0.11 Seconds        125   Passes (x 100)
       0.56 Seconds        625   Passes (x 100)

Use 11185  passes (x 100)

          Double Precision C/C++ Whetstone Benchmark

Loop content                  Result              MFLOPS      MOPS   Seconds

N1 floating point     -1.12398255667392033      2636.287              0.081
N2 floating point     -1.12187079889294417      2901.611              0.518
N3 if then else        1.00000000000000000               10691.343    0.108
N4 fixed point        12.00000000000000000                   0.000   -0.000
N5 sin,cos etc.        0.49902937281518261                 295.342    3.151
N6 floating point      0.99999987890802811      1534.706              3.931
N7 assignments         3.00000000000000000                7939.110    0.260
N8 exp,sqrt etc.       0.75100163018453958                 225.533    1.845

MWIPS                                          11303.554              9.895

Calibrate
       0.00 Seconds          1   Passes (x 100)
       0.00 Seconds          5   Passes (x 100)
       0.02 Seconds         25   Passes (x 100)
       0.11 Seconds        125   Passes (x 100)
       0.56 Seconds        625   Passes (x 100)

Use 11184  passes (x 100)

          Double Precision C/C++ Whetstone Benchmark

Loop content                  Result              MFLOPS      MOPS   Seconds

N1 floating point     -1.12398255667392033      2636.243              0.081
N2 floating point     -1.12187079889294417      2903.044              0.518
N3 if then else        1.00000000000000000               10701.657    0.108
N4 fixed point        12.00000000000000000               30812851747.135    0.000
N5 sin,cos etc.        0.49902937281518261                 295.340    3.151
N6 floating point      0.99999987890802811      1534.786              3.931
N7 assignments         3.00000000000000000                7940.877    0.260
N8 exp,sqrt etc.       0.75100163018453958                 225.312    1.847

MWIPS                                          11302.172              9.895


# COUNT0: 11302.172
# COUNT1: 0
# COUNT2: MWIPS
# TIME: 9.895
# elapsed: 11.384923
# pid: 2130566
# status: 0

# COUNT0: 11303.554
# COUNT1: 0
# COUNT2: MWIPS
# TIME: 9.895
# elapsed: 11.382847
# pid: 2130567
# status: 0

#### Pass 7

Calibrate
       0.00 Seconds          1   Passes (x 100)
       0.00 Seconds          5   Passes (x 100)
       0.02 Seconds         25   Passes (x 100)
       0.11 Seconds        125   Passes (x 100)
       0.56 Seconds        625   Passes (x 100)

Use 11177  passes (x 100)

          Double Precision C/C++ Whetstone Benchmark

Loop content                  Result              MFLOPS      MOPS   Seconds

N1 floating point     -1.12398255667392033      2637.471              0.081
N2 floating point     -1.12187079889294417      2903.392              0.517
N3 if then else        1.00000000000000000               10675.215    0.108
N4 fixed point        12.00000000000000000                   0.000   -0.000
N5 sin,cos etc.        0.49902937281518261                 295.552    3.146
N6 floating point      0.99999987890802811      1534.708              3.928
N7 assignments         3.00000000000000000                7938.465    0.260
N8 exp,sqrt etc.       0.75100163018453958                 225.114    1.847

MWIPS                                          11302.381              9.889

Calibrate
       0.00 Seconds          1   Passes (x 100)
       0.00 Seconds          5   Passes (x 100)
       0.02 Seconds         25   Passes (x 100)
       0.11 Seconds        125   Passes (x 100)
       0.56 Seconds        625   Passes (x 100)

Use 11176  passes (x 100)

          Double Precision C/C++ Whetstone Benchmark

Loop content                  Result              MFLOPS      MOPS   Seconds

N1 floating point     -1.12398255667392033      2637.543              0.081
N2 floating point     -1.12187079889294417      2901.343              0.518
N3 if then else        1.00000000000000000               10689.049    0.108
N4 fixed point        12.00000000000000000                   0.000   -0.000
N5 sin,cos etc.        0.49902937281518261                 295.481    3.147
N6 floating point      0.99999987890802811      1534.341              3.929
N7 assignments         3.00000000000000000                7934.797    0.260
N8 exp,sqrt etc.       0.75100163018453958                 225.202    1.846

MWIPS                                          11300.875              9.889


# COUNT0: 11300.875
# COUNT1: 0
# COUNT2: MWIPS
# TIME: 9.889
# elapsed: 11.376672
# pid: 2130579
# status: 0

# COUNT0: 11302.381
# COUNT1: 0
# COUNT2: MWIPS
# TIME: 9.889
# elapsed: 11.375482
# pid: 2130580
# status: 0

#### Pass 8

Calibrate
       0.00 Seconds          1   Passes (x 100)
       0.00 Seconds          5   Passes (x 100)
       0.02 Seconds         25   Passes (x 100)
       0.11 Seconds        125   Passes (x 100)
       0.56 Seconds        625   Passes (x 100)

Use 11188  passes (x 100)

          Double Precision C/C++ Whetstone Benchmark

Loop content                  Result              MFLOPS      MOPS   Seconds

N1 floating point     -1.12398255667392033      2637.700              0.081
N2 floating point     -1.12187079889294417      2902.362              0.518
N3 if then else        1.00000000000000000               10702.509    0.108
N4 fixed point        12.00000000000000000                   0.000   -0.000
N5 sin,cos etc.        0.49902937281518261                 295.595    3.149
N6 floating point      0.99999987890802811      1535.441              3.930
N7 assignments         3.00000000000000000                7947.316    0.260
N8 exp,sqrt etc.       0.75100163018453958                 225.456    1.846

MWIPS                                          11308.702              9.893

Calibrate
       0.00 Seconds          1   Passes (x 100)
       0.00 Seconds          5   Passes (x 100)
       0.02 Seconds         25   Passes (x 100)
       0.11 Seconds        125   Passes (x 100)
       0.56 Seconds        625   Passes (x 100)

Use 11185  passes (x 100)

          Double Precision C/C++ Whetstone Benchmark

Loop content                  Result              MFLOPS      MOPS   Seconds

N1 floating point     -1.12398255667392033      2637.612              0.081
N2 floating point     -1.12187079889294417      2899.731              0.518
N3 if then else        1.00000000000000000               10711.915    0.108
N4 fixed point        12.00000000000000000                   0.000   -0.000
N5 sin,cos etc.        0.49902937281518261                 295.485    3.149
N6 floating point      0.99999987890802811      1534.892              3.931
N7 assignments         3.00000000000000000                7944.029    0.260
N8 exp,sqrt etc.       0.75100163018453958                 225.419    1.846

MWIPS                                          11304.851              9.894


# COUNT0: 11304.851
# COUNT1: 0
# COUNT2: MWIPS
# TIME: 9.894
# elapsed: 11.382019
# pid: 2130591
# status: 0

# COUNT0: 11308.702
# COUNT1: 0
# COUNT2: MWIPS
# TIME: 9.893
# elapsed: 11.380477
# pid: 2130592
# status: 0

#### Pass 9

Calibrate
       0.00 Seconds          1   Passes (x 100)
       0.00 Seconds          5   Passes (x 100)
       0.02 Seconds         25   Passes (x 100)
       0.11 Seconds        125   Passes (x 100)
       0.56 Seconds        625   Passes (x 100)

Use 11181  passes (x 100)

          Double Precision C/C++ Whetstone Benchmark

Loop content                  Result              MFLOPS      MOPS   Seconds

N1 floating point     -1.12398255667392033      2634.980              0.081
N2 floating point     -1.12187079889294417      2904.077              0.517
N3 if then else        1.00000000000000000               10711.553    0.108
N4 fixed point        12.00000000000000000                   0.000   -0.000
N5 sin,cos etc.        0.49902937281518261                 295.557    3.147
N6 floating point      0.99999987890802811      1534.387              3.931
N7 assignments         3.00000000000000000                7931.708    0.261
N8 exp,sqrt etc.       0.75100163018453958                 225.314    1.846

MWIPS                                          11303.599              9.892

Calibrate
       0.00 Seconds          1   Passes (x 100)
       0.00 Seconds          5   Passes (x 100)
       0.02 Seconds         25   Passes (x 100)
       0.11 Seconds        125   Passes (x 100)
       0.56 Seconds        625   Passes (x 100)

Use 11181  passes (x 100)

          Double Precision C/C++ Whetstone Benchmark

Loop content                  Result              MFLOPS      MOPS   Seconds

N1 floating point     -1.12398255667392033      2633.877              0.082
N2 floating point     -1.12187079889294417      2904.241              0.517
N3 if then else        1.00000000000000000               10704.524    0.108
N4 fixed point        12.00000000000000000               33413256132.910    0.000
N5 sin,cos etc.        0.49902937281518261                 295.519    3.148
N6 floating point      0.99999987890802811      1534.153              3.931
N7 assignments         3.00000000000000000                7929.176    0.261
N8 exp,sqrt etc.       0.75100163018453958                 225.303    1.846

MWIPS                                          11302.172              9.893


# COUNT0: 11303.599
# COUNT1: 0
# COUNT2: MWIPS
# TIME: 9.892
# elapsed: 11.379873
# pid: 2130603
# status: 0

# COUNT0: 11302.172
# COUNT1: 0
# COUNT2: MWIPS
# TIME: 9.893
# elapsed: 11.380166
# pid: 2130604
# status: 0

#### Pass 10

Calibrate
       0.00 Seconds          1   Passes (x 100)
       0.00 Seconds          5   Passes (x 100)
       0.02 Seconds         25   Passes (x 100)
       0.11 Seconds        125   Passes (x 100)
       0.56 Seconds        625   Passes (x 100)

Use 11189  passes (x 100)

          Double Precision C/C++ Whetstone Benchmark

Loop content                  Result              MFLOPS      MOPS   Seconds

N1 floating point     -1.12398255667392033      2635.364              0.082
N2 floating point     -1.12187079889294417      2902.638              0.518
N3 if then else        1.00000000000000000               10690.422    0.108
N4 fixed point        12.00000000000000000                   0.000   -0.000
N5 sin,cos etc.        0.49902937281518261                 295.552    3.150
N6 floating point      0.99999987890802811      1534.441              3.933
N7 assignments         3.00000000000000000                7935.764    0.261
N8 exp,sqrt etc.       0.75100163018453958                 225.342    1.847

MWIPS                                          11303.585              9.899

Calibrate
       0.00 Seconds          1   Passes (x 100)
       0.00 Seconds          5   Passes (x 100)
       0.02 Seconds         25   Passes (x 100)
       0.11 Seconds        125   Passes (x 100)
       0.56 Seconds        625   Passes (x 100)

Use 11189  passes (x 100)

          Double Precision C/C++ Whetstone Benchmark

Loop content                  Result              MFLOPS      MOPS   Seconds

N1 floating point     -1.12398255667392033      2634.191              0.082
N2 floating point     -1.12187079889294417      2902.571              0.518
N3 if then else        1.00000000000000000               10703.866    0.108
N4 fixed point        12.00000000000000000                   0.000   -0.000
N5 sin,cos etc.        0.49902937281518261                 295.500    3.150
N6 floating point      0.99999987890802811      1534.140              3.934
N7 assignments         3.00000000000000000                7931.744    0.261
N8 exp,sqrt etc.       0.75100163018453958                 225.459    1.846

MWIPS                                          11303.121              9.899


# COUNT0: 11303.585
# COUNT1: 0
# COUNT2: MWIPS
# TIME: 9.899
# elapsed: 11.387242
# pid: 2130615
# status: 0

# COUNT0: 11303.121
# COUNT1: 0
# COUNT2: MWIPS
# TIME: 9.899
# elapsed: 11.386611
# pid: 2130616
# status: 0

*Dump score:      22601.4
*Dump score:      22603.3
*Dump score:      22603.4
Count score:      22605.7
Count score:      22605.8
Count score:      22606.7
Count score:      22606.7
Count score:      22608.4
Count score:      22613.6
Count score:      22614.1

>>>> Sum of 2 copies
>>>> score: 22608.7046104779
>>>> time: 9.89157142857143
>>>> iterations: 7


########################################################
Execl Throughput -- 2 copies
==> "/mnt/host0/unixbench/UnixBench/pgms/execl" 30 2>&1 >> "/mnt/host0/unixbench/UnixBench/results/uarf-2025-06-03-01.log"

#### Pass 1


# COUNT0: 64799
# COUNT1: 1
# COUNT2: lps
# elapsed: 29.762234
# pid: 2130627
# status: 0

# COUNT0: 64596
# COUNT1: 1
# COUNT2: lps
# elapsed: 29.761148
# pid: 2130628
# status: 0

#### Pass 2


# COUNT0: 65130
# COUNT1: 1
# COUNT2: lps
# elapsed: 29.986530
# pid: 2130639
# status: 0

# COUNT0: 64957
# COUNT1: 1
# COUNT2: lps
# elapsed: 29.984842
# pid: 2130640
# status: 0

#### Pass 3


# COUNT0: 64835
# COUNT1: 1
# COUNT2: lps
# elapsed: 29.986943
# pid: 2130651
# status: 0

# COUNT0: 65279
# COUNT1: 1
# COUNT2: lps
# elapsed: 29.984985
# pid: 2130652
# status: 0

*Dump score:     129395.0
Count score:     130087.0
Count score:     130114.0

>>>> Sum of 2 copies
>>>> score: 4338.73336154592
>>>> time: 29.985825
>>>> iterations: 2


########################################################
File Copy 1024 bufsize 2000 maxblocks -- 2 copies
==> "/mnt/host0/unixbench/UnixBench/pgms/fstime" -c -t 30 -d "/mnt/host0/unixbench/UnixBench/tmp" -b 1024 -m 2000 2>&1 >> "/mnt/host0/unixbench/UnixBench/results/uarf-2025-06-03-01.log"

#### Pass 1

Write done: 432000 in 2.0195, score 53478
Read done: 411752 in 2.0000, score 51468
Copy done: 2740460 in 30.0000, score 22837
Write done: 432000 in 2.0234, score 53376
Read done: 415668 in 2.0000, score 51958
Copy done: 2742848 in 30.0000, score 22857

# COUNT0: 22837
# COUNT1: 0
# COUNT2: KBps
# TIME: 30.0
# elapsed: 45.030211
# pid: 2130663
# status: 0

# COUNT0: 22857
# COUNT1: 0
# COUNT2: KBps
# TIME: 30.0
# elapsed: 45.031237
# pid: 2130664
# status: 0

#### Pass 2

Write done: 392000 in 2.0171, score 48585
Read done: 410384 in 2.0000, score 51297
Copy done: 2745264 in 30.0000, score 22877
Write done: 392000 in 2.0273, score 48339
Read done: 412704 in 2.0000, score 51587
Copy done: 2751520 in 30.0000, score 22929

# COUNT0: 22877
# COUNT1: 0
# COUNT2: KBps
# TIME: 30.0
# elapsed: 45.027843
# pid: 2130675
# status: 0

# COUNT0: 22929
# COUNT1: 0
# COUNT2: KBps
# TIME: 30.0
# elapsed: 45.036181
# pid: 2130676
# status: 0

#### Pass 3

Write done: 392000 in 2.0034, score 48918
Read done: 413568 in 2.0000, score 51695
Copy done: 2821724 in 30.0000, score 23514
Write done: 392000 in 2.0166, score 48595
Read done: 417408 in 2.0000, score 52175
Copy done: 2807344 in 30.0000, score 23394

# COUNT0: 23394
# COUNT1: 0
# COUNT2: KBps
# TIME: 30.0
# elapsed: 45.025716
# pid: 2130687
# status: 0

# COUNT0: 23514
# COUNT1: 0
# COUNT2: KBps
# TIME: 30.0
# elapsed: 45.011635
# pid: 2130688
# status: 0

*Dump score:      45694.0
Count score:      45806.0
Count score:      46908.0

>>>> Sum of 2 copies
>>>> score: 46353.725287187
>>>> time: 30
>>>> iterations: 2


########################################################
File Copy 256 bufsize 500 maxblocks -- 2 copies
==> "/mnt/host0/unixbench/UnixBench/pgms/fstime" -c -t 30 -d "/mnt/host0/unixbench/UnixBench/tmp" -b 256 -m 500 2>&1 >> "/mnt/host0/unixbench/UnixBench/results/uarf-2025-06-03-01.log"

#### Pass 1

Write done: 94000 in 2.0215, score 11624
Read done: 92360 in 2.0000, score 11544
Copy done: 671264 in 30.0000, score 5593
Write done: 94000 in 2.0273, score 11591
Read done: 92557 in 2.0000, score 11569
Copy done: 665703 in 30.0000, score 5547

# COUNT0: 5593
# COUNT1: 0
# COUNT2: KBps
# TIME: 30.0
# elapsed: 45.032116
# pid: 2130699
# status: 0

# COUNT0: 5547
# COUNT1: 0
# COUNT2: KBps
# TIME: 30.0
# elapsed: 45.035622
# pid: 2130700
# status: 0

#### Pass 2

Write done: 90000 in 2.0276, score 11096
Read done: 86648 in 2.0000, score 10830
Copy done: 694852 in 30.0000, score 5790
Write done: 90000 in 2.0351, score 11056
Read done: 86760 in 2.0000, score 10844
Copy done: 696907 in 30.0000, score 5807

# COUNT0: 5807
# COUNT1: 0
# COUNT2: KBps
# TIME: 30.0
# elapsed: 45.044213
# pid: 2130712
# status: 0

# COUNT0: 5790
# COUNT1: 0
# COUNT2: KBps
# TIME: 30.0
# elapsed: 45.036912
# pid: 2130713
# status: 0

#### Pass 3

Write done: 96000 in 2.0247, score 11853
Read done: 111082 in 2.0000, score 13885
Copy done: 682360 in 30.0000, score 5686
Write done: 96000 in 2.0306, score 11819
Read done: 111252 in 2.0000, score 13906
Copy done: 683641 in 30.0000, score 5697

# COUNT0: 5697
# COUNT1: 0
# COUNT2: KBps
# TIME: 30.0
# elapsed: 45.038341
# pid: 2130724
# status: 0

# COUNT0: 5686
# COUNT1: 0
# COUNT2: KBps
# TIME: 30.0
# elapsed: 45.032826
# pid: 2130725
# status: 0

*Dump score:      11140.0
Count score:      11383.0
Count score:      11597.0

>>>> Sum of 2 copies
>>>> score: 11489.5017733582
>>>> time: 30
>>>> iterations: 2


########################################################
File Copy 4096 bufsize 8000 maxblocks -- 2 copies
==> "/mnt/host0/unixbench/UnixBench/pgms/fstime" -c -t 30 -d "/mnt/host0/unixbench/UnixBench/tmp" -b 4096 -m 8000 2>&1 >> "/mnt/host0/unixbench/UnixBench/results/uarf-2025-06-03-01.log"

#### Pass 1

Write done: 1376000 in 2.0079, score 171325
Read done: 1550720 in 2.0000, score 193837
Copy done: 9788480 in 30.0001, score 81570
Write done: 1376000 in 2.0168, score 170563
Read done: 1560992 in 2.0000, score 195122
Copy done: 9772608 in 30.0045, score 81426

# COUNT0: 81570
# COUNT1: 0
# COUNT2: KBps
# TIME: 30.0
# elapsed: 45.018688
# pid: 2130736
# status: 0

# COUNT0: 81426
# COUNT1: 0
# COUNT2: KBps
# TIME: 30.0
# elapsed: 45.029814
# pid: 2130737
# status: 0

#### Pass 2

Write done: 1376000 in 2.0195, score 170340
Read done: 1474448 in 2.0000, score 184304
Copy done: 9934368 in 30.0000, score 82786
Write done: 1408000 in 2.0299, score 173410
Read done: 1450528 in 2.0000, score 181315
Copy done: 9937152 in 30.0012, score 82806

# COUNT0: 82786
# COUNT1: 0
# COUNT2: KBps
# TIME: 30.0
# elapsed: 45.029921
# pid: 2130748
# status: 0

# COUNT0: 82806
# COUNT1: 0
# COUNT2: KBps
# TIME: 30.0
# elapsed: 45.039782
# pid: 2130749
# status: 0

#### Pass 3

Write done: 1184000 in 2.0137, score 146994
Read done: 1472512 in 2.0000, score 184061
Copy done: 9653600 in 30.0000, score 80446
Write done: 1248000 in 2.0391, score 153006
Read done: 1492176 in 2.0000, score 186520
Copy done: 9640672 in 30.0000, score 80338

# COUNT0: 80338
# COUNT1: 0
# COUNT2: KBps
# TIME: 30.0
# elapsed: 45.048669
# pid: 2130760
# status: 0

# COUNT0: 80446
# COUNT1: 0
# COUNT2: KBps
# TIME: 30.0
# elapsed: 45.023723
# pid: 2130761
# status: 0

*Dump score:     160784.0
Count score:     162996.0
Count score:     165592.0

>>>> Sum of 2 copies
>>>> score: 164288.872514239
>>>> time: 30
>>>> iterations: 2


########################################################
Pipe Throughput -- 2 copies
==> "/mnt/host0/unixbench/UnixBench/pgms/pipe" 10 2>&1 >> "/mnt/host0/unixbench/UnixBench/results/uarf-2025-06-03-01.log"

#### Pass 1


# COUNT0: 10636930
# COUNT1: 1
# COUNT2: lps
# elapsed: 10.003975
# pid: 2130772
# status: 0

# COUNT0: 10644264
# COUNT1: 1
# COUNT2: lps
# elapsed: 10.002774
# pid: 2130774
# status: 0

#### Pass 2


# COUNT0: 10630837
# COUNT1: 1
# COUNT2: lps
# elapsed: 10.003839
# pid: 2130784
# status: 0

# COUNT0: 10628830
# COUNT1: 1
# COUNT2: lps
# elapsed: 10.002669
# pid: 2130785
# status: 0

#### Pass 3


# COUNT0: 10593149
# COUNT1: 1
# COUNT2: lps
# elapsed: 10.004373
# pid: 2130796
# status: 0

# COUNT0: 10600992
# COUNT1: 1
# COUNT2: lps
# elapsed: 10.003294
# pid: 2130797
# status: 0

#### Pass 4


# COUNT0: 10408698
# COUNT1: 1
# COUNT2: lps
# elapsed: 10.003666
# pid: 2130808
# status: 0

# COUNT0: 10411148
# COUNT1: 1
# COUNT2: lps
# elapsed: 10.002643
# pid: 2130809
# status: 0

#### Pass 5


# COUNT0: 10585806
# COUNT1: 1
# COUNT2: lps
# elapsed: 10.004419
# pid: 2130820
# status: 0

# COUNT0: 10591084
# COUNT1: 1
# COUNT2: lps
# elapsed: 10.003352
# pid: 2130821
# status: 0

#### Pass 6


# COUNT0: 10451856
# COUNT1: 1
# COUNT2: lps
# elapsed: 10.003621
# pid: 2130832
# status: 0

# COUNT0: 10450003
# COUNT1: 1
# COUNT2: lps
# elapsed: 10.002504
# pid: 2130833
# status: 0

#### Pass 7


# COUNT0: 10338098
# COUNT1: 1
# COUNT2: lps
# elapsed: 10.004514
# pid: 2130845
# status: 0

# COUNT0: 10344920
# COUNT1: 1
# COUNT2: lps
# elapsed: 10.003412
# pid: 2130846
# status: 0

#### Pass 8


# COUNT0: 10400188
# COUNT1: 1
# COUNT2: lps
# elapsed: 10.003663
# pid: 2130857
# status: 0

# COUNT0: 10407934
# COUNT1: 1
# COUNT2: lps
# elapsed: 10.002426
# pid: 2130858
# status: 0

#### Pass 9


# COUNT0: 10604632
# COUNT1: 1
# COUNT2: lps
# elapsed: 10.004310
# pid: 2130869
# status: 0

# COUNT0: 10601601
# COUNT1: 1
# COUNT2: lps
# elapsed: 10.003130
# pid: 2130870
# status: 0

#### Pass 10


# COUNT0: 10609792
# COUNT1: 1
# COUNT2: lps
# elapsed: 10.003740
# pid: 2130881
# status: 0

# COUNT0: 10606120
# COUNT1: 1
# COUNT2: lps
# elapsed: 10.002620
# pid: 2130882
# status: 0

*Dump score:   20683018.0
*Dump score:   20808122.0
*Dump score:   20819846.0
Count score:   20901859.0
Count score:   21176890.0
Count score:   21194141.0
Count score:   21206233.0
Count score:   21215912.0
Count score:   21259667.0
Count score:   21281194.0

>>>> Sum of 2 copies
>>>> score: 2116887.89137704
>>>> time: 10.0034728571429
>>>> iterations: 7


########################################################
Pipe-based Context Switching -- 2 copies
==> "/mnt/host0/unixbench/UnixBench/pgms/context1" 10 2>&1 >> "/mnt/host0/unixbench/UnixBench/results/uarf-2025-06-03-01.log"

#### Pass 1


# COUNT0: 2781532
# COUNT1: 1
# COUNT2: lps
# elapsed: 10.004644
# pid: 2130893
# status: 0

# COUNT0: 2776776
# COUNT1: 1
# COUNT2: lps
# elapsed: 10.003596
# pid: 2130894
# status: 0

#### Pass 2


# COUNT0: 2790752
# COUNT1: 1
# COUNT2: lps
# elapsed: 10.003490
# pid: 2130907
# status: 0

# COUNT0: 2755287
# COUNT1: 1
# COUNT2: lps
# elapsed: 10.002591
# pid: 2130908
# status: 0

#### Pass 3


# COUNT0: 2816254
# COUNT1: 1
# COUNT2: lps
# elapsed: 10.003698
# pid: 2130921
# status: 0

# COUNT0: 2791348
# COUNT1: 1
# COUNT2: lps
# elapsed: 10.002920
# pid: 2130922
# status: 0

#### Pass 4


# COUNT0: 2790777
# COUNT1: 1
# COUNT2: lps
# elapsed: 10.003555
# pid: 2130935
# status: 0

# COUNT0: 2809496
# COUNT1: 1
# COUNT2: lps
# elapsed: 10.002492
# pid: 2130936
# status: 0

#### Pass 5


# COUNT0: 2772683
# COUNT1: 1
# COUNT2: lps
# elapsed: 10.003578
# pid: 2130949
# status: 0

# COUNT0: 2771522
# COUNT1: 1
# COUNT2: lps
# elapsed: 10.002443
# pid: 2130950
# status: 0

#### Pass 6


# COUNT0: 2765768
# COUNT1: 1
# COUNT2: lps
# elapsed: 10.004607
# pid: 2130963
# status: 0

# COUNT0: 2751024
# COUNT1: 1
# COUNT2: lps
# elapsed: 10.003590
# pid: 2130964
# status: 0

#### Pass 7


# COUNT0: 2775735
# COUNT1: 1
# COUNT2: lps
# elapsed: 10.003702
# pid: 2130977
# status: 0

# COUNT0: 2796662
# COUNT1: 1
# COUNT2: lps
# elapsed: 10.002330
# pid: 2130978
# status: 0

#### Pass 8


# COUNT0: 2778631
# COUNT1: 1
# COUNT2: lps
# elapsed: 10.003800
# pid: 2130991
# status: 0

# COUNT0: 2756541
# COUNT1: 1
# COUNT2: lps
# elapsed: 10.002470
# pid: 2130992
# status: 0

#### Pass 9


# COUNT0: 2723458
# COUNT1: 1
# COUNT2: lps
# elapsed: 10.004616
# pid: 2131005
# status: 0

# COUNT0: 2756950
# COUNT1: 1
# COUNT2: lps
# elapsed: 10.004486
# pid: 2131006
# status: 0

#### Pass 10


# COUNT0: 2786048
# COUNT1: 1
# COUNT2: lps
# elapsed: 10.003068
# pid: 2131019
# status: 0

# COUNT0: 2732852
# COUNT1: 1
# COUNT2: lps
# elapsed: 10.002141
# pid: 2131020
# status: 0

*Dump score:    5480408.0
*Dump score:    5516792.0
*Dump score:    5518900.0
Count score:    5535172.0
Count score:    5544205.0
Count score:    5546039.0
Count score:    5558308.0
Count score:    5572397.0
Count score:    5600273.0
Count score:    5607602.0

>>>> Sum of 2 copies
>>>> score: 556442.242904953
>>>> time: 10.0032363571429
>>>> iterations: 7


########################################################
Process Creation -- 2 copies
==> "/mnt/host0/unixbench/UnixBench/pgms/spawn" 30 2>&1 >> "/mnt/host0/unixbench/UnixBench/results/uarf-2025-06-03-01.log"

#### Pass 1


# COUNT0: 509004
# COUNT1: 1
# COUNT2: lps
# elapsed: 30.004511
# pid: 2131033
# status: 0

# COUNT0: 514520
# COUNT1: 1
# COUNT2: lps
# elapsed: 30.003250
# pid: 2131034
# status: 0

#### Pass 2


# COUNT0: 537280
# COUNT1: 1
# COUNT2: lps
# elapsed: 30.003824
# pid: 3154571
# status: 0

# COUNT0: 516172
# COUNT1: 1
# COUNT2: lps
# elapsed: 30.002880
# pid: 3154572
# status: 0

#### Pass 3


# COUNT0: 501921
# COUNT1: 1
# COUNT2: lps
# elapsed: 30.004627
# pid: 14035
# status: 0

# COUNT0: 536282
# COUNT1: 1
# COUNT2: lps
# elapsed: 30.003501
# pid: 14036
# status: 0

*Dump score:    1023524.0
Count score:    1038203.0
Count score:    1053452.0

>>>> Sum of 2 copies
>>>> score: 34855.6820670247
>>>> time: 30.003708
>>>> iterations: 2


########################################################
System Call Overhead -- 2 copies
==> "/mnt/host0/unixbench/UnixBench/pgms/syscall" 10 2>&1 >> "/mnt/host0/unixbench/UnixBench/results/uarf-2025-06-03-01.log"

#### Pass 1


# COUNT0: 7085676
# COUNT1: 1
# COUNT2: lps
# elapsed: 10.004818
# pid: 1052252
# status: 0

# COUNT0: 7090620
# COUNT1: 1
# COUNT2: lps
# elapsed: 10.003611
# pid: 1052253
# status: 0

#### Pass 2


# COUNT0: 6913982
# COUNT1: 1
# COUNT2: lps
# elapsed: 10.005125
# pid: 1052264
# status: 0

# COUNT0: 6916375
# COUNT1: 1
# COUNT2: lps
# elapsed: 10.004906
# pid: 1052265
# status: 0

#### Pass 3


# COUNT0: 6764918
# COUNT1: 1
# COUNT2: lps
# elapsed: 10.003671
# pid: 1052276
# status: 0

# COUNT0: 6776826
# COUNT1: 1
# COUNT2: lps
# elapsed: 10.002627
# pid: 1052277
# status: 0

#### Pass 4


# COUNT0: 6752250
# COUNT1: 1
# COUNT2: lps
# elapsed: 10.003601
# pid: 1052289
# status: 0

# COUNT0: 6714829
# COUNT1: 1
# COUNT2: lps
# elapsed: 10.002493
# pid: 1052290
# status: 0

#### Pass 5


# COUNT0: 6821216
# COUNT1: 1
# COUNT2: lps
# elapsed: 10.004943
# pid: 1052301
# status: 0

# COUNT0: 6848271
# COUNT1: 1
# COUNT2: lps
# elapsed: 10.004085
# pid: 1052302
# status: 0

#### Pass 6


# COUNT0: 6767912
# COUNT1: 1
# COUNT2: lps
# elapsed: 10.003725
# pid: 1052313
# status: 0

# COUNT0: 6751555
# COUNT1: 1
# COUNT2: lps
# elapsed: 10.002624
# pid: 1052314
# status: 0

#### Pass 7


# COUNT0: 6746660
# COUNT1: 1
# COUNT2: lps
# elapsed: 10.003850
# pid: 1052325
# status: 0

# COUNT0: 6721315
# COUNT1: 1
# COUNT2: lps
# elapsed: 10.002716
# pid: 1052326
# status: 0

#### Pass 8


# COUNT0: 6730465
# COUNT1: 1
# COUNT2: lps
# elapsed: 10.004201
# pid: 1052337
# status: 0

# COUNT0: 6843571
# COUNT1: 1
# COUNT2: lps
# elapsed: 10.003197
# pid: 1052338
# status: 0

#### Pass 9


# COUNT0: 6710428
# COUNT1: 1
# COUNT2: lps
# elapsed: 10.003914
# pid: 1052349
# status: 0

# COUNT0: 6761786
# COUNT1: 1
# COUNT2: lps
# elapsed: 10.002752
# pid: 1052350
# status: 0

#### Pass 10


# COUNT0: 6823662
# COUNT1: 1
# COUNT2: lps
# elapsed: 10.004627
# pid: 1052361
# status: 0

# COUNT0: 6828648
# COUNT1: 1
# COUNT2: lps
# elapsed: 10.003496
# pid: 1052362
# status: 0

*Dump score:   13467079.0
*Dump score:   13467975.0
*Dump score:   13472214.0
Count score:   13519467.0
Count score:   13541744.0
Count score:   13574036.0
Count score:   13652310.0
Count score:   13669487.0
Count score:   13830357.0
Count score:   14176296.0

>>>> Sum of 2 copies
>>>> score: 1370200.73745892
>>>> time: 10.0039754285714
>>>> iterations: 7


########################################################
Shell Scripts (1 concurrent) -- 2 copies
==> "/mnt/host0/unixbench/UnixBench/pgms/looper" 60 "/mnt/host0/unixbench/UnixBench/pgms/multi.sh" 1 2>&1 >> "/mnt/host0/unixbench/UnixBench/results/uarf-2025-06-03-01.log"

#### Pass 1


# COUNT0: 5493
# COUNT1: 60
# COUNT2: lpm
# elapsed: 60.006807
# pid: 1052373
# status: 0

# COUNT0: 5496
# COUNT1: 60
# COUNT2: lpm
# elapsed: 60.007573
# pid: 1052374
# status: 0

#### Pass 2


# COUNT0: 5460
# COUNT1: 60
# COUNT2: lpm
# elapsed: 60.011942
# pid: 1151304
# status: 0

# COUNT0: 5459
# COUNT1: 60
# COUNT2: lpm
# elapsed: 60.006010
# pid: 1151305
# status: 0

#### Pass 3


# COUNT0: 5466
# COUNT1: 60
# COUNT2: lpm
# elapsed: 60.008142
# pid: 1249605
# status: 0

# COUNT0: 5467
# COUNT1: 60
# COUNT2: lpm
# elapsed: 60.008123
# pid: 1249606
# status: 0

*Dump score:      10919.0
Count score:      10933.0
Count score:      10989.0

>>>> Sum of 2 copies
>>>> score: 10959.5648376842
>>>> time: 60.00766125
>>>> iterations: 2


########################################################
Shell Scripts (8 concurrent) -- 2 copies
==> "/mnt/host0/unixbench/UnixBench/pgms/looper" 60 "/mnt/host0/unixbench/UnixBench/pgms/multi.sh" 8 2>&1 >> "/mnt/host0/unixbench/UnixBench/results/uarf-2025-06-03-01.log"

#### Pass 1


# COUNT0: 882
# COUNT1: 60
# COUNT2: lpm
# elapsed: 60.041811
# pid: 1348032
# status: 0

# COUNT0: 882
# COUNT1: 60
# COUNT2: lpm
# elapsed: 60.042477
# pid: 1348033
# status: 0

#### Pass 2


# COUNT0: 879
# COUNT1: 60
# COUNT2: lpm
# elapsed: 60.040368
# pid: 1462835
# status: 0

# COUNT0: 879
# COUNT1: 60
# COUNT2: lpm
# elapsed: 60.038064
# pid: 1462836
# status: 0

#### Pass 3


# COUNT0: 879
# COUNT1: 60
# COUNT2: lpm
# elapsed: 60.050257
# pid: 1577247
# status: 0

# COUNT0: 879
# COUNT1: 60
# COUNT2: lpm
# elapsed: 60.050298
# pid: 1577248
# status: 0

*Dump score:       1758.0
Count score:       1758.0
Count score:       1764.0

>>>> Sum of 2 copies
>>>> score: 1759.6422089006
>>>> time: 60.04621075
>>>> iterations: 2

