
########################################################
Dhrystone 2 using register variables -- 1 copy
==> "/mnt/host0/unixbench/UnixBench/pgms/dhry2reg" 10 2>&1 >> "/mnt/host0/unixbench/UnixBench/results/uarf-2025-06-02-05.log"

#### Pass 1


# COUNT0: 390477834
# COUNT1: 1
# COUNT2: lps
# elapsed: 10.008863
# pid: 3833672
# status: 0

#### Pass 2


# COUNT0: 400310891
# COUNT1: 1
# COUNT2: lps
# elapsed: 10.008618
# pid: 3833681
# status: 0

#### Pass 3


# COUNT0: 400237186
# COUNT1: 1
# COUNT2: lps
# elapsed: 10.008123
# pid: 3833690
# status: 0

#### Pass 4


# COUNT0: 400312709
# COUNT1: 1
# COUNT2: lps
# elapsed: 10.008038
# pid: 3833699
# status: 0

#### Pass 5


# COUNT0: 401012459
# COUNT1: 1
# COUNT2: lps
# elapsed: 10.006505
# pid: 3833708
# status: 0

#### Pass 6


# COUNT0: 400987128
# COUNT1: 1
# COUNT2: lps
# elapsed: 10.007111
# pid: 3833717
# status: 0

#### Pass 7


# COUNT0: 400218525
# COUNT1: 1
# COUNT2: lps
# elapsed: 10.008814
# pid: 3833726
# status: 0

#### Pass 8


# COUNT0: 400083253
# COUNT1: 1
# COUNT2: lps
# elapsed: 10.008726
# pid: 3833735
# status: 0

#### Pass 9


# COUNT0: 400306252
# COUNT1: 1
# COUNT2: lps
# elapsed: 10.008118
# pid: 3833745
# status: 0

#### Pass 10


# COUNT0: 400294323
# COUNT1: 1
# COUNT2: lps
# elapsed: 10.008703
# pid: 3833754
# status: 0

*Dump score:  390477834.0
*Dump score:  400083253.0
*Dump score:  400218525.0
Count score:  400237186.0
Count score:  400294323.0
Count score:  400306252.0
Count score:  400310891.0
Count score:  400312709.0
Count score:  400987128.0
Count score:  401012459.0

>>>> Results of 1 copy
>>>> score: 40017863.3085472
>>>> time: 10.007888
>>>> iterations: 7


########################################################
Double-Precision Whetstone -- 1 copy
==> "/mnt/host0/unixbench/UnixBench/pgms/whetstone-double"  2>&1 >> "/mnt/host0/unixbench/UnixBench/results/uarf-2025-06-02-05.log"

#### Pass 1

Calibrate
       0.00 Seconds          1   Passes (x 100)
       0.01 Seconds          5   Passes (x 100)
       0.05 Seconds         25   Passes (x 100)
       0.20 Seconds        125   Passes (x 100)
       0.98 Seconds        625   Passes (x 100)

Use 6359  passes (x 100)

          Double Precision C/C++ Whetstone Benchmark

Loop content                  Result              MFLOPS      MOPS   Seconds

N1 floating point     -1.12398255667392033      1609.746              0.076
N2 floating point     -1.12187079889294417      1989.153              0.430
N3 if then else        1.00000000000000000                9520.025    0.069
N4 fixed point        12.00000000000000000               2005533216.657    0.000
N5 sin,cos etc.        0.49902937281518261                 136.312    3.881
N6 floating point      0.99999987890802811       952.278              3.602
N7 assignments         3.00000000000000000                4760.168    0.247
N8 exp,sqrt etc.       0.75100163018453958                 144.391    1.638

MWIPS                                           6395.423              9.943


# COUNT0: 6395.423
# COUNT1: 0
# COUNT2: MWIPS
# TIME: 9.943
# elapsed: 11.962264
# pid: 3833763
# status: 0

#### Pass 2

Calibrate
       0.00 Seconds          1   Passes (x 100)
       0.01 Seconds          5   Passes (x 100)
       0.05 Seconds         25   Passes (x 100)
       0.20 Seconds        125   Passes (x 100)
       0.98 Seconds        625   Passes (x 100)

Use 6353  passes (x 100)

          Double Precision C/C++ Whetstone Benchmark

Loop content                  Result              MFLOPS      MOPS   Seconds

N1 floating point     -1.12398255667392033      1610.151              0.076
N2 floating point     -1.12187079889294417      1989.527              0.429
N3 if then else        1.00000000000000000                9521.766    0.069
N4 fixed point        12.00000000000000000                   0.000   -0.000
N5 sin,cos etc.        0.49902937281518261                 136.164    3.882
N6 floating point      0.99999987890802811       951.941              3.600
N7 assignments         3.00000000000000000                4761.849    0.247
N8 exp,sqrt etc.       0.75100163018453958                 144.369    1.637

MWIPS                                           6391.865              9.939


# COUNT0: 6391.865
# COUNT1: 0
# COUNT2: MWIPS
# TIME: 9.939
# elapsed: 11.957731
# pid: 3833772
# status: 0

#### Pass 3

Calibrate
       0.00 Seconds          1   Passes (x 100)
       0.01 Seconds          5   Passes (x 100)
       0.05 Seconds         25   Passes (x 100)
       0.20 Seconds        125   Passes (x 100)
       0.98 Seconds        625   Passes (x 100)

Use 6349  passes (x 100)

          Double Precision C/C++ Whetstone Benchmark

Loop content                  Result              MFLOPS      MOPS   Seconds

N1 floating point     -1.12398255667392033      1610.399              0.076
N2 floating point     -1.12187079889294417      1986.908              0.429
N3 if then else        1.00000000000000000                9522.271    0.069
N4 fixed point        12.00000000000000000               43515185438.934    0.000
N5 sin,cos etc.        0.49902937281518261                 136.193    3.879
N6 floating point      0.99999987890802811       952.091              3.597
N7 assignments         3.00000000000000000                4750.222    0.247
N8 exp,sqrt etc.       0.75100163018453958                 144.436    1.635

MWIPS                                           6392.508              9.932


# COUNT0: 6392.508
# COUNT1: 0
# COUNT2: MWIPS
# TIME: 9.932
# elapsed: 11.952401
# pid: 3833781
# status: 0

#### Pass 4

Calibrate
       0.00 Seconds          1   Passes (x 100)
       0.01 Seconds          5   Passes (x 100)
       0.05 Seconds         25   Passes (x 100)
       0.20 Seconds        125   Passes (x 100)
       0.98 Seconds        625   Passes (x 100)

Use 6353  passes (x 100)

          Double Precision C/C++ Whetstone Benchmark

Loop content                  Result              MFLOPS      MOPS   Seconds

N1 floating point     -1.12398255667392033      1609.112              0.076
N2 floating point     -1.12187079889294417      1988.568              0.429
N3 if then else        1.00000000000000000                9523.830    0.069
N4 fixed point        12.00000000000000000                   0.000   -0.000
N5 sin,cos etc.        0.49902937281518261                 136.345    3.877
N6 floating point      0.99999987890802811       951.836              3.600
N7 assignments         3.00000000000000000                4760.385    0.247
N8 exp,sqrt etc.       0.75100163018453958                 144.397    1.637

MWIPS                                           6394.932              9.934


# COUNT0: 6394.932
# COUNT1: 0
# COUNT2: MWIPS
# TIME: 9.934
# elapsed: 11.956662
# pid: 3833790
# status: 0

#### Pass 5

Calibrate
       0.00 Seconds          1   Passes (x 100)
       0.02 Seconds          5   Passes (x 100)
       0.06 Seconds         25   Passes (x 100)
       0.20 Seconds        125   Passes (x 100)
       0.98 Seconds        625   Passes (x 100)

Use 6356  passes (x 100)

          Double Precision C/C++ Whetstone Benchmark

Loop content                  Result              MFLOPS      MOPS   Seconds

N1 floating point     -1.12398255667392033      1610.526              0.076
N2 floating point     -1.12187079889294417      1988.816              0.430
N3 if then else        1.00000000000000000                8701.906    0.076
N4 fixed point        12.00000000000000000               29158277568.307    0.000
N5 sin,cos etc.        0.49902937281518261                 136.279    3.880
N6 floating point      0.99999987890802811       951.985              3.601
N7 assignments         3.00000000000000000                4760.257    0.247
N8 exp,sqrt etc.       0.75100163018453958                 144.401    1.637

MWIPS                                           6389.991              9.947


# COUNT0: 6389.991
# COUNT1: 0
# COUNT2: MWIPS
# TIME: 9.947
# elapsed: 11.984044
# pid: 3833799
# status: 0

#### Pass 6

Calibrate
       0.00 Seconds          1   Passes (x 100)
       0.01 Seconds          5   Passes (x 100)
       0.05 Seconds         25   Passes (x 100)
       0.20 Seconds        125   Passes (x 100)
       0.98 Seconds        625   Passes (x 100)

Use 6360  passes (x 100)

          Double Precision C/C++ Whetstone Benchmark

Loop content                  Result              MFLOPS      MOPS   Seconds

N1 floating point     -1.12398255667392033      1610.018              0.076
N2 floating point     -1.12187079889294417      1987.278              0.430
N3 if then else        1.00000000000000000                9505.558    0.069
N4 fixed point        12.00000000000000000                   0.000   -0.000
N5 sin,cos etc.        0.49902937281518261                 136.297    3.882
N6 floating point      0.99999987890802811       952.035              3.603
N7 assignments         3.00000000000000000                4758.624    0.247
N8 exp,sqrt etc.       0.75100163018453958                 144.442    1.638

MWIPS                                           6394.571              9.946


# COUNT0: 6394.571
# COUNT1: 0
# COUNT2: MWIPS
# TIME: 9.946
# elapsed: 11.963528
# pid: 3833808
# status: 0

#### Pass 7

Calibrate
       0.00 Seconds          1   Passes (x 100)
       0.01 Seconds          5   Passes (x 100)
       0.05 Seconds         25   Passes (x 100)
       0.20 Seconds        125   Passes (x 100)
       0.98 Seconds        625   Passes (x 100)

Use 6360  passes (x 100)

          Double Precision C/C++ Whetstone Benchmark

Loop content                  Result              MFLOPS      MOPS   Seconds

N1 floating point     -1.12398255667392033      1609.142              0.076
N2 floating point     -1.12187079889294417      1988.379              0.430
N3 if then else        1.00000000000000000                9514.484    0.069
N4 fixed point        12.00000000000000000                   0.000   -0.000
N5 sin,cos etc.        0.49902937281518261                 136.259    3.883
N6 floating point      0.99999987890802811       951.583              3.605
N7 assignments         3.00000000000000000                4759.375    0.247
N8 exp,sqrt etc.       0.75100163018453958                 144.416    1.638

MWIPS                                           6392.770              9.949


# COUNT0: 6392.770
# COUNT1: 0
# COUNT2: MWIPS
# TIME: 9.949
# elapsed: 11.966887
# pid: 3833817
# status: 0

#### Pass 8

Calibrate
       0.00 Seconds          1   Passes (x 100)
       0.01 Seconds          5   Passes (x 100)
       0.05 Seconds         25   Passes (x 100)
       0.20 Seconds        125   Passes (x 100)
       0.98 Seconds        625   Passes (x 100)

Use 6352  passes (x 100)

          Double Precision C/C++ Whetstone Benchmark

Loop content                  Result              MFLOPS      MOPS   Seconds

N1 floating point     -1.12398255667392033      1610.165              0.076
N2 floating point     -1.12187079889294417      1988.666              0.429
N3 if then else        1.00000000000000000                9517.255    0.069
N4 fixed point        12.00000000000000000               649156792864.712    0.000
N5 sin,cos etc.        0.49902937281518261                 136.056    3.884
N6 floating point      0.99999987890802811       951.910              3.599
N7 assignments         3.00000000000000000                4759.131    0.247
N8 exp,sqrt etc.       0.75100163018453958                 144.433    1.636

MWIPS                                           6390.036              9.940


# COUNT0: 6390.036
# COUNT1: 0
# COUNT2: MWIPS
# TIME: 9.940
# elapsed: 11.959209
# pid: 3833826
# status: 0

#### Pass 9

Calibrate
       0.00 Seconds          1   Passes (x 100)
       0.01 Seconds          5   Passes (x 100)
       0.05 Seconds         25   Passes (x 100)
       0.20 Seconds        125   Passes (x 100)
       0.98 Seconds        625   Passes (x 100)

Use 6360  passes (x 100)

          Double Precision C/C++ Whetstone Benchmark

Loop content                  Result              MFLOPS      MOPS   Seconds

N1 floating point     -1.12398255667392033      1609.604              0.076
N2 floating point     -1.12187079889294417      1986.110              0.430
N3 if then else        1.00000000000000000                9517.798    0.069
N4 fixed point        12.00000000000000000               19902200729.669    0.000
N5 sin,cos etc.        0.49902937281518261                 136.120    3.887
N6 floating point      0.99999987890802811       951.878              3.604
N7 assignments         3.00000000000000000                4760.320    0.247
N8 exp,sqrt etc.       0.75100163018453958                 144.426    1.638

MWIPS                                           6390.756              9.952


# COUNT0: 6390.756
# COUNT1: 0
# COUNT2: MWIPS
# TIME: 9.952
# elapsed: 11.971248
# pid: 3833835
# status: 0

#### Pass 10

Calibrate
       0.00 Seconds          1   Passes (x 100)
       0.02 Seconds          5   Passes (x 100)
       0.06 Seconds         25   Passes (x 100)
       0.20 Seconds        125   Passes (x 100)
       0.98 Seconds        625   Passes (x 100)

Use 6357  passes (x 100)

          Double Precision C/C++ Whetstone Benchmark

Loop content                  Result              MFLOPS      MOPS   Seconds

N1 floating point     -1.12398255667392033      1609.218              0.076
N2 floating point     -1.12187079889294417      1989.241              0.430
N3 if then else        1.00000000000000000                8870.818    0.074
N4 fixed point        12.00000000000000000                   0.000   -0.000
N5 sin,cos etc.        0.49902937281518261                 136.257    3.882
N6 floating point      0.99999987890802811       951.868              3.602
N7 assignments         3.00000000000000000                4758.076    0.247
N8 exp,sqrt etc.       0.75100163018453958                 144.483    1.637

MWIPS                                           6390.763              9.947


# COUNT0: 6390.763
# COUNT1: 0
# COUNT2: MWIPS
# TIME: 9.947
# elapsed: 11.987348
# pid: 3833844
# status: 0

*Dump score:       6390.0
*Dump score:       6390.0
*Dump score:       6390.8
Count score:       6390.8
Count score:       6391.9
Count score:       6392.5
Count score:       6392.8
Count score:       6394.6
Count score:       6394.9
Count score:       6395.4

>>>> Results of 1 copy
>>>> score: 6393.26151117357
>>>> time: 9.94142857142857
>>>> iterations: 7


########################################################
Execl Throughput -- 1 copy
==> "/mnt/host0/unixbench/UnixBench/pgms/execl" 30 2>&1 >> "/mnt/host0/unixbench/UnixBench/results/uarf-2025-06-02-05.log"

#### Pass 1


# COUNT0: 33980
# COUNT1: 1
# COUNT2: lps
# elapsed: 29.277966
# pid: 3833853
# status: 0

#### Pass 2


# COUNT0: 33975
# COUNT1: 1
# COUNT2: lps
# elapsed: 29.982187
# pid: 3833863
# status: 0

#### Pass 3


# COUNT0: 34565
# COUNT1: 1
# COUNT2: lps
# elapsed: 29.983908
# pid: 3833872
# status: 0

*Dump score:      33975.0
Count score:      33980.0
Count score:      34565.0

>>>> Results of 1 copy
>>>> score: 1156.68578527805
>>>> time: 29.630937
>>>> iterations: 2


########################################################
File Copy 1024 bufsize 2000 maxblocks -- 1 copy
==> "/mnt/host0/unixbench/UnixBench/pgms/fstime" -c -t 30 -d "/mnt/host0/unixbench/UnixBench/tmp" -b 1024 -m 2000 2>&1 >> "/mnt/host0/unixbench/UnixBench/results/uarf-2025-06-02-05.log"

#### Pass 1

Write done: 120000 in 2.1085, score 14228
Read done: 133356 in 2.0000, score 16669
Copy done: 901824 in 30.0001, score 7515

# COUNT0: 7515
# COUNT1: 0
# COUNT2: KBps
# TIME: 30.0
# elapsed: 45.133098
# pid: 3833881
# status: 0

#### Pass 2

Write done: 112000 in 2.0370, score 13745
Read done: 106092 in 2.0000, score 13261
Copy done: 886032 in 30.0001, score 7383

# COUNT0: 7383
# COUNT1: 0
# COUNT2: KBps
# TIME: 30.0
# elapsed: 45.061901
# pid: 3833890
# status: 0

#### Pass 3

Write done: 136000 in 2.0866, score 16294
Read done: 118332 in 2.0000, score 14791
Copy done: 874292 in 30.0001, score 7285

# COUNT0: 7285
# COUNT1: 0
# COUNT2: KBps
# TIME: 30.0
# elapsed: 45.108778
# pid: 3833899
# status: 0

*Dump score:       7285.0
Count score:       7383.0
Count score:       7515.0

>>>> Results of 1 copy
>>>> score: 7448.70760602133
>>>> time: 30
>>>> iterations: 2


########################################################
File Copy 256 bufsize 500 maxblocks -- 1 copy
==> "/mnt/host0/unixbench/UnixBench/pgms/fstime" -c -t 30 -d "/mnt/host0/unixbench/UnixBench/tmp" -b 256 -m 500 2>&1 >> "/mnt/host0/unixbench/UnixBench/results/uarf-2025-06-02-05.log"

#### Pass 1

Write done: 28000 in 2.1105, score 3316
Read done: 27685 in 2.0000, score 3460
Copy done: 226545 in 30.0001, score 1887

# COUNT0: 1887
# COUNT1: 0
# COUNT2: KBps
# TIME: 30.0
# elapsed: 45.134437
# pid: 3833908
# status: 0

#### Pass 2

Write done: 36000 in 2.0212, score 4452
Read done: 29446 in 2.0000, score 3680
Copy done: 225853 in 30.0000, score 1882

# COUNT0: 1882
# COUNT1: 0
# COUNT2: KBps
# TIME: 30.0
# elapsed: 45.042194
# pid: 3833917
# status: 0

#### Pass 3

Write done: 30000 in 2.0485, score 3661
Read done: 34195 in 2.0000, score 4274
Copy done: 225491 in 30.0002, score 1879

# COUNT0: 1879
# COUNT1: 0
# COUNT2: KBps
# TIME: 30.0
# elapsed: 45.073206
# pid: 3833926
# status: 0

*Dump score:       1879.0
Count score:       1882.0
Count score:       1887.0

>>>> Results of 1 copy
>>>> score: 1884.49834173448
>>>> time: 30
>>>> iterations: 2


########################################################
File Copy 4096 bufsize 8000 maxblocks -- 1 copy
==> "/mnt/host0/unixbench/UnixBench/pgms/fstime" -c -t 30 -d "/mnt/host0/unixbench/UnixBench/tmp" -b 4096 -m 8000 2>&1 >> "/mnt/host0/unixbench/UnixBench/results/uarf-2025-06-02-05.log"

#### Pass 1

Write done: 512000 in 2.0577, score 62206
Read done: 412896 in 2.0001, score 51610
Copy done: 3564176 in 30.0001, score 29701

# COUNT0: 29701
# COUNT1: 0
# COUNT2: KBps
# TIME: 30.0
# elapsed: 45.085562
# pid: 3833936
# status: 0

#### Pass 2

Write done: 512000 in 2.0628, score 62051
Read done: 463152 in 2.0001, score 57891
Copy done: 3540848 in 30.0001, score 29506

# COUNT0: 29506
# COUNT1: 0
# COUNT2: KBps
# TIME: 30.0
# elapsed: 45.093445
# pid: 3833945
# status: 0

#### Pass 3

Write done: 480000 in 2.0265, score 59214
Read done: 468208 in 2.0000, score 58525
Copy done: 3541360 in 30.0001, score 29511

# COUNT0: 29511
# COUNT1: 0
# COUNT2: KBps
# TIME: 30.0
# elapsed: 45.055776
# pid: 3833954
# status: 0

*Dump score:      29506.0
Count score:      29511.0
Count score:      29701.0

>>>> Results of 1 copy
>>>> score: 29605.8475811789
>>>> time: 30
>>>> iterations: 2


########################################################
Pipe Throughput -- 1 copy
==> "/mnt/host0/unixbench/UnixBench/pgms/pipe" 10 2>&1 >> "/mnt/host0/unixbench/UnixBench/results/uarf-2025-06-02-05.log"

#### Pass 1


# COUNT0: 19845394
# COUNT1: 1
# COUNT2: lps
# elapsed: 10.008912
# pid: 3833963
# status: 0

#### Pass 2


# COUNT0: 19788440
# COUNT1: 1
# COUNT2: lps
# elapsed: 10.005989
# pid: 3833972
# status: 0

#### Pass 3


# COUNT0: 19743294
# COUNT1: 1
# COUNT2: lps
# elapsed: 10.008919
# pid: 3833981
# status: 0

#### Pass 4


# COUNT0: 20064048
# COUNT1: 1
# COUNT2: lps
# elapsed: 10.006385
# pid: 3833990
# status: 0

#### Pass 5


# COUNT0: 19827794
# COUNT1: 1
# COUNT2: lps
# elapsed: 10.006426
# pid: 3833999
# status: 0

#### Pass 6


# COUNT0: 20091948
# COUNT1: 1
# COUNT2: lps
# elapsed: 10.006120
# pid: 3834008
# status: 0

#### Pass 7


# COUNT0: 20169284
# COUNT1: 1
# COUNT2: lps
# elapsed: 10.005999
# pid: 3834017
# status: 0

#### Pass 8


# COUNT0: 19927761
# COUNT1: 1
# COUNT2: lps
# elapsed: 10.008664
# pid: 3834026
# status: 0

#### Pass 9


# COUNT0: 19710614
# COUNT1: 1
# COUNT2: lps
# elapsed: 10.012122
# pid: 3834035
# status: 0

#### Pass 10


# COUNT0: 20055440
# COUNT1: 1
# COUNT2: lps
# elapsed: 10.006214
# pid: 3834044
# status: 0

*Dump score:   19710614.0
*Dump score:   19743294.0
*Dump score:   19788440.0
Count score:   19827794.0
Count score:   19845394.0
Count score:   19927761.0
Count score:   20055440.0
Count score:   20064048.0
Count score:   20091948.0
Count score:   20169284.0

>>>> Results of 1 copy
>>>> score: 1998310.49371664
>>>> time: 10.00696
>>>> iterations: 7


########################################################
Pipe-based Context Switching -- 1 copy
==> "/mnt/host0/unixbench/UnixBench/pgms/context1" 10 2>&1 >> "/mnt/host0/unixbench/UnixBench/results/uarf-2025-06-02-05.log"

#### Pass 1


# COUNT0: 281204
# COUNT1: 1
# COUNT2: lps
# elapsed: 10.006347
# pid: 3834053
# status: 0

#### Pass 2


# COUNT0: 282472
# COUNT1: 1
# COUNT2: lps
# elapsed: 10.008197
# pid: 3834064
# status: 0

#### Pass 3


# COUNT0: 280576
# COUNT1: 1
# COUNT2: lps
# elapsed: 10.005680
# pid: 3834074
# status: 0

#### Pass 4


# COUNT0: 280468
# COUNT1: 1
# COUNT2: lps
# elapsed: 10.005720
# pid: 3834084
# status: 0

#### Pass 5


# COUNT0: 279784
# COUNT1: 1
# COUNT2: lps
# elapsed: 10.005732
# pid: 3834094
# status: 0

#### Pass 6


# COUNT0: 284079
# COUNT1: 1
# COUNT2: lps
# elapsed: 10.007899
# pid: 3834104
# status: 0

#### Pass 7


# COUNT0: 282077
# COUNT1: 1
# COUNT2: lps
# elapsed: 10.008582
# pid: 3834114
# status: 0

#### Pass 8


# COUNT0: 279910
# COUNT1: 1
# COUNT2: lps
# elapsed: 10.007923
# pid: 3834124
# status: 0

#### Pass 9


# COUNT0: 281786
# COUNT1: 1
# COUNT2: lps
# elapsed: 10.008897
# pid: 3834134
# status: 0

#### Pass 10


# COUNT0: 281930
# COUNT1: 1
# COUNT2: lps
# elapsed: 10.008540
# pid: 3834144
# status: 0

*Dump score:     279784.0
*Dump score:     279910.0
*Dump score:     280468.0
Count score:     280576.0
Count score:     281204.0
Count score:     281786.0
Count score:     281930.0
Count score:     282077.0
Count score:     282472.0
Count score:     284079.0

>>>> Results of 1 copy
>>>> score: 28179.7921642607
>>>> time: 10.0077345714286
>>>> iterations: 7


########################################################
Process Creation -- 1 copy
==> "/mnt/host0/unixbench/UnixBench/pgms/spawn" 30 2>&1 >> "/mnt/host0/unixbench/UnixBench/results/uarf-2025-06-02-05.log"

#### Pass 1


# COUNT0: 269113
# COUNT1: 1
# COUNT2: lps
# elapsed: 30.008866
# pid: 3834157
# status: 0

#### Pass 2


# COUNT0: 268991
# COUNT1: 1
# COUNT2: lps
# elapsed: 30.008884
# pid: 4103280
# status: 0

#### Pass 3


# COUNT0: 266323
# COUNT1: 1
# COUNT2: lps
# elapsed: 30.008825
# pid: 178278
# status: 0

*Dump score:     266323.0
Count score:     268991.0
Count score:     269113.0

>>>> Results of 1 copy
>>>> score: 8965.7474025598
>>>> time: 30.008875
>>>> iterations: 2


########################################################
System Call Overhead -- 1 copy
==> "/mnt/host0/unixbench/UnixBench/pgms/syscall" 10 2>&1 >> "/mnt/host0/unixbench/UnixBench/results/uarf-2025-06-02-05.log"

#### Pass 1


# COUNT0: 24353644
# COUNT1: 1
# COUNT2: lps
# elapsed: 10.008675
# pid: 444611
# status: 0

#### Pass 2


# COUNT0: 24228012
# COUNT1: 1
# COUNT2: lps
# elapsed: 10.008218
# pid: 444620
# status: 0

#### Pass 3


# COUNT0: 24607049
# COUNT1: 1
# COUNT2: lps
# elapsed: 10.006520
# pid: 444629
# status: 0

#### Pass 4


# COUNT0: 24606457
# COUNT1: 1
# COUNT2: lps
# elapsed: 10.006409
# pid: 444638
# status: 0

#### Pass 5


# COUNT0: 24446495
# COUNT1: 1
# COUNT2: lps
# elapsed: 10.006157
# pid: 444647
# status: 0

#### Pass 6


# COUNT0: 24522220
# COUNT1: 1
# COUNT2: lps
# elapsed: 10.006080
# pid: 444656
# status: 0

#### Pass 7


# COUNT0: 24507313
# COUNT1: 1
# COUNT2: lps
# elapsed: 10.008027
# pid: 444665
# status: 0

#### Pass 8


# COUNT0: 24327287
# COUNT1: 1
# COUNT2: lps
# elapsed: 10.008734
# pid: 444674
# status: 0

#### Pass 9


# COUNT0: 24581921
# COUNT1: 1
# COUNT2: lps
# elapsed: 10.006419
# pid: 444683
# status: 0

#### Pass 10


# COUNT0: 24500219
# COUNT1: 1
# COUNT2: lps
# elapsed: 10.008952
# pid: 444693
# status: 0

*Dump score:   24228012.0
*Dump score:   24327287.0
*Dump score:   24353644.0
Count score:   24446495.0
Count score:   24500219.0
Count score:   24507313.0
Count score:   24522220.0
Count score:   24581921.0
Count score:   24606457.0
Count score:   24607049.0

>>>> Results of 1 copy
>>>> score: 2452173.3092679
>>>> time: 10.0069377142857
>>>> iterations: 7


########################################################
Shell Scripts (1 concurrent) -- 1 copy
==> "/mnt/host0/unixbench/UnixBench/pgms/looper" 60 "/mnt/host0/unixbench/UnixBench/pgms/multi.sh" 1 2>&1 >> "/mnt/host0/unixbench/UnixBench/results/uarf-2025-06-02-05.log"

#### Pass 1


# COUNT0: 2740
# COUNT1: 60
# COUNT2: lpm
# elapsed: 60.020026
# pid: 444702
# status: 0

#### Pass 2


# COUNT0: 2716
# COUNT1: 60
# COUNT2: lpm
# elapsed: 60.029823
# pid: 469380
# status: 0

#### Pass 3


# COUNT0: 2722
# COUNT1: 60
# COUNT2: lpm
# elapsed: 60.010352
# pid: 493843
# status: 0

*Dump score:       2716.0
Count score:       2722.0
Count score:       2740.0

>>>> Results of 1 copy
>>>> score: 2730.29400516954
>>>> time: 60.015189
>>>> iterations: 2


########################################################
Shell Scripts (8 concurrent) -- 1 copy
==> "/mnt/host0/unixbench/UnixBench/pgms/looper" 60 "/mnt/host0/unixbench/UnixBench/pgms/multi.sh" 8 2>&1 >> "/mnt/host0/unixbench/UnixBench/results/uarf-2025-06-02-05.log"

#### Pass 1


# COUNT0: 564
# COUNT1: 60
# COUNT2: lpm
# elapsed: 60.089304
# pid: 518359
# status: 0

#### Pass 2


# COUNT0: 562
# COUNT1: 60
# COUNT2: lpm
# elapsed: 60.021632
# pid: 555093
# status: 0

#### Pass 3


# COUNT0: 564
# COUNT1: 60
# COUNT2: lpm
# elapsed: 60.103917
# pid: 591698
# status: 0

*Dump score:        562.0
Count score:        564.0
Count score:        564.0

>>>> Results of 1 copy
>>>> score: 563.093325373203
>>>> time: 60.0966105
>>>> iterations: 2


########################################################
Dhrystone 2 using register variables -- 2 copies
==> "/mnt/host0/unixbench/UnixBench/pgms/dhry2reg" 10 2>&1 >> "/mnt/host0/unixbench/UnixBench/results/uarf-2025-06-02-05.log"

#### Pass 1


# COUNT0: 285691444
# COUNT1: 1
# COUNT2: lps
# elapsed: 10.010633
# pid: 628432
# status: 0

# COUNT0: 285578855
# COUNT1: 1
# COUNT2: lps
# elapsed: 10.009563
# pid: 628434
# status: 0

#### Pass 2


# COUNT0: 286514760
# COUNT1: 1
# COUNT2: lps
# elapsed: 10.008947
# pid: 628444
# status: 0

# COUNT0: 286663955
# COUNT1: 1
# COUNT2: lps
# elapsed: 10.008074
# pid: 628446
# status: 0

#### Pass 3


# COUNT0: 285923596
# COUNT1: 1
# COUNT2: lps
# elapsed: 10.010239
# pid: 628456
# status: 0

# COUNT0: 285849698
# COUNT1: 1
# COUNT2: lps
# elapsed: 10.010238
# pid: 628457
# status: 0

#### Pass 4


# COUNT0: 285767855
# COUNT1: 1
# COUNT2: lps
# elapsed: 10.010402
# pid: 628468
# status: 0

# COUNT0: 285869787
# COUNT1: 1
# COUNT2: lps
# elapsed: 10.010364
# pid: 628469
# status: 0

#### Pass 5


# COUNT0: 285786958
# COUNT1: 1
# COUNT2: lps
# elapsed: 10.013710
# pid: 628480
# status: 0

# COUNT0: 285882344
# COUNT1: 1
# COUNT2: lps
# elapsed: 10.013206
# pid: 628481
# status: 0

#### Pass 6


# COUNT0: 286867215
# COUNT1: 1
# COUNT2: lps
# elapsed: 10.009969
# pid: 628492
# status: 0

# COUNT0: 286740013
# COUNT1: 1
# COUNT2: lps
# elapsed: 10.009227
# pid: 628493
# status: 0

#### Pass 7


# COUNT0: 285714205
# COUNT1: 1
# COUNT2: lps
# elapsed: 10.011304
# pid: 628504
# status: 0

# COUNT0: 285828582
# COUNT1: 1
# COUNT2: lps
# elapsed: 10.011698
# pid: 628505
# status: 0

#### Pass 8


# COUNT0: 285655905
# COUNT1: 1
# COUNT2: lps
# elapsed: 10.010924
# pid: 628516
# status: 0

# COUNT0: 285748211
# COUNT1: 1
# COUNT2: lps
# elapsed: 10.010702
# pid: 628517
# status: 0

#### Pass 9


# COUNT0: 284940919
# COUNT1: 1
# COUNT2: lps
# elapsed: 10.011554
# pid: 628528
# status: 0

# COUNT0: 284866798
# COUNT1: 1
# COUNT2: lps
# elapsed: 10.011000
# pid: 628529
# status: 0

#### Pass 10


# COUNT0: 285801739
# COUNT1: 1
# COUNT2: lps
# elapsed: 10.011275
# pid: 628540
# status: 0

# COUNT0: 285698185
# COUNT1: 1
# COUNT2: lps
# elapsed: 10.010158
# pid: 628541
# status: 0

*Dump score:  569807717.0
*Dump score:  571270299.0
*Dump score:  571404116.0
Count score:  571499924.0
Count score:  571542787.0
Count score:  571637642.0
Count score:  571669302.0
Count score:  571773294.0
Count score:  573178715.0
Count score:  573607228.0

>>>> Sum of 2 copies
>>>> score: 57152178.2250475
>>>> time: 10.0106293571429
>>>> iterations: 7


########################################################
Double-Precision Whetstone -- 2 copies
==> "/mnt/host0/unixbench/UnixBench/pgms/whetstone-double"  2>&1 >> "/mnt/host0/unixbench/UnixBench/results/uarf-2025-06-02-05.log"

#### Pass 1

Calibrate
       0.00 Seconds          1   Passes (x 100)
       0.02 Seconds          5   Passes (x 100)
       0.06 Seconds         25   Passes (x 100)
       0.22 Seconds        125   Passes (x 100)
       1.11 Seconds        625   Passes (x 100)

Use 5605  passes (x 100)

          Double Precision C/C++ Whetstone Benchmark

Loop content                  Result              MFLOPS      MOPS   Seconds

N1 floating point     -1.12398255667392033      1587.713              0.068
N2 floating point     -1.12187079889294417      1962.496              0.384
N3 if then else        1.00000000000000000                4749.143    0.122
N4 fixed point        12.00000000000000000               18193195885.579    0.000
N5 sin,cos etc.        0.49902937281518261                 114.113    4.087
N6 floating point      0.99999987890802811       948.279              3.188
N7 assignments         3.00000000000000000                2374.700    0.436
N8 exp,sqrt etc.       0.75100163018453958                 127.380    1.637

MWIPS                                           5649.222              9.922

Calibrate
       0.00 Seconds          1   Passes (x 100)
       0.02 Seconds          5   Passes (x 100)
       0.06 Seconds         25   Passes (x 100)
       0.22 Seconds        125   Passes (x 100)
       1.12 Seconds        625   Passes (x 100)

Use 5603  passes (x 100)

          Double Precision C/C++ Whetstone Benchmark

Loop content                  Result              MFLOPS      MOPS   Seconds

N1 floating point     -1.12398255667392033      1587.465              0.068
N2 floating point     -1.12187079889294417      1962.185              0.384
N3 if then else        1.00000000000000000                4749.004    0.122
N4 fixed point        12.00000000000000000               14823457271.128    0.000
N5 sin,cos etc.        0.49902937281518261                 114.058    4.087
N6 floating point      0.99999987890802811       947.955              3.188
N7 assignments         3.00000000000000000                2374.321    0.436
N8 exp,sqrt etc.       0.75100163018453958                 127.336    1.637

MWIPS                                           5647.093              9.922


# COUNT0: 5647.093
# COUNT1: 0
# COUNT2: MWIPS
# TIME: 9.922
# elapsed: 12.056758
# pid: 628552
# status: 0

# COUNT0: 5649.222
# COUNT1: 0
# COUNT2: MWIPS
# TIME: 9.922
# elapsed: 12.055574
# pid: 628554
# status: 0

#### Pass 2

Calibrate
       0.00 Seconds          1   Passes (x 100)
       0.02 Seconds          5   Passes (x 100)
       0.06 Seconds         25   Passes (x 100)
       0.23 Seconds        125   Passes (x 100)
       1.11 Seconds        625   Passes (x 100)

Use 5606  passes (x 100)

          Double Precision C/C++ Whetstone Benchmark

Loop content                  Result              MFLOPS      MOPS   Seconds

N1 floating point     -1.12398255667392033      1583.996              0.068
N2 floating point     -1.12187079889294417      1962.596              0.384
N3 if then else        1.00000000000000000                4750.068    0.122
N4 fixed point        12.00000000000000000               17923086592.765    0.000
N5 sin,cos etc.        0.49902937281518261                 114.137    4.086
N6 floating point      0.99999987890802811       948.374              3.188
N7 assignments         3.00000000000000000                2373.693    0.436
N8 exp,sqrt etc.       0.75100163018453958                 127.560    1.635

MWIPS                                           5651.058              9.920

Calibrate
       0.00 Seconds          1   Passes (x 100)
       0.02 Seconds          5   Passes (x 100)
       0.06 Seconds         25   Passes (x 100)
       0.23 Seconds        125   Passes (x 100)
       1.11 Seconds        625   Passes (x 100)

Use 5605  passes (x 100)

          Double Precision C/C++ Whetstone Benchmark

Loop content                  Result              MFLOPS      MOPS   Seconds

N1 floating point     -1.12398255667392033      1583.158              0.068
N2 floating point     -1.12187079889294417      1962.598              0.384
N3 if then else        1.00000000000000000                4749.923    0.122
N4 fixed point        12.00000000000000000               26013652389.763    0.000
N5 sin,cos etc.        0.49902937281518261                 114.088    4.088
N6 floating point      0.99999987890802811       948.095              3.189
N7 assignments         3.00000000000000000                2370.793    0.437
N8 exp,sqrt etc.       0.75100163018453958                 127.555    1.635

MWIPS                                           5649.145              9.922


# COUNT0: 5651.058
# COUNT1: 0
# COUNT2: MWIPS
# TIME: 9.920
# elapsed: 12.056325
# pid: 628564
# status: 0

# COUNT0: 5649.145
# COUNT1: 0
# COUNT2: MWIPS
# TIME: 9.922
# elapsed: 12.057280
# pid: 628566
# status: 0

#### Pass 3

Calibrate
       0.00 Seconds          1   Passes (x 100)
       0.01 Seconds          5   Passes (x 100)
       0.05 Seconds         25   Passes (x 100)
       0.22 Seconds        125   Passes (x 100)
       1.12 Seconds        625   Passes (x 100)

Use 5603  passes (x 100)

          Double Precision C/C++ Whetstone Benchmark

Loop content                  Result              MFLOPS      MOPS   Seconds

N1 floating point     -1.12398255667392033      1587.079              0.068
N2 floating point     -1.12187079889294417      1962.620              0.384
N3 if then else        1.00000000000000000                4750.676    0.122
N4 fixed point        12.00000000000000000                   0.000   -0.000
N5 sin,cos etc.        0.49902937281518261                 114.167    4.083
N6 floating point      0.99999987890802811       948.089              3.188
N7 assignments         3.00000000000000000                2374.517    0.436
N8 exp,sqrt etc.       0.75100163018453958                 127.446    1.635

MWIPS                                           5650.449              9.916

Calibrate
       0.00 Seconds          1   Passes (x 100)
       0.01 Seconds          5   Passes (x 100)
       0.05 Seconds         25   Passes (x 100)
       0.22 Seconds        125   Passes (x 100)
       1.12 Seconds        625   Passes (x 100)

Use 5601  passes (x 100)

          Double Precision C/C++ Whetstone Benchmark

Loop content                  Result              MFLOPS      MOPS   Seconds

N1 floating point     -1.12398255667392033      1586.686              0.068
N2 floating point     -1.12187079889294417      1961.786              0.384
N3 if then else        1.00000000000000000                4750.265    0.122
N4 fixed point        12.00000000000000000                   0.000   -0.000
N5 sin,cos etc.        0.49902937281518261                 114.108    4.084
N6 floating point      0.99999987890802811       947.649              3.188
N7 assignments         3.00000000000000000                2374.258    0.436
N8 exp,sqrt etc.       0.75100163018453958                 127.387    1.636

MWIPS                                           5647.832              9.917


# COUNT0: 5647.832
# COUNT1: 0
# COUNT2: MWIPS
# TIME: 9.917
# elapsed: 12.027282
# pid: 628576
# status: 0

# COUNT0: 5650.449
# COUNT1: 0
# COUNT2: MWIPS
# TIME: 9.916
# elapsed: 12.021214
# pid: 628578
# status: 0

#### Pass 4

Calibrate
       0.00 Seconds          1   Passes (x 100)
       0.01 Seconds          5   Passes (x 100)
       0.05 Seconds         25   Passes (x 100)
       0.22 Seconds        125   Passes (x 100)
       1.12 Seconds        625   Passes (x 100)

Use 5604  passes (x 100)

          Double Precision C/C++ Whetstone Benchmark

Loop content                  Result              MFLOPS      MOPS   Seconds

N1 floating point     -1.12398255667392033      1584.065              0.068
N2 floating point     -1.12187079889294417      1961.931              0.384
N3 if then else        1.00000000000000000                4725.277    0.123
N4 fixed point        12.00000000000000000                   0.000   -0.000
N5 sin,cos etc.        0.49902937281518261                 114.142    4.085
N6 floating point      0.99999987890802811       947.883              3.189
N7 assignments         3.00000000000000000                2374.309    0.436
N8 exp,sqrt etc.       0.75100163018453958                 127.363    1.637

MWIPS                                           5648.398              9.921

Calibrate
       0.00 Seconds          1   Passes (x 100)
       0.01 Seconds          5   Passes (x 100)
       0.05 Seconds         25   Passes (x 100)
       0.22 Seconds        125   Passes (x 100)
       1.11 Seconds        625   Passes (x 100)

Use 5606  passes (x 100)

          Double Precision C/C++ Whetstone Benchmark

Loop content                  Result              MFLOPS      MOPS   Seconds

N1 floating point     -1.12398255667392033      1584.217              0.068
N2 floating point     -1.12187079889294417      1961.752              0.384
N3 if then else        1.00000000000000000                4735.686    0.123
N4 fixed point        12.00000000000000000               204108235660.235    0.000
N5 sin,cos etc.        0.49902937281518261                 114.172    4.085
N6 floating point      0.99999987890802811       948.026              3.190
N7 assignments         3.00000000000000000                2374.623    0.436
N8 exp,sqrt etc.       0.75100163018453958                 127.417    1.637

MWIPS                                           5649.851              9.922


# COUNT0: 5648.398
# COUNT1: 0
# COUNT2: MWIPS
# TIME: 9.921
# elapsed: 12.030090
# pid: 628588
# status: 0

# COUNT0: 5649.851
# COUNT1: 0
# COUNT2: MWIPS
# TIME: 9.922
# elapsed: 12.029024
# pid: 628590
# status: 0

#### Pass 5

Calibrate
       0.00 Seconds          1   Passes (x 100)
       0.02 Seconds          5   Passes (x 100)
       0.06 Seconds         25   Passes (x 100)
       0.22 Seconds        125   Passes (x 100)
       1.12 Seconds        625   Passes (x 100)

Use 5604  passes (x 100)

          Double Precision C/C++ Whetstone Benchmark

Loop content                  Result              MFLOPS      MOPS   Seconds

N1 floating point     -1.12398255667392033      1587.533              0.068
N2 floating point     -1.12187079889294417      1962.739              0.384
N3 if then else        1.00000000000000000                4749.310    0.122
N4 fixed point        12.00000000000000000                   0.000   -0.000
N5 sin,cos etc.        0.49902937281518261                 114.183    4.083
N6 floating point      0.99999987890802811       948.143              3.188
N7 assignments         3.00000000000000000                2372.966    0.436
N8 exp,sqrt etc.       0.75100163018453958                 127.617    1.634

MWIPS                                           5651.976              9.915

Calibrate
       0.00 Seconds          1   Passes (x 100)
       0.02 Seconds          5   Passes (x 100)
       0.06 Seconds         25   Passes (x 100)
       0.22 Seconds        125   Passes (x 100)
       1.12 Seconds        625   Passes (x 100)

Use 5604  passes (x 100)

          Double Precision C/C++ Whetstone Benchmark

Loop content                  Result              MFLOPS      MOPS   Seconds

N1 floating point     -1.12398255667392033      1586.870              0.068
N2 floating point     -1.12187079889294417      1962.514              0.384
N3 if then else        1.00000000000000000                4748.807    0.122
N4 fixed point        12.00000000000000000                   0.000   -0.000
N5 sin,cos etc.        0.49902937281518261                 114.137    4.085
N6 floating point      0.99999987890802811       947.933              3.189
N7 assignments         3.00000000000000000                2371.027    0.437
N8 exp,sqrt etc.       0.75100163018453958                 127.627    1.633

MWIPS                                           5650.467              9.918


# COUNT0: 5651.976
# COUNT1: 0
# COUNT2: MWIPS
# TIME: 9.915
# elapsed: 12.048824
# pid: 628600
# status: 0

# COUNT0: 5650.467
# COUNT1: 0
# COUNT2: MWIPS
# TIME: 9.918
# elapsed: 12.050677
# pid: 628602
# status: 0

#### Pass 6

Calibrate
       0.00 Seconds          1   Passes (x 100)
       0.01 Seconds          5   Passes (x 100)
       0.04 Seconds         25   Passes (x 100)
       0.22 Seconds        125   Passes (x 100)
       1.12 Seconds        625   Passes (x 100)

Use 5602  passes (x 100)

          Double Precision C/C++ Whetstone Benchmark

Loop content                  Result              MFLOPS      MOPS   Seconds

N1 floating point     -1.12398255667392033      1587.841              0.068
N2 floating point     -1.12187079889294417      1962.141              0.384
N3 if then else        1.00000000000000000                4749.171    0.122
N4 fixed point        12.00000000000000000               46877499984.181    0.000
N5 sin,cos etc.        0.49902937281518261                 114.154    4.083
N6 floating point      0.99999987890802811       947.630              3.189
N7 assignments         3.00000000000000000                2374.230    0.436
N8 exp,sqrt etc.       0.75100163018453958                 127.371    1.636

MWIPS                                           5648.671              9.917

Calibrate
       0.00 Seconds          1   Passes (x 100)
       0.01 Seconds          5   Passes (x 100)
       0.05 Seconds         25   Passes (x 100)
       0.22 Seconds        125   Passes (x 100)
       1.12 Seconds        625   Passes (x 100)

Use 5604  passes (x 100)

          Double Precision C/C++ Whetstone Benchmark

Loop content                  Result              MFLOPS      MOPS   Seconds

N1 floating point     -1.12398255667392033      1587.997              0.068
N2 floating point     -1.12187079889294417      1961.998              0.384
N3 if then else        1.00000000000000000                4750.322    0.122
N4 fixed point        12.00000000000000000               55063341815.582    0.000
N5 sin,cos etc.        0.49902937281518261                 114.185    4.083
N6 floating point      0.99999987890802811       947.879              3.189
N7 assignments         3.00000000000000000                2374.326    0.436
N8 exp,sqrt etc.       0.75100163018453958                 127.421    1.636

MWIPS                                           5650.165              9.918


# COUNT0: 5650.165
# COUNT1: 0
# COUNT2: MWIPS
# TIME: 9.918
# elapsed: 12.018396
# pid: 628612
# status: 0

# COUNT0: 5648.671
# COUNT1: 0
# COUNT2: MWIPS
# TIME: 9.917
# elapsed: 12.017179
# pid: 628613
# status: 0

#### Pass 7

Calibrate
       0.00 Seconds          1   Passes (x 100)
       0.01 Seconds          5   Passes (x 100)
       0.05 Seconds         25   Passes (x 100)
       0.22 Seconds        125   Passes (x 100)
       1.11 Seconds        625   Passes (x 100)

Use 5606  passes (x 100)

          Double Precision C/C++ Whetstone Benchmark

Loop content                  Result              MFLOPS      MOPS   Seconds

N1 floating point     -1.12398255667392033      1585.321              0.068
N2 floating point     -1.12187079889294417      1959.987              0.384
N3 if then else        1.00000000000000000                4751.162    0.122
N4 fixed point        12.00000000000000000               153895439093.062    0.000
N5 sin,cos etc.        0.49902937281518261                 114.172    4.085
N6 floating point      0.99999987890802811       947.946              3.190
N7 assignments         3.00000000000000000                2374.356    0.436
N8 exp,sqrt etc.       0.75100163018453958                 127.266    1.639

MWIPS                                           5648.626              9.925

Calibrate
       0.00 Seconds          1   Passes (x 100)
       0.01 Seconds          5   Passes (x 100)
       0.05 Seconds         25   Passes (x 100)
       0.22 Seconds        125   Passes (x 100)
       1.12 Seconds        625   Passes (x 100)

Use 5604  passes (x 100)

          Double Precision C/C++ Whetstone Benchmark

Loop content                  Result              MFLOPS      MOPS   Seconds

N1 floating point     -1.12398255667392033      1585.117              0.068
N2 floating point     -1.12187079889294417      1957.577              0.385
N3 if then else        1.00000000000000000                4751.523    0.122
N4 fixed point        12.00000000000000000                   0.000   -0.000
N5 sin,cos etc.        0.49902937281518261                 114.132    4.085
N6 floating point      0.99999987890802811       947.717              3.190
N7 assignments         3.00000000000000000                2374.358    0.436
N8 exp,sqrt etc.       0.75100163018453958                 127.217    1.639

MWIPS                                           5646.745              9.924


# COUNT0: 5646.745
# COUNT1: 0
# COUNT2: MWIPS
# TIME: 9.924
# elapsed: 12.030481
# pid: 628624
# status: 0

# COUNT0: 5648.626
# COUNT1: 0
# COUNT2: MWIPS
# TIME: 9.925
# elapsed: 12.029422
# pid: 628626
# status: 0

#### Pass 8

Calibrate
       0.00 Seconds          1   Passes (x 100)
       0.02 Seconds          5   Passes (x 100)
       0.06 Seconds         25   Passes (x 100)
       0.22 Seconds        125   Passes (x 100)
       1.11 Seconds        625   Passes (x 100)

Use 5611  passes (x 100)

          Double Precision C/C++ Whetstone Benchmark

Loop content                  Result              MFLOPS      MOPS   Seconds

N1 floating point     -1.12398255667392033      1584.231              0.068
N2 floating point     -1.12187079889294417      1962.184              0.384
N3 if then else        1.00000000000000000                4751.037    0.122
N4 fixed point        12.00000000000000000                   0.000   -0.000
N5 sin,cos etc.        0.49902937281518261                 114.190    4.088
N6 floating point      0.99999987890802811       947.832              3.193
N7 assignments         3.00000000000000000                2375.032    0.437
N8 exp,sqrt etc.       0.75100163018453958                 127.697    1.635

MWIPS                                           5652.207              9.927

Calibrate
       0.00 Seconds          1   Passes (x 100)
       0.02 Seconds          5   Passes (x 100)
       0.06 Seconds         25   Passes (x 100)
       0.22 Seconds        125   Passes (x 100)
       1.11 Seconds        625   Passes (x 100)

Use 5613  passes (x 100)

          Double Precision C/C++ Whetstone Benchmark

Loop content                  Result              MFLOPS      MOPS   Seconds

N1 floating point     -1.12398255667392033      1583.438              0.068
N2 floating point     -1.12187079889294417      1961.649              0.385
N3 if then else        1.00000000000000000                4751.329    0.122
N4 fixed point        12.00000000000000000                   0.000   -0.000
N5 sin,cos etc.        0.49902937281518261                 114.155    4.091
N6 floating point      0.99999987890802811       947.598              3.195
N7 assignments         3.00000000000000000                2374.199    0.437
N8 exp,sqrt etc.       0.75100163018453958                 127.703    1.635

MWIPS                                           5650.912              9.933


# COUNT0: 5650.912
# COUNT1: 0
# COUNT2: MWIPS
# TIME: 9.933
# elapsed: 12.068168
# pid: 628636
# status: 0

# COUNT0: 5652.207
# COUNT1: 0
# COUNT2: MWIPS
# TIME: 9.927
# elapsed: 12.063089
# pid: 628638
# status: 0

#### Pass 9

Calibrate
       0.00 Seconds          1   Passes (x 100)
       0.01 Seconds          5   Passes (x 100)
       0.05 Seconds         25   Passes (x 100)
       0.22 Seconds        125   Passes (x 100)
       1.12 Seconds        625   Passes (x 100)

Use 5603  passes (x 100)

          Double Precision C/C++ Whetstone Benchmark

Loop content                  Result              MFLOPS      MOPS   Seconds

N1 floating point     -1.12398255667392033      1583.647              0.068
N2 floating point     -1.12187079889294417      1961.029              0.384
N3 if then else        1.00000000000000000                4750.324    0.122
N4 fixed point        12.00000000000000000                   0.000   -0.000
N5 sin,cos etc.        0.49902937281518261                 114.141    4.084
N6 floating point      0.99999987890802811       947.516              3.190
N7 assignments         3.00000000000000000                2374.643    0.436
N8 exp,sqrt etc.       0.75100163018453958                 127.363    1.637

MWIPS                                           5647.963              9.920

Calibrate
       0.00 Seconds          1   Passes (x 100)
       0.01 Seconds          5   Passes (x 100)
       0.05 Seconds         25   Passes (x 100)
       0.22 Seconds        125   Passes (x 100)
       1.11 Seconds        625   Passes (x 100)

Use 5606  passes (x 100)

          Double Precision C/C++ Whetstone Benchmark

Loop content                  Result              MFLOPS      MOPS   Seconds

N1 floating point     -1.12398255667392033      1583.921              0.068
N2 floating point     -1.12187079889294417      1961.247              0.384
N3 if then else        1.00000000000000000                4751.044    0.122
N4 fixed point        12.00000000000000000               35058882206.314    0.000
N5 sin,cos etc.        0.49902937281518261                 114.189    4.085
N6 floating point      0.99999987890802811       947.844              3.190
N7 assignments         3.00000000000000000                2375.358    0.436
N8 exp,sqrt etc.       0.75100163018453958                 127.447    1.636

MWIPS                                           5650.300              9.922


# COUNT0: 5647.963
# COUNT1: 0
# COUNT2: MWIPS
# TIME: 9.920
# elapsed: 12.027540
# pid: 628648
# status: 0

# COUNT0: 5650.300
# COUNT1: 0
# COUNT2: MWIPS
# TIME: 9.922
# elapsed: 12.026989
# pid: 628649
# status: 0

#### Pass 10

Calibrate
       0.00 Seconds          1   Passes (x 100)
       0.02 Seconds          5   Passes (x 100)
       0.06 Seconds         25   Passes (x 100)
       0.23 Seconds        125   Passes (x 100)
       1.11 Seconds        625   Passes (x 100)

Use 5607  passes (x 100)

          Double Precision C/C++ Whetstone Benchmark

Loop content                  Result              MFLOPS      MOPS   Seconds

N1 floating point     -1.12398255667392033      1587.987              0.068
N2 floating point     -1.12187079889294417      1958.528              0.385
N3 if then else        1.00000000000000000                4751.305    0.122
N4 fixed point        12.00000000000000000               15827979563.647    0.000
N5 sin,cos etc.        0.49902937281518261                 114.157    4.086
N6 floating point      0.99999987890802811       947.740              3.191
N7 assignments         3.00000000000000000                2374.954    0.436
N8 exp,sqrt etc.       0.75100163018453958                 127.589    1.635

MWIPS                                           5650.249              9.923

Calibrate
       0.00 Seconds          1   Passes (x 100)
       0.02 Seconds          5   Passes (x 100)
       0.06 Seconds         25   Passes (x 100)
       0.22 Seconds        125   Passes (x 100)
       1.11 Seconds        625   Passes (x 100)

Use 5611  passes (x 100)

          Double Precision C/C++ Whetstone Benchmark

Loop content                  Result              MFLOPS      MOPS   Seconds

N1 floating point     -1.12398255667392033      1587.993              0.068
N2 floating point     -1.12187079889294417      1959.869              0.385
N3 if then else        1.00000000000000000                4751.196    0.122
N4 fixed point        12.00000000000000000               30929928870.268    0.000
N5 sin,cos etc.        0.49902937281518261                 114.182    4.089
N6 floating point      0.99999987890802811       947.871              3.193
N7 assignments         3.00000000000000000                2374.808    0.437
N8 exp,sqrt etc.       0.75100163018453958                 127.669    1.635

MWIPS                                           5651.717              9.928


# COUNT0: 5650.249
# COUNT1: 0
# COUNT2: MWIPS
# TIME: 9.923
# elapsed: 12.058083
# pid: 628661
# status: 0

# COUNT0: 5651.717
# COUNT1: 0
# COUNT2: MWIPS
# TIME: 9.928
# elapsed: 12.060749
# pid: 628662
# status: 0

*Dump score:      11295.4
*Dump score:      11296.3
*Dump score:      11298.2
Count score:      11298.3
Count score:      11298.3
Count score:      11298.8
Count score:      11300.2
Count score:      11302.0
Count score:      11302.4
Count score:      11303.1

>>>> Sum of 2 copies
>>>> score: 11300.4442670934
>>>> time: 9.92114285714286
>>>> iterations: 7


########################################################
Execl Throughput -- 2 copies
==> "/mnt/host0/unixbench/UnixBench/pgms/execl" 30 2>&1 >> "/mnt/host0/unixbench/UnixBench/results/uarf-2025-06-02-05.log"

#### Pass 1


# COUNT0: 23526
# COUNT1: 1
# COUNT2: lps
# elapsed: 29.436707
# pid: 628673
# status: 0

# COUNT0: 23560
# COUNT1: 1
# COUNT2: lps
# elapsed: 29.436808
# pid: 628674
# status: 0

#### Pass 2


# COUNT0: 24136
# COUNT1: 1
# COUNT2: lps
# elapsed: 29.978858
# pid: 628685
# status: 0

# COUNT0: 24162
# COUNT1: 1
# COUNT2: lps
# elapsed: 29.979293
# pid: 628687
# status: 0

#### Pass 3


# COUNT0: 24292
# COUNT1: 1
# COUNT2: lps
# elapsed: 29.973087
# pid: 628697
# status: 0

# COUNT0: 24305
# COUNT1: 1
# COUNT2: lps
# elapsed: 29.970301
# pid: 628699
# status: 0

*Dump score:      47086.0
Count score:      48298.0
Count score:      48597.0

>>>> Sum of 2 copies
>>>> score: 1616.2351244564
>>>> time: 29.97538475
>>>> iterations: 2


########################################################
File Copy 1024 bufsize 2000 maxblocks -- 2 copies
==> "/mnt/host0/unixbench/UnixBench/pgms/fstime" -c -t 30 -d "/mnt/host0/unixbench/UnixBench/tmp" -b 1024 -m 2000 2>&1 >> "/mnt/host0/unixbench/UnixBench/results/uarf-2025-06-02-05.log"

#### Pass 1

Write done: 96000 in 2.0946, score 11457
Read done: 94984 in 2.0001, score 11872
Copy done: 697004 in 30.0002, score 5808
Write done: 96000 in 2.0950, score 11455
Read done: 94984 in 2.0001, score 11872
Copy done: 697024 in 30.0002, score 5808

# COUNT0: 5808
# COUNT1: 0
# COUNT2: KBps
# TIME: 30.0
# elapsed: 45.126019
# pid: 628709
# status: 0

# COUNT0: 5808
# COUNT1: 0
# COUNT2: KBps
# TIME: 30.0
# elapsed: 45.126806
# pid: 628711
# status: 0

#### Pass 2

Write done: 96000 in 2.1170, score 11336
Read done: 96300 in 2.0001, score 12037
Copy done: 684552 in 30.0001, score 5704
Write done: 96000 in 2.1215, score 11312
Read done: 96308 in 2.0001, score 12038
Copy done: 684576 in 30.0002, score 5704

# COUNT0: 5704
# COUNT1: 0
# COUNT2: KBps
# TIME: 30.0
# elapsed: 45.153498
# pid: 628721
# status: 0

# COUNT0: 5704
# COUNT1: 0
# COUNT2: KBps
# TIME: 30.0
# elapsed: 45.152511
# pid: 628723
# status: 0

#### Pass 3

Write done: 96000 in 2.0543, score 11682
Read done: 94356 in 2.0000, score 11794
Copy done: 702160 in 30.0001, score 5851
Write done: 96000 in 2.0543, score 11682
Read done: 94360 in 2.0000, score 11794
Copy done: 702152 in 30.0002, score 5851

# COUNT0: 5851
# COUNT1: 0
# COUNT2: KBps
# TIME: 30.0
# elapsed: 45.088376
# pid: 628733
# status: 0

# COUNT0: 5851
# COUNT1: 0
# COUNT2: KBps
# TIME: 30.0
# elapsed: 45.086225
# pid: 628735
# status: 0

*Dump score:      11408.0
Count score:      11616.0
Count score:      11702.0

>>>> Sum of 2 copies
>>>> score: 11658.9207047651
>>>> time: 30
>>>> iterations: 2


########################################################
File Copy 256 bufsize 500 maxblocks -- 2 copies
==> "/mnt/host0/unixbench/UnixBench/pgms/fstime" -c -t 30 -d "/mnt/host0/unixbench/UnixBench/tmp" -b 256 -m 500 2>&1 >> "/mnt/host0/unixbench/UnixBench/results/uarf-2025-06-02-05.log"

#### Pass 1

Write done: 26000 in 2.1664, score 3000
Read done: 22589 in 2.0000, score 2823
Copy done: 175494 in 30.0001, score 1462
Write done: 26000 in 2.1664, score 3000
Read done: 22589 in 2.0001, score 2823
Copy done: 175511 in 30.0009, score 1462

# COUNT0: 1462
# COUNT1: 0
# COUNT2: KBps
# TIME: 30.0
# elapsed: 45.200790
# pid: 628745
# status: 0

# COUNT0: 1462
# COUNT1: 0
# COUNT2: KBps
# TIME: 30.0
# elapsed: 45.203246
# pid: 628747
# status: 0

#### Pass 2

Write done: 24000 in 2.1551, score 2784
Read done: 23676 in 2.0001, score 2959
Copy done: 175356 in 30.0002, score 1461
Write done: 24000 in 2.1547, score 2784
Read done: 23675 in 2.0001, score 2959
Copy done: 175358 in 30.0002, score 1461

# COUNT0: 1461
# COUNT1: 0
# COUNT2: KBps
# TIME: 30.0
# elapsed: 45.186005
# pid: 628758
# status: 0

# COUNT0: 1461
# COUNT1: 0
# COUNT2: KBps
# TIME: 30.0
# elapsed: 45.184361
# pid: 628760
# status: 0

#### Pass 3

Write done: 24000 in 2.1318, score 2814
Read done: 23987 in 2.0001, score 2998
Copy done: 171951 in 30.0001, score 1432
Write done: 24000 in 2.1318, score 2814
Read done: 23987 in 2.0001, score 2998
Copy done: 171973 in 30.0000, score 1433

# COUNT0: 1432
# COUNT1: 0
# COUNT2: KBps
# TIME: 30.0
# elapsed: 45.164898
# pid: 628771
# status: 0

# COUNT0: 1433
# COUNT1: 0
# COUNT2: KBps
# TIME: 30.0
# elapsed: 45.163993
# pid: 628772
# status: 0

*Dump score:       2865.0
Count score:       2922.0
Count score:       2924.0

>>>> Sum of 2 copies
>>>> score: 2922.99982894286
>>>> time: 30
>>>> iterations: 2


########################################################
File Copy 4096 bufsize 8000 maxblocks -- 2 copies
==> "/mnt/host0/unixbench/UnixBench/pgms/fstime" -c -t 30 -d "/mnt/host0/unixbench/UnixBench/tmp" -b 4096 -m 8000 2>&1 >> "/mnt/host0/unixbench/UnixBench/results/uarf-2025-06-02-05.log"

#### Pass 1

Write done: 352000 in 2.0369, score 43202
Read done: 364864 in 2.0001, score 45605
Copy done: 2700288 in 30.0001, score 22502
Write done: 352000 in 2.0369, score 43202
Read done: 364880 in 2.0002, score 45606
Copy done: 2700256 in 30.0001, score 22502

# COUNT0: 22502
# COUNT1: 0
# COUNT2: KBps
# TIME: 30.0
# elapsed: 45.078478
# pid: 628783
# status: 0

# COUNT0: 22502
# COUNT1: 0
# COUNT2: KBps
# TIME: 30.0
# elapsed: 45.074726
# pid: 628784
# status: 0

#### Pass 2

Write done: 352000 in 2.0166, score 43638
Read done: 376400 in 2.0001, score 47048
Copy done: 2682160 in 30.0001, score 22351
Write done: 352000 in 2.0179, score 43609
Read done: 376432 in 2.0001, score 47050
Copy done: 2682176 in 30.0001, score 22351

# COUNT0: 22351
# COUNT1: 0
# COUNT2: KBps
# TIME: 30.0
# elapsed: 45.059618
# pid: 628795
# status: 0

# COUNT0: 22351
# COUNT1: 0
# COUNT2: KBps
# TIME: 30.0
# elapsed: 45.060110
# pid: 628797
# status: 0

#### Pass 3

Write done: 352000 in 2.1149, score 41609
Read done: 359744 in 2.0000, score 44966
Copy done: 2677008 in 30.0002, score 22308
Write done: 352000 in 2.1167, score 41574
Read done: 359872 in 2.0001, score 44982
Copy done: 2677504 in 30.0021, score 22310

# COUNT0: 22310
# COUNT1: 0
# COUNT2: KBps
# TIME: 30.0
# elapsed: 45.157300
# pid: 628807
# status: 0

# COUNT0: 22308
# COUNT1: 0
# COUNT2: KBps
# TIME: 30.0
# elapsed: 45.151266
# pid: 628808
# status: 0

*Dump score:      44618.0
Count score:      44702.0
Count score:      45004.0

>>>> Sum of 2 copies
>>>> score: 44852.7458245312
>>>> time: 30
>>>> iterations: 2


########################################################
Pipe Throughput -- 2 copies
==> "/mnt/host0/unixbench/UnixBench/pgms/pipe" 10 2>&1 >> "/mnt/host0/unixbench/UnixBench/results/uarf-2025-06-02-05.log"

#### Pass 1


# COUNT0: 13344122
# COUNT1: 1
# COUNT2: lps
# elapsed: 10.010680
# pid: 628819
# status: 0

# COUNT0: 13524012
# COUNT1: 1
# COUNT2: lps
# elapsed: 10.009891
# pid: 628821
# status: 0

#### Pass 2


# COUNT0: 13391054
# COUNT1: 1
# COUNT2: lps
# elapsed: 10.011651
# pid: 628831
# status: 0

# COUNT0: 13395164
# COUNT1: 1
# COUNT2: lps
# elapsed: 10.012037
# pid: 628832
# status: 0

#### Pass 3


# COUNT0: 13333186
# COUNT1: 1
# COUNT2: lps
# elapsed: 10.010429
# pid: 628843
# status: 0

# COUNT0: 13347547
# COUNT1: 1
# COUNT2: lps
# elapsed: 10.009862
# pid: 628845
# status: 0

#### Pass 4


# COUNT0: 13449270
# COUNT1: 1
# COUNT2: lps
# elapsed: 10.010536
# pid: 628855
# status: 0

# COUNT0: 13445951
# COUNT1: 1
# COUNT2: lps
# elapsed: 10.009453
# pid: 628857
# status: 0

#### Pass 5


# COUNT0: 13325891
# COUNT1: 1
# COUNT2: lps
# elapsed: 10.008573
# pid: 628867
# status: 0

# COUNT0: 13332253
# COUNT1: 1
# COUNT2: lps
# elapsed: 10.006796
# pid: 628869
# status: 0

#### Pass 6


# COUNT0: 13540494
# COUNT1: 1
# COUNT2: lps
# elapsed: 10.012011
# pid: 628879
# status: 0

# COUNT0: 13462381
# COUNT1: 1
# COUNT2: lps
# elapsed: 10.010821
# pid: 628881
# status: 0

#### Pass 7


# COUNT0: 13415676
# COUNT1: 1
# COUNT2: lps
# elapsed: 10.011475
# pid: 628891
# status: 0

# COUNT0: 13413072
# COUNT1: 1
# COUNT2: lps
# elapsed: 10.009981
# pid: 628892
# status: 0

#### Pass 8


# COUNT0: 13395172
# COUNT1: 1
# COUNT2: lps
# elapsed: 10.010655
# pid: 628903
# status: 0

# COUNT0: 13394462
# COUNT1: 1
# COUNT2: lps
# elapsed: 10.011231
# pid: 628905
# status: 0

#### Pass 9


# COUNT0: 13568216
# COUNT1: 1
# COUNT2: lps
# elapsed: 10.010951
# pid: 628916
# status: 0

# COUNT0: 13568138
# COUNT1: 1
# COUNT2: lps
# elapsed: 10.010190
# pid: 628917
# status: 0

#### Pass 10


# COUNT0: 13543425
# COUNT1: 1
# COUNT2: lps
# elapsed: 10.011408
# pid: 628928
# status: 0

# COUNT0: 13457712
# COUNT1: 1
# COUNT2: lps
# elapsed: 10.010669
# pid: 628929
# status: 0

*Dump score:   26658144.0
*Dump score:   26680733.0
*Dump score:   26786218.0
Count score:   26789634.0
Count score:   26828748.0
Count score:   26868134.0
Count score:   26895221.0
Count score:   27001137.0
Count score:   27002875.0
Count score:   27136354.0

>>>> Sum of 2 copies
>>>> score: 2690268.10812583
>>>> time: 10.0107108571429
>>>> iterations: 7


########################################################
Pipe-based Context Switching -- 2 copies
==> "/mnt/host0/unixbench/UnixBench/pgms/context1" 10 2>&1 >> "/mnt/host0/unixbench/UnixBench/results/uarf-2025-06-02-05.log"

#### Pass 1


# COUNT0: 2082053
# COUNT1: 1
# COUNT2: lps
# elapsed: 10.015241
# pid: 628940
# status: 0

# COUNT0: 2073830
# COUNT1: 1
# COUNT2: lps
# elapsed: 10.013834
# pid: 628942
# status: 0

#### Pass 2


# COUNT0: 2073573
# COUNT1: 1
# COUNT2: lps
# elapsed: 10.011333
# pid: 628954
# status: 0

# COUNT0: 2076254
# COUNT1: 1
# COUNT2: lps
# elapsed: 10.010347
# pid: 628955
# status: 0

#### Pass 3


# COUNT0: 2038377
# COUNT1: 1
# COUNT2: lps
# elapsed: 10.010862
# pid: 628968
# status: 0

# COUNT0: 2101644
# COUNT1: 1
# COUNT2: lps
# elapsed: 10.009845
# pid: 628970
# status: 0

#### Pass 4


# COUNT0: 2094775
# COUNT1: 1
# COUNT2: lps
# elapsed: 10.010637
# pid: 628982
# status: 0

# COUNT0: 2075219
# COUNT1: 1
# COUNT2: lps
# elapsed: 10.009397
# pid: 628984
# status: 0

#### Pass 5


# COUNT0: 2066278
# COUNT1: 1
# COUNT2: lps
# elapsed: 10.011549
# pid: 628996
# status: 0

# COUNT0: 2069042
# COUNT1: 1
# COUNT2: lps
# elapsed: 10.009700
# pid: 628998
# status: 0

#### Pass 6


# COUNT0: 2071678
# COUNT1: 1
# COUNT2: lps
# elapsed: 10.011260
# pid: 629010
# status: 0

# COUNT0: 2092500
# COUNT1: 1
# COUNT2: lps
# elapsed: 10.009340
# pid: 629012
# status: 0

#### Pass 7


# COUNT0: 2069066
# COUNT1: 1
# COUNT2: lps
# elapsed: 10.011204
# pid: 629024
# status: 0

# COUNT0: 2092207
# COUNT1: 1
# COUNT2: lps
# elapsed: 10.009699
# pid: 629026
# status: 0

#### Pass 8


# COUNT0: 2085532
# COUNT1: 1
# COUNT2: lps
# elapsed: 10.010506
# pid: 629038
# status: 0

# COUNT0: 2052936
# COUNT1: 1
# COUNT2: lps
# elapsed: 10.009279
# pid: 629040
# status: 0

#### Pass 9


# COUNT0: 2058593
# COUNT1: 1
# COUNT2: lps
# elapsed: 10.011633
# pid: 629052
# status: 0

# COUNT0: 2096441
# COUNT1: 1
# COUNT2: lps
# elapsed: 10.010509
# pid: 629054
# status: 0

#### Pass 10


# COUNT0: 2052476
# COUNT1: 1
# COUNT2: lps
# elapsed: 10.008260
# pid: 629066
# status: 0

# COUNT0: 2069528
# COUNT1: 1
# COUNT2: lps
# elapsed: 10.007746
# pid: 629068
# status: 0

*Dump score:    4122004.0
*Dump score:    4135320.0
*Dump score:    4138468.0
Count score:    4140021.0
Count score:    4149827.0
Count score:    4155034.0
Count score:    4155883.0
Count score:    4161273.0
Count score:    4164178.0
Count score:    4169994.0

>>>> Sum of 2 copies
>>>> score: 415199.04308776
>>>> time: 10.0110815
>>>> iterations: 7


########################################################
Process Creation -- 2 copies
==> "/mnt/host0/unixbench/UnixBench/pgms/spawn" 30 2>&1 >> "/mnt/host0/unixbench/UnixBench/results/uarf-2025-06-02-05.log"

#### Pass 1


# COUNT0: 302033
# COUNT1: 1
# COUNT2: lps
# elapsed: 30.012128
# pid: 629080
# status: 0

# COUNT0: 302447
# COUNT1: 1
# COUNT2: lps
# elapsed: 30.010281
# pid: 629082
# status: 0

#### Pass 2


# COUNT0: 304945
# COUNT1: 1
# COUNT2: lps
# elapsed: 30.010504
# pid: 1233574
# status: 0

# COUNT0: 299879
# COUNT1: 1
# COUNT2: lps
# elapsed: 30.010161
# pid: 1233576
# status: 0

#### Pass 3


# COUNT0: 300069
# COUNT1: 1
# COUNT2: lps
# elapsed: 30.012587
# pid: 1838413
# status: 0

# COUNT0: 300000
# COUNT1: 1
# COUNT2: lps
# elapsed: 30.010676
# pid: 1838415
# status: 0

*Dump score:     600069.0
Count score:     604480.0
Count score:     604824.0

>>>> Sum of 2 copies
>>>> score: 20147.8337884
>>>> time: 30.0107685
>>>> iterations: 2


########################################################
System Call Overhead -- 2 copies
==> "/mnt/host0/unixbench/UnixBench/pgms/syscall" 10 2>&1 >> "/mnt/host0/unixbench/UnixBench/results/uarf-2025-06-02-05.log"

#### Pass 1


# COUNT0: 16858518
# COUNT1: 1
# COUNT2: lps
# elapsed: 10.010292
# pid: 2438496
# status: 0

# COUNT0: 16856018
# COUNT1: 1
# COUNT2: lps
# elapsed: 10.009493
# pid: 2438498
# status: 0

#### Pass 2


# COUNT0: 16858055
# COUNT1: 1
# COUNT2: lps
# elapsed: 10.010094
# pid: 2438508
# status: 0

# COUNT0: 16863392
# COUNT1: 1
# COUNT2: lps
# elapsed: 10.009494
# pid: 2438510
# status: 0

#### Pass 3


# COUNT0: 16637907
# COUNT1: 1
# COUNT2: lps
# elapsed: 10.014651
# pid: 2438520
# status: 0

# COUNT0: 16652169
# COUNT1: 1
# COUNT2: lps
# elapsed: 10.013698
# pid: 2438521
# status: 0

#### Pass 4


# COUNT0: 16939368
# COUNT1: 1
# COUNT2: lps
# elapsed: 10.009106
# pid: 2438532
# status: 0

# COUNT0: 16929512
# COUNT1: 1
# COUNT2: lps
# elapsed: 10.008077
# pid: 2438534
# status: 0

#### Pass 5


# COUNT0: 16995913
# COUNT1: 1
# COUNT2: lps
# elapsed: 10.012776
# pid: 2438544
# status: 0

# COUNT0: 16990639
# COUNT1: 1
# COUNT2: lps
# elapsed: 10.012331
# pid: 2438546
# status: 0

#### Pass 6


# COUNT0: 16982955
# COUNT1: 1
# COUNT2: lps
# elapsed: 10.009494
# pid: 2438557
# status: 0

# COUNT0: 16978646
# COUNT1: 1
# COUNT2: lps
# elapsed: 10.008313
# pid: 2438559
# status: 0

#### Pass 7


# COUNT0: 16828719
# COUNT1: 1
# COUNT2: lps
# elapsed: 10.010980
# pid: 2438569
# status: 0

# COUNT0: 16821915
# COUNT1: 1
# COUNT2: lps
# elapsed: 10.010007
# pid: 2438571
# status: 0

#### Pass 8


# COUNT0: 16842936
# COUNT1: 1
# COUNT2: lps
# elapsed: 10.012036
# pid: 2438581
# status: 0

# COUNT0: 16838322
# COUNT1: 1
# COUNT2: lps
# elapsed: 10.010314
# pid: 2438582
# status: 0

#### Pass 9


# COUNT0: 16850318
# COUNT1: 1
# COUNT2: lps
# elapsed: 10.010781
# pid: 2438593
# status: 0

# COUNT0: 16852454
# COUNT1: 1
# COUNT2: lps
# elapsed: 10.011245
# pid: 2438595
# status: 0

#### Pass 10


# COUNT0: 16865188
# COUNT1: 1
# COUNT2: lps
# elapsed: 10.010814
# pid: 2438605
# status: 0

# COUNT0: 16871978
# COUNT1: 1
# COUNT2: lps
# elapsed: 10.010345
# pid: 2438606
# status: 0

*Dump score:   33290076.0
*Dump score:   33650634.0
*Dump score:   33681258.0
Count score:   33702772.0
Count score:   33714536.0
Count score:   33721447.0
Count score:   33737166.0
Count score:   33868880.0
Count score:   33961601.0
Count score:   33986552.0

>>>> Sum of 2 copies
>>>> score: 3377866.74892133
>>>> time: 10.0101896428571
>>>> iterations: 7


########################################################
Shell Scripts (1 concurrent) -- 2 copies
==> "/mnt/host0/unixbench/UnixBench/pgms/looper" 60 "/mnt/host0/unixbench/UnixBench/pgms/multi.sh" 1 2>&1 >> "/mnt/host0/unixbench/UnixBench/results/uarf-2025-06-02-05.log"

#### Pass 1


# COUNT0: 1809
# COUNT1: 60
# COUNT2: lpm
# elapsed: 60.016424
# pid: 2438617
# status: 0

# COUNT0: 1810
# COUNT1: 60
# COUNT2: lpm
# elapsed: 60.020500
# pid: 2438619
# status: 0

#### Pass 2


# COUNT0: 1816
# COUNT1: 60
# COUNT2: lpm
# elapsed: 60.022215
# pid: 2471218
# status: 0

# COUNT0: 1813
# COUNT1: 60
# COUNT2: lpm
# elapsed: 60.020363
# pid: 2471220
# status: 0

#### Pass 3


# COUNT0: 1804
# COUNT1: 60
# COUNT2: lpm
# elapsed: 60.036661
# pid: 2503909
# status: 0

# COUNT0: 1803
# COUNT1: 60
# COUNT2: lpm
# elapsed: 60.025670
# pid: 2503911
# status: 0

*Dump score:       3607.0
Count score:       3619.0
Count score:       3629.0

>>>> Sum of 2 copies
>>>> score: 3622.79647025523
>>>> time: 60.0198755
>>>> iterations: 2


########################################################
Shell Scripts (8 concurrent) -- 2 copies
==> "/mnt/host0/unixbench/UnixBench/pgms/looper" 60 "/mnt/host0/unixbench/UnixBench/pgms/multi.sh" 8 2>&1 >> "/mnt/host0/unixbench/UnixBench/results/uarf-2025-06-02-05.log"

#### Pass 1


# COUNT0: 288
# COUNT1: 60
# COUNT2: lpm
# elapsed: 60.091686
# pid: 2536402
# status: 0

# COUNT0: 288
# COUNT1: 60
# COUNT2: lpm
# elapsed: 60.096045
# pid: 2536403
# status: 0

#### Pass 2


# COUNT0: 288
# COUNT1: 60
# COUNT2: lpm
# elapsed: 60.206901
# pid: 2573984
# status: 0

# COUNT0: 289
# COUNT1: 60
# COUNT2: lpm
# elapsed: 60.209276
# pid: 2573985
# status: 0

#### Pass 3


# COUNT0: 288
# COUNT1: 60
# COUNT2: lpm
# elapsed: 60.131081
# pid: 2611632
# status: 0

# COUNT0: 288
# COUNT1: 60
# COUNT2: lpm
# elapsed: 60.126983
# pid: 2611633
# status: 0

*Dump score:        576.0
Count score:        576.0
Count score:        577.0

>>>> Sum of 2 copies
>>>> score: 574.884861980461
>>>> time: 60.16856025
>>>> iterations: 2

