
########################################################
Dhrystone 2 using register variables -- 1 copy
==> "/mnt/host0/unixbench/UnixBench/pgms/dhry2reg" 10 2>&1 >> "/mnt/host0/unixbench/UnixBench/results/uarf-2025-06-04-04.log"

#### Pass 1


# COUNT0: 481118225
# COUNT1: 1
# COUNT2: lps
# elapsed: 10.006340
# pid: 405
# status: 0

#### Pass 2


# COUNT0: 481802286
# COUNT1: 1
# COUNT2: lps
# elapsed: 10.005821
# pid: 418
# status: 0

#### Pass 3


# COUNT0: 481790254
# COUNT1: 1
# COUNT2: lps
# elapsed: 10.006219
# pid: 430
# status: 0

#### Pass 4


# COUNT0: 481165505
# COUNT1: 1
# COUNT2: lps
# elapsed: 10.005870
# pid: 439
# status: 0

#### Pass 5


# COUNT0: 480371416
# COUNT1: 1
# COUNT2: lps
# elapsed: 10.006307
# pid: 448
# status: 0

#### Pass 6


# COUNT0: 479469159
# COUNT1: 1
# COUNT2: lps
# elapsed: 10.005886
# pid: 457
# status: 0

#### Pass 7


# COUNT0: 479558103
# COUNT1: 1
# COUNT2: lps
# elapsed: 10.005493
# pid: 466
# status: 0

#### Pass 8


# COUNT0: 479547192
# COUNT1: 1
# COUNT2: lps
# elapsed: 10.006689
# pid: 475
# status: 0

#### Pass 9


# COUNT0: 480097348
# COUNT1: 1
# COUNT2: lps
# elapsed: 10.006025
# pid: 484
# status: 0

#### Pass 10


# COUNT0: 478318524
# COUNT1: 1
# COUNT2: lps
# elapsed: 10.005980
# pid: 493
# status: 0

*Dump score:  478318524.0
*Dump score:  479469159.0
*Dump score:  479547192.0
Count score:  479558103.0
Count score:  480097348.0
Count score:  480371416.0
Count score:  481118225.0
Count score:  481165505.0
Count score:  481790254.0
Count score:  481802286.0

>>>> Results of 1 copy
>>>> score: 48055380.0573077
>>>> time: 10.0060107142857
>>>> iterations: 7


########################################################
Double-Precision Whetstone -- 1 copy
==> "/mnt/host0/unixbench/UnixBench/pgms/whetstone-double"  2>&1 >> "/mnt/host0/unixbench/UnixBench/results/uarf-2025-06-04-04.log"

#### Pass 1

Calibrate
       0.00 Seconds          1   Passes (x 100)
       0.01 Seconds          5   Passes (x 100)
       0.05 Seconds         25   Passes (x 100)
       0.18 Seconds        125   Passes (x 100)
       0.90 Seconds        625   Passes (x 100)

Use 6971  passes (x 100)

          Double Precision C/C++ Whetstone Benchmark

Loop content                  Result              MFLOPS      MOPS   Seconds

N1 floating point     -1.12398255667392033      1654.174              0.081
N2 floating point     -1.12187079889294417      1967.869              0.476
N3 if then else        1.00000000000000000                5435.716    0.133
N4 fixed point        12.00000000000000000                   0.000   -0.000
N5 sin,cos etc.        0.49902937281518261                 172.874    3.355
N6 floating point      0.99999987890802811       946.426              3.973
N7 assignments         3.00000000000000000                5413.274    0.238
N8 exp,sqrt etc.       0.75100163018453958                 155.613    1.666

MWIPS                                           7025.703              9.922


# COUNT0: 7025.703
# COUNT1: 0
# COUNT2: MWIPS
# TIME: 9.922
# elapsed: 11.880234
# pid: 502
# status: 0

#### Pass 2

Calibrate
       0.00 Seconds          1   Passes (x 100)
       0.01 Seconds          5   Passes (x 100)
       0.05 Seconds         25   Passes (x 100)
       0.17 Seconds        125   Passes (x 100)
       0.83 Seconds        625   Passes (x 100)

Use 7507  passes (x 100)

          Double Precision C/C++ Whetstone Benchmark

Loop content                  Result              MFLOPS      MOPS   Seconds

N1 floating point     -1.12398255667392033      1797.165              0.080
N2 floating point     -1.12187079889294417      2140.357              0.471
N3 if then else        1.00000000000000000                5905.363    0.132
N4 fixed point        12.00000000000000000               23919325274.356    0.000
N5 sin,cos etc.        0.49902937281518261                 185.288    3.371
N6 floating point      0.99999987890802811      1028.114              3.939
N7 assignments         3.00000000000000000                5861.450    0.237
N8 exp,sqrt etc.       0.75100163018453958                 167.383    1.668

MWIPS                                           7584.627              9.898


# COUNT0: 7584.627
# COUNT1: 0
# COUNT2: MWIPS
# TIME: 9.898
# elapsed: 11.761804
# pid: 511
# status: 0

#### Pass 3

Calibrate
       0.00 Seconds          1   Passes (x 100)
       0.01 Seconds          5   Passes (x 100)
       0.05 Seconds         25   Passes (x 100)
       0.17 Seconds        125   Passes (x 100)
       0.83 Seconds        625   Passes (x 100)

Use 7532  passes (x 100)

          Double Precision C/C++ Whetstone Benchmark

Loop content                  Result              MFLOPS      MOPS   Seconds

N1 floating point     -1.12398255667392033      1794.720              0.081
N2 floating point     -1.12187079889294417      2143.815              0.472
N3 if then else        1.00000000000000000                5868.163    0.133
N4 fixed point        12.00000000000000000                   0.000   -0.000
N5 sin,cos etc.        0.49902937281518261                 185.154    3.385
N6 floating point      0.99999987890802811      1027.955              3.952
N7 assignments         3.00000000000000000                5918.175    0.235
N8 exp,sqrt etc.       0.75100163018453958                 167.994    1.668

MWIPS                                           7588.539              9.925


# COUNT0: 7588.539
# COUNT1: 0
# COUNT2: MWIPS
# TIME: 9.925
# elapsed: 11.791187
# pid: 520
# status: 0

#### Pass 4

Calibrate
       0.00 Seconds          1   Passes (x 100)
       0.01 Seconds          5   Passes (x 100)
       0.04 Seconds         25   Passes (x 100)
       0.17 Seconds        125   Passes (x 100)
       0.83 Seconds        625   Passes (x 100)

Use 7534  passes (x 100)

          Double Precision C/C++ Whetstone Benchmark

Loop content                  Result              MFLOPS      MOPS   Seconds

N1 floating point     -1.12398255667392033      1803.026              0.080
N2 floating point     -1.12187079889294417      2137.409              0.474
N3 if then else        1.00000000000000000                5915.226    0.132
N4 fixed point        12.00000000000000000                   0.000   -0.000
N5 sin,cos etc.        0.49902937281518261                 185.112    3.386
N6 floating point      0.99999987890802811      1028.097              3.953
N7 assignments         3.00000000000000000                5878.233    0.237
N8 exp,sqrt etc.       0.75100163018453958                 167.536    1.673

MWIPS                                           7583.678              9.934


# COUNT0: 7583.678
# COUNT1: 0
# COUNT2: MWIPS
# TIME: 9.934
# elapsed: 11.795253
# pid: 529
# status: 0

#### Pass 5

Calibrate
       0.00 Seconds          1   Passes (x 100)
       0.01 Seconds          5   Passes (x 100)
       0.04 Seconds         25   Passes (x 100)
       0.17 Seconds        125   Passes (x 100)
       0.83 Seconds        625   Passes (x 100)

Use 7532  passes (x 100)

          Double Precision C/C++ Whetstone Benchmark

Loop content                  Result              MFLOPS      MOPS   Seconds

N1 floating point     -1.12398255667392033      1803.784              0.080
N2 floating point     -1.12187079889294417      2136.656              0.474
N3 if then else        1.00000000000000000                5914.686    0.132
N4 fixed point        12.00000000000000000                   0.000   -0.000
N5 sin,cos etc.        0.49902937281518261                 185.356    3.381
N6 floating point      0.99999987890802811      1026.647              3.957
N7 assignments         3.00000000000000000                5910.535    0.235
N8 exp,sqrt etc.       0.75100163018453958                 167.840    1.669

MWIPS                                           7586.015              9.929


# COUNT0: 7586.015
# COUNT1: 0
# COUNT2: MWIPS
# TIME: 9.929
# elapsed: 11.792547
# pid: 538
# status: 0

#### Pass 6

Calibrate
       0.00 Seconds          1   Passes (x 100)
       0.01 Seconds          5   Passes (x 100)
       0.05 Seconds         25   Passes (x 100)
       0.17 Seconds        125   Passes (x 100)
       0.83 Seconds        625   Passes (x 100)

Use 7530  passes (x 100)

          Double Precision C/C++ Whetstone Benchmark

Loop content                  Result              MFLOPS      MOPS   Seconds

N1 floating point     -1.12398255667392033      1800.473              0.080
N2 floating point     -1.12187079889294417      2131.154              0.475
N3 if then else        1.00000000000000000                5916.439    0.132
N4 fixed point        12.00000000000000000                   0.000   -0.000
N5 sin,cos etc.        0.49902937281518261                 185.373    3.380
N6 floating point      0.99999987890802811      1029.348              3.946
N7 assignments         3.00000000000000000                5894.472    0.236
N8 exp,sqrt etc.       0.75100163018453958                 167.546    1.672

MWIPS                                           7590.438              9.920


# COUNT0: 7590.438
# COUNT1: 0
# COUNT2: MWIPS
# TIME: 9.920
# elapsed: 11.784633
# pid: 547
# status: 0

#### Pass 7

Calibrate
       0.00 Seconds          1   Passes (x 100)
       0.01 Seconds          5   Passes (x 100)
       0.04 Seconds         25   Passes (x 100)
       0.17 Seconds        125   Passes (x 100)
       0.83 Seconds        625   Passes (x 100)

Use 7549  passes (x 100)

          Double Precision C/C++ Whetstone Benchmark

Loop content                  Result              MFLOPS      MOPS   Seconds

N1 floating point     -1.12398255667392033      1798.456              0.081
N2 floating point     -1.12187079889294417      2139.894              0.474
N3 if then else        1.00000000000000000                5903.087    0.132
N4 fixed point        12.00000000000000000               148844656141.361    0.000
N5 sin,cos etc.        0.49902937281518261                 185.551    3.385
N6 floating point      0.99999987890802811      1029.931              3.954
N7 assignments         3.00000000000000000                5906.799    0.236
N8 exp,sqrt etc.       0.75100163018453958                 167.548    1.676

MWIPS                                           7596.204              9.938


# COUNT0: 7596.204
# COUNT1: 0
# COUNT2: MWIPS
# TIME: 9.938
# elapsed: 11.801211
# pid: 556
# status: 0

#### Pass 8

Calibrate
       0.00 Seconds          1   Passes (x 100)
       0.01 Seconds          5   Passes (x 100)
       0.04 Seconds         25   Passes (x 100)
       0.17 Seconds        125   Passes (x 100)
       0.83 Seconds        625   Passes (x 100)

Use 7542  passes (x 100)

          Double Precision C/C++ Whetstone Benchmark

Loop content                  Result              MFLOPS      MOPS   Seconds

N1 floating point     -1.12398255667392033      1797.192              0.081
N2 floating point     -1.12187079889294417      2142.885              0.473
N3 if then else        1.00000000000000000                5944.638    0.131
N4 fixed point        12.00000000000000000                   0.000   -0.000
N5 sin,cos etc.        0.49902937281518261                 185.300    3.386
N6 floating point      0.99999987890802811      1027.916              3.958
N7 assignments         3.00000000000000000                5913.940    0.236
N8 exp,sqrt etc.       0.75100163018453958                 167.534    1.675

MWIPS                                           7588.067              9.939


# COUNT0: 7588.067
# COUNT1: 0
# COUNT2: MWIPS
# TIME: 9.939
# elapsed: 11.802509
# pid: 565
# status: 0

#### Pass 9

Calibrate
       0.00 Seconds          1   Passes (x 100)
       0.01 Seconds          5   Passes (x 100)
       0.05 Seconds         25   Passes (x 100)
       0.17 Seconds        125   Passes (x 100)
       0.83 Seconds        625   Passes (x 100)

Use 7527  passes (x 100)

          Double Precision C/C++ Whetstone Benchmark

Loop content                  Result              MFLOPS      MOPS   Seconds

N1 floating point     -1.12398255667392033      1794.125              0.081
N2 floating point     -1.12187079889294417      2141.489              0.472
N3 if then else        1.00000000000000000                5918.302    0.132
N4 fixed point        12.00000000000000000               128418329489.376    0.000
N5 sin,cos etc.        0.49902937281518261                 185.376    3.378
N6 floating point      0.99999987890802811      1028.955              3.946
N7 assignments         3.00000000000000000                5887.861    0.236
N8 exp,sqrt etc.       0.75100163018453958                 167.730    1.669

MWIPS                                           7592.093              9.914


# COUNT0: 7592.093
# COUNT1: 0
# COUNT2: MWIPS
# TIME: 9.914
# elapsed: 11.780516
# pid: 574
# status: 0

#### Pass 10

Calibrate
       0.00 Seconds          1   Passes (x 100)
       0.01 Seconds          5   Passes (x 100)
       0.04 Seconds         25   Passes (x 100)
       0.17 Seconds        125   Passes (x 100)
       0.83 Seconds        625   Passes (x 100)

Use 7527  passes (x 100)

          Double Precision C/C++ Whetstone Benchmark

Loop content                  Result              MFLOPS      MOPS   Seconds

N1 floating point     -1.12398255667392033      1793.061              0.081
N2 floating point     -1.12187079889294417      2127.335              0.476
N3 if then else        1.00000000000000000                5962.197    0.131
N4 fixed point        12.00000000000000000               22793923856.730    0.000
N5 sin,cos etc.        0.49902937281518261                 185.359    3.379
N6 floating point      0.99999987890802811      1028.567              3.947
N7 assignments         3.00000000000000000                5874.134    0.237
N8 exp,sqrt etc.       0.75100163018453958                 167.272    1.674

MWIPS                                           7585.100              9.923


# COUNT0: 7585.100
# COUNT1: 0
# COUNT2: MWIPS
# TIME: 9.923
# elapsed: 11.790279
# pid: 583
# status: 0

*Dump score:       7025.7
*Dump score:       7583.7
*Dump score:       7584.6
Count score:       7585.1
Count score:       7586.0
Count score:       7588.1
Count score:       7588.5
Count score:       7590.4
Count score:       7592.1
Count score:       7596.2

>>>> Results of 1 copy
>>>> score: 7589.49289536785
>>>> time: 9.92685714285714
>>>> iterations: 7


########################################################
Execl Throughput -- 1 copy
==> "/mnt/host0/unixbench/UnixBench/pgms/execl" 30 2>&1 >> "/mnt/host0/unixbench/UnixBench/results/uarf-2025-06-04-04.log"

#### Pass 1


# COUNT0: 36620
# COUNT1: 1
# COUNT2: lps
# elapsed: 29.258529
# pid: 592
# status: 0

#### Pass 2


# COUNT0: 37219
# COUNT1: 1
# COUNT2: lps
# elapsed: 29.974439
# pid: 602
# status: 0

#### Pass 3


# COUNT0: 37550
# COUNT1: 1
# COUNT2: lps
# elapsed: 29.983872
# pid: 612
# status: 0

*Dump score:      36620.0
Count score:      37219.0
Count score:      37550.0

>>>> Results of 1 copy
>>>> score: 1247.00424363943
>>>> time: 29.9791555
>>>> iterations: 2


########################################################
File Copy 1024 bufsize 2000 maxblocks -- 1 copy
==> "/mnt/host0/unixbench/UnixBench/pgms/fstime" -c -t 30 -d "/mnt/host0/unixbench/UnixBench/tmp" -b 1024 -m 2000 2>&1 >> "/mnt/host0/unixbench/UnixBench/results/uarf-2025-06-04-04.log"

#### Pass 1

Write done: 120000 in 2.0846, score 14391
Read done: 118252 in 2.0000, score 14781
Copy done: 885300 in 30.0000, score 7377

# COUNT0: 7377
# COUNT1: 0
# COUNT2: KBps
# TIME: 30.0
# elapsed: 45.105327
# pid: 621
# status: 0

#### Pass 2

Write done: 120000 in 2.0718, score 14480
Read done: 119776 in 2.0000, score 14971
Copy done: 886132 in 30.0001, score 7384

# COUNT0: 7384
# COUNT1: 0
# COUNT2: KBps
# TIME: 30.0
# elapsed: 45.091312
# pid: 630
# status: 0

#### Pass 3

Write done: 120000 in 2.0617, score 14550
Read done: 120724 in 2.0000, score 15090
Copy done: 877680 in 30.0001, score 7313

# COUNT0: 7313
# COUNT1: 0
# COUNT2: KBps
# TIME: 30.0
# elapsed: 45.081580
# pid: 639
# status: 0

*Dump score:       7313.0
Count score:       7377.0
Count score:       7384.0

>>>> Results of 1 copy
>>>> score: 7380.49917011039
>>>> time: 30
>>>> iterations: 2


########################################################
File Copy 256 bufsize 500 maxblocks -- 1 copy
==> "/mnt/host0/unixbench/UnixBench/pgms/fstime" -c -t 30 -d "/mnt/host0/unixbench/UnixBench/tmp" -b 256 -m 500 2>&1 >> "/mnt/host0/unixbench/UnixBench/results/uarf-2025-06-04-04.log"

#### Pass 1

Write done: 34000 in 2.0043, score 4240
Read done: 30043 in 2.0001, score 3755
Copy done: 223714 in 30.0000, score 1864

# COUNT0: 1864
# COUNT1: 0
# COUNT2: KBps
# TIME: 30.0
# elapsed: 45.021874
# pid: 648
# status: 0

#### Pass 2

Write done: 30000 in 2.0586, score 3643
Read done: 30320 in 2.0000, score 3789
Copy done: 230380 in 30.0001, score 1919

# COUNT0: 1919
# COUNT1: 0
# COUNT2: KBps
# TIME: 30.0
# elapsed: 45.076473
# pid: 657
# status: 0

#### Pass 3

Write done: 36000 in 2.0682, score 4351
Read done: 30239 in 2.0001, score 3779
Copy done: 225028 in 30.0001, score 1875

# COUNT0: 1875
# COUNT1: 0
# COUNT2: KBps
# TIME: 30.0
# elapsed: 45.090184
# pid: 666
# status: 0

*Dump score:       1864.0
Count score:       1875.0
Count score:       1919.0

>>>> Results of 1 copy
>>>> score: 1896.87242586316
>>>> time: 30
>>>> iterations: 2


########################################################
File Copy 4096 bufsize 8000 maxblocks -- 1 copy
==> "/mnt/host0/unixbench/UnixBench/pgms/fstime" -c -t 30 -d "/mnt/host0/unixbench/UnixBench/tmp" -b 4096 -m 8000 2>&1 >> "/mnt/host0/unixbench/UnixBench/results/uarf-2025-06-04-04.log"

#### Pass 1

Write done: 480000 in 2.1279, score 56392
Read done: 475920 in 2.0000, score 59489
Copy done: 3601872 in 30.0001, score 30015

# COUNT0: 30015
# COUNT1: 0
# COUNT2: KBps
# TIME: 30.0
# elapsed: 45.149215
# pid: 676
# status: 0

#### Pass 2

Write done: 480000 in 2.1135, score 56776
Read done: 467680 in 2.0001, score 58458
Copy done: 3490032 in 30.0001, score 29083

# COUNT0: 29083
# COUNT1: 0
# COUNT2: KBps
# TIME: 30.0
# elapsed: 45.136243
# pid: 685
# status: 0

#### Pass 3

Write done: 512000 in 2.1120, score 60607
Read done: 465232 in 2.0000, score 58152
Copy done: 3476080 in 30.0001, score 28967

# COUNT0: 28967
# COUNT1: 0
# COUNT2: KBps
# TIME: 30.0
# elapsed: 45.132554
# pid: 694
# status: 0

*Dump score:      28967.0
Count score:      29083.0
Count score:      30015.0

>>>> Results of 1 copy
>>>> score: 29545.3252647521
>>>> time: 30
>>>> iterations: 2


########################################################
Pipe Throughput -- 1 copy
==> "/mnt/host0/unixbench/UnixBench/pgms/pipe" 10 2>&1 >> "/mnt/host0/unixbench/UnixBench/results/uarf-2025-06-04-04.log"

#### Pass 1


# COUNT0: 22852171
# COUNT1: 1
# COUNT2: lps
# elapsed: 10.006070
# pid: 703
# status: 0

#### Pass 2


# COUNT0: 23187493
# COUNT1: 1
# COUNT2: lps
# elapsed: 10.006161
# pid: 712
# status: 0

#### Pass 3


# COUNT0: 23231024
# COUNT1: 1
# COUNT2: lps
# elapsed: 10.006048
# pid: 721
# status: 0

#### Pass 4


# COUNT0: 22954013
# COUNT1: 1
# COUNT2: lps
# elapsed: 10.006346
# pid: 730
# status: 0

#### Pass 5


# COUNT0: 23270948
# COUNT1: 1
# COUNT2: lps
# elapsed: 10.006028
# pid: 739
# status: 0

#### Pass 6


# COUNT0: 23246536
# COUNT1: 1
# COUNT2: lps
# elapsed: 10.006067
# pid: 748
# status: 0

#### Pass 7


# COUNT0: 23006044
# COUNT1: 1
# COUNT2: lps
# elapsed: 10.006072
# pid: 757
# status: 0

#### Pass 8


# COUNT0: 22872609
# COUNT1: 1
# COUNT2: lps
# elapsed: 10.005584
# pid: 766
# status: 0

#### Pass 9


# COUNT0: 22954499
# COUNT1: 1
# COUNT2: lps
# elapsed: 10.006479
# pid: 777
# status: 0

#### Pass 10


# COUNT0: 23133568
# COUNT1: 1
# COUNT2: lps
# elapsed: 10.006042
# pid: 786
# status: 0

*Dump score:   22852171.0
*Dump score:   22872609.0
*Dump score:   22954013.0
Count score:   22954499.0
Count score:   23006044.0
Count score:   23133568.0
Count score:   23187493.0
Count score:   23231024.0
Count score:   23246536.0
Count score:   23270948.0

>>>> Results of 1 copy
>>>> score: 2313270.1188325
>>>> time: 10.0061281428571
>>>> iterations: 7


########################################################
Pipe-based Context Switching -- 1 copy
==> "/mnt/host0/unixbench/UnixBench/pgms/context1" 10 2>&1 >> "/mnt/host0/unixbench/UnixBench/results/uarf-2025-06-04-04.log"

#### Pass 1


# COUNT0: 346732
# COUNT1: 1
# COUNT2: lps
# elapsed: 10.005812
# pid: 795
# status: 0

#### Pass 2


# COUNT0: 345312
# COUNT1: 1
# COUNT2: lps
# elapsed: 10.005985
# pid: 805
# status: 0

#### Pass 3


# COUNT0: 352060
# COUNT1: 1
# COUNT2: lps
# elapsed: 10.005872
# pid: 815
# status: 0

#### Pass 4


# COUNT0: 345863
# COUNT1: 1
# COUNT2: lps
# elapsed: 10.005691
# pid: 825
# status: 0

#### Pass 5


# COUNT0: 345466
# COUNT1: 1
# COUNT2: lps
# elapsed: 10.006059
# pid: 835
# status: 0

#### Pass 6


# COUNT0: 349213
# COUNT1: 1
# COUNT2: lps
# elapsed: 10.006227
# pid: 845
# status: 0

#### Pass 7


# COUNT0: 347766
# COUNT1: 1
# COUNT2: lps
# elapsed: 10.006049
# pid: 855
# status: 0

#### Pass 8


# COUNT0: 349438
# COUNT1: 1
# COUNT2: lps
# elapsed: 10.006108
# pid: 865
# status: 0

#### Pass 9


# COUNT0: 347285
# COUNT1: 1
# COUNT2: lps
# elapsed: 10.005790
# pid: 875
# status: 0

#### Pass 10


# COUNT0: 347916
# COUNT1: 1
# COUNT2: lps
# elapsed: 10.006116
# pid: 885
# status: 0

*Dump score:     345312.0
*Dump score:     345466.0
*Dump score:     345863.0
Count score:     346732.0
Count score:     347285.0
Count score:     347766.0
Count score:     347916.0
Count score:     349213.0
Count score:     349438.0
Count score:     352060.0

>>>> Results of 1 copy
>>>> score: 34841.7111207082
>>>> time: 10.0059962857143
>>>> iterations: 7


########################################################
Process Creation -- 1 copy
==> "/mnt/host0/unixbench/UnixBench/pgms/spawn" 30 2>&1 >> "/mnt/host0/unixbench/UnixBench/results/uarf-2025-06-04-04.log"

#### Pass 1


# COUNT0: 300380
# COUNT1: 1
# COUNT2: lps
# elapsed: 30.006069
# pid: 895
# status: 0

#### Pass 2


# COUNT0: 288951
# COUNT1: 1
# COUNT2: lps
# elapsed: 30.006387
# pid: 301285
# status: 0

#### Pass 3


# COUNT0: 296868
# COUNT1: 1
# COUNT2: lps
# elapsed: 30.006527
# pid: 590246
# status: 0

*Dump score:     288951.0
Count score:     296868.0
Count score:     300380.0

>>>> Results of 1 copy
>>>> score: 9951.87200556577
>>>> time: 30.006298
>>>> iterations: 2


########################################################
System Call Overhead -- 1 copy
==> "/mnt/host0/unixbench/UnixBench/pgms/syscall" 10 2>&1 >> "/mnt/host0/unixbench/UnixBench/results/uarf-2025-06-04-04.log"

#### Pass 1


# COUNT0: 29599891
# COUNT1: 1
# COUNT2: lps
# elapsed: 10.006277
# pid: 887124
# status: 0

#### Pass 2


# COUNT0: 29504981
# COUNT1: 1
# COUNT2: lps
# elapsed: 10.006376
# pid: 887133
# status: 0

#### Pass 3


# COUNT0: 29725175
# COUNT1: 1
# COUNT2: lps
# elapsed: 10.006021
# pid: 887142
# status: 0

#### Pass 4


# COUNT0: 29660111
# COUNT1: 1
# COUNT2: lps
# elapsed: 10.006440
# pid: 887151
# status: 0

#### Pass 5


# COUNT0: 29650998
# COUNT1: 1
# COUNT2: lps
# elapsed: 10.006102
# pid: 887161
# status: 0

#### Pass 6


# COUNT0: 28910633
# COUNT1: 1
# COUNT2: lps
# elapsed: 10.006143
# pid: 887170
# status: 0

#### Pass 7


# COUNT0: 29048659
# COUNT1: 1
# COUNT2: lps
# elapsed: 10.006453
# pid: 887179
# status: 0

#### Pass 8


# COUNT0: 29441884
# COUNT1: 1
# COUNT2: lps
# elapsed: 10.006036
# pid: 887188
# status: 0

#### Pass 9


# COUNT0: 29772249
# COUNT1: 1
# COUNT2: lps
# elapsed: 10.006280
# pid: 887197
# status: 0

#### Pass 10


# COUNT0: 29676367
# COUNT1: 1
# COUNT2: lps
# elapsed: 10.006485
# pid: 887206
# status: 0

*Dump score:   28910633.0
*Dump score:   29048659.0
*Dump score:   29441884.0
Count score:   29504981.0
Count score:   29599891.0
Count score:   29650998.0
Count score:   29660111.0
Count score:   29676367.0
Count score:   29725175.0
Count score:   29772249.0

>>>> Results of 1 copy
>>>> score: 2963695.30409503
>>>> time: 10.006283
>>>> iterations: 7


########################################################
Shell Scripts (1 concurrent) -- 1 copy
==> "/mnt/host0/unixbench/UnixBench/pgms/looper" 60 "/mnt/host0/unixbench/UnixBench/pgms/multi.sh" 1 2>&1 >> "/mnt/host0/unixbench/UnixBench/results/uarf-2025-06-04-04.log"

#### Pass 1


# COUNT0: 3040
# COUNT1: 60
# COUNT2: lpm
# elapsed: 60.020304
# pid: 887215
# status: 0

#### Pass 2


# COUNT0: 3019
# COUNT1: 60
# COUNT2: lpm
# elapsed: 60.017610
# pid: 914594
# status: 0

#### Pass 3


# COUNT0: 3014
# COUNT1: 60
# COUNT2: lpm
# elapsed: 60.012711
# pid: 941783
# status: 0

*Dump score:       3014.0
Count score:       3019.0
Count score:       3040.0

>>>> Results of 1 copy
>>>> score: 3028.52494218086
>>>> time: 60.018957
>>>> iterations: 2


########################################################
Shell Scripts (8 concurrent) -- 1 copy
==> "/mnt/host0/unixbench/UnixBench/pgms/looper" 60 "/mnt/host0/unixbench/UnixBench/pgms/multi.sh" 8 2>&1 >> "/mnt/host0/unixbench/UnixBench/results/uarf-2025-06-04-04.log"

#### Pass 1


# COUNT0: 649
# COUNT1: 60
# COUNT2: lpm
# elapsed: 60.087768
# pid: 968927
# status: 0

#### Pass 2


# COUNT0: 646
# COUNT1: 60
# COUNT2: lpm
# elapsed: 60.075142
# pid: 1011186
# status: 0

#### Pass 3


# COUNT0: 647
# COUNT1: 60
# COUNT2: lpm
# elapsed: 60.096948
# pid: 1053250
# status: 0

*Dump score:        646.0
Count score:        647.0
Count score:        649.0

>>>> Results of 1 copy
>>>> score: 647.003298108127
>>>> time: 60.092358
>>>> iterations: 2


########################################################
Dhrystone 2 using register variables -- 2 copies
==> "/mnt/host0/unixbench/UnixBench/pgms/dhry2reg" 10 2>&1 >> "/mnt/host0/unixbench/UnixBench/results/uarf-2025-06-04-04.log"

#### Pass 1


# COUNT0: 304391910
# COUNT1: 1
# COUNT2: lps
# elapsed: 10.007330
# pid: 1095380
# status: 0

# COUNT0: 303803019
# COUNT1: 1
# COUNT2: lps
# elapsed: 10.006821
# pid: 1095382
# status: 0

#### Pass 2


# COUNT0: 310555973
# COUNT1: 1
# COUNT2: lps
# elapsed: 10.007298
# pid: 1095392
# status: 0

# COUNT0: 310625547
# COUNT1: 1
# COUNT2: lps
# elapsed: 10.008054
# pid: 1095394
# status: 0

#### Pass 3


# COUNT0: 313315519
# COUNT1: 1
# COUNT2: lps
# elapsed: 10.007975
# pid: 1095404
# status: 0

# COUNT0: 306856750
# COUNT1: 1
# COUNT2: lps
# elapsed: 10.006928
# pid: 1095406
# status: 0

#### Pass 4


# COUNT0: 312113553
# COUNT1: 1
# COUNT2: lps
# elapsed: 10.007564
# pid: 1095416
# status: 0

# COUNT0: 312049375
# COUNT1: 1
# COUNT2: lps
# elapsed: 10.006603
# pid: 1095418
# status: 0

#### Pass 5


# COUNT0: 312639599
# COUNT1: 1
# COUNT2: lps
# elapsed: 10.007976
# pid: 1095428
# status: 0

# COUNT0: 312710685
# COUNT1: 1
# COUNT2: lps
# elapsed: 10.007245
# pid: 1095430
# status: 0

#### Pass 6


# COUNT0: 314439268
# COUNT1: 1
# COUNT2: lps
# elapsed: 10.007605
# pid: 1095440
# status: 0

# COUNT0: 314516630
# COUNT1: 1
# COUNT2: lps
# elapsed: 10.007173
# pid: 1095442
# status: 0

#### Pass 7


# COUNT0: 312047802
# COUNT1: 1
# COUNT2: lps
# elapsed: 10.007775
# pid: 1095452
# status: 0

# COUNT0: 311953486
# COUNT1: 1
# COUNT2: lps
# elapsed: 10.007061
# pid: 1095454
# status: 0

#### Pass 8


# COUNT0: 312889229
# COUNT1: 1
# COUNT2: lps
# elapsed: 10.007260
# pid: 1095464
# status: 0

# COUNT0: 312814367
# COUNT1: 1
# COUNT2: lps
# elapsed: 10.006415
# pid: 1095466
# status: 0

#### Pass 9


# COUNT0: 312744148
# COUNT1: 1
# COUNT2: lps
# elapsed: 10.006507
# pid: 1095476
# status: 0

# COUNT0: 312783959
# COUNT1: 1
# COUNT2: lps
# elapsed: 10.006342
# pid: 1095478
# status: 0

#### Pass 10


# COUNT0: 312077175
# COUNT1: 1
# COUNT2: lps
# elapsed: 10.007503
# pid: 1095488
# status: 0

# COUNT0: 312159662
# COUNT1: 1
# COUNT2: lps
# elapsed: 10.007051
# pid: 1095490
# status: 0

*Dump score:  608194929.0
*Dump score:  620172269.0
*Dump score:  621181520.0
Count score:  624001288.0
Count score:  624162928.0
Count score:  624236837.0
Count score:  625350284.0
Count score:  625528107.0
Count score:  625703596.0
Count score:  628955898.0

>>>> Sum of 2 copies
>>>> score: 62497107.904938
>>>> time: 10.0071485714286
>>>> iterations: 7


########################################################
Double-Precision Whetstone -- 2 copies
==> "/mnt/host0/unixbench/UnixBench/pgms/whetstone-double"  2>&1 >> "/mnt/host0/unixbench/UnixBench/results/uarf-2025-06-04-04.log"

#### Pass 1

Calibrate
       0.00 Seconds          1   Passes (x 100)
       0.01 Seconds          5   Passes (x 100)
       0.04 Seconds         25   Passes (x 100)
       0.20 Seconds        125   Passes (x 100)
       0.96 Seconds        625   Passes (x 100)

Use 6480  passes (x 100)

          Double Precision C/C++ Whetstone Benchmark

Loop content                  Result              MFLOPS      MOPS   Seconds

N1 floating point     -1.12398255667392033      1718.064              0.072
N2 floating point     -1.12187079889294417      2066.584              0.421
N3 if then else        1.00000000000000000                5780.180    0.116
N4 fixed point        12.00000000000000000               23510032189.492    0.000
N5 sin,cos etc.        0.49902937281518261                 145.258    3.712
N6 floating point      0.99999987890802811       994.029              3.516
N7 assignments         3.00000000000000000                2867.284    0.418
N8 exp,sqrt etc.       0.75100163018453958                 148.594    1.622

MWIPS                                           6560.278              9.878

Calibrate
       0.00 Seconds          1   Passes (x 100)
       0.01 Seconds          5   Passes (x 100)
       0.04 Seconds         25   Passes (x 100)
       0.20 Seconds        125   Passes (x 100)
       0.96 Seconds        625   Passes (x 100)

Use 6482  passes (x 100)

          Double Precision C/C++ Whetstone Benchmark

Loop content                  Result              MFLOPS      MOPS   Seconds

N1 floating point     -1.12398255667392033      1718.926              0.072
N2 floating point     -1.12187079889294417      2066.373              0.422
N3 if then else        1.00000000000000000                5779.817    0.116
N4 fixed point        12.00000000000000000                   0.000   -0.000
N5 sin,cos etc.        0.49902937281518261                 145.197    3.714
N6 floating point      0.99999987890802811       994.186              3.517
N7 assignments         3.00000000000000000                2870.065    0.417
N8 exp,sqrt etc.       0.75100163018453958                 148.390    1.625

MWIPS                                           6558.379              9.884


# COUNT0: 6560.278
# COUNT1: 0
# COUNT2: MWIPS
# TIME: 9.878
# elapsed: 11.833320
# pid: 1095500
# status: 0

# COUNT0: 6558.379
# COUNT1: 0
# COUNT2: MWIPS
# TIME: 9.884
# elapsed: 11.838011
# pid: 1095502
# status: 0

#### Pass 2

Calibrate
       0.00 Seconds          1   Passes (x 100)
       0.01 Seconds          5   Passes (x 100)
       0.04 Seconds         25   Passes (x 100)
       0.19 Seconds        125   Passes (x 100)
       0.97 Seconds        625   Passes (x 100)

Use 6460  passes (x 100)

          Double Precision C/C++ Whetstone Benchmark

Loop content                  Result              MFLOPS      MOPS   Seconds

N1 floating point     -1.12398255667392033      1704.252              0.073
N2 floating point     -1.12187079889294417      2048.872              0.424
N3 if then else        1.00000000000000000                5679.375    0.118
N4 fixed point        12.00000000000000000               28404516360.681    0.000
N5 sin,cos etc.        0.49902937281518261                 144.923    3.709
N6 floating point      0.99999987890802811       995.582              3.500
N7 assignments         3.00000000000000000                2876.812    0.415
N8 exp,sqrt etc.       0.75100163018453958                 148.494    1.618

MWIPS                                           6554.239              9.856

Calibrate
       0.00 Seconds          1   Passes (x 100)
       0.01 Seconds          5   Passes (x 100)
       0.04 Seconds         25   Passes (x 100)
       0.19 Seconds        125   Passes (x 100)
       0.97 Seconds        625   Passes (x 100)

Use 6468  passes (x 100)

          Double Precision C/C++ Whetstone Benchmark

Loop content                  Result              MFLOPS      MOPS   Seconds

N1 floating point     -1.12398255667392033      1704.107              0.073
N2 floating point     -1.12187079889294417      2049.108              0.424
N3 if then else        1.00000000000000000                5675.364    0.118
N4 fixed point        12.00000000000000000                   0.000   -0.000
N5 sin,cos etc.        0.49902937281518261                 145.080    3.709
N6 floating point      0.99999987890802811       996.023              3.503
N7 assignments         3.00000000000000000                2877.739    0.415
N8 exp,sqrt etc.       0.75100163018453958                 148.755    1.617

MWIPS                                           6559.890              9.860


# COUNT0: 6559.890
# COUNT1: 0
# COUNT2: MWIPS
# TIME: 9.860
# elapsed: 11.809360
# pid: 1095512
# status: 0

# COUNT0: 6554.239
# COUNT1: 0
# COUNT2: MWIPS
# TIME: 9.856
# elapsed: 11.805475
# pid: 1095514
# status: 0

#### Pass 3

Calibrate
       0.00 Seconds          1   Passes (x 100)
       0.01 Seconds          5   Passes (x 100)
       0.04 Seconds         25   Passes (x 100)
       0.20 Seconds        125   Passes (x 100)
       0.97 Seconds        625   Passes (x 100)

Use 6451  passes (x 100)

          Double Precision C/C++ Whetstone Benchmark

Loop content                  Result              MFLOPS      MOPS   Seconds

N1 floating point     -1.12398255667392033      1724.808              0.072
N2 floating point     -1.12187079889294417      2068.403              0.419
N3 if then else        1.00000000000000000                5773.022    0.116
N4 fixed point        12.00000000000000000               45906037028.715    0.000
N5 sin,cos etc.        0.49902937281518261                 144.929    3.703
N6 floating point      0.99999987890802811       998.177              3.486
N7 assignments         3.00000000000000000                2889.838    0.413
N8 exp,sqrt etc.       0.75100163018453958                 149.485    1.605

MWIPS                                           6573.331              9.814

Calibrate
       0.00 Seconds          1   Passes (x 100)
       0.01 Seconds          5   Passes (x 100)
       0.04 Seconds         25   Passes (x 100)
       0.20 Seconds        125   Passes (x 100)
       0.97 Seconds        625   Passes (x 100)

Use 6452  passes (x 100)

          Double Precision C/C++ Whetstone Benchmark

Loop content                  Result              MFLOPS      MOPS   Seconds

N1 floating point     -1.12398255667392033      1724.658              0.072
N2 floating point     -1.12187079889294417      2068.388              0.419
N3 if then else        1.00000000000000000                5771.770    0.116
N4 fixed point        12.00000000000000000               36086171114.660    0.000
N5 sin,cos etc.        0.49902937281518261                 144.841    3.706
N6 floating point      0.99999987890802811       998.453              3.486
N7 assignments         3.00000000000000000                2889.257    0.413
N8 exp,sqrt etc.       0.75100163018453958                 149.325    1.607

MWIPS                                           6571.236              9.819


# COUNT0: 6573.331
# COUNT1: 0
# COUNT2: MWIPS
# TIME: 9.814
# elapsed: 11.762219
# pid: 1095524
# status: 0

# COUNT0: 6571.236
# COUNT1: 0
# COUNT2: MWIPS
# TIME: 9.819
# elapsed: 11.767648
# pid: 1095526
# status: 0

#### Pass 4

Calibrate
       0.00 Seconds          1   Passes (x 100)
       0.01 Seconds          5   Passes (x 100)
       0.04 Seconds         25   Passes (x 100)
       0.20 Seconds        125   Passes (x 100)
       0.96 Seconds        625   Passes (x 100)

Use 6530  passes (x 100)

          Double Precision C/C++ Whetstone Benchmark

Loop content                  Result              MFLOPS      MOPS   Seconds

N1 floating point     -1.12398255667392033      1722.773              0.073
N2 floating point     -1.12187079889294417      2069.453              0.424
N3 if then else        1.00000000000000000                5766.825    0.117
N4 fixed point        12.00000000000000000                   0.000   -0.000
N5 sin,cos etc.        0.49902937281518261                 144.832    3.751
N6 floating point      0.99999987890802811       993.259              3.546
N7 assignments         3.00000000000000000                2852.742    0.423
N8 exp,sqrt etc.       0.75100163018453958                 148.125    1.640

MWIPS                                           6546.756              9.974

Calibrate
       0.00 Seconds          1   Passes (x 100)
       0.01 Seconds          5   Passes (x 100)
       0.04 Seconds         25   Passes (x 100)
       0.20 Seconds        125   Passes (x 100)
       0.96 Seconds        625   Passes (x 100)

Use 6534  passes (x 100)

          Double Precision C/C++ Whetstone Benchmark

Loop content                  Result              MFLOPS      MOPS   Seconds

N1 floating point     -1.12398255667392033      1722.893              0.073
N2 floating point     -1.12187079889294417      2067.809              0.425
N3 if then else        1.00000000000000000                5767.850    0.117
N4 fixed point        12.00000000000000000               17898998623.013    0.000
N5 sin,cos etc.        0.49902937281518261                 144.925    3.751
N6 floating point      0.99999987890802811       993.265              3.548
N7 assignments         3.00000000000000000                2852.116    0.423
N8 exp,sqrt etc.       0.75100163018453958                 148.313    1.639

MWIPS                                           6549.443              9.976


# COUNT0: 6546.756
# COUNT1: 0
# COUNT2: MWIPS
# TIME: 9.974
# elapsed: 11.921310
# pid: 1095536
# status: 0

# COUNT0: 6549.443
# COUNT1: 0
# COUNT2: MWIPS
# TIME: 9.976
# elapsed: 11.922788
# pid: 1095538
# status: 0

#### Pass 5

Calibrate
       0.00 Seconds          1   Passes (x 100)
       0.01 Seconds          5   Passes (x 100)
       0.04 Seconds         25   Passes (x 100)
       0.19 Seconds        125   Passes (x 100)
       0.97 Seconds        625   Passes (x 100)

Use 6473  passes (x 100)

          Double Precision C/C++ Whetstone Benchmark

Loop content                  Result              MFLOPS      MOPS   Seconds

N1 floating point     -1.12398255667392033      1718.189              0.072
N2 floating point     -1.12187079889294417      2073.587              0.420
N3 if then else        1.00000000000000000                5831.984    0.115
N4 fixed point        12.00000000000000000                   0.000   -0.000
N5 sin,cos etc.        0.49902937281518261                 144.767    3.720
N6 floating point      0.99999987890802811       994.932              3.509
N7 assignments         3.00000000000000000                2865.958    0.417
N8 exp,sqrt etc.       0.75100163018453958                 148.199    1.625

MWIPS                                           6552.673              9.878

Calibrate
       0.00 Seconds          1   Passes (x 100)
       0.01 Seconds          5   Passes (x 100)
       0.04 Seconds         25   Passes (x 100)
       0.19 Seconds        125   Passes (x 100)
       0.97 Seconds        625   Passes (x 100)

Use 6475  passes (x 100)

          Double Precision C/C++ Whetstone Benchmark

Loop content                  Result              MFLOPS      MOPS   Seconds

N1 floating point     -1.12398255667392033      1719.217              0.072
N2 floating point     -1.12187079889294417      2073.190              0.420
N3 if then else        1.00000000000000000                5832.263    0.115
N4 fixed point        12.00000000000000000                   0.000   -0.000
N5 sin,cos etc.        0.49902937281518261                 144.755    3.722
N6 floating point      0.99999987890802811       995.104              3.510
N7 assignments         3.00000000000000000                2863.652    0.418
N8 exp,sqrt etc.       0.75100163018453958                 148.036    1.627

MWIPS                                           6551.430              9.883


# COUNT0: 6551.430
# COUNT1: 0
# COUNT2: MWIPS
# TIME: 9.883
# elapsed: 11.831832
# pid: 1095548
# status: 0

# COUNT0: 6552.673
# COUNT1: 0
# COUNT2: MWIPS
# TIME: 9.878
# elapsed: 11.827220
# pid: 1095550
# status: 0

#### Pass 6

Calibrate
       0.00 Seconds          1   Passes (x 100)
       0.01 Seconds          5   Passes (x 100)
       0.04 Seconds         25   Passes (x 100)
       0.20 Seconds        125   Passes (x 100)
       0.97 Seconds        625   Passes (x 100)

Use 6476  passes (x 100)

          Double Precision C/C++ Whetstone Benchmark

Loop content                  Result              MFLOPS      MOPS   Seconds

N1 floating point     -1.12398255667392033      1710.376              0.073
N2 floating point     -1.12187079889294417      2051.681              0.424
N3 if then else        1.00000000000000000                5715.291    0.117
N4 fixed point        12.00000000000000000               111130096229.868    0.000
N5 sin,cos etc.        0.49902937281518261                 144.895    3.719
N6 floating point      0.99999987890802811       996.876              3.504
N7 assignments         3.00000000000000000                2859.988    0.418
N8 exp,sqrt etc.       0.75100163018453958                 149.406    1.612

MWIPS                                           6562.782              9.868

Calibrate
       0.00 Seconds          1   Passes (x 100)
       0.01 Seconds          5   Passes (x 100)
       0.04 Seconds         25   Passes (x 100)
       0.20 Seconds        125   Passes (x 100)
       0.96 Seconds        625   Passes (x 100)

Use 6481  passes (x 100)

          Double Precision C/C++ Whetstone Benchmark

Loop content                  Result              MFLOPS      MOPS   Seconds

N1 floating point     -1.12398255667392033      1710.383              0.073
N2 floating point     -1.12187079889294417      2051.636              0.425
N3 if then else        1.00000000000000000                5714.972    0.117
N4 fixed point        12.00000000000000000               18647070046.859    0.000
N5 sin,cos etc.        0.49902937281518261                 144.824    3.723
N6 floating point      0.99999987890802811       997.222              3.506
N7 assignments         3.00000000000000000                2857.362    0.419
N8 exp,sqrt etc.       0.75100163018453958                 149.359    1.614

MWIPS                                           6561.779              9.877


# COUNT0: 6562.782
# COUNT1: 0
# COUNT2: MWIPS
# TIME: 9.868
# elapsed: 11.821816
# pid: 1095560
# status: 0

# COUNT0: 6561.779
# COUNT1: 0
# COUNT2: MWIPS
# TIME: 9.877
# elapsed: 11.830150
# pid: 1095562
# status: 0

#### Pass 7

Calibrate
       0.00 Seconds          1   Passes (x 100)
       0.01 Seconds          5   Passes (x 100)
       0.04 Seconds         25   Passes (x 100)
       0.20 Seconds        125   Passes (x 100)
       0.96 Seconds        625   Passes (x 100)

Use 6497  passes (x 100)

          Double Precision C/C++ Whetstone Benchmark

Loop content                  Result              MFLOPS      MOPS   Seconds

N1 floating point     -1.12398255667392033      1711.515              0.073
N2 floating point     -1.12187079889294417      2060.749              0.424
N3 if then else        1.00000000000000000                5780.449    0.116
N4 fixed point        12.00000000000000000               74306387265.073    0.000
N5 sin,cos etc.        0.49902937281518261                 144.954    3.729
N6 floating point      0.99999987890802811       998.977              3.508
N7 assignments         3.00000000000000000                2870.318    0.418
N8 exp,sqrt etc.       0.75100163018453958                 149.290    1.619

MWIPS                                           6571.022              9.887

Calibrate
       0.00 Seconds          1   Passes (x 100)
       0.01 Seconds          5   Passes (x 100)
       0.04 Seconds         25   Passes (x 100)
       0.20 Seconds        125   Passes (x 100)
       0.96 Seconds        625   Passes (x 100)

Use 6505  passes (x 100)

          Double Precision C/C++ Whetstone Benchmark

Loop content                  Result              MFLOPS      MOPS   Seconds

N1 floating point     -1.12398255667392033      1711.380              0.073
N2 floating point     -1.12187079889294417      2060.193              0.424
N3 if then else        1.00000000000000000                5788.560    0.116
N4 fixed point        12.00000000000000000               17267349297.445    0.000
N5 sin,cos etc.        0.49902937281518261                 145.058    3.731
N6 floating point      0.99999987890802811       999.255              3.511
N7 assignments         3.00000000000000000                2870.065    0.419
N8 exp,sqrt etc.       0.75100163018453958                 149.556    1.618

MWIPS                                           6575.378              9.893


# COUNT0: 6575.378
# COUNT1: 0
# COUNT2: MWIPS
# TIME: 9.893
# elapsed: 11.845305
# pid: 1095572
# status: 0

# COUNT0: 6571.022
# COUNT1: 0
# COUNT2: MWIPS
# TIME: 9.887
# elapsed: 11.839630
# pid: 1095574
# status: 0

#### Pass 8

Calibrate
       0.00 Seconds          1   Passes (x 100)
       0.01 Seconds          5   Passes (x 100)
       0.04 Seconds         25   Passes (x 100)
       0.19 Seconds        125   Passes (x 100)
       0.95 Seconds        625   Passes (x 100)

Use 6555  passes (x 100)

          Double Precision C/C++ Whetstone Benchmark

Loop content                  Result              MFLOPS      MOPS   Seconds

N1 floating point     -1.12398255667392033      1733.291              0.073
N2 floating point     -1.12187079889294417      2087.941              0.422
N3 if then else        1.00000000000000000                5815.406    0.117
N4 fixed point        12.00000000000000000               17456187894.099    0.000
N5 sin,cos etc.        0.49902937281518261                 145.900    3.738
N6 floating point      0.99999987890802811      1003.287              3.524
N7 assignments         3.00000000000000000                2859.520    0.424
N8 exp,sqrt etc.       0.75100163018453958                 149.616    1.630

MWIPS                                           6603.309              9.927

Calibrate
       0.00 Seconds          1   Passes (x 100)
       0.01 Seconds          5   Passes (x 100)
       0.04 Seconds         25   Passes (x 100)
       0.19 Seconds        125   Passes (x 100)
       0.95 Seconds        625   Passes (x 100)

Use 6561  passes (x 100)

          Double Precision C/C++ Whetstone Benchmark

Loop content                  Result              MFLOPS      MOPS   Seconds

N1 floating point     -1.12398255667392033      1733.398              0.073
N2 floating point     -1.12187079889294417      2085.912              0.423
N3 if then else        1.00000000000000000                5815.639    0.117
N4 fixed point        12.00000000000000000                   0.000   -0.000
N5 sin,cos etc.        0.49902937281518261                 145.739    3.746
N6 floating point      0.99999987890802811      1003.192              3.528
N7 assignments         3.00000000000000000                2856.796    0.424
N8 exp,sqrt etc.       0.75100163018453958                 149.511    1.632

MWIPS                                           6599.029              9.942


# COUNT0: 6603.309
# COUNT1: 0
# COUNT2: MWIPS
# TIME: 9.927
# elapsed: 11.861912
# pid: 1095584
# status: 0

# COUNT0: 6599.029
# COUNT1: 0
# COUNT2: MWIPS
# TIME: 9.942
# elapsed: 11.876207
# pid: 1095586
# status: 0

#### Pass 9

Calibrate
       0.00 Seconds          1   Passes (x 100)
       0.01 Seconds          5   Passes (x 100)
       0.04 Seconds         25   Passes (x 100)
       0.19 Seconds        125   Passes (x 100)
       0.97 Seconds        625   Passes (x 100)

Use 6457  passes (x 100)

          Double Precision C/C++ Whetstone Benchmark

Loop content                  Result              MFLOPS      MOPS   Seconds

N1 floating point     -1.12398255667392033      1723.169              0.072
N2 floating point     -1.12187079889294417      2077.991              0.418
N3 if then else        1.00000000000000000                5770.110    0.116
N4 fixed point        12.00000000000000000               57430965624.102    0.000
N5 sin,cos etc.        0.49902937281518261                 145.251    3.699
N6 floating point      0.99999987890802811       994.505              3.502
N7 assignments         3.00000000000000000                2872.784    0.415
N8 exp,sqrt etc.       0.75100163018453958                 148.936    1.613

MWIPS                                           6565.818              9.834

Calibrate
       0.00 Seconds          1   Passes (x 100)
       0.01 Seconds          5   Passes (x 100)
       0.04 Seconds         25   Passes (x 100)
       0.19 Seconds        125   Passes (x 100)
       0.97 Seconds        625   Passes (x 100)

Use 6458  passes (x 100)

          Double Precision C/C++ Whetstone Benchmark

Loop content                  Result              MFLOPS      MOPS   Seconds

N1 floating point     -1.12398255667392033      1724.159              0.072
N2 floating point     -1.12187079889294417      2077.597              0.418
N3 if then else        1.00000000000000000                5770.405    0.116
N4 fixed point        12.00000000000000000               43369523606.288    0.000
N5 sin,cos etc.        0.49902937281518261                 145.197    3.701
N6 floating point      0.99999987890802811       994.680              3.502
N7 assignments         3.00000000000000000                2872.392    0.415
N8 exp,sqrt etc.       0.75100163018453958                 148.755    1.615

MWIPS                                           6563.949              9.839


# COUNT0: 6563.949
# COUNT1: 0
# COUNT2: MWIPS
# TIME: 9.839
# elapsed: 11.789558
# pid: 1095596
# status: 0

# COUNT0: 6565.818
# COUNT1: 0
# COUNT2: MWIPS
# TIME: 9.834
# elapsed: 11.785521
# pid: 1095598
# status: 0

#### Pass 10

Calibrate
       0.00 Seconds          1   Passes (x 100)
       0.01 Seconds          5   Passes (x 100)
       0.04 Seconds         25   Passes (x 100)
       0.20 Seconds        125   Passes (x 100)
       0.96 Seconds        625   Passes (x 100)

Use 6478  passes (x 100)

          Double Precision C/C++ Whetstone Benchmark

Loop content                  Result              MFLOPS      MOPS   Seconds

N1 floating point     -1.12398255667392033      1713.684              0.073
N2 floating point     -1.12187079889294417      2069.068              0.421
N3 if then else        1.00000000000000000                5635.501    0.119
N4 fixed point        12.00000000000000000               235027758186.763    0.000
N5 sin,cos etc.        0.49902937281518261                 145.087    3.715
N6 floating point      0.99999987890802811      1001.071              3.490
N7 assignments         3.00000000000000000                2853.628    0.420
N8 exp,sqrt etc.       0.75100163018453958                 148.458    1.623

MWIPS                                           6569.724              9.860

Calibrate
       0.00 Seconds          1   Passes (x 100)
       0.01 Seconds          5   Passes (x 100)
       0.04 Seconds         25   Passes (x 100)
       0.20 Seconds        125   Passes (x 100)
       0.96 Seconds        625   Passes (x 100)

Use 6477  passes (x 100)

          Double Precision C/C++ Whetstone Benchmark

Loop content                  Result              MFLOPS      MOPS   Seconds

N1 floating point     -1.12398255667392033      1713.825              0.073
N2 floating point     -1.12187079889294417      2069.113              0.421
N3 if then else        1.00000000000000000                5632.975    0.119
N4 fixed point        12.00000000000000000               17823267143.210    0.000
N5 sin,cos etc.        0.49902937281518261                 144.938    3.718
N6 floating point      0.99999987890802811      1000.763              3.491
N7 assignments         3.00000000000000000                2853.569    0.419
N8 exp,sqrt etc.       0.75100163018453958                 148.223    1.626

MWIPS                                           6564.727              9.866


# COUNT0: 6564.727
# COUNT1: 0
# COUNT2: MWIPS
# TIME: 9.866
# elapsed: 11.818561
# pid: 1095608
# status: 0

# COUNT0: 6569.724
# COUNT1: 0
# COUNT2: MWIPS
# TIME: 9.860
# elapsed: 11.812344
# pid: 1095610
# status: 0

*Dump score:      13096.2
*Dump score:      13104.1
*Dump score:      13114.1
Count score:      13118.7
Count score:      13124.6
Count score:      13129.8
Count score:      13134.5
Count score:      13144.6
Count score:      13146.4
Count score:      13202.3

>>>> Sum of 2 copies
>>>> score: 13142.9374220247
>>>> time: 9.87057142857143
>>>> iterations: 7


########################################################
Execl Throughput -- 2 copies
==> "/mnt/host0/unixbench/UnixBench/pgms/execl" 30 2>&1 >> "/mnt/host0/unixbench/UnixBench/results/uarf-2025-06-04-04.log"

#### Pass 1


# COUNT0: 26782
# COUNT1: 1
# COUNT2: lps
# elapsed: 29.671527
# pid: 1095620
# status: 0

# COUNT0: 26798
# COUNT1: 1
# COUNT2: lps
# elapsed: 29.671053
# pid: 1095622
# status: 0

#### Pass 2


# COUNT0: 26863
# COUNT1: 1
# COUNT2: lps
# elapsed: 29.976510
# pid: 1095633
# status: 0

# COUNT0: 26835
# COUNT1: 1
# COUNT2: lps
# elapsed: 29.975339
# pid: 1095635
# status: 0

#### Pass 3


# COUNT0: 26952
# COUNT1: 1
# COUNT2: lps
# elapsed: 29.975206
# pid: 1095645
# status: 0

# COUNT0: 26959
# COUNT1: 1
# COUNT2: lps
# elapsed: 29.974057
# pid: 1095647
# status: 0

*Dump score:      53580.0
Count score:      53698.0
Count score:      53911.0

>>>> Sum of 2 copies
>>>> score: 1794.95898620129
>>>> time: 29.975278
>>>> iterations: 2


########################################################
File Copy 1024 bufsize 2000 maxblocks -- 2 copies
==> "/mnt/host0/unixbench/UnixBench/pgms/fstime" -c -t 30 -d "/mnt/host0/unixbench/UnixBench/tmp" -b 1024 -m 2000 2>&1 >> "/mnt/host0/unixbench/UnixBench/results/uarf-2025-06-04-04.log"

#### Pass 1

Write done: 112000 in 2.1124, score 13255
Read done: 118472 in 2.0001, score 14808
Copy done: 812164 in 30.0001, score 6768
Write done: 112000 in 2.1140, score 13245
Read done: 119216 in 2.0000, score 14901
Copy done: 812092 in 30.0001, score 6767

# COUNT0: 6768
# COUNT1: 0
# COUNT2: KBps
# TIME: 30.0
# elapsed: 45.137550
# pid: 1095657
# status: 0

# COUNT0: 6767
# COUNT1: 0
# COUNT2: KBps
# TIME: 30.0
# elapsed: 45.136413
# pid: 1095659
# status: 0

#### Pass 2

Write done: 104000 in 2.0933, score 12420
Read done: 98572 in 2.0001, score 12321
Copy done: 817156 in 30.0000, score 6809
Write done: 104000 in 2.1000, score 12380
Read done: 98920 in 2.0001, score 12364
Copy done: 816976 in 30.0001, score 6808

# COUNT0: 6808
# COUNT1: 0
# COUNT2: KBps
# TIME: 30.0
# elapsed: 45.123592
# pid: 1095669
# status: 0

# COUNT0: 6809
# COUNT1: 0
# COUNT2: KBps
# TIME: 30.0
# elapsed: 45.117618
# pid: 1095671
# status: 0

#### Pass 3

Write done: 112000 in 2.0477, score 13674
Read done: 106948 in 2.0000, score 13368
Copy done: 793800 in 30.0000, score 6614
Write done: 112000 in 2.0465, score 13682
Read done: 105832 in 2.0000, score 13228
Copy done: 794756 in 30.0003, score 6622

# COUNT0: 6614
# COUNT1: 0
# COUNT2: KBps
# TIME: 30.0
# elapsed: 45.071397
# pid: 1095681
# status: 0

# COUNT0: 6622
# COUNT1: 0
# COUNT2: KBps
# TIME: 30.0
# elapsed: 45.069691
# pid: 1095683
# status: 0

*Dump score:      13236.0
Count score:      13535.0
Count score:      13617.0

>>>> Sum of 2 copies
>>>> score: 13575.938089134
>>>> time: 30
>>>> iterations: 2


########################################################
File Copy 256 bufsize 500 maxblocks -- 2 copies
==> "/mnt/host0/unixbench/UnixBench/pgms/fstime" -c -t 30 -d "/mnt/host0/unixbench/UnixBench/tmp" -b 256 -m 500 2>&1 >> "/mnt/host0/unixbench/UnixBench/results/uarf-2025-06-04-04.log"

#### Pass 1

Write done: 28000 in 2.0233, score 3459
Read done: 28147 in 2.0000, score 3518
Copy done: 204194 in 30.0002, score 1701
Write done: 28000 in 2.0217, score 3462
Read done: 28566 in 2.0001, score 3570
Copy done: 203717 in 30.0001, score 1697

# COUNT0: 1701
# COUNT1: 0
# COUNT2: KBps
# TIME: 30.0
# elapsed: 45.048809
# pid: 1095693
# status: 0

# COUNT0: 1697
# COUNT1: 0
# COUNT2: KBps
# TIME: 30.0
# elapsed: 45.049044
# pid: 1095695
# status: 0

#### Pass 2

Write done: 26000 in 2.0008, score 3248
Read done: 26859 in 2.0001, score 3357
Copy done: 198315 in 30.0001, score 1652
Write done: 28000 in 2.1314, score 3284
Read done: 26622 in 2.0000, score 3327
Copy done: 198352 in 30.0000, score 1652

# COUNT0: 1652
# COUNT1: 0
# COUNT2: KBps
# TIME: 30.0
# elapsed: 45.023355
# pid: 1095705
# status: 0

# COUNT0: 1652
# COUNT1: 0
# COUNT2: KBps
# TIME: 30.0
# elapsed: 45.152975
# pid: 1095707
# status: 0

#### Pass 3

Write done: 28000 in 2.1001, score 3333
Read done: 26504 in 2.0000, score 3312
Copy done: 196763 in 30.0002, score 1639
Write done: 28000 in 2.0990, score 3334
Read done: 26913 in 2.0003, score 3363
Copy done: 196809 in 30.0003, score 1640

# COUNT0: 1640
# COUNT1: 0
# COUNT2: KBps
# TIME: 30.0
# elapsed: 45.122889
# pid: 1095718
# status: 0

# COUNT0: 1639
# COUNT1: 0
# COUNT2: KBps
# TIME: 30.0
# elapsed: 45.122045
# pid: 1095720
# status: 0

*Dump score:       3279.0
Count score:       3304.0
Count score:       3398.0

>>>> Sum of 2 copies
>>>> score: 3350.67038068504
>>>> time: 30
>>>> iterations: 2


########################################################
File Copy 4096 bufsize 8000 maxblocks -- 2 copies
==> "/mnt/host0/unixbench/UnixBench/pgms/fstime" -c -t 30 -d "/mnt/host0/unixbench/UnixBench/tmp" -b 4096 -m 8000 2>&1 >> "/mnt/host0/unixbench/UnixBench/results/uarf-2025-06-04-04.log"

#### Pass 1

Write done: 416000 in 2.1215, score 49022
Read done: 416848 in 2.0001, score 52104
Copy done: 2981936 in 30.0002, score 24849
Write done: 416000 in 2.1258, score 48922
Read done: 417248 in 2.0000, score 52155
Copy done: 2977296 in 30.0023, score 24808

# COUNT0: 24808
# COUNT1: 0
# COUNT2: KBps
# TIME: 30.0
# elapsed: 45.153429
# pid: 1095730
# status: 0

# COUNT0: 24849
# COUNT1: 0
# COUNT2: KBps
# TIME: 30.0
# elapsed: 45.147459
# pid: 1095732
# status: 0

#### Pass 2

Write done: 416000 in 2.0945, score 49654
Read done: 420864 in 2.0000, score 52607
Copy done: 2732272 in 30.0003, score 22768
Write done: 416000 in 2.0977, score 49578
Read done: 424304 in 2.0001, score 53036
Copy done: 2731424 in 30.0001, score 22761

# COUNT0: 22768
# COUNT1: 0
# COUNT2: KBps
# TIME: 30.0
# elapsed: 45.127079
# pid: 1095742
# status: 0

# COUNT0: 22761
# COUNT1: 0
# COUNT2: KBps
# TIME: 30.0
# elapsed: 45.129070
# pid: 1095744
# status: 0

#### Pass 3

Write done: 352000 in 2.0148, score 43676
Read done: 382208 in 2.0001, score 47773
Copy done: 2834080 in 30.0001, score 23617
Write done: 384000 in 2.1438, score 44780
Read done: 387584 in 2.0000, score 48447
Copy done: 2828288 in 30.0000, score 23569

# COUNT0: 23617
# COUNT1: 0
# COUNT2: KBps
# TIME: 30.0
# elapsed: 45.042838
# pid: 1095754
# status: 0

# COUNT0: 23569
# COUNT1: 0
# COUNT2: KBps
# TIME: 30.0
# elapsed: 45.168894
# pid: 1095756
# status: 0

*Dump score:      45529.0
Count score:      47186.0
Count score:      49657.0

>>>> Sum of 2 copies
>>>> score: 48405.7352180504
>>>> time: 30
>>>> iterations: 2


########################################################
Pipe Throughput -- 2 copies
==> "/mnt/host0/unixbench/UnixBench/pgms/pipe" 10 2>&1 >> "/mnt/host0/unixbench/UnixBench/results/uarf-2025-06-04-04.log"

#### Pass 1


# COUNT0: 16644098
# COUNT1: 1
# COUNT2: lps
# elapsed: 10.006984
# pid: 1095766
# status: 0

# COUNT0: 16648196
# COUNT1: 1
# COUNT2: lps
# elapsed: 10.006564
# pid: 1095768
# status: 0

#### Pass 2


# COUNT0: 16703003
# COUNT1: 1
# COUNT2: lps
# elapsed: 10.007641
# pid: 1095778
# status: 0

# COUNT0: 16703408
# COUNT1: 1
# COUNT2: lps
# elapsed: 10.006924
# pid: 1095780
# status: 0

#### Pass 3


# COUNT0: 16585126
# COUNT1: 1
# COUNT2: lps
# elapsed: 10.008111
# pid: 1095790
# status: 0

# COUNT0: 16590278
# COUNT1: 1
# COUNT2: lps
# elapsed: 10.006712
# pid: 1095792
# status: 0

#### Pass 4


# COUNT0: 16648169
# COUNT1: 1
# COUNT2: lps
# elapsed: 10.007171
# pid: 1095802
# status: 0

# COUNT0: 16651670
# COUNT1: 1
# COUNT2: lps
# elapsed: 10.006979
# pid: 1095804
# status: 0

#### Pass 5


# COUNT0: 16694760
# COUNT1: 1
# COUNT2: lps
# elapsed: 10.007004
# pid: 1095814
# status: 0

# COUNT0: 16692136
# COUNT1: 1
# COUNT2: lps
# elapsed: 10.007767
# pid: 1095816
# status: 0

#### Pass 6


# COUNT0: 16600333
# COUNT1: 1
# COUNT2: lps
# elapsed: 10.007283
# pid: 1095826
# status: 0

# COUNT0: 16598084
# COUNT1: 1
# COUNT2: lps
# elapsed: 10.006778
# pid: 1095828
# status: 0

#### Pass 7


# COUNT0: 16662785
# COUNT1: 1
# COUNT2: lps
# elapsed: 10.007817
# pid: 1095841
# status: 0

# COUNT0: 16660418
# COUNT1: 1
# COUNT2: lps
# elapsed: 10.006934
# pid: 1095843
# status: 0

#### Pass 8


# COUNT0: 16534173
# COUNT1: 1
# COUNT2: lps
# elapsed: 10.007400
# pid: 1095853
# status: 0

# COUNT0: 16539111
# COUNT1: 1
# COUNT2: lps
# elapsed: 10.007374
# pid: 1095855
# status: 0

#### Pass 9


# COUNT0: 16777146
# COUNT1: 1
# COUNT2: lps
# elapsed: 10.007087
# pid: 1095865
# status: 0

# COUNT0: 16779739
# COUNT1: 1
# COUNT2: lps
# elapsed: 10.006755
# pid: 1095867
# status: 0

#### Pass 10


# COUNT0: 16543092
# COUNT1: 1
# COUNT2: lps
# elapsed: 10.007487
# pid: 1095877
# status: 0

# COUNT0: 16547818
# COUNT1: 1
# COUNT2: lps
# elapsed: 10.006846
# pid: 1095879
# status: 0

*Dump score:   33073284.0
*Dump score:   33090910.0
*Dump score:   33175404.0
Count score:   33198417.0
Count score:   33292294.0
Count score:   33299839.0
Count score:   33323203.0
Count score:   33386896.0
Count score:   33406411.0
Count score:   33556885.0

>>>> Sum of 2 copies
>>>> score: 3332809.62404507
>>>> time: 10.0071205714286
>>>> iterations: 7


########################################################
Pipe-based Context Switching -- 2 copies
==> "/mnt/host0/unixbench/UnixBench/pgms/context1" 10 2>&1 >> "/mnt/host0/unixbench/UnixBench/results/uarf-2025-06-04-04.log"

#### Pass 1


# COUNT0: 2433378
# COUNT1: 1
# COUNT2: lps
# elapsed: 10.007213
# pid: 1095890
# status: 0

# COUNT0: 2428956
# COUNT1: 1
# COUNT2: lps
# elapsed: 10.007233
# pid: 1095892
# status: 0

#### Pass 2


# COUNT0: 2384015
# COUNT1: 1
# COUNT2: lps
# elapsed: 10.007142
# pid: 1095904
# status: 0

# COUNT0: 2383171
# COUNT1: 1
# COUNT2: lps
# elapsed: 10.006547
# pid: 1095906
# status: 0

#### Pass 3


# COUNT0: 2382491
# COUNT1: 1
# COUNT2: lps
# elapsed: 10.007599
# pid: 1095918
# status: 0

# COUNT0: 2380676
# COUNT1: 1
# COUNT2: lps
# elapsed: 10.006163
# pid: 1095920
# status: 0

#### Pass 4


# COUNT0: 2407410
# COUNT1: 1
# COUNT2: lps
# elapsed: 10.007428
# pid: 1095932
# status: 0

# COUNT0: 2421162
# COUNT1: 1
# COUNT2: lps
# elapsed: 10.008145
# pid: 1095934
# status: 0

#### Pass 5


# COUNT0: 2443076
# COUNT1: 1
# COUNT2: lps
# elapsed: 10.006778
# pid: 1095946
# status: 0

# COUNT0: 2440184
# COUNT1: 1
# COUNT2: lps
# elapsed: 10.006511
# pid: 1095948
# status: 0

#### Pass 6


# COUNT0: 2407578
# COUNT1: 1
# COUNT2: lps
# elapsed: 10.008623
# pid: 1095960
# status: 0

# COUNT0: 2420651
# COUNT1: 1
# COUNT2: lps
# elapsed: 10.007255
# pid: 1095962
# status: 0

#### Pass 7


# COUNT0: 2401018
# COUNT1: 1
# COUNT2: lps
# elapsed: 10.007183
# pid: 1095974
# status: 0

# COUNT0: 2409747
# COUNT1: 1
# COUNT2: lps
# elapsed: 10.007347
# pid: 1095976
# status: 0

#### Pass 8


# COUNT0: 2394970
# COUNT1: 1
# COUNT2: lps
# elapsed: 10.007766
# pid: 1095988
# status: 0

# COUNT0: 2400558
# COUNT1: 1
# COUNT2: lps
# elapsed: 10.006962
# pid: 1095990
# status: 0

#### Pass 9


# COUNT0: 2429274
# COUNT1: 1
# COUNT2: lps
# elapsed: 10.006484
# pid: 1096002
# status: 0

# COUNT0: 2425162
# COUNT1: 1
# COUNT2: lps
# elapsed: 10.006270
# pid: 1096004
# status: 0

#### Pass 10


# COUNT0: 2372257
# COUNT1: 1
# COUNT2: lps
# elapsed: 10.007250
# pid: 1096016
# status: 0

# COUNT0: 2384892
# COUNT1: 1
# COUNT2: lps
# elapsed: 10.006605
# pid: 1096018
# status: 0

*Dump score:    4757149.0
*Dump score:    4763167.0
*Dump score:    4767186.0
Count score:    4795528.0
Count score:    4810765.0
Count score:    4828229.0
Count score:    4828572.0
Count score:    4854436.0
Count score:    4862334.0
Count score:    4883260.0

>>>> Sum of 2 copies
>>>> score: 483401.168745514
>>>> time: 10.0072284285714
>>>> iterations: 7


########################################################
Process Creation -- 2 copies
==> "/mnt/host0/unixbench/UnixBench/pgms/spawn" 30 2>&1 >> "/mnt/host0/unixbench/UnixBench/results/uarf-2025-06-04-04.log"

#### Pass 1


# COUNT0: 341011
# COUNT1: 1
# COUNT2: lps
# elapsed: 30.008007
# pid: 1096030
# status: 0

# COUNT0: 340922
# COUNT1: 1
# COUNT2: lps
# elapsed: 30.006549
# pid: 1096032
# status: 0

#### Pass 2


# COUNT0: 335703
# COUNT1: 1
# COUNT2: lps
# elapsed: 30.007886
# pid: 1777977
# status: 0

# COUNT0: 335748
# COUNT1: 1
# COUNT2: lps
# elapsed: 30.007009
# pid: 1777979
# status: 0

#### Pass 3


# COUNT0: 332921
# COUNT1: 1
# COUNT2: lps
# elapsed: 30.007398
# pid: 2449442
# status: 0

# COUNT0: 333026
# COUNT1: 1
# COUNT2: lps
# elapsed: 30.007231
# pid: 2449444
# status: 0

*Dump score:     665947.0
Count score:     671451.0
Count score:     681933.0

>>>> Sum of 2 copies
>>>> score: 22550.1890813978
>>>> time: 30.00736275
>>>> iterations: 2


########################################################
System Call Overhead -- 2 copies
==> "/mnt/host0/unixbench/UnixBench/pgms/syscall" 10 2>&1 >> "/mnt/host0/unixbench/UnixBench/results/uarf-2025-06-04-04.log"

#### Pass 1


# COUNT0: 20156655
# COUNT1: 1
# COUNT2: lps
# elapsed: 10.006910
# pid: 3115403
# status: 0

# COUNT0: 20158872
# COUNT1: 1
# COUNT2: lps
# elapsed: 10.006587
# pid: 3115405
# status: 0

#### Pass 2


# COUNT0: 20238313
# COUNT1: 1
# COUNT2: lps
# elapsed: 10.007283
# pid: 3115415
# status: 0

# COUNT0: 20235471
# COUNT1: 1
# COUNT2: lps
# elapsed: 10.006967
# pid: 3115417
# status: 0

#### Pass 3


# COUNT0: 20150106
# COUNT1: 1
# COUNT2: lps
# elapsed: 10.007238
# pid: 3115428
# status: 0

# COUNT0: 20148163
# COUNT1: 1
# COUNT2: lps
# elapsed: 10.006470
# pid: 3115430
# status: 0

#### Pass 4


# COUNT0: 19734510
# COUNT1: 1
# COUNT2: lps
# elapsed: 10.007903
# pid: 3115440
# status: 0

# COUNT0: 19765243
# COUNT1: 1
# COUNT2: lps
# elapsed: 10.006656
# pid: 3115442
# status: 0

#### Pass 5


# COUNT0: 20247456
# COUNT1: 1
# COUNT2: lps
# elapsed: 10.006928
# pid: 3115452
# status: 0

# COUNT0: 20251274
# COUNT1: 1
# COUNT2: lps
# elapsed: 10.007310
# pid: 3115454
# status: 0

#### Pass 6


# COUNT0: 20111826
# COUNT1: 1
# COUNT2: lps
# elapsed: 10.007052
# pid: 3115464
# status: 0

# COUNT0: 20120254
# COUNT1: 1
# COUNT2: lps
# elapsed: 10.006831
# pid: 3115466
# status: 0

#### Pass 7


# COUNT0: 20073549
# COUNT1: 1
# COUNT2: lps
# elapsed: 10.007634
# pid: 3115476
# status: 0

# COUNT0: 20072264
# COUNT1: 1
# COUNT2: lps
# elapsed: 10.006834
# pid: 3115477
# status: 0

#### Pass 8


# COUNT0: 20294923
# COUNT1: 1
# COUNT2: lps
# elapsed: 10.006832
# pid: 3115488
# status: 0

# COUNT0: 20293509
# COUNT1: 1
# COUNT2: lps
# elapsed: 10.006152
# pid: 3115490
# status: 0

#### Pass 9


# COUNT0: 20286971
# COUNT1: 1
# COUNT2: lps
# elapsed: 10.007258
# pid: 3115501
# status: 0

# COUNT0: 20285520
# COUNT1: 1
# COUNT2: lps
# elapsed: 10.007124
# pid: 3115503
# status: 0

#### Pass 10


# COUNT0: 20285319
# COUNT1: 1
# COUNT2: lps
# elapsed: 10.007035
# pid: 3115513
# status: 0

# COUNT0: 20282807
# COUNT1: 1
# COUNT2: lps
# elapsed: 10.007428
# pid: 3115515
# status: 0

*Dump score:   39499753.0
*Dump score:   40145813.0
*Dump score:   40232080.0
Count score:   40298269.0
Count score:   40315527.0
Count score:   40473784.0
Count score:   40498730.0
Count score:   40568126.0
Count score:   40572491.0
Count score:   40588432.0

>>>> Sum of 2 copies
>>>> score: 4044529.31748861
>>>> time: 10.0069658571429
>>>> iterations: 7


########################################################
Shell Scripts (1 concurrent) -- 2 copies
==> "/mnt/host0/unixbench/UnixBench/pgms/looper" 60 "/mnt/host0/unixbench/UnixBench/pgms/multi.sh" 1 2>&1 >> "/mnt/host0/unixbench/UnixBench/results/uarf-2025-06-04-04.log"

#### Pass 1


# COUNT0: 2037
# COUNT1: 60
# COUNT2: lpm
# elapsed: 60.033540
# pid: 3115525
# status: 0

# COUNT0: 2039
# COUNT1: 60
# COUNT2: lpm
# elapsed: 60.029248
# pid: 3115527
# status: 0

#### Pass 2


# COUNT0: 2047
# COUNT1: 60
# COUNT2: lpm
# elapsed: 60.036489
# pid: 3152239
# status: 0

# COUNT0: 2042
# COUNT1: 60
# COUNT2: lpm
# elapsed: 60.034033
# pid: 3152241
# status: 0

#### Pass 3


# COUNT0: 2056
# COUNT1: 60
# COUNT2: lpm
# elapsed: 60.021268
# pid: 3189070
# status: 0

# COUNT0: 2058
# COUNT1: 60
# COUNT2: lpm
# elapsed: 60.024478
# pid: 3189072
# status: 0

*Dump score:       4076.0
Count score:       4089.0
Count score:       4114.0

>>>> Sum of 2 copies
>>>> score: 4099.49497354036
>>>> time: 60.029067
>>>> iterations: 2


########################################################
Shell Scripts (8 concurrent) -- 2 copies
==> "/mnt/host0/unixbench/UnixBench/pgms/looper" 60 "/mnt/host0/unixbench/UnixBench/pgms/multi.sh" 8 2>&1 >> "/mnt/host0/unixbench/UnixBench/results/uarf-2025-06-04-04.log"

#### Pass 1


# COUNT0: 337
# COUNT1: 60
# COUNT2: lpm
# elapsed: 60.146822
# pid: 3226126
# status: 0

# COUNT0: 337
# COUNT1: 60
# COUNT2: lpm
# elapsed: 60.142918
# pid: 3226128
# status: 0

#### Pass 2


# COUNT0: 337
# COUNT1: 60
# COUNT2: lpm
# elapsed: 60.023191
# pid: 3270078
# status: 0

# COUNT0: 337
# COUNT1: 60
# COUNT2: lpm
# elapsed: 60.024967
# pid: 3270080
# status: 0

#### Pass 3


# COUNT0: 337
# COUNT1: 60
# COUNT2: lpm
# elapsed: 60.080031
# pid: 3314031
# status: 0

# COUNT0: 337
# COUNT1: 60
# COUNT2: lpm
# elapsed: 60.082160
# pid: 3314033
# status: 0

*Dump score:        674.0
Count score:        674.0
Count score:        674.0

>>>> Sum of 2 copies
>>>> score: 673.40986306612
>>>> time: 60.05258725
>>>> iterations: 2

