
########################################################
Dhrystone 2 using register variables -- 1 copy
==> "/mnt/host0/unixbench/UnixBench/pgms/dhry2reg" 10 2>&1 >> "/mnt/host0/unixbench/UnixBench/results/uarf-2025-06-02-05.log"

#### Pass 1


# COUNT0: 481892666
# COUNT1: 1
# COUNT2: lps
# elapsed: 10.006086
# pid: 1075576
# status: 0

#### Pass 2


# COUNT0: 481559720
# COUNT1: 1
# COUNT2: lps
# elapsed: 10.006332
# pid: 1075585
# status: 0

#### Pass 3


# COUNT0: 480815897
# COUNT1: 1
# COUNT2: lps
# elapsed: 10.006116
# pid: 1075594
# status: 0

#### Pass 4


# COUNT0: 480152684
# COUNT1: 1
# COUNT2: lps
# elapsed: 10.006005
# pid: 1075603
# status: 0

#### Pass 5


# COUNT0: 480255809
# COUNT1: 1
# COUNT2: lps
# elapsed: 10.006390
# pid: 1075612
# status: 0

#### Pass 6


# COUNT0: 479712590
# COUNT1: 1
# COUNT2: lps
# elapsed: 10.006456
# pid: 1075621
# status: 0

#### Pass 7


# COUNT0: 480193429
# COUNT1: 1
# COUNT2: lps
# elapsed: 10.006305
# pid: 1075630
# status: 0

#### Pass 8


# COUNT0: 479630881
# COUNT1: 1
# COUNT2: lps
# elapsed: 10.006398
# pid: 1075639
# status: 0

#### Pass 9


# COUNT0: 479769490
# COUNT1: 1
# COUNT2: lps
# elapsed: 10.006511
# pid: 1075649
# status: 0

#### Pass 10


# COUNT0: 479568421
# COUNT1: 1
# COUNT2: lps
# elapsed: 10.006062
# pid: 1075658
# status: 0

*Dump score:  479568421.0
*Dump score:  479630881.0
*Dump score:  479712590.0
Count score:  479769490.0
Count score:  480152684.0
Count score:  480193429.0
Count score:  480255809.0
Count score:  480815897.0
Count score:  481559720.0
Count score:  481892666.0

>>>> Results of 1 copy
>>>> score: 48036205.9572819
>>>> time: 10.0062492857143
>>>> iterations: 7


########################################################
Double-Precision Whetstone -- 1 copy
==> "/mnt/host0/unixbench/UnixBench/pgms/whetstone-double"  2>&1 >> "/mnt/host0/unixbench/UnixBench/results/uarf-2025-06-02-05.log"

#### Pass 1

Calibrate
       0.00 Seconds          1   Passes (x 100)
       0.01 Seconds          5   Passes (x 100)
       0.04 Seconds         25   Passes (x 100)
       0.17 Seconds        125   Passes (x 100)
       0.83 Seconds        625   Passes (x 100)

Use 7530  passes (x 100)

          Double Precision C/C++ Whetstone Benchmark

Loop content                  Result              MFLOPS      MOPS   Seconds

N1 floating point     -1.12398255667392033      1795.859              0.081
N2 floating point     -1.12187079889294417      2143.055              0.472
N3 if then else        1.00000000000000000                5930.709    0.131
N4 fixed point        12.00000000000000000                   0.000   -0.000
N5 sin,cos etc.        0.49902937281518261                 185.028    3.386
N6 floating point      0.99999987890802811      1027.563              3.953
N7 assignments         3.00000000000000000                5900.622    0.236
N8 exp,sqrt etc.       0.75100163018453958                 167.578    1.672

MWIPS                                           7582.913              9.930


# COUNT0: 7582.913
# COUNT1: 0
# COUNT2: MWIPS
# TIME: 9.930
# elapsed: 11.795069
# pid: 1075667
# status: 0

#### Pass 2

Calibrate
       0.00 Seconds          1   Passes (x 100)
       0.01 Seconds          5   Passes (x 100)
       0.04 Seconds         25   Passes (x 100)
       0.17 Seconds        125   Passes (x 100)
       0.83 Seconds        625   Passes (x 100)

Use 7535  passes (x 100)

          Double Precision C/C++ Whetstone Benchmark

Loop content                  Result              MFLOPS      MOPS   Seconds

N1 floating point     -1.12398255667392033      1800.462              0.080
N2 floating point     -1.12187079889294417      2130.860              0.475
N3 if then else        1.00000000000000000                5917.183    0.132
N4 fixed point        12.00000000000000000               25288787813.374    0.000
N5 sin,cos etc.        0.49902937281518261                 185.101    3.387
N6 floating point      0.99999987890802811      1027.279              3.956
N7 assignments         3.00000000000000000                5902.966    0.236
N8 exp,sqrt etc.       0.75100163018453958                 167.375    1.675

MWIPS                                           7579.492              9.941


# COUNT0: 7579.492
# COUNT1: 0
# COUNT2: MWIPS
# TIME: 9.941
# elapsed: 11.803441
# pid: 1075676
# status: 0

#### Pass 3

Calibrate
       0.00 Seconds          1   Passes (x 100)
       0.01 Seconds          5   Passes (x 100)
       0.04 Seconds         25   Passes (x 100)
       0.17 Seconds        125   Passes (x 100)
       0.83 Seconds        625   Passes (x 100)

Use 7515  passes (x 100)

          Double Precision C/C++ Whetstone Benchmark

Loop content                  Result              MFLOPS      MOPS   Seconds

N1 floating point     -1.12398255667392033      1795.554              0.080
N2 floating point     -1.12187079889294417      2140.232              0.472
N3 if then else        1.00000000000000000                5912.242    0.132
N4 fixed point        12.00000000000000000               23779654088.326    0.000
N5 sin,cos etc.        0.49902937281518261                 185.265    3.375
N6 floating point      0.99999987890802811      1029.109              3.939
N7 assignments         3.00000000000000000                5900.179    0.235
N8 exp,sqrt etc.       0.75100163018453958                 167.925    1.665

MWIPS                                           7592.583              9.898


# COUNT0: 7592.583
# COUNT1: 0
# COUNT2: MWIPS
# TIME: 9.898
# elapsed: 11.764080
# pid: 1075685
# status: 0

#### Pass 4

Calibrate
       0.00 Seconds          1   Passes (x 100)
       0.01 Seconds          5   Passes (x 100)
       0.04 Seconds         25   Passes (x 100)
       0.17 Seconds        125   Passes (x 100)
       0.83 Seconds        625   Passes (x 100)

Use 7550  passes (x 100)

          Double Precision C/C++ Whetstone Benchmark

Loop content                  Result              MFLOPS      MOPS   Seconds

N1 floating point     -1.12398255667392033      1795.929              0.081
N2 floating point     -1.12187079889294417      2142.206              0.474
N3 if then else        1.00000000000000000                5940.990    0.132
N4 fixed point        12.00000000000000000                   0.000   -0.000
N5 sin,cos etc.        0.49902937281518261                 185.396    3.388
N6 floating point      0.99999987890802811      1030.492              3.952
N7 assignments         3.00000000000000000                5885.324    0.237
N8 exp,sqrt etc.       0.75100163018453958                 168.073    1.671

MWIPS                                           7599.980              9.934


# COUNT0: 7599.980
# COUNT1: 0
# COUNT2: MWIPS
# TIME: 9.934
# elapsed: 11.798164
# pid: 1075694
# status: 0

#### Pass 5

Calibrate
       0.00 Seconds          1   Passes (x 100)
       0.01 Seconds          5   Passes (x 100)
       0.04 Seconds         25   Passes (x 100)
       0.17 Seconds        125   Passes (x 100)
       0.83 Seconds        625   Passes (x 100)

Use 7542  passes (x 100)

          Double Precision C/C++ Whetstone Benchmark

Loop content                  Result              MFLOPS      MOPS   Seconds

N1 floating point     -1.12398255667392033      1798.102              0.081
N2 floating point     -1.12187079889294417      2131.145              0.476
N3 if then else        1.00000000000000000                5897.126    0.132
N4 fixed point        12.00000000000000000                   0.000   -0.000
N5 sin,cos etc.        0.49902937281518261                 185.165    3.389
N6 floating point      0.99999987890802811      1028.192              3.957
N7 assignments         3.00000000000000000                5895.829    0.236
N8 exp,sqrt etc.       0.75100163018453958                 167.436    1.676

MWIPS                                           7582.933              9.946


# COUNT0: 7582.933
# COUNT1: 0
# COUNT2: MWIPS
# TIME: 9.946
# elapsed: 11.810709
# pid: 1075703
# status: 0

#### Pass 6

Calibrate
       0.00 Seconds          1   Passes (x 100)
       0.01 Seconds          5   Passes (x 100)
       0.04 Seconds         25   Passes (x 100)
       0.17 Seconds        125   Passes (x 100)
       0.83 Seconds        625   Passes (x 100)

Use 7533  passes (x 100)

          Double Precision C/C++ Whetstone Benchmark

Loop content                  Result              MFLOPS      MOPS   Seconds

N1 floating point     -1.12398255667392033      1798.981              0.080
N2 floating point     -1.12187079889294417      2144.086              0.472
N3 if then else        1.00000000000000000                5932.173    0.131
N4 fixed point        12.00000000000000000                   0.000   -0.000
N5 sin,cos etc.        0.49902937281518261                 185.454    3.380
N6 floating point      0.99999987890802811      1029.034              3.949
N7 assignments         3.00000000000000000                5906.283    0.236
N8 exp,sqrt etc.       0.75100163018453958                 167.646    1.672

MWIPS                                           7594.185              9.919


# COUNT0: 7594.185
# COUNT1: 0
# COUNT2: MWIPS
# TIME: 9.919
# elapsed: 11.779629
# pid: 1075712
# status: 0

#### Pass 7

Calibrate
       0.00 Seconds          1   Passes (x 100)
       0.01 Seconds          5   Passes (x 100)
       0.04 Seconds         25   Passes (x 100)
       0.17 Seconds        125   Passes (x 100)
       0.83 Seconds        625   Passes (x 100)

Use 7527  passes (x 100)

          Double Precision C/C++ Whetstone Benchmark

Loop content                  Result              MFLOPS      MOPS   Seconds

N1 floating point     -1.12398255667392033      1797.794              0.080
N2 floating point     -1.12187079889294417      2140.687              0.473
N3 if then else        1.00000000000000000                5897.876    0.132
N4 fixed point        12.00000000000000000               24279090441.212    0.000
N5 sin,cos etc.        0.49902937281518261                 185.354    3.379
N6 floating point      0.99999987890802811      1029.199              3.945
N7 assignments         3.00000000000000000                5901.375    0.236
N8 exp,sqrt etc.       0.75100163018453958                 167.779    1.669

MWIPS                                           7592.932              9.913


# COUNT0: 7592.932
# COUNT1: 0
# COUNT2: MWIPS
# TIME: 9.913
# elapsed: 11.775946
# pid: 1075722
# status: 0

#### Pass 8

Calibrate
       0.00 Seconds          1   Passes (x 100)
       0.01 Seconds          5   Passes (x 100)
       0.04 Seconds         25   Passes (x 100)
       0.17 Seconds        125   Passes (x 100)
       0.83 Seconds        625   Passes (x 100)

Use 7543  passes (x 100)

          Double Precision C/C++ Whetstone Benchmark

Loop content                  Result              MFLOPS      MOPS   Seconds

N1 floating point     -1.12398255667392033      1802.179              0.080
N2 floating point     -1.12187079889294417      2139.113              0.474
N3 if then else        1.00000000000000000                5931.703    0.132
N4 fixed point        12.00000000000000000                   0.000   -0.000
N5 sin,cos etc.        0.49902937281518261                 185.532    3.383
N6 floating point      0.99999987890802811      1030.970              3.946
N7 assignments         3.00000000000000000                5903.803    0.236
N8 exp,sqrt etc.       0.75100163018453958                 167.703    1.673

MWIPS                                           7600.571              9.924


# COUNT0: 7600.571
# COUNT1: 0
# COUNT2: MWIPS
# TIME: 9.924
# elapsed: 11.785837
# pid: 1075731
# status: 0

#### Pass 9

Calibrate
       0.00 Seconds          1   Passes (x 100)
       0.01 Seconds          5   Passes (x 100)
       0.04 Seconds         25   Passes (x 100)
       0.17 Seconds        125   Passes (x 100)
       0.83 Seconds        625   Passes (x 100)

Use 7552  passes (x 100)

          Double Precision C/C++ Whetstone Benchmark

Loop content                  Result              MFLOPS      MOPS   Seconds

N1 floating point     -1.12398255667392033      1798.129              0.081
N2 floating point     -1.12187079889294417      2136.549              0.475
N3 if then else        1.00000000000000000                5941.037    0.132
N4 fixed point        12.00000000000000000               36743407895.791    0.000
N5 sin,cos etc.        0.49902937281518261                 185.467    3.388
N6 floating point      0.99999987890802811      1029.141              3.958
N7 assignments         3.00000000000000000                5877.315    0.237
N8 exp,sqrt etc.       0.75100163018453958                 168.207    1.670

MWIPS                                           7596.900              9.941


# COUNT0: 7596.900
# COUNT1: 0
# COUNT2: MWIPS
# TIME: 9.941
# elapsed: 11.806197
# pid: 1075740
# status: 0

#### Pass 10

Calibrate
       0.00 Seconds          1   Passes (x 100)
       0.01 Seconds          5   Passes (x 100)
       0.04 Seconds         25   Passes (x 100)
       0.17 Seconds        125   Passes (x 100)
       0.83 Seconds        625   Passes (x 100)

Use 7533  passes (x 100)

          Double Precision C/C++ Whetstone Benchmark

Loop content                  Result              MFLOPS      MOPS   Seconds

N1 floating point     -1.12398255667392033      1794.497              0.081
N2 floating point     -1.12187079889294417      2136.949              0.474
N3 if then else        1.00000000000000000                5899.090    0.132
N4 fixed point        12.00000000000000000                   0.000   -0.000
N5 sin,cos etc.        0.49902937281518261                 185.456    3.379
N6 floating point      0.99999987890802811      1028.463              3.951
N7 assignments         3.00000000000000000                5902.547    0.236
N8 exp,sqrt etc.       0.75100163018453958                 167.587    1.672

MWIPS                                           7590.040              9.925


# COUNT0: 7590.040
# COUNT1: 0
# COUNT2: MWIPS
# TIME: 9.925
# elapsed: 11.791968
# pid: 1075749
# status: 0

*Dump score:       7579.5
*Dump score:       7582.9
*Dump score:       7582.9
Count score:       7590.0
Count score:       7592.6
Count score:       7592.9
Count score:       7594.2
Count score:       7596.9
Count score:       7600.0
Count score:       7600.6

>>>> Results of 1 copy
>>>> score: 7595.31211468952
>>>> time: 9.922
>>>> iterations: 7


########################################################
Execl Throughput -- 1 copy
==> "/mnt/host0/unixbench/UnixBench/pgms/execl" 30 2>&1 >> "/mnt/host0/unixbench/UnixBench/results/uarf-2025-06-02-05.log"

#### Pass 1


# COUNT0: 35086
# COUNT1: 1
# COUNT2: lps
# elapsed: 29.546368
# pid: 1075758
# status: 0

#### Pass 2


# COUNT0: 35984
# COUNT1: 1
# COUNT2: lps
# elapsed: 29.984729
# pid: 1075767
# status: 0

#### Pass 3


# COUNT0: 34960
# COUNT1: 1
# COUNT2: lps
# elapsed: 29.984560
# pid: 1075776
# status: 0

*Dump score:      34960.0
Count score:      35086.0
Count score:      35984.0

>>>> Results of 1 copy
>>>> score: 1193.7669008707
>>>> time: 29.7655485
>>>> iterations: 2


########################################################
File Copy 1024 bufsize 2000 maxblocks -- 1 copy
==> "/mnt/host0/unixbench/UnixBench/pgms/fstime" -c -t 30 -d "/mnt/host0/unixbench/UnixBench/tmp" -b 1024 -m 2000 2>&1 >> "/mnt/host0/unixbench/UnixBench/results/uarf-2025-06-02-05.log"

#### Pass 1

Write done: 128000 in 2.0989, score 15246
Read done: 151944 in 2.0001, score 18992
Copy done: 954508 in 30.0001, score 7954

# COUNT0: 7954
# COUNT1: 0
# COUNT2: KBps
# TIME: 30.0
# elapsed: 45.118942
# pid: 1075785
# status: 0

#### Pass 2

Write done: 144000 in 2.1196, score 16983
Read done: 164152 in 2.0001, score 20518
Copy done: 927220 in 30.0000, score 7726

# COUNT0: 7726
# COUNT1: 0
# COUNT2: KBps
# TIME: 30.0
# elapsed: 45.136833
# pid: 1075794
# status: 0

#### Pass 3

Write done: 120000 in 2.0126, score 14905
Read done: 122724 in 2.0001, score 15340
Copy done: 897376 in 30.0000, score 7478

# COUNT0: 7478
# COUNT1: 0
# COUNT2: KBps
# TIME: 30.0
# elapsed: 45.032082
# pid: 1075803
# status: 0

*Dump score:       7478.0
Count score:       7726.0
Count score:       7954.0

>>>> Results of 1 copy
>>>> score: 7839.17112965395
>>>> time: 30
>>>> iterations: 2


########################################################
File Copy 256 bufsize 500 maxblocks -- 1 copy
==> "/mnt/host0/unixbench/UnixBench/pgms/fstime" -c -t 30 -d "/mnt/host0/unixbench/UnixBench/tmp" -b 256 -m 500 2>&1 >> "/mnt/host0/unixbench/UnixBench/results/uarf-2025-06-02-05.log"

#### Pass 1

Write done: 30000 in 2.0449, score 3667
Read done: 30681 in 2.0000, score 3835
Copy done: 223854 in 30.0001, score 1865

# COUNT0: 1865
# COUNT1: 0
# COUNT2: KBps
# TIME: 30.0
# elapsed: 45.064298
# pid: 1075812
# status: 0

#### Pass 2

Write done: 34000 in 2.0672, score 4111
Read done: 31140 in 2.0001, score 3892
Copy done: 226514 in 30.0001, score 1887

# COUNT0: 1887
# COUNT1: 0
# COUNT2: KBps
# TIME: 30.0
# elapsed: 45.084927
# pid: 1075822
# status: 0

#### Pass 3

Write done: 32000 in 2.0981, score 3812
Read done: 31056 in 2.0000, score 3881
Copy done: 232189 in 30.0001, score 1934

# COUNT0: 1934
# COUNT1: 0
# COUNT2: KBps
# TIME: 30.0
# elapsed: 45.116822
# pid: 1075831
# status: 0

*Dump score:       1865.0
Count score:       1887.0
Count score:       1934.0

>>>> Results of 1 copy
>>>> score: 1910.35546430501
>>>> time: 30
>>>> iterations: 2


########################################################
File Copy 4096 bufsize 8000 maxblocks -- 1 copy
==> "/mnt/host0/unixbench/UnixBench/pgms/fstime" -c -t 30 -d "/mnt/host0/unixbench/UnixBench/tmp" -b 4096 -m 8000 2>&1 >> "/mnt/host0/unixbench/UnixBench/results/uarf-2025-06-02-05.log"

#### Pass 1

Write done: 480000 in 2.1296, score 56349
Read done: 486288 in 2.0000, score 60785
Copy done: 3513680 in 30.0001, score 29280

# COUNT0: 29280
# COUNT1: 0
# COUNT2: KBps
# TIME: 30.0
# elapsed: 45.152918
# pid: 1075840
# status: 0

#### Pass 2

Write done: 480000 in 2.0962, score 57247
Read done: 476464 in 2.0000, score 59557
Copy done: 3564416 in 30.0001, score 29703

# COUNT0: 29703
# COUNT1: 0
# COUNT2: KBps
# TIME: 30.0
# elapsed: 45.119304
# pid: 1075849
# status: 0

#### Pass 3

Write done: 640000 in 2.0349, score 78628
Read done: 527824 in 2.0001, score 65975
Copy done: 3515456 in 30.0000, score 29295

# COUNT0: 29295
# COUNT1: 0
# COUNT2: KBps
# TIME: 30.0
# elapsed: 45.056096
# pid: 1075858
# status: 0

*Dump score:      29280.0
Count score:      29295.0
Count score:      29703.0

>>>> Results of 1 copy
>>>> score: 29498.2946117229
>>>> time: 30
>>>> iterations: 2


########################################################
Pipe Throughput -- 1 copy
==> "/mnt/host0/unixbench/UnixBench/pgms/pipe" 10 2>&1 >> "/mnt/host0/unixbench/UnixBench/results/uarf-2025-06-02-05.log"

#### Pass 1


# COUNT0: 22980775
# COUNT1: 1
# COUNT2: lps
# elapsed: 10.006412
# pid: 1075867
# status: 0

#### Pass 2


# COUNT0: 22688789
# COUNT1: 1
# COUNT2: lps
# elapsed: 10.006120
# pid: 1075876
# status: 0

#### Pass 3


# COUNT0: 22791739
# COUNT1: 1
# COUNT2: lps
# elapsed: 10.006306
# pid: 1075885
# status: 0

#### Pass 4


# COUNT0: 23044553
# COUNT1: 1
# COUNT2: lps
# elapsed: 10.006179
# pid: 1075894
# status: 0

#### Pass 5


# COUNT0: 23187749
# COUNT1: 1
# COUNT2: lps
# elapsed: 10.006426
# pid: 1075903
# status: 0

#### Pass 6


# COUNT0: 22905669
# COUNT1: 1
# COUNT2: lps
# elapsed: 10.006285
# pid: 1075913
# status: 0

#### Pass 7


# COUNT0: 22505699
# COUNT1: 1
# COUNT2: lps
# elapsed: 10.006423
# pid: 1075922
# status: 0

#### Pass 8


# COUNT0: 22917312
# COUNT1: 1
# COUNT2: lps
# elapsed: 10.006098
# pid: 1075931
# status: 0

#### Pass 9


# COUNT0: 23177653
# COUNT1: 1
# COUNT2: lps
# elapsed: 10.006378
# pid: 1075940
# status: 0

#### Pass 10


# COUNT0: 23219120
# COUNT1: 1
# COUNT2: lps
# elapsed: 10.006188
# pid: 1075949
# status: 0

*Dump score:   22505699.0
*Dump score:   22688789.0
*Dump score:   22791739.0
Count score:   22905669.0
Count score:   22917312.0
Count score:   22980775.0
Count score:   23044553.0
Count score:   23177653.0
Count score:   23187749.0
Count score:   23219120.0

>>>> Results of 1 copy
>>>> score: 2304702.87181179
>>>> time: 10.0062808571429
>>>> iterations: 7


########################################################
Pipe-based Context Switching -- 1 copy
==> "/mnt/host0/unixbench/UnixBench/pgms/context1" 10 2>&1 >> "/mnt/host0/unixbench/UnixBench/results/uarf-2025-06-02-05.log"

#### Pass 1


# COUNT0: 341575
# COUNT1: 1
# COUNT2: lps
# elapsed: 10.006137
# pid: 1075958
# status: 0

#### Pass 2


# COUNT0: 342785
# COUNT1: 1
# COUNT2: lps
# elapsed: 10.005751
# pid: 1075968
# status: 0

#### Pass 3


# COUNT0: 343239
# COUNT1: 1
# COUNT2: lps
# elapsed: 10.006102
# pid: 1075978
# status: 0

#### Pass 4


# COUNT0: 343637
# COUNT1: 1
# COUNT2: lps
# elapsed: 10.006038
# pid: 1075988
# status: 0

#### Pass 5


# COUNT0: 349119
# COUNT1: 1
# COUNT2: lps
# elapsed: 10.006134
# pid: 1075998
# status: 0

#### Pass 6


# COUNT0: 344243
# COUNT1: 1
# COUNT2: lps
# elapsed: 10.005790
# pid: 1076008
# status: 0

#### Pass 7


# COUNT0: 343509
# COUNT1: 1
# COUNT2: lps
# elapsed: 10.005741
# pid: 1076018
# status: 0

#### Pass 8


# COUNT0: 341674
# COUNT1: 1
# COUNT2: lps
# elapsed: 10.006122
# pid: 1076028
# status: 0

#### Pass 9


# COUNT0: 341454
# COUNT1: 1
# COUNT2: lps
# elapsed: 10.005831
# pid: 1076038
# status: 0

#### Pass 10


# COUNT0: 343445
# COUNT1: 1
# COUNT2: lps
# elapsed: 10.006104
# pid: 1076048
# status: 0

*Dump score:     341454.0
*Dump score:     341575.0
*Dump score:     341674.0
Count score:     342785.0
Count score:     343239.0
Count score:     343445.0
Count score:     343509.0
Count score:     343637.0
Count score:     344243.0
Count score:     349119.0

>>>> Results of 1 copy
>>>> score: 34407.1798741198
>>>> time: 10.0059514285714
>>>> iterations: 7


########################################################
Process Creation -- 1 copy
==> "/mnt/host0/unixbench/UnixBench/pgms/spawn" 30 2>&1 >> "/mnt/host0/unixbench/UnixBench/results/uarf-2025-06-02-05.log"

#### Pass 1


# COUNT0: 302705
# COUNT1: 1
# COUNT2: lps
# elapsed: 30.006094
# pid: 1076058
# status: 0

#### Pass 2


# COUNT0: 291528
# COUNT1: 1
# COUNT2: lps
# elapsed: 30.005861
# pid: 1378776
# status: 0

#### Pass 3


# COUNT0: 298676
# COUNT1: 1
# COUNT2: lps
# elapsed: 30.006502
# pid: 1670314
# status: 0

*Dump score:     291528.0
Count score:     298676.0
Count score:     302705.0

>>>> Results of 1 copy
>>>> score: 10020.6880495378
>>>> time: 30.006298
>>>> iterations: 2


########################################################
System Call Overhead -- 1 copy
==> "/mnt/host0/unixbench/UnixBench/pgms/syscall" 10 2>&1 >> "/mnt/host0/unixbench/UnixBench/results/uarf-2025-06-02-05.log"

#### Pass 1


# COUNT0: 29773163
# COUNT1: 1
# COUNT2: lps
# elapsed: 10.006215
# pid: 1969000
# status: 0

#### Pass 2


# COUNT0: 29631374
# COUNT1: 1
# COUNT2: lps
# elapsed: 10.006609
# pid: 1969009
# status: 0

#### Pass 3


# COUNT0: 29739948
# COUNT1: 1
# COUNT2: lps
# elapsed: 10.006002
# pid: 1969019
# status: 0

#### Pass 4


# COUNT0: 29862437
# COUNT1: 1
# COUNT2: lps
# elapsed: 10.006657
# pid: 1969028
# status: 0

#### Pass 5


# COUNT0: 29834782
# COUNT1: 1
# COUNT2: lps
# elapsed: 10.005997
# pid: 1969037
# status: 0

#### Pass 6


# COUNT0: 29710027
# COUNT1: 1
# COUNT2: lps
# elapsed: 10.006462
# pid: 1969046
# status: 0

#### Pass 7


# COUNT0: 29813122
# COUNT1: 1
# COUNT2: lps
# elapsed: 10.005867
# pid: 1969055
# status: 0

#### Pass 8


# COUNT0: 29848575
# COUNT1: 1
# COUNT2: lps
# elapsed: 10.006437
# pid: 1969064
# status: 0

#### Pass 9


# COUNT0: 29452967
# COUNT1: 1
# COUNT2: lps
# elapsed: 10.006050
# pid: 1969073
# status: 0

#### Pass 10


# COUNT0: 29710447
# COUNT1: 1
# COUNT2: lps
# elapsed: 10.006472
# pid: 1969082
# status: 0

*Dump score:   29452967.0
*Dump score:   29631374.0
*Dump score:   29710027.0
Count score:   29710447.0
Count score:   29739948.0
Count score:   29773163.0
Count score:   29813122.0
Count score:   29834782.0
Count score:   29848575.0
Count score:   29862437.0

>>>> Results of 1 copy
>>>> score: 2977888.04882173
>>>> time: 10.0062352857143
>>>> iterations: 7


########################################################
Shell Scripts (1 concurrent) -- 1 copy
==> "/mnt/host0/unixbench/UnixBench/pgms/looper" 60 "/mnt/host0/unixbench/UnixBench/pgms/multi.sh" 1 2>&1 >> "/mnt/host0/unixbench/UnixBench/results/uarf-2025-06-02-05.log"

#### Pass 1


# COUNT0: 2992
# COUNT1: 60
# COUNT2: lpm
# elapsed: 60.019496
# pid: 1969091
# status: 0

#### Pass 2


# COUNT0: 2980
# COUNT1: 60
# COUNT2: lpm
# elapsed: 60.009560
# pid: 1996037
# status: 0

#### Pass 3


# COUNT0: 2985
# COUNT1: 60
# COUNT2: lpm
# elapsed: 60.006214
# pid: 2022876
# status: 0

*Dump score:       2980.0
Count score:       2985.0
Count score:       2992.0

>>>> Results of 1 copy
>>>> score: 2987.85782023604
>>>> time: 60.012855
>>>> iterations: 2


########################################################
Shell Scripts (8 concurrent) -- 1 copy
==> "/mnt/host0/unixbench/UnixBench/pgms/looper" 60 "/mnt/host0/unixbench/UnixBench/pgms/multi.sh" 8 2>&1 >> "/mnt/host0/unixbench/UnixBench/results/uarf-2025-06-02-05.log"

#### Pass 1


# COUNT0: 642
# COUNT1: 60
# COUNT2: lpm
# elapsed: 60.072223
# pid: 2049759
# status: 0

#### Pass 2


# COUNT0: 640
# COUNT1: 60
# COUNT2: lpm
# elapsed: 60.023913
# pid: 2091564
# status: 0

#### Pass 3


# COUNT0: 640
# COUNT1: 60
# COUNT2: lpm
# elapsed: 60.059948
# pid: 2133238
# status: 0

*Dump score:        640.0
Count score:        640.0
Count score:        642.0

>>>> Results of 1 copy
>>>> score: 640.293987509331
>>>> time: 60.0660855
>>>> iterations: 2


########################################################
Dhrystone 2 using register variables -- 2 copies
==> "/mnt/host0/unixbench/UnixBench/pgms/dhry2reg" 10 2>&1 >> "/mnt/host0/unixbench/UnixBench/results/uarf-2025-06-02-05.log"

#### Pass 1


# COUNT0: 309771679
# COUNT1: 1
# COUNT2: lps
# elapsed: 10.007277
# pid: 2174912
# status: 0

# COUNT0: 309785426
# COUNT1: 1
# COUNT2: lps
# elapsed: 10.007933
# pid: 2174914
# status: 0

#### Pass 2


# COUNT0: 312976531
# COUNT1: 1
# COUNT2: lps
# elapsed: 10.006001
# pid: 2174924
# status: 0

# COUNT0: 312965862
# COUNT1: 1
# COUNT2: lps
# elapsed: 10.005250
# pid: 2174926
# status: 0

#### Pass 3


# COUNT0: 311598624
# COUNT1: 1
# COUNT2: lps
# elapsed: 10.007102
# pid: 2174936
# status: 0

# COUNT0: 311606872
# COUNT1: 1
# COUNT2: lps
# elapsed: 10.006931
# pid: 2174938
# status: 0

#### Pass 4


# COUNT0: 313190366
# COUNT1: 1
# COUNT2: lps
# elapsed: 10.007640
# pid: 2174948
# status: 0

# COUNT0: 313150782
# COUNT1: 1
# COUNT2: lps
# elapsed: 10.006968
# pid: 2174950
# status: 0

#### Pass 5


# COUNT0: 313511915
# COUNT1: 1
# COUNT2: lps
# elapsed: 10.007364
# pid: 2174960
# status: 0

# COUNT0: 313501839
# COUNT1: 1
# COUNT2: lps
# elapsed: 10.007168
# pid: 2174962
# status: 0

#### Pass 6


# COUNT0: 311425678
# COUNT1: 1
# COUNT2: lps
# elapsed: 10.007751
# pid: 2174972
# status: 0

# COUNT0: 311478232
# COUNT1: 1
# COUNT2: lps
# elapsed: 10.006854
# pid: 2174974
# status: 0

#### Pass 7


# COUNT0: 314510041
# COUNT1: 1
# COUNT2: lps
# elapsed: 10.007615
# pid: 2174984
# status: 0

# COUNT0: 314493131
# COUNT1: 1
# COUNT2: lps
# elapsed: 10.006901
# pid: 2174986
# status: 0

#### Pass 8


# COUNT0: 308617812
# COUNT1: 1
# COUNT2: lps
# elapsed: 10.006546
# pid: 2174996
# status: 0

# COUNT0: 307440732
# COUNT1: 1
# COUNT2: lps
# elapsed: 10.006231
# pid: 2174998
# status: 0

#### Pass 9


# COUNT0: 313374612
# COUNT1: 1
# COUNT2: lps
# elapsed: 10.007427
# pid: 2175008
# status: 0

# COUNT0: 313403982
# COUNT1: 1
# COUNT2: lps
# elapsed: 10.006774
# pid: 2175010
# status: 0

#### Pass 10


# COUNT0: 313824762
# COUNT1: 1
# COUNT2: lps
# elapsed: 10.007675
# pid: 2175020
# status: 0

# COUNT0: 313770010
# COUNT1: 1
# COUNT2: lps
# elapsed: 10.007009
# pid: 2175022
# status: 0

*Dump score:  616058544.0
*Dump score:  619557105.0
*Dump score:  622903910.0
Count score:  623205496.0
Count score:  625942393.0
Count score:  626341148.0
Count score:  626778594.0
Count score:  627013754.0
Count score:  627594772.0
Count score:  629003172.0

>>>> Sum of 2 copies
>>>> score: 62611452.7434092
>>>> time: 10.0069875
>>>> iterations: 7


########################################################
Double-Precision Whetstone -- 2 copies
==> "/mnt/host0/unixbench/UnixBench/pgms/whetstone-double"  2>&1 >> "/mnt/host0/unixbench/UnixBench/results/uarf-2025-06-02-05.log"

#### Pass 1

Calibrate
       0.00 Seconds          1   Passes (x 100)
       0.01 Seconds          5   Passes (x 100)
       0.05 Seconds         25   Passes (x 100)
       0.19 Seconds        125   Passes (x 100)
       0.97 Seconds        625   Passes (x 100)

Use 6472  passes (x 100)

          Double Precision C/C++ Whetstone Benchmark

Loop content                  Result              MFLOPS      MOPS   Seconds

N1 floating point     -1.12398255667392033      1717.216              0.072
N2 floating point     -1.12187079889294417      2056.138              0.423
N3 if then else        1.00000000000000000                5783.415    0.116
N4 fixed point        12.00000000000000000               83037250842.572    0.000
N5 sin,cos etc.        0.49902937281518261                 144.606    3.724
N6 floating point      0.99999987890802811       998.942              3.495
N7 assignments         3.00000000000000000                2864.437    0.418
N8 exp,sqrt etc.       0.75100163018453958                 147.808    1.629

MWIPS                                           6553.245              9.876

Calibrate
       0.00 Seconds          1   Passes (x 100)
       0.01 Seconds          5   Passes (x 100)
       0.05 Seconds         25   Passes (x 100)
       0.19 Seconds        125   Passes (x 100)
       0.97 Seconds        625   Passes (x 100)

Use 6476  passes (x 100)

          Double Precision C/C++ Whetstone Benchmark

Loop content                  Result              MFLOPS      MOPS   Seconds

N1 floating point     -1.12398255667392033      1717.067              0.072
N2 floating point     -1.12187079889294417      2056.781              0.423
N3 if then else        1.00000000000000000                5783.040    0.116
N4 fixed point        12.00000000000000000               19238668259.119    0.000
N5 sin,cos etc.        0.49902937281518261                 144.687    3.724
N6 floating point      0.99999987890802811       999.146              3.496
N7 assignments         3.00000000000000000                2863.355    0.418
N8 exp,sqrt etc.       0.75100163018453958                 148.049    1.627

MWIPS                                           6556.836              9.877


# COUNT0: 6556.836
# COUNT1: 0
# COUNT2: MWIPS
# TIME: 9.877
# elapsed: 11.843572
# pid: 2175032
# status: 0

# COUNT0: 6553.245
# COUNT1: 0
# COUNT2: MWIPS
# TIME: 9.876
# elapsed: 11.842697
# pid: 2175034
# status: 0

#### Pass 2

Calibrate
       0.00 Seconds          1   Passes (x 100)
       0.01 Seconds          5   Passes (x 100)
       0.04 Seconds         25   Passes (x 100)
       0.19 Seconds        125   Passes (x 100)
       0.96 Seconds        625   Passes (x 100)

Use 6494  passes (x 100)

          Double Precision C/C++ Whetstone Benchmark

Loop content                  Result              MFLOPS      MOPS   Seconds

N1 floating point     -1.12398255667392033      1717.197              0.073
N2 floating point     -1.12187079889294417      2070.459              0.422
N3 if then else        1.00000000000000000                5735.034    0.117
N4 fixed point        12.00000000000000000                   0.000   -0.000
N5 sin,cos etc.        0.49902937281518261                 144.864    3.730
N6 floating point      0.99999987890802811       996.351              3.516
N7 assignments         3.00000000000000000                2885.965    0.416
N8 exp,sqrt etc.       0.75100163018453958                 148.764    1.624

MWIPS                                           6561.926              9.896

Calibrate
       0.00 Seconds          1   Passes (x 100)
       0.01 Seconds          5   Passes (x 100)
       0.04 Seconds         25   Passes (x 100)
       0.19 Seconds        125   Passes (x 100)
       0.96 Seconds        625   Passes (x 100)

Use 6484  passes (x 100)

          Double Precision C/C++ Whetstone Benchmark

Loop content                  Result              MFLOPS      MOPS   Seconds

N1 floating point     -1.12398255667392033      1716.984              0.073
N2 floating point     -1.12187079889294417      2070.438              0.421
N3 if then else        1.00000000000000000                5735.508    0.117
N4 fixed point        12.00000000000000000                   0.000   -0.000
N5 sin,cos etc.        0.49902937281518261                 144.765    3.727
N6 floating point      0.99999987890802811       996.233              3.511
N7 assignments         3.00000000000000000                2884.309    0.415
N8 exp,sqrt etc.       0.75100163018453958                 146.826    1.643

MWIPS                                           6545.634              9.906


# COUNT0: 6545.634
# COUNT1: 0
# COUNT2: MWIPS
# TIME: 9.906
# elapsed: 11.852145
# pid: 2175044
# status: 0

# COUNT0: 6561.926
# COUNT1: 0
# COUNT2: MWIPS
# TIME: 9.896
# elapsed: 11.842279
# pid: 2175046
# status: 0

#### Pass 3

Calibrate
       0.00 Seconds          1   Passes (x 100)
       0.01 Seconds          5   Passes (x 100)
       0.04 Seconds         25   Passes (x 100)
       0.19 Seconds        125   Passes (x 100)
       0.96 Seconds        625   Passes (x 100)

Use 6479  passes (x 100)

          Double Precision C/C++ Whetstone Benchmark

Loop content                  Result              MFLOPS      MOPS   Seconds

N1 floating point     -1.12398255667392033      1709.534              0.073
N2 floating point     -1.12187079889294417      2076.384              0.419
N3 if then else        1.00000000000000000                5739.761    0.117
N4 fixed point        12.00000000000000000                   0.000   -0.000
N5 sin,cos etc.        0.49902937281518261                 145.342    3.709
N6 floating point      0.99999987890802811       997.263              3.504
N7 assignments         3.00000000000000000                2865.113    0.418
N8 exp,sqrt etc.       0.75100163018453958                 149.244    1.615

MWIPS                                           6574.314              9.855

Calibrate
       0.00 Seconds          1   Passes (x 100)
       0.01 Seconds          5   Passes (x 100)
       0.04 Seconds         25   Passes (x 100)
       0.19 Seconds        125   Passes (x 100)
       0.96 Seconds        625   Passes (x 100)

Use 6480  passes (x 100)

          Double Precision C/C++ Whetstone Benchmark

Loop content                  Result              MFLOPS      MOPS   Seconds

N1 floating point     -1.12398255667392033      1709.415              0.073
N2 floating point     -1.12187079889294417      2076.309              0.419
N3 if then else        1.00000000000000000                5740.204    0.117
N4 fixed point        12.00000000000000000                   0.000   -0.000
N5 sin,cos etc.        0.49902937281518261                 145.243    3.712
N6 floating point      0.99999987890802811       997.354              3.505
N7 assignments         3.00000000000000000                2865.179    0.418
N8 exp,sqrt etc.       0.75100163018453958                 149.049    1.617

MWIPS                                           6571.435              9.861


# COUNT0: 6571.435
# COUNT1: 0
# COUNT2: MWIPS
# TIME: 9.861
# elapsed: 11.810929
# pid: 2175056
# status: 0

# COUNT0: 6574.314
# COUNT1: 0
# COUNT2: MWIPS
# TIME: 9.855
# elapsed: 11.804836
# pid: 2175058
# status: 0

#### Pass 4

Calibrate
       0.00 Seconds          1   Passes (x 100)
       0.01 Seconds          5   Passes (x 100)
       0.04 Seconds         25   Passes (x 100)
       0.19 Seconds        125   Passes (x 100)
       0.96 Seconds        625   Passes (x 100)

Use 6532  passes (x 100)

          Double Precision C/C++ Whetstone Benchmark

Loop content                  Result              MFLOPS      MOPS   Seconds

N1 floating point     -1.12398255667392033      1725.562              0.073
N2 floating point     -1.12187079889294417      2083.533              0.421
N3 if then else        1.00000000000000000                5817.583    0.116
N4 fixed point        12.00000000000000000               105678342235.787    0.000
N5 sin,cos etc.        0.49902937281518261                 145.164    3.744
N6 floating point      0.99999987890802811      1001.605              3.518
N7 assignments         3.00000000000000000                2886.409    0.418
N8 exp,sqrt etc.       0.75100163018453958                 150.000    1.620

MWIPS                                           6591.397              9.910

Calibrate
       0.00 Seconds          1   Passes (x 100)
       0.01 Seconds          5   Passes (x 100)
       0.04 Seconds         25   Passes (x 100)
       0.19 Seconds        125   Passes (x 100)
       0.96 Seconds        625   Passes (x 100)

Use 6532  passes (x 100)

          Double Precision C/C++ Whetstone Benchmark

Loop content                  Result              MFLOPS      MOPS   Seconds

N1 floating point     -1.12398255667392033      1725.762              0.073
N2 floating point     -1.12187079889294417      2083.894              0.421
N3 if then else        1.00000000000000000                5819.136    0.116
N4 fixed point        12.00000000000000000                   0.000   -0.000
N5 sin,cos etc.        0.49902937281518261                 145.058    3.747
N6 floating point      0.99999987890802811      1001.550              3.518
N7 assignments         3.00000000000000000                2888.661    0.418
N8 exp,sqrt etc.       0.75100163018453958                 149.743    1.623

MWIPS                                           6587.893              9.915


# COUNT0: 6591.397
# COUNT1: 0
# COUNT2: MWIPS
# TIME: 9.910
# elapsed: 11.851357
# pid: 2175069
# status: 0

# COUNT0: 6587.893
# COUNT1: 0
# COUNT2: MWIPS
# TIME: 9.915
# elapsed: 11.855762
# pid: 2175071
# status: 0

#### Pass 5

Calibrate
       0.00 Seconds          1   Passes (x 100)
       0.01 Seconds          5   Passes (x 100)
       0.04 Seconds         25   Passes (x 100)
       0.20 Seconds        125   Passes (x 100)
       0.96 Seconds        625   Passes (x 100)

Use 6488  passes (x 100)

          Double Precision C/C++ Whetstone Benchmark

Loop content                  Result              MFLOPS      MOPS   Seconds

N1 floating point     -1.12398255667392033      1724.245              0.072
N2 floating point     -1.12187079889294417      2061.718              0.423
N3 if then else        1.00000000000000000                5790.454    0.116
N4 fixed point        12.00000000000000000               457123643758.753    0.000
N5 sin,cos etc.        0.49902937281518261                 145.033    3.722
N6 floating point      0.99999987890802811      1001.498              3.494
N7 assignments         3.00000000000000000                2836.975    0.423
N8 exp,sqrt etc.       0.75100163018453958                 148.375    1.627

MWIPS                                           6568.957              9.877

Calibrate
       0.00 Seconds          1   Passes (x 100)
       0.01 Seconds          5   Passes (x 100)
       0.04 Seconds         25   Passes (x 100)
       0.20 Seconds        125   Passes (x 100)
       0.96 Seconds        625   Passes (x 100)

Use 6487  passes (x 100)

          Double Precision C/C++ Whetstone Benchmark

Loop content                  Result              MFLOPS      MOPS   Seconds

N1 floating point     -1.12398255667392033      1724.022              0.072
N2 floating point     -1.12187079889294417      2062.624              0.423
N3 if then else        1.00000000000000000                5790.564    0.116
N4 fixed point        12.00000000000000000                   0.000   -0.000
N5 sin,cos etc.        0.49902937281518261                 144.930    3.724
N6 floating point      0.99999987890802811      1001.619              3.493
N7 assignments         3.00000000000000000                2837.035    0.423
N8 exp,sqrt etc.       0.75100163018453958                 148.222    1.628

MWIPS                                           6566.505              9.879


# COUNT0: 6568.957
# COUNT1: 0
# COUNT2: MWIPS
# TIME: 9.877
# elapsed: 11.822959
# pid: 2175081
# status: 0

# COUNT0: 6566.505
# COUNT1: 0
# COUNT2: MWIPS
# TIME: 9.879
# elapsed: 11.824312
# pid: 2175083
# status: 0

#### Pass 6

Calibrate
       0.00 Seconds          1   Passes (x 100)
       0.01 Seconds          5   Passes (x 100)
       0.04 Seconds         25   Passes (x 100)
       0.20 Seconds        125   Passes (x 100)
       0.96 Seconds        625   Passes (x 100)

Use 6519  passes (x 100)

          Double Precision C/C++ Whetstone Benchmark

Loop content                  Result              MFLOPS      MOPS   Seconds

N1 floating point     -1.12398255667392033      1718.626              0.073
N2 floating point     -1.12187079889294417      2065.893              0.424
N3 if then else        1.00000000000000000                5727.648    0.118
N4 fixed point        12.00000000000000000               78288072507.550    0.000
N5 sin,cos etc.        0.49902937281518261                 145.808    3.720
N6 floating point      0.99999987890802811      1002.920              3.506
N7 assignments         3.00000000000000000                2874.136    0.419
N8 exp,sqrt etc.       0.75100163018453958                 149.205    1.625

MWIPS                                           6594.734              9.885

Calibrate
       0.00 Seconds          1   Passes (x 100)
       0.01 Seconds          5   Passes (x 100)
       0.04 Seconds         25   Passes (x 100)
       0.20 Seconds        125   Passes (x 100)
       0.96 Seconds        625   Passes (x 100)

Use 6516  passes (x 100)

          Double Precision C/C++ Whetstone Benchmark

Loop content                  Result              MFLOPS      MOPS   Seconds

N1 floating point     -1.12398255667392033      1718.080              0.073
N2 floating point     -1.12187079889294417      2065.965              0.424
N3 if then else        1.00000000000000000                5726.807    0.118
N4 fixed point        12.00000000000000000               20492879871.427    0.000
N5 sin,cos etc.        0.49902937281518261                 145.654    3.722
N6 floating point      0.99999987890802811      1002.791              3.505
N7 assignments         3.00000000000000000                2870.340    0.420
N8 exp,sqrt etc.       0.75100163018453958                 148.995    1.627

MWIPS                                           6589.896              9.888


# COUNT0: 6589.896
# COUNT1: 0
# COUNT2: MWIPS
# TIME: 9.888
# elapsed: 11.834410
# pid: 2175093
# status: 0

# COUNT0: 6594.734
# COUNT1: 0
# COUNT2: MWIPS
# TIME: 9.885
# elapsed: 11.830825
# pid: 2175095
# status: 0

#### Pass 7

Calibrate
       0.00 Seconds          1   Passes (x 100)
       0.01 Seconds          5   Passes (x 100)
       0.04 Seconds         25   Passes (x 100)
       0.20 Seconds        125   Passes (x 100)
       0.96 Seconds        625   Passes (x 100)

Use 6533  passes (x 100)

          Double Precision C/C++ Whetstone Benchmark

Loop content                  Result              MFLOPS      MOPS   Seconds

N1 floating point     -1.12398255667392033      1725.295              0.073
N2 floating point     -1.12187079889294417      2063.082              0.426
N3 if then else        1.00000000000000000                5780.676    0.117
N4 fixed point        12.00000000000000000               32918283942.262    0.000
N5 sin,cos etc.        0.49902937281518261                 145.477    3.736
N6 floating point      0.99999987890802811      1000.514              3.522
N7 assignments         3.00000000000000000                2882.860    0.419
N8 exp,sqrt etc.       0.75100163018453958                 149.518    1.625

MWIPS                                           6587.116              9.918

Calibrate
       0.00 Seconds          1   Passes (x 100)
       0.01 Seconds          5   Passes (x 100)
       0.04 Seconds         25   Passes (x 100)
       0.20 Seconds        125   Passes (x 100)
       0.96 Seconds        625   Passes (x 100)

Use 6537  passes (x 100)

          Double Precision C/C++ Whetstone Benchmark

Loop content                  Result              MFLOPS      MOPS   Seconds

N1 floating point     -1.12398255667392033      1725.319              0.073
N2 floating point     -1.12187079889294417      2063.026              0.426
N3 if then else        1.00000000000000000                5781.550    0.117
N4 fixed point        12.00000000000000000                   0.000   -0.000
N5 sin,cos etc.        0.49902937281518261                 145.335    3.742
N6 floating point      0.99999987890802811      1000.489              3.524
N7 assignments         3.00000000000000000                2882.196    0.419
N8 exp,sqrt etc.       0.75100163018453958                 149.341    1.628

MWIPS                                           6583.301              9.930


# COUNT0: 6587.116
# COUNT1: 0
# COUNT2: MWIPS
# TIME: 9.918
# elapsed: 11.864366
# pid: 2175105
# status: 0

# COUNT0: 6583.301
# COUNT1: 0
# COUNT2: MWIPS
# TIME: 9.930
# elapsed: 11.875299
# pid: 2175107
# status: 0

#### Pass 8

Calibrate
       0.00 Seconds          1   Passes (x 100)
       0.01 Seconds          5   Passes (x 100)
       0.04 Seconds         25   Passes (x 100)
       0.19 Seconds        125   Passes (x 100)
       0.97 Seconds        625   Passes (x 100)

Use 6472  passes (x 100)

          Double Precision C/C++ Whetstone Benchmark

Loop content                  Result              MFLOPS      MOPS   Seconds

N1 floating point     -1.12398255667392033      1720.028              0.072
N2 floating point     -1.12187079889294417      2063.063              0.422
N3 if then else        1.00000000000000000                5773.445    0.116
N4 fixed point        12.00000000000000000               23468634577.804    0.000
N5 sin,cos etc.        0.49902937281518261                 145.977    3.689
N6 floating point      0.99999987890802811      1004.126              3.477
N7 assignments         3.00000000000000000                2867.947    0.417
N8 exp,sqrt etc.       0.75100163018453958                 148.861    1.617

MWIPS                                           6597.579              9.810

Calibrate
       0.00 Seconds          1   Passes (x 100)
       0.01 Seconds          5   Passes (x 100)
       0.04 Seconds         25   Passes (x 100)
       0.19 Seconds        125   Passes (x 100)
       0.97 Seconds        625   Passes (x 100)

Use 6471  passes (x 100)

          Double Precision C/C++ Whetstone Benchmark

Loop content                  Result              MFLOPS      MOPS   Seconds

N1 floating point     -1.12398255667392033      1719.853              0.072
N2 floating point     -1.12187079889294417      2062.808              0.422
N3 if then else        1.00000000000000000                5773.645    0.116
N4 fixed point        12.00000000000000000               17150634521.822    0.000
N5 sin,cos etc.        0.49902937281518261                 145.878    3.691
N6 floating point      0.99999987890802811      1004.259              3.476
N7 assignments         3.00000000000000000                2867.930    0.417
N8 exp,sqrt etc.       0.75100163018453958                 148.658    1.619

MWIPS                                           6594.691              9.812


# COUNT0: 6594.691
# COUNT1: 0
# COUNT2: MWIPS
# TIME: 9.812
# elapsed: 11.755705
# pid: 2175117
# status: 0

# COUNT0: 6597.579
# COUNT1: 0
# COUNT2: MWIPS
# TIME: 9.810
# elapsed: 11.752622
# pid: 2175119
# status: 0

#### Pass 9

Calibrate
       0.00 Seconds          1   Passes (x 100)
       0.01 Seconds          5   Passes (x 100)
       0.04 Seconds         25   Passes (x 100)
       0.19 Seconds        125   Passes (x 100)
       0.96 Seconds        625   Passes (x 100)

Use 6493  passes (x 100)

          Double Precision C/C++ Whetstone Benchmark

Loop content                  Result              MFLOPS      MOPS   Seconds

N1 floating point     -1.12398255667392033      1719.962              0.072
N2 floating point     -1.12187079889294417      2079.057              0.420
N3 if then else        1.00000000000000000                5819.206    0.115
N4 fixed point        12.00000000000000000                   0.000   -0.000
N5 sin,cos etc.        0.49902937281518261                 145.267    3.719
N6 floating point      0.99999987890802811       999.360              3.505
N7 assignments         3.00000000000000000                2865.168    0.419
N8 exp,sqrt etc.       0.75100163018453958                 149.253    1.618

MWIPS                                           6579.748              9.868

Calibrate
       0.00 Seconds          1   Passes (x 100)
       0.01 Seconds          5   Passes (x 100)
       0.04 Seconds         25   Passes (x 100)
       0.19 Seconds        125   Passes (x 100)
       0.96 Seconds        625   Passes (x 100)

Use 6489  passes (x 100)

          Double Precision C/C++ Whetstone Benchmark

Loop content                  Result              MFLOPS      MOPS   Seconds

N1 floating point     -1.12398255667392033      1720.018              0.072
N2 floating point     -1.12187079889294417      2078.088              0.420
N3 if then else        1.00000000000000000                5820.105    0.115
N4 fixed point        12.00000000000000000                   0.000   -0.000
N5 sin,cos etc.        0.49902937281518261                 145.374    3.714
N6 floating point      0.99999987890802811       999.355              3.502
N7 assignments         3.00000000000000000                2864.278    0.419
N8 exp,sqrt etc.       0.75100163018453958                 147.389    1.638

MWIPS                                           6567.729              9.880


# COUNT0: 6579.748
# COUNT1: 0
# COUNT2: MWIPS
# TIME: 9.868
# elapsed: 11.810313
# pid: 2175129
# status: 0

# COUNT0: 6567.729
# COUNT1: 0
# COUNT2: MWIPS
# TIME: 9.880
# elapsed: 11.821604
# pid: 2175130
# status: 0

#### Pass 10

Calibrate
       0.00 Seconds          1   Passes (x 100)
       0.01 Seconds          5   Passes (x 100)
       0.04 Seconds         25   Passes (x 100)
       0.19 Seconds        125   Passes (x 100)
       0.95 Seconds        625   Passes (x 100)

Use 6564  passes (x 100)

          Double Precision C/C++ Whetstone Benchmark

Loop content                  Result              MFLOPS      MOPS   Seconds

N1 floating point     -1.12398255667392033      1737.873              0.073
N2 floating point     -1.12187079889294417      2094.561              0.421
N3 if then else        1.00000000000000000                5869.472    0.116
N4 fixed point        12.00000000000000000                   0.000   -0.000
N5 sin,cos etc.        0.49902937281518261                 145.193    3.761
N6 floating point      0.99999987890802811       998.599              3.546
N7 assignments         3.00000000000000000                2839.463    0.427
N8 exp,sqrt etc.       0.75100163018453958                 148.617    1.643

MWIPS                                           6572.787              9.987

Calibrate
       0.00 Seconds          1   Passes (x 100)
       0.01 Seconds          5   Passes (x 100)
       0.04 Seconds         25   Passes (x 100)
       0.19 Seconds        125   Passes (x 100)
       0.95 Seconds        625   Passes (x 100)

Use 6563  passes (x 100)

          Double Precision C/C++ Whetstone Benchmark

Loop content                  Result              MFLOPS      MOPS   Seconds

N1 floating point     -1.12398255667392033      1737.711              0.073
N2 floating point     -1.12187079889294417      2094.649              0.421
N3 if then else        1.00000000000000000                5869.955    0.116
N4 fixed point        12.00000000000000000                   0.000   -0.000
N5 sin,cos etc.        0.49902937281518261                 145.081    3.764
N6 floating point      0.99999987890802811       998.587              3.545
N7 assignments         3.00000000000000000                2838.559    0.427
N8 exp,sqrt etc.       0.75100163018453958                 148.401    1.645

MWIPS                                           6569.189              9.991


# COUNT0: 6569.189
# COUNT1: 0
# COUNT2: MWIPS
# TIME: 9.991
# elapsed: 11.920466
# pid: 2175141
# status: 0

# COUNT0: 6572.787
# COUNT1: 0
# COUNT2: MWIPS
# TIME: 9.987
# elapsed: 11.916442
# pid: 2175143
# status: 0

*Dump score:      13107.6
*Dump score:      13110.1
*Dump score:      13135.5
Count score:      13142.0
Count score:      13145.7
Count score:      13147.5
Count score:      13170.4
Count score:      13179.3
Count score:      13184.6
Count score:      13192.3

>>>> Sum of 2 copies
>>>> score: 13165.9588053622
>>>> time: 9.89357142857143
>>>> iterations: 7


########################################################
Execl Throughput -- 2 copies
==> "/mnt/host0/unixbench/UnixBench/pgms/execl" 30 2>&1 >> "/mnt/host0/unixbench/UnixBench/results/uarf-2025-06-02-05.log"

#### Pass 1


# COUNT0: 26861
# COUNT1: 1
# COUNT2: lps
# elapsed: 29.745880
# pid: 2175153
# status: 0

# COUNT0: 26894
# COUNT1: 1
# COUNT2: lps
# elapsed: 29.744435
# pid: 2175155
# status: 0

#### Pass 2


# COUNT0: 26951
# COUNT1: 1
# COUNT2: lps
# elapsed: 29.979075
# pid: 2175165
# status: 0

# COUNT0: 26940
# COUNT1: 1
# COUNT2: lps
# elapsed: 29.977587
# pid: 2175167
# status: 0

#### Pass 3


# COUNT0: 27015
# COUNT1: 1
# COUNT2: lps
# elapsed: 29.976411
# pid: 2175177
# status: 0

# COUNT0: 27025
# COUNT1: 1
# COUNT2: lps
# elapsed: 29.975191
# pid: 2175178
# status: 0

*Dump score:      53755.0
Count score:      53891.0
Count score:      54040.0

>>>> Sum of 2 copies
>>>> score: 1800.22449908764
>>>> time: 29.977066
>>>> iterations: 2


########################################################
File Copy 1024 bufsize 2000 maxblocks -- 2 copies
==> "/mnt/host0/unixbench/UnixBench/pgms/fstime" -c -t 30 -d "/mnt/host0/unixbench/UnixBench/tmp" -b 1024 -m 2000 2>&1 >> "/mnt/host0/unixbench/UnixBench/results/uarf-2025-06-02-05.log"

#### Pass 1

Write done: 112000 in 2.1081, score 13282
Read done: 115588 in 2.0001, score 14448
Copy done: 791260 in 30.0001, score 6593
Write done: 112000 in 2.1175, score 13223
Read done: 116024 in 2.0000, score 14502
Copy done: 790848 in 30.0001, score 6590

# COUNT0: 6593
# COUNT1: 0
# COUNT2: KBps
# TIME: 30.0
# elapsed: 45.133168
# pid: 2175189
# status: 0

# COUNT0: 6590
# COUNT1: 0
# COUNT2: KBps
# TIME: 30.0
# elapsed: 45.139006
# pid: 2175191
# status: 0

#### Pass 2

Write done: 104000 in 2.0427, score 12728
Read done: 112400 in 2.0001, score 14049
Copy done: 783440 in 30.0002, score 6528
Write done: 104000 in 2.0640, score 12597
Read done: 112964 in 2.0001, score 14120
Copy done: 780812 in 30.0001, score 6506

# COUNT0: 6506
# COUNT1: 0
# COUNT2: KBps
# TIME: 30.0
# elapsed: 45.087644
# pid: 2175201
# status: 0

# COUNT0: 6528
# COUNT1: 0
# COUNT2: KBps
# TIME: 30.0
# elapsed: 45.067049
# pid: 2175203
# status: 0

#### Pass 3

Write done: 112000 in 2.0865, score 13419
Read done: 103056 in 2.0001, score 12881
Copy done: 764752 in 30.0001, score 6372
Write done: 112000 in 2.0895, score 13400
Read done: 101192 in 2.0001, score 12648
Copy done: 767868 in 30.0011, score 6398

# COUNT0: 6398
# COUNT1: 0
# COUNT2: KBps
# TIME: 30.0
# elapsed: 45.114670
# pid: 2175213
# status: 0

# COUNT0: 6372
# COUNT1: 0
# COUNT2: KBps
# TIME: 30.0
# elapsed: 45.110553
# pid: 2175215
# status: 0

*Dump score:      12770.0
Count score:      13034.0
Count score:      13183.0

>>>> Sum of 2 copies
>>>> score: 13108.2882940527
>>>> time: 30
>>>> iterations: 2


########################################################
File Copy 256 bufsize 500 maxblocks -- 2 copies
==> "/mnt/host0/unixbench/UnixBench/pgms/fstime" -c -t 30 -d "/mnt/host0/unixbench/UnixBench/tmp" -b 256 -m 500 2>&1 >> "/mnt/host0/unixbench/UnixBench/results/uarf-2025-06-02-05.log"

#### Pass 1

Write done: 28000 in 2.0565, score 3403
Read done: 28476 in 2.0000, score 3559
Copy done: 199402 in 30.0001, score 1661
Write done: 28000 in 2.0548, score 3406
Read done: 28486 in 2.0000, score 3560
Copy done: 198573 in 30.0001, score 1654

# COUNT0: 1654
# COUNT1: 0
# COUNT2: KBps
# TIME: 30.0
# elapsed: 45.078399
# pid: 2175226
# status: 0

# COUNT0: 1661
# COUNT1: 0
# COUNT2: KBps
# TIME: 30.0
# elapsed: 45.077393
# pid: 2175228
# status: 0

#### Pass 2

Write done: 28000 in 2.0688, score 3383
Read done: 25911 in 2.0001, score 3238
Copy done: 202256 in 30.0001, score 1685
Write done: 28000 in 2.0742, score 3374
Read done: 25553 in 2.0001, score 3193
Copy done: 202337 in 30.0001, score 1686

# COUNT0: 1685
# COUNT1: 0
# COUNT2: KBps
# TIME: 30.0
# elapsed: 45.096438
# pid: 2175238
# status: 0

# COUNT0: 1686
# COUNT1: 0
# COUNT2: KBps
# TIME: 30.0
# elapsed: 45.099582
# pid: 2175240
# status: 0

#### Pass 3

Write done: 28000 in 2.1274, score 3290
Read done: 27057 in 2.0000, score 3382
Copy done: 195566 in 30.0001, score 1629
Write done: 28000 in 2.1457, score 3262
Read done: 27179 in 2.0001, score 3397
Copy done: 195969 in 30.0001, score 1633

# COUNT0: 1629
# COUNT1: 0
# COUNT2: KBps
# TIME: 30.0
# elapsed: 45.151534
# pid: 2175250
# status: 0

# COUNT0: 1633
# COUNT1: 0
# COUNT2: KBps
# TIME: 30.0
# elapsed: 45.168161
# pid: 2175252
# status: 0

*Dump score:       3262.0
Count score:       3315.0
Count score:       3371.0

>>>> Sum of 2 copies
>>>> score: 3342.88273799725
>>>> time: 30
>>>> iterations: 2


########################################################
File Copy 4096 bufsize 8000 maxblocks -- 2 copies
==> "/mnt/host0/unixbench/UnixBench/pgms/fstime" -c -t 30 -d "/mnt/host0/unixbench/UnixBench/tmp" -b 4096 -m 8000 2>&1 >> "/mnt/host0/unixbench/UnixBench/results/uarf-2025-06-02-05.log"

#### Pass 1

Write done: 416000 in 2.0413, score 50946
Read done: 417488 in 2.0001, score 52183
Copy done: 2859344 in 30.0002, score 23827
Write done: 416000 in 2.0463, score 50823
Read done: 407872 in 2.0001, score 50981
Copy done: 2848176 in 30.0001, score 23734

# COUNT0: 23827
# COUNT1: 0
# COUNT2: KBps
# TIME: 30.0
# elapsed: 45.071282
# pid: 2175262
# status: 0

# COUNT0: 23734
# COUNT1: 0
# COUNT2: KBps
# TIME: 30.0
# elapsed: 45.073065
# pid: 2175264
# status: 0

#### Pass 2

Write done: 448000 in 2.1713, score 51581
Read done: 401184 in 2.0000, score 50147
Copy done: 2946944 in 30.0001, score 24557
Write done: 448000 in 2.1819, score 51330
Read done: 407760 in 2.0000, score 50969
Copy done: 2942912 in 30.0001, score 24524

# COUNT0: 24524
# COUNT1: 0
# COUNT2: KBps
# TIME: 30.0
# elapsed: 45.208469
# pid: 2175274
# status: 0

# COUNT0: 24557
# COUNT1: 0
# COUNT2: KBps
# TIME: 30.0
# elapsed: 45.200344
# pid: 2175276
# status: 0

#### Pass 3

Write done: 448000 in 2.1293, score 52598
Read done: 413184 in 2.0000, score 51647
Copy done: 2903248 in 30.0001, score 24193
Write done: 448000 in 2.1301, score 52580
Read done: 415856 in 2.0001, score 51978
Copy done: 2903152 in 30.0001, score 24192

# COUNT0: 24192
# COUNT1: 0
# COUNT2: KBps
# TIME: 30.0
# elapsed: 45.165786
# pid: 2175286
# status: 0

# COUNT0: 24193
# COUNT1: 0
# COUNT2: KBps
# TIME: 30.0
# elapsed: 45.164742
# pid: 2175288
# status: 0

*Dump score:      47561.0
Count score:      48385.0
Count score:      49081.0

>>>> Sum of 2 copies
>>>> score: 48731.7574585609
>>>> time: 30
>>>> iterations: 2


########################################################
Pipe Throughput -- 2 copies
==> "/mnt/host0/unixbench/UnixBench/pgms/pipe" 10 2>&1 >> "/mnt/host0/unixbench/UnixBench/results/uarf-2025-06-02-05.log"

#### Pass 1


# COUNT0: 16589555
# COUNT1: 1
# COUNT2: lps
# elapsed: 10.007369
# pid: 2175298
# status: 0

# COUNT0: 16591091
# COUNT1: 1
# COUNT2: lps
# elapsed: 10.006989
# pid: 2175300
# status: 0

#### Pass 2


# COUNT0: 16727981
# COUNT1: 1
# COUNT2: lps
# elapsed: 10.007347
# pid: 2175310
# status: 0

# COUNT0: 16725014
# COUNT1: 1
# COUNT2: lps
# elapsed: 10.006505
# pid: 2175312
# status: 0

#### Pass 3


# COUNT0: 16686831
# COUNT1: 1
# COUNT2: lps
# elapsed: 10.007431
# pid: 2175323
# status: 0

# COUNT0: 16687184
# COUNT1: 1
# COUNT2: lps
# elapsed: 10.006659
# pid: 2175325
# status: 0

#### Pass 4


# COUNT0: 16664470
# COUNT1: 1
# COUNT2: lps
# elapsed: 10.007851
# pid: 2175335
# status: 0

# COUNT0: 16662644
# COUNT1: 1
# COUNT2: lps
# elapsed: 10.007216
# pid: 2175337
# status: 0

#### Pass 5


# COUNT0: 16575160
# COUNT1: 1
# COUNT2: lps
# elapsed: 10.007132
# pid: 2175347
# status: 0

# COUNT0: 16577142
# COUNT1: 1
# COUNT2: lps
# elapsed: 10.007010
# pid: 2175349
# status: 0

#### Pass 6


# COUNT0: 16647642
# COUNT1: 1
# COUNT2: lps
# elapsed: 10.007531
# pid: 2175359
# status: 0

# COUNT0: 16648846
# COUNT1: 1
# COUNT2: lps
# elapsed: 10.006881
# pid: 2175361
# status: 0

#### Pass 7


# COUNT0: 16660220
# COUNT1: 1
# COUNT2: lps
# elapsed: 10.006317
# pid: 2175371
# status: 0

# COUNT0: 16660608
# COUNT1: 1
# COUNT2: lps
# elapsed: 10.006030
# pid: 2175372
# status: 0

#### Pass 8


# COUNT0: 16727238
# COUNT1: 1
# COUNT2: lps
# elapsed: 10.007612
# pid: 2175383
# status: 0

# COUNT0: 16727940
# COUNT1: 1
# COUNT2: lps
# elapsed: 10.006878
# pid: 2175385
# status: 0

#### Pass 9


# COUNT0: 16543527
# COUNT1: 1
# COUNT2: lps
# elapsed: 10.008456
# pid: 2175395
# status: 0

# COUNT0: 16545659
# COUNT1: 1
# COUNT2: lps
# elapsed: 10.006908
# pid: 2175397
# status: 0

#### Pass 10


# COUNT0: 16604735
# COUNT1: 1
# COUNT2: lps
# elapsed: 10.007149
# pid: 2175407
# status: 0

# COUNT0: 16603434
# COUNT1: 1
# COUNT2: lps
# elapsed: 10.006782
# pid: 2175409
# status: 0

*Dump score:   33089186.0
*Dump score:   33152302.0
*Dump score:   33180646.0
Count score:   33208169.0
Count score:   33296488.0
Count score:   33320828.0
Count score:   33327114.0
Count score:   33374015.0
Count score:   33452995.0
Count score:   33455178.0

>>>> Sum of 2 copies
>>>> score: 3332435.49369906
>>>> time: 10.0070135
>>>> iterations: 7


########################################################
Pipe-based Context Switching -- 2 copies
==> "/mnt/host0/unixbench/UnixBench/pgms/context1" 10 2>&1 >> "/mnt/host0/unixbench/UnixBench/results/uarf-2025-06-02-05.log"

#### Pass 1


# COUNT0: 2457894
# COUNT1: 1
# COUNT2: lps
# elapsed: 10.007288
# pid: 2175419
# status: 0

# COUNT0: 2447396
# COUNT1: 1
# COUNT2: lps
# elapsed: 10.007088
# pid: 2175421
# status: 0

#### Pass 2


# COUNT0: 2446807
# COUNT1: 1
# COUNT2: lps
# elapsed: 10.007214
# pid: 2175433
# status: 0

# COUNT0: 2441450
# COUNT1: 1
# COUNT2: lps
# elapsed: 10.007399
# pid: 2175435
# status: 0

#### Pass 3


# COUNT0: 2471038
# COUNT1: 1
# COUNT2: lps
# elapsed: 10.007098
# pid: 2175447
# status: 0

# COUNT0: 2469442
# COUNT1: 1
# COUNT2: lps
# elapsed: 10.006456
# pid: 2175449
# status: 0

#### Pass 4


# COUNT0: 2426664
# COUNT1: 1
# COUNT2: lps
# elapsed: 10.007013
# pid: 2175461
# status: 0

# COUNT0: 2427732
# COUNT1: 1
# COUNT2: lps
# elapsed: 10.006420
# pid: 2175462
# status: 0

#### Pass 5


# COUNT0: 2437989
# COUNT1: 1
# COUNT2: lps
# elapsed: 10.006945
# pid: 2175475
# status: 0

# COUNT0: 2456918
# COUNT1: 1
# COUNT2: lps
# elapsed: 10.006480
# pid: 2175477
# status: 0

#### Pass 6


# COUNT0: 2438696
# COUNT1: 1
# COUNT2: lps
# elapsed: 10.007226
# pid: 2175489
# status: 0

# COUNT0: 2445479
# COUNT1: 1
# COUNT2: lps
# elapsed: 10.007192
# pid: 2175491
# status: 0

#### Pass 7


# COUNT0: 2453119
# COUNT1: 1
# COUNT2: lps
# elapsed: 10.007270
# pid: 2175503
# status: 0

# COUNT0: 2446925
# COUNT1: 1
# COUNT2: lps
# elapsed: 10.008101
# pid: 2175505
# status: 0

#### Pass 8


# COUNT0: 2395717
# COUNT1: 1
# COUNT2: lps
# elapsed: 10.007609
# pid: 2175517
# status: 0

# COUNT0: 2396545
# COUNT1: 1
# COUNT2: lps
# elapsed: 10.006404
# pid: 2175519
# status: 0

#### Pass 9


# COUNT0: 2468123
# COUNT1: 1
# COUNT2: lps
# elapsed: 10.007647
# pid: 2175531
# status: 0

# COUNT0: 2438406
# COUNT1: 1
# COUNT2: lps
# elapsed: 10.007114
# pid: 2175533
# status: 0

#### Pass 10


# COUNT0: 2420214
# COUNT1: 1
# COUNT2: lps
# elapsed: 10.007461
# pid: 2175545
# status: 0

# COUNT0: 2459371
# COUNT1: 1
# COUNT2: lps
# elapsed: 10.008214
# pid: 2175547
# status: 0

*Dump score:    4792262.0
*Dump score:    4854396.0
*Dump score:    4879585.0
Count score:    4884175.0
Count score:    4888257.0
Count score:    4894907.0
Count score:    4900044.0
Count score:    4905290.0
Count score:    4906529.0
Count score:    4940480.0

>>>> Sum of 2 copies
>>>> score: 489926.406961196
>>>> time: 10.0071798571429
>>>> iterations: 7


########################################################
Process Creation -- 2 copies
==> "/mnt/host0/unixbench/UnixBench/pgms/spawn" 30 2>&1 >> "/mnt/host0/unixbench/UnixBench/results/uarf-2025-06-02-05.log"

#### Pass 1


# COUNT0: 351483
# COUNT1: 1
# COUNT2: lps
# elapsed: 30.007264
# pid: 2175559
# status: 0

# COUNT0: 353674
# COUNT1: 1
# COUNT2: lps
# elapsed: 30.007814
# pid: 2175561
# status: 0

#### Pass 2


# COUNT0: 350581
# COUNT1: 1
# COUNT2: lps
# elapsed: 30.007667
# pid: 2880730
# status: 0

# COUNT0: 350537
# COUNT1: 1
# COUNT2: lps
# elapsed: 30.008417
# pid: 2880732
# status: 0

#### Pass 3


# COUNT0: 356732
# COUNT1: 1
# COUNT2: lps
# elapsed: 30.007424
# pid: 3581862
# status: 0

# COUNT0: 353797
# COUNT1: 1
# COUNT2: lps
# elapsed: 30.006658
# pid: 3581864
# status: 0

*Dump score:     701118.0
Count score:     705157.0
Count score:     710529.0

>>>> Sum of 2 copies
>>>> score: 23588.8646999534
>>>> time: 30.00729
>>>> iterations: 2


########################################################
System Call Overhead -- 2 copies
==> "/mnt/host0/unixbench/UnixBench/pgms/syscall" 10 2>&1 >> "/mnt/host0/unixbench/UnixBench/results/uarf-2025-06-02-05.log"

#### Pass 1


# COUNT0: 20184479
# COUNT1: 1
# COUNT2: lps
# elapsed: 10.007585
# pid: 98402
# status: 0

# COUNT0: 20185077
# COUNT1: 1
# COUNT2: lps
# elapsed: 10.007709
# pid: 98404
# status: 0

#### Pass 2


# COUNT0: 20166952
# COUNT1: 1
# COUNT2: lps
# elapsed: 10.007741
# pid: 98414
# status: 0

# COUNT0: 20166968
# COUNT1: 1
# COUNT2: lps
# elapsed: 10.007099
# pid: 98416
# status: 0

#### Pass 3


# COUNT0: 20386074
# COUNT1: 1
# COUNT2: lps
# elapsed: 10.007499
# pid: 98426
# status: 0

# COUNT0: 20386287
# COUNT1: 1
# COUNT2: lps
# elapsed: 10.007027
# pid: 98428
# status: 0

#### Pass 4


# COUNT0: 20259899
# COUNT1: 1
# COUNT2: lps
# elapsed: 10.006989
# pid: 98438
# status: 0

# COUNT0: 20263585
# COUNT1: 1
# COUNT2: lps
# elapsed: 10.006631
# pid: 98440
# status: 0

#### Pass 5


# COUNT0: 20272694
# COUNT1: 1
# COUNT2: lps
# elapsed: 10.007300
# pid: 98450
# status: 0

# COUNT0: 20277396
# COUNT1: 1
# COUNT2: lps
# elapsed: 10.007055
# pid: 98452
# status: 0

#### Pass 6


# COUNT0: 20184730
# COUNT1: 1
# COUNT2: lps
# elapsed: 10.007403
# pid: 98462
# status: 0

# COUNT0: 20184285
# COUNT1: 1
# COUNT2: lps
# elapsed: 10.006521
# pid: 98464
# status: 0

#### Pass 7


# COUNT0: 20252672
# COUNT1: 1
# COUNT2: lps
# elapsed: 10.007244
# pid: 98474
# status: 0

# COUNT0: 20247362
# COUNT1: 1
# COUNT2: lps
# elapsed: 10.006588
# pid: 98476
# status: 0

#### Pass 8


# COUNT0: 20288309
# COUNT1: 1
# COUNT2: lps
# elapsed: 10.007299
# pid: 98486
# status: 0

# COUNT0: 20290542
# COUNT1: 1
# COUNT2: lps
# elapsed: 10.006920
# pid: 98487
# status: 0

#### Pass 9


# COUNT0: 20132461
# COUNT1: 1
# COUNT2: lps
# elapsed: 10.007247
# pid: 98498
# status: 0

# COUNT0: 20129254
# COUNT1: 1
# COUNT2: lps
# elapsed: 10.007033
# pid: 98500
# status: 0

#### Pass 10


# COUNT0: 20259892
# COUNT1: 1
# COUNT2: lps
# elapsed: 10.007755
# pid: 98510
# status: 0

# COUNT0: 20260527
# COUNT1: 1
# COUNT2: lps
# elapsed: 10.006931
# pid: 98512
# status: 0

*Dump score:   40261715.0
*Dump score:   40333920.0
*Dump score:   40369015.0
Count score:   40369556.0
Count score:   40500034.0
Count score:   40520419.0
Count score:   40523484.0
Count score:   40550090.0
Count score:   40578851.0
Count score:   40772361.0

>>>> Sum of 2 copies
>>>> score: 4051572.43439241
>>>> time: 10.0071808571429
>>>> iterations: 7


########################################################
Shell Scripts (1 concurrent) -- 2 copies
==> "/mnt/host0/unixbench/UnixBench/pgms/looper" 60 "/mnt/host0/unixbench/UnixBench/pgms/multi.sh" 1 2>&1 >> "/mnt/host0/unixbench/UnixBench/results/uarf-2025-06-02-05.log"

#### Pass 1


# COUNT0: 2040
# COUNT1: 60
# COUNT2: lpm
# elapsed: 60.008568
# pid: 98522
# status: 0

# COUNT0: 2042
# COUNT1: 60
# COUNT2: lpm
# elapsed: 60.022949
# pid: 98524
# status: 0

#### Pass 2


# COUNT0: 2038
# COUNT1: 60
# COUNT2: lpm
# elapsed: 60.027663
# pid: 135291
# status: 0

# COUNT0: 2037
# COUNT1: 60
# COUNT2: lpm
# elapsed: 60.006684
# pid: 135293
# status: 0

#### Pass 3


# COUNT0: 2048
# COUNT1: 60
# COUNT2: lpm
# elapsed: 60.018174
# pid: 171996
# status: 0

# COUNT0: 2047
# COUNT1: 60
# COUNT2: lpm
# elapsed: 60.022538
# pid: 171998
# status: 0

*Dump score:       4075.0
Count score:       4082.0
Count score:       4095.0

>>>> Sum of 2 copies
>>>> score: 4087.26475670513
>>>> time: 60.01805725
>>>> iterations: 2


########################################################
Shell Scripts (8 concurrent) -- 2 copies
==> "/mnt/host0/unixbench/UnixBench/pgms/looper" 60 "/mnt/host0/unixbench/UnixBench/pgms/multi.sh" 8 2>&1 >> "/mnt/host0/unixbench/UnixBench/results/uarf-2025-06-02-05.log"

#### Pass 1


# COUNT0: 334
# COUNT1: 60
# COUNT2: lpm
# elapsed: 60.113125
# pid: 208882
# status: 0

# COUNT0: 334
# COUNT1: 60
# COUNT2: lpm
# elapsed: 60.110664
# pid: 208884
# status: 0

#### Pass 2


# COUNT0: 333
# COUNT1: 60
# COUNT2: lpm
# elapsed: 60.031229
# pid: 252444
# status: 0

# COUNT0: 333
# COUNT1: 60
# COUNT2: lpm
# elapsed: 60.035931
# pid: 252446
# status: 0

#### Pass 3


# COUNT0: 335
# COUNT1: 60
# COUNT2: lpm
# elapsed: 60.148562
# pid: 295876
# status: 0

# COUNT0: 335
# COUNT1: 60
# COUNT2: lpm
# elapsed: 60.150041
# pid: 295878
# status: 0

*Dump score:        666.0
Count score:        668.0
Count score:        670.0

>>>> Sum of 2 copies
>>>> score: 667.546281490712
>>>> time: 60.130598
>>>> iterations: 2

