
########################################################
Dhrystone 2 using register variables -- 1 copy
==> "/mnt/host0/unixbench/UnixBench/pgms/dhry2reg" 10 2>&1 >> "/mnt/host0/unixbench/UnixBench/results/uarf-2025-06-04-03.log"

#### Pass 1


# COUNT0: 477996169
# COUNT1: 1
# COUNT2: lps
# elapsed: 10.006473
# pid: 1102793
# status: 0

#### Pass 2


# COUNT0: 478542650
# COUNT1: 1
# COUNT2: lps
# elapsed: 10.006101
# pid: 1102802
# status: 0

#### Pass 3


# COUNT0: 478682466
# COUNT1: 1
# COUNT2: lps
# elapsed: 10.006381
# pid: 1102811
# status: 0

#### Pass 4


# COUNT0: 478973830
# COUNT1: 1
# COUNT2: lps
# elapsed: 10.006060
# pid: 1102820
# status: 0

#### Pass 5


# COUNT0: 473480207
# COUNT1: 1
# COUNT2: lps
# elapsed: 10.006424
# pid: 1102831
# status: 0

#### Pass 6


# COUNT0: 478729156
# COUNT1: 1
# COUNT2: lps
# elapsed: 10.006586
# pid: 1102840
# status: 0

#### Pass 7


# COUNT0: 477653370
# COUNT1: 1
# COUNT2: lps
# elapsed: 10.007005
# pid: 1102849
# status: 0

#### Pass 8


# COUNT0: 479102464
# COUNT1: 1
# COUNT2: lps
# elapsed: 10.006009
# pid: 1102858
# status: 0

#### Pass 9


# COUNT0: 479514567
# COUNT1: 1
# COUNT2: lps
# elapsed: 10.006310
# pid: 1102867
# status: 0

#### Pass 10


# COUNT0: 479089186
# COUNT1: 1
# COUNT2: lps
# elapsed: 10.006039
# pid: 1102876
# status: 0

*Dump score:  473480207.0
*Dump score:  477653370.0
*Dump score:  477996169.0
Count score:  478542650.0
Count score:  478682466.0
Count score:  478729156.0
Count score:  478973830.0
Count score:  479089186.0
Count score:  479102464.0
Count score:  479514567.0

>>>> Results of 1 copy
>>>> score: 47865031.2058734
>>>> time: 10.0062122857143
>>>> iterations: 7


########################################################
Double-Precision Whetstone -- 1 copy
==> "/mnt/host0/unixbench/UnixBench/pgms/whetstone-double"  2>&1 >> "/mnt/host0/unixbench/UnixBench/results/uarf-2025-06-04-03.log"

#### Pass 1

Calibrate
       0.00 Seconds          1   Passes (x 100)
       0.01 Seconds          5   Passes (x 100)
       0.04 Seconds         25   Passes (x 100)
       0.17 Seconds        125   Passes (x 100)
       0.83 Seconds        625   Passes (x 100)

Use 7523  passes (x 100)

          Double Precision C/C++ Whetstone Benchmark

Loop content                  Result              MFLOPS      MOPS   Seconds

N1 floating point     -1.12398255667392033      1796.714              0.080
N2 floating point     -1.12187079889294417      2148.264              0.471
N3 if then else        1.00000000000000000                5902.472    0.132
N4 fixed point        12.00000000000000000               21593937903.973    0.000
N5 sin,cos etc.        0.49902937281518261                 185.163    3.380
N6 floating point      0.99999987890802811      1028.299              3.946
N7 assignments         3.00000000000000000                5865.736    0.237
N8 exp,sqrt etc.       0.75100163018453958                 168.582    1.660

MWIPS                                           7593.930              9.907


# COUNT0: 7593.930
# COUNT1: 0
# COUNT2: MWIPS
# TIME: 9.907
# elapsed: 11.771717
# pid: 1102885
# status: 0

#### Pass 2

Calibrate
       0.00 Seconds          1   Passes (x 100)
       0.01 Seconds          5   Passes (x 100)
       0.04 Seconds         25   Passes (x 100)
       0.17 Seconds        125   Passes (x 100)
       0.83 Seconds        625   Passes (x 100)

Use 7537  passes (x 100)

          Double Precision C/C++ Whetstone Benchmark

Loop content                  Result              MFLOPS      MOPS   Seconds

N1 floating point     -1.12398255667392033      1800.369              0.080
N2 floating point     -1.12187079889294417      2140.171              0.473
N3 if then else        1.00000000000000000                5899.730    0.132
N4 fixed point        12.00000000000000000               49160386259.364    0.000
N5 sin,cos etc.        0.49902937281518261                 185.136    3.387
N6 floating point      0.99999987890802811      1028.573              3.953
N7 assignments         3.00000000000000000                5872.218    0.237
N8 exp,sqrt etc.       0.75100163018453958                 168.118    1.668

MWIPS                                           7589.763              9.930


# COUNT0: 7589.763
# COUNT1: 0
# COUNT2: MWIPS
# TIME: 9.930
# elapsed: 11.795889
# pid: 1102894
# status: 0

#### Pass 3

Calibrate
       0.00 Seconds          1   Passes (x 100)
       0.01 Seconds          5   Passes (x 100)
       0.04 Seconds         25   Passes (x 100)
       0.17 Seconds        125   Passes (x 100)
       0.83 Seconds        625   Passes (x 100)

Use 7534  passes (x 100)

          Double Precision C/C++ Whetstone Benchmark

Loop content                  Result              MFLOPS      MOPS   Seconds

N1 floating point     -1.12398255667392033      1797.688              0.080
N2 floating point     -1.12187079889294417      2138.740              0.473
N3 if then else        1.00000000000000000                5934.769    0.131
N4 fixed point        12.00000000000000000               23972055776.582    0.000
N5 sin,cos etc.        0.49902937281518261                 185.196    3.385
N6 floating point      0.99999987890802811      1028.207              3.952
N7 assignments         3.00000000000000000                5895.955    0.236
N8 exp,sqrt etc.       0.75100163018453958                 167.705    1.671

MWIPS                                           7587.370              9.930


# COUNT0: 7587.370
# COUNT1: 0
# COUNT2: MWIPS
# TIME: 9.930
# elapsed: 11.794206
# pid: 1102903
# status: 0

#### Pass 4

Calibrate
       0.00 Seconds          1   Passes (x 100)
       0.01 Seconds          5   Passes (x 100)
       0.04 Seconds         25   Passes (x 100)
       0.17 Seconds        125   Passes (x 100)
       0.83 Seconds        625   Passes (x 100)

Use 7530  passes (x 100)

          Double Precision C/C++ Whetstone Benchmark

Loop content                  Result              MFLOPS      MOPS   Seconds

N1 floating point     -1.12398255667392033      1799.700              0.080
N2 floating point     -1.12187079889294417      2141.885              0.472
N3 if then else        1.00000000000000000                5829.044    0.134
N4 fixed point        12.00000000000000000                   0.000   -0.000
N5 sin,cos etc.        0.49902937281518261                 184.969    3.387
N6 floating point      0.99999987890802811      1027.852              3.952
N7 assignments         3.00000000000000000                5883.855    0.237
N8 exp,sqrt etc.       0.75100163018453958                 166.792    1.679

MWIPS                                           7574.592              9.941


# COUNT0: 7574.592
# COUNT1: 0
# COUNT2: MWIPS
# TIME: 9.941
# elapsed: 11.802976
# pid: 1102912
# status: 0

#### Pass 5

Calibrate
       0.00 Seconds          1   Passes (x 100)
       0.01 Seconds          5   Passes (x 100)
       0.04 Seconds         25   Passes (x 100)
       0.17 Seconds        125   Passes (x 100)
       0.83 Seconds        625   Passes (x 100)

Use 7512  passes (x 100)

          Double Precision C/C++ Whetstone Benchmark

Loop content                  Result              MFLOPS      MOPS   Seconds

N1 floating point     -1.12398255667392033      1796.203              0.080
N2 floating point     -1.12187079889294417      2141.151              0.472
N3 if then else        1.00000000000000000                5886.259    0.132
N4 fixed point        12.00000000000000000               35365227338.470    0.000
N5 sin,cos etc.        0.49902937281518261                 185.004    3.378
N6 floating point      0.99999987890802811      1027.982              3.942
N7 assignments         3.00000000000000000                5881.953    0.236
N8 exp,sqrt etc.       0.75100163018453958                 167.563    1.668

MWIPS                                           7582.055              9.908


# COUNT0: 7582.055
# COUNT1: 0
# COUNT2: MWIPS
# TIME: 9.908
# elapsed: 11.771520
# pid: 1102921
# status: 0

#### Pass 6

Calibrate
       0.00 Seconds          1   Passes (x 100)
       0.01 Seconds          5   Passes (x 100)
       0.04 Seconds         25   Passes (x 100)
       0.17 Seconds        125   Passes (x 100)
       0.83 Seconds        625   Passes (x 100)

Use 7526  passes (x 100)

          Double Precision C/C++ Whetstone Benchmark

Loop content                  Result              MFLOPS      MOPS   Seconds

N1 floating point     -1.12398255667392033      1798.489              0.080
N2 floating point     -1.12187079889294417      2140.887              0.472
N3 if then else        1.00000000000000000                5957.847    0.131
N4 fixed point        12.00000000000000000                   0.000   -0.000
N5 sin,cos etc.        0.49902937281518261                 185.462    3.376
N6 floating point      0.99999987890802811      1029.157              3.945
N7 assignments         3.00000000000000000                5900.814    0.236
N8 exp,sqrt etc.       0.75100163018453958                 168.114    1.665

MWIPS                                           7597.918              9.905


# COUNT0: 7597.918
# COUNT1: 0
# COUNT2: MWIPS
# TIME: 9.905
# elapsed: 11.767786
# pid: 1102930
# status: 0

#### Pass 7

Calibrate
       0.00 Seconds          1   Passes (x 100)
       0.01 Seconds          5   Passes (x 100)
       0.04 Seconds         25   Passes (x 100)
       0.17 Seconds        125   Passes (x 100)
       0.83 Seconds        625   Passes (x 100)

Use 7547  passes (x 100)

          Double Precision C/C++ Whetstone Benchmark

Loop content                  Result              MFLOPS      MOPS   Seconds

N1 floating point     -1.12398255667392033      1796.192              0.081
N2 floating point     -1.12187079889294417      2135.714              0.475
N3 if then else        1.00000000000000000                5918.028    0.132
N4 fixed point        12.00000000000000000                   0.000   -0.000
N5 sin,cos etc.        0.49902937281518261                 185.266    3.389
N6 floating point      0.99999987890802811      1029.299              3.955
N7 assignments         3.00000000000000000                5856.728    0.238
N8 exp,sqrt etc.       0.75100163018453958                 168.410    1.667

MWIPS                                           7594.851              9.937


# COUNT0: 7594.851
# COUNT1: 0
# COUNT2: MWIPS
# TIME: 9.937
# elapsed: 11.802769
# pid: 1102939
# status: 0

#### Pass 8

Calibrate
       0.00 Seconds          1   Passes (x 100)
       0.01 Seconds          5   Passes (x 100)
       0.04 Seconds         25   Passes (x 100)
       0.17 Seconds        125   Passes (x 100)
       0.83 Seconds        625   Passes (x 100)

Use 7554  passes (x 100)

          Double Precision C/C++ Whetstone Benchmark

Loop content                  Result              MFLOPS      MOPS   Seconds

N1 floating point     -1.12398255667392033      1795.977              0.081
N2 floating point     -1.12187079889294417      2139.587              0.475
N3 if then else        1.00000000000000000                5966.099    0.131
N4 fixed point        12.00000000000000000               31027371346.212    0.000
N5 sin,cos etc.        0.49902937281518261                 185.170    3.394
N6 floating point      0.99999987890802811      1028.611              3.961
N7 assignments         3.00000000000000000                5897.224    0.237
N8 exp,sqrt etc.       0.75100163018453958                 168.442    1.668

MWIPS                                           7594.449              9.947


# COUNT0: 7594.449
# COUNT1: 0
# COUNT2: MWIPS
# TIME: 9.947
# elapsed: 11.812168
# pid: 1102948
# status: 0

#### Pass 9

Calibrate
       0.00 Seconds          1   Passes (x 100)
       0.01 Seconds          5   Passes (x 100)
       0.05 Seconds         25   Passes (x 100)
       0.17 Seconds        125   Passes (x 100)
       0.83 Seconds        625   Passes (x 100)

Use 7542  passes (x 100)

          Double Precision C/C++ Whetstone Benchmark

Loop content                  Result              MFLOPS      MOPS   Seconds

N1 floating point     -1.12398255667392033      1795.625              0.081
N2 floating point     -1.12187079889294417      2140.537              0.474
N3 if then else        1.00000000000000000                5918.820    0.132
N4 fixed point        12.00000000000000000               56431981162.027    0.000
N5 sin,cos etc.        0.49902937281518261                 185.142    3.389
N6 floating point      0.99999987890802811      1029.523              3.951
N7 assignments         3.00000000000000000                5894.280    0.236
N8 exp,sqrt etc.       0.75100163018453958                 167.677    1.673

MWIPS                                           7590.181              9.937


# COUNT0: 7590.181
# COUNT1: 0
# COUNT2: MWIPS
# TIME: 9.937
# elapsed: 11.801083
# pid: 1102957
# status: 0

#### Pass 10

Calibrate
       0.00 Seconds          1   Passes (x 100)
       0.01 Seconds          5   Passes (x 100)
       0.04 Seconds         25   Passes (x 100)
       0.17 Seconds        125   Passes (x 100)
       0.83 Seconds        625   Passes (x 100)

Use 7549  passes (x 100)

          Double Precision C/C++ Whetstone Benchmark

Loop content                  Result              MFLOPS      MOPS   Seconds

N1 floating point     -1.12398255667392033      1799.124              0.081
N2 floating point     -1.12187079889294417      2139.257              0.474
N3 if then else        1.00000000000000000                5928.754    0.132
N4 fixed point        12.00000000000000000                   0.000   -0.000
N5 sin,cos etc.        0.49902937281518261                 185.556    3.385
N6 floating point      0.99999987890802811      1029.827              3.954
N7 assignments         3.00000000000000000                5892.647    0.237
N8 exp,sqrt etc.       0.75100163018453958                 168.663    1.665

MWIPS                                           7604.367              9.927


# COUNT0: 7604.367
# COUNT1: 0
# COUNT2: MWIPS
# TIME: 9.927
# elapsed: 11.789103
# pid: 1102966
# status: 0

*Dump score:       7574.6
*Dump score:       7582.1
*Dump score:       7587.4
Count score:       7589.8
Count score:       7590.2
Count score:       7593.9
Count score:       7594.4
Count score:       7594.9
Count score:       7597.9
Count score:       7604.4

>>>> Results of 1 copy
>>>> score: 7595.06417676551
>>>> time: 9.92714285714286
>>>> iterations: 7


########################################################
Execl Throughput -- 1 copy
==> "/mnt/host0/unixbench/UnixBench/pgms/execl" 30 2>&1 >> "/mnt/host0/unixbench/UnixBench/results/uarf-2025-06-04-03.log"

#### Pass 1


# COUNT0: 37211
# COUNT1: 1
# COUNT2: lps
# elapsed: 29.877906
# pid: 1102975
# status: 0

#### Pass 2


# COUNT0: 37519
# COUNT1: 1
# COUNT2: lps
# elapsed: 29.983368
# pid: 1102984
# status: 0

#### Pass 3


# COUNT0: 36998
# COUNT1: 1
# COUNT2: lps
# elapsed: 29.985560
# pid: 1102993
# status: 0

*Dump score:      36998.0
Count score:      37211.0
Count score:      37519.0

>>>> Results of 1 copy
>>>> score: 1248.37772848182
>>>> time: 29.930637
>>>> iterations: 2


########################################################
File Copy 1024 bufsize 2000 maxblocks -- 1 copy
==> "/mnt/host0/unixbench/UnixBench/pgms/fstime" -c -t 30 -d "/mnt/host0/unixbench/UnixBench/tmp" -b 1024 -m 2000 2>&1 >> "/mnt/host0/unixbench/UnixBench/results/uarf-2025-06-04-03.log"

#### Pass 1

Write done: 128000 in 2.1050, score 15201
Read done: 151192 in 2.0000, score 18898
Copy done: 916532 in 30.0001, score 7637

# COUNT0: 7637
# COUNT1: 0
# COUNT2: KBps
# TIME: 30.0
# elapsed: 45.128542
# pid: 1103002
# status: 0

#### Pass 2

Write done: 120000 in 2.0346, score 14745
Read done: 120380 in 2.0001, score 15046
Copy done: 939168 in 30.0001, score 7826

# COUNT0: 7826
# COUNT1: 0
# COUNT2: KBps
# TIME: 30.0
# elapsed: 45.055046
# pid: 1103012
# status: 0

#### Pass 3

Write done: 152000 in 2.1379, score 17774
Read done: 123788 in 2.0001, score 15473
Copy done: 908404 in 30.0001, score 7570

# COUNT0: 7570
# COUNT1: 0
# COUNT2: KBps
# TIME: 30.0
# elapsed: 45.156072
# pid: 1103021
# status: 0

*Dump score:       7570.0
Count score:       7637.0
Count score:       7826.0

>>>> Results of 1 copy
>>>> score: 7730.92245466218
>>>> time: 30
>>>> iterations: 2


########################################################
File Copy 256 bufsize 500 maxblocks -- 1 copy
==> "/mnt/host0/unixbench/UnixBench/pgms/fstime" -c -t 30 -d "/mnt/host0/unixbench/UnixBench/tmp" -b 256 -m 500 2>&1 >> "/mnt/host0/unixbench/UnixBench/results/uarf-2025-06-04-03.log"

#### Pass 1

Write done: 32000 in 2.0596, score 3884
Read done: 30749 in 2.0001, score 3843
Copy done: 226550 in 30.0001, score 1887

# COUNT0: 1887
# COUNT1: 0
# COUNT2: KBps
# TIME: 30.0
# elapsed: 45.079268
# pid: 1103030
# status: 0

#### Pass 2

Write done: 30000 in 2.0051, score 3740
Read done: 30650 in 2.0000, score 3831
Copy done: 228693 in 30.0001, score 1905

# COUNT0: 1905
# COUNT1: 0
# COUNT2: KBps
# TIME: 30.0
# elapsed: 45.023709
# pid: 1103039
# status: 0

#### Pass 3

Write done: 42000 in 2.0116, score 5219
Read done: 32863 in 2.0000, score 4107
Copy done: 234624 in 30.0000, score 1955

# COUNT0: 1955
# COUNT1: 0
# COUNT2: KBps
# TIME: 30.0
# elapsed: 45.029722
# pid: 1103048
# status: 0

*Dump score:       1887.0
Count score:       1905.0
Count score:       1955.0

>>>> Results of 1 copy
>>>> score: 1929.83807610898
>>>> time: 30
>>>> iterations: 2


########################################################
File Copy 4096 bufsize 8000 maxblocks -- 1 copy
==> "/mnt/host0/unixbench/UnixBench/pgms/fstime" -c -t 30 -d "/mnt/host0/unixbench/UnixBench/tmp" -b 4096 -m 8000 2>&1 >> "/mnt/host0/unixbench/UnixBench/results/uarf-2025-06-04-03.log"

#### Pass 1

Write done: 480000 in 2.0930, score 57333
Read done: 481648 in 2.0001, score 60203
Copy done: 3570816 in 30.0001, score 29756

# COUNT0: 29756
# COUNT1: 0
# COUNT2: KBps
# TIME: 30.0
# elapsed: 45.115209
# pid: 1103057
# status: 0

#### Pass 2

Write done: 576000 in 2.1290, score 67636
Read done: 472448 in 2.0000, score 59054
Copy done: 3765632 in 30.0001, score 31380

# COUNT0: 31380
# COUNT1: 0
# COUNT2: KBps
# TIME: 30.0
# elapsed: 45.149904
# pid: 1103067
# status: 0

#### Pass 3

Write done: 480000 in 2.0807, score 57673
Read done: 466304 in 2.0000, score 58286
Copy done: 3631824 in 30.0001, score 30265

# COUNT0: 30265
# COUNT1: 0
# COUNT2: KBps
# TIME: 30.0
# elapsed: 45.103412
# pid: 1103076
# status: 0

*Dump score:      29756.0
Count score:      30265.0
Count score:      31380.0

>>>> Results of 1 copy
>>>> score: 30817.4577147434
>>>> time: 30
>>>> iterations: 2


########################################################
Pipe Throughput -- 1 copy
==> "/mnt/host0/unixbench/UnixBench/pgms/pipe" 10 2>&1 >> "/mnt/host0/unixbench/UnixBench/results/uarf-2025-06-04-03.log"

#### Pass 1


# COUNT0: 23242976
# COUNT1: 1
# COUNT2: lps
# elapsed: 10.006357
# pid: 1103085
# status: 0

#### Pass 2


# COUNT0: 22891328
# COUNT1: 1
# COUNT2: lps
# elapsed: 10.006126
# pid: 1103095
# status: 0

#### Pass 3


# COUNT0: 23000655
# COUNT1: 1
# COUNT2: lps
# elapsed: 10.006520
# pid: 1103104
# status: 0

#### Pass 4


# COUNT0: 23213213
# COUNT1: 1
# COUNT2: lps
# elapsed: 10.006499
# pid: 1103113
# status: 0

#### Pass 5


# COUNT0: 22680687
# COUNT1: 1
# COUNT2: lps
# elapsed: 10.006352
# pid: 1103122
# status: 0

#### Pass 6


# COUNT0: 23211932
# COUNT1: 1
# COUNT2: lps
# elapsed: 10.006501
# pid: 1103131
# status: 0

#### Pass 7


# COUNT0: 23272136
# COUNT1: 1
# COUNT2: lps
# elapsed: 10.006056
# pid: 1103140
# status: 0

#### Pass 8


# COUNT0: 23092192
# COUNT1: 1
# COUNT2: lps
# elapsed: 10.006334
# pid: 1103149
# status: 0

#### Pass 9


# COUNT0: 23313110
# COUNT1: 1
# COUNT2: lps
# elapsed: 10.006414
# pid: 1103158
# status: 0

#### Pass 10


# COUNT0: 22839991
# COUNT1: 1
# COUNT2: lps
# elapsed: 10.006393
# pid: 1103167
# status: 0

*Dump score:   22680687.0
*Dump score:   22839991.0
*Dump score:   22891328.0
Count score:   23000655.0
Count score:   23092192.0
Count score:   23211932.0
Count score:   23213213.0
Count score:   23242976.0
Count score:   23272136.0
Count score:   23313110.0

>>>> Results of 1 copy
>>>> score: 2317730.27095537
>>>> time: 10.006383
>>>> iterations: 7


########################################################
Pipe-based Context Switching -- 1 copy
==> "/mnt/host0/unixbench/UnixBench/pgms/context1" 10 2>&1 >> "/mnt/host0/unixbench/UnixBench/results/uarf-2025-06-04-03.log"

#### Pass 1


# COUNT0: 350728
# COUNT1: 1
# COUNT2: lps
# elapsed: 10.005970
# pid: 1103176
# status: 0

#### Pass 2


# COUNT0: 354375
# COUNT1: 1
# COUNT2: lps
# elapsed: 10.005785
# pid: 1103186
# status: 0

#### Pass 3


# COUNT0: 356776
# COUNT1: 1
# COUNT2: lps
# elapsed: 10.005780
# pid: 1103196
# status: 0

#### Pass 4


# COUNT0: 356430
# COUNT1: 1
# COUNT2: lps
# elapsed: 10.005777
# pid: 1103206
# status: 0

#### Pass 5


# COUNT0: 357723
# COUNT1: 1
# COUNT2: lps
# elapsed: 10.005846
# pid: 1103216
# status: 0

#### Pass 6


# COUNT0: 353116
# COUNT1: 1
# COUNT2: lps
# elapsed: 10.006152
# pid: 1103226
# status: 0

#### Pass 7


# COUNT0: 351661
# COUNT1: 1
# COUNT2: lps
# elapsed: 10.005862
# pid: 1103236
# status: 0

#### Pass 8


# COUNT0: 356951
# COUNT1: 1
# COUNT2: lps
# elapsed: 10.006129
# pid: 1103246
# status: 0

#### Pass 9


# COUNT0: 352814
# COUNT1: 1
# COUNT2: lps
# elapsed: 10.005782
# pid: 1103257
# status: 0

#### Pass 10


# COUNT0: 353166
# COUNT1: 1
# COUNT2: lps
# elapsed: 10.006106
# pid: 1103267
# status: 0

*Dump score:     350728.0
*Dump score:     351661.0
*Dump score:     352814.0
Count score:     353116.0
Count score:     353166.0
Count score:     354375.0
Count score:     356430.0
Count score:     356776.0
Count score:     356951.0
Count score:     357723.0

>>>> Results of 1 copy
>>>> score: 35528.9857190616
>>>> time: 10.0059392857143
>>>> iterations: 7


########################################################
Process Creation -- 1 copy
==> "/mnt/host0/unixbench/UnixBench/pgms/spawn" 30 2>&1 >> "/mnt/host0/unixbench/UnixBench/results/uarf-2025-06-04-03.log"

#### Pass 1


# COUNT0: 304362
# COUNT1: 1
# COUNT2: lps
# elapsed: 30.006148
# pid: 1103277
# status: 0

#### Pass 2


# COUNT0: 310981
# COUNT1: 1
# COUNT2: lps
# elapsed: 30.006461
# pid: 1407649
# status: 0

#### Pass 3


# COUNT0: 301290
# COUNT1: 1
# COUNT2: lps
# elapsed: 30.006429
# pid: 1718640
# status: 0

*Dump score:     301290.0
Count score:     304362.0
Count score:     310981.0

>>>> Results of 1 copy
>>>> score: 10252.9686720148
>>>> time: 30.0063045
>>>> iterations: 2


########################################################
System Call Overhead -- 1 copy
==> "/mnt/host0/unixbench/UnixBench/pgms/syscall" 10 2>&1 >> "/mnt/host0/unixbench/UnixBench/results/uarf-2025-06-04-03.log"

#### Pass 1


# COUNT0: 28966460
# COUNT1: 1
# COUNT2: lps
# elapsed: 10.005920
# pid: 2019940
# status: 0

#### Pass 2


# COUNT0: 29786477
# COUNT1: 1
# COUNT2: lps
# elapsed: 10.006136
# pid: 2019949
# status: 0

#### Pass 3


# COUNT0: 29532257
# COUNT1: 1
# COUNT2: lps
# elapsed: 10.006042
# pid: 2019958
# status: 0

#### Pass 4


# COUNT0: 29614830
# COUNT1: 1
# COUNT2: lps
# elapsed: 10.006314
# pid: 2019967
# status: 0

#### Pass 5


# COUNT0: 29708627
# COUNT1: 1
# COUNT2: lps
# elapsed: 10.006175
# pid: 2019976
# status: 0

#### Pass 6


# COUNT0: 29542929
# COUNT1: 1
# COUNT2: lps
# elapsed: 10.006408
# pid: 2019985
# status: 0

#### Pass 7


# COUNT0: 29465353
# COUNT1: 1
# COUNT2: lps
# elapsed: 10.006048
# pid: 2019994
# status: 0

#### Pass 8


# COUNT0: 29616018
# COUNT1: 1
# COUNT2: lps
# elapsed: 10.006091
# pid: 2020003
# status: 0

#### Pass 9


# COUNT0: 29780142
# COUNT1: 1
# COUNT2: lps
# elapsed: 10.005903
# pid: 2020012
# status: 0

#### Pass 10


# COUNT0: 29526338
# COUNT1: 1
# COUNT2: lps
# elapsed: 10.006609
# pid: 2020021
# status: 0

*Dump score:   28966460.0
*Dump score:   29465353.0
*Dump score:   29526338.0
Count score:   29532257.0
Count score:   29542929.0
Count score:   29614830.0
Count score:   29616018.0
Count score:   29708627.0
Count score:   29780142.0
Count score:   29786477.0

>>>> Results of 1 copy
>>>> score: 2963607.40348814
>>>> time: 10.0061527142857
>>>> iterations: 7


########################################################
Shell Scripts (1 concurrent) -- 1 copy
==> "/mnt/host0/unixbench/UnixBench/pgms/looper" 60 "/mnt/host0/unixbench/UnixBench/pgms/multi.sh" 1 2>&1 >> "/mnt/host0/unixbench/UnixBench/results/uarf-2025-06-04-03.log"

#### Pass 1


# COUNT0: 3024
# COUNT1: 60
# COUNT2: lpm
# elapsed: 60.016831
# pid: 2020030
# status: 0

#### Pass 2


# COUNT0: 3044
# COUNT1: 60
# COUNT2: lpm
# elapsed: 60.008760
# pid: 2047265
# status: 0

#### Pass 3


# COUNT0: 3030
# COUNT1: 60
# COUNT2: lpm
# elapsed: 60.015170
# pid: 2074679
# status: 0

*Dump score:       3024.0
Count score:       3030.0
Count score:       3044.0

>>>> Results of 1 copy
>>>> score: 3036.386431088
>>>> time: 60.011965
>>>> iterations: 2


########################################################
Shell Scripts (8 concurrent) -- 1 copy
==> "/mnt/host0/unixbench/UnixBench/pgms/looper" 60 "/mnt/host0/unixbench/UnixBench/pgms/multi.sh" 8 2>&1 >> "/mnt/host0/unixbench/UnixBench/results/uarf-2025-06-04-03.log"

#### Pass 1


# COUNT0: 646
# COUNT1: 60
# COUNT2: lpm
# elapsed: 60.093526
# pid: 2101967
# status: 0

#### Pass 2


# COUNT0: 646
# COUNT1: 60
# COUNT2: lpm
# elapsed: 60.074652
# pid: 2144031
# status: 0

#### Pass 3


# COUNT0: 646
# COUNT1: 60
# COUNT2: lpm
# elapsed: 60.075046
# pid: 2186095
# status: 0

*Dump score:        646.0
Count score:        646.0
Count score:        646.0

>>>> Results of 1 copy
>>>> score: 645.19512983226
>>>> time: 60.074849
>>>> iterations: 2


########################################################
Dhrystone 2 using register variables -- 2 copies
==> "/mnt/host0/unixbench/UnixBench/pgms/dhry2reg" 10 2>&1 >> "/mnt/host0/unixbench/UnixBench/results/uarf-2025-06-04-03.log"

#### Pass 1


# COUNT0: 311846558
# COUNT1: 1
# COUNT2: lps
# elapsed: 10.006901
# pid: 2228159
# status: 0

# COUNT0: 311896765
# COUNT1: 1
# COUNT2: lps
# elapsed: 10.006788
# pid: 2228161
# status: 0

#### Pass 2


# COUNT0: 311890332
# COUNT1: 1
# COUNT2: lps
# elapsed: 10.007272
# pid: 2228172
# status: 0

# COUNT0: 311918263
# COUNT1: 1
# COUNT2: lps
# elapsed: 10.007045
# pid: 2228174
# status: 0

#### Pass 3


# COUNT0: 313124395
# COUNT1: 1
# COUNT2: lps
# elapsed: 10.007472
# pid: 2228184
# status: 0

# COUNT0: 313082543
# COUNT1: 1
# COUNT2: lps
# elapsed: 10.006694
# pid: 2228186
# status: 0

#### Pass 4


# COUNT0: 311445608
# COUNT1: 1
# COUNT2: lps
# elapsed: 10.007335
# pid: 2228196
# status: 0

# COUNT0: 311394669
# COUNT1: 1
# COUNT2: lps
# elapsed: 10.006689
# pid: 2228197
# status: 0

#### Pass 5


# COUNT0: 312327858
# COUNT1: 1
# COUNT2: lps
# elapsed: 10.006845
# pid: 2228208
# status: 0

# COUNT0: 312285531
# COUNT1: 1
# COUNT2: lps
# elapsed: 10.006171
# pid: 2228210
# status: 0

#### Pass 6


# COUNT0: 302307722
# COUNT1: 1
# COUNT2: lps
# elapsed: 10.007886
# pid: 2228220
# status: 0

# COUNT0: 306559778
# COUNT1: 1
# COUNT2: lps
# elapsed: 10.006859
# pid: 2228221
# status: 0

#### Pass 7


# COUNT0: 310611122
# COUNT1: 1
# COUNT2: lps
# elapsed: 10.007318
# pid: 2228232
# status: 0

# COUNT0: 310662679
# COUNT1: 1
# COUNT2: lps
# elapsed: 10.006644
# pid: 2228234
# status: 0

#### Pass 8


# COUNT0: 305652349
# COUNT1: 1
# COUNT2: lps
# elapsed: 10.005843
# pid: 2228244
# status: 0

# COUNT0: 306710638
# COUNT1: 1
# COUNT2: lps
# elapsed: 10.005414
# pid: 2228246
# status: 0

#### Pass 9


# COUNT0: 313307771
# COUNT1: 1
# COUNT2: lps
# elapsed: 10.007483
# pid: 2228256
# status: 0

# COUNT0: 313364425
# COUNT1: 1
# COUNT2: lps
# elapsed: 10.007323
# pid: 2228258
# status: 0

#### Pass 10


# COUNT0: 305495610
# COUNT1: 1
# COUNT2: lps
# elapsed: 10.007292
# pid: 2228268
# status: 0

# COUNT0: 307615403
# COUNT1: 1
# COUNT2: lps
# elapsed: 10.007145
# pid: 2228270
# status: 0

*Dump score:  608867500.0
*Dump score:  612362987.0
*Dump score:  613111013.0
Count score:  621273801.0
Count score:  622840277.0
Count score:  623743323.0
Count score:  623808595.0
Count score:  624613389.0
Count score:  626206938.0
Count score:  626672196.0

>>>> Sum of 2 copies
>>>> score: 62372657.1298404
>>>> time: 10.0069985714286
>>>> iterations: 7


########################################################
Double-Precision Whetstone -- 2 copies
==> "/mnt/host0/unixbench/UnixBench/pgms/whetstone-double"  2>&1 >> "/mnt/host0/unixbench/UnixBench/results/uarf-2025-06-04-03.log"

#### Pass 1

Calibrate
       0.00 Seconds          1   Passes (x 100)
       0.01 Seconds          5   Passes (x 100)
       0.05 Seconds         25   Passes (x 100)
       0.19 Seconds        125   Passes (x 100)
       0.95 Seconds        625   Passes (x 100)

Use 6576  passes (x 100)

          Double Precision C/C++ Whetstone Benchmark

Loop content                  Result              MFLOPS      MOPS   Seconds

N1 floating point     -1.12398255667392033      1738.590              0.073
N2 floating point     -1.12187079889294417      2088.359              0.423
N3 if then else        1.00000000000000000                5823.199    0.117
N4 fixed point        12.00000000000000000                   0.000   -0.000
N5 sin,cos etc.        0.49902937281518261                 146.423    3.737
N6 floating point      0.99999987890802811      1011.028              3.508
N7 assignments         3.00000000000000000                2908.899    0.418
N8 exp,sqrt etc.       0.75100163018453958                 149.572    1.636

MWIPS                                           6635.063              9.911

Calibrate
       0.00 Seconds          1   Passes (x 100)
       0.01 Seconds          5   Passes (x 100)
       0.05 Seconds         25   Passes (x 100)
       0.19 Seconds        125   Passes (x 100)
       0.95 Seconds        625   Passes (x 100)

Use 6578  passes (x 100)

          Double Precision C/C++ Whetstone Benchmark

Loop content                  Result              MFLOPS      MOPS   Seconds

N1 floating point     -1.12398255667392033      1739.740              0.073
N2 floating point     -1.12187079889294417      2088.629              0.423
N3 if then else        1.00000000000000000                5822.632    0.117
N4 fixed point        12.00000000000000000               1869427045.264    0.000
N5 sin,cos etc.        0.49902937281518261                 146.338    3.740
N6 floating point      0.99999987890802811      1011.228              3.509
N7 assignments         3.00000000000000000                2908.378    0.418
N8 exp,sqrt etc.       0.75100163018453958                 149.387    1.638

MWIPS                                           6632.726              9.917


# COUNT0: 6632.726
# COUNT1: 0
# COUNT2: MWIPS
# TIME: 9.917
# elapsed: 11.867761
# pid: 2228280
# status: 0

# COUNT0: 6635.063
# COUNT1: 0
# COUNT2: MWIPS
# TIME: 9.911
# elapsed: 11.861560
# pid: 2228282
# status: 0

#### Pass 2

Calibrate
       0.00 Seconds          1   Passes (x 100)
       0.01 Seconds          5   Passes (x 100)
       0.04 Seconds         25   Passes (x 100)
       0.19 Seconds        125   Passes (x 100)
       0.96 Seconds        625   Passes (x 100)

Use 6517  passes (x 100)

          Double Precision C/C++ Whetstone Benchmark

Loop content                  Result              MFLOPS      MOPS   Seconds

N1 floating point     -1.12398255667392033      1729.895              0.072
N2 floating point     -1.12187079889294417      2072.129              0.423
N3 if then else        1.00000000000000000                5740.992    0.117
N4 fixed point        12.00000000000000000               2219441871.113    0.000
N5 sin,cos etc.        0.49902937281518261                 145.109    3.737
N6 floating point      0.99999987890802811       997.598              3.524
N7 assignments         3.00000000000000000                2873.631    0.419
N8 exp,sqrt etc.       0.75100163018453958                 148.253    1.635

MWIPS                                           6564.788              9.927

Calibrate
       0.00 Seconds          1   Passes (x 100)
       0.01 Seconds          5   Passes (x 100)
       0.04 Seconds         25   Passes (x 100)
       0.19 Seconds        125   Passes (x 100)
       0.96 Seconds        625   Passes (x 100)

Use 6515  passes (x 100)

          Double Precision C/C++ Whetstone Benchmark

Loop content                  Result              MFLOPS      MOPS   Seconds

N1 floating point     -1.12398255667392033      1729.699              0.072
N2 floating point     -1.12187079889294417      2072.234              0.423
N3 if then else        1.00000000000000000                5741.046    0.117
N4 fixed point        12.00000000000000000                   0.000   -0.000
N5 sin,cos etc.        0.49902937281518261                 145.041    3.737
N6 floating point      0.99999987890802811       997.749              3.522
N7 assignments         3.00000000000000000                2873.167    0.419
N8 exp,sqrt etc.       0.75100163018453958                 148.074    1.637

MWIPS                                           6562.638              9.927


# COUNT0: 6564.788
# COUNT1: 0
# COUNT2: MWIPS
# TIME: 9.927
# elapsed: 11.862413
# pid: 2228292
# status: 0

# COUNT0: 6562.638
# COUNT1: 0
# COUNT2: MWIPS
# TIME: 9.927
# elapsed: 11.862226
# pid: 2228294
# status: 0

#### Pass 3

Calibrate
       0.00 Seconds          1   Passes (x 100)
       0.01 Seconds          5   Passes (x 100)
       0.04 Seconds         25   Passes (x 100)
       0.19 Seconds        125   Passes (x 100)
       0.96 Seconds        625   Passes (x 100)

Use 6537  passes (x 100)

          Double Precision C/C++ Whetstone Benchmark

Loop content                  Result              MFLOPS      MOPS   Seconds

N1 floating point     -1.12398255667392033      1721.044              0.073
N2 floating point     -1.12187079889294417      2071.089              0.424
N3 if then else        1.00000000000000000                5755.871    0.118
N4 fixed point        12.00000000000000000               23746045809.899    0.000
N5 sin,cos etc.        0.49902937281518261                 145.535    3.737
N6 floating point      0.99999987890802811       999.430              3.528
N7 assignments         3.00000000000000000                2864.638    0.422
N8 exp,sqrt etc.       0.75100163018453958                 147.529    1.648

MWIPS                                           6569.919              9.950

Calibrate
       0.00 Seconds          1   Passes (x 100)
       0.01 Seconds          5   Passes (x 100)
       0.04 Seconds         25   Passes (x 100)
       0.19 Seconds        125   Passes (x 100)
       0.96 Seconds        625   Passes (x 100)

Use 6533  passes (x 100)

          Double Precision C/C++ Whetstone Benchmark

Loop content                  Result              MFLOPS      MOPS   Seconds

N1 floating point     -1.12398255667392033      1721.258              0.073
N2 floating point     -1.12187079889294417      2069.851              0.424
N3 if then else        1.00000000000000000                5756.854    0.117
N4 fixed point        12.00000000000000000               20675488159.727    0.000
N5 sin,cos etc.        0.49902937281518261                 145.394    3.738
N6 floating point      0.99999987890802811       999.216              3.527
N7 assignments         3.00000000000000000                2863.211    0.422
N8 exp,sqrt etc.       0.75100163018453958                 147.258    1.650

MWIPS                                           6564.740              9.952


# COUNT0: 6564.740
# COUNT1: 0
# COUNT2: MWIPS
# TIME: 9.952
# elapsed: 11.891918
# pid: 2228304
# status: 0

# COUNT0: 6569.919
# COUNT1: 0
# COUNT2: MWIPS
# TIME: 9.950
# elapsed: 11.889724
# pid: 2228306
# status: 0

#### Pass 4

Calibrate
       0.00 Seconds          1   Passes (x 100)
       0.01 Seconds          5   Passes (x 100)
       0.04 Seconds         25   Passes (x 100)
       0.19 Seconds        125   Passes (x 100)
       0.96 Seconds        625   Passes (x 100)

Use 6503  passes (x 100)

          Double Precision C/C++ Whetstone Benchmark

Loop content                  Result              MFLOPS      MOPS   Seconds

N1 floating point     -1.12398255667392033      1716.534              0.073
N2 floating point     -1.12187079889294417      2078.442              0.421
N3 if then else        1.00000000000000000                5795.851    0.116
N4 fixed point        12.00000000000000000                   0.000   -0.000
N5 sin,cos etc.        0.49902937281518261                 145.341    3.723
N6 floating point      0.99999987890802811       996.654              3.519
N7 assignments         3.00000000000000000                2871.363    0.419
N8 exp,sqrt etc.       0.75100163018453958                 148.379    1.630

MWIPS                                           6568.430              9.900

Calibrate
       0.00 Seconds          1   Passes (x 100)
       0.01 Seconds          5   Passes (x 100)
       0.04 Seconds         25   Passes (x 100)
       0.19 Seconds        125   Passes (x 100)
       0.96 Seconds        625   Passes (x 100)

Use 6500  passes (x 100)

          Double Precision C/C++ Whetstone Benchmark

Loop content                  Result              MFLOPS      MOPS   Seconds

N1 floating point     -1.12398255667392033      1717.088              0.073
N2 floating point     -1.12187079889294417      2078.574              0.420
N3 if then else        1.00000000000000000                5795.122    0.116
N4 fixed point        12.00000000000000000               18872709139.995    0.000
N5 sin,cos etc.        0.49902937281518261                 145.245    3.723
N6 floating point      0.99999987890802811       996.663              3.518
N7 assignments         3.00000000000000000                2872.372    0.418
N8 exp,sqrt etc.       0.75100163018453958                 148.172    1.632

MWIPS                                           6565.438              9.900


# COUNT0: 6565.438
# COUNT1: 0
# COUNT2: MWIPS
# TIME: 9.900
# elapsed: 11.849120
# pid: 2228316
# status: 0

# COUNT0: 6568.430
# COUNT1: 0
# COUNT2: MWIPS
# TIME: 9.900
# elapsed: 11.848347
# pid: 2228318
# status: 0

#### Pass 5

Calibrate
       0.00 Seconds          1   Passes (x 100)
       0.01 Seconds          5   Passes (x 100)
       0.04 Seconds         25   Passes (x 100)
       0.19 Seconds        125   Passes (x 100)
       0.96 Seconds        625   Passes (x 100)

Use 6528  passes (x 100)

          Double Precision C/C++ Whetstone Benchmark

Loop content                  Result              MFLOPS      MOPS   Seconds

N1 floating point     -1.12398255667392033      1725.396              0.073
N2 floating point     -1.12187079889294417      2077.283              0.422
N3 if then else        1.00000000000000000                5801.896    0.116
N4 fixed point        12.00000000000000000               19199741763.637    0.000
N5 sin,cos etc.        0.49902937281518261                 144.623    3.755
N6 floating point      0.99999987890802811       992.490              3.548
N7 assignments         3.00000000000000000                2784.019    0.433
N8 exp,sqrt etc.       0.75100163018453958                 148.149    1.639

MWIPS                                           6536.324              9.987

Calibrate
       0.00 Seconds          1   Passes (x 100)
       0.01 Seconds          5   Passes (x 100)
       0.04 Seconds         25   Passes (x 100)
       0.19 Seconds        125   Passes (x 100)
       0.96 Seconds        625   Passes (x 100)

Use 6528  passes (x 100)

          Double Precision C/C++ Whetstone Benchmark

Loop content                  Result              MFLOPS      MOPS   Seconds

N1 floating point     -1.12398255667392033      1725.534              0.073
N2 floating point     -1.12187079889294417      2077.244              0.422
N3 if then else        1.00000000000000000                5801.742    0.116
N4 fixed point        12.00000000000000000                   0.000   -0.000
N5 sin,cos etc.        0.49902937281518261                 144.554    3.757
N6 floating point      0.99999987890802811       992.588              3.547
N7 assignments         3.00000000000000000                2784.225    0.433
N8 exp,sqrt etc.       0.75100163018453958                 147.968    1.641

MWIPS                                           6534.068              9.991


# COUNT0: 6536.324
# COUNT1: 0
# COUNT2: MWIPS
# TIME: 9.987
# elapsed: 11.924063
# pid: 2228328
# status: 0

# COUNT0: 6534.068
# COUNT1: 0
# COUNT2: MWIPS
# TIME: 9.991
# elapsed: 11.926553
# pid: 2228330
# status: 0

#### Pass 6

Calibrate
       0.00 Seconds          1   Passes (x 100)
       0.01 Seconds          5   Passes (x 100)
       0.04 Seconds         25   Passes (x 100)
       0.19 Seconds        125   Passes (x 100)
       0.96 Seconds        625   Passes (x 100)

Use 6508  passes (x 100)

          Double Precision C/C++ Whetstone Benchmark

Loop content                  Result              MFLOPS      MOPS   Seconds

N1 floating point     -1.12398255667392033      1716.931              0.073
N2 floating point     -1.12187079889294417      2085.564              0.419
N3 if then else        1.00000000000000000                5816.991    0.116
N4 fixed point        12.00000000000000000               268700216213.429    0.000
N5 sin,cos etc.        0.49902937281518261                 145.610    3.719
N6 floating point      0.99999987890802811       997.552              3.519
N7 assignments         3.00000000000000000                2852.910    0.422
N8 exp,sqrt etc.       0.75100163018453958                 149.477    1.620

MWIPS                                           6582.528              9.887

Calibrate
       0.00 Seconds          1   Passes (x 100)
       0.01 Seconds          5   Passes (x 100)
       0.04 Seconds         25   Passes (x 100)
       0.19 Seconds        125   Passes (x 100)
       0.96 Seconds        625   Passes (x 100)

Use 6512  passes (x 100)

          Double Precision C/C++ Whetstone Benchmark

Loop content                  Result              MFLOPS      MOPS   Seconds

N1 floating point     -1.12398255667392033      1717.132              0.073
N2 floating point     -1.12187079889294417      2085.156              0.420
N3 if then else        1.00000000000000000                5807.567    0.116
N4 fixed point        12.00000000000000000                   0.000   -0.000
N5 sin,cos etc.        0.49902937281518261                 145.561    3.722
N6 floating point      0.99999987890802811       997.736              3.521
N7 assignments         3.00000000000000000                2851.242    0.422
N8 exp,sqrt etc.       0.75100163018453958                 149.318    1.622

MWIPS                                           6580.630              9.896


# COUNT0: 6582.528
# COUNT1: 0
# COUNT2: MWIPS
# TIME: 9.887
# elapsed: 11.831952
# pid: 2228340
# status: 0

# COUNT0: 6580.630
# COUNT1: 0
# COUNT2: MWIPS
# TIME: 9.896
# elapsed: 11.839810
# pid: 2228342
# status: 0

#### Pass 7

Calibrate
       0.00 Seconds          1   Passes (x 100)
       0.01 Seconds          5   Passes (x 100)
       0.04 Seconds         25   Passes (x 100)
       0.20 Seconds        125   Passes (x 100)
       0.96 Seconds        625   Passes (x 100)

Use 6534  passes (x 100)

          Double Precision C/C++ Whetstone Benchmark

Loop content                  Result              MFLOPS      MOPS   Seconds

N1 floating point     -1.12398255667392033      1720.700              0.073
N2 floating point     -1.12187079889294417      2056.498              0.427
N3 if then else        1.00000000000000000                5767.461    0.117
N4 fixed point        12.00000000000000000               1988865597.638    0.000
N5 sin,cos etc.        0.49902937281518261                 146.058    3.722
N6 floating point      0.99999987890802811      1002.491              3.516
N7 assignments         3.00000000000000000                2878.051    0.420
N8 exp,sqrt etc.       0.75100163018453958                 149.226    1.629

MWIPS                                           6597.824              9.903

Calibrate
       0.00 Seconds          1   Passes (x 100)
       0.01 Seconds          5   Passes (x 100)
       0.04 Seconds         25   Passes (x 100)
       0.20 Seconds        125   Passes (x 100)
       0.96 Seconds        625   Passes (x 100)

Use 6530  passes (x 100)

          Double Precision C/C++ Whetstone Benchmark

Loop content                  Result              MFLOPS      MOPS   Seconds

N1 floating point     -1.12398255667392033      1720.845              0.073
N2 floating point     -1.12187079889294417      2053.795              0.427
N3 if then else        1.00000000000000000                5765.798    0.117
N4 fixed point        12.00000000000000000               58255953313.037    0.000
N5 sin,cos etc.        0.49902937281518261                 145.918    3.723
N6 floating point      0.99999987890802811      1002.365              3.514
N7 assignments         3.00000000000000000                2879.644    0.419
N8 exp,sqrt etc.       0.75100163018453958                 148.958    1.631

MWIPS                                           6592.963              9.904


# COUNT0: 6592.963
# COUNT1: 0
# COUNT2: MWIPS
# TIME: 9.904
# elapsed: 11.851184
# pid: 2228352
# status: 0

# COUNT0: 6597.824
# COUNT1: 0
# COUNT2: MWIPS
# TIME: 9.903
# elapsed: 11.849576
# pid: 2228354
# status: 0

#### Pass 8

Calibrate
       0.00 Seconds          1   Passes (x 100)
       0.01 Seconds          5   Passes (x 100)
       0.04 Seconds         25   Passes (x 100)
       0.19 Seconds        125   Passes (x 100)
       0.95 Seconds        625   Passes (x 100)

Use 6549  passes (x 100)

          Double Precision C/C++ Whetstone Benchmark

Loop content                  Result              MFLOPS      MOPS   Seconds

N1 floating point     -1.12398255667392033      1732.074              0.073
N2 floating point     -1.12187079889294417      2059.174              0.427
N3 if then else        1.00000000000000000                5761.050    0.118
N4 fixed point        12.00000000000000000               55682253209.885    0.000
N5 sin,cos etc.        0.49902937281518261                 144.475    3.771
N6 floating point      0.99999987890802811       997.624              3.541
N7 assignments         3.00000000000000000                2842.415    0.426
N8 exp,sqrt etc.       0.75100163018453958                 148.375    1.642

MWIPS                                           6550.443              9.998

Calibrate
       0.00 Seconds          1   Passes (x 100)
       0.01 Seconds          5   Passes (x 100)
       0.04 Seconds         25   Passes (x 100)
       0.19 Seconds        125   Passes (x 100)
       0.95 Seconds        625   Passes (x 100)

Use 6548  passes (x 100)

          Double Precision C/C++ Whetstone Benchmark

Loop content                  Result              MFLOPS      MOPS   Seconds

N1 floating point     -1.12398255667392033      1732.693              0.073
N2 floating point     -1.12187079889294417      2059.197              0.427
N3 if then else        1.00000000000000000                5760.710    0.118
N4 fixed point        12.00000000000000000               67453027094.974    0.000
N5 sin,cos etc.        0.49902937281518261                 144.417    3.772
N6 floating point      0.99999987890802811       997.880              3.539
N7 assignments         3.00000000000000000                2843.163    0.426
N8 exp,sqrt etc.       0.75100163018453958                 148.196    1.644

MWIPS                                           6548.833              9.999


# COUNT0: 6550.443
# COUNT1: 0
# COUNT2: MWIPS
# TIME: 9.998
# elapsed: 11.934640
# pid: 2228364
# status: 0

# COUNT0: 6548.833
# COUNT1: 0
# COUNT2: MWIPS
# TIME: 9.999
# elapsed: 11.934614
# pid: 2228366
# status: 0

#### Pass 9

Calibrate
       0.00 Seconds          1   Passes (x 100)
       0.01 Seconds          5   Passes (x 100)
       0.04 Seconds         25   Passes (x 100)
       0.20 Seconds        125   Passes (x 100)
       0.96 Seconds        625   Passes (x 100)

Use 6493  passes (x 100)

          Double Precision C/C++ Whetstone Benchmark

Loop content                  Result              MFLOPS      MOPS   Seconds

N1 floating point     -1.12398255667392033      1728.001              0.072
N2 floating point     -1.12187079889294417      2070.327              0.422
N3 if then else        1.00000000000000000                5770.493    0.116
N4 fixed point        12.00000000000000000               26899548761.554    0.000
N5 sin,cos etc.        0.49902937281518261                 145.296    3.718
N6 floating point      0.99999987890802811       996.647              3.514
N7 assignments         3.00000000000000000                2867.071    0.419
N8 exp,sqrt etc.       0.75100163018453958                 148.389    1.628

MWIPS                                           6566.201              9.889

Calibrate
       0.00 Seconds          1   Passes (x 100)
       0.01 Seconds          5   Passes (x 100)
       0.04 Seconds         25   Passes (x 100)
       0.20 Seconds        125   Passes (x 100)
       0.96 Seconds        625   Passes (x 100)

Use 6490  passes (x 100)

          Double Precision C/C++ Whetstone Benchmark

Loop content                  Result              MFLOPS      MOPS   Seconds

N1 floating point     -1.12398255667392033      1728.022              0.072
N2 floating point     -1.12187079889294417      2070.190              0.421
N3 if then else        1.00000000000000000                5770.801    0.116
N4 fixed point        12.00000000000000000               29713576932.923    0.000
N5 sin,cos etc.        0.49902937281518261                 145.171    3.720
N6 floating point      0.99999987890802811       996.439              3.513
N7 assignments         3.00000000000000000                2867.398    0.418
N8 exp,sqrt etc.       0.75100163018453958                 148.133    1.630

MWIPS                                           6561.747              9.891


# COUNT0: 6566.201
# COUNT1: 0
# COUNT2: MWIPS
# TIME: 9.889
# elapsed: 11.832666
# pid: 2228376
# status: 0

# COUNT0: 6561.747
# COUNT1: 0
# COUNT2: MWIPS
# TIME: 9.891
# elapsed: 11.834187
# pid: 2228378
# status: 0

#### Pass 10

Calibrate
       0.00 Seconds          1   Passes (x 100)
       0.01 Seconds          5   Passes (x 100)
       0.04 Seconds         25   Passes (x 100)
       0.20 Seconds        125   Passes (x 100)
       0.96 Seconds        625   Passes (x 100)

Use 6489  passes (x 100)

          Double Precision C/C++ Whetstone Benchmark

Loop content                  Result              MFLOPS      MOPS   Seconds

N1 floating point     -1.12398255667392033      1726.071              0.072
N2 floating point     -1.12187079889294417      2060.857              0.423
N3 if then else        1.00000000000000000                5718.181    0.117
N4 fixed point        12.00000000000000000               41306775839.598    0.000
N5 sin,cos etc.        0.49902937281518261                 145.810    3.703
N6 floating point      0.99999987890802811       997.070              3.510
N7 assignments         3.00000000000000000                2876.797    0.417
N8 exp,sqrt etc.       0.75100163018453958                 149.029    1.620

MWIPS                                           6579.445              9.863

Calibrate
       0.00 Seconds          1   Passes (x 100)
       0.01 Seconds          5   Passes (x 100)
       0.04 Seconds         25   Passes (x 100)
       0.20 Seconds        125   Passes (x 100)
       0.96 Seconds        625   Passes (x 100)

Use 6490  passes (x 100)

          Double Precision C/C++ Whetstone Benchmark

Loop content                  Result              MFLOPS      MOPS   Seconds

N1 floating point     -1.12398255667392033      1726.210              0.072
N2 floating point     -1.12187079889294417      2062.134              0.423
N3 if then else        1.00000000000000000                5717.304    0.117
N4 fixed point        12.00000000000000000                   0.000   -0.000
N5 sin,cos etc.        0.49902937281518261                 145.736    3.705
N6 floating point      0.99999987890802811       997.326              3.510
N7 assignments         3.00000000000000000                2877.670    0.417
N8 exp,sqrt etc.       0.75100163018453958                 148.856    1.622

MWIPS                                           6577.799              9.867


# COUNT0: 6579.445
# COUNT1: 0
# COUNT2: MWIPS
# TIME: 9.863
# elapsed: 11.808369
# pid: 2228388
# status: 0

# COUNT0: 6577.799
# COUNT1: 0
# COUNT2: MWIPS
# TIME: 9.867
# elapsed: 11.811819
# pid: 2228390
# status: 0

*Dump score:      13070.4
*Dump score:      13099.3
*Dump score:      13127.4
Count score:      13127.9
Count score:      13133.9
Count score:      13134.7
Count score:      13157.2
Count score:      13163.2
Count score:      13190.8
Count score:      13267.8

>>>> Sum of 2 copies
>>>> score: 13167.8434558274
>>>> time: 9.90214285714286
>>>> iterations: 7


########################################################
Execl Throughput -- 2 copies
==> "/mnt/host0/unixbench/UnixBench/pgms/execl" 30 2>&1 >> "/mnt/host0/unixbench/UnixBench/results/uarf-2025-06-04-03.log"

#### Pass 1


# COUNT0: 26667
# COUNT1: 1
# COUNT2: lps
# elapsed: 29.480579
# pid: 2228400
# status: 0

# COUNT0: 26665
# COUNT1: 1
# COUNT2: lps
# elapsed: 29.481126
# pid: 2228401
# status: 0

#### Pass 2


# COUNT0: 27048
# COUNT1: 1
# COUNT2: lps
# elapsed: 29.978474
# pid: 2228412
# status: 0

# COUNT0: 27057
# COUNT1: 1
# COUNT2: lps
# elapsed: 29.977220
# pid: 2228414
# status: 0

#### Pass 3


# COUNT0: 27033
# COUNT1: 1
# COUNT2: lps
# elapsed: 29.975785
# pid: 2228425
# status: 0

# COUNT0: 27005
# COUNT1: 1
# COUNT2: lps
# elapsed: 29.974916
# pid: 2228427
# status: 0

*Dump score:      53332.0
Count score:      54038.0
Count score:      54105.0

>>>> Sum of 2 copies
>>>> score: 1803.79002035428
>>>> time: 29.97659875
>>>> iterations: 2


########################################################
File Copy 1024 bufsize 2000 maxblocks -- 2 copies
==> "/mnt/host0/unixbench/UnixBench/pgms/fstime" -c -t 30 -d "/mnt/host0/unixbench/UnixBench/tmp" -b 1024 -m 2000 2>&1 >> "/mnt/host0/unixbench/UnixBench/results/uarf-2025-06-04-03.log"

#### Pass 1

Write done: 104000 in 2.0010, score 12993
Read done: 103388 in 2.0000, score 12923
Copy done: 769608 in 30.0002, score 6413
Write done: 104000 in 2.0158, score 12897
Read done: 103896 in 2.0000, score 12986
Copy done: 771608 in 30.0002, score 6430

# COUNT0: 6413
# COUNT1: 0
# COUNT2: KBps
# TIME: 30.0
# elapsed: 45.023607
# pid: 2228437
# status: 0

# COUNT0: 6430
# COUNT1: 0
# COUNT2: KBps
# TIME: 30.0
# elapsed: 45.037429
# pid: 2228439
# status: 0

#### Pass 2

Write done: 112000 in 2.0704, score 13524
Read done: 119768 in 2.0001, score 14970
Copy done: 824460 in 30.0001, score 6870
Write done: 112000 in 2.0906, score 13393
Read done: 120368 in 2.0001, score 15045
Copy done: 821956 in 30.0001, score 6849

# COUNT0: 6870
# COUNT1: 0
# COUNT2: KBps
# TIME: 30.0
# elapsed: 45.094262
# pid: 2228449
# status: 0

# COUNT0: 6849
# COUNT1: 0
# COUNT2: KBps
# TIME: 30.0
# elapsed: 45.112818
# pid: 2228451
# status: 0

#### Pass 3

Write done: 96000 in 2.0217, score 11871
Read done: 105040 in 2.0001, score 13129
Copy done: 815312 in 30.0000, score 6794
Write done: 96000 in 2.0234, score 11861
Read done: 106828 in 2.0001, score 13353
Copy done: 815920 in 30.0001, score 6799

# COUNT0: 6799
# COUNT1: 0
# COUNT2: KBps
# TIME: 30.0
# elapsed: 45.046239
# pid: 2228461
# status: 0

# COUNT0: 6794
# COUNT1: 0
# COUNT2: KBps
# TIME: 30.0
# elapsed: 45.044949
# pid: 2228463
# status: 0

*Dump score:      12843.0
Count score:      13593.0
Count score:      13719.0

>>>> Sum of 2 copies
>>>> score: 13655.8546784886
>>>> time: 30
>>>> iterations: 2


########################################################
File Copy 256 bufsize 500 maxblocks -- 2 copies
==> "/mnt/host0/unixbench/UnixBench/pgms/fstime" -c -t 30 -d "/mnt/host0/unixbench/UnixBench/tmp" -b 256 -m 500 2>&1 >> "/mnt/host0/unixbench/UnixBench/results/uarf-2025-06-04-03.log"

#### Pass 1

Write done: 28000 in 2.0372, score 3436
Read done: 24512 in 2.0001, score 3063
Copy done: 201292 in 30.0000, score 1677
Write done: 28000 in 2.0688, score 3383
Read done: 25581 in 2.0001, score 3197
Copy done: 200906 in 30.0002, score 1674

# COUNT0: 1677
# COUNT1: 0
# COUNT2: KBps
# TIME: 30.0
# elapsed: 45.059453
# pid: 2228473
# status: 0

# COUNT0: 1674
# COUNT1: 0
# COUNT2: KBps
# TIME: 30.0
# elapsed: 45.089438
# pid: 2228475
# status: 0

#### Pass 2

Write done: 28000 in 2.0534, score 3408
Read done: 30015 in 2.0000, score 3751
Copy done: 205803 in 30.0001, score 1715
Write done: 28000 in 2.0710, score 3380
Read done: 30348 in 2.0001, score 3793
Copy done: 206207 in 30.0000, score 1718

# COUNT0: 1715
# COUNT1: 0
# COUNT2: KBps
# TIME: 30.0
# elapsed: 45.082869
# pid: 2228485
# status: 0

# COUNT0: 1718
# COUNT1: 0
# COUNT2: KBps
# TIME: 30.0
# elapsed: 45.098722
# pid: 2228487
# status: 0

#### Pass 3

Write done: 30000 in 2.0419, score 3673
Read done: 28156 in 2.0001, score 3519
Copy done: 204691 in 30.0001, score 1705
Write done: 30000 in 2.0437, score 3669
Read done: 28009 in 2.0000, score 3501
Copy done: 203969 in 30.0001, score 1699

# COUNT0: 1705
# COUNT1: 0
# COUNT2: KBps
# TIME: 30.0
# elapsed: 45.064402
# pid: 2228497
# status: 0

# COUNT0: 1699
# COUNT1: 0
# COUNT2: KBps
# TIME: 30.0
# elapsed: 45.065391
# pid: 2228499
# status: 0

*Dump score:       3351.0
Count score:       3404.0
Count score:       3433.0

>>>> Sum of 2 copies
>>>> score: 3418.46924806996
>>>> time: 30
>>>> iterations: 2


########################################################
File Copy 4096 bufsize 8000 maxblocks -- 2 copies
==> "/mnt/host0/unixbench/UnixBench/pgms/fstime" -c -t 30 -d "/mnt/host0/unixbench/UnixBench/tmp" -b 4096 -m 8000 2>&1 >> "/mnt/host0/unixbench/UnixBench/results/uarf-2025-06-04-03.log"

#### Pass 1

Write done: 384000 in 2.1102, score 45493
Read done: 368080 in 2.0001, score 46008
Copy done: 2944144 in 30.0001, score 24534
Write done: 384000 in 2.1268, score 45138
Read done: 370304 in 2.0000, score 46286
Copy done: 2953232 in 30.0000, score 24610

# COUNT0: 24534
# COUNT1: 0
# COUNT2: KBps
# TIME: 30.0
# elapsed: 45.138121
# pid: 2228510
# status: 0

# COUNT0: 24610
# COUNT1: 0
# COUNT2: KBps
# TIME: 30.0
# elapsed: 45.151884
# pid: 2228512
# status: 0

#### Pass 2

Write done: 416000 in 2.0133, score 51656
Read done: 414688 in 2.0001, score 51833
Copy done: 2998848 in 30.0000, score 24990
Write done: 416000 in 2.0256, score 51342
Read done: 425040 in 2.0001, score 53128
Copy done: 3009536 in 30.0001, score 25079

# COUNT0: 25079
# COUNT1: 0
# COUNT2: KBps
# TIME: 30.0
# elapsed: 45.051770
# pid: 2228522
# status: 0

# COUNT0: 24990
# COUNT1: 0
# COUNT2: KBps
# TIME: 30.0
# elapsed: 45.039868
# pid: 2228523
# status: 0

#### Pass 3

Write done: 448000 in 2.1061, score 53180
Read done: 386560 in 2.0001, score 48316
Copy done: 3101200 in 30.0001, score 25843
Write done: 448000 in 2.1122, score 53025
Read done: 380448 in 2.0000, score 47555
Copy done: 3099216 in 30.0003, score 25826

# COUNT0: 25826
# COUNT1: 0
# COUNT2: KBps
# TIME: 30.0
# elapsed: 45.140151
# pid: 2228534
# status: 0

# COUNT0: 25843
# COUNT1: 0
# COUNT2: KBps
# TIME: 30.0
# elapsed: 45.134760
# pid: 2228536
# status: 0

*Dump score:      49144.0
Count score:      50069.0
Count score:      51669.0

>>>> Sum of 2 copies
>>>> score: 50862.7089428001
>>>> time: 30
>>>> iterations: 2


########################################################
Pipe Throughput -- 2 copies
==> "/mnt/host0/unixbench/UnixBench/pgms/pipe" 10 2>&1 >> "/mnt/host0/unixbench/UnixBench/results/uarf-2025-06-04-03.log"

#### Pass 1


# COUNT0: 16559372
# COUNT1: 1
# COUNT2: lps
# elapsed: 10.007524
# pid: 2228546
# status: 0

# COUNT0: 16557314
# COUNT1: 1
# COUNT2: lps
# elapsed: 10.006755
# pid: 2228548
# status: 0

#### Pass 2


# COUNT0: 16616575
# COUNT1: 1
# COUNT2: lps
# elapsed: 10.007312
# pid: 2228558
# status: 0

# COUNT0: 16613793
# COUNT1: 1
# COUNT2: lps
# elapsed: 10.007262
# pid: 2228560
# status: 0

#### Pass 3


# COUNT0: 16542506
# COUNT1: 1
# COUNT2: lps
# elapsed: 10.006913
# pid: 2228570
# status: 0

# COUNT0: 16541813
# COUNT1: 1
# COUNT2: lps
# elapsed: 10.006664
# pid: 2228572
# status: 0

#### Pass 4


# COUNT0: 16680805
# COUNT1: 1
# COUNT2: lps
# elapsed: 10.007110
# pid: 2228582
# status: 0

# COUNT0: 16677391
# COUNT1: 1
# COUNT2: lps
# elapsed: 10.006576
# pid: 2228584
# status: 0

#### Pass 5


# COUNT0: 16650864
# COUNT1: 1
# COUNT2: lps
# elapsed: 10.007694
# pid: 2228594
# status: 0

# COUNT0: 16649950
# COUNT1: 1
# COUNT2: lps
# elapsed: 10.006843
# pid: 2228596
# status: 0

#### Pass 6


# COUNT0: 16713858
# COUNT1: 1
# COUNT2: lps
# elapsed: 10.007246
# pid: 2228606
# status: 0

# COUNT0: 16719907
# COUNT1: 1
# COUNT2: lps
# elapsed: 10.006827
# pid: 2228608
# status: 0

#### Pass 7


# COUNT0: 16624890
# COUNT1: 1
# COUNT2: lps
# elapsed: 10.007893
# pid: 2228618
# status: 0

# COUNT0: 16635780
# COUNT1: 1
# COUNT2: lps
# elapsed: 10.007597
# pid: 2228620
# status: 0

#### Pass 8


# COUNT0: 16562442
# COUNT1: 1
# COUNT2: lps
# elapsed: 10.007134
# pid: 2228630
# status: 0

# COUNT0: 16561940
# COUNT1: 1
# COUNT2: lps
# elapsed: 10.006837
# pid: 2228632
# status: 0

#### Pass 9


# COUNT0: 16730916
# COUNT1: 1
# COUNT2: lps
# elapsed: 10.007451
# pid: 2228642
# status: 0

# COUNT0: 16729456
# COUNT1: 1
# COUNT2: lps
# elapsed: 10.006733
# pid: 2228644
# status: 0

#### Pass 10


# COUNT0: 16582176
# COUNT1: 1
# COUNT2: lps
# elapsed: 10.007388
# pid: 2228654
# status: 0

# COUNT0: 16583690
# COUNT1: 1
# COUNT2: lps
# elapsed: 10.007051
# pid: 2228656
# status: 0

*Dump score:   33084319.0
*Dump score:   33116686.0
*Dump score:   33124382.0
Count score:   33165866.0
Count score:   33230368.0
Count score:   33260670.0
Count score:   33300814.0
Count score:   33358196.0
Count score:   33433765.0
Count score:   33460372.0

>>>> Sum of 2 copies
>>>> score: 3329155.88243323
>>>> time: 10.0072130714286
>>>> iterations: 7


########################################################
Pipe-based Context Switching -- 2 copies
==> "/mnt/host0/unixbench/UnixBench/pgms/context1" 10 2>&1 >> "/mnt/host0/unixbench/UnixBench/results/uarf-2025-06-04-03.log"

#### Pass 1


# COUNT0: 2393502
# COUNT1: 1
# COUNT2: lps
# elapsed: 10.007685
# pid: 2228666
# status: 0

# COUNT0: 2398137
# COUNT1: 1
# COUNT2: lps
# elapsed: 10.006785
# pid: 2228668
# status: 0

#### Pass 2


# COUNT0: 2436417
# COUNT1: 1
# COUNT2: lps
# elapsed: 10.005958
# pid: 2228680
# status: 0

# COUNT0: 2442792
# COUNT1: 1
# COUNT2: lps
# elapsed: 10.005560
# pid: 2228682
# status: 0

#### Pass 3


# COUNT0: 2486046
# COUNT1: 1
# COUNT2: lps
# elapsed: 10.005888
# pid: 2228694
# status: 0

# COUNT0: 2474012
# COUNT1: 1
# COUNT2: lps
# elapsed: 10.005410
# pid: 2228696
# status: 0

#### Pass 4


# COUNT0: 2451135
# COUNT1: 1
# COUNT2: lps
# elapsed: 10.008081
# pid: 2228708
# status: 0

# COUNT0: 2441887
# COUNT1: 1
# COUNT2: lps
# elapsed: 10.006484
# pid: 2228710
# status: 0

#### Pass 5


# COUNT0: 2441920
# COUNT1: 1
# COUNT2: lps
# elapsed: 10.007442
# pid: 2228722
# status: 0

# COUNT0: 2417310
# COUNT1: 1
# COUNT2: lps
# elapsed: 10.007915
# pid: 2228724
# status: 0

#### Pass 6


# COUNT0: 2361623
# COUNT1: 1
# COUNT2: lps
# elapsed: 10.007334
# pid: 2228737
# status: 0

# COUNT0: 2343177
# COUNT1: 1
# COUNT2: lps
# elapsed: 10.008086
# pid: 2228739
# status: 0

#### Pass 7


# COUNT0: 2414083
# COUNT1: 1
# COUNT2: lps
# elapsed: 10.007417
# pid: 2228751
# status: 0

# COUNT0: 2449846
# COUNT1: 1
# COUNT2: lps
# elapsed: 10.006998
# pid: 2228753
# status: 0

#### Pass 8


# COUNT0: 2455922
# COUNT1: 1
# COUNT2: lps
# elapsed: 10.007283
# pid: 2228765
# status: 0

# COUNT0: 2467391
# COUNT1: 1
# COUNT2: lps
# elapsed: 10.007062
# pid: 2228767
# status: 0

#### Pass 9


# COUNT0: 2475797
# COUNT1: 1
# COUNT2: lps
# elapsed: 10.007440
# pid: 2228779
# status: 0

# COUNT0: 2469824
# COUNT1: 1
# COUNT2: lps
# elapsed: 10.006996
# pid: 2228781
# status: 0

#### Pass 10


# COUNT0: 2406707
# COUNT1: 1
# COUNT2: lps
# elapsed: 10.006457
# pid: 2228793
# status: 0

# COUNT0: 2411380
# COUNT1: 1
# COUNT2: lps
# elapsed: 10.005835
# pid: 2228795
# status: 0

*Dump score:    4704800.0
*Dump score:    4791639.0
*Dump score:    4818087.0
Count score:    4859230.0
Count score:    4863929.0
Count score:    4879209.0
Count score:    4893022.0
Count score:    4923313.0
Count score:    4945621.0
Count score:    4960058.0

>>>> Sum of 2 copies
>>>> score: 489998.595707184
>>>> time: 10.0068524285714
>>>> iterations: 7


########################################################
Process Creation -- 2 copies
==> "/mnt/host0/unixbench/UnixBench/pgms/spawn" 30 2>&1 >> "/mnt/host0/unixbench/UnixBench/results/uarf-2025-06-04-03.log"

#### Pass 1


# COUNT0: 353003
# COUNT1: 1
# COUNT2: lps
# elapsed: 30.008099
# pid: 2228807
# status: 0

# COUNT0: 358464
# COUNT1: 1
# COUNT2: lps
# elapsed: 30.006826
# pid: 2228809
# status: 0

#### Pass 2


# COUNT0: 343731
# COUNT1: 1
# COUNT2: lps
# elapsed: 30.007281
# pid: 2940288
# status: 0

# COUNT0: 345480
# COUNT1: 1
# COUNT2: lps
# elapsed: 30.007549
# pid: 2940289
# status: 0

#### Pass 3


# COUNT0: 349398
# COUNT1: 1
# COUNT2: lps
# elapsed: 30.007400
# pid: 3629513
# status: 0

# COUNT0: 348501
# COUNT1: 1
# COUNT2: lps
# elapsed: 30.007237
# pid: 3629515
# status: 0

*Dump score:     689211.0
Count score:     697899.0
Count score:     711467.0

>>>> Sum of 2 copies
>>>> score: 23482.559884063
>>>> time: 30.0073905
>>>> iterations: 2


########################################################
System Call Overhead -- 2 copies
==> "/mnt/host0/unixbench/UnixBench/pgms/syscall" 10 2>&1 >> "/mnt/host0/unixbench/UnixBench/results/uarf-2025-06-04-03.log"

#### Pass 1


# COUNT0: 20140862
# COUNT1: 1
# COUNT2: lps
# elapsed: 10.007176
# pid: 133422
# status: 0

# COUNT0: 20142524
# COUNT1: 1
# COUNT2: lps
# elapsed: 10.006886
# pid: 133424
# status: 0

#### Pass 2


# COUNT0: 19909069
# COUNT1: 1
# COUNT2: lps
# elapsed: 10.007795
# pid: 133434
# status: 0

# COUNT0: 19917418
# COUNT1: 1
# COUNT2: lps
# elapsed: 10.007993
# pid: 133436
# status: 0

#### Pass 3


# COUNT0: 20280825
# COUNT1: 1
# COUNT2: lps
# elapsed: 10.007586
# pid: 133446
# status: 0

# COUNT0: 20277730
# COUNT1: 1
# COUNT2: lps
# elapsed: 10.006943
# pid: 133448
# status: 0

#### Pass 4


# COUNT0: 20288848
# COUNT1: 1
# COUNT2: lps
# elapsed: 10.006969
# pid: 133458
# status: 0

# COUNT0: 20293686
# COUNT1: 1
# COUNT2: lps
# elapsed: 10.006518
# pid: 133460
# status: 0

#### Pass 5


# COUNT0: 20179774
# COUNT1: 1
# COUNT2: lps
# elapsed: 10.007029
# pid: 133470
# status: 0

# COUNT0: 20187350
# COUNT1: 1
# COUNT2: lps
# elapsed: 10.007041
# pid: 133472
# status: 0

#### Pass 6


# COUNT0: 20112177
# COUNT1: 1
# COUNT2: lps
# elapsed: 10.007213
# pid: 133482
# status: 0

# COUNT0: 20111817
# COUNT1: 1
# COUNT2: lps
# elapsed: 10.006588
# pid: 133484
# status: 0

#### Pass 7


# COUNT0: 20251674
# COUNT1: 1
# COUNT2: lps
# elapsed: 10.007158
# pid: 133496
# status: 0

# COUNT0: 20249505
# COUNT1: 1
# COUNT2: lps
# elapsed: 10.006435
# pid: 133497
# status: 0

#### Pass 8


# COUNT0: 20186208
# COUNT1: 1
# COUNT2: lps
# elapsed: 10.007142
# pid: 133508
# status: 0

# COUNT0: 20191115
# COUNT1: 1
# COUNT2: lps
# elapsed: 10.006907
# pid: 133510
# status: 0

#### Pass 9


# COUNT0: 20163483
# COUNT1: 1
# COUNT2: lps
# elapsed: 10.007454
# pid: 133520
# status: 0

# COUNT0: 20160225
# COUNT1: 1
# COUNT2: lps
# elapsed: 10.006916
# pid: 133522
# status: 0

#### Pass 10


# COUNT0: 20214953
# COUNT1: 1
# COUNT2: lps
# elapsed: 10.006910
# pid: 133532
# status: 0

# COUNT0: 20220731
# COUNT1: 1
# COUNT2: lps
# elapsed: 10.006717
# pid: 133534
# status: 0

*Dump score:   39826487.0
*Dump score:   40223994.0
*Dump score:   40283386.0
Count score:   40323708.0
Count score:   40367124.0
Count score:   40377323.0
Count score:   40435684.0
Count score:   40501179.0
Count score:   40558555.0
Count score:   40582534.0

>>>> Sum of 2 copies
>>>> score: 4042112.20705611
>>>> time: 10.0069803571429
>>>> iterations: 7


########################################################
Shell Scripts (1 concurrent) -- 2 copies
==> "/mnt/host0/unixbench/UnixBench/pgms/looper" 60 "/mnt/host0/unixbench/UnixBench/pgms/multi.sh" 1 2>&1 >> "/mnt/host0/unixbench/UnixBench/results/uarf-2025-06-04-03.log"

#### Pass 1


# COUNT0: 2067
# COUNT1: 60
# COUNT2: lpm
# elapsed: 60.027388
# pid: 133544
# status: 0

# COUNT0: 2065
# COUNT1: 60
# COUNT2: lpm
# elapsed: 60.029398
# pid: 133546
# status: 0

#### Pass 2


# COUNT0: 2057
# COUNT1: 60
# COUNT2: lpm
# elapsed: 60.024121
# pid: 170763
# status: 0

# COUNT0: 2053
# COUNT1: 60
# COUNT2: lpm
# elapsed: 60.019000
# pid: 170765
# status: 0

#### Pass 3


# COUNT0: 2059
# COUNT1: 60
# COUNT2: lpm
# elapsed: 60.018790
# pid: 207783
# status: 0

# COUNT0: 2060
# COUNT1: 60
# COUNT2: lpm
# elapsed: 60.020900
# pid: 207785
# status: 0

*Dump score:       4110.0
Count score:       4119.0
Count score:       4132.0

>>>> Sum of 2 copies
>>>> score: 4123.83717604959
>>>> time: 60.024119
>>>> iterations: 2


########################################################
Shell Scripts (8 concurrent) -- 2 copies
==> "/mnt/host0/unixbench/UnixBench/pgms/looper" 60 "/mnt/host0/unixbench/UnixBench/pgms/multi.sh" 8 2>&1 >> "/mnt/host0/unixbench/UnixBench/results/uarf-2025-06-04-03.log"

#### Pass 1


# COUNT0: 338
# COUNT1: 60
# COUNT2: lpm
# elapsed: 60.157591
# pid: 244884
# status: 0

# COUNT0: 338
# COUNT1: 60
# COUNT2: lpm
# elapsed: 60.159298
# pid: 244886
# status: 0

#### Pass 2


# COUNT0: 336
# COUNT1: 60
# COUNT2: lpm
# elapsed: 60.067093
# pid: 288967
# status: 0

# COUNT0: 336
# COUNT1: 60
# COUNT2: lpm
# elapsed: 60.068684
# pid: 288968
# status: 0

#### Pass 3


# COUNT0: 336
# COUNT1: 60
# COUNT2: lpm
# elapsed: 60.141605
# pid: 332789
# status: 0

# COUNT0: 336
# COUNT1: 60
# COUNT2: lpm
# elapsed: 60.143061
# pid: 332791
# status: 0

*Dump score:        672.0
Count score:        672.0
Count score:        676.0

>>>> Sum of 2 copies
>>>> score: 672.311902900832
>>>> time: 60.15038875
>>>> iterations: 2

