
########################################################
Dhrystone 2 using register variables -- 1 copy
==> "/mnt/host0/unixbench/UnixBench/pgms/dhry2reg" 10 2>&1 >> "/mnt/host0/unixbench/UnixBench/results/uarf-2025-06-02-03.log"

#### Pass 1


# COUNT0: 479061527
# COUNT1: 1
# COUNT2: lps
# elapsed: 10.006395
# pid: 2675993
# status: 0

#### Pass 2


# COUNT0: 479142347
# COUNT1: 1
# COUNT2: lps
# elapsed: 10.006061
# pid: 2676002
# status: 0

#### Pass 3


# COUNT0: 478983481
# COUNT1: 1
# COUNT2: lps
# elapsed: 10.006599
# pid: 2676011
# status: 0

#### Pass 4


# COUNT0: 479150910
# COUNT1: 1
# COUNT2: lps
# elapsed: 10.006447
# pid: 2676020
# status: 0

#### Pass 5


# COUNT0: 479175653
# COUNT1: 1
# COUNT2: lps
# elapsed: 10.006282
# pid: 2676029
# status: 0

#### Pass 6


# COUNT0: 479186419
# COUNT1: 1
# COUNT2: lps
# elapsed: 10.006585
# pid: 2676038
# status: 0

#### Pass 7


# COUNT0: 498895304
# COUNT1: 1
# COUNT2: lps
# elapsed: 10.006279
# pid: 2676048
# status: 0

#### Pass 8


# COUNT0: 403601763
# COUNT1: 1
# COUNT2: lps
# elapsed: 10.006472
# pid: 2676057
# status: 0

#### Pass 9


# COUNT0: 479134877
# COUNT1: 1
# COUNT2: lps
# elapsed: 10.006423
# pid: 2676066
# status: 0

#### Pass 10


# COUNT0: 437943412
# COUNT1: 1
# COUNT2: lps
# elapsed: 10.006374
# pid: 2676075
# status: 0

*Dump score:  403601763.0
*Dump score:  437943412.0
*Dump score:  478983481.0
Count score:  479061527.0
Count score:  479134877.0
Count score:  479142347.0
Count score:  479150910.0
Count score:  479175653.0
Count score:  479186419.0
Count score:  498895304.0

>>>> Results of 1 copy
>>>> score: 48160926.5052813
>>>> time: 10.0063531428571
>>>> iterations: 7


########################################################
Double-Precision Whetstone -- 1 copy
==> "/mnt/host0/unixbench/UnixBench/pgms/whetstone-double"  2>&1 >> "/mnt/host0/unixbench/UnixBench/results/uarf-2025-06-02-03.log"

#### Pass 1

Calibrate
       0.00 Seconds          1   Passes (x 100)
       0.01 Seconds          5   Passes (x 100)
       0.05 Seconds         25   Passes (x 100)
       0.17 Seconds        125   Passes (x 100)
       0.83 Seconds        625   Passes (x 100)

Use 7527  passes (x 100)

          Double Precision C/C++ Whetstone Benchmark

Loop content                  Result              MFLOPS      MOPS   Seconds

N1 floating point     -1.12398255667392033      1796.786              0.080
N2 floating point     -1.12187079889294417      2116.112              0.478
N3 if then else        1.00000000000000000                5866.604    0.133
N4 fixed point        12.00000000000000000               502867891573.393    0.000
N5 sin,cos etc.        0.49902937281518261                 185.247    3.381
N6 floating point      0.99999987890802811      1028.547              3.947
N7 assignments         3.00000000000000000                5898.447    0.236
N8 exp,sqrt etc.       0.75100163018453958                 167.847    1.668

MWIPS                                           7585.179              9.923


# COUNT0: 7585.179
# COUNT1: 0
# COUNT2: MWIPS
# TIME: 9.923
# elapsed: 11.789636
# pid: 2676084
# status: 0

#### Pass 2

Calibrate
       0.00 Seconds          1   Passes (x 100)
       0.01 Seconds          5   Passes (x 100)
       0.04 Seconds         25   Passes (x 100)
       0.17 Seconds        125   Passes (x 100)
       0.83 Seconds        625   Passes (x 100)

Use 7532  passes (x 100)

          Double Precision C/C++ Whetstone Benchmark

Loop content                  Result              MFLOPS      MOPS   Seconds

N1 floating point     -1.12398255667392033      1794.346              0.081
N2 floating point     -1.12187079889294417      2141.371              0.473
N3 if then else        1.00000000000000000                5910.165    0.132
N4 fixed point        12.00000000000000000                   0.000   -0.000
N5 sin,cos etc.        0.49902937281518261                 184.901    3.389
N6 floating point      0.99999987890802811      1027.760              3.953
N7 assignments         3.00000000000000000                5886.911    0.236
N8 exp,sqrt etc.       0.75100163018453958                 168.030    1.668

MWIPS                                           7584.043              9.931


# COUNT0: 7584.043
# COUNT1: 0
# COUNT2: MWIPS
# TIME: 9.931
# elapsed: 11.796788
# pid: 2676093
# status: 0

#### Pass 3

Calibrate
       0.00 Seconds          1   Passes (x 100)
       0.01 Seconds          5   Passes (x 100)
       0.04 Seconds         25   Passes (x 100)
       0.17 Seconds        125   Passes (x 100)
       0.83 Seconds        625   Passes (x 100)

Use 7520  passes (x 100)

          Double Precision C/C++ Whetstone Benchmark

Loop content                  Result              MFLOPS      MOPS   Seconds

N1 floating point     -1.12398255667392033      1798.429              0.080
N2 floating point     -1.12187079889294417      2143.932              0.471
N3 if then else        1.00000000000000000                5929.339    0.131
N4 fixed point        12.00000000000000000                   0.000   -0.000
N5 sin,cos etc.        0.49902937281518261                 185.122    3.380
N6 floating point      0.99999987890802811      1027.736              3.947
N7 assignments         3.00000000000000000                5872.267    0.237
N8 exp,sqrt etc.       0.75100163018453958                 167.733    1.668

MWIPS                                           7585.248              9.914


# COUNT0: 7585.248
# COUNT1: 0
# COUNT2: MWIPS
# TIME: 9.914
# elapsed: 11.777099
# pid: 2676102
# status: 0

#### Pass 4

Calibrate
       0.00 Seconds          1   Passes (x 100)
       0.01 Seconds          5   Passes (x 100)
       0.04 Seconds         25   Passes (x 100)
       0.17 Seconds        125   Passes (x 100)
       0.83 Seconds        625   Passes (x 100)

Use 7530  passes (x 100)

          Double Precision C/C++ Whetstone Benchmark

Loop content                  Result              MFLOPS      MOPS   Seconds

N1 floating point     -1.12398255667392033      1798.757              0.080
N2 floating point     -1.12187079889294417      2141.830              0.473
N3 if then else        1.00000000000000000                5926.204    0.132
N4 fixed point        12.00000000000000000                   0.000   -0.000
N5 sin,cos etc.        0.49902937281518261                 185.135    3.384
N6 floating point      0.99999987890802811      1028.076              3.951
N7 assignments         3.00000000000000000                5878.466    0.237
N8 exp,sqrt etc.       0.75100163018453958                 167.726    1.670

MWIPS                                           7586.181              9.926


# COUNT0: 7586.181
# COUNT1: 0
# COUNT2: MWIPS
# TIME: 9.926
# elapsed: 11.790196
# pid: 2676111
# status: 0

#### Pass 5

Calibrate
       0.00 Seconds          1   Passes (x 100)
       0.01 Seconds          5   Passes (x 100)
       0.04 Seconds         25   Passes (x 100)
       0.17 Seconds        125   Passes (x 100)
       0.83 Seconds        625   Passes (x 100)

Use 7543  passes (x 100)

          Double Precision C/C++ Whetstone Benchmark

Loop content                  Result              MFLOPS      MOPS   Seconds

N1 floating point     -1.12398255667392033      1799.664              0.080
N2 floating point     -1.12187079889294417      2136.197              0.475
N3 if then else        1.00000000000000000                5912.289    0.132
N4 fixed point        12.00000000000000000                   0.000   -0.000
N5 sin,cos etc.        0.49902937281518261                 185.241    3.388
N6 floating point      0.99999987890802811      1028.156              3.957
N7 assignments         3.00000000000000000                5891.948    0.237
N8 exp,sqrt etc.       0.75100163018453958                 168.158    1.669

MWIPS                                           7590.424              9.938


# COUNT0: 7590.424
# COUNT1: 0
# COUNT2: MWIPS
# TIME: 9.938
# elapsed: 11.802030
# pid: 2676120
# status: 0

#### Pass 6

Calibrate
       0.00 Seconds          1   Passes (x 100)
       0.01 Seconds          5   Passes (x 100)
       0.04 Seconds         25   Passes (x 100)
       0.17 Seconds        125   Passes (x 100)
       0.83 Seconds        625   Passes (x 100)

Use 7527  passes (x 100)

          Double Precision C/C++ Whetstone Benchmark

Loop content                  Result              MFLOPS      MOPS   Seconds

N1 floating point     -1.12398255667392033      1797.969              0.080
N2 floating point     -1.12187079889294417      2134.526              0.474
N3 if then else        1.00000000000000000                5882.201    0.132
N4 fixed point        12.00000000000000000                   0.000   -0.000
N5 sin,cos etc.        0.49902937281518261                 184.383    3.396
N6 floating point      0.99999987890802811      1027.788              3.950
N7 assignments         3.00000000000000000                5859.957    0.237
N8 exp,sqrt etc.       0.75100163018453958                 167.708    1.670

MWIPS                                           7572.085              9.940


# COUNT0: 7572.085
# COUNT1: 0
# COUNT2: MWIPS
# TIME: 9.940
# elapsed: 11.804892
# pid: 2676129
# status: 0

#### Pass 7

Calibrate
       0.00 Seconds          1   Passes (x 100)
       0.01 Seconds          5   Passes (x 100)
       0.04 Seconds         25   Passes (x 100)
       0.17 Seconds        125   Passes (x 100)
       0.83 Seconds        625   Passes (x 100)

Use 7532  passes (x 100)

          Double Precision C/C++ Whetstone Benchmark

Loop content                  Result              MFLOPS      MOPS   Seconds

N1 floating point     -1.12398255667392033      1794.243              0.081
N2 floating point     -1.12187079889294417      2146.119              0.472
N3 if then else        1.00000000000000000                5888.195    0.132
N4 fixed point        12.00000000000000000                   0.000   -0.000
N5 sin,cos etc.        0.49902937281518261                 185.107    3.385
N6 floating point      0.99999987890802811      1029.285              3.947
N7 assignments         3.00000000000000000                5901.038    0.236
N8 exp,sqrt etc.       0.75100163018453958                 167.759    1.670

MWIPS                                           7590.186              9.923


# COUNT0: 7590.186
# COUNT1: 0
# COUNT2: MWIPS
# TIME: 9.923
# elapsed: 11.788433
# pid: 2676138
# status: 0

#### Pass 8

Calibrate
       0.00 Seconds          1   Passes (x 100)
       0.01 Seconds          5   Passes (x 100)
       0.04 Seconds         25   Passes (x 100)
       0.17 Seconds        125   Passes (x 100)
       0.83 Seconds        625   Passes (x 100)

Use 7534  passes (x 100)

          Double Precision C/C++ Whetstone Benchmark

Loop content                  Result              MFLOPS      MOPS   Seconds

N1 floating point     -1.12398255667392033      1799.421              0.080
N2 floating point     -1.12187079889294417      2141.935              0.473
N3 if then else        1.00000000000000000                5930.475    0.131
N4 fixed point        12.00000000000000000                   0.000   -0.000
N5 sin,cos etc.        0.49902937281518261                 185.285    3.383
N6 floating point      0.99999987890802811      1028.448              3.951
N7 assignments         3.00000000000000000                5899.128    0.236
N8 exp,sqrt etc.       0.75100163018453958                 167.944    1.669

MWIPS                                           7591.768              9.924


# COUNT0: 7591.768
# COUNT1: 0
# COUNT2: MWIPS
# TIME: 9.924
# elapsed: 11.786191
# pid: 2676147
# status: 0

#### Pass 9

Calibrate
       0.00 Seconds          1   Passes (x 100)
       0.01 Seconds          5   Passes (x 100)
       0.05 Seconds         25   Passes (x 100)
       0.17 Seconds        125   Passes (x 100)
       0.83 Seconds        625   Passes (x 100)

Use 7553  passes (x 100)

          Double Precision C/C++ Whetstone Benchmark

Loop content                  Result              MFLOPS      MOPS   Seconds

N1 floating point     -1.12398255667392033      1803.953              0.080
N2 floating point     -1.12187079889294417      2134.487              0.476
N3 if then else        1.00000000000000000                5903.853    0.132
N4 fixed point        12.00000000000000000                   0.000   -0.000
N5 sin,cos etc.        0.49902937281518261                 185.350    3.390
N6 floating point      0.99999987890802811      1029.277              3.958
N7 assignments         3.00000000000000000                5853.268    0.238
N8 exp,sqrt etc.       0.75100163018453958                 167.902    1.673

MWIPS                                           7591.823              9.949


# COUNT0: 7591.823
# COUNT1: 0
# COUNT2: MWIPS
# TIME: 9.949
# elapsed: 11.809443
# pid: 2676156
# status: 0

#### Pass 10

Calibrate
       0.00 Seconds          1   Passes (x 100)
       0.01 Seconds          5   Passes (x 100)
       0.04 Seconds         25   Passes (x 100)
       0.17 Seconds        125   Passes (x 100)
       0.83 Seconds        625   Passes (x 100)

Use 7550  passes (x 100)

          Double Precision C/C++ Whetstone Benchmark

Loop content                  Result              MFLOPS      MOPS   Seconds

N1 floating point     -1.12398255667392033      1795.726              0.081
N2 floating point     -1.12187079889294417      2133.509              0.476
N3 if then else        1.00000000000000000                5920.871    0.132
N4 fixed point        12.00000000000000000                   0.000   -0.000
N5 sin,cos etc.        0.49902937281518261                 185.270    3.391
N6 floating point      0.99999987890802811      1028.331              3.960
N7 assignments         3.00000000000000000                5878.036    0.237
N8 exp,sqrt etc.       0.75100163018453958                 167.500    1.677

MWIPS                                           7585.481              9.953


# COUNT0: 7585.481
# COUNT1: 0
# COUNT2: MWIPS
# TIME: 9.953
# elapsed: 11.819084
# pid: 2676165
# status: 0

*Dump score:       7572.1
*Dump score:       7584.0
*Dump score:       7585.2
Count score:       7585.2
Count score:       7585.5
Count score:       7586.2
Count score:       7590.2
Count score:       7590.4
Count score:       7591.8
Count score:       7591.8

>>>> Results of 1 copy
>>>> score: 7588.72964431889
>>>> time: 9.93242857142857
>>>> iterations: 7


########################################################
Execl Throughput -- 1 copy
==> "/mnt/host0/unixbench/UnixBench/pgms/execl" 30 2>&1 >> "/mnt/host0/unixbench/UnixBench/results/uarf-2025-06-02-03.log"

#### Pass 1


# COUNT0: 34108
# COUNT1: 1
# COUNT2: lps
# elapsed: 29.216016
# pid: 2676175
# status: 0

#### Pass 2


# COUNT0: 35692
# COUNT1: 1
# COUNT2: lps
# elapsed: 29.983211
# pid: 2676184
# status: 0

#### Pass 3


# COUNT0: 35156
# COUNT1: 1
# COUNT2: lps
# elapsed: 29.984606
# pid: 2676193
# status: 0

*Dump score:      34108.0
Count score:      35156.0
Count score:      35692.0

>>>> Results of 1 copy
>>>> score: 1181.39989051483
>>>> time: 29.9839085
>>>> iterations: 2


########################################################
File Copy 1024 bufsize 2000 maxblocks -- 1 copy
==> "/mnt/host0/unixbench/UnixBench/pgms/fstime" -c -t 30 -d "/mnt/host0/unixbench/UnixBench/tmp" -b 1024 -m 2000 2>&1 >> "/mnt/host0/unixbench/UnixBench/results/uarf-2025-06-02-03.log"

#### Pass 1

Write done: 120000 in 2.0017, score 14987
Read done: 124320 in 2.0000, score 15539
Copy done: 904328 in 30.0000, score 7536

# COUNT0: 7536
# COUNT1: 0
# COUNT2: KBps
# TIME: 30.0
# elapsed: 45.022704
# pid: 2676202
# status: 0

#### Pass 2

Write done: 120000 in 2.0044, score 14967
Read done: 124432 in 2.0001, score 15553
Copy done: 913220 in 30.0001, score 7610

# COUNT0: 7610
# COUNT1: 0
# COUNT2: KBps
# TIME: 30.0
# elapsed: 45.023232
# pid: 2676212
# status: 0

#### Pass 3

Write done: 136000 in 2.1156, score 16070
Read done: 123212 in 2.0000, score 15401
Copy done: 903236 in 30.0001, score 7526

# COUNT0: 7526
# COUNT1: 0
# COUNT2: KBps
# TIME: 30.0
# elapsed: 45.133729
# pid: 2676221
# status: 0

*Dump score:       7526.0
Count score:       7536.0
Count score:       7610.0

>>>> Results of 1 copy
>>>> score: 7572.90961255976
>>>> time: 30
>>>> iterations: 2


########################################################
File Copy 256 bufsize 500 maxblocks -- 1 copy
==> "/mnt/host0/unixbench/UnixBench/pgms/fstime" -c -t 30 -d "/mnt/host0/unixbench/UnixBench/tmp" -b 256 -m 500 2>&1 >> "/mnt/host0/unixbench/UnixBench/results/uarf-2025-06-02-03.log"

#### Pass 1

Write done: 30000 in 2.0525, score 3654
Read done: 31029 in 2.0000, score 3878
Copy done: 243471 in 30.0001, score 2028

# COUNT0: 2028
# COUNT1: 0
# COUNT2: KBps
# TIME: 30.0
# elapsed: 45.072108
# pid: 2676230
# status: 0

#### Pass 2

Write done: 34000 in 2.0474, score 4151
Read done: 31197 in 2.0000, score 3899
Copy done: 236506 in 30.0000, score 1970

# COUNT0: 1970
# COUNT1: 0
# COUNT2: KBps
# TIME: 30.0
# elapsed: 45.064629
# pid: 2676239
# status: 0

#### Pass 3

Write done: 30000 in 2.0051, score 3740
Read done: 30938 in 2.0000, score 3867
Copy done: 231083 in 30.0001, score 1925

# COUNT0: 1925
# COUNT1: 0
# COUNT2: KBps
# TIME: 30.0
# elapsed: 45.024443
# pid: 2676248
# status: 0

*Dump score:       1925.0
Count score:       1970.0
Count score:       2028.0

>>>> Results of 1 copy
>>>> score: 1998.78963375339
>>>> time: 30
>>>> iterations: 2


########################################################
File Copy 4096 bufsize 8000 maxblocks -- 1 copy
==> "/mnt/host0/unixbench/UnixBench/pgms/fstime" -c -t 30 -d "/mnt/host0/unixbench/UnixBench/tmp" -b 4096 -m 8000 2>&1 >> "/mnt/host0/unixbench/UnixBench/results/uarf-2025-06-02-03.log"

#### Pass 1

Write done: 640000 in 2.0737, score 77157
Read done: 467600 in 2.0001, score 58447
Copy done: 3556288 in 30.0000, score 29635

# COUNT0: 29635
# COUNT1: 0
# COUNT2: KBps
# TIME: 30.0
# elapsed: 45.095956
# pid: 2676257
# status: 0

#### Pass 2

Write done: 544000 in 2.0495, score 66358
Read done: 483264 in 2.0001, score 60405
Copy done: 3476384 in 30.0001, score 28969

# COUNT0: 28969
# COUNT1: 0
# COUNT2: KBps
# TIME: 30.0
# elapsed: 45.077770
# pid: 2676266
# status: 0

#### Pass 3

Write done: 480000 in 2.1131, score 56787
Read done: 479024 in 2.0001, score 59876
Copy done: 3519600 in 30.0001, score 29329

# COUNT0: 29329
# COUNT1: 0
# COUNT2: KBps
# TIME: 30.0
# elapsed: 45.136856
# pid: 2676276
# status: 0

*Dump score:      28969.0
Count score:      29329.0
Count score:      29635.0

>>>> Results of 1 copy
>>>> score: 29481.6029923747
>>>> time: 30
>>>> iterations: 2


########################################################
Pipe Throughput -- 1 copy
==> "/mnt/host0/unixbench/UnixBench/pgms/pipe" 10 2>&1 >> "/mnt/host0/unixbench/UnixBench/results/uarf-2025-06-02-03.log"

#### Pass 1


# COUNT0: 23246433
# COUNT1: 1
# COUNT2: lps
# elapsed: 10.006543
# pid: 2676285
# status: 0

#### Pass 2


# COUNT0: 22911967
# COUNT1: 1
# COUNT2: lps
# elapsed: 10.006298
# pid: 2676294
# status: 0

#### Pass 3


# COUNT0: 23079889
# COUNT1: 1
# COUNT2: lps
# elapsed: 10.006169
# pid: 2676303
# status: 0

#### Pass 4


# COUNT0: 23191474
# COUNT1: 1
# COUNT2: lps
# elapsed: 10.006418
# pid: 2676312
# status: 0

#### Pass 5


# COUNT0: 23142753
# COUNT1: 1
# COUNT2: lps
# elapsed: 10.006161
# pid: 2676321
# status: 0

#### Pass 6


# COUNT0: 23011369
# COUNT1: 1
# COUNT2: lps
# elapsed: 10.006013
# pid: 2676330
# status: 0

#### Pass 7


# COUNT0: 23113235
# COUNT1: 1
# COUNT2: lps
# elapsed: 10.006596
# pid: 2676339
# status: 0

#### Pass 8


# COUNT0: 22856615
# COUNT1: 1
# COUNT2: lps
# elapsed: 10.006171
# pid: 2676348
# status: 0

#### Pass 9


# COUNT0: 23161898
# COUNT1: 1
# COUNT2: lps
# elapsed: 10.006484
# pid: 2676357
# status: 0

#### Pass 10


# COUNT0: 23146033
# COUNT1: 1
# COUNT2: lps
# elapsed: 10.006121
# pid: 2676366
# status: 0

*Dump score:   22856615.0
*Dump score:   22911967.0
*Dump score:   23011369.0
Count score:   23079889.0
Count score:   23113235.0
Count score:   23142753.0
Count score:   23146033.0
Count score:   23161898.0
Count score:   23191474.0
Count score:   23246433.0

>>>> Results of 1 copy
>>>> score: 2313976.957964
>>>> time: 10.006356
>>>> iterations: 7


########################################################
Pipe-based Context Switching -- 1 copy
==> "/mnt/host0/unixbench/UnixBench/pgms/context1" 10 2>&1 >> "/mnt/host0/unixbench/UnixBench/results/uarf-2025-06-02-03.log"

#### Pass 1


# COUNT0: 347559
# COUNT1: 1
# COUNT2: lps
# elapsed: 10.005720
# pid: 2676375
# status: 0

#### Pass 2


# COUNT0: 343681
# COUNT1: 1
# COUNT2: lps
# elapsed: 10.005975
# pid: 2676388
# status: 0

#### Pass 3


# COUNT0: 340380
# COUNT1: 1
# COUNT2: lps
# elapsed: 10.006410
# pid: 2676398
# status: 0

#### Pass 4


# COUNT0: 342068
# COUNT1: 1
# COUNT2: lps
# elapsed: 10.006173
# pid: 2676408
# status: 0

#### Pass 5


# COUNT0: 344821
# COUNT1: 1
# COUNT2: lps
# elapsed: 10.006200
# pid: 2676418
# status: 0

#### Pass 6


# COUNT0: 345602
# COUNT1: 1
# COUNT2: lps
# elapsed: 10.006251
# pid: 2676428
# status: 0

#### Pass 7


# COUNT0: 347044
# COUNT1: 1
# COUNT2: lps
# elapsed: 10.006029
# pid: 2676438
# status: 0

#### Pass 8


# COUNT0: 342677
# COUNT1: 1
# COUNT2: lps
# elapsed: 10.006080
# pid: 2676448
# status: 0

#### Pass 9


# COUNT0: 343468
# COUNT1: 1
# COUNT2: lps
# elapsed: 10.005844
# pid: 2676458
# status: 0

#### Pass 10


# COUNT0: 342532
# COUNT1: 1
# COUNT2: lps
# elapsed: 10.005809
# pid: 2676468
# status: 0

*Dump score:     340380.0
*Dump score:     342068.0
*Dump score:     342532.0
Count score:     342677.0
Count score:     343468.0
Count score:     343681.0
Count score:     344821.0
Count score:     345602.0
Count score:     347044.0
Count score:     347559.0

>>>> Results of 1 copy
>>>> score: 34476.7247098101
>>>> time: 10.0060141428571
>>>> iterations: 7


########################################################
Process Creation -- 1 copy
==> "/mnt/host0/unixbench/UnixBench/pgms/spawn" 30 2>&1 >> "/mnt/host0/unixbench/UnixBench/results/uarf-2025-06-02-03.log"

#### Pass 1


# COUNT0: 297052
# COUNT1: 1
# COUNT2: lps
# elapsed: 30.006629
# pid: 2676479
# status: 0

#### Pass 2


# COUNT0: 297514
# COUNT1: 1
# COUNT2: lps
# elapsed: 30.006428
# pid: 2973541
# status: 0

#### Pass 3


# COUNT0: 305253
# COUNT1: 1
# COUNT2: lps
# elapsed: 30.006453
# pid: 3271065
# status: 0

*Dump score:     297052.0
Count score:     297514.0
Count score:     305253.0

>>>> Results of 1 copy
>>>> score: 10043.1325228965
>>>> time: 30.0064405
>>>> iterations: 2


########################################################
System Call Overhead -- 1 copy
==> "/mnt/host0/unixbench/UnixBench/pgms/syscall" 10 2>&1 >> "/mnt/host0/unixbench/UnixBench/results/uarf-2025-06-02-03.log"

#### Pass 1


# COUNT0: 29404618
# COUNT1: 1
# COUNT2: lps
# elapsed: 10.005965
# pid: 3576328
# status: 0

#### Pass 2


# COUNT0: 29951025
# COUNT1: 1
# COUNT2: lps
# elapsed: 10.005987
# pid: 3576337
# status: 0

#### Pass 3


# COUNT0: 29802609
# COUNT1: 1
# COUNT2: lps
# elapsed: 10.006422
# pid: 3576346
# status: 0

#### Pass 4


# COUNT0: 29718620
# COUNT1: 1
# COUNT2: lps
# elapsed: 10.006140
# pid: 3576355
# status: 0

#### Pass 5


# COUNT0: 29252826
# COUNT1: 1
# COUNT2: lps
# elapsed: 10.006449
# pid: 3576364
# status: 0

#### Pass 6


# COUNT0: 29884729
# COUNT1: 1
# COUNT2: lps
# elapsed: 10.006704
# pid: 3576373
# status: 0

#### Pass 7


# COUNT0: 29658491
# COUNT1: 1
# COUNT2: lps
# elapsed: 10.006440
# pid: 3576382
# status: 0

#### Pass 8


# COUNT0: 29177536
# COUNT1: 1
# COUNT2: lps
# elapsed: 10.006516
# pid: 3576392
# status: 0

#### Pass 9


# COUNT0: 29829836
# COUNT1: 1
# COUNT2: lps
# elapsed: 10.006166
# pid: 3576401
# status: 0

#### Pass 10


# COUNT0: 29644243
# COUNT1: 1
# COUNT2: lps
# elapsed: 10.006458
# pid: 3576410
# status: 0

*Dump score:   29177536.0
*Dump score:   29252826.0
*Dump score:   29404618.0
Count score:   29644243.0
Count score:   29658491.0
Count score:   29718620.0
Count score:   29802609.0
Count score:   29829836.0
Count score:   29884729.0
Count score:   29951025.0

>>>> Results of 1 copy
>>>> score: 2976518.55890764
>>>> time: 10.006331
>>>> iterations: 7


########################################################
Shell Scripts (1 concurrent) -- 1 copy
==> "/mnt/host0/unixbench/UnixBench/pgms/looper" 60 "/mnt/host0/unixbench/UnixBench/pgms/multi.sh" 1 2>&1 >> "/mnt/host0/unixbench/UnixBench/results/uarf-2025-06-02-03.log"

#### Pass 1


# COUNT0: 2996
# COUNT1: 60
# COUNT2: lpm
# elapsed: 60.011015
# pid: 3576419
# status: 0

#### Pass 2


# COUNT0: 2987
# COUNT1: 60
# COUNT2: lpm
# elapsed: 60.010366
# pid: 3603401
# status: 0

#### Pass 3


# COUNT0: 2995
# COUNT1: 60
# COUNT2: lpm
# elapsed: 60.023819
# pid: 3630303
# status: 0

*Dump score:       2987.0
Count score:       2995.0
Count score:       2996.0

>>>> Results of 1 copy
>>>> score: 2994.63068393553
>>>> time: 60.017417
>>>> iterations: 2


########################################################
Shell Scripts (8 concurrent) -- 1 copy
==> "/mnt/host0/unixbench/UnixBench/pgms/looper" 60 "/mnt/host0/unixbench/UnixBench/pgms/multi.sh" 8 2>&1 >> "/mnt/host0/unixbench/UnixBench/results/uarf-2025-06-02-03.log"

#### Pass 1


# COUNT0: 644
# COUNT1: 60
# COUNT2: lpm
# elapsed: 60.052293
# pid: 3657276
# status: 0

#### Pass 2


# COUNT0: 642
# COUNT1: 60
# COUNT2: lpm
# elapsed: 60.087877
# pid: 3699210
# status: 0

#### Pass 3


# COUNT0: 641
# COUNT1: 60
# COUNT2: lpm
# elapsed: 60.044205
# pid: 3741014
# status: 0

*Dump score:        641.0
Count score:        642.0
Count score:        644.0

>>>> Results of 1 copy
>>>> score: 642.249050187363
>>>> time: 60.070085
>>>> iterations: 2


########################################################
Dhrystone 2 using register variables -- 2 copies
==> "/mnt/host0/unixbench/UnixBench/pgms/dhry2reg" 10 2>&1 >> "/mnt/host0/unixbench/UnixBench/results/uarf-2025-06-02-03.log"

#### Pass 1


# COUNT0: 313154000
# COUNT1: 1
# COUNT2: lps
# elapsed: 10.007148
# pid: 3782753
# status: 0

# COUNT0: 313146120
# COUNT1: 1
# COUNT2: lps
# elapsed: 10.006910
# pid: 3782755
# status: 0

#### Pass 2


# COUNT0: 311262012
# COUNT1: 1
# COUNT2: lps
# elapsed: 10.007755
# pid: 3782765
# status: 0

# COUNT0: 311265046
# COUNT1: 1
# COUNT2: lps
# elapsed: 10.006870
# pid: 3782767
# status: 0

#### Pass 3


# COUNT0: 309772505
# COUNT1: 1
# COUNT2: lps
# elapsed: 10.006110
# pid: 3782777
# status: 0

# COUNT0: 309769048
# COUNT1: 1
# COUNT2: lps
# elapsed: 10.005757
# pid: 3782779
# status: 0

#### Pass 4


# COUNT0: 312914366
# COUNT1: 1
# COUNT2: lps
# elapsed: 10.007386
# pid: 3782790
# status: 0

# COUNT0: 312916314
# COUNT1: 1
# COUNT2: lps
# elapsed: 10.006746
# pid: 3782792
# status: 0

#### Pass 5


# COUNT0: 313924555
# COUNT1: 1
# COUNT2: lps
# elapsed: 10.007769
# pid: 3782802
# status: 0

# COUNT0: 313928374
# COUNT1: 1
# COUNT2: lps
# elapsed: 10.006183
# pid: 3782804
# status: 0

#### Pass 6


# COUNT0: 313540662
# COUNT1: 1
# COUNT2: lps
# elapsed: 10.007452
# pid: 3782814
# status: 0

# COUNT0: 313475294
# COUNT1: 1
# COUNT2: lps
# elapsed: 10.006745
# pid: 3782816
# status: 0

#### Pass 7


# COUNT0: 312835356
# COUNT1: 1
# COUNT2: lps
# elapsed: 10.006891
# pid: 3782826
# status: 0

# COUNT0: 312862828
# COUNT1: 1
# COUNT2: lps
# elapsed: 10.005952
# pid: 3782828
# status: 0

#### Pass 8


# COUNT0: 313551938
# COUNT1: 1
# COUNT2: lps
# elapsed: 10.007064
# pid: 3782838
# status: 0

# COUNT0: 313475028
# COUNT1: 1
# COUNT2: lps
# elapsed: 10.006377
# pid: 3782840
# status: 0

#### Pass 9


# COUNT0: 313333008
# COUNT1: 1
# COUNT2: lps
# elapsed: 10.007604
# pid: 3782850
# status: 0

# COUNT0: 313348259
# COUNT1: 1
# COUNT2: lps
# elapsed: 10.007284
# pid: 3782852
# status: 0

#### Pass 10


# COUNT0: 306163749
# COUNT1: 1
# COUNT2: lps
# elapsed: 10.006471
# pid: 3782862
# status: 0

# COUNT0: 307911778
# COUNT1: 1
# COUNT2: lps
# elapsed: 10.006482
# pid: 3782864
# status: 0

*Dump score:  614075527.0
*Dump score:  619541553.0
*Dump score:  622527058.0
Count score:  625698184.0
Count score:  625830680.0
Count score:  626300120.0
Count score:  626681267.0
Count score:  627015956.0
Count score:  627026966.0
Count score:  627852929.0

>>>> Sum of 2 copies
>>>> score: 62619290.5734086
>>>> time: 10.0069650714286
>>>> iterations: 7


########################################################
Double-Precision Whetstone -- 2 copies
==> "/mnt/host0/unixbench/UnixBench/pgms/whetstone-double"  2>&1 >> "/mnt/host0/unixbench/UnixBench/results/uarf-2025-06-02-03.log"

#### Pass 1

Calibrate
       0.00 Seconds          1   Passes (x 100)
       0.01 Seconds          5   Passes (x 100)
       0.04 Seconds         25   Passes (x 100)
       0.19 Seconds        125   Passes (x 100)
       0.95 Seconds        625   Passes (x 100)

Use 6560  passes (x 100)

          Double Precision C/C++ Whetstone Benchmark

Loop content                  Result              MFLOPS      MOPS   Seconds

N1 floating point     -1.12398255667392033      1735.631              0.073
N2 floating point     -1.12187079889294417      2091.154              0.422
N3 if then else        1.00000000000000000                5843.887    0.116
N4 fixed point        12.00000000000000000               55320094134.000    0.000
N5 sin,cos etc.        0.49902937281518261                 145.545    3.750
N6 floating point      0.99999987890802811       995.598              3.554
N7 assignments         3.00000000000000000                2864.575    0.423
N8 exp,sqrt etc.       0.75100163018453958                 148.610    1.642

MWIPS                                           6573.313              9.980

Calibrate
       0.00 Seconds          1   Passes (x 100)
       0.01 Seconds          5   Passes (x 100)
       0.04 Seconds         25   Passes (x 100)
       0.19 Seconds        125   Passes (x 100)
       0.95 Seconds        625   Passes (x 100)

Use 6558  passes (x 100)

          Double Precision C/C++ Whetstone Benchmark

Loop content                  Result              MFLOPS      MOPS   Seconds

N1 floating point     -1.12398255667392033      1735.127              0.073
N2 floating point     -1.12187079889294417      2090.983              0.422
N3 if then else        1.00000000000000000                5844.512    0.116
N4 fixed point        12.00000000000000000                   0.000   -0.000
N5 sin,cos etc.        0.49902937281518261                 145.378    3.753
N6 floating point      0.99999987890802811       995.545              3.553
N7 assignments         3.00000000000000000                2862.497    0.423
N8 exp,sqrt etc.       0.75100163018453958                 148.416    1.644

MWIPS                                           6568.692              9.984


# COUNT0: 6573.313
# COUNT1: 0
# COUNT2: MWIPS
# TIME: 9.980
# elapsed: 11.913061
# pid: 3782874
# status: 0

# COUNT0: 6568.692
# COUNT1: 0
# COUNT2: MWIPS
# TIME: 9.984
# elapsed: 11.916822
# pid: 3782876
# status: 0

#### Pass 2

Calibrate
       0.00 Seconds          1   Passes (x 100)
       0.01 Seconds          5   Passes (x 100)
       0.04 Seconds         25   Passes (x 100)
       0.19 Seconds        125   Passes (x 100)
       0.96 Seconds        625   Passes (x 100)

Use 6519  passes (x 100)

          Double Precision C/C++ Whetstone Benchmark

Loop content                  Result              MFLOPS      MOPS   Seconds

N1 floating point     -1.12398255667392033      1722.010              0.073
N2 floating point     -1.12187079889294417      2083.248              0.421
N3 if then else        1.00000000000000000                5758.586    0.117
N4 fixed point        12.00000000000000000                   0.000   -0.000
N5 sin,cos etc.        0.49902937281518261                 145.916    3.717
N6 floating point      0.99999987890802811      1004.210              3.502
N7 assignments         3.00000000000000000                2896.824    0.416
N8 exp,sqrt etc.       0.75100163018453958                 148.834    1.629

MWIPS                                           6601.945              9.874

Calibrate
       0.00 Seconds          1   Passes (x 100)
       0.01 Seconds          5   Passes (x 100)
       0.04 Seconds         25   Passes (x 100)
       0.19 Seconds        125   Passes (x 100)
       0.96 Seconds        625   Passes (x 100)

Use 6518  passes (x 100)

          Double Precision C/C++ Whetstone Benchmark

Loop content                  Result              MFLOPS      MOPS   Seconds

N1 floating point     -1.12398255667392033      1722.350              0.073
N2 floating point     -1.12187079889294417      2083.651              0.420
N3 if then else        1.00000000000000000                5760.018    0.117
N4 fixed point        12.00000000000000000               38877940553.677    0.000
N5 sin,cos etc.        0.49902937281518261                 145.810    3.719
N6 floating point      0.99999987890802811      1004.297              3.501
N7 assignments         3.00000000000000000                2897.906    0.416
N8 exp,sqrt etc.       0.75100163018453958                 148.610    1.632

MWIPS                                           6598.887              9.877


# COUNT0: 6598.887
# COUNT1: 0
# COUNT2: MWIPS
# TIME: 9.877
# elapsed: 11.815868
# pid: 3782886
# status: 0

# COUNT0: 6601.945
# COUNT1: 0
# COUNT2: MWIPS
# TIME: 9.874
# elapsed: 11.812495
# pid: 3782888
# status: 0

#### Pass 3

Calibrate
       0.00 Seconds          1   Passes (x 100)
       0.01 Seconds          5   Passes (x 100)
       0.04 Seconds         25   Passes (x 100)
       0.19 Seconds        125   Passes (x 100)
       0.96 Seconds        625   Passes (x 100)

Use 6500  passes (x 100)

          Double Precision C/C++ Whetstone Benchmark

Loop content                  Result              MFLOPS      MOPS   Seconds

N1 floating point     -1.12398255667392033      1724.762              0.072
N2 floating point     -1.12187079889294417      2066.538              0.423
N3 if then else        1.00000000000000000                5755.367    0.117
N4 fixed point        12.00000000000000000               691675061670.775    0.000
N5 sin,cos etc.        0.49902937281518261                 145.584    3.715
N6 floating point      0.99999987890802811      1002.154              3.499
N7 assignments         3.00000000000000000                2891.337    0.415
N8 exp,sqrt etc.       0.75100163018453958                 149.875    1.613

MWIPS                                           6596.276              9.854

Calibrate
       0.00 Seconds          1   Passes (x 100)
       0.01 Seconds          5   Passes (x 100)
       0.04 Seconds         25   Passes (x 100)
       0.19 Seconds        125   Passes (x 100)
       0.96 Seconds        625   Passes (x 100)

Use 6492  passes (x 100)

          Double Precision C/C++ Whetstone Benchmark

Loop content                  Result              MFLOPS      MOPS   Seconds

N1 floating point     -1.12398255667392033      1725.176              0.072
N2 floating point     -1.12187079889294417      2066.575              0.422
N3 if then else        1.00000000000000000                5755.364    0.117
N4 fixed point        12.00000000000000000                   0.000   -0.000
N5 sin,cos etc.        0.49902937281518261                 145.475    3.713
N6 floating point      0.99999987890802811      1002.076              3.495
N7 assignments         3.00000000000000000                2890.339    0.415
N8 exp,sqrt etc.       0.75100163018453958                 148.656    1.625

MWIPS                                           6585.316              9.858


# COUNT0: 6585.316
# COUNT1: 0
# COUNT2: MWIPS
# TIME: 9.858
# elapsed: 11.801842
# pid: 3782898
# status: 0

# COUNT0: 6596.276
# COUNT1: 0
# COUNT2: MWIPS
# TIME: 9.854
# elapsed: 11.797292
# pid: 3782899
# status: 0

#### Pass 4

Calibrate
       0.00 Seconds          1   Passes (x 100)
       0.01 Seconds          5   Passes (x 100)
       0.04 Seconds         25   Passes (x 100)
       0.20 Seconds        125   Passes (x 100)
       0.96 Seconds        625   Passes (x 100)

Use 6509  passes (x 100)

          Double Precision C/C++ Whetstone Benchmark

Loop content                  Result              MFLOPS      MOPS   Seconds

N1 floating point     -1.12398255667392033      1718.619              0.073
N2 floating point     -1.12187079889294417      2068.128              0.423
N3 if then else        1.00000000000000000                5793.168    0.116
N4 fixed point        12.00000000000000000               18291689765.105    0.000
N5 sin,cos etc.        0.49902937281518261                 145.359    3.726
N6 floating point      0.99999987890802811       997.929              3.518
N7 assignments         3.00000000000000000                2870.810    0.419
N8 exp,sqrt etc.       0.75100163018453958                 148.413    1.631

MWIPS                                           6570.546              9.906

Calibrate
       0.00 Seconds          1   Passes (x 100)
       0.01 Seconds          5   Passes (x 100)
       0.04 Seconds         25   Passes (x 100)
       0.20 Seconds        125   Passes (x 100)
       0.96 Seconds        625   Passes (x 100)

Use 6506  passes (x 100)

          Double Precision C/C++ Whetstone Benchmark

Loop content                  Result              MFLOPS      MOPS   Seconds

N1 floating point     -1.12398255667392033      1718.235              0.073
N2 floating point     -1.12187079889294417      2068.612              0.423
N3 if then else        1.00000000000000000                5792.136    0.116
N4 fixed point        12.00000000000000000                   0.000   -0.000
N5 sin,cos etc.        0.49902937281518261                 145.213    3.728
N6 floating point      0.99999987890802811       998.030              3.516
N7 assignments         3.00000000000000000                2871.385    0.419
N8 exp,sqrt etc.       0.75100163018453958                 148.211    1.633

MWIPS                                           6566.922              9.907


# COUNT0: 6566.922
# COUNT1: 0
# COUNT2: MWIPS
# TIME: 9.907
# elapsed: 11.854356
# pid: 3782910
# status: 0

# COUNT0: 6570.546
# COUNT1: 0
# COUNT2: MWIPS
# TIME: 9.906
# elapsed: 11.852789
# pid: 3782911
# status: 0

#### Pass 5

Calibrate
       0.00 Seconds          1   Passes (x 100)
       0.01 Seconds          5   Passes (x 100)
       0.04 Seconds         25   Passes (x 100)
       0.20 Seconds        125   Passes (x 100)
       0.96 Seconds        625   Passes (x 100)

Use 6489  passes (x 100)

          Double Precision C/C++ Whetstone Benchmark

Loop content                  Result              MFLOPS      MOPS   Seconds

N1 floating point     -1.12398255667392033      1725.239              0.072
N2 floating point     -1.12187079889294417      2077.905              0.420
N3 if then else        1.00000000000000000                5803.212    0.116
N4 fixed point        12.00000000000000000               22237362889.098    0.000
N5 sin,cos etc.        0.49902937281518261                 145.693    3.706
N6 floating point      0.99999987890802811      1001.730              3.494
N7 assignments         3.00000000000000000                2891.462    0.415
N8 exp,sqrt etc.       0.75100163018453958                 149.119    1.619

MWIPS                                           6593.893              9.841

Calibrate
       0.00 Seconds          1   Passes (x 100)
       0.01 Seconds          5   Passes (x 100)
       0.04 Seconds         25   Passes (x 100)
       0.20 Seconds        125   Passes (x 100)
       0.96 Seconds        625   Passes (x 100)

Use 6487  passes (x 100)

          Double Precision C/C++ Whetstone Benchmark

Loop content                  Result              MFLOPS      MOPS   Seconds

N1 floating point     -1.12398255667392033      1724.926              0.072
N2 floating point     -1.12187079889294417      2077.973              0.420
N3 if then else        1.00000000000000000                5802.481    0.116
N4 fixed point        12.00000000000000000                   0.000   -0.000
N5 sin,cos etc.        0.49902937281518261                 145.563    3.708
N6 floating point      0.99999987890802811      1001.516              3.494
N7 assignments         3.00000000000000000                2888.286    0.415
N8 exp,sqrt etc.       0.75100163018453958                 148.853    1.621

MWIPS                                           6588.921              9.845


# COUNT0: 6593.893
# COUNT1: 0
# COUNT2: MWIPS
# TIME: 9.841
# elapsed: 11.788087
# pid: 3782922
# status: 0

# COUNT0: 6588.921
# COUNT1: 0
# COUNT2: MWIPS
# TIME: 9.845
# elapsed: 11.791989
# pid: 3782924
# status: 0

#### Pass 6

Calibrate
       0.00 Seconds          1   Passes (x 100)
       0.01 Seconds          5   Passes (x 100)
       0.04 Seconds         25   Passes (x 100)
       0.20 Seconds        125   Passes (x 100)
       0.96 Seconds        625   Passes (x 100)

Use 6506  passes (x 100)

          Double Precision C/C++ Whetstone Benchmark

Loop content                  Result              MFLOPS      MOPS   Seconds

N1 floating point     -1.12398255667392033      1724.795              0.072
N2 floating point     -1.12187079889294417      2070.753              0.422
N3 if then else        1.00000000000000000                5821.936    0.116
N4 fixed point        12.00000000000000000               18074124598.887    0.000
N5 sin,cos etc.        0.49902937281518261                 145.727    3.714
N6 floating point      0.99999987890802811       999.915              3.510
N7 assignments         3.00000000000000000                2889.581    0.416
N8 exp,sqrt etc.       0.75100163018453958                 149.343    1.621

MWIPS                                           6590.943              9.871

Calibrate
       0.00 Seconds          1   Passes (x 100)
       0.01 Seconds          5   Passes (x 100)
       0.04 Seconds         25   Passes (x 100)
       0.20 Seconds        125   Passes (x 100)
       0.96 Seconds        625   Passes (x 100)

Use 6508  passes (x 100)

          Double Precision C/C++ Whetstone Benchmark

Loop content                  Result              MFLOPS      MOPS   Seconds

N1 floating point     -1.12398255667392033      1724.730              0.072
N2 floating point     -1.12187079889294417      2070.733              0.422
N3 if then else        1.00000000000000000                5822.361    0.116
N4 fixed point        12.00000000000000000               2097025124.017    0.000
N5 sin,cos etc.        0.49902937281518261                 145.615    3.718
N6 floating point      0.99999987890802811       999.870              3.511
N7 assignments         3.00000000000000000                2888.158    0.416
N8 exp,sqrt etc.       0.75100163018453958                 149.095    1.624

MWIPS                                           6587.000              9.880


# COUNT0: 6590.943
# COUNT1: 0
# COUNT2: MWIPS
# TIME: 9.871
# elapsed: 11.815376
# pid: 3782934
# status: 0

# COUNT0: 6587.000
# COUNT1: 0
# COUNT2: MWIPS
# TIME: 9.880
# elapsed: 11.823429
# pid: 3782936
# status: 0

#### Pass 7

Calibrate
       0.00 Seconds          1   Passes (x 100)
       0.01 Seconds          5   Passes (x 100)
       0.04 Seconds         25   Passes (x 100)
       0.20 Seconds        125   Passes (x 100)
       0.96 Seconds        625   Passes (x 100)

Use 6505  passes (x 100)

          Double Precision C/C++ Whetstone Benchmark

Loop content                  Result              MFLOPS      MOPS   Seconds

N1 floating point     -1.12398255667392033      1722.280              0.073
N2 floating point     -1.12187079889294417      2079.134              0.420
N3 if then else        1.00000000000000000                5826.779    0.116
N4 fixed point        12.00000000000000000                   0.000   -0.000
N5 sin,cos etc.        0.49902937281518261                 145.489    3.720
N6 floating point      0.99999987890802811       999.225              3.512
N7 assignments         3.00000000000000000                2889.742    0.416
N8 exp,sqrt etc.       0.75100163018453958                 149.707    1.616

MWIPS                                           6589.033              9.872

Calibrate
       0.00 Seconds          1   Passes (x 100)
       0.01 Seconds          5   Passes (x 100)
       0.04 Seconds         25   Passes (x 100)
       0.20 Seconds        125   Passes (x 100)
       0.96 Seconds        625   Passes (x 100)

Use 6501  passes (x 100)

          Double Precision C/C++ Whetstone Benchmark

Loop content                  Result              MFLOPS      MOPS   Seconds

N1 floating point     -1.12398255667392033      1722.212              0.072
N2 floating point     -1.12187079889294417      2079.113              0.420
N3 if then else        1.00000000000000000                5827.595    0.115
N4 fixed point        12.00000000000000000               1656859336236.880    0.000
N5 sin,cos etc.        0.49902937281518261                 145.383    3.720
N6 floating point      0.99999987890802811       999.111              3.510
N7 assignments         3.00000000000000000                2890.362    0.416
N8 exp,sqrt etc.       0.75100163018453958                 149.464    1.618

MWIPS                                           6585.267              9.872


# COUNT0: 6589.033
# COUNT1: 0
# COUNT2: MWIPS
# TIME: 9.872
# elapsed: 11.821989
# pid: 3782946
# status: 0

# COUNT0: 6585.267
# COUNT1: 0
# COUNT2: MWIPS
# TIME: 9.872
# elapsed: 11.821315
# pid: 3782948
# status: 0

#### Pass 8

Calibrate
       0.00 Seconds          1   Passes (x 100)
       0.01 Seconds          5   Passes (x 100)
       0.04 Seconds         25   Passes (x 100)
       0.19 Seconds        125   Passes (x 100)
       0.95 Seconds        625   Passes (x 100)

Use 6567  passes (x 100)

          Double Precision C/C++ Whetstone Benchmark

Loop content                  Result              MFLOPS      MOPS   Seconds

N1 floating point     -1.12398255667392033      1731.261              0.073
N2 floating point     -1.12187079889294417      2083.207              0.424
N3 if then else        1.00000000000000000                5785.530    0.117
N4 fixed point        12.00000000000000000                   0.000   -0.000
N5 sin,cos etc.        0.49902937281518261                 145.671    3.751
N6 floating point      0.99999987890802811       996.579              3.554
N7 assignments         3.00000000000000000                2891.077    0.420
N8 exp,sqrt etc.       0.75100163018453958                 149.696    1.632

MWIPS                                           6586.221              9.971

Calibrate
       0.00 Seconds          1   Passes (x 100)
       0.01 Seconds          5   Passes (x 100)
       0.04 Seconds         25   Passes (x 100)
       0.19 Seconds        125   Passes (x 100)
       0.95 Seconds        625   Passes (x 100)

Use 6570  passes (x 100)

          Double Precision C/C++ Whetstone Benchmark

Loop content                  Result              MFLOPS      MOPS   Seconds

N1 floating point     -1.12398255667392033      1730.568              0.073
N2 floating point     -1.12187079889294417      2083.657              0.424
N3 if then else        1.00000000000000000                5785.956    0.118
N4 fixed point        12.00000000000000000               345994961869.039    0.000
N5 sin,cos etc.        0.49902937281518261                 145.632    3.753
N6 floating point      0.99999987890802811       996.522              3.556
N7 assignments         3.00000000000000000                2890.889    0.420
N8 exp,sqrt etc.       0.75100163018453958                 149.509    1.635

MWIPS                                           6584.105              9.979


# COUNT0: 6586.221
# COUNT1: 0
# COUNT2: MWIPS
# TIME: 9.971
# elapsed: 11.912428
# pid: 3782958
# status: 0

# COUNT0: 6584.105
# COUNT1: 0
# COUNT2: MWIPS
# TIME: 9.979
# elapsed: 11.919494
# pid: 3782960
# status: 0

#### Pass 9

Calibrate
       0.00 Seconds          1   Passes (x 100)
       0.01 Seconds          5   Passes (x 100)
       0.04 Seconds         25   Passes (x 100)
       0.19 Seconds        125   Passes (x 100)
       0.95 Seconds        625   Passes (x 100)

Use 6552  passes (x 100)

          Double Precision C/C++ Whetstone Benchmark

Loop content                  Result              MFLOPS      MOPS   Seconds

N1 floating point     -1.12398255667392033      1734.547              0.073
N2 floating point     -1.12187079889294417      2084.791              0.422
N3 if then else        1.00000000000000000                5825.880    0.116
N4 fixed point        12.00000000000000000               27363632508.214    0.000
N5 sin,cos etc.        0.49902937281518261                 145.183    3.755
N6 floating point      0.99999987890802811       998.858              3.538
N7 assignments         3.00000000000000000                2890.995    0.419
N8 exp,sqrt etc.       0.75100163018453958                 148.980    1.636

MWIPS                                           6578.917              9.959

Calibrate
       0.00 Seconds          1   Passes (x 100)
       0.01 Seconds          5   Passes (x 100)
       0.04 Seconds         25   Passes (x 100)
       0.19 Seconds        125   Passes (x 100)
       0.95 Seconds        625   Passes (x 100)

Use 6552  passes (x 100)

          Double Precision C/C++ Whetstone Benchmark

Loop content                  Result              MFLOPS      MOPS   Seconds

N1 floating point     -1.12398255667392033      1734.892              0.073
N2 floating point     -1.12187079889294417      2084.742              0.422
N3 if then else        1.00000000000000000                5825.021    0.116
N4 fixed point        12.00000000000000000                   0.000   -0.000
N5 sin,cos etc.        0.49902937281518261                 145.083    3.757
N6 floating point      0.99999987890802811       999.009              3.538
N7 assignments         3.00000000000000000                2891.258    0.419
N8 exp,sqrt etc.       0.75100163018453958                 148.795    1.638

MWIPS                                           6576.226              9.963


# COUNT0: 6578.917
# COUNT1: 0
# COUNT2: MWIPS
# TIME: 9.959
# elapsed: 11.900067
# pid: 3782970
# status: 0

# COUNT0: 6576.226
# COUNT1: 0
# COUNT2: MWIPS
# TIME: 9.963
# elapsed: 11.905398
# pid: 3782972
# status: 0

#### Pass 10

Calibrate
       0.00 Seconds          1   Passes (x 100)
       0.01 Seconds          5   Passes (x 100)
       0.04 Seconds         25   Passes (x 100)
       0.19 Seconds        125   Passes (x 100)
       0.96 Seconds        625   Passes (x 100)

Use 6529  passes (x 100)

          Double Precision C/C++ Whetstone Benchmark

Loop content                  Result              MFLOPS      MOPS   Seconds

N1 floating point     -1.12398255667392033      1715.573              0.073
N2 floating point     -1.12187079889294417      2070.874              0.424
N3 if then else        1.00000000000000000                5791.152    0.117
N4 fixed point        12.00000000000000000                   0.000   -0.000
N5 sin,cos etc.        0.49902937281518261                 145.521    3.733
N6 floating point      0.99999987890802811       997.508              3.531
N7 assignments         3.00000000000000000                2892.429    0.417
N8 exp,sqrt etc.       0.75100163018453958                 149.581    1.624

MWIPS                                           6583.130              9.918

Calibrate
       0.00 Seconds          1   Passes (x 100)
       0.01 Seconds          5   Passes (x 100)
       0.04 Seconds         25   Passes (x 100)
       0.19 Seconds        125   Passes (x 100)
       0.96 Seconds        625   Passes (x 100)

Use 6531  passes (x 100)

          Double Precision C/C++ Whetstone Benchmark

Loop content                  Result              MFLOPS      MOPS   Seconds

N1 floating point     -1.12398255667392033      1715.503              0.073
N2 floating point     -1.12187079889294417      2070.804              0.424
N3 if then else        1.00000000000000000                5790.245    0.117
N4 fixed point        12.00000000000000000                   0.000   -0.000
N5 sin,cos etc.        0.49902937281518261                 145.392    3.737
N6 floating point      0.99999987890802811       997.381              3.532
N7 assignments         3.00000000000000000                2894.078    0.417
N8 exp,sqrt etc.       0.75100163018453958                 149.347    1.627

MWIPS                                           6579.081              9.927


# COUNT0: 6583.130
# COUNT1: 0
# COUNT2: MWIPS
# TIME: 9.918
# elapsed: 11.858130
# pid: 3782982
# status: 0

# COUNT0: 6579.081
# COUNT1: 0
# COUNT2: MWIPS
# TIME: 9.927
# elapsed: 11.866165
# pid: 3782984
# status: 0

*Dump score:      13137.5
*Dump score:      13142.0
*Dump score:      13155.1
Count score:      13162.2
Count score:      13170.3
Count score:      13174.3
Count score:      13177.9
Count score:      13181.6
Count score:      13182.8
Count score:      13200.8

>>>> Sum of 2 copies
>>>> score: 13178.5692485718
>>>> time: 9.8885
>>>> iterations: 7


########################################################
Execl Throughput -- 2 copies
==> "/mnt/host0/unixbench/UnixBench/pgms/execl" 30 2>&1 >> "/mnt/host0/unixbench/UnixBench/results/uarf-2025-06-02-03.log"

#### Pass 1


# COUNT0: 27033
# COUNT1: 1
# COUNT2: lps
# elapsed: 29.830861
# pid: 3782994
# status: 0

# COUNT0: 26985
# COUNT1: 1
# COUNT2: lps
# elapsed: 29.831626
# pid: 3782996
# status: 0

#### Pass 2


# COUNT0: 27083
# COUNT1: 1
# COUNT2: lps
# elapsed: 29.975767
# pid: 3783006
# status: 0

# COUNT0: 27047
# COUNT1: 1
# COUNT2: lps
# elapsed: 29.974028
# pid: 3783008
# status: 0

#### Pass 3


# COUNT0: 26985
# COUNT1: 1
# COUNT2: lps
# elapsed: 29.979254
# pid: 3783018
# status: 0

# COUNT0: 26978
# COUNT1: 1
# COUNT2: lps
# elapsed: 29.979716
# pid: 3783020
# status: 0

*Dump score:      53963.0
Count score:      54018.0
Count score:      54130.0

>>>> Sum of 2 copies
>>>> score: 1808.31353072272
>>>> time: 29.9030705
>>>> iterations: 2


########################################################
File Copy 1024 bufsize 2000 maxblocks -- 2 copies
==> "/mnt/host0/unixbench/UnixBench/pgms/fstime" -c -t 30 -d "/mnt/host0/unixbench/UnixBench/tmp" -b 1024 -m 2000 2>&1 >> "/mnt/host0/unixbench/UnixBench/results/uarf-2025-06-02-03.log"

#### Pass 1

Write done: 112000 in 2.1233, score 13186
Read done: 106164 in 2.0000, score 13270
Copy done: 786100 in 30.0001, score 6550
Write done: 112000 in 2.1273, score 13162
Read done: 105072 in 2.0000, score 13133
Copy done: 783544 in 30.0001, score 6529

# COUNT0: 6550
# COUNT1: 0
# COUNT2: KBps
# TIME: 30.0
# elapsed: 45.147225
# pid: 3783031
# status: 0

# COUNT0: 6529
# COUNT1: 0
# COUNT2: KBps
# TIME: 30.0
# elapsed: 45.149237
# pid: 3783033
# status: 0

#### Pass 2

Write done: 104000 in 2.0535, score 12661
Read done: 101104 in 2.0000, score 12637
Copy done: 786724 in 30.0001, score 6556
Write done: 104000 in 2.0815, score 12491
Read done: 105036 in 2.0000, score 13129
Copy done: 787988 in 30.0000, score 6566

# COUNT0: 6556
# COUNT1: 0
# COUNT2: KBps
# TIME: 30.0
# elapsed: 45.077292
# pid: 3783043
# status: 0

# COUNT0: 6566
# COUNT1: 0
# COUNT2: KBps
# TIME: 30.0
# elapsed: 45.103334
# pid: 3783044
# status: 0

#### Pass 3

Write done: 104000 in 2.0195, score 12874
Read done: 100384 in 2.0001, score 12547
Copy done: 746880 in 30.0000, score 6223
Write done: 104000 in 2.0522, score 12669
Read done: 101376 in 2.0000, score 12671
Copy done: 751064 in 30.0001, score 6258

# COUNT0: 6258
# COUNT1: 0
# COUNT2: KBps
# TIME: 30.0
# elapsed: 45.075538
# pid: 3783055
# status: 0

# COUNT0: 6223
# COUNT1: 0
# COUNT2: KBps
# TIME: 30.0
# elapsed: 45.043465
# pid: 3783057
# status: 0

*Dump score:      12481.0
Count score:      13079.0
Count score:      13122.0

>>>> Sum of 2 copies
>>>> score: 13100.4823575317
>>>> time: 30
>>>> iterations: 2


########################################################
File Copy 256 bufsize 500 maxblocks -- 2 copies
==> "/mnt/host0/unixbench/UnixBench/pgms/fstime" -c -t 30 -d "/mnt/host0/unixbench/UnixBench/tmp" -b 256 -m 500 2>&1 >> "/mnt/host0/unixbench/UnixBench/results/uarf-2025-06-02-03.log"

#### Pass 1

Write done: 28000 in 2.0486, score 3416
Read done: 25593 in 2.0001, score 3198
Copy done: 196972 in 30.0001, score 1641
Write done: 28000 in 2.0537, score 3408
Read done: 26156 in 2.0001, score 3269
Copy done: 197537 in 30.0000, score 1646

# COUNT0: 1641
# COUNT1: 0
# COUNT2: KBps
# TIME: 30.0
# elapsed: 45.071815
# pid: 3783067
# status: 0

# COUNT0: 1646
# COUNT1: 0
# COUNT2: KBps
# TIME: 30.0
# elapsed: 45.075898
# pid: 3783069
# status: 0

#### Pass 2

Write done: 28000 in 2.0292, score 3449
Read done: 28301 in 2.0001, score 3537
Copy done: 201463 in 30.0000, score 1678
Write done: 28000 in 2.0461, score 3421
Read done: 28675 in 2.0001, score 3584
Copy done: 201563 in 30.0001, score 1679

# COUNT0: 1679
# COUNT1: 0
# COUNT2: KBps
# TIME: 30.0
# elapsed: 45.068862
# pid: 3783079
# status: 0

# COUNT0: 1678
# COUNT1: 0
# COUNT2: KBps
# TIME: 30.0
# elapsed: 45.052472
# pid: 3783081
# status: 0

#### Pass 3

Write done: 26000 in 2.0358, score 3192
Read done: 28575 in 2.0001, score 3571
Copy done: 194475 in 30.0001, score 1620
Write done: 28000 in 2.0968, score 3338
Read done: 28854 in 2.0001, score 3606
Copy done: 194321 in 30.0001, score 1619

# COUNT0: 1619
# COUNT1: 0
# COUNT2: KBps
# TIME: 30.0
# elapsed: 45.123588
# pid: 3783091
# status: 0

# COUNT0: 1620
# COUNT1: 0
# COUNT2: KBps
# TIME: 30.0
# elapsed: 45.062641
# pid: 3783093
# status: 0

*Dump score:       3239.0
Count score:       3287.0
Count score:       3357.0

>>>> Sum of 2 copies
>>>> score: 3321.81561800169
>>>> time: 30
>>>> iterations: 2


########################################################
File Copy 4096 bufsize 8000 maxblocks -- 2 copies
==> "/mnt/host0/unixbench/UnixBench/pgms/fstime" -c -t 30 -d "/mnt/host0/unixbench/UnixBench/tmp" -b 4096 -m 8000 2>&1 >> "/mnt/host0/unixbench/UnixBench/results/uarf-2025-06-02-03.log"

#### Pass 1

Write done: 448000 in 2.1145, score 52966
Read done: 388416 in 2.0001, score 48550
Copy done: 2860592 in 30.0001, score 23838
Write done: 448000 in 2.1194, score 52845
Read done: 402880 in 2.0000, score 50358
Copy done: 2869248 in 30.0002, score 23910

# COUNT0: 23838
# COUNT1: 0
# COUNT2: KBps
# TIME: 30.0
# elapsed: 45.143814
# pid: 3783103
# status: 0

# COUNT0: 23910
# COUNT1: 0
# COUNT2: KBps
# TIME: 30.0
# elapsed: 45.148346
# pid: 3783105
# status: 0

#### Pass 2

Write done: 384000 in 2.0148, score 47648
Read done: 429456 in 2.0001, score 53679
Copy done: 2802976 in 30.0001, score 23358
Write done: 384000 in 2.0232, score 47450
Read done: 428016 in 2.0001, score 53500
Copy done: 2792032 in 30.0002, score 23266

# COUNT0: 23358
# COUNT1: 0
# COUNT2: KBps
# TIME: 30.0
# elapsed: 45.043804
# pid: 3783116
# status: 0

# COUNT0: 23266
# COUNT1: 0
# COUNT2: KBps
# TIME: 30.0
# elapsed: 45.049956
# pid: 3783118
# status: 0

#### Pass 3

Write done: 416000 in 2.1128, score 49224
Read done: 387920 in 2.0000, score 48489
Copy done: 2889584 in 30.0001, score 24079
Write done: 416000 in 2.1149, score 49175
Read done: 402448 in 2.0001, score 50304
Copy done: 2885072 in 30.0000, score 24042

# COUNT0: 24042
# COUNT1: 0
# COUNT2: KBps
# TIME: 30.0
# elapsed: 45.142572
# pid: 3783128
# status: 0

# COUNT0: 24079
# COUNT1: 0
# COUNT2: KBps
# TIME: 30.0
# elapsed: 45.141445
# pid: 3783130
# status: 0

*Dump score:      46624.0
Count score:      47748.0
Count score:      48121.0

>>>> Sum of 2 copies
>>>> score: 47934.137188438
>>>> time: 30
>>>> iterations: 2


########################################################
Pipe Throughput -- 2 copies
==> "/mnt/host0/unixbench/UnixBench/pgms/pipe" 10 2>&1 >> "/mnt/host0/unixbench/UnixBench/results/uarf-2025-06-02-03.log"

#### Pass 1


# COUNT0: 16684473
# COUNT1: 1
# COUNT2: lps
# elapsed: 10.007807
# pid: 3783140
# status: 0

# COUNT0: 16685668
# COUNT1: 1
# COUNT2: lps
# elapsed: 10.006966
# pid: 3783142
# status: 0

#### Pass 2


# COUNT0: 16726787
# COUNT1: 1
# COUNT2: lps
# elapsed: 10.007897
# pid: 3783152
# status: 0

# COUNT0: 16725577
# COUNT1: 1
# COUNT2: lps
# elapsed: 10.006905
# pid: 3783154
# status: 0

#### Pass 3


# COUNT0: 16670577
# COUNT1: 1
# COUNT2: lps
# elapsed: 10.007500
# pid: 3783164
# status: 0

# COUNT0: 16673567
# COUNT1: 1
# COUNT2: lps
# elapsed: 10.007179
# pid: 3783166
# status: 0

#### Pass 4


# COUNT0: 16605778
# COUNT1: 1
# COUNT2: lps
# elapsed: 10.007104
# pid: 3783176
# status: 0

# COUNT0: 16604753
# COUNT1: 1
# COUNT2: lps
# elapsed: 10.006858
# pid: 3783178
# status: 0

#### Pass 5


# COUNT0: 16621936
# COUNT1: 1
# COUNT2: lps
# elapsed: 10.007437
# pid: 3783188
# status: 0

# COUNT0: 16620694
# COUNT1: 1
# COUNT2: lps
# elapsed: 10.006728
# pid: 3783190
# status: 0

#### Pass 6


# COUNT0: 16685918
# COUNT1: 1
# COUNT2: lps
# elapsed: 10.007445
# pid: 3783200
# status: 0

# COUNT0: 16687998
# COUNT1: 1
# COUNT2: lps
# elapsed: 10.006831
# pid: 3783202
# status: 0

#### Pass 7


# COUNT0: 16693459
# COUNT1: 1
# COUNT2: lps
# elapsed: 10.007688
# pid: 3783212
# status: 0

# COUNT0: 16691948
# COUNT1: 1
# COUNT2: lps
# elapsed: 10.007033
# pid: 3783214
# status: 0

#### Pass 8


# COUNT0: 16648927
# COUNT1: 1
# COUNT2: lps
# elapsed: 10.007569
# pid: 3783224
# status: 0

# COUNT0: 16651354
# COUNT1: 1
# COUNT2: lps
# elapsed: 10.007377
# pid: 3783226
# status: 0

#### Pass 9


# COUNT0: 16705594
# COUNT1: 1
# COUNT2: lps
# elapsed: 10.007422
# pid: 3783236
# status: 0

# COUNT0: 16706849
# COUNT1: 1
# COUNT2: lps
# elapsed: 10.006951
# pid: 3783238
# status: 0

#### Pass 10


# COUNT0: 16673379
# COUNT1: 1
# COUNT2: lps
# elapsed: 10.007729
# pid: 3783248
# status: 0

# COUNT0: 16671562
# COUNT1: 1
# COUNT2: lps
# elapsed: 10.007353
# pid: 3783250
# status: 0

*Dump score:   33210531.0
*Dump score:   33242630.0
*Dump score:   33300281.0
Count score:   33344144.0
Count score:   33344941.0
Count score:   33370141.0
Count score:   33373916.0
Count score:   33385407.0
Count score:   33412443.0
Count score:   33452364.0

>>>> Sum of 2 copies
>>>> score: 3335884.50385648
>>>> time: 10.0073361428571
>>>> iterations: 7


########################################################
Pipe-based Context Switching -- 2 copies
==> "/mnt/host0/unixbench/UnixBench/pgms/context1" 10 2>&1 >> "/mnt/host0/unixbench/UnixBench/results/uarf-2025-06-02-03.log"

#### Pass 1


# COUNT0: 2418563
# COUNT1: 1
# COUNT2: lps
# elapsed: 10.007146
# pid: 3783260
# status: 0

# COUNT0: 2390349
# COUNT1: 1
# COUNT2: lps
# elapsed: 10.006479
# pid: 3783262
# status: 0

#### Pass 2


# COUNT0: 2443480
# COUNT1: 1
# COUNT2: lps
# elapsed: 10.007763
# pid: 3783274
# status: 0

# COUNT0: 2431533
# COUNT1: 1
# COUNT2: lps
# elapsed: 10.007097
# pid: 3783276
# status: 0

#### Pass 3


# COUNT0: 2405443
# COUNT1: 1
# COUNT2: lps
# elapsed: 10.007311
# pid: 3783288
# status: 0

# COUNT0: 2418969
# COUNT1: 1
# COUNT2: lps
# elapsed: 10.006597
# pid: 3783290
# status: 0

#### Pass 4


# COUNT0: 2451142
# COUNT1: 1
# COUNT2: lps
# elapsed: 10.007328
# pid: 3783302
# status: 0

# COUNT0: 2468533
# COUNT1: 1
# COUNT2: lps
# elapsed: 10.006933
# pid: 3783304
# status: 0

#### Pass 5


# COUNT0: 2444344
# COUNT1: 1
# COUNT2: lps
# elapsed: 10.007381
# pid: 3783316
# status: 0

# COUNT0: 2437781
# COUNT1: 1
# COUNT2: lps
# elapsed: 10.007175
# pid: 3783318
# status: 0

#### Pass 6


# COUNT0: 2441743
# COUNT1: 1
# COUNT2: lps
# elapsed: 10.007386
# pid: 3783330
# status: 0

# COUNT0: 2467961
# COUNT1: 1
# COUNT2: lps
# elapsed: 10.006818
# pid: 3783332
# status: 0

#### Pass 7


# COUNT0: 2459530
# COUNT1: 1
# COUNT2: lps
# elapsed: 10.006925
# pid: 3783344
# status: 0

# COUNT0: 2457522
# COUNT1: 1
# COUNT2: lps
# elapsed: 10.005108
# pid: 3783346
# status: 0

#### Pass 8


# COUNT0: 2484692
# COUNT1: 1
# COUNT2: lps
# elapsed: 10.006366
# pid: 3783359
# status: 0

# COUNT0: 2474854
# COUNT1: 1
# COUNT2: lps
# elapsed: 10.006641
# pid: 3783361
# status: 0

#### Pass 9


# COUNT0: 2469043
# COUNT1: 1
# COUNT2: lps
# elapsed: 10.007599
# pid: 3783373
# status: 0

# COUNT0: 2456428
# COUNT1: 1
# COUNT2: lps
# elapsed: 10.006824
# pid: 3783375
# status: 0

#### Pass 10


# COUNT0: 2461728
# COUNT1: 1
# COUNT2: lps
# elapsed: 10.007633
# pid: 3783387
# status: 0

# COUNT0: 2450542
# COUNT1: 1
# COUNT2: lps
# elapsed: 10.007702
# pid: 3783389
# status: 0

*Dump score:    4808912.0
*Dump score:    4824412.0
*Dump score:    4875013.0
Count score:    4882125.0
Count score:    4909704.0
Count score:    4912270.0
Count score:    4917052.0
Count score:    4919675.0
Count score:    4925471.0
Count score:    4959546.0

>>>> Sum of 2 copies
>>>> score: 491449.772911464
>>>> time: 10.0069870714286
>>>> iterations: 7


########################################################
Process Creation -- 2 copies
==> "/mnt/host0/unixbench/UnixBench/pgms/spawn" 30 2>&1 >> "/mnt/host0/unixbench/UnixBench/results/uarf-2025-06-02-03.log"

#### Pass 1


# COUNT0: 349928
# COUNT1: 1
# COUNT2: lps
# elapsed: 30.007592
# pid: 3783401
# status: 0

# COUNT0: 349404
# COUNT1: 1
# COUNT2: lps
# elapsed: 30.008281
# pid: 3783403
# status: 0

#### Pass 2


# COUNT0: 352947
# COUNT1: 1
# COUNT2: lps
# elapsed: 30.007491
# pid: 288744
# status: 0

# COUNT0: 352494
# COUNT1: 1
# COUNT2: lps
# elapsed: 30.007499
# pid: 288746
# status: 0

#### Pass 3


# COUNT0: 336506
# COUNT1: 1
# COUNT2: lps
# elapsed: 30.008438
# pid: 994199
# status: 0

# COUNT0: 336459
# COUNT1: 1
# COUNT2: lps
# elapsed: 30.006485
# pid: 994200
# status: 0

*Dump score:     672965.0
Count score:     699332.0
Count score:     705441.0

>>>> Sum of 2 copies
>>>> score: 23406.6419522894
>>>> time: 30.00771575
>>>> iterations: 2


########################################################
System Call Overhead -- 2 copies
==> "/mnt/host0/unixbench/UnixBench/pgms/syscall" 10 2>&1 >> "/mnt/host0/unixbench/UnixBench/results/uarf-2025-06-02-03.log"

#### Pass 1


# COUNT0: 20356612
# COUNT1: 1
# COUNT2: lps
# elapsed: 10.006211
# pid: 1667178
# status: 0

# COUNT0: 20359029
# COUNT1: 1
# COUNT2: lps
# elapsed: 10.005880
# pid: 1667180
# status: 0

#### Pass 2


# COUNT0: 20293563
# COUNT1: 1
# COUNT2: lps
# elapsed: 10.007200
# pid: 1667190
# status: 0

# COUNT0: 20288512
# COUNT1: 1
# COUNT2: lps
# elapsed: 10.006281
# pid: 1667192
# status: 0

#### Pass 3


# COUNT0: 20408458
# COUNT1: 1
# COUNT2: lps
# elapsed: 10.006537
# pid: 1667202
# status: 0

# COUNT0: 20406016
# COUNT1: 1
# COUNT2: lps
# elapsed: 10.005751
# pid: 1667204
# status: 0

#### Pass 4


# COUNT0: 20203150
# COUNT1: 1
# COUNT2: lps
# elapsed: 10.008375
# pid: 1667214
# status: 0

# COUNT0: 20201509
# COUNT1: 1
# COUNT2: lps
# elapsed: 10.006786
# pid: 1667216
# status: 0

#### Pass 5


# COUNT0: 20252505
# COUNT1: 1
# COUNT2: lps
# elapsed: 10.007423
# pid: 1667226
# status: 0

# COUNT0: 20255249
# COUNT1: 1
# COUNT2: lps
# elapsed: 10.007096
# pid: 1667228
# status: 0

#### Pass 6


# COUNT0: 20095851
# COUNT1: 1
# COUNT2: lps
# elapsed: 10.006965
# pid: 1667238
# status: 0

# COUNT0: 20091657
# COUNT1: 1
# COUNT2: lps
# elapsed: 10.006692
# pid: 1667240
# status: 0

#### Pass 7


# COUNT0: 20379315
# COUNT1: 1
# COUNT2: lps
# elapsed: 10.007110
# pid: 1667250
# status: 0

# COUNT0: 20378518
# COUNT1: 1
# COUNT2: lps
# elapsed: 10.006768
# pid: 1667251
# status: 0

#### Pass 8


# COUNT0: 20263375
# COUNT1: 1
# COUNT2: lps
# elapsed: 10.007436
# pid: 1667262
# status: 0

# COUNT0: 20267177
# COUNT1: 1
# COUNT2: lps
# elapsed: 10.007490
# pid: 1667264
# status: 0

#### Pass 9


# COUNT0: 20181260
# COUNT1: 1
# COUNT2: lps
# elapsed: 10.007717
# pid: 1667274
# status: 0

# COUNT0: 20177044
# COUNT1: 1
# COUNT2: lps
# elapsed: 10.007043
# pid: 1667276
# status: 0

#### Pass 10


# COUNT0: 20255502
# COUNT1: 1
# COUNT2: lps
# elapsed: 10.007459
# pid: 1667286
# status: 0

# COUNT0: 20258680
# COUNT1: 1
# COUNT2: lps
# elapsed: 10.006737
# pid: 1667288
# status: 0

*Dump score:   40187508.0
*Dump score:   40358304.0
*Dump score:   40404659.0
Count score:   40507754.0
Count score:   40514182.0
Count score:   40530552.0
Count score:   40582075.0
Count score:   40715641.0
Count score:   40757833.0
Count score:   40814474.0

>>>> Sum of 2 copies
>>>> score: 4060395.21680535
>>>> time: 10.0068127857143
>>>> iterations: 7


########################################################
Shell Scripts (1 concurrent) -- 2 copies
==> "/mnt/host0/unixbench/UnixBench/pgms/looper" 60 "/mnt/host0/unixbench/UnixBench/pgms/multi.sh" 1 2>&1 >> "/mnt/host0/unixbench/UnixBench/results/uarf-2025-06-02-03.log"

#### Pass 1


# COUNT0: 2033
# COUNT1: 60
# COUNT2: lpm
# elapsed: 60.011933
# pid: 1667298
# status: 0

# COUNT0: 2030
# COUNT1: 60
# COUNT2: lpm
# elapsed: 60.008702
# pid: 1667300
# status: 0

#### Pass 2


# COUNT0: 2040
# COUNT1: 60
# COUNT2: lpm
# elapsed: 60.027329
# pid: 1703896
# status: 0

# COUNT0: 2039
# COUNT1: 60
# COUNT2: lpm
# elapsed: 60.014852
# pid: 1703898
# status: 0

#### Pass 3


# COUNT0: 2044
# COUNT1: 60
# COUNT2: lpm
# elapsed: 60.033226
# pid: 1740637
# status: 0

# COUNT0: 2047
# COUNT1: 60
# COUNT2: lpm
# elapsed: 60.029829
# pid: 1740638
# status: 0

*Dump score:       4063.0
Count score:       4079.0
Count score:       4091.0

>>>> Sum of 2 copies
>>>> score: 4083.20519164699
>>>> time: 60.026309
>>>> iterations: 2


########################################################
Shell Scripts (8 concurrent) -- 2 copies
==> "/mnt/host0/unixbench/UnixBench/pgms/looper" 60 "/mnt/host0/unixbench/UnixBench/pgms/multi.sh" 8 2>&1 >> "/mnt/host0/unixbench/UnixBench/results/uarf-2025-06-02-03.log"

#### Pass 1


# COUNT0: 336
# COUNT1: 60
# COUNT2: lpm
# elapsed: 60.162941
# pid: 1777486
# status: 0

# COUNT0: 336
# COUNT1: 60
# COUNT2: lpm
# elapsed: 60.156080
# pid: 1777488
# status: 0

#### Pass 2


# COUNT0: 336
# COUNT1: 60
# COUNT2: lpm
# elapsed: 60.169413
# pid: 1821308
# status: 0

# COUNT0: 336
# COUNT1: 60
# COUNT2: lpm
# elapsed: 60.170999
# pid: 1821310
# status: 0

#### Pass 3


# COUNT0: 336
# COUNT1: 60
# COUNT2: lpm
# elapsed: 60.178540
# pid: 1865130
# status: 0

# COUNT0: 336
# COUNT1: 60
# COUNT2: lpm
# elapsed: 60.176324
# pid: 1865132
# status: 0

*Dump score:        672.0
Count score:        672.0
Count score:        672.0

>>>> Sum of 2 copies
>>>> score: 670.05885188506
>>>> time: 60.173819
>>>> iterations: 2

