
########################################################
Dhrystone 2 using register variables -- 1 copy
==> "/mnt/host0/unixbench/UnixBench/pgms/dhry2reg" 10 2>&1 >> "/mnt/host0/unixbench/UnixBench/results/uarf-2025-06-03-01.log"

#### Pass 1


# COUNT0: 482357109
# COUNT1: 1
# COUNT2: lps
# elapsed: 10.005849
# pid: 405
# status: 0

#### Pass 2


# COUNT0: 481754389
# COUNT1: 1
# COUNT2: lps
# elapsed: 10.006409
# pid: 418
# status: 0

#### Pass 3


# COUNT0: 481336008
# COUNT1: 1
# COUNT2: lps
# elapsed: 10.005981
# pid: 429
# status: 0

#### Pass 4


# COUNT0: 480246200
# COUNT1: 1
# COUNT2: lps
# elapsed: 10.005923
# pid: 441
# status: 0

#### Pass 5


# COUNT0: 480037717
# COUNT1: 1
# COUNT2: lps
# elapsed: 10.006143
# pid: 450
# status: 0

#### Pass 6


# COUNT0: 480217483
# COUNT1: 1
# COUNT2: lps
# elapsed: 10.006221
# pid: 459
# status: 0

#### Pass 7


# COUNT0: 479986705
# COUNT1: 1
# COUNT2: lps
# elapsed: 10.006234
# pid: 468
# status: 0

#### Pass 8


# COUNT0: 428831006
# COUNT1: 1
# COUNT2: lps
# elapsed: 10.005844
# pid: 477
# status: 0

#### Pass 9


# COUNT0: 436843015
# COUNT1: 1
# COUNT2: lps
# elapsed: 10.005824
# pid: 486
# status: 0

#### Pass 10


# COUNT0: 484095152
# COUNT1: 1
# COUNT2: lps
# elapsed: 10.006272
# pid: 495
# status: 0

*Dump score:  428831006.0
*Dump score:  436843015.0
*Dump score:  479986705.0
Count score:  480037717.0
Count score:  480217483.0
Count score:  480246200.0
Count score:  481336008.0
Count score:  481754389.0
Count score:  482357109.0
Count score:  484095152.0

>>>> Results of 1 copy
>>>> score: 48113878.8085723
>>>> time: 10.006114
>>>> iterations: 7


########################################################
Double-Precision Whetstone -- 1 copy
==> "/mnt/host0/unixbench/UnixBench/pgms/whetstone-double"  2>&1 >> "/mnt/host0/unixbench/UnixBench/results/uarf-2025-06-03-01.log"

#### Pass 1

Calibrate
       0.00 Seconds          1   Passes (x 100)
       0.01 Seconds          5   Passes (x 100)
       0.04 Seconds         25   Passes (x 100)
       0.17 Seconds        125   Passes (x 100)
       0.83 Seconds        625   Passes (x 100)

Use 7532  passes (x 100)

          Double Precision C/C++ Whetstone Benchmark

Loop content                  Result              MFLOPS      MOPS   Seconds

N1 floating point     -1.12398255667392033      1797.810              0.080
N2 floating point     -1.12187079889294417      2139.456              0.473
N3 if then else        1.00000000000000000                5954.532    0.131
N4 fixed point        12.00000000000000000                   0.000   -0.000
N5 sin,cos etc.        0.49902937281518261                 184.674    3.393
N6 floating point      0.99999987890802811      1028.556              3.950
N7 assignments         3.00000000000000000                5902.993    0.236
N8 exp,sqrt etc.       0.75100163018453958                 168.064    1.667

MWIPS                                           7584.491              9.931


# COUNT0: 7584.491
# COUNT1: 0
# COUNT2: MWIPS
# TIME: 9.931
# elapsed: 11.789044
# pid: 504
# status: 0

#### Pass 2

Calibrate
       0.00 Seconds          1   Passes (x 100)
       0.01 Seconds          5   Passes (x 100)
       0.04 Seconds         25   Passes (x 100)
       0.17 Seconds        125   Passes (x 100)
       0.83 Seconds        625   Passes (x 100)

Use 7528  passes (x 100)

          Double Precision C/C++ Whetstone Benchmark

Loop content                  Result              MFLOPS      MOPS   Seconds

N1 floating point     -1.12398255667392033      1800.481              0.080
N2 floating point     -1.12187079889294417      2142.436              0.472
N3 if then else        1.00000000000000000                5940.714    0.131
N4 fixed point        12.00000000000000000               30846929659.134    0.000
N5 sin,cos etc.        0.49902937281518261                 185.479    3.377
N6 floating point      0.99999987890802811      1029.624              3.944
N7 assignments         3.00000000000000000                5915.863    0.235
N8 exp,sqrt etc.       0.75100163018453958                 168.022    1.667

MWIPS                                           7599.339              9.906


# COUNT0: 7599.339
# COUNT1: 0
# COUNT2: MWIPS
# TIME: 9.906
# elapsed: 11.769124
# pid: 513
# status: 0

#### Pass 3

Calibrate
       0.00 Seconds          1   Passes (x 100)
       0.01 Seconds          5   Passes (x 100)
       0.04 Seconds         25   Passes (x 100)
       0.17 Seconds        125   Passes (x 100)
       0.83 Seconds        625   Passes (x 100)

Use 7506  passes (x 100)

          Double Precision C/C++ Whetstone Benchmark

Loop content                  Result              MFLOPS      MOPS   Seconds

N1 floating point     -1.12398255667392033      1794.697              0.080
N2 floating point     -1.12187079889294417      2133.613              0.473
N3 if then else        1.00000000000000000                5896.960    0.132
N4 fixed point        12.00000000000000000               29633324849.184    0.000
N5 sin,cos etc.        0.49902937281518261                 185.215    3.372
N6 floating point      0.99999987890802811      1028.892              3.935
N7 assignments         3.00000000000000000                5894.012    0.235
N8 exp,sqrt etc.       0.75100163018453958                 168.071    1.661

MWIPS                                           7590.760              9.888


# COUNT0: 7590.760
# COUNT1: 0
# COUNT2: MWIPS
# TIME: 9.888
# elapsed: 11.754911
# pid: 522
# status: 0

#### Pass 4

Calibrate
       0.00 Seconds          1   Passes (x 100)
       0.01 Seconds          5   Passes (x 100)
       0.04 Seconds         25   Passes (x 100)
       0.17 Seconds        125   Passes (x 100)
       0.83 Seconds        625   Passes (x 100)

Use 7555  passes (x 100)

          Double Precision C/C++ Whetstone Benchmark

Loop content                  Result              MFLOPS      MOPS   Seconds

N1 floating point     -1.12398255667392033      1799.031              0.081
N2 floating point     -1.12187079889294417      2139.031              0.475
N3 if then else        1.00000000000000000                5923.810    0.132
N4 fixed point        12.00000000000000000               31999221251.100    0.000
N5 sin,cos etc.        0.49902937281518261                 185.335    3.392
N6 floating point      0.99999987890802811      1028.512              3.962
N7 assignments         3.00000000000000000                5902.940    0.237
N8 exp,sqrt etc.       0.75100163018453958                 168.010    1.673

MWIPS                                           7592.649              9.950


# COUNT0: 7592.649
# COUNT1: 0
# COUNT2: MWIPS
# TIME: 9.950
# elapsed: 11.812620
# pid: 531
# status: 0

#### Pass 5

Calibrate
       0.00 Seconds          1   Passes (x 100)
       0.01 Seconds          5   Passes (x 100)
       0.05 Seconds         25   Passes (x 100)
       0.17 Seconds        125   Passes (x 100)
       0.83 Seconds        625   Passes (x 100)

Use 7521  passes (x 100)

          Double Precision C/C++ Whetstone Benchmark

Loop content                  Result              MFLOPS      MOPS   Seconds

N1 floating point     -1.12398255667392033      1798.675              0.080
N2 floating point     -1.12187079889294417      2141.926              0.472
N3 if then else        1.00000000000000000                5908.473    0.132
N4 fixed point        12.00000000000000000                   0.000   -0.000
N5 sin,cos etc.        0.49902937281518261                 185.430    3.375
N6 floating point      0.99999987890802811      1030.104              3.938
N7 assignments         3.00000000000000000                5885.013    0.236
N8 exp,sqrt etc.       0.75100163018453958                 168.419    1.661

MWIPS                                           7601.438              9.894


# COUNT0: 7601.438
# COUNT1: 0
# COUNT2: MWIPS
# TIME: 9.894
# elapsed: 11.758670
# pid: 540
# status: 0

#### Pass 6

Calibrate
       0.00 Seconds          1   Passes (x 100)
       0.01 Seconds          5   Passes (x 100)
       0.04 Seconds         25   Passes (x 100)
       0.17 Seconds        125   Passes (x 100)
       0.83 Seconds        625   Passes (x 100)

Use 7507  passes (x 100)

          Double Precision C/C++ Whetstone Benchmark

Loop content                  Result              MFLOPS      MOPS   Seconds

N1 floating point     -1.12398255667392033      1795.971              0.080
N2 floating point     -1.12187079889294417      2141.529              0.471
N3 if then else        1.00000000000000000                5946.723    0.131
N4 fixed point        12.00000000000000000               131780023610.081    0.000
N5 sin,cos etc.        0.49902937281518261                 185.581    3.366
N6 floating point      0.99999987890802811      1028.438              3.937
N7 assignments         3.00000000000000000                5880.105    0.236
N8 exp,sqrt etc.       0.75100163018453958                 168.214    1.660

MWIPS                                           7597.427              9.881


# COUNT0: 7597.427
# COUNT1: 0
# COUNT2: MWIPS
# TIME: 9.881
# elapsed: 11.746199
# pid: 549
# status: 0

#### Pass 7

Calibrate
       0.00 Seconds          1   Passes (x 100)
       0.01 Seconds          5   Passes (x 100)
       0.04 Seconds         25   Passes (x 100)
       0.17 Seconds        125   Passes (x 100)
       0.83 Seconds        625   Passes (x 100)

Use 7551  passes (x 100)

          Double Precision C/C++ Whetstone Benchmark

Loop content                  Result              MFLOPS      MOPS   Seconds

N1 floating point     -1.12398255667392033      1798.917              0.081
N2 floating point     -1.12187079889294417      2139.008              0.474
N3 if then else        1.00000000000000000                5882.253    0.133
N4 fixed point        12.00000000000000000               2490559742.155    0.000
N5 sin,cos etc.        0.49902937281518261                 185.125    3.394
N6 floating point      0.99999987890802811      1028.080              3.962
N7 assignments         3.00000000000000000                5865.985    0.238
N8 exp,sqrt etc.       0.75100163018453958                 168.057    1.671

MWIPS                                           7586.962              9.953


# COUNT0: 7586.962
# COUNT1: 0
# COUNT2: MWIPS
# TIME: 9.953
# elapsed: 11.816627
# pid: 558
# status: 0

#### Pass 8

Calibrate
       0.00 Seconds          1   Passes (x 100)
       0.01 Seconds          5   Passes (x 100)
       0.04 Seconds         25   Passes (x 100)
       0.17 Seconds        125   Passes (x 100)
       0.83 Seconds        625   Passes (x 100)

Use 7538  passes (x 100)

          Double Precision C/C++ Whetstone Benchmark

Loop content                  Result              MFLOPS      MOPS   Seconds

N1 floating point     -1.12398255667392033      1794.197              0.081
N2 floating point     -1.12187079889294417      2140.681              0.473
N3 if then else        1.00000000000000000                5886.529    0.133
N4 fixed point        12.00000000000000000                   0.000   -0.000
N5 sin,cos etc.        0.49902937281518261                 185.210    3.386
N6 floating point      0.99999987890802811      1029.900              3.948
N7 assignments         3.00000000000000000                5877.606    0.237
N8 exp,sqrt etc.       0.75100163018453958                 167.532    1.674

MWIPS                                           7590.043              9.931


# COUNT0: 7590.043
# COUNT1: 0
# COUNT2: MWIPS
# TIME: 9.931
# elapsed: 11.798251
# pid: 567
# status: 0

#### Pass 9

Calibrate
       0.00 Seconds          1   Passes (x 100)
       0.01 Seconds          5   Passes (x 100)
       0.04 Seconds         25   Passes (x 100)
       0.17 Seconds        125   Passes (x 100)
       0.83 Seconds        625   Passes (x 100)

Use 7544  passes (x 100)

          Double Precision C/C++ Whetstone Benchmark

Loop content                  Result              MFLOPS      MOPS   Seconds

N1 floating point     -1.12398255667392033      1792.268              0.081
N2 floating point     -1.12187079889294417      2128.345              0.476
N3 if then else        1.00000000000000000                5908.911    0.132
N4 fixed point        12.00000000000000000                   0.000   -0.000
N5 sin,cos etc.        0.49902937281518261                 185.279    3.388
N6 floating point      0.99999987890802811      1028.488              3.957
N7 assignments         3.00000000000000000                5899.061    0.236
N8 exp,sqrt etc.       0.75100163018453958                 167.469    1.676

MWIPS                                           7585.263              9.946


# COUNT0: 7585.263
# COUNT1: 0
# COUNT2: MWIPS
# TIME: 9.946
# elapsed: 11.812145
# pid: 576
# status: 0

#### Pass 10

Calibrate
       0.00 Seconds          1   Passes (x 100)
       0.01 Seconds          5   Passes (x 100)
       0.04 Seconds         25   Passes (x 100)
       0.17 Seconds        125   Passes (x 100)
       0.83 Seconds        625   Passes (x 100)

Use 7518  passes (x 100)

          Double Precision C/C++ Whetstone Benchmark

Loop content                  Result              MFLOPS      MOPS   Seconds

N1 floating point     -1.12398255667392033      1793.619              0.080
N2 floating point     -1.12187079889294417      2136.622              0.473
N3 if then else        1.00000000000000000                5904.591    0.132
N4 fixed point        12.00000000000000000                   0.000   -0.000
N5 sin,cos etc.        0.49902937281518261                 185.242    3.377
N6 floating point      0.99999987890802811      1027.846              3.945
N7 assignments         3.00000000000000000                5874.482    0.237
N8 exp,sqrt etc.       0.75100163018453958                 167.492    1.670

MWIPS                                           7583.665              9.913


# COUNT0: 7583.665
# COUNT1: 0
# COUNT2: MWIPS
# TIME: 9.913
# elapsed: 11.779488
# pid: 585
# status: 0

*Dump score:       7583.7
*Dump score:       7584.5
*Dump score:       7585.3
Count score:       7587.0
Count score:       7590.0
Count score:       7590.8
Count score:       7592.6
Count score:       7597.4
Count score:       7599.3
Count score:       7601.4

>>>> Results of 1 copy
>>>> score: 7594.08665829314
>>>> time: 9.91471428571428
>>>> iterations: 7


########################################################
Execl Throughput -- 1 copy
==> "/mnt/host0/unixbench/UnixBench/pgms/execl" 30 2>&1 >> "/mnt/host0/unixbench/UnixBench/results/uarf-2025-06-03-01.log"

#### Pass 1


# COUNT0: 36690
# COUNT1: 1
# COUNT2: lps
# elapsed: 29.665553
# pid: 594
# status: 0

#### Pass 2


# COUNT0: 37291
# COUNT1: 1
# COUNT2: lps
# elapsed: 29.976100
# pid: 604
# status: 0

#### Pass 3


# COUNT0: 36470
# COUNT1: 1
# COUNT2: lps
# elapsed: 29.982328
# pid: 614
# status: 0

*Dump score:      36470.0
Count score:      36690.0
Count score:      37291.0

>>>> Results of 1 copy
>>>> score: 1240.40092659744
>>>> time: 29.8208265
>>>> iterations: 2


########################################################
File Copy 1024 bufsize 2000 maxblocks -- 1 copy
==> "/mnt/host0/unixbench/UnixBench/pgms/fstime" -c -t 30 -d "/mnt/host0/unixbench/UnixBench/tmp" -b 1024 -m 2000 2>&1 >> "/mnt/host0/unixbench/UnixBench/results/uarf-2025-06-03-01.log"

#### Pass 1

Write done: 128000 in 2.0410, score 15678
Read done: 121172 in 2.0001, score 15145
Copy done: 915088 in 30.0001, score 7625

# COUNT0: 7625
# COUNT1: 0
# COUNT2: KBps
# TIME: 30.0
# elapsed: 45.059107
# pid: 623
# status: 0

#### Pass 2

Write done: 128000 in 2.0832, score 15361
Read done: 126464 in 2.0001, score 15807
Copy done: 915716 in 30.0001, score 7630

# COUNT0: 7630
# COUNT1: 0
# COUNT2: KBps
# TIME: 30.0
# elapsed: 45.101481
# pid: 632
# status: 0

#### Pass 3

Write done: 128000 in 2.0028, score 15977
Read done: 125292 in 2.0001, score 15660
Copy done: 940296 in 30.0000, score 7835

# COUNT0: 7835
# COUNT1: 0
# COUNT2: KBps
# TIME: 30.0
# elapsed: 45.020321
# pid: 641
# status: 0

*Dump score:       7625.0
Count score:       7630.0
Count score:       7835.0

>>>> Results of 1 copy
>>>> score: 7731.82061354245
>>>> time: 30
>>>> iterations: 2


########################################################
File Copy 256 bufsize 500 maxblocks -- 1 copy
==> "/mnt/host0/unixbench/UnixBench/pgms/fstime" -c -t 30 -d "/mnt/host0/unixbench/UnixBench/tmp" -b 256 -m 500 2>&1 >> "/mnt/host0/unixbench/UnixBench/results/uarf-2025-06-03-01.log"

#### Pass 1

Write done: 30000 in 2.0314, score 3692
Read done: 30352 in 2.0001, score 3793
Copy done: 230929 in 30.0001, score 1924

# COUNT0: 1924
# COUNT1: 0
# COUNT2: KBps
# TIME: 30.0
# elapsed: 45.051002
# pid: 650
# status: 0

#### Pass 2

Write done: 30000 in 2.0187, score 3715
Read done: 30597 in 2.0001, score 3824
Copy done: 231492 in 30.0001, score 1929

# COUNT0: 1929
# COUNT1: 0
# COUNT2: KBps
# TIME: 30.0
# elapsed: 45.037496
# pid: 659
# status: 0

#### Pass 3

Write done: 42000 in 2.0658, score 5082
Read done: 33484 in 2.0000, score 4185
Copy done: 234695 in 30.0000, score 1955

# COUNT0: 1955
# COUNT1: 0
# COUNT2: KBps
# TIME: 30.0
# elapsed: 45.083468
# pid: 668
# status: 0

*Dump score:       1924.0
Count score:       1929.0
Count score:       1955.0

>>>> Results of 1 copy
>>>> score: 1941.95648766907
>>>> time: 30
>>>> iterations: 2


########################################################
File Copy 4096 bufsize 8000 maxblocks -- 1 copy
==> "/mnt/host0/unixbench/UnixBench/pgms/fstime" -c -t 30 -d "/mnt/host0/unixbench/UnixBench/tmp" -b 4096 -m 8000 2>&1 >> "/mnt/host0/unixbench/UnixBench/results/uarf-2025-06-03-01.log"

#### Pass 1

Write done: 480000 in 2.1347, score 56215
Read done: 476000 in 2.0001, score 59497
Copy done: 3519360 in 30.0000, score 29327

# COUNT0: 29327
# COUNT1: 0
# COUNT2: KBps
# TIME: 30.0
# elapsed: 45.157592
# pid: 678
# status: 0

#### Pass 2

Write done: 608000 in 2.1271, score 71457
Read done: 480048 in 2.0000, score 60005
Copy done: 3568384 in 30.0001, score 29736

# COUNT0: 29736
# COUNT1: 0
# COUNT2: KBps
# TIME: 30.0
# elapsed: 45.148060
# pid: 687
# status: 0

#### Pass 3

Write done: 512000 in 2.1090, score 60693
Read done: 495488 in 2.0001, score 61933
Copy done: 3541824 in 30.0001, score 29515

# COUNT0: 29515
# COUNT1: 0
# COUNT2: KBps
# TIME: 30.0
# elapsed: 45.135500
# pid: 696
# status: 0

*Dump score:      29327.0
Count score:      29515.0
Count score:      29736.0

>>>> Results of 1 copy
>>>> score: 29625.2939225926
>>>> time: 30
>>>> iterations: 2


########################################################
Pipe Throughput -- 1 copy
==> "/mnt/host0/unixbench/UnixBench/pgms/pipe" 10 2>&1 >> "/mnt/host0/unixbench/UnixBench/results/uarf-2025-06-03-01.log"

#### Pass 1


# COUNT0: 23240105
# COUNT1: 1
# COUNT2: lps
# elapsed: 10.006260
# pid: 705
# status: 0

#### Pass 2


# COUNT0: 23246735
# COUNT1: 1
# COUNT2: lps
# elapsed: 10.006704
# pid: 714
# status: 0

#### Pass 3


# COUNT0: 22989010
# COUNT1: 1
# COUNT2: lps
# elapsed: 10.006512
# pid: 723
# status: 0

#### Pass 4


# COUNT0: 23250406
# COUNT1: 1
# COUNT2: lps
# elapsed: 10.006382
# pid: 732
# status: 0

#### Pass 5


# COUNT0: 22665307
# COUNT1: 1
# COUNT2: lps
# elapsed: 10.006111
# pid: 741
# status: 0

#### Pass 6


# COUNT0: 23151731
# COUNT1: 1
# COUNT2: lps
# elapsed: 10.006097
# pid: 750
# status: 0

#### Pass 7


# COUNT0: 23030969
# COUNT1: 1
# COUNT2: lps
# elapsed: 10.006502
# pid: 759
# status: 0

#### Pass 8


# COUNT0: 23227548
# COUNT1: 1
# COUNT2: lps
# elapsed: 10.006019
# pid: 768
# status: 0

#### Pass 9


# COUNT0: 22775096
# COUNT1: 1
# COUNT2: lps
# elapsed: 10.005553
# pid: 777
# status: 0

#### Pass 10


# COUNT0: 23224522
# COUNT1: 1
# COUNT2: lps
# elapsed: 10.006359
# pid: 788
# status: 0

*Dump score:   22665307.0
*Dump score:   22775096.0
*Dump score:   22989010.0
Count score:   23030969.0
Count score:   23151731.0
Count score:   23224522.0
Count score:   23227548.0
Count score:   23240105.0
Count score:   23246735.0
Count score:   23250406.0

>>>> Results of 1 copy
>>>> score: 2318120.54111487
>>>> time: 10.0063318571429
>>>> iterations: 7


########################################################
Pipe-based Context Switching -- 1 copy
==> "/mnt/host0/unixbench/UnixBench/pgms/context1" 10 2>&1 >> "/mnt/host0/unixbench/UnixBench/results/uarf-2025-06-03-01.log"

#### Pass 1


# COUNT0: 351633
# COUNT1: 1
# COUNT2: lps
# elapsed: 10.006084
# pid: 797
# status: 0

#### Pass 2


# COUNT0: 350698
# COUNT1: 1
# COUNT2: lps
# elapsed: 10.007300
# pid: 807
# status: 0

#### Pass 3


# COUNT0: 353040
# COUNT1: 1
# COUNT2: lps
# elapsed: 10.006754
# pid: 817
# status: 0

#### Pass 4


# COUNT0: 356354
# COUNT1: 1
# COUNT2: lps
# elapsed: 10.006715
# pid: 828
# status: 0

#### Pass 5


# COUNT0: 355244
# COUNT1: 1
# COUNT2: lps
# elapsed: 10.006471
# pid: 838
# status: 0

#### Pass 6


# COUNT0: 358544
# COUNT1: 1
# COUNT2: lps
# elapsed: 10.006900
# pid: 848
# status: 0

#### Pass 7


# COUNT0: 351260
# COUNT1: 1
# COUNT2: lps
# elapsed: 10.006529
# pid: 858
# status: 0

#### Pass 8


# COUNT0: 350782
# COUNT1: 1
# COUNT2: lps
# elapsed: 10.006483
# pid: 868
# status: 0

#### Pass 9


# COUNT0: 358084
# COUNT1: 1
# COUNT2: lps
# elapsed: 10.007189
# pid: 878
# status: 0

#### Pass 10


# COUNT0: 349890
# COUNT1: 1
# COUNT2: lps
# elapsed: 10.006652
# pid: 888
# status: 0

*Dump score:     349890.0
*Dump score:     350698.0
*Dump score:     350782.0
Count score:     351260.0
Count score:     351633.0
Count score:     353040.0
Count score:     355244.0
Count score:     356354.0
Count score:     358084.0
Count score:     358544.0

>>>> Results of 1 copy
>>>> score: 35463.2885731538
>>>> time: 10.0066631428571
>>>> iterations: 7


########################################################
Process Creation -- 1 copy
==> "/mnt/host0/unixbench/UnixBench/pgms/spawn" 30 2>&1 >> "/mnt/host0/unixbench/UnixBench/results/uarf-2025-06-03-01.log"

#### Pass 1


# COUNT0: 294545
# COUNT1: 1
# COUNT2: lps
# elapsed: 30.006666
# pid: 898
# status: 0

#### Pass 2


# COUNT0: 303034
# COUNT1: 1
# COUNT2: lps
# elapsed: 30.007439
# pid: 295453
# status: 0

#### Pass 3


# COUNT0: 295109
# COUNT1: 1
# COUNT2: lps
# elapsed: 30.006986
# pid: 598497
# status: 0

*Dump score:     294545.0
Count score:     295109.0
Count score:     303034.0

>>>> Results of 1 copy
>>>> score: 9965.77901400995
>>>> time: 30.0072125
>>>> iterations: 2


########################################################
System Call Overhead -- 1 copy
==> "/mnt/host0/unixbench/UnixBench/pgms/syscall" 10 2>&1 >> "/mnt/host0/unixbench/UnixBench/results/uarf-2025-06-03-01.log"

#### Pass 1


# COUNT0: 29599040
# COUNT1: 1
# COUNT2: lps
# elapsed: 10.007110
# pid: 893616
# status: 0

#### Pass 2


# COUNT0: 29563886
# COUNT1: 1
# COUNT2: lps
# elapsed: 10.006675
# pid: 893625
# status: 0

#### Pass 3


# COUNT0: 28882063
# COUNT1: 1
# COUNT2: lps
# elapsed: 10.006726
# pid: 893634
# status: 0

#### Pass 4


# COUNT0: 28986273
# COUNT1: 1
# COUNT2: lps
# elapsed: 10.007056
# pid: 893643
# status: 0

#### Pass 5


# COUNT0: 29336618
# COUNT1: 1
# COUNT2: lps
# elapsed: 10.006569
# pid: 893652
# status: 0

#### Pass 6


# COUNT0: 29691730
# COUNT1: 1
# COUNT2: lps
# elapsed: 10.006581
# pid: 893662
# status: 0

#### Pass 7


# COUNT0: 29574484
# COUNT1: 1
# COUNT2: lps
# elapsed: 10.007208
# pid: 893671
# status: 0

#### Pass 8


# COUNT0: 29644381
# COUNT1: 1
# COUNT2: lps
# elapsed: 10.006549
# pid: 893680
# status: 0

#### Pass 9


# COUNT0: 29818590
# COUNT1: 1
# COUNT2: lps
# elapsed: 10.006509
# pid: 893689
# status: 0

#### Pass 10


# COUNT0: 27946854
# COUNT1: 1
# COUNT2: lps
# elapsed: 10.006988
# pid: 893698
# status: 0

*Dump score:   27946854.0
*Dump score:   28882063.0
*Dump score:   28986273.0
Count score:   29336618.0
Count score:   29563886.0
Count score:   29574484.0
Count score:   29599040.0
Count score:   29644381.0
Count score:   29691730.0
Count score:   29818590.0

>>>> Results of 1 copy
>>>> score: 2958384.31383167
>>>> time: 10.006743
>>>> iterations: 7


########################################################
Shell Scripts (1 concurrent) -- 1 copy
==> "/mnt/host0/unixbench/UnixBench/pgms/looper" 60 "/mnt/host0/unixbench/UnixBench/pgms/multi.sh" 1 2>&1 >> "/mnt/host0/unixbench/UnixBench/results/uarf-2025-06-03-01.log"

#### Pass 1


# COUNT0: 3033
# COUNT1: 60
# COUNT2: lpm
# elapsed: 60.018874
# pid: 893707
# status: 0

#### Pass 2


# COUNT0: 3029
# COUNT1: 60
# COUNT2: lpm
# elapsed: 60.007425
# pid: 921023
# status: 0

#### Pass 3


# COUNT0: 3019
# COUNT1: 60
# COUNT2: lpm
# elapsed: 60.027936
# pid: 948302
# status: 0

*Dump score:       3019.0
Count score:       3029.0
Count score:       3033.0

>>>> Results of 1 copy
>>>> score: 3030.33523072225
>>>> time: 60.0131495
>>>> iterations: 2


########################################################
Shell Scripts (8 concurrent) -- 1 copy
==> "/mnt/host0/unixbench/UnixBench/pgms/looper" 60 "/mnt/host0/unixbench/UnixBench/pgms/multi.sh" 8 2>&1 >> "/mnt/host0/unixbench/UnixBench/results/uarf-2025-06-03-01.log"

#### Pass 1


# COUNT0: 647
# COUNT1: 60
# COUNT2: lpm
# elapsed: 60.086131
# pid: 975491
# status: 0

#### Pass 2


# COUNT0: 652
# COUNT1: 60
# COUNT2: lpm
# elapsed: 60.031176
# pid: 1017620
# status: 0

#### Pass 3


# COUNT0: 650
# COUNT1: 60
# COUNT2: lpm
# elapsed: 60.096989
# pid: 1060074
# status: 0

*Dump score:        647.0
Count score:        650.0
Count score:        652.0

>>>> Results of 1 copy
>>>> score: 650.304777050154
>>>> time: 60.0640825
>>>> iterations: 2


########################################################
Dhrystone 2 using register variables -- 2 copies
==> "/mnt/host0/unixbench/UnixBench/pgms/dhry2reg" 10 2>&1 >> "/mnt/host0/unixbench/UnixBench/results/uarf-2025-06-03-01.log"

#### Pass 1


# COUNT0: 313519287
# COUNT1: 1
# COUNT2: lps
# elapsed: 10.008505
# pid: 1102399
# status: 0

# COUNT0: 313483078
# COUNT1: 1
# COUNT2: lps
# elapsed: 10.008157
# pid: 1102400
# status: 0

#### Pass 2


# COUNT0: 312911986
# COUNT1: 1
# COUNT2: lps
# elapsed: 10.007875
# pid: 1102411
# status: 0

# COUNT0: 312961326
# COUNT1: 1
# COUNT2: lps
# elapsed: 10.007975
# pid: 1102413
# status: 0

#### Pass 3


# COUNT0: 315233486
# COUNT1: 1
# COUNT2: lps
# elapsed: 10.007351
# pid: 1102423
# status: 0

# COUNT0: 315303423
# COUNT1: 1
# COUNT2: lps
# elapsed: 10.007988
# pid: 1102425
# status: 0

#### Pass 4


# COUNT0: 314877094
# COUNT1: 1
# COUNT2: lps
# elapsed: 10.007730
# pid: 1102435
# status: 0

# COUNT0: 314922118
# COUNT1: 1
# COUNT2: lps
# elapsed: 10.007378
# pid: 1102437
# status: 0

#### Pass 5


# COUNT0: 312880888
# COUNT1: 1
# COUNT2: lps
# elapsed: 10.007774
# pid: 1102447
# status: 0

# COUNT0: 312931934
# COUNT1: 1
# COUNT2: lps
# elapsed: 10.007349
# pid: 1102449
# status: 0

#### Pass 6


# COUNT0: 311781386
# COUNT1: 1
# COUNT2: lps
# elapsed: 10.008091
# pid: 1102459
# status: 0

# COUNT0: 311829099
# COUNT1: 1
# COUNT2: lps
# elapsed: 10.007659
# pid: 1102461
# status: 0

#### Pass 7


# COUNT0: 312115138
# COUNT1: 1
# COUNT2: lps
# elapsed: 10.007862
# pid: 1102471
# status: 0

# COUNT0: 312064543
# COUNT1: 1
# COUNT2: lps
# elapsed: 10.007646
# pid: 1102473
# status: 0

#### Pass 8


# COUNT0: 311919866
# COUNT1: 1
# COUNT2: lps
# elapsed: 10.008278
# pid: 1102483
# status: 0

# COUNT0: 311986038
# COUNT1: 1
# COUNT2: lps
# elapsed: 10.008526
# pid: 1102485
# status: 0

#### Pass 9


# COUNT0: 306184126
# COUNT1: 1
# COUNT2: lps
# elapsed: 10.008232
# pid: 1102495
# status: 0

# COUNT0: 308176250
# COUNT1: 1
# COUNT2: lps
# elapsed: 10.007575
# pid: 1102497
# status: 0

#### Pass 10


# COUNT0: 314773200
# COUNT1: 1
# COUNT2: lps
# elapsed: 10.006522
# pid: 1102507
# status: 0

# COUNT0: 314737005
# COUNT1: 1
# COUNT2: lps
# elapsed: 10.006110
# pid: 1102509
# status: 0

*Dump score:  614360376.0
*Dump score:  623610485.0
*Dump score:  623905904.0
Count score:  624179681.0
Count score:  625812822.0
Count score:  625873312.0
Count score:  627002365.0
Count score:  629510205.0
Count score:  629799212.0
Count score:  630536909.0

>>>> Sum of 2 copies
>>>> score: 62705086.4253248
>>>> time: 10.0075872857143
>>>> iterations: 7


########################################################
Double-Precision Whetstone -- 2 copies
==> "/mnt/host0/unixbench/UnixBench/pgms/whetstone-double"  2>&1 >> "/mnt/host0/unixbench/UnixBench/results/uarf-2025-06-03-01.log"

#### Pass 1

Calibrate
       0.00 Seconds          1   Passes (x 100)
       0.01 Seconds          5   Passes (x 100)
       0.04 Seconds         25   Passes (x 100)
       0.19 Seconds        125   Passes (x 100)
       0.95 Seconds        625   Passes (x 100)

Use 6569  passes (x 100)

          Double Precision C/C++ Whetstone Benchmark

Loop content                  Result              MFLOPS      MOPS   Seconds

N1 floating point     -1.12398255667392033      1728.289              0.073
N2 floating point     -1.12187079889294417      2094.301              0.422
N3 if then else        1.00000000000000000                5891.510    0.115
N4 fixed point        12.00000000000000000               114728748979.055    0.000
N5 sin,cos etc.        0.49902937281518261                 146.251    3.737
N6 floating point      0.99999987890802811      1008.153              3.515
N7 assignments         3.00000000000000000                2901.073    0.418
N8 exp,sqrt etc.       0.75100163018453958                 149.706    1.632

MWIPS                                           6627.069              9.912

Calibrate
       0.00 Seconds          1   Passes (x 100)
       0.01 Seconds          5   Passes (x 100)
       0.04 Seconds         25   Passes (x 100)
       0.19 Seconds        125   Passes (x 100)
       0.95 Seconds        625   Passes (x 100)

Use 6572  passes (x 100)

          Double Precision C/C++ Whetstone Benchmark

Loop content                  Result              MFLOPS      MOPS   Seconds

N1 floating point     -1.12398255667392033      1728.862              0.073
N2 floating point     -1.12187079889294417      2092.175              0.422
N3 if then else        1.00000000000000000                5891.949    0.115
N4 fixed point        12.00000000000000000               18408590822.420    0.000
N5 sin,cos etc.        0.49902937281518261                 146.300    3.737
N6 floating point      0.99999987890802811      1007.998              3.517
N7 assignments         3.00000000000000000                2903.973    0.418
N8 exp,sqrt etc.       0.75100163018453958                 149.855    1.631

MWIPS                                           6628.658              9.915


# COUNT0: 6627.069
# COUNT1: 0
# COUNT2: MWIPS
# TIME: 9.912
# elapsed: 11.847548
# pid: 1102519
# status: 0

# COUNT0: 6628.658
# COUNT1: 0
# COUNT2: MWIPS
# TIME: 9.915
# elapsed: 11.849028
# pid: 1102521
# status: 0

#### Pass 2

Calibrate
       0.00 Seconds          1   Passes (x 100)
       0.01 Seconds          5   Passes (x 100)
       0.04 Seconds         25   Passes (x 100)
       0.19 Seconds        125   Passes (x 100)
       0.95 Seconds        625   Passes (x 100)

Use 6550  passes (x 100)

          Double Precision C/C++ Whetstone Benchmark

Loop content                  Result              MFLOPS      MOPS   Seconds

N1 floating point     -1.12398255667392033      1732.308              0.073
N2 floating point     -1.12187079889294417      2091.548              0.421
N3 if then else        1.00000000000000000                5796.408    0.117
N4 fixed point        12.00000000000000000                   0.000   -0.000
N5 sin,cos etc.        0.49902937281518261                 146.040    3.732
N6 floating point      0.99999987890802811      1007.553              3.507
N7 assignments         3.00000000000000000                2899.932    0.417
N8 exp,sqrt etc.       0.75100163018453958                 149.574    1.629

MWIPS                                           6619.477              9.895

Calibrate
       0.00 Seconds          1   Passes (x 100)
       0.01 Seconds          5   Passes (x 100)
       0.04 Seconds         25   Passes (x 100)
       0.19 Seconds        125   Passes (x 100)
       0.95 Seconds        625   Passes (x 100)

Use 6553  passes (x 100)

          Double Precision C/C++ Whetstone Benchmark

Loop content                  Result              MFLOPS      MOPS   Seconds

N1 floating point     -1.12398255667392033      1731.880              0.073
N2 floating point     -1.12187079889294417      2091.576              0.421
N3 if then else        1.00000000000000000                5797.579    0.117
N4 fixed point        12.00000000000000000                   0.000   -0.000
N5 sin,cos etc.        0.49902937281518261                 146.081    3.732
N6 floating point      0.99999987890802811      1007.366              3.509
N7 assignments         3.00000000000000000                2899.718    0.418
N8 exp,sqrt etc.       0.75100163018453958                 149.760    1.628

MWIPS                                           6621.089              9.897


# COUNT0: 6621.089
# COUNT1: 0
# COUNT2: MWIPS
# TIME: 9.897
# elapsed: 11.831933
# pid: 1102531
# status: 0

# COUNT0: 6619.477
# COUNT1: 0
# COUNT2: MWIPS
# TIME: 9.895
# elapsed: 11.829309
# pid: 1102533
# status: 0

#### Pass 3

Calibrate
       0.00 Seconds          1   Passes (x 100)
       0.01 Seconds          5   Passes (x 100)
       0.04 Seconds         25   Passes (x 100)
       0.19 Seconds        125   Passes (x 100)
       0.95 Seconds        625   Passes (x 100)

Use 6568  passes (x 100)

          Double Precision C/C++ Whetstone Benchmark

Loop content                  Result              MFLOPS      MOPS   Seconds

N1 floating point     -1.12398255667392033      1732.453              0.073
N2 floating point     -1.12187079889294417      2081.897              0.424
N3 if then else        1.00000000000000000                5787.893    0.117
N4 fixed point        12.00000000000000000               22845618414.561    0.000
N5 sin,cos etc.        0.49902937281518261                 146.657    3.726
N6 floating point      0.99999987890802811      1004.487              3.527
N7 assignments         3.00000000000000000                2873.167    0.422
N8 exp,sqrt etc.       0.75100163018453958                 149.203    1.638

MWIPS                                           6616.092              9.927

Calibrate
       0.00 Seconds          1   Passes (x 100)
       0.01 Seconds          5   Passes (x 100)
       0.04 Seconds         25   Passes (x 100)
       0.19 Seconds        125   Passes (x 100)
       0.95 Seconds        625   Passes (x 100)

Use 6573  passes (x 100)

          Double Precision C/C++ Whetstone Benchmark

Loop content                  Result              MFLOPS      MOPS   Seconds

N1 floating point     -1.12398255667392033      1732.598              0.073
N2 floating point     -1.12187079889294417      2081.882              0.424
N3 if then else        1.00000000000000000                5788.748    0.118
N4 fixed point        12.00000000000000000                   0.000   -0.000
N5 sin,cos etc.        0.49902937281518261                 146.566    3.731
N6 floating point      0.99999987890802811      1004.661              3.529
N7 assignments         3.00000000000000000                2871.562    0.423
N8 exp,sqrt etc.       0.75100163018453958                 149.095    1.640

MWIPS                                           6614.015              9.938


# COUNT0: 6616.092
# COUNT1: 0
# COUNT2: MWIPS
# TIME: 9.927
# elapsed: 11.860773
# pid: 1102543
# status: 0

# COUNT0: 6614.015
# COUNT1: 0
# COUNT2: MWIPS
# TIME: 9.938
# elapsed: 11.870483
# pid: 1102545
# status: 0

#### Pass 4

Calibrate
       0.00 Seconds          1   Passes (x 100)
       0.01 Seconds          5   Passes (x 100)
       0.04 Seconds         25   Passes (x 100)
       0.19 Seconds        125   Passes (x 100)
       0.96 Seconds        625   Passes (x 100)

Use 6517  passes (x 100)

          Double Precision C/C++ Whetstone Benchmark

Loop content                  Result              MFLOPS      MOPS   Seconds

N1 floating point     -1.12398255667392033      1726.043              0.072
N2 floating point     -1.12187079889294417      2072.452              0.423
N3 if then else        1.00000000000000000                5753.533    0.117
N4 fixed point        12.00000000000000000               34294139120.407    0.000
N5 sin,cos etc.        0.49902937281518261                 145.190    3.735
N6 floating point      0.99999987890802811      1003.359              3.504
N7 assignments         3.00000000000000000                2881.696    0.418
N8 exp,sqrt etc.       0.75100163018453958                 149.514    1.621

MWIPS                                           6589.642              9.890

Calibrate
       0.00 Seconds          1   Passes (x 100)
       0.01 Seconds          5   Passes (x 100)
       0.04 Seconds         25   Passes (x 100)
       0.19 Seconds        125   Passes (x 100)
       0.96 Seconds        625   Passes (x 100)

Use 6523  passes (x 100)

          Double Precision C/C++ Whetstone Benchmark

Loop content                  Result              MFLOPS      MOPS   Seconds

N1 floating point     -1.12398255667392033      1726.373              0.073
N2 floating point     -1.12187079889294417      2071.253              0.423
N3 if then else        1.00000000000000000                5772.710    0.117
N4 fixed point        12.00000000000000000                   0.000   -0.000
N5 sin,cos etc.        0.49902937281518261                 145.324    3.735
N6 floating point      0.99999987890802811      1003.602              3.506
N7 assignments         3.00000000000000000                2882.177    0.418
N8 exp,sqrt etc.       0.75100163018453958                 149.752    1.620

MWIPS                                           6594.370              9.892


# COUNT0: 6594.370
# COUNT1: 0
# COUNT2: MWIPS
# TIME: 9.892
# elapsed: 11.835842
# pid: 1102555
# status: 0

# COUNT0: 6589.642
# COUNT1: 0
# COUNT2: MWIPS
# TIME: 9.890
# elapsed: 11.833912
# pid: 1102557
# status: 0

#### Pass 5

Calibrate
       0.00 Seconds          1   Passes (x 100)
       0.01 Seconds          5   Passes (x 100)
       0.04 Seconds         25   Passes (x 100)
       0.19 Seconds        125   Passes (x 100)
       0.95 Seconds        625   Passes (x 100)

Use 6575  passes (x 100)

          Double Precision C/C++ Whetstone Benchmark

Loop content                  Result              MFLOPS      MOPS   Seconds

N1 floating point     -1.12398255667392033      1727.334              0.073
N2 floating point     -1.12187079889294417      2050.739              0.431
N3 if then else        1.00000000000000000                5744.423    0.118
N4 fixed point        12.00000000000000000                   0.000   -0.000
N5 sin,cos etc.        0.49902937281518261                 144.800    3.778
N6 floating point      0.99999987890802811      1009.021              3.515
N7 assignments         3.00000000000000000                2886.937    0.421
N8 exp,sqrt etc.       0.75100163018453958                 150.189    1.629

MWIPS                                           6598.342              9.965

Calibrate
       0.00 Seconds          1   Passes (x 100)
       0.01 Seconds          5   Passes (x 100)
       0.04 Seconds         25   Passes (x 100)
       0.19 Seconds        125   Passes (x 100)
       0.95 Seconds        625   Passes (x 100)

Use 6571  passes (x 100)

          Double Precision C/C++ Whetstone Benchmark

Loop content                  Result              MFLOPS      MOPS   Seconds

N1 floating point     -1.12398255667392033      1727.127              0.073
N2 floating point     -1.12187079889294417      2050.852              0.431
N3 if then else        1.00000000000000000                5743.494    0.118
N4 fixed point        12.00000000000000000               59495907886.959    0.000
N5 sin,cos etc.        0.49902937281518261                 144.665    3.779
N6 floating point      0.99999987890802811      1008.952              3.513
N7 assignments         3.00000000000000000                2884.770    0.421
N8 exp,sqrt etc.       0.75100163018453958                 149.968    1.630

MWIPS                                           6594.043              9.965


# COUNT0: 6594.043
# COUNT1: 0
# COUNT2: MWIPS
# TIME: 9.965
# elapsed: 11.899486
# pid: 1102567
# status: 0

# COUNT0: 6598.342
# COUNT1: 0
# COUNT2: MWIPS
# TIME: 9.965
# elapsed: 11.898519
# pid: 1102569
# status: 0

#### Pass 6

Calibrate
       0.00 Seconds          1   Passes (x 100)
       0.01 Seconds          5   Passes (x 100)
       0.04 Seconds         25   Passes (x 100)
       0.19 Seconds        125   Passes (x 100)
       0.95 Seconds        625   Passes (x 100)

Use 6550  passes (x 100)

          Double Precision C/C++ Whetstone Benchmark

Loop content                  Result              MFLOPS      MOPS   Seconds

N1 floating point     -1.12398255667392033      1725.704              0.073
N2 floating point     -1.12187079889294417      2081.956              0.423
N3 if then else        1.00000000000000000                5832.917    0.116
N4 fixed point        12.00000000000000000               19829469879.181    0.000
N5 sin,cos etc.        0.49902937281518261                 145.268    3.751
N6 floating point      0.99999987890802811       997.310              3.543
N7 assignments         3.00000000000000000                2862.420    0.423
N8 exp,sqrt etc.       0.75100163018453958                 148.223    1.644

MWIPS                                           6567.939              9.973

Calibrate
       0.00 Seconds          1   Passes (x 100)
       0.01 Seconds          5   Passes (x 100)
       0.04 Seconds         25   Passes (x 100)
       0.19 Seconds        125   Passes (x 100)
       0.95 Seconds        625   Passes (x 100)

Use 6550  passes (x 100)

          Double Precision C/C++ Whetstone Benchmark

Loop content                  Result              MFLOPS      MOPS   Seconds

N1 floating point     -1.12398255667392033      1726.438              0.073
N2 floating point     -1.12187079889294417      2082.296              0.423
N3 if then else        1.00000000000000000                5832.966    0.116
N4 fixed point        12.00000000000000000                   0.000   -0.000
N5 sin,cos etc.        0.49902937281518261                 145.209    3.753
N6 floating point      0.99999987890802811       997.665              3.541
N7 assignments         3.00000000000000000                2862.284    0.423
N8 exp,sqrt etc.       0.75100163018453958                 148.051    1.646

MWIPS                                           6566.558              9.975


# COUNT0: 6567.939
# COUNT1: 0
# COUNT2: MWIPS
# TIME: 9.973
# elapsed: 11.910453
# pid: 1102579
# status: 0

# COUNT0: 6566.558
# COUNT1: 0
# COUNT2: MWIPS
# TIME: 9.975
# elapsed: 11.911615
# pid: 1102581
# status: 0

#### Pass 7

Calibrate
       0.00 Seconds          1   Passes (x 100)
       0.01 Seconds          5   Passes (x 100)
       0.04 Seconds         25   Passes (x 100)
       0.19 Seconds        125   Passes (x 100)
       0.95 Seconds        625   Passes (x 100)

Use 6560  passes (x 100)

          Double Precision C/C++ Whetstone Benchmark

Loop content                  Result              MFLOPS      MOPS   Seconds

N1 floating point     -1.12398255667392033      1729.497              0.073
N2 floating point     -1.12187079889294417      2071.301              0.426
N3 if then else        1.00000000000000000                5833.940    0.116
N4 fixed point        12.00000000000000000                   0.000   -0.000
N5 sin,cos etc.        0.49902937281518261                 145.621    3.748
N6 floating point      0.99999987890802811       992.774              3.564
N7 assignments         3.00000000000000000                2875.174    0.422
N8 exp,sqrt etc.       0.75100163018453958                 149.684    1.630

MWIPS                                           6573.765              9.979

Calibrate
       0.00 Seconds          1   Passes (x 100)
       0.01 Seconds          5   Passes (x 100)
       0.04 Seconds         25   Passes (x 100)
       0.19 Seconds        125   Passes (x 100)
       0.95 Seconds        625   Passes (x 100)

Use 6557  passes (x 100)

          Double Precision C/C++ Whetstone Benchmark

Loop content                  Result              MFLOPS      MOPS   Seconds

N1 floating point     -1.12398255667392033      1729.497              0.073
N2 floating point     -1.12187079889294417      2071.196              0.425
N3 if then else        1.00000000000000000                5834.735    0.116
N4 fixed point        12.00000000000000000               18297061000.085    0.000
N5 sin,cos etc.        0.49902937281518261                 145.484    3.750
N6 floating point      0.99999987890802811       992.575              3.563
N7 assignments         3.00000000000000000                2874.369    0.422
N8 exp,sqrt etc.       0.75100163018453958                 149.433    1.632

MWIPS                                           6569.081              9.982


# COUNT0: 6573.765
# COUNT1: 0
# COUNT2: MWIPS
# TIME: 9.979
# elapsed: 11.913860
# pid: 1102591
# status: 0

# COUNT0: 6569.081
# COUNT1: 0
# COUNT2: MWIPS
# TIME: 9.982
# elapsed: 11.915742
# pid: 1102593
# status: 0

#### Pass 8

Calibrate
       0.00 Seconds          1   Passes (x 100)
       0.01 Seconds          5   Passes (x 100)
       0.04 Seconds         25   Passes (x 100)
       0.20 Seconds        125   Passes (x 100)
       0.96 Seconds        625   Passes (x 100)

Use 6537  passes (x 100)

          Double Precision C/C++ Whetstone Benchmark

Loop content                  Result              MFLOPS      MOPS   Seconds

N1 floating point     -1.12398255667392033      1716.919              0.073
N2 floating point     -1.12187079889294417      2065.121              0.425
N3 if then else        1.00000000000000000                5736.693    0.118
N4 fixed point        12.00000000000000000               45042983404.400    0.000
N5 sin,cos etc.        0.49902937281518261                 145.078    3.749
N6 floating point      0.99999987890802811       994.275              3.546
N7 assignments         3.00000000000000000                2862.995    0.422
N8 exp,sqrt etc.       0.75100163018453958                 148.605    1.636

MWIPS                                           6556.633              9.970

Calibrate
       0.00 Seconds          1   Passes (x 100)
       0.01 Seconds          5   Passes (x 100)
       0.04 Seconds         25   Passes (x 100)
       0.20 Seconds        125   Passes (x 100)
       0.96 Seconds        625   Passes (x 100)

Use 6541  passes (x 100)

          Double Precision C/C++ Whetstone Benchmark

Loop content                  Result              MFLOPS      MOPS   Seconds

N1 floating point     -1.12398255667392033      1716.655              0.073
N2 floating point     -1.12187079889294417      2066.006              0.426
N3 if then else        1.00000000000000000                5737.422    0.118
N4 fixed point        12.00000000000000000                   0.000   -0.000
N5 sin,cos etc.        0.49902937281518261                 144.919    3.755
N6 floating point      0.99999987890802811       994.599              3.547
N7 assignments         3.00000000000000000                2863.525    0.422
N8 exp,sqrt etc.       0.75100163018453958                 148.439    1.639

MWIPS                                           6553.660              9.981


# COUNT0: 6553.660
# COUNT1: 0
# COUNT2: MWIPS
# TIME: 9.981
# elapsed: 11.928971
# pid: 1102603
# status: 0

# COUNT0: 6556.633
# COUNT1: 0
# COUNT2: MWIPS
# TIME: 9.970
# elapsed: 11.918072
# pid: 1102605
# status: 0

#### Pass 9

Calibrate
       0.00 Seconds          1   Passes (x 100)
       0.01 Seconds          5   Passes (x 100)
       0.04 Seconds         25   Passes (x 100)
       0.19 Seconds        125   Passes (x 100)
       0.96 Seconds        625   Passes (x 100)

Use 6508  passes (x 100)

          Double Precision C/C++ Whetstone Benchmark

Loop content                  Result              MFLOPS      MOPS   Seconds

N1 floating point     -1.12398255667392033      1724.975              0.072
N2 floating point     -1.12187079889294417      2075.385              0.421
N3 if then else        1.00000000000000000                5721.530    0.118
N4 fixed point        12.00000000000000000                   0.000   -0.000
N5 sin,cos etc.        0.49902937281518261                 146.831    3.688
N6 floating point      0.99999987890802811      1011.230              3.471
N7 assignments         3.00000000000000000                2902.482    0.414
N8 exp,sqrt etc.       0.75100163018453958                 150.321    1.611

MWIPS                                           6643.777              9.796

Calibrate
       0.00 Seconds          1   Passes (x 100)
       0.01 Seconds          5   Passes (x 100)
       0.04 Seconds         25   Passes (x 100)
       0.19 Seconds        125   Passes (x 100)
       0.96 Seconds        625   Passes (x 100)

Use 6511  passes (x 100)

          Double Precision C/C++ Whetstone Benchmark

Loop content                  Result              MFLOPS      MOPS   Seconds

N1 floating point     -1.12398255667392033      1725.714              0.072
N2 floating point     -1.12187079889294417      2075.524              0.422
N3 if then else        1.00000000000000000                5721.736    0.118
N4 fixed point        12.00000000000000000               52097690581.279    0.000
N5 sin,cos etc.        0.49902937281518261                 146.774    3.691
N6 floating point      0.99999987890802811      1011.388              3.472
N7 assignments         3.00000000000000000                2904.613    0.414
N8 exp,sqrt etc.       0.75100163018453958                 150.141    1.613

MWIPS                                           6642.126              9.803


# COUNT0: 6642.126
# COUNT1: 0
# COUNT2: MWIPS
# TIME: 9.803
# elapsed: 11.740972
# pid: 1102615
# status: 0

# COUNT0: 6643.777
# COUNT1: 0
# COUNT2: MWIPS
# TIME: 9.796
# elapsed: 11.734285
# pid: 1102617
# status: 0

#### Pass 10

Calibrate
       0.00 Seconds          1   Passes (x 100)
       0.01 Seconds          5   Passes (x 100)
       0.04 Seconds         25   Passes (x 100)
       0.19 Seconds        125   Passes (x 100)
       0.95 Seconds        625   Passes (x 100)

Use 6560  passes (x 100)

          Double Precision C/C++ Whetstone Benchmark

Loop content                  Result              MFLOPS      MOPS   Seconds

N1 floating point     -1.12398255667392033      1722.986              0.073
N2 floating point     -1.12187079889294417      2061.104              0.428
N3 if then else        1.00000000000000000                5782.912    0.117
N4 fixed point        12.00000000000000000                   0.000   -0.000
N5 sin,cos etc.        0.49902937281518261                 144.459    3.778
N6 floating point      0.99999987890802811       995.296              3.555
N7 assignments         3.00000000000000000                2886.674    0.420
N8 exp,sqrt etc.       0.75100163018453958                 148.584    1.642

MWIPS                                           6550.839             10.014

Calibrate
       0.00 Seconds          1   Passes (x 100)
       0.01 Seconds          5   Passes (x 100)
       0.04 Seconds         25   Passes (x 100)
       0.19 Seconds        125   Passes (x 100)
       0.95 Seconds        625   Passes (x 100)

Use 6562  passes (x 100)

          Double Precision C/C++ Whetstone Benchmark

Loop content                  Result              MFLOPS      MOPS   Seconds

N1 floating point     -1.12398255667392033      1722.795              0.073
N2 floating point     -1.12187079889294417      2061.163              0.428
N3 if then else        1.00000000000000000                5783.392    0.117
N4 fixed point        12.00000000000000000                   0.000   -0.000
N5 sin,cos etc.        0.49902937281518261                 144.518    3.778
N6 floating point      0.99999987890802811       994.987              3.557
N7 assignments         3.00000000000000000                2886.565    0.420
N8 exp,sqrt etc.       0.75100163018453958                 148.749    1.641

MWIPS                                           6552.319             10.015


# COUNT0: 6552.319
# COUNT1: 0
# COUNT2: MWIPS
# TIME: 10.015
# elapsed: 11.956491
# pid: 1102627
# status: 0

# COUNT0: 6550.839
# COUNT1: 0
# COUNT2: MWIPS
# TIME: 10.014
# elapsed: 11.955314
# pid: 1102629
# status: 0

*Dump score:      13103.2
*Dump score:      13110.3
*Dump score:      13134.5
Count score:      13142.8
Count score:      13184.0
Count score:      13192.4
Count score:      13230.1
Count score:      13240.6
Count score:      13255.7
Count score:      13285.9

>>>> Sum of 2 copies
>>>> score: 13218.7158151556
>>>> time: 9.91114285714286
>>>> iterations: 7


########################################################
Execl Throughput -- 2 copies
==> "/mnt/host0/unixbench/UnixBench/pgms/execl" 30 2>&1 >> "/mnt/host0/unixbench/UnixBench/results/uarf-2025-06-03-01.log"

#### Pass 1


# COUNT0: 26610
# COUNT1: 1
# COUNT2: lps
# elapsed: 29.348986
# pid: 1102639
# status: 0

# COUNT0: 26569
# COUNT1: 1
# COUNT2: lps
# elapsed: 29.349792
# pid: 1102641
# status: 0

#### Pass 2


# COUNT0: 27302
# COUNT1: 1
# COUNT2: lps
# elapsed: 29.977834
# pid: 1102652
# status: 0

# COUNT0: 27326
# COUNT1: 1
# COUNT2: lps
# elapsed: 29.977243
# pid: 1102654
# status: 0

#### Pass 3


# COUNT0: 27127
# COUNT1: 1
# COUNT2: lps
# elapsed: 29.975082
# pid: 1102664
# status: 0

# COUNT0: 27128
# COUNT1: 1
# COUNT2: lps
# elapsed: 29.977217
# pid: 1102665
# status: 0

*Dump score:      53179.0
Count score:      54255.0
Count score:      54628.0

>>>> Sum of 2 copies
>>>> score: 1816.10781200218
>>>> time: 29.976844
>>>> iterations: 2


########################################################
File Copy 1024 bufsize 2000 maxblocks -- 2 copies
==> "/mnt/host0/unixbench/UnixBench/pgms/fstime" -c -t 30 -d "/mnt/host0/unixbench/UnixBench/tmp" -b 1024 -m 2000 2>&1 >> "/mnt/host0/unixbench/UnixBench/results/uarf-2025-06-03-01.log"

#### Pass 1

Write done: 120000 in 2.0461, score 14661
Read done: 107196 in 2.0001, score 13399
Copy done: 816380 in 30.0001, score 6803
Write done: 120000 in 2.0493, score 14639
Read done: 104540 in 2.0000, score 13067
Copy done: 817760 in 30.0000, score 6814

# COUNT0: 6814
# COUNT1: 0
# COUNT2: KBps
# TIME: 30.0
# elapsed: 45.074852
# pid: 1102676
# status: 0

# COUNT0: 6803
# COUNT1: 0
# COUNT2: KBps
# TIME: 30.0
# elapsed: 45.071217
# pid: 1102678
# status: 0

#### Pass 2

Write done: 112000 in 2.0397, score 13727
Read done: 104464 in 2.0001, score 13057
Copy done: 812548 in 30.0001, score 6771
Write done: 112000 in 2.0586, score 13601
Read done: 105008 in 2.0001, score 13125
Copy done: 813488 in 30.0002, score 6779

# COUNT0: 6771
# COUNT1: 0
# COUNT2: KBps
# TIME: 30.0
# elapsed: 45.065605
# pid: 1102688
# status: 0

# COUNT0: 6779
# COUNT1: 0
# COUNT2: KBps
# TIME: 30.0
# elapsed: 45.082016
# pid: 1102690
# status: 0

#### Pass 3

Write done: 112000 in 2.0243, score 13832
Read done: 119232 in 2.0001, score 14903
Copy done: 836320 in 30.0001, score 6969
Write done: 112000 in 2.0336, score 13768
Read done: 119488 in 2.0001, score 14935
Copy done: 835752 in 30.0001, score 6964

# COUNT0: 6969
# COUNT1: 0
# COUNT2: KBps
# TIME: 30.0
# elapsed: 45.054518
# pid: 1102700
# status: 0

# COUNT0: 6964
# COUNT1: 0
# COUNT2: KBps
# TIME: 30.0
# elapsed: 45.062721
# pid: 1102702
# status: 0

*Dump score:      13550.0
Count score:      13617.0
Count score:      13933.0

>>>> Sum of 2 copies
>>>> score: 13774.0938358935
>>>> time: 30
>>>> iterations: 2


########################################################
File Copy 256 bufsize 500 maxblocks -- 2 copies
==> "/mnt/host0/unixbench/UnixBench/pgms/fstime" -c -t 30 -d "/mnt/host0/unixbench/UnixBench/tmp" -b 256 -m 500 2>&1 >> "/mnt/host0/unixbench/UnixBench/results/uarf-2025-06-03-01.log"

#### Pass 1

Write done: 30000 in 2.0497, score 3658
Read done: 29629 in 2.0001, score 3703
Copy done: 211953 in 30.0001, score 1766
Write done: 30000 in 2.0563, score 3647
Read done: 29807 in 2.0000, score 3725
Copy done: 212368 in 30.0001, score 1769

# COUNT0: 1769
# COUNT1: 0
# COUNT2: KBps
# TIME: 30.0
# elapsed: 45.079179
# pid: 1102712
# status: 0

# COUNT0: 1766
# COUNT1: 0
# COUNT2: KBps
# TIME: 30.0
# elapsed: 45.072650
# pid: 1102714
# status: 0

#### Pass 2

Write done: 28000 in 2.0868, score 3354
Read done: 28318 in 2.0001, score 3539
Copy done: 205134 in 30.0001, score 1709
Write done: 28000 in 2.0962, score 3339
Read done: 28650 in 2.0001, score 3581
Copy done: 205911 in 30.0001, score 1715

# COUNT0: 1709
# COUNT1: 0
# COUNT2: KBps
# TIME: 30.0
# elapsed: 45.111221
# pid: 1102724
# status: 0

# COUNT0: 1715
# COUNT1: 0
# COUNT2: KBps
# TIME: 30.0
# elapsed: 45.119488
# pid: 1102726
# status: 0

#### Pass 3

Write done: 28000 in 2.0124, score 3478
Read done: 30242 in 2.0000, score 3780
Copy done: 211384 in 30.0001, score 1761
Write done: 28000 in 2.0319, score 3445
Read done: 30575 in 2.0000, score 3821
Copy done: 211683 in 30.0001, score 1764

# COUNT0: 1764
# COUNT1: 0
# COUNT2: KBps
# TIME: 30.0
# elapsed: 45.055687
# pid: 1102737
# status: 0

# COUNT0: 1761
# COUNT1: 0
# COUNT2: KBps
# TIME: 30.0
# elapsed: 45.036689
# pid: 1102739
# status: 0

*Dump score:       3424.0
Count score:       3525.0
Count score:       3535.0

>>>> Sum of 2 copies
>>>> score: 3529.99645892174
>>>> time: 30
>>>> iterations: 2


########################################################
File Copy 4096 bufsize 8000 maxblocks -- 2 copies
==> "/mnt/host0/unixbench/UnixBench/pgms/fstime" -c -t 30 -d "/mnt/host0/unixbench/UnixBench/tmp" -b 4096 -m 8000 2>&1 >> "/mnt/host0/unixbench/UnixBench/results/uarf-2025-06-03-01.log"

#### Pass 1

Write done: 448000 in 2.0813, score 53812
Read done: 414976 in 2.0001, score 51870
Copy done: 3080512 in 30.0001, score 25670
Write done: 448000 in 2.0795, score 53859
Read done: 406272 in 2.0000, score 50782
Copy done: 3079536 in 30.0003, score 25662

# COUNT0: 25670
# COUNT1: 0
# COUNT2: KBps
# TIME: 30.0
# elapsed: 45.108254
# pid: 1102749
# status: 0

# COUNT0: 25662
# COUNT1: 0
# COUNT2: KBps
# TIME: 30.0
# elapsed: 45.110377
# pid: 1102751
# status: 0

#### Pass 2

Write done: 416000 in 2.1197, score 49064
Read done: 410224 in 2.0001, score 51276
Copy done: 3049120 in 30.0001, score 25409
Write done: 416000 in 2.1240, score 48965
Read done: 401424 in 2.0000, score 50177
Copy done: 3043536 in 30.0003, score 25362

# COUNT0: 25362
# COUNT1: 0
# COUNT2: KBps
# TIME: 30.0
# elapsed: 45.154450
# pid: 1102761
# status: 0

# COUNT0: 25409
# COUNT1: 0
# COUNT2: KBps
# TIME: 30.0
# elapsed: 45.148456
# pid: 1102763
# status: 0

#### Pass 3

Write done: 448000 in 2.1869, score 51214
Read done: 427248 in 2.0000, score 53404
Copy done: 3005408 in 30.0001, score 25044
Write done: 448000 in 2.1934, score 51062
Read done: 435872 in 2.0000, score 54482
Copy done: 3004416 in 30.0016, score 25035

# COUNT0: 25044
# COUNT1: 0
# COUNT2: KBps
# TIME: 30.0
# elapsed: 45.218078
# pid: 1102773
# status: 0

# COUNT0: 25035
# COUNT1: 0
# COUNT2: KBps
# TIME: 30.0
# elapsed: 45.222961
# pid: 1102775
# status: 0

*Dump score:      50079.0
Count score:      50771.0
Count score:      51332.0

>>>> Sum of 2 copies
>>>> score: 51050.7293973358
>>>> time: 30
>>>> iterations: 2


########################################################
Pipe Throughput -- 2 copies
==> "/mnt/host0/unixbench/UnixBench/pgms/pipe" 10 2>&1 >> "/mnt/host0/unixbench/UnixBench/results/uarf-2025-06-03-01.log"

#### Pass 1


# COUNT0: 16519163
# COUNT1: 1
# COUNT2: lps
# elapsed: 10.007640
# pid: 1102785
# status: 0

# COUNT0: 16524843
# COUNT1: 1
# COUNT2: lps
# elapsed: 10.007732
# pid: 1102787
# status: 0

#### Pass 2


# COUNT0: 16453044
# COUNT1: 1
# COUNT2: lps
# elapsed: 10.008036
# pid: 1102797
# status: 0

# COUNT0: 16459548
# COUNT1: 1
# COUNT2: lps
# elapsed: 10.007684
# pid: 1102799
# status: 0

#### Pass 3


# COUNT0: 16665347
# COUNT1: 1
# COUNT2: lps
# elapsed: 10.007891
# pid: 1102809
# status: 0

# COUNT0: 16667772
# COUNT1: 1
# COUNT2: lps
# elapsed: 10.007610
# pid: 1102811
# status: 0

#### Pass 4


# COUNT0: 16663561
# COUNT1: 1
# COUNT2: lps
# elapsed: 10.008643
# pid: 1102821
# status: 0

# COUNT0: 16662295
# COUNT1: 1
# COUNT2: lps
# elapsed: 10.007768
# pid: 1102823
# status: 0

#### Pass 5


# COUNT0: 16671921
# COUNT1: 1
# COUNT2: lps
# elapsed: 10.008191
# pid: 1102833
# status: 0

# COUNT0: 16673896
# COUNT1: 1
# COUNT2: lps
# elapsed: 10.007755
# pid: 1102835
# status: 0

#### Pass 6


# COUNT0: 16066862
# COUNT1: 1
# COUNT2: lps
# elapsed: 10.007108
# pid: 1102845
# status: 0

# COUNT0: 16065269
# COUNT1: 1
# COUNT2: lps
# elapsed: 10.006789
# pid: 1102847
# status: 0

#### Pass 7


# COUNT0: 16595254
# COUNT1: 1
# COUNT2: lps
# elapsed: 10.007355
# pid: 1102857
# status: 0

# COUNT0: 16593590
# COUNT1: 1
# COUNT2: lps
# elapsed: 10.007110
# pid: 1102859
# status: 0

#### Pass 8


# COUNT0: 16720527
# COUNT1: 1
# COUNT2: lps
# elapsed: 10.007399
# pid: 1102869
# status: 0

# COUNT0: 16725434
# COUNT1: 1
# COUNT2: lps
# elapsed: 10.006972
# pid: 1102871
# status: 0

#### Pass 9


# COUNT0: 16701260
# COUNT1: 1
# COUNT2: lps
# elapsed: 10.007496
# pid: 1102881
# status: 0

# COUNT0: 16706914
# COUNT1: 1
# COUNT2: lps
# elapsed: 10.007180
# pid: 1102883
# status: 0

#### Pass 10


# COUNT0: 16608192
# COUNT1: 1
# COUNT2: lps
# elapsed: 10.007275
# pid: 1102893
# status: 0

# COUNT0: 16609241
# COUNT1: 1
# COUNT2: lps
# elapsed: 10.006507
# pid: 1102895
# status: 0

*Dump score:   32132131.0
*Dump score:   32912592.0
*Dump score:   33044006.0
Count score:   33188844.0
Count score:   33217433.0
Count score:   33325856.0
Count score:   33333119.0
Count score:   33345817.0
Count score:   33408174.0
Count score:   33445961.0

>>>> Sum of 2 copies
>>>> score: 3329847.87683911
>>>> time: 10.0075108571429
>>>> iterations: 7


########################################################
Pipe-based Context Switching -- 2 copies
==> "/mnt/host0/unixbench/UnixBench/pgms/context1" 10 2>&1 >> "/mnt/host0/unixbench/UnixBench/results/uarf-2025-06-03-01.log"

#### Pass 1


# COUNT0: 2445736
# COUNT1: 1
# COUNT2: lps
# elapsed: 10.006748
# pid: 1102906
# status: 0

# COUNT0: 2443250
# COUNT1: 1
# COUNT2: lps
# elapsed: 10.006557
# pid: 1102908
# status: 0

#### Pass 2


# COUNT0: 2389287
# COUNT1: 1
# COUNT2: lps
# elapsed: 10.007161
# pid: 1102920
# status: 0

# COUNT0: 2380294
# COUNT1: 1
# COUNT2: lps
# elapsed: 10.007381
# pid: 1102922
# status: 0

#### Pass 3


# COUNT0: 2396858
# COUNT1: 1
# COUNT2: lps
# elapsed: 10.007569
# pid: 1102934
# status: 0

# COUNT0: 2407410
# COUNT1: 1
# COUNT2: lps
# elapsed: 10.006670
# pid: 1102936
# status: 0

#### Pass 4


# COUNT0: 2370826
# COUNT1: 1
# COUNT2: lps
# elapsed: 10.007159
# pid: 1102948
# status: 0

# COUNT0: 2392147
# COUNT1: 1
# COUNT2: lps
# elapsed: 10.006961
# pid: 1102950
# status: 0

#### Pass 5


# COUNT0: 2406313
# COUNT1: 1
# COUNT2: lps
# elapsed: 10.008230
# pid: 1102962
# status: 0

# COUNT0: 2414224
# COUNT1: 1
# COUNT2: lps
# elapsed: 10.007017
# pid: 1102964
# status: 0

#### Pass 6


# COUNT0: 2401270
# COUNT1: 1
# COUNT2: lps
# elapsed: 10.007933
# pid: 1102976
# status: 0

# COUNT0: 2384367
# COUNT1: 1
# COUNT2: lps
# elapsed: 10.006788
# pid: 1102978
# status: 0

#### Pass 7


# COUNT0: 2439453
# COUNT1: 1
# COUNT2: lps
# elapsed: 10.006700
# pid: 1102990
# status: 0

# COUNT0: 2433857
# COUNT1: 1
# COUNT2: lps
# elapsed: 10.007347
# pid: 1102992
# status: 0

#### Pass 8


# COUNT0: 2448249
# COUNT1: 1
# COUNT2: lps
# elapsed: 10.007429
# pid: 1103004
# status: 0

# COUNT0: 2447057
# COUNT1: 1
# COUNT2: lps
# elapsed: 10.008234
# pid: 1103006
# status: 0

#### Pass 9


# COUNT0: 2412352
# COUNT1: 1
# COUNT2: lps
# elapsed: 10.008242
# pid: 1103018
# status: 0

# COUNT0: 2421431
# COUNT1: 1
# COUNT2: lps
# elapsed: 10.006507
# pid: 1103020
# status: 0

#### Pass 10


# COUNT0: 2410560
# COUNT1: 1
# COUNT2: lps
# elapsed: 10.007463
# pid: 1103032
# status: 0

# COUNT0: 2401125
# COUNT1: 1
# COUNT2: lps
# elapsed: 10.006788
# pid: 1103034
# status: 0

*Dump score:    4762973.0
*Dump score:    4769581.0
*Dump score:    4785637.0
Count score:    4804268.0
Count score:    4811685.0
Count score:    4820537.0
Count score:    4833783.0
Count score:    4873310.0
Count score:    4888986.0
Count score:    4895306.0

>>>> Sum of 2 copies
>>>> score: 484319.931550868
>>>> time: 10.0072500714286
>>>> iterations: 7


########################################################
Process Creation -- 2 copies
==> "/mnt/host0/unixbench/UnixBench/pgms/spawn" 30 2>&1 >> "/mnt/host0/unixbench/UnixBench/results/uarf-2025-06-03-01.log"

#### Pass 1


# COUNT0: 344996
# COUNT1: 1
# COUNT2: lps
# elapsed: 30.007393
# pid: 1103092
# status: 0

# COUNT0: 344702
# COUNT1: 1
# COUNT2: lps
# elapsed: 30.007032
# pid: 1103094
# status: 0

#### Pass 2


# COUNT0: 336177
# COUNT1: 1
# COUNT2: lps
# elapsed: 30.007393
# pid: 1792804
# status: 0

# COUNT0: 336093
# COUNT1: 1
# COUNT2: lps
# elapsed: 30.006591
# pid: 1792806
# status: 0

#### Pass 3


# COUNT0: 336043
# COUNT1: 1
# COUNT2: lps
# elapsed: 30.007764
# pid: 2465088
# status: 0

# COUNT0: 335812
# COUNT1: 1
# COUNT2: lps
# elapsed: 30.006782
# pid: 2465090
# status: 0

*Dump score:     671855.0
Count score:     672270.0
Count score:     689698.0

>>>> Sum of 2 copies
>>>> score: 22692.2359597872
>>>> time: 30.00710225
>>>> iterations: 2


########################################################
System Call Overhead -- 2 copies
==> "/mnt/host0/unixbench/UnixBench/pgms/syscall" 10 2>&1 >> "/mnt/host0/unixbench/UnixBench/results/uarf-2025-06-03-01.log"

#### Pass 1


# COUNT0: 20094772
# COUNT1: 1
# COUNT2: lps
# elapsed: 10.007053
# pid: 3136957
# status: 0

# COUNT0: 20094399
# COUNT1: 1
# COUNT2: lps
# elapsed: 10.007337
# pid: 3136959
# status: 0

#### Pass 2


# COUNT0: 20269921
# COUNT1: 1
# COUNT2: lps
# elapsed: 10.007222
# pid: 3136969
# status: 0

# COUNT0: 20265024
# COUNT1: 1
# COUNT2: lps
# elapsed: 10.006365
# pid: 3136971
# status: 0

#### Pass 3


# COUNT0: 20290023
# COUNT1: 1
# COUNT2: lps
# elapsed: 10.007410
# pid: 3136981
# status: 0

# COUNT0: 20290253
# COUNT1: 1
# COUNT2: lps
# elapsed: 10.006631
# pid: 3136983
# status: 0

#### Pass 4


# COUNT0: 20244849
# COUNT1: 1
# COUNT2: lps
# elapsed: 10.008017
# pid: 3136993
# status: 0

# COUNT0: 20242280
# COUNT1: 1
# COUNT2: lps
# elapsed: 10.006610
# pid: 3136995
# status: 0

#### Pass 5


# COUNT0: 20278849
# COUNT1: 1
# COUNT2: lps
# elapsed: 10.007192
# pid: 3137005
# status: 0

# COUNT0: 20285162
# COUNT1: 1
# COUNT2: lps
# elapsed: 10.006863
# pid: 3137007
# status: 0

#### Pass 6


# COUNT0: 20134401
# COUNT1: 1
# COUNT2: lps
# elapsed: 10.007408
# pid: 3137017
# status: 0

# COUNT0: 20139535
# COUNT1: 1
# COUNT2: lps
# elapsed: 10.007078
# pid: 3137019
# status: 0

#### Pass 7


# COUNT0: 20158619
# COUNT1: 1
# COUNT2: lps
# elapsed: 10.007471
# pid: 3137029
# status: 0

# COUNT0: 20138844
# COUNT1: 1
# COUNT2: lps
# elapsed: 10.007091
# pid: 3137031
# status: 0

#### Pass 8


# COUNT0: 20291953
# COUNT1: 1
# COUNT2: lps
# elapsed: 10.007442
# pid: 3137041
# status: 0

# COUNT0: 20296564
# COUNT1: 1
# COUNT2: lps
# elapsed: 10.006945
# pid: 3137043
# status: 0

#### Pass 9


# COUNT0: 20105105
# COUNT1: 1
# COUNT2: lps
# elapsed: 10.007931
# pid: 3137054
# status: 0

# COUNT0: 20103698
# COUNT1: 1
# COUNT2: lps
# elapsed: 10.006865
# pid: 3137055
# status: 0

#### Pass 10


# COUNT0: 20065167
# COUNT1: 1
# COUNT2: lps
# elapsed: 10.007494
# pid: 3137066
# status: 0

# COUNT0: 20062196
# COUNT1: 1
# COUNT2: lps
# elapsed: 10.006926
# pid: 3137068
# status: 0

*Dump score:   40127363.0
*Dump score:   40189171.0
*Dump score:   40208803.0
Count score:   40273936.0
Count score:   40297463.0
Count score:   40487129.0
Count score:   40534945.0
Count score:   40564011.0
Count score:   40580276.0
Count score:   40588517.0

>>>> Sum of 2 copies
>>>> score: 4044617.58311143
>>>> time: 10.0071246428571
>>>> iterations: 7


########################################################
Shell Scripts (1 concurrent) -- 2 copies
==> "/mnt/host0/unixbench/UnixBench/pgms/looper" 60 "/mnt/host0/unixbench/UnixBench/pgms/multi.sh" 1 2>&1 >> "/mnt/host0/unixbench/UnixBench/results/uarf-2025-06-03-01.log"

#### Pass 1


# COUNT0: 2052
# COUNT1: 60
# COUNT2: lpm
# elapsed: 60.018891
# pid: 3137078
# status: 0

# COUNT0: 2055
# COUNT1: 60
# COUNT2: lpm
# elapsed: 60.020662
# pid: 3137080
# status: 0

#### Pass 2


# COUNT0: 2057
# COUNT1: 60
# COUNT2: lpm
# elapsed: 60.029290
# pid: 3174071
# status: 0

# COUNT0: 2056
# COUNT1: 60
# COUNT2: lpm
# elapsed: 60.030632
# pid: 3174073
# status: 0

#### Pass 3


# COUNT0: 2046
# COUNT1: 60
# COUNT2: lpm
# elapsed: 60.018766
# pid: 3211119
# status: 0

# COUNT0: 2047
# COUNT1: 60
# COUNT2: lpm
# elapsed: 60.026839
# pid: 3211121
# status: 0

*Dump score:       4093.0
Count score:       4107.0
Count score:       4113.0

>>>> Sum of 2 copies
>>>> score: 4108.29611674847
>>>> time: 60.02486875
>>>> iterations: 2


########################################################
Shell Scripts (8 concurrent) -- 2 copies
==> "/mnt/host0/unixbench/UnixBench/pgms/looper" 60 "/mnt/host0/unixbench/UnixBench/pgms/multi.sh" 8 2>&1 >> "/mnt/host0/unixbench/UnixBench/results/uarf-2025-06-03-01.log"

#### Pass 1


# COUNT0: 335
# COUNT1: 60
# COUNT2: lpm
# elapsed: 60.170711
# pid: 3247986
# status: 0

# COUNT0: 335
# COUNT1: 60
# COUNT2: lpm
# elapsed: 60.167444
# pid: 3247987
# status: 0

#### Pass 2


# COUNT0: 336
# COUNT1: 60
# COUNT2: lpm
# elapsed: 60.053997
# pid: 3291678
# status: 0

# COUNT0: 336
# COUNT1: 60
# COUNT2: lpm
# elapsed: 60.061505
# pid: 3291680
# status: 0

#### Pass 3


# COUNT0: 335
# COUNT1: 60
# COUNT2: lpm
# elapsed: 60.177608
# pid: 3335501
# status: 0

# COUNT0: 335
# COUNT1: 60
# COUNT2: lpm
# elapsed: 60.178849
# pid: 3335503
# status: 0

*Dump score:        670.0
Count score:        670.0
Count score:        672.0

>>>> Sum of 2 copies
>>>> score: 669.682663524712
>>>> time: 60.11798975
>>>> iterations: 2

